[0.036s] Invoking command in '/home/a/ws_moveit2/build/moveit_hybrid_planning': AMENT_PREFIX_PATH=/home/a/ws_moveit2/install/moveit_ros_planning_interface:/home/a/ws_moveit2/install/moveit_ros_move_group:/home/a/ws_moveit2/install/moveit_ros_warehouse:/home/a/ws_moveit2/install/moveit_planners_ompl:/home/a/ws_moveit2/install/moveit_kinematics:/home/a/ws_moveit2/install/moveit_ros_planning:/home/a/ws_moveit2/install/moveit_simple_controller_manager:/home/a/ws_moveit2/install/moveit_ros_occupancy_map_monitor:/home/a/ws_moveit2/install/moveit_core:/home/a/ws_moveit2/install/moveit_resources_panda_moveit_config:/home/a/ws_moveit2/install/moveit_resources_fanuc_moveit_config:/home/a/ws_moveit2/install/moveit_configs_utils:/home/a/ws_moveit2/install/srdfdom:/home/a/ws_moveit2/install/moveit_resources_pr2_description:/home/a/ws_moveit2/install/moveit_resources_panda_description:/home/a/ws_moveit2/install/moveit_resources_fanuc_description:/home/a/ws_moveit2/install/moveit_common:/home/a/ws_moveit2/install/launch_param_builder:${AMENT_PREFIX_PATH} CMAKE_PREFIX_PATH=/home/a/ws_moveit2/install/moveit_ros_planning_interface:/home/a/ws_moveit2/install/moveit_ros_move_group:/home/a/ws_moveit2/install/moveit_ros_warehouse:/home/a/ws_moveit2/install/moveit_planners_ompl:/home/a/ws_moveit2/install/moveit_kinematics:/home/a/ws_moveit2/install/moveit_ros_planning:/home/a/ws_moveit2/install/moveit_simple_controller_manager:/home/a/ws_moveit2/install/moveit_ros_occupancy_map_monitor:/home/a/ws_moveit2/install/moveit_core:/home/a/ws_moveit2/install/moveit_resources_panda_moveit_config:/home/a/ws_moveit2/install/moveit_resources_fanuc_moveit_config:/home/a/ws_moveit2/install/srdfdom:/home/a/ws_moveit2/install/moveit_resources_pr2_description:/home/a/ws_moveit2/install/moveit_resources_panda_description:/home/a/ws_moveit2/install/moveit_resources_fanuc_description:/home/a/ws_moveit2/install/moveit_common:/opt/ros/humble LD_LIBRARY_PATH=/home/a/ws_moveit2/install/moveit_ros_planning_interface/lib:/home/a/ws_moveit2/install/moveit_ros_move_group/lib:/home/a/ws_moveit2/install/moveit_ros_warehouse/lib:/home/a/ws_moveit2/install/moveit_planners_ompl/lib:/home/a/ws_moveit2/install/moveit_kinematics/lib:/home/a/ws_moveit2/install/moveit_ros_planning/lib:/home/a/ws_moveit2/install/moveit_simple_controller_manager/lib:/home/a/ws_moveit2/install/moveit_ros_occupancy_map_monitor/lib:/home/a/ws_moveit2/install/moveit_core/lib:/home/a/ws_moveit2/install/srdfdom/lib:${LD_LIBRARY_PATH} PATH=/home/a/ws_moveit2/install/moveit_core/bin:${PATH} PYTHONPATH=/home/a/ws_moveit2/install/moveit_configs_utils/lib/python3.10/site-packages:/home/a/ws_moveit2/install/srdfdom/local/lib/python3.10/dist-packages:/home/a/ws_moveit2/install/launch_param_builder/lib/python3.10/site-packages:${PYTHONPATH} /usr/bin/cmake /home/a/ws_moveit2/src/moveit2/moveit_ros/hybrid_planning -DCMAKE_INSTALL_PREFIX=/home/a/ws_moveit2/install/moveit_hybrid_planning
[0.045s] -- Found moveit_common: 2.5.9 (/home/a/ws_moveit2/install/moveit_common/share/moveit_common/cmake)
[0.045s] -- Found ament_cmake: 1.3.12 (/opt/ros/humble/share/ament_cmake/cmake)
[0.170s] -- Found moveit_core: 2.5.9 (/home/a/ws_moveit2/install/moveit_core/share/moveit_core/cmake)
[0.182s] -- Found Boost: /usr/lib/x86_64-linux-gnu/cmake/Boost-1.74.0/BoostConfig.cmake (found version "1.74.0") found components: chrono date_time filesystem iostreams program_options regex serialization system thread 
[0.201s] -- Found parameter_traits: 0.5.0 (/opt/ros/humble/share/parameter_traits/cmake)
[0.215s] -- Found rosidl_generator_c: 3.1.7 (/opt/ros/humble/share/rosidl_generator_c/cmake)
[0.216s] -- Found rosidl_adapter: 3.1.7 (/opt/ros/humble/share/rosidl_adapter/cmake)
[0.220s] -- Found rosidl_generator_cpp: 3.1.7 (/opt/ros/humble/share/rosidl_generator_cpp/cmake)
[0.227s] -- Using all available rosidl_typesupport_c: rosidl_typesupport_fastrtps_c;rosidl_typesupport_introspection_c
[0.239s] -- Using all available rosidl_typesupport_cpp: rosidl_typesupport_fastrtps_cpp;rosidl_typesupport_introspection_cpp
[0.258s] -- Found rmw_implementation_cmake: 6.1.2 (/opt/ros/humble/share/rmw_implementation_cmake/cmake)
[0.259s] -- Found rmw_fastrtps_cpp: 6.2.8 (/opt/ros/humble/share/rmw_fastrtps_cpp/cmake)
[0.329s] -- Using RMW implementation 'rmw_fastrtps_cpp' as default
[0.366s] -- Found rclcpp_lifecycle: 16.0.14 (/opt/ros/humble/share/rclcpp_lifecycle/cmake)
[0.382s] -- Found Boost: /usr/lib/x86_64-linux-gnu/cmake/Boost-1.74.0/BoostConfig.cmake (found version "1.74.0") found components: filesystem 
[0.419s] -- library: /usr/lib/x86_64-linux-gnu/libcurl.so
[0.453s] -- Ensuring Eigen3 include directory is part of orocos-kdl CMake target
[0.574s] -- Found moveit_ros_planning: 2.5.9 (/home/a/ws_moveit2/install/moveit_ros_planning/share/moveit_ros_planning/cmake)
[0.577s] -- Found Boost: /usr/lib/x86_64-linux-gnu/cmake/Boost-1.74.0/BoostConfig.cmake (found version "1.74.0") found components: system filesystem date_time program_options thread chrono 
[0.591s] -- Found moveit_ros_planning_interface: 2.5.9 (/home/a/ws_moveit2/install/moveit_ros_planning_interface/share/moveit_ros_planning_interface/cmake)
[0.594s] -- Found Boost: /usr/lib/x86_64-linux-gnu/cmake/Boost-1.74.0/BoostConfig.cmake (found version "1.74.0") found components: date_time filesystem program_options system thread 
[0.602s] -- Found Boost: /usr/lib/x86_64-linux-gnu/cmake/Boost-1.74.0/BoostConfig.cmake (found version "1.74.0") found components: thread system filesystem regex date_time program_options 
[0.614s] -- Found Boost: /usr/lib/x86_64-linux-gnu/cmake/Boost-1.74.0/BoostConfig.cmake (found version "1.74.0") found components: system filesystem date_time program_options thread 
[0.704s] -- Found ament_lint_auto: 0.12.14 (/opt/ros/humble/share/ament_lint_auto/cmake)
[0.704s] -- Found ament_cmake_gtest: 1.3.12 (/opt/ros/humble/share/ament_cmake_gtest/cmake)
[0.704s] -- Found ros_testing: 0.4.0 (/opt/ros/humble/share/ros_testing/cmake)
[0.705s] -- Found launch_testing_ament_cmake: 1.0.10 (/opt/ros/humble/share/launch_testing_ament_cmake/cmake)
[0.705s] -- Found python_cmake_module: 0.10.0 (/opt/ros/humble/share/python_cmake_module/cmake)
[0.722s] -- Using PYTHON_EXECUTABLE: /usr/bin/python3
[0.722s] -- Using PYTHON_INCLUDE_DIRS: /usr/include/python3.10
[0.722s] -- Using PYTHON_LIBRARIES: /usr/lib/x86_64-linux-gnu/libpython3.10.so
[0.725s] -- Found Boost: /usr/lib/x86_64-linux-gnu/cmake/Boost-1.74.0/BoostConfig.cmake (found version "1.74.0") found components: filesystem 
[0.749s] -- Configuring done
[0.899s] -- Generating done
[0.932s] -- Build files have been written to: /home/a/ws_moveit2/build/moveit_hybrid_planning
[0.945s] Invoked command in '/home/a/ws_moveit2/build/moveit_hybrid_planning' returned '0': AMENT_PREFIX_PATH=/home/a/ws_moveit2/install/moveit_ros_planning_interface:/home/a/ws_moveit2/install/moveit_ros_move_group:/home/a/ws_moveit2/install/moveit_ros_warehouse:/home/a/ws_moveit2/install/moveit_planners_ompl:/home/a/ws_moveit2/install/moveit_kinematics:/home/a/ws_moveit2/install/moveit_ros_planning:/home/a/ws_moveit2/install/moveit_simple_controller_manager:/home/a/ws_moveit2/install/moveit_ros_occupancy_map_monitor:/home/a/ws_moveit2/install/moveit_core:/home/a/ws_moveit2/install/moveit_resources_panda_moveit_config:/home/a/ws_moveit2/install/moveit_resources_fanuc_moveit_config:/home/a/ws_moveit2/install/moveit_configs_utils:/home/a/ws_moveit2/install/srdfdom:/home/a/ws_moveit2/install/moveit_resources_pr2_description:/home/a/ws_moveit2/install/moveit_resources_panda_description:/home/a/ws_moveit2/install/moveit_resources_fanuc_description:/home/a/ws_moveit2/install/moveit_common:/home/a/ws_moveit2/install/launch_param_builder:${AMENT_PREFIX_PATH} CMAKE_PREFIX_PATH=/home/a/ws_moveit2/install/moveit_ros_planning_interface:/home/a/ws_moveit2/install/moveit_ros_move_group:/home/a/ws_moveit2/install/moveit_ros_warehouse:/home/a/ws_moveit2/install/moveit_planners_ompl:/home/a/ws_moveit2/install/moveit_kinematics:/home/a/ws_moveit2/install/moveit_ros_planning:/home/a/ws_moveit2/install/moveit_simple_controller_manager:/home/a/ws_moveit2/install/moveit_ros_occupancy_map_monitor:/home/a/ws_moveit2/install/moveit_core:/home/a/ws_moveit2/install/moveit_resources_panda_moveit_config:/home/a/ws_moveit2/install/moveit_resources_fanuc_moveit_config:/home/a/ws_moveit2/install/srdfdom:/home/a/ws_moveit2/install/moveit_resources_pr2_description:/home/a/ws_moveit2/install/moveit_resources_panda_description:/home/a/ws_moveit2/install/moveit_resources_fanuc_description:/home/a/ws_moveit2/install/moveit_common:/opt/ros/humble LD_LIBRARY_PATH=/home/a/ws_moveit2/install/moveit_ros_planning_interface/lib:/home/a/ws_moveit2/install/moveit_ros_move_group/lib:/home/a/ws_moveit2/install/moveit_ros_warehouse/lib:/home/a/ws_moveit2/install/moveit_planners_ompl/lib:/home/a/ws_moveit2/install/moveit_kinematics/lib:/home/a/ws_moveit2/install/moveit_ros_planning/lib:/home/a/ws_moveit2/install/moveit_simple_controller_manager/lib:/home/a/ws_moveit2/install/moveit_ros_occupancy_map_monitor/lib:/home/a/ws_moveit2/install/moveit_core/lib:/home/a/ws_moveit2/install/srdfdom/lib:${LD_LIBRARY_PATH} PATH=/home/a/ws_moveit2/install/moveit_core/bin:${PATH} PYTHONPATH=/home/a/ws_moveit2/install/moveit_configs_utils/lib/python3.10/site-packages:/home/a/ws_moveit2/install/srdfdom/local/lib/python3.10/dist-packages:/home/a/ws_moveit2/install/launch_param_builder/lib/python3.10/site-packages:${PYTHONPATH} /usr/bin/cmake /home/a/ws_moveit2/src/moveit2/moveit_ros/hybrid_planning -DCMAKE_INSTALL_PREFIX=/home/a/ws_moveit2/install/moveit_hybrid_planning
[0.946s] Invoking command in '/home/a/ws_moveit2/build/moveit_hybrid_planning': AMENT_PREFIX_PATH=/home/a/ws_moveit2/install/moveit_ros_planning_interface:/home/a/ws_moveit2/install/moveit_ros_move_group:/home/a/ws_moveit2/install/moveit_ros_warehouse:/home/a/ws_moveit2/install/moveit_planners_ompl:/home/a/ws_moveit2/install/moveit_kinematics:/home/a/ws_moveit2/install/moveit_ros_planning:/home/a/ws_moveit2/install/moveit_simple_controller_manager:/home/a/ws_moveit2/install/moveit_ros_occupancy_map_monitor:/home/a/ws_moveit2/install/moveit_core:/home/a/ws_moveit2/install/moveit_resources_panda_moveit_config:/home/a/ws_moveit2/install/moveit_resources_fanuc_moveit_config:/home/a/ws_moveit2/install/moveit_configs_utils:/home/a/ws_moveit2/install/srdfdom:/home/a/ws_moveit2/install/moveit_resources_pr2_description:/home/a/ws_moveit2/install/moveit_resources_panda_description:/home/a/ws_moveit2/install/moveit_resources_fanuc_description:/home/a/ws_moveit2/install/moveit_common:/home/a/ws_moveit2/install/launch_param_builder:${AMENT_PREFIX_PATH} CMAKE_PREFIX_PATH=/home/a/ws_moveit2/install/moveit_ros_planning_interface:/home/a/ws_moveit2/install/moveit_ros_move_group:/home/a/ws_moveit2/install/moveit_ros_warehouse:/home/a/ws_moveit2/install/moveit_planners_ompl:/home/a/ws_moveit2/install/moveit_kinematics:/home/a/ws_moveit2/install/moveit_ros_planning:/home/a/ws_moveit2/install/moveit_simple_controller_manager:/home/a/ws_moveit2/install/moveit_ros_occupancy_map_monitor:/home/a/ws_moveit2/install/moveit_core:/home/a/ws_moveit2/install/moveit_resources_panda_moveit_config:/home/a/ws_moveit2/install/moveit_resources_fanuc_moveit_config:/home/a/ws_moveit2/install/srdfdom:/home/a/ws_moveit2/install/moveit_resources_pr2_description:/home/a/ws_moveit2/install/moveit_resources_panda_description:/home/a/ws_moveit2/install/moveit_resources_fanuc_description:/home/a/ws_moveit2/install/moveit_common:/opt/ros/humble LD_LIBRARY_PATH=/home/a/ws_moveit2/install/moveit_ros_planning_interface/lib:/home/a/ws_moveit2/install/moveit_ros_move_group/lib:/home/a/ws_moveit2/install/moveit_ros_warehouse/lib:/home/a/ws_moveit2/install/moveit_planners_ompl/lib:/home/a/ws_moveit2/install/moveit_kinematics/lib:/home/a/ws_moveit2/install/moveit_ros_planning/lib:/home/a/ws_moveit2/install/moveit_simple_controller_manager/lib:/home/a/ws_moveit2/install/moveit_ros_occupancy_map_monitor/lib:/home/a/ws_moveit2/install/moveit_core/lib:/home/a/ws_moveit2/install/srdfdom/lib:${LD_LIBRARY_PATH} PATH=/home/a/ws_moveit2/install/moveit_core/bin:${PATH} PYTHONPATH=/home/a/ws_moveit2/install/moveit_configs_utils/lib/python3.10/site-packages:/home/a/ws_moveit2/install/srdfdom/local/lib/python3.10/dist-packages:/home/a/ws_moveit2/install/launch_param_builder/lib/python3.10/site-packages:${PYTHONPATH} /usr/bin/cmake --build /home/a/ws_moveit2/build/moveit_hybrid_planning -- -j22 -l22
[0.981s] [35m[1mConsolidate compiler generated dependencies of target moveit_hybrid_planning_manager[0m
[0.982s] [35m[1mConsolidate compiler generated dependencies of target forward_trajectory_plugin[0m
[0.982s] [35m[1mConsolidate compiler generated dependencies of target moveit_global_planner_component[0m
[0.984s] [35m[1mConsolidate compiler generated dependencies of target moveit_local_planner_component[0m
[0.984s] [35m[1mConsolidate compiler generated dependencies of target simple_sampler_plugin[0m
[0.984s] [35m[1mConsolidate compiler generated dependencies of target motion_planning_pipeline_plugin[0m
[0.996s] [  5%] [32m[1mLinking CXX shared library libmoveit_hybrid_planning_manager.so[0m
[0.999s] [ 10%] [32m[1mLinking CXX shared library libmoveit_global_planner_component.so[0m
[1.001s] [ 15%] [32m[1mLinking CXX shared library libmotion_planning_pipeline_plugin.so[0m
[1.001s] [ 20%] [32m[1mLinking CXX shared library libsimple_sampler_plugin.so[0m
[1.001s] [ 25%] [32m[1mLinking CXX shared library libmoveit_local_planner_component.so[0m
[1.005s] [ 30%] [32m[1mLinking CXX shared library libforward_trajectory_plugin.so[0m
[1.197s] [ 35%] Built target simple_sampler_plugin
[1.270s] [ 40%] Built target moveit_local_planner_component
[1.278s] [ 45%] Built target forward_trajectory_plugin
[1.323s] [ 50%] Built target motion_planning_pipeline_plugin
[1.397s] [ 55%] Built target moveit_hybrid_planning_manager
[1.408s] [35m[1mConsolidate compiler generated dependencies of target single_plan_execution_plugin[0m
[1.428s] [ 60%] [32m[1mLinking CXX shared library libsingle_plan_execution_plugin.so[0m
[1.461s] [ 65%] Built target moveit_global_planner_component
[1.619s] [ 70%] Built target single_plan_execution_plugin
[1.632s] [35m[1mConsolidate compiler generated dependencies of target replan_invalidated_trajectory_plugin[0m
[1.650s] [ 75%] [32m[1mLinking CXX shared library libreplan_invalidated_trajectory_plugin.so[0m
[1.855s] [ 80%] Built target replan_invalidated_trajectory_plugin
[1.868s] [35m[1mConsolidate compiler generated dependencies of target cancel_action[0m
[1.869s] [35m[1mConsolidate compiler generated dependencies of target hybrid_planning_demo_node[0m
[1.884s] [ 85%] [32m[1mLinking CXX executable cancel_action[0m
[1.891s] [ 90%] [32m[1mLinking CXX executable hybrid_planning_demo_node[0m
[2.134s] [ 95%] Built target cancel_action
[2.214s] [100%] Built target hybrid_planning_demo_node
[2.226s] Invoked command in '/home/a/ws_moveit2/build/moveit_hybrid_planning' returned '0': AMENT_PREFIX_PATH=/home/a/ws_moveit2/install/moveit_ros_planning_interface:/home/a/ws_moveit2/install/moveit_ros_move_group:/home/a/ws_moveit2/install/moveit_ros_warehouse:/home/a/ws_moveit2/install/moveit_planners_ompl:/home/a/ws_moveit2/install/moveit_kinematics:/home/a/ws_moveit2/install/moveit_ros_planning:/home/a/ws_moveit2/install/moveit_simple_controller_manager:/home/a/ws_moveit2/install/moveit_ros_occupancy_map_monitor:/home/a/ws_moveit2/install/moveit_core:/home/a/ws_moveit2/install/moveit_resources_panda_moveit_config:/home/a/ws_moveit2/install/moveit_resources_fanuc_moveit_config:/home/a/ws_moveit2/install/moveit_configs_utils:/home/a/ws_moveit2/install/srdfdom:/home/a/ws_moveit2/install/moveit_resources_pr2_description:/home/a/ws_moveit2/install/moveit_resources_panda_description:/home/a/ws_moveit2/install/moveit_resources_fanuc_description:/home/a/ws_moveit2/install/moveit_common:/home/a/ws_moveit2/install/launch_param_builder:${AMENT_PREFIX_PATH} CMAKE_PREFIX_PATH=/home/a/ws_moveit2/install/moveit_ros_planning_interface:/home/a/ws_moveit2/install/moveit_ros_move_group:/home/a/ws_moveit2/install/moveit_ros_warehouse:/home/a/ws_moveit2/install/moveit_planners_ompl:/home/a/ws_moveit2/install/moveit_kinematics:/home/a/ws_moveit2/install/moveit_ros_planning:/home/a/ws_moveit2/install/moveit_simple_controller_manager:/home/a/ws_moveit2/install/moveit_ros_occupancy_map_monitor:/home/a/ws_moveit2/install/moveit_core:/home/a/ws_moveit2/install/moveit_resources_panda_moveit_config:/home/a/ws_moveit2/install/moveit_resources_fanuc_moveit_config:/home/a/ws_moveit2/install/srdfdom:/home/a/ws_moveit2/install/moveit_resources_pr2_description:/home/a/ws_moveit2/install/moveit_resources_panda_description:/home/a/ws_moveit2/install/moveit_resources_fanuc_description:/home/a/ws_moveit2/install/moveit_common:/opt/ros/humble LD_LIBRARY_PATH=/home/a/ws_moveit2/install/moveit_ros_planning_interface/lib:/home/a/ws_moveit2/install/moveit_ros_move_group/lib:/home/a/ws_moveit2/install/moveit_ros_warehouse/lib:/home/a/ws_moveit2/install/moveit_planners_ompl/lib:/home/a/ws_moveit2/install/moveit_kinematics/lib:/home/a/ws_moveit2/install/moveit_ros_planning/lib:/home/a/ws_moveit2/install/moveit_simple_controller_manager/lib:/home/a/ws_moveit2/install/moveit_ros_occupancy_map_monitor/lib:/home/a/ws_moveit2/install/moveit_core/lib:/home/a/ws_moveit2/install/srdfdom/lib:${LD_LIBRARY_PATH} PATH=/home/a/ws_moveit2/install/moveit_core/bin:${PATH} PYTHONPATH=/home/a/ws_moveit2/install/moveit_configs_utils/lib/python3.10/site-packages:/home/a/ws_moveit2/install/srdfdom/local/lib/python3.10/dist-packages:/home/a/ws_moveit2/install/launch_param_builder/lib/python3.10/site-packages:${PYTHONPATH} /usr/bin/cmake --build /home/a/ws_moveit2/build/moveit_hybrid_planning -- -j22 -l22
[2.228s] Invoking command in '/home/a/ws_moveit2/build/moveit_hybrid_planning': AMENT_PREFIX_PATH=/home/a/ws_moveit2/install/moveit_ros_planning_interface:/home/a/ws_moveit2/install/moveit_ros_move_group:/home/a/ws_moveit2/install/moveit_ros_warehouse:/home/a/ws_moveit2/install/moveit_planners_ompl:/home/a/ws_moveit2/install/moveit_kinematics:/home/a/ws_moveit2/install/moveit_ros_planning:/home/a/ws_moveit2/install/moveit_simple_controller_manager:/home/a/ws_moveit2/install/moveit_ros_occupancy_map_monitor:/home/a/ws_moveit2/install/moveit_core:/home/a/ws_moveit2/install/moveit_resources_panda_moveit_config:/home/a/ws_moveit2/install/moveit_resources_fanuc_moveit_config:/home/a/ws_moveit2/install/moveit_configs_utils:/home/a/ws_moveit2/install/srdfdom:/home/a/ws_moveit2/install/moveit_resources_pr2_description:/home/a/ws_moveit2/install/moveit_resources_panda_description:/home/a/ws_moveit2/install/moveit_resources_fanuc_description:/home/a/ws_moveit2/install/moveit_common:/home/a/ws_moveit2/install/launch_param_builder:${AMENT_PREFIX_PATH} CMAKE_PREFIX_PATH=/home/a/ws_moveit2/install/moveit_ros_planning_interface:/home/a/ws_moveit2/install/moveit_ros_move_group:/home/a/ws_moveit2/install/moveit_ros_warehouse:/home/a/ws_moveit2/install/moveit_planners_ompl:/home/a/ws_moveit2/install/moveit_kinematics:/home/a/ws_moveit2/install/moveit_ros_planning:/home/a/ws_moveit2/install/moveit_simple_controller_manager:/home/a/ws_moveit2/install/moveit_ros_occupancy_map_monitor:/home/a/ws_moveit2/install/moveit_core:/home/a/ws_moveit2/install/moveit_resources_panda_moveit_config:/home/a/ws_moveit2/install/moveit_resources_fanuc_moveit_config:/home/a/ws_moveit2/install/srdfdom:/home/a/ws_moveit2/install/moveit_resources_pr2_description:/home/a/ws_moveit2/install/moveit_resources_panda_description:/home/a/ws_moveit2/install/moveit_resources_fanuc_description:/home/a/ws_moveit2/install/moveit_common:/opt/ros/humble LD_LIBRARY_PATH=/home/a/ws_moveit2/install/moveit_ros_planning_interface/lib:/home/a/ws_moveit2/install/moveit_ros_move_group/lib:/home/a/ws_moveit2/install/moveit_ros_warehouse/lib:/home/a/ws_moveit2/install/moveit_planners_ompl/lib:/home/a/ws_moveit2/install/moveit_kinematics/lib:/home/a/ws_moveit2/install/moveit_ros_planning/lib:/home/a/ws_moveit2/install/moveit_simple_controller_manager/lib:/home/a/ws_moveit2/install/moveit_ros_occupancy_map_monitor/lib:/home/a/ws_moveit2/install/moveit_core/lib:/home/a/ws_moveit2/install/srdfdom/lib:${LD_LIBRARY_PATH} PATH=/home/a/ws_moveit2/install/moveit_core/bin:${PATH} PYTHONPATH=/home/a/ws_moveit2/install/moveit_configs_utils/lib/python3.10/site-packages:/home/a/ws_moveit2/install/srdfdom/local/lib/python3.10/dist-packages:/home/a/ws_moveit2/install/launch_param_builder/lib/python3.10/site-packages:${PYTHONPATH} /usr/bin/cmake --install /home/a/ws_moveit2/build/moveit_hybrid_planning
[2.237s] -- Install configuration: "Release"
[2.238s] -- Installing: /home/a/ws_moveit2/install/moveit_hybrid_planning/lib/libmoveit_global_planner_component.so.2.5.9
[2.239s] -- Set runtime path of "/home/a/ws_moveit2/install/moveit_hybrid_planning/lib/libmoveit_global_planner_component.so.2.5.9" to ""
[2.239s] -- Up-to-date: /home/a/ws_moveit2/install/moveit_hybrid_planning/lib/libmoveit_global_planner_component.so
[2.240s] -- Installing: /home/a/ws_moveit2/install/moveit_hybrid_planning/lib/libmoveit_hybrid_planning_manager.so.2.5.9
[2.241s] -- Set runtime path of "/home/a/ws_moveit2/install/moveit_hybrid_planning/lib/libmoveit_hybrid_planning_manager.so.2.5.9" to ""
[2.241s] -- Up-to-date: /home/a/ws_moveit2/install/moveit_hybrid_planning/lib/libmoveit_hybrid_planning_manager.so
[2.242s] -- Installing: /home/a/ws_moveit2/install/moveit_hybrid_planning/lib/libmoveit_local_planner_component.so.2.5.9
[2.243s] -- Set runtime path of "/home/a/ws_moveit2/install/moveit_hybrid_planning/lib/libmoveit_local_planner_component.so.2.5.9" to ""
[2.243s] -- Up-to-date: /home/a/ws_moveit2/install/moveit_hybrid_planning/lib/libmoveit_local_planner_component.so
[2.244s] -- Installing: /home/a/ws_moveit2/install/moveit_hybrid_planning/lib/libforward_trajectory_plugin.so.2.5.9
[2.244s] -- Set runtime path of "/home/a/ws_moveit2/install/moveit_hybrid_planning/lib/libforward_trajectory_plugin.so.2.5.9" to ""
[2.244s] -- Up-to-date: /home/a/ws_moveit2/install/moveit_hybrid_planning/lib/libforward_trajectory_plugin.so
[2.245s] -- Installing: /home/a/ws_moveit2/install/moveit_hybrid_planning/lib/libmotion_planning_pipeline_plugin.so.2.5.9
[2.245s] -- Set runtime path of "/home/a/ws_moveit2/install/moveit_hybrid_planning/lib/libmotion_planning_pipeline_plugin.so.2.5.9" to ""
[2.245s] -- Up-to-date: /home/a/ws_moveit2/install/moveit_hybrid_planning/lib/libmotion_planning_pipeline_plugin.so
[2.246s] -- Installing: /home/a/ws_moveit2/install/moveit_hybrid_planning/lib/libreplan_invalidated_trajectory_plugin.so.2.5.9
[2.246s] -- Set runtime path of "/home/a/ws_moveit2/install/moveit_hybrid_planning/lib/libreplan_invalidated_trajectory_plugin.so.2.5.9" to ""
[2.246s] -- Up-to-date: /home/a/ws_moveit2/install/moveit_hybrid_planning/lib/libreplan_invalidated_trajectory_plugin.so
[2.247s] -- Installing: /home/a/ws_moveit2/install/moveit_hybrid_planning/lib/libsimple_sampler_plugin.so.2.5.9
[2.247s] -- Set runtime path of "/home/a/ws_moveit2/install/moveit_hybrid_planning/lib/libsimple_sampler_plugin.so.2.5.9" to ""
[2.247s] -- Up-to-date: /home/a/ws_moveit2/install/moveit_hybrid_planning/lib/libsimple_sampler_plugin.so
[2.248s] -- Installing: /home/a/ws_moveit2/install/moveit_hybrid_planning/lib/libsingle_plan_execution_plugin.so.2.5.9
[2.248s] -- Set runtime path of "/home/a/ws_moveit2/install/moveit_hybrid_planning/lib/libsingle_plan_execution_plugin.so.2.5.9" to ""
[2.248s] -- Up-to-date: /home/a/ws_moveit2/install/moveit_hybrid_planning/lib/libsingle_plan_execution_plugin.so
[2.250s] -- Installing: /home/a/ws_moveit2/install/moveit_hybrid_planning/lib/moveit_hybrid_planning/cancel_action
[2.250s] -- Set runtime path of "/home/a/ws_moveit2/install/moveit_hybrid_planning/lib/moveit_hybrid_planning/cancel_action" to ""
[2.251s] -- Installing: /home/a/ws_moveit2/install/moveit_hybrid_planning/lib/moveit_hybrid_planning/hybrid_planning_demo_node
[2.251s] -- Set runtime path of "/home/a/ws_moveit2/install/moveit_hybrid_planning/lib/moveit_hybrid_planning/hybrid_planning_demo_node" to ""
[2.251s] -- Up-to-date: /home/a/ws_moveit2/install/moveit_hybrid_planning/include
[2.252s] -- Up-to-date: /home/a/ws_moveit2/install/moveit_hybrid_planning/include/moveit
[2.252s] -- Up-to-date: /home/a/ws_moveit2/install/moveit_hybrid_planning/include/moveit/global_planner
[2.252s] -- Up-to-date: /home/a/ws_moveit2/install/moveit_hybrid_planning/include/moveit/global_planner/global_planner_component.h
[2.252s] -- Up-to-date: /home/a/ws_moveit2/install/moveit_hybrid_planning/include/moveit/global_planner/global_planner_interface.h
[2.253s] -- Up-to-date: /home/a/ws_moveit2/install/moveit_hybrid_planning/include
[2.253s] -- Up-to-date: /home/a/ws_moveit2/install/moveit_hybrid_planning/include/moveit
[2.253s] -- Up-to-date: /home/a/ws_moveit2/install/moveit_hybrid_planning/include/moveit/global_planner
[2.253s] -- Up-to-date: /home/a/ws_moveit2/install/moveit_hybrid_planning/include/moveit/global_planner/moveit_planning_pipeline.h
[2.253s] -- Up-to-date: /home/a/ws_moveit2/install/moveit_hybrid_planning/include
[2.253s] -- Up-to-date: /home/a/ws_moveit2/install/moveit_hybrid_planning/include/moveit
[2.253s] -- Up-to-date: /home/a/ws_moveit2/install/moveit_hybrid_planning/include/moveit/hybrid_planning_manager
[2.253s] -- Up-to-date: /home/a/ws_moveit2/install/moveit_hybrid_planning/include/moveit/hybrid_planning_manager/planner_logic_interface.h
[2.253s] -- Up-to-date: /home/a/ws_moveit2/install/moveit_hybrid_planning/include/moveit/hybrid_planning_manager/moveit_error_code_interface.h
[2.253s] -- Up-to-date: /home/a/ws_moveit2/install/moveit_hybrid_planning/include/moveit/hybrid_planning_manager/hybrid_planning_manager.h
[2.253s] -- Up-to-date: /home/a/ws_moveit2/install/moveit_hybrid_planning/include/moveit/hybrid_planning_manager/hybrid_planning_events.h
[2.253s] -- Up-to-date: /home/a/ws_moveit2/install/moveit_hybrid_planning/include
[2.253s] -- Up-to-date: /home/a/ws_moveit2/install/moveit_hybrid_planning/include/moveit
[2.253s] -- Up-to-date: /home/a/ws_moveit2/install/moveit_hybrid_planning/include/moveit/planner_logic_plugins
[2.253s] -- Up-to-date: /home/a/ws_moveit2/install/moveit_hybrid_planning/include/moveit/planner_logic_plugins/single_plan_execution.h
[2.253s] -- Up-to-date: /home/a/ws_moveit2/install/moveit_hybrid_planning/include/moveit/planner_logic_plugins/replan_invalidated_trajectory.h
[2.253s] -- Up-to-date: /home/a/ws_moveit2/install/moveit_hybrid_planning/include
[2.253s] -- Up-to-date: /home/a/ws_moveit2/install/moveit_hybrid_planning/include/moveit
[2.253s] -- Up-to-date: /home/a/ws_moveit2/install/moveit_hybrid_planning/include/moveit/local_planner
[2.253s] -- Up-to-date: /home/a/ws_moveit2/install/moveit_hybrid_planning/include/moveit/local_planner/local_planner_component.h
[2.254s] -- Up-to-date: /home/a/ws_moveit2/install/moveit_hybrid_planning/include/moveit/local_planner/trajectory_operator_interface.h
[2.254s] -- Up-to-date: /home/a/ws_moveit2/install/moveit_hybrid_planning/include/moveit/local_planner/feedback_types.h
[2.254s] -- Up-to-date: /home/a/ws_moveit2/install/moveit_hybrid_planning/include/moveit/local_planner/local_constraint_solver_interface.h
[2.254s] -- Up-to-date: /home/a/ws_moveit2/install/moveit_hybrid_planning/include
[2.254s] -- Up-to-date: /home/a/ws_moveit2/install/moveit_hybrid_planning/include/moveit
[2.254s] -- Up-to-date: /home/a/ws_moveit2/install/moveit_hybrid_planning/include/moveit/trajectory_operator_plugins
[2.254s] -- Up-to-date: /home/a/ws_moveit2/install/moveit_hybrid_planning/include/moveit/trajectory_operator_plugins/simple_sampler.h
[2.254s] -- Up-to-date: /home/a/ws_moveit2/install/moveit_hybrid_planning/include
[2.254s] -- Up-to-date: /home/a/ws_moveit2/install/moveit_hybrid_planning/include/moveit
[2.254s] -- Up-to-date: /home/a/ws_moveit2/install/moveit_hybrid_planning/include/moveit/local_constraint_solver_plugins
[2.254s] -- Up-to-date: /home/a/ws_moveit2/install/moveit_hybrid_planning/include/moveit/local_constraint_solver_plugins/forward_trajectory.h
[2.254s] -- Up-to-date: /home/a/ws_moveit2/install/moveit_hybrid_planning/share/moveit_hybrid_planning/launch
[2.255s] -- Up-to-date: /home/a/ws_moveit2/install/moveit_hybrid_planning/share/moveit_hybrid_planning/launch/test_basic_integration.test.py
[2.255s] -- Up-to-date: /home/a/ws_moveit2/install/moveit_hybrid_planning/share/moveit_hybrid_planning/launch/hybrid_planning_common.py
[2.255s] -- Up-to-date: /home/a/ws_moveit2/install/moveit_hybrid_planning/share/moveit_hybrid_planning/launch/hybrid_planning_demo.launch.py
[2.255s] -- Up-to-date: /home/a/ws_moveit2/install/moveit_hybrid_planning/share/moveit_hybrid_planning/config
[2.256s] -- Up-to-date: /home/a/ws_moveit2/install/moveit_hybrid_planning/share/moveit_hybrid_planning/config/global_planner.yaml
[2.256s] -- Up-to-date: /home/a/ws_moveit2/install/moveit_hybrid_planning/share/moveit_hybrid_planning/config/local_planner.yaml
[2.256s] -- Up-to-date: /home/a/ws_moveit2/install/moveit_hybrid_planning/share/moveit_hybrid_planning/config/hybrid_planning_demo.rviz
[2.256s] -- Up-to-date: /home/a/ws_moveit2/install/moveit_hybrid_planning/share/moveit_hybrid_planning/config/demo_controller.yaml
[2.256s] -- Up-to-date: /home/a/ws_moveit2/install/moveit_hybrid_planning/share/moveit_hybrid_planning/config/hybrid_planning_manager.yaml
[2.256s] -- Up-to-date: /home/a/ws_moveit2/install/moveit_hybrid_planning/share/moveit_hybrid_planning/config/common_hybrid_planning_params.yaml
[2.256s] -- Up-to-date: /home/a/ws_moveit2/install/moveit_hybrid_planning/share/moveit_hybrid_planning/single_plan_execution_plugin.xml
[2.256s] -- Up-to-date: /home/a/ws_moveit2/install/moveit_hybrid_planning/share/moveit_hybrid_planning/moveit_planning_pipeline_plugin.xml
[2.256s] -- Up-to-date: /home/a/ws_moveit2/install/moveit_hybrid_planning/share/moveit_hybrid_planning/simple_sampler_plugin.xml
[2.256s] -- Up-to-date: /home/a/ws_moveit2/install/moveit_hybrid_planning/share/moveit_hybrid_planning/replan_invalidated_trajectory_plugin.xml
[2.256s] -- Up-to-date: /home/a/ws_moveit2/install/moveit_hybrid_planning/share/moveit_hybrid_planning/forward_trajectory_plugin.xml
[2.256s] -- Up-to-date: /home/a/ws_moveit2/install/moveit_hybrid_planning/share/moveit_hybrid_planning/environment/library_path.sh
[2.256s] -- Installing: /home/a/ws_moveit2/install/moveit_hybrid_planning/share/moveit_hybrid_planning/environment/library_path.dsv
[2.256s] -- Up-to-date: /home/a/ws_moveit2/install/moveit_hybrid_planning/share/ament_index/resource_index/package_run_dependencies/moveit_hybrid_planning
[2.257s] -- Installing: /home/a/ws_moveit2/install/moveit_hybrid_planning/share/ament_index/resource_index/parent_prefix_path/moveit_hybrid_planning
[2.257s] -- Up-to-date: /home/a/ws_moveit2/install/moveit_hybrid_planning/share/moveit_hybrid_planning/environment/ament_prefix_path.sh
[2.257s] -- Installing: /home/a/ws_moveit2/install/moveit_hybrid_planning/share/moveit_hybrid_planning/environment/ament_prefix_path.dsv
[2.257s] -- Up-to-date: /home/a/ws_moveit2/install/moveit_hybrid_planning/share/moveit_hybrid_planning/environment/path.sh
[2.257s] -- Installing: /home/a/ws_moveit2/install/moveit_hybrid_planning/share/moveit_hybrid_planning/environment/path.dsv
[2.257s] -- Up-to-date: /home/a/ws_moveit2/install/moveit_hybrid_planning/share/moveit_hybrid_planning/local_setup.bash
[2.257s] -- Up-to-date: /home/a/ws_moveit2/install/moveit_hybrid_planning/share/moveit_hybrid_planning/local_setup.sh
[2.257s] -- Up-to-date: /home/a/ws_moveit2/install/moveit_hybrid_planning/share/moveit_hybrid_planning/local_setup.zsh
[2.257s] -- Installing: /home/a/ws_moveit2/install/moveit_hybrid_planning/share/moveit_hybrid_planning/local_setup.dsv
[2.257s] -- Installing: /home/a/ws_moveit2/install/moveit_hybrid_planning/share/moveit_hybrid_planning/package.dsv
[2.257s] -- Up-to-date: /home/a/ws_moveit2/install/moveit_hybrid_planning/share/ament_index/resource_index/packages/moveit_hybrid_planning
[2.257s] -- Up-to-date: /home/a/ws_moveit2/install/moveit_hybrid_planning/share/ament_index/resource_index/moveit_hybrid_planning__pluginlib__plugin/moveit_hybrid_planning
[2.258s] -- Up-to-date: /home/a/ws_moveit2/install/moveit_hybrid_planning/share/ament_index/resource_index/rclcpp_components/moveit_hybrid_planning
[2.259s] -- Up-to-date: /home/a/ws_moveit2/install/moveit_hybrid_planning/share/moveit_hybrid_planning/cmake/export_moveit_hybrid_planningExport.cmake
[2.259s] -- Up-to-date: /home/a/ws_moveit2/install/moveit_hybrid_planning/share/moveit_hybrid_planning/cmake/export_moveit_hybrid_planningExport-release.cmake
[2.259s] -- Up-to-date: /home/a/ws_moveit2/install/moveit_hybrid_planning/share/moveit_hybrid_planning/cmake/ament_cmake_export_include_directories-extras.cmake
[2.259s] -- Up-to-date: /home/a/ws_moveit2/install/moveit_hybrid_planning/share/moveit_hybrid_planning/cmake/ament_cmake_export_libraries-extras.cmake
[2.259s] -- Up-to-date: /home/a/ws_moveit2/install/moveit_hybrid_planning/share/moveit_hybrid_planning/cmake/ament_cmake_export_dependencies-extras.cmake
[2.259s] -- Up-to-date: /home/a/ws_moveit2/install/moveit_hybrid_planning/share/moveit_hybrid_planning/cmake/ament_cmake_export_targets-extras.cmake
[2.259s] -- Up-to-date: /home/a/ws_moveit2/install/moveit_hybrid_planning/share/moveit_hybrid_planning/cmake/moveit_hybrid_planningConfig.cmake
[2.259s] -- Up-to-date: /home/a/ws_moveit2/install/moveit_hybrid_planning/share/moveit_hybrid_planning/cmake/moveit_hybrid_planningConfig-version.cmake
[2.259s] -- Up-to-date: /home/a/ws_moveit2/install/moveit_hybrid_planning/share/moveit_hybrid_planning/package.xml
[2.261s] Invoked command in '/home/a/ws_moveit2/build/moveit_hybrid_planning' returned '0': AMENT_PREFIX_PATH=/home/a/ws_moveit2/install/moveit_ros_planning_interface:/home/a/ws_moveit2/install/moveit_ros_move_group:/home/a/ws_moveit2/install/moveit_ros_warehouse:/home/a/ws_moveit2/install/moveit_planners_ompl:/home/a/ws_moveit2/install/moveit_kinematics:/home/a/ws_moveit2/install/moveit_ros_planning:/home/a/ws_moveit2/install/moveit_simple_controller_manager:/home/a/ws_moveit2/install/moveit_ros_occupancy_map_monitor:/home/a/ws_moveit2/install/moveit_core:/home/a/ws_moveit2/install/moveit_resources_panda_moveit_config:/home/a/ws_moveit2/install/moveit_resources_fanuc_moveit_config:/home/a/ws_moveit2/install/moveit_configs_utils:/home/a/ws_moveit2/install/srdfdom:/home/a/ws_moveit2/install/moveit_resources_pr2_description:/home/a/ws_moveit2/install/moveit_resources_panda_description:/home/a/ws_moveit2/install/moveit_resources_fanuc_description:/home/a/ws_moveit2/install/moveit_common:/home/a/ws_moveit2/install/launch_param_builder:${AMENT_PREFIX_PATH} CMAKE_PREFIX_PATH=/home/a/ws_moveit2/install/moveit_ros_planning_interface:/home/a/ws_moveit2/install/moveit_ros_move_group:/home/a/ws_moveit2/install/moveit_ros_warehouse:/home/a/ws_moveit2/install/moveit_planners_ompl:/home/a/ws_moveit2/install/moveit_kinematics:/home/a/ws_moveit2/install/moveit_ros_planning:/home/a/ws_moveit2/install/moveit_simple_controller_manager:/home/a/ws_moveit2/install/moveit_ros_occupancy_map_monitor:/home/a/ws_moveit2/install/moveit_core:/home/a/ws_moveit2/install/moveit_resources_panda_moveit_config:/home/a/ws_moveit2/install/moveit_resources_fanuc_moveit_config:/home/a/ws_moveit2/install/srdfdom:/home/a/ws_moveit2/install/moveit_resources_pr2_description:/home/a/ws_moveit2/install/moveit_resources_panda_description:/home/a/ws_moveit2/install/moveit_resources_fanuc_description:/home/a/ws_moveit2/install/moveit_common:/opt/ros/humble LD_LIBRARY_PATH=/home/a/ws_moveit2/install/moveit_ros_planning_interface/lib:/home/a/ws_moveit2/install/moveit_ros_move_group/lib:/home/a/ws_moveit2/install/moveit_ros_warehouse/lib:/home/a/ws_moveit2/install/moveit_planners_ompl/lib:/home/a/ws_moveit2/install/moveit_kinematics/lib:/home/a/ws_moveit2/install/moveit_ros_planning/lib:/home/a/ws_moveit2/install/moveit_simple_controller_manager/lib:/home/a/ws_moveit2/install/moveit_ros_occupancy_map_monitor/lib:/home/a/ws_moveit2/install/moveit_core/lib:/home/a/ws_moveit2/install/srdfdom/lib:${LD_LIBRARY_PATH} PATH=/home/a/ws_moveit2/install/moveit_core/bin:${PATH} PYTHONPATH=/home/a/ws_moveit2/install/moveit_configs_utils/lib/python3.10/site-packages:/home/a/ws_moveit2/install/srdfdom/local/lib/python3.10/dist-packages:/home/a/ws_moveit2/install/launch_param_builder/lib/python3.10/site-packages:${PYTHONPATH} /usr/bin/cmake --install /home/a/ws_moveit2/build/moveit_hybrid_planning
