[0.403s] Invoking command in '/home/a/ws_moveit2/build/dynamixel_controller_client': PYTHONPATH=/home/a/ws_moveit2/build/dynamixel_controller_client/prefix_override:/usr/lib/python3/dist-packages/colcon_core/task/python/colcon_distutils_commands:/home/a/ws_moveit2/install/dynamixel_controller_client/lib/python3.10/site-packages:${PYTHONPATH} /usr/bin/python3 -W ignore:setup.py install is deprecated -W ignore:easy_install command is deprecated setup.py develop --uninstall --editable --build-directory /home/a/ws_moveit2/build/dynamixel_controller_client/build
[0.572s] running develop
[0.673s] Removing /home/a/ws_moveit2/install/dynamixel_controller_client/lib/python3.10/site-packages/dynamixel-controller-client.egg-link (link to .)
[0.688s] Invoked command in '/home/a/ws_moveit2/build/dynamixel_controller_client' returned '0': PYTHONPATH=/home/a/ws_moveit2/build/dynamixel_controller_client/prefix_override:/usr/lib/python3/dist-packages/colcon_core/task/python/colcon_distutils_commands:/home/a/ws_moveit2/install/dynamixel_controller_client/lib/python3.10/site-packages:${PYTHONPATH} /usr/bin/python3 -W ignore:setup.py install is deprecated -W ignore:easy_install command is deprecated setup.py develop --uninstall --editable --build-directory /home/a/ws_moveit2/build/dynamixel_controller_client/build
[0.689s] Invoking command in '/home/a/ws_moveit2/src/dynamixel_ros2/dynamixel_controller_client': PYTHONPATH=/home/a/ws_moveit2/build/dynamixel_controller_client/prefix_override:/usr/lib/python3/dist-packages/colcon_core/task/python/colcon_distutils_commands:/home/a/ws_moveit2/install/dynamixel_controller_client/lib/python3.10/site-packages:${PYTHONPATH} /usr/bin/python3 -W ignore:setup.py install is deprecated -W ignore:easy_install command is deprecated setup.py egg_info --egg-base ../../../build/dynamixel_controller_client build --build-base /home/a/ws_moveit2/build/dynamixel_controller_client/build install --record /home/a/ws_moveit2/build/dynamixel_controller_client/install.log --single-version-externally-managed install_data --force
[0.838s] running egg_info
[0.839s] writing ../../../build/dynamixel_controller_client/dynamixel_controller_client.egg-info/PKG-INFO
[0.839s] writing dependency_links to ../../../build/dynamixel_controller_client/dynamixel_controller_client.egg-info/dependency_links.txt
[0.839s] writing entry points to ../../../build/dynamixel_controller_client/dynamixel_controller_client.egg-info/entry_points.txt
[0.839s] writing requirements to ../../../build/dynamixel_controller_client/dynamixel_controller_client.egg-info/requires.txt
[0.839s] writing top-level names to ../../../build/dynamixel_controller_client/dynamixel_controller_client.egg-info/top_level.txt
[0.840s] reading manifest file '../../../build/dynamixel_controller_client/dynamixel_controller_client.egg-info/SOURCES.txt'
[0.840s] writing manifest file '../../../build/dynamixel_controller_client/dynamixel_controller_client.egg-info/SOURCES.txt'
[0.840s] running build
[0.841s] running build_py
[0.841s] copying dynamixel_controller_client/dynamixel_controller_client_node.py -> /home/a/ws_moveit2/build/dynamixel_controller_client/build/lib/dynamixel_controller_client
[0.841s] running install
[0.841s] running install_lib
[0.841s] creating /home/a/ws_moveit2/install/dynamixel_controller_client/lib/python3.10/site-packages/dynamixel_controller_client
[0.841s] copying /home/a/ws_moveit2/build/dynamixel_controller_client/build/lib/dynamixel_controller_client/dynamixel_controller_client_node.py -> /home/a/ws_moveit2/install/dynamixel_controller_client/lib/python3.10/site-packages/dynamixel_controller_client
[0.841s] copying /home/a/ws_moveit2/build/dynamixel_controller_client/build/lib/dynamixel_controller_client/__init__.py -> /home/a/ws_moveit2/install/dynamixel_controller_client/lib/python3.10/site-packages/dynamixel_controller_client
[0.842s] byte-compiling /home/a/ws_moveit2/install/dynamixel_controller_client/lib/python3.10/site-packages/dynamixel_controller_client/dynamixel_controller_client_node.py to dynamixel_controller_client_node.cpython-310.pyc
[0.842s] byte-compiling /home/a/ws_moveit2/install/dynamixel_controller_client/lib/python3.10/site-packages/dynamixel_controller_client/__init__.py to __init__.cpython-310.pyc
[0.842s] running install_data
[0.842s] copying resource/dynamixel_controller_client -> /home/a/ws_moveit2/install/dynamixel_controller_client/share/ament_index/resource_index/packages
[0.842s] copying package.xml -> /home/a/ws_moveit2/install/dynamixel_controller_client/share/dynamixel_controller_client
[0.842s] running install_egg_info
[0.843s] Copying ../../../build/dynamixel_controller_client/dynamixel_controller_client.egg-info to /home/a/ws_moveit2/install/dynamixel_controller_client/lib/python3.10/site-packages/dynamixel_controller_client-0.0.0-py3.10.egg-info
[0.843s] running install_scripts
[0.856s] Installing dynamixel_controller_client_node script to /home/a/ws_moveit2/install/dynamixel_controller_client/lib/dynamixel_controller_client
[0.856s] writing list of installed files to '/home/a/ws_moveit2/build/dynamixel_controller_client/install.log'
[0.870s] Invoked command in '/home/a/ws_moveit2/src/dynamixel_ros2/dynamixel_controller_client' returned '0': PYTHONPATH=/home/a/ws_moveit2/build/dynamixel_controller_client/prefix_override:/usr/lib/python3/dist-packages/colcon_core/task/python/colcon_distutils_commands:/home/a/ws_moveit2/install/dynamixel_controller_client/lib/python3.10/site-packages:${PYTHONPATH} /usr/bin/python3 -W ignore:setup.py install is deprecated -W ignore:easy_install command is deprecated setup.py egg_info --egg-base ../../../build/dynamixel_controller_client build --build-base /home/a/ws_moveit2/build/dynamixel_controller_client/build install --record /home/a/ws_moveit2/build/dynamixel_controller_client/install.log --single-version-externally-managed install_data --force
