[0.076s] Invoking command in '/home/a/ws_moveit2/build/gazebo_ros2_control': CMAKE_PREFIX_PATH=${CMAKE_PREFIX_PATH}:/home/a/ws_moveit2/install/moveit_configs_utils:/home/a/ws_moveit2/install/launch_param_builder:/opt/ros/humble /opt/st/stm32cubeclt_1.17.0/CMake/bin/cmake /home/a/ws_moveit2/src/gazebo_ros2_control -DCMAKE_INSTALL_PREFIX=/home/a/ws_moveit2/install/gazebo_ros2_control
[0.138s] -- Found ament_cmake: 1.3.12 (/opt/ros/humble/share/ament_cmake/cmake)
[0.899s] -- Found gazebo_ros: 3.9.0 (/opt/ros/humble/share/gazebo_ros/cmake)
[1.039s] -- Found rosidl_generator_c: 3.1.7 (/opt/ros/humble/share/rosidl_generator_c/cmake)
[1.052s] -- Found rosidl_adapter: 3.1.7 (/opt/ros/humble/share/rosidl_adapter/cmake)
[1.074s] -- Found rosidl_generator_cpp: 3.1.7 (/opt/ros/humble/share/rosidl_generator_cpp/cmake)
[1.118s] -- Using all available rosidl_typesupport_c: rosidl_typesupport_fastrtps_c;rosidl_typesupport_introspection_c
[1.184s] -- Using all available rosidl_typesupport_cpp: rosidl_typesupport_fastrtps_cpp;rosidl_typesupport_introspection_cpp
[1.336s] -- Found rmw_implementation_cmake: 6.1.2 (/opt/ros/humble/share/rmw_implementation_cmake/cmake)
[1.353s] -- Found rmw_fastrtps_cpp: 6.2.8 (/opt/ros/humble/share/rmw_fastrtps_cpp/cmake)
[1.846s] -- Using RMW implementation 'rmw_fastrtps_cpp' as default
[2.212s] -- Found DART: /usr/include (Required is at least version "6.6") found components: dart 
[2.326s] -- Found Protobuf: /usr/lib/x86_64-linux-gnu/libprotobuf.so (found version "3.12.4") 
[2.332s] -- Looking for ignition-math6 -- found version 6.15.1
[2.353s] -- Searching for dependencies of ignition-math6
[2.360s] -- Looking for OGRE...
[2.385s] -- Found Ogre Ghadamon (1.9.0)
[2.387s] -- Found OGRE: optimized;/usr/lib/x86_64-linux-gnu/libOgreMain.so;debug;/usr/lib/x86_64-linux-gnu/libOgreMain.so
[2.420s] -- Looking for OGRE_Paging...
[2.420s] -- Found OGRE_Paging: optimized;/usr/lib/x86_64-linux-gnu/libOgrePaging.so;debug;/usr/lib/x86_64-linux-gnu/libOgrePaging.so
[2.420s] -- Looking for OGRE_Terrain...
[2.421s] -- Found OGRE_Terrain: optimized;/usr/lib/x86_64-linux-gnu/libOgreTerrain.so;debug;/usr/lib/x86_64-linux-gnu/libOgreTerrain.so
[2.422s] -- Looking for OGRE_Property...
[2.422s] -- Found OGRE_Property: optimized;/usr/lib/x86_64-linux-gnu/libOgreProperty.so;debug;/usr/lib/x86_64-linux-gnu/libOgreProperty.so
[2.422s] -- Looking for OGRE_RTShaderSystem...
[2.423s] -- Found OGRE_RTShaderSystem: optimized;/usr/lib/x86_64-linux-gnu/libOgreRTShaderSystem.so;debug;/usr/lib/x86_64-linux-gnu/libOgreRTShaderSystem.so
[2.423s] -- Looking for OGRE_Volume...
[2.424s] -- Found OGRE_Volume: optimized;/usr/lib/x86_64-linux-gnu/libOgreVolume.so;debug;/usr/lib/x86_64-linux-gnu/libOgreVolume.so
[2.424s] -- Looking for OGRE_Overlay...
[2.425s] -- Found OGRE_Overlay: optimized;/usr/lib/x86_64-linux-gnu/libOgreOverlay.so;debug;/usr/lib/x86_64-linux-gnu/libOgreOverlay.so
[3.593s] -- Looking for ignition-math6 -- found version 6.15.1
[3.595s] -- Looking for ignition-transport8 -- found version 8.2.1
[3.601s] -- Searching for dependencies of ignition-transport8
[3.708s] -- Found Protobuf: /usr/lib/x86_64-linux-gnu/libprotobuf.so (found suitable version "3.12.4", minimum required is "3") 
[3.778s] -- Config-file not installed for ZeroMQ -- checking for pkg-config
[3.821s] -- Checking for module 'libzmq >= 4'
[3.923s] --   Found libzmq, version 4.3.4
[4.144s] -- Checking for module 'uuid'
[4.256s] --   Found uuid, version 2.37.2
[4.475s] -- Looking for ignition-msgs5 -- found version 5.8.1
[4.476s] -- Searching for dependencies of ignition-msgs5
[4.570s] -- Looking for ignition-math6 -- found version 6.15.1
[4.619s] -- Checking for module 'tinyxml2'
[4.769s] --   Found tinyxml2, version 9.0.0
[5.073s] -- Looking for ignition-msgs5 -- found version 5.8.1
[5.087s] -- Looking for ignition-common3 -- found version 3.14.0
[5.090s] -- Searching for dependencies of ignition-common3
[5.098s] -- Looking for dlfcn.h - found
[5.100s] -- Looking for libdl - found
[5.215s] -- Searching for <ignition-common3> component [graphics]
[5.233s] -- Looking for ignition-common3-graphics -- found version 3.14.0
[5.237s] -- Searching for dependencies of ignition-common3-graphics
[5.238s] -- Looking for ignition-math6 -- found version 6.15.1
[5.262s] -- Looking for ignition-fuel_tools4 -- found version 4.4.0
[5.264s] -- Searching for dependencies of ignition-fuel_tools4
[5.608s] [0mCMake Deprecation Warning at /usr/lib/x86_64-linux-gnu/cmake/jsoncpp/jsoncppConfig.cmake:2 (cmake_policy):
[5.613s]   Compatibility with CMake < 3.5 will be removed from a future version of
[5.613s]   CMake.
[5.614s] 
[5.618s]   Update the VERSION argument <min> value or use a ...<max> suffix to tell
[5.618s]   CMake that the project does not need compatibility with older versions.
[5.619s] Call Stack (most recent call first):
[5.620s]   /usr/share/cmake/ignition-cmake2/cmake2/FindJSONCPP.cmake:34 (find_package)
[5.620s]   /usr/lib/x86_64-linux-gnu/cmake/ignition-fuel_tools4/ignition-fuel_tools4-config.cmake:94 (find_package)
[5.620s]   /usr/lib/x86_64-linux-gnu/cmake/gazebo/gazebo-config.cmake:251 (find_package)
[5.620s]   /opt/ros/humble/share/gazebo_dev/cmake/gazebo_dev-extras.cmake:3 (find_package)
[5.621s]   /opt/ros/humble/share/gazebo_dev/cmake/gazebo_devConfig.cmake:41 (include)
[5.621s]   /opt/ros/humble/share/gazebo_ros/cmake/ament_cmake_export_dependencies-extras.cmake:21 (find_package)
[5.621s]   /opt/ros/humble/share/gazebo_ros/cmake/gazebo_rosConfig.cmake:41 (include)
[5.621s]   CMakeLists.txt:10 (find_package)
[5.621s] 
[5.622s] [0m
[5.652s] -- Checking for module 'jsoncpp'
[5.757s] --   Found jsoncpp, version 1.9.5
[6.014s] -- Checking for module 'libzip'
[6.172s] --   Found libzip, version 1.7.3
[6.425s] -- Looking for ignition-common3 -- found version 3.14.0
[6.426s] -- Looking for ignition-math6 -- found version 6.15.1
[6.428s] -- Looking for ignition-msgs5 -- found version 5.8.1
[6.451s] -- Gazebo version: 11.10
[6.464s] -- Found gazebo_ros2_control: 0.4.10 (/opt/ros/humble/share/gazebo_ros2_control/cmake)
[8.604s] -- Found robot_state_publisher: 3.0.3 (/opt/ros/humble/share/robot_state_publisher/cmake)
[8.680s] -- Found eigen3_cmake_module: 0.1.1 (/opt/ros/humble/share/eigen3_cmake_module/cmake)
[8.713s] -- Ensuring Eigen3 include directory is part of orocos-kdl CMake target
[9.467s] -- Found ros2_control: 2.51.0 (/opt/ros/humble/share/ros2_control/cmake)
[9.478s] -- Found ament_lint_auto: 0.12.14 (/opt/ros/humble/share/ament_lint_auto/cmake)
[10.126s] -- Added test 'cppcheck' to perform static code analysis on C / C++ code
[10.127s] -- Configured cppcheck include dirs: 
[10.127s] -- Configured cppcheck exclude dirs and/or files: 
[10.136s] -- Added test 'flake8' to check Python code syntax and style conventions
[10.142s] -- Added test 'lint_cmake' to check CMake code style
[10.147s] -- Added test 'pep257' to check Python code against some of the docstring style conventions in PEP 257
[10.169s] -- Added test 'uncrustify' to check C / C++ code style
[10.169s] -- Configured uncrustify additional arguments: 
[10.178s] -- Added test 'xmllint' to check XML markup files
[10.195s] -- Configuring done (10.1s)
[10.291s] -- Generating done (0.0s)
[10.329s] -- Build files have been written to: /home/a/ws_moveit2/src/gazebo_ros2_control
[10.389s] Invoked command in '/home/a/ws_moveit2/build/gazebo_ros2_control' returned '0': CMAKE_PREFIX_PATH=${CMAKE_PREFIX_PATH}:/home/a/ws_moveit2/install/moveit_configs_utils:/home/a/ws_moveit2/install/launch_param_builder:/opt/ros/humble /opt/st/stm32cubeclt_1.17.0/CMake/bin/cmake /home/a/ws_moveit2/src/gazebo_ros2_control -DCMAKE_INSTALL_PREFIX=/home/a/ws_moveit2/install/gazebo_ros2_control
[10.405s] Traceback (most recent call last):
  File "/usr/lib/python3/dist-packages/colcon_core/executor/__init__.py", line 91, in __call__
    rc = await self.task(*args, **kwargs)
  File "/usr/lib/python3/dist-packages/colcon_core/task/__init__.py", line 93, in __call__
    return await task_method(*args, **kwargs)
  File "/usr/lib/python3/dist-packages/colcon_ros/task/ament_cmake/build.py", line 65, in build
    has_install_target = await has_target(args.build_base, 'install')
  File "/usr/lib/python3/dist-packages/colcon_cmake/task/cmake/__init__.py", line 128, in has_target
    if 'Unix Makefiles' in generator:
TypeError: argument of type 'NoneType' is not iterable
