[0.123s] Invoking command in '/home/a/ws_moveit2/build/robot_config': AMENT_PREFIX_PATH=/home/a/ws_moveit2/install/moveit_configs_utils:/home/a/ws_moveit2/install/launch_param_builder:/home/a/ws_moveit2/install/urdf_0816_description:/home/a/ws_moveit2/install/trac_ik:/home/a/ws_moveit2/install/robot_config:/home/a/ws_moveit2/install/trac_ik_kinematics_plugin:/home/a/ws_moveit2/install/trac_ik_lib:/home/a/ws_moveit2/install/right_arm_ikfast_plugin:/home/a/ws_moveit2/install/pilz_industrial_motion_planner_testutils:/home/a/ws_moveit2/install/moveit_runtime:/home/a/ws_moveit2/install/moveit2_tutorials:/home/a/ws_moveit2/install/moveit:/home/a/ws_moveit2/install/moveit_planners:/home/a/ws_moveit2/install/pilz_industrial_motion_planner:/home/a/ws_moveit2/install/mtc_tutorial:/home/a/ws_moveit2/install/hello_moveit:/home/a/ws_moveit2/install/moveit_visual_tools:/home/a/ws_moveit2/install/moveit_task_constructor_visualization:/home/a/ws_moveit2/install/moveit_task_constructor_demo:/home/a/ws_moveit2/install/moveit_task_constructor_capabilities:/home/a/ws_moveit2/install/moveit_task_constructor_core:/home/a/ws_moveit2/install/moveit_ros_control_interface:/home/a/ws_moveit2/install/moveit_plugins:/home/a/ws_moveit2/install/moveit_simple_controller_manager:/home/a/ws_moveit2/install/moveit_setup_assistant:/home/a/ws_moveit2/install/moveit_setup_srdf_plugins:/home/a/ws_moveit2/install/moveit_setup_core_plugins:/home/a/ws_moveit2/install/moveit_setup_controllers:/home/a/ws_moveit2/install/moveit_setup_app_plugins:/home/a/ws_moveit2/install/moveit_setup_framework:/home/a/ws_moveit2/install/moveit_servo:/home/a/ws_moveit2/install/moveit_ros:/home/a/ws_moveit2/install/moveit_ros_visualization:/home/a/ws_moveit2/install/moveit_hybrid_planning:/home/a/ws_moveit2/install/moveit_ros_planning_interface:/home/a/ws_moveit2/install/moveit_ros_benchmarks:/home/a/ws_moveit2/install/moveit_ros_warehouse:/home/a/ws_moveit2/install/moveit_ros_robot_interaction:/home/a/ws_moveit2/install/moveit_ros_perception:/home/a/ws_moveit2/install/moveit_resources_prbt_pg70_support:/home/a/ws_moveit2/install/moveit_resources_prbt_moveit_config:/home/a/ws_moveit2/install/moveit_ros_move_group:/home/a/ws_moveit2/install/moveit_planners_ompl:/home/a/ws_moveit2/install/left_arm_ikfast_plugin:/home/a/ws_moveit2/install/moveit_ros_planning:/home/a/ws_moveit2/install/moveit_ros_occupancy_map_monitor:/home/a/ws_moveit2/install/moveit_resources_prbt_ikfast_manipulator_plugin:/home/a/ws_moveit2/install/moveit_planners_chomp:/home/a/ws_moveit2/install/moveit_kinematics:/home/a/ws_moveit2/install/moveit_chomp_optimizer_adapter:/home/a/ws_moveit2/install/chomp_motion_planner:/home/a/ws_moveit2/install/moveit_core:/home/a/ws_moveit2/install/srdfdom:/home/a/ws_moveit2/install/rviz_marker_tools:/home/a/ws_moveit2/install/rosparam_shortcuts:/home/a/ws_moveit2/install/ros_tcp_endpoint:/home/a/ws_moveit2/install/red_seiretu_description:/home/a/ws_moveit2/install/realsense2_ros_mqtt_bridge:/home/a/ws_moveit2/install/realsense2_description:/home/a/ws_moveit2/install/realsense2_camera:/home/a/ws_moveit2/install/realsense2_camera_msgs:/home/a/ws_moveit2/install/object_description:/home/a/ws_moveit2/install/moveit_task_constructor_msgs:/home/a/ws_moveit2/install/moveit_resources_prbt_support:/home/a/ws_moveit2/install/moveit_resources:/home/a/ws_moveit2/install/moveit_resources_pr2_description:/home/a/ws_moveit2/install/moveit_resources_panda_moveit_config:/home/a/ws_moveit2/install/moveit_resources_panda_description:/home/a/ws_moveit2/install/moveit_resources_fanuc_moveit_config:/home/a/ws_moveit2/install/moveit_resources_fanuc_description:/home/a/ws_moveit2/install/moveit_common:/home/a/ws_moveit2/install/field_description_test:/home/a/ws_moveit2/install/field_description:/home/a/ws_moveit2/install/dynamixel_sdk_examples:/home/a/ws_moveit2/install/dynamixel_sdk_custom_interfaces:/home/a/ws_moveit2/install/dynamixel_controller_gui:/home/a/ws_moveit2/install/dynamixel_controller:/home/a/ws_moveit2/install/dynamixel_sdk:/home/a/ws_moveit2/install/dynamixel_controller_client:/home/a/ws_moveit2/install/d415_rgb_depth_3d:/home/a/ws_moveit2/install/catch_gazebo_ros2_control:/home/a/ws_moveit2/install/blue_seiretu_description:/home/a/ws_moveit2/install/0525_arm_description:/opt/ros/humble CMAKE_PREFIX_PATH=/home/a/ws_moveit2/install/moveit_setup_assistant:/home/a/ws_moveit2/install/moveit_setup_srdf_plugins:/home/a/ws_moveit2/install/moveit_setup_core_plugins:/home/a/ws_moveit2/install/moveit_setup_controllers:/home/a/ws_moveit2/install/moveit_setup_app_plugins:/home/a/ws_moveit2/install/moveit_planners:/home/a/ws_moveit2/install/pilz_industrial_motion_planner:/home/a/ws_moveit2/install/moveit_setup_framework:/home/a/ws_moveit2/install/moveit_servo:/home/a/ws_moveit2/install/moveit_ros_visualization:/home/a/ws_moveit2/install/moveit_resources_prbt_pg70_support:/home/a/ws_moveit2/install/moveit_ros_planning_interface:/home/a/ws_moveit2/install/moveit_resources_prbt_moveit_config:/home/a/ws_moveit2/install/moveit_ros_move_group:/home/a/ws_moveit2/install/moveit_ros_warehouse:/home/a/ws_moveit2/install/moveit_ros_robot_interaction:/home/a/ws_moveit2/install/moveit_planners_ompl:/home/a/ws_moveit2/install/moveit_kinematics:/home/a/ws_moveit2/install/moveit_ros_planning:/home/a/ws_moveit2/install/moveit_planners_chomp:/home/a/ws_moveit2/install/trac_ik_kinematics_plugin:/home/a/ws_moveit2/install/pilz_industrial_motion_planner_testutils:/home/a/ws_moveit2/install/moveit_simple_controller_manager:/home/a/ws_moveit2/install/moveit_ros_occupancy_map_monitor:/home/a/ws_moveit2/install/moveit_resources_prbt_ikfast_manipulator_plugin:/home/a/ws_moveit2/install/chomp_motion_planner:/home/a/ws_moveit2/install/moveit_core:/home/a/ws_moveit2/install/moveit_resources_panda_moveit_config:/home/a/ws_moveit2/install/moveit_resources_fanuc_moveit_config:/home/a/ws_moveit2/install/trac_ik_lib:/home/a/ws_moveit2/install/srdfdom:/home/a/ws_moveit2/install/moveit_resources_prbt_support:/home/a/ws_moveit2/install/moveit_resources_pr2_description:/home/a/ws_moveit2/install/moveit_resources_panda_description:/home/a/ws_moveit2/install/moveit_resources_fanuc_description:/home/a/ws_moveit2/install/moveit_common:/home/a/ws_moveit2/install/urdf_0816_description:/home/a/ws_moveit2/install/trac_ik:/home/a/ws_moveit2/install/robot_config:/home/a/ws_moveit2/install/right_arm_ikfast_plugin:/home/a/ws_moveit2/install/moveit_runtime:/home/a/ws_moveit2/install/moveit2_tutorials:/home/a/ws_moveit2/install/moveit:/home/a/ws_moveit2/install/mtc_tutorial:/home/a/ws_moveit2/install/hello_moveit:/home/a/ws_moveit2/install/moveit_visual_tools:/home/a/ws_moveit2/install/moveit_task_constructor_visualization:/home/a/ws_moveit2/install/moveit_task_constructor_demo:/home/a/ws_moveit2/install/moveit_task_constructor_capabilities:/home/a/ws_moveit2/install/moveit_task_constructor_core:/home/a/ws_moveit2/install/moveit_ros_control_interface:/home/a/ws_moveit2/install/moveit_plugins:/home/a/ws_moveit2/install/moveit_ros:/home/a/ws_moveit2/install/moveit_hybrid_planning:/home/a/ws_moveit2/install/moveit_ros_benchmarks:/home/a/ws_moveit2/install/moveit_ros_perception:/home/a/ws_moveit2/install/left_arm_ikfast_plugin:/home/a/ws_moveit2/install/moveit_chomp_optimizer_adapter:/home/a/ws_moveit2/install/rviz_marker_tools:/home/a/ws_moveit2/install/rosparam_shortcuts:/home/a/ws_moveit2/install/red_seiretu_description:/home/a/ws_moveit2/install/realsense2_description:/home/a/ws_moveit2/install/realsense2_camera:/home/a/ws_moveit2/install/realsense2_camera_msgs:/home/a/ws_moveit2/install/object_description:/home/a/ws_moveit2/install/moveit_task_constructor_msgs:/home/a/ws_moveit2/install/moveit_resources:/home/a/ws_moveit2/install/field_description_test:/home/a/ws_moveit2/install/field_description:/home/a/ws_moveit2/install/dynamixel_sdk_examples:/home/a/ws_moveit2/install/dynamixel_sdk_custom_interfaces:/home/a/ws_moveit2/install/dynamixel_controller:/home/a/ws_moveit2/install/dynamixel_sdk:/home/a/ws_moveit2/install/catch_gazebo_ros2_control:/home/a/ws_moveit2/install/blue_seiretu_description:/home/a/ws_moveit2/install/0525_arm_description:/home/a/ws_moveit2/install/moveit_configs_utils:/home/a/ws_moveit2/install/ros_tcp_endpoint:/home/a/ws_moveit2/install/realsense2_ros_mqtt_bridge:/home/a/ws_moveit2/install/launch_param_builder:/home/a/ws_moveit2/install/dynamixel_controller_gui:/home/a/ws_moveit2/install/dynamixel_controller_client:/home/a/ws_moveit2/install/d415_rgb_depth_3d:/opt/ros/humble LD_LIBRARY_PATH=/home/a/ws_moveit2/install/moveit_setup_srdf_plugins/lib:/home/a/ws_moveit2/install/moveit_setup_core_plugins/lib:/home/a/ws_moveit2/install/moveit_setup_controllers/lib:/home/a/ws_moveit2/install/moveit_setup_app_plugins/lib:/home/a/ws_moveit2/install/pilz_industrial_motion_planner/lib:/home/a/ws_moveit2/install/moveit_setup_framework/lib:/home/a/ws_moveit2/install/moveit_servo/lib:/home/a/ws_moveit2/install/moveit_ros_visualization/lib:/home/a/ws_moveit2/install/moveit_ros_planning_interface/lib:/home/a/ws_moveit2/install/moveit_ros_move_group/lib:/home/a/ws_moveit2/install/moveit_ros_warehouse/lib:/home/a/ws_moveit2/install/moveit_ros_robot_interaction/lib:/home/a/ws_moveit2/install/moveit_planners_ompl/lib:/home/a/ws_moveit2/install/moveit_kinematics/lib:/home/a/ws_moveit2/install/moveit_ros_planning/lib:/home/a/ws_moveit2/install/moveit_planners_chomp/lib:/home/a/ws_moveit2/install/trac_ik_kinematics_plugin/lib:/home/a/ws_moveit2/install/pilz_industrial_motion_planner_testutils/lib:/home/a/ws_moveit2/install/moveit_simple_controller_manager/lib:/home/a/ws_moveit2/install/moveit_ros_occupancy_map_monitor/lib:/home/a/ws_moveit2/install/moveit_resources_prbt_ikfast_manipulator_plugin/lib:/home/a/ws_moveit2/install/chomp_motion_planner/lib:/home/a/ws_moveit2/install/moveit_core/lib:/home/a/ws_moveit2/install/trac_ik_lib/lib:/home/a/ws_moveit2/install/srdfdom/lib:/home/a/ws_moveit2/install/right_arm_ikfast_plugin/lib:/home/a/ws_moveit2/install/moveit_visual_tools/lib:/home/a/ws_moveit2/install/moveit_task_constructor_visualization/lib:/home/a/ws_moveit2/install/moveit_task_constructor_demo/lib:/home/a/ws_moveit2/install/moveit_task_constructor_capabilities/lib:/home/a/ws_moveit2/install/moveit_task_constructor_core/lib:/home/a/ws_moveit2/install/moveit_ros_control_interface/lib:/home/a/ws_moveit2/install/moveit_setup_assistant/lib:/home/a/ws_moveit2/install/moveit_hybrid_planning/lib:/home/a/ws_moveit2/install/moveit_ros_benchmarks/lib:/home/a/ws_moveit2/install/moveit_ros_perception/lib:/home/a/ws_moveit2/install/left_arm_ikfast_plugin/lib:/home/a/ws_moveit2/install/moveit_chomp_optimizer_adapter/lib:/home/a/ws_moveit2/install/rviz_marker_tools/lib:/home/a/ws_moveit2/install/rosparam_shortcuts/lib:/home/a/ws_moveit2/install/realsense2_camera/lib:/home/a/ws_moveit2/install/realsense2_camera_msgs/lib:/home/a/ws_moveit2/install/moveit_task_constructor_msgs/lib:/home/a/ws_moveit2/install/dynamixel_sdk_custom_interfaces/lib:/home/a/ws_moveit2/install/dynamixel_controller/lib:/home/a/ws_moveit2/install/dynamixel_sdk/lib:/usr/lib/x86_64-linux-gnu/gazebo-11/plugins:/opt/ros/humble/opt/rviz_ogre_vendor/lib:/opt/ros/humble/lib/x86_64-linux-gnu:/opt/ros/humble/lib PYTHONPATH=/home/a/ws_moveit2/install/moveit_configs_utils/lib/python3.10/site-packages:/home/a/ws_moveit2/install/launch_param_builder/lib/python3.10/site-packages:/home/a/ws_moveit2/install/moveit_task_constructor_core/local/lib/python3.10/dist-packages:/home/a/ws_moveit2/install/srdfdom/local/lib/python3.10/dist-packages:/home/a/ws_moveit2/install/ros_tcp_endpoint/lib/python3.10/site-packages:/home/a/ws_moveit2/install/realsense2_ros_mqtt_bridge/lib/python3.10/site-packages:/home/a/ws_moveit2/install/realsense2_camera_msgs/local/lib/python3.10/dist-packages:/home/a/ws_moveit2/install/moveit_task_constructor_msgs/local/lib/python3.10/dist-packages:/home/a/ws_moveit2/install/dynamixel_sdk_custom_interfaces/local/lib/python3.10/dist-packages:/home/a/ws_moveit2/install/dynamixel_controller_gui/lib/python3.10/site-packages:/home/a/ws_moveit2/install/dynamixel_controller/local/lib/python3.10/dist-packages:/home/a/ws_moveit2/install/dynamixel_controller_client/lib/python3.10/site-packages:/home/a/ws_moveit2/install/d415_rgb_depth_3d/lib/python3.10/site-packages:/opt/ros/humble/lib/python3.10/site-packages:/opt/ros/humble/local/lib/python3.10/dist-packages /usr/bin/cmake --build /home/a/ws_moveit2/build/robot_config -- -j22 -l22
[0.149s] -- Found ament_cmake: 1.3.12 (/opt/ros/humble/share/ament_cmake/cmake)
[0.239s] -- Found rclcpp: 16.0.14 (/opt/ros/humble/share/rclcpp/cmake)
[0.258s] -- Found rosidl_generator_c: 3.1.7 (/opt/ros/humble/share/rosidl_generator_c/cmake)
[0.259s] -- Found rosidl_adapter: 3.1.7 (/opt/ros/humble/share/rosidl_adapter/cmake)
[0.262s] -- Found rosidl_generator_cpp: 3.1.7 (/opt/ros/humble/share/rosidl_generator_cpp/cmake)
[0.270s] -- Using all available rosidl_typesupport_c: rosidl_typesupport_fastrtps_c;rosidl_typesupport_introspection_c
[0.279s] -- Using all available rosidl_typesupport_cpp: rosidl_typesupport_fastrtps_cpp;rosidl_typesupport_introspection_cpp
[0.301s] -- Found rmw_implementation_cmake: 6.1.2 (/opt/ros/humble/share/rmw_implementation_cmake/cmake)
[0.304s] -- Found rmw_fastrtps_cpp: 6.2.8 (/opt/ros/humble/share/rmw_fastrtps_cpp/cmake)
[0.384s] -- Using RMW implementation 'rmw_fastrtps_cpp' as default
[0.414s] -- Found rclcpp_action: 16.0.14 (/opt/ros/humble/share/rclcpp_action/cmake)
[0.532s] -- Found Boost: /usr/lib/x86_64-linux-gnu/cmake/Boost-1.74.0/BoostConfig.cmake (found version "1.74.0") found components: chrono date_time filesystem iostreams program_options regex serialization system thread 
[0.552s] -- Found Boost: /usr/lib/x86_64-linux-gnu/cmake/Boost-1.74.0/BoostConfig.cmake (found version "1.74.0") found components: filesystem 
[0.588s] -- library: /usr/lib/x86_64-linux-gnu/libcurl.so
[0.611s] -- Ensuring Eigen3 include directory is part of orocos-kdl CMake target
[0.711s] -- Found Boost: /usr/lib/x86_64-linux-gnu/cmake/Boost-1.74.0/BoostConfig.cmake (found version "1.74.0") found components: system filesystem date_time program_options thread chrono 
[0.739s] -- Found moveit_ros_planning_interface: 2.5.9 (/home/a/ws_moveit2/install/moveit_ros_planning_interface/share/moveit_ros_planning_interface/cmake)
[0.742s] -- Found Boost: /usr/lib/x86_64-linux-gnu/cmake/Boost-1.74.0/BoostConfig.cmake (found version "1.74.0") found components: date_time filesystem program_options system thread 
[0.751s] -- Found Boost: /usr/lib/x86_64-linux-gnu/cmake/Boost-1.74.0/BoostConfig.cmake (found version "1.74.0") found components: thread system filesystem regex date_time program_options 
[0.764s] -- Found Boost: /usr/lib/x86_64-linux-gnu/cmake/Boost-1.74.0/BoostConfig.cmake (found version "1.74.0") found components: system filesystem date_time program_options thread 
[0.863s] -- Configuring done
[0.881s] -- Generating done
[0.887s] -- Build files have been written to: /home/a/ws_moveit2/build/robot_config
[0.922s] [35m[1mConsolidate compiler generated dependencies of target pose_command_publisher[0m
[0.922s] [35m[1mConsolidate compiler generated dependencies of target dual_arm_servo_controller[0m
[0.923s] [35m[1mConsolidate compiler generated dependencies of target move_to_pose_dual_cpp[0m
[0.937s] [ 33%] Built target dual_arm_servo_controller
[0.939s] [ 66%] Built target pose_command_publisher
[0.944s] [ 83%] [32mBuilding CXX object CMakeFiles/move_to_pose_dual_cpp.dir/src/move_to_pose_dual_cpp.cpp.o[0m
[5.419s] [01m[K/home/a/ws_moveit2/src/robot_config/src/move_to_pose_dual_cpp.cpp:1222:2:[m[K [01;31m[Kerror: [m[Kexpected ‘[01m[K}[m[K’ at end of input
[5.419s]  1222 | }
[5.419s]       |  [01;31m[K^[m[K
[5.419s] [01m[K/home/a/ws_moveit2/src/robot_config/src/move_to_pose_dual_cpp.cpp:25:1:[m[K [01;36m[Knote: [m[Kto match this ‘[01m[K{[m[K’
[5.419s]    25 | [01;36m[K{[m[K
[5.419s]       | [01;36m[K^[m[K
[5.432s] [01m[K/home/a/ws_moveit2/src/robot_config/src/move_to_pose_dual_cpp.cpp:[m[K In constructor ‘[01m[KMoveToPoseDualCpp::MoveToPoseDualCpp()[m[K’:
[5.432s] [01m[K/home/a/ws_moveit2/src/robot_config/src/move_to_pose_dual_cpp.cpp:31:9:[m[K [01;31m[Kerror: [m[K‘[01m[Kleft_rpy_sub_[m[K’ was not declared in this scope
[5.432s]    31 |         [01;31m[Kleft_rpy_sub_[m[K = this->create_subscription<std_msgs::msg::Float64MultiArray>(
[5.432s]       |         [01;31m[K^~~~~~~~~~~~~[m[K
[5.486s] [01m[K/home/a/ws_moveit2/src/robot_config/src/move_to_pose_dual_cpp.cpp:33:9:[m[K [01;31m[Kerror: [m[K‘[01m[Kright_rpy_sub_[m[K’ was not declared in this scope
[5.486s]    33 |         [01;31m[Kright_rpy_sub_[m[K = this->create_subscription<std_msgs::msg::Float64MultiArray>(
[5.486s]       |         [01;31m[K^~~~~~~~~~~~~~[m[K
[5.499s] [01m[K/home/a/ws_moveit2/src/robot_config/src/move_to_pose_dual_cpp.cpp:36:9:[m[K [01;31m[Kerror: [m[K‘[01m[Kdual_rpy_sub_[m[K’ was not declared in this scope
[5.499s]    36 |         [01;31m[Kdual_rpy_sub_[m[K = this->create_subscription<std_msgs::msg::Float64MultiArray>(
[5.499s]       |         [01;31m[K^~~~~~~~~~~~~[m[K
[5.513s] [01m[K/home/a/ws_moveit2/src/robot_config/src/move_to_pose_dual_cpp.cpp:41:9:[m[K [01;31m[Kerror: [m[K‘[01m[Kjoint_state_sub_[m[K’ was not declared in this scope
[5.513s]    41 |         [01;31m[Kjoint_state_sub_[m[K = this->create_subscription<sensor_msgs::msg::JointState>(
[5.513s]       |         [01;31m[K^~~~~~~~~~~~~~~~[m[K
[5.531s] [01m[K/home/a/ws_moveit2/src/robot_config/src/move_to_pose_dual_cpp.cpp:[m[K In lambda function:
[5.531s] [01m[K/home/a/ws_moveit2/src/robot_config/src/move_to_pose_dual_cpp.cpp:44:22:[m[K [01;31m[Kerror: [m[K‘[01m[Kjoint_state_ready_[m[K’ was not declared in this scope
[5.531s]    44 |                 if (![01;31m[Kjoint_state_ready_[m[K) {
[5.531s]       |                      [01;31m[K^~~~~~~~~~~~~~~~~~[m[K
[5.549s] [01m[K/home/a/ws_moveit2/src/robot_config/src/move_to_pose_dual_cpp.cpp:47:21:[m[K [01;31m[Kerror: [m[K‘[01m[KattemptFlushPending[m[K’ was not declared in this scope
[5.549s]    47 |                     [01;31m[KattemptFlushPending[m[K();
[5.549s]       |                     [01;31m[K^~~~~~~~~~~~~~~~~~~[m[K
[5.599s] [01m[K/home/a/ws_moveit2/src/robot_config/src/move_to_pose_dual_cpp.cpp:[m[K In constructor ‘[01m[KMoveToPoseDualCpp::MoveToPoseDualCpp()[m[K’:
[5.599s] [01m[K/home/a/ws_moveit2/src/robot_config/src/move_to_pose_dual_cpp.cpp:53:9:[m[K [01;31m[Kerror: [m[K‘[01m[Kenable_local_psm_[m[K’ was not declared in this scope
[5.599s]    53 |         [01;31m[Kenable_local_psm_[m[K = this->declare_parameter<bool>("enable_local_planning_scene_monitor", false);
[5.599s]       |         [01;31m[K^~~~~~~~~~~~~~~~~[m[K
[5.615s] [01m[K/home/a/ws_moveit2/src/robot_config/src/move_to_pose_dual_cpp.cpp:56:9:[m[K [01;31m[Kerror: [m[K‘[01m[Kleft_init_thread_[m[K’ was not declared in this scope
[5.615s]    56 |         [01;31m[Kleft_init_thread_[m[K = std::thread([this]() {
[5.615s]       |         [01;31m[K^~~~~~~~~~~~~~~~~[m[K
[5.634s] [01m[K/home/a/ws_moveit2/src/robot_config/src/move_to_pose_dual_cpp.cpp:[m[K In lambda function:
[5.634s] [01m[K/home/a/ws_moveit2/src/robot_config/src/move_to_pose_dual_cpp.cpp:58:13:[m[K [01;31m[Kerror: [m[K‘[01m[Kleft_move_group_interface_[m[K’ was not declared in this scope; did you mean ‘[01m[Kget_node_graph_interface[m[K’?
[5.634s]    58 |             [01;31m[Kleft_move_group_interface_[m[K = std::make_shared<moveit::planning_interface::MoveGroupInterface>(rclcpp::Node::SharedPtr(this, [](rclcpp::Node*){}), "left_arm");
[5.634s]       |             [01;31m[K^~~~~~~~~~~~~~~~~~~~~~~~~~[m[K
[5.635s]       |             [32m[Kget_node_graph_interface[m[K
[5.664s] [01m[K/home/a/ws_moveit2/src/robot_config/src/move_to_pose_dual_cpp.cpp:66:13:[m[K [01;31m[Kerror: [m[K‘[01m[Kleft_hand_move_group_interface_[m[K’ was not declared in this scope
[5.664s]    66 |             [01;31m[Kleft_hand_move_group_interface_[m[K = std::make_shared<moveit::planning_interface::MoveGroupInterface>(rclcpp::Node::SharedPtr(this, [](rclcpp::Node*){}), "left_hand");
[5.664s]       |             [01;31m[K^~~~~~~~~~~~~~~~~~~~~~~~~~~~~~~[m[K
[5.683s] [01m[K/home/a/ws_moveit2/src/robot_config/src/move_to_pose_dual_cpp.cpp:72:17:[m[K [01;31m[Kerror: [m[K‘[01m[Kleft_pose_received_[m[K’ was not declared in this scope
[5.683s]    72 |             if ([01;31m[Kleft_pose_received_[m[K && last_left_pose_rpy_.size() == 6 && left_move_group_interface_) {
[5.683s]       |                 [01;31m[K^~~~~~~~~~~~~~~~~~~[m[K
[5.700s] [01m[K/home/a/ws_moveit2/src/robot_config/src/move_to_pose_dual_cpp.cpp:72:40:[m[K [01;31m[Kerror: [m[K‘[01m[Klast_left_pose_rpy_[m[K’ was not declared in this scope
[5.700s]    72 |             if (left_pose_received_ && [01;31m[Klast_left_pose_rpy_[m[K.size() == 6 && left_move_group_interface_) {
[5.700s]       |                                        [01;31m[K^~~~~~~~~~~~~~~~~~~[m[K
[5.718s] [01m[K/home/a/ws_moveit2/src/robot_config/src/move_to_pose_dual_cpp.cpp:[m[K In constructor ‘[01m[KMoveToPoseDualCpp::MoveToPoseDualCpp()[m[K’:
[5.718s] [01m[K/home/a/ws_moveit2/src/robot_config/src/move_to_pose_dual_cpp.cpp:92:9:[m[K [01;31m[Kerror: [m[K‘[01m[Kright_init_thread_[m[K’ was not declared in this scope
[5.718s]    92 |         [01;31m[Kright_init_thread_[m[K = std::thread([this]() {
[5.718s]       |         [01;31m[K^~~~~~~~~~~~~~~~~~[m[K
[5.738s] [01m[K/home/a/ws_moveit2/src/robot_config/src/move_to_pose_dual_cpp.cpp:[m[K In lambda function:
[5.738s] [01m[K/home/a/ws_moveit2/src/robot_config/src/move_to_pose_dual_cpp.cpp:94:13:[m[K [01;31m[Kerror: [m[K‘[01m[Kright_move_group_interface_[m[K’ was not declared in this scope; did you mean ‘[01m[Kget_node_graph_interface[m[K’?
[5.739s]    94 |             [01;31m[Kright_move_group_interface_[m[K = std::make_shared<moveit::planning_interface::MoveGroupInterface>(rclcpp::Node::SharedPtr(this, [](rclcpp::Node*){}), "right_arm");
[5.739s]       |             [01;31m[K^~~~~~~~~~~~~~~~~~~~~~~~~~~[m[K
[5.739s]       |             [32m[Kget_node_graph_interface[m[K
[5.767s] [01m[K/home/a/ws_moveit2/src/robot_config/src/move_to_pose_dual_cpp.cpp:102:13:[m[K [01;31m[Kerror: [m[K‘[01m[Kright_hand_move_group_interface_[m[K’ was not declared in this scope
[5.767s]   102 |             [01;31m[Kright_hand_move_group_interface_[m[K = std::make_shared<moveit::planning_interface::MoveGroupInterface>(rclcpp::Node::SharedPtr(this, [](rclcpp::Node*){}), "right_hand");
[5.767s]       |             [01;31m[K^~~~~~~~~~~~~~~~~~~~~~~~~~~~~~~~[m[K
[5.786s] [01m[K/home/a/ws_moveit2/src/robot_config/src/move_to_pose_dual_cpp.cpp:108:17:[m[K [01;31m[Kerror: [m[K‘[01m[Kright_pose_received_[m[K’ was not declared in this scope
[5.786s]   108 |             if ([01;31m[Kright_pose_received_[m[K && last_right_pose_rpy_.size() == 6 && right_move_group_interface_) {
[5.786s]       |                 [01;31m[K^~~~~~~~~~~~~~~~~~~~[m[K
[5.804s] [01m[K/home/a/ws_moveit2/src/robot_config/src/move_to_pose_dual_cpp.cpp:108:41:[m[K [01;31m[Kerror: [m[K‘[01m[Klast_right_pose_rpy_[m[K’ was not declared in this scope
[5.805s]   108 |             if (right_pose_received_ && [01;31m[Klast_right_pose_rpy_[m[K.size() == 6 && right_move_group_interface_) {
[5.805s]       |                                         [01;31m[K^~~~~~~~~~~~~~~~~~~~[m[K
[5.820s] [01m[K/home/a/ws_moveit2/src/robot_config/src/move_to_pose_dual_cpp.cpp:[m[K In constructor ‘[01m[KMoveToPoseDualCpp::MoveToPoseDualCpp()[m[K’:
[5.820s] [01m[K/home/a/ws_moveit2/src/robot_config/src/move_to_pose_dual_cpp.cpp:128:9:[m[K [01;31m[Kerror: [m[K‘[01m[Kleft_attach_sub_[m[K’ was not declared in this scope
[5.820s]   128 |         [01;31m[Kleft_attach_sub_[m[K = this->create_subscription<std_msgs::msg::String>(
[5.820s]       |         [01;31m[K^~~~~~~~~~~~~~~~[m[K
[5.820s] [01m[K/home/a/ws_moveit2/src/robot_config/src/move_to_pose_dual_cpp.cpp:129:70:[m[K [01;31m[Kerror: [m[K‘[01m[Kleft_attach_callback[m[K’ is not a member of ‘[01m[KMoveToPoseDualCpp[m[K’
[5.820s]   129 |             "/left_attach_object", 10, std::bind(&MoveToPoseDualCpp::[01;31m[Kleft_attach_callback[m[K, this, std::placeholders::_1));
[5.820s]       |                                                                      [01;31m[K^~~~~~~~~~~~~~~~~~~~[m[K
[5.833s] [01m[K/home/a/ws_moveit2/src/robot_config/src/move_to_pose_dual_cpp.cpp:130:9:[m[K [01;31m[Kerror: [m[K‘[01m[Kleft_detach_sub_[m[K’ was not declared in this scope
[5.833s]   130 |         [01;31m[Kleft_detach_sub_[m[K = this->create_subscription<std_msgs::msg::String>(
[5.834s]       |         [01;31m[K^~~~~~~~~~~~~~~~[m[K
[5.834s] [01m[K/home/a/ws_moveit2/src/robot_config/src/move_to_pose_dual_cpp.cpp:131:70:[m[K [01;31m[Kerror: [m[K‘[01m[Kleft_detach_callback[m[K’ is not a member of ‘[01m[KMoveToPoseDualCpp[m[K’
[5.834s]   131 |             "/left_detach_object", 10, std::bind(&MoveToPoseDualCpp::[01;31m[Kleft_detach_callback[m[K, this, std::placeholders::_1));
[5.834s]       |                                                                      [01;31m[K^~~~~~~~~~~~~~~~~~~~[m[K
[5.848s] [01m[K/home/a/ws_moveit2/src/robot_config/src/move_to_pose_dual_cpp.cpp:132:9:[m[K [01;31m[Kerror: [m[K‘[01m[Kright_attach_sub_[m[K’ was not declared in this scope
[5.848s]   132 |         [01;31m[Kright_attach_sub_[m[K = this->create_subscription<std_msgs::msg::String>(
[5.848s]       |         [01;31m[K^~~~~~~~~~~~~~~~~[m[K
[5.848s] [01m[K/home/a/ws_moveit2/src/robot_config/src/move_to_pose_dual_cpp.cpp:133:71:[m[K [01;31m[Kerror: [m[K‘[01m[Kright_attach_callback[m[K’ is not a member of ‘[01m[KMoveToPoseDualCpp[m[K’
[5.848s]   133 |             "/right_attach_object", 10, std::bind(&MoveToPoseDualCpp::[01;31m[Kright_attach_callback[m[K, this, std::placeholders::_1));
[5.848s]       |                                                                       [01;31m[K^~~~~~~~~~~~~~~~~~~~~[m[K
[5.864s] [01m[K/home/a/ws_moveit2/src/robot_config/src/move_to_pose_dual_cpp.cpp:134:9:[m[K [01;31m[Kerror: [m[K‘[01m[Kright_detach_sub_[m[K’ was not declared in this scope
[5.865s]   134 |         [01;31m[Kright_detach_sub_[m[K = this->create_subscription<std_msgs::msg::String>(
[5.865s]       |         [01;31m[K^~~~~~~~~~~~~~~~~[m[K
[5.865s] [01m[K/home/a/ws_moveit2/src/robot_config/src/move_to_pose_dual_cpp.cpp:135:71:[m[K [01;31m[Kerror: [m[K‘[01m[Kright_detach_callback[m[K’ is not a member of ‘[01m[KMoveToPoseDualCpp[m[K’
[5.865s]   135 |             "/right_detach_object", 10, std::bind(&MoveToPoseDualCpp::[01;31m[Kright_detach_callback[m[K, this, std::placeholders::_1));
[5.865s]       |                                                                       [01;31m[K^~~~~~~~~~~~~~~~~~~~~[m[K
[5.878s] [01m[K/home/a/ws_moveit2/src/robot_config/src/move_to_pose_dual_cpp.cpp:138:9:[m[K [01;31m[Kerror: [m[K‘[01m[Kleft_arm_up_sub_[m[K’ was not declared in this scope
[5.878s]   138 |         [01;31m[Kleft_arm_up_sub_[m[K = this->create_subscription<std_msgs::msg::String>(
[5.878s]       |         [01;31m[K^~~~~~~~~~~~~~~~[m[K
[5.878s] [01m[K/home/a/ws_moveit2/src/robot_config/src/move_to_pose_dual_cpp.cpp:139:63:[m[K [01;31m[Kerror: [m[K‘[01m[Kleft_arm_up_callback[m[K’ is not a member of ‘[01m[KMoveToPoseDualCpp[m[K’
[5.878s]   139 |             "/left_arm_up", 10, std::bind(&MoveToPoseDualCpp::[01;31m[Kleft_arm_up_callback[m[K, this, std::placeholders::_1));
[5.878s]       |                                                               [01;31m[K^~~~~~~~~~~~~~~~~~~~[m[K
[5.894s] [01m[K/home/a/ws_moveit2/src/robot_config/src/move_to_pose_dual_cpp.cpp:140:9:[m[K [01;31m[Kerror: [m[K‘[01m[Kleft_arm_down_sub_[m[K’ was not declared in this scope
[5.894s]   140 |         [01;31m[Kleft_arm_down_sub_[m[K = this->create_subscription<std_msgs::msg::String>(
[5.894s]       |         [01;31m[K^~~~~~~~~~~~~~~~~~[m[K
[5.895s] [01m[K/home/a/ws_moveit2/src/robot_config/src/move_to_pose_dual_cpp.cpp:141:65:[m[K [01;31m[Kerror: [m[K‘[01m[Kleft_arm_down_callback[m[K’ is not a member of ‘[01m[KMoveToPoseDualCpp[m[K’
[5.895s]   141 |             "/left_arm_down", 10, std::bind(&MoveToPoseDualCpp::[01;31m[Kleft_arm_down_callback[m[K, this, std::placeholders::_1));
[5.895s]       |                                                                 [01;31m[K^~~~~~~~~~~~~~~~~~~~~~[m[K
[5.909s] [01m[K/home/a/ws_moveit2/src/robot_config/src/move_to_pose_dual_cpp.cpp:142:9:[m[K [01;31m[Kerror: [m[K‘[01m[Kright_arm_up_sub_[m[K’ was not declared in this scope
[5.909s]   142 |         [01;31m[Kright_arm_up_sub_[m[K = this->create_subscription<std_msgs::msg::String>(
[5.909s]       |         [01;31m[K^~~~~~~~~~~~~~~~~[m[K
[5.909s] [01m[K/home/a/ws_moveit2/src/robot_config/src/move_to_pose_dual_cpp.cpp:143:64:[m[K [01;31m[Kerror: [m[K‘[01m[Kright_arm_up_callback[m[K’ is not a member of ‘[01m[KMoveToPoseDualCpp[m[K’
[5.909s]   143 |             "/right_arm_up", 10, std::bind(&MoveToPoseDualCpp::[01;31m[Kright_arm_up_callback[m[K, this, std::placeholders::_1));
[5.909s]       |                                                                [01;31m[K^~~~~~~~~~~~~~~~~~~~~[m[K
[5.926s] [01m[K/home/a/ws_moveit2/src/robot_config/src/move_to_pose_dual_cpp.cpp:144:9:[m[K [01;31m[Kerror: [m[K‘[01m[Kright_arm_down_sub_[m[K’ was not declared in this scope
[5.926s]   144 |         [01;31m[Kright_arm_down_sub_[m[K = this->create_subscription<std_msgs::msg::String>(
[5.926s]       |         [01;31m[K^~~~~~~~~~~~~~~~~~~[m[K
[5.926s] [01m[K/home/a/ws_moveit2/src/robot_config/src/move_to_pose_dual_cpp.cpp:145:66:[m[K [01;31m[Kerror: [m[K‘[01m[Kright_arm_down_callback[m[K’ is not a member of ‘[01m[KMoveToPoseDualCpp[m[K’
[5.926s]   145 |             "/right_arm_down", 10, std::bind(&MoveToPoseDualCpp::[01;31m[Kright_arm_down_callback[m[K, this, std::placeholders::_1));
[5.926s]       |                                                                  [01;31m[K^~~~~~~~~~~~~~~~~~~~~~~[m[K
[5.942s] [01m[K/home/a/ws_moveit2/src/robot_config/src/move_to_pose_dual_cpp.cpp:148:9:[m[K [01;31m[Kerror: [m[K‘[01m[Kleft_arm_open_sub_[m[K’ was not declared in this scope
[5.943s]   148 |         [01;31m[Kleft_arm_open_sub_[m[K = this->create_subscription<std_msgs::msg::String>(
[5.943s]       |         [01;31m[K^~~~~~~~~~~~~~~~~~[m[K
[5.943s] [01m[K/home/a/ws_moveit2/src/robot_config/src/move_to_pose_dual_cpp.cpp:149:65:[m[K [01;31m[Kerror: [m[K‘[01m[Kleft_arm_open_callback[m[K’ is not a member of ‘[01m[KMoveToPoseDualCpp[m[K’
[5.943s]   149 |             "/left_arm_open", 10, std::bind(&MoveToPoseDualCpp::[01;31m[Kleft_arm_open_callback[m[K, this, std::placeholders::_1));
[5.943s]       |                                                                 [01;31m[K^~~~~~~~~~~~~~~~~~~~~~[m[K
[5.960s] [01m[K/home/a/ws_moveit2/src/robot_config/src/move_to_pose_dual_cpp.cpp:150:9:[m[K [01;31m[Kerror: [m[K‘[01m[Kleft_arm_close_sub_[m[K’ was not declared in this scope
[5.960s]   150 |         [01;31m[Kleft_arm_close_sub_[m[K = this->create_subscription<std_msgs::msg::String>(
[5.960s]       |         [01;31m[K^~~~~~~~~~~~~~~~~~~[m[K
[5.960s] [01m[K/home/a/ws_moveit2/src/robot_config/src/move_to_pose_dual_cpp.cpp:151:66:[m[K [01;31m[Kerror: [m[K‘[01m[Kleft_arm_close_callback[m[K’ is not a member of ‘[01m[KMoveToPoseDualCpp[m[K’
[5.960s]   151 |             "/left_arm_close", 10, std::bind(&MoveToPoseDualCpp::[01;31m[Kleft_arm_close_callback[m[K, this, std::placeholders::_1));
[5.960s]       |                                                                  [01;31m[K^~~~~~~~~~~~~~~~~~~~~~~[m[K
[5.977s] [01m[K/home/a/ws_moveit2/src/robot_config/src/move_to_pose_dual_cpp.cpp:152:9:[m[K [01;31m[Kerror: [m[K‘[01m[Kright_arm_open_sub_[m[K’ was not declared in this scope
[5.977s]   152 |         [01;31m[Kright_arm_open_sub_[m[K = this->create_subscription<std_msgs::msg::String>(
[5.977s]       |         [01;31m[K^~~~~~~~~~~~~~~~~~~[m[K
[5.977s] [01m[K/home/a/ws_moveit2/src/robot_config/src/move_to_pose_dual_cpp.cpp:153:66:[m[K [01;31m[Kerror: [m[K‘[01m[Kright_arm_open_callback[m[K’ is not a member of ‘[01m[KMoveToPoseDualCpp[m[K’
[5.977s]   153 |             "/right_arm_open", 10, std::bind(&MoveToPoseDualCpp::[01;31m[Kright_arm_open_callback[m[K, this, std::placeholders::_1));
[5.977s]       |                                                                  [01;31m[K^~~~~~~~~~~~~~~~~~~~~~~[m[K
[5.995s] [01m[K/home/a/ws_moveit2/src/robot_config/src/move_to_pose_dual_cpp.cpp:154:9:[m[K [01;31m[Kerror: [m[K‘[01m[Kright_arm_close_sub_[m[K’ was not declared in this scope
[5.995s]   154 |         [01;31m[Kright_arm_close_sub_[m[K = this->create_subscription<std_msgs::msg::String>(
[5.995s]       |         [01;31m[K^~~~~~~~~~~~~~~~~~~~[m[K
[5.996s] [01m[K/home/a/ws_moveit2/src/robot_config/src/move_to_pose_dual_cpp.cpp:155:67:[m[K [01;31m[Kerror: [m[K‘[01m[Kright_arm_close_callback[m[K’ is not a member of ‘[01m[KMoveToPoseDualCpp[m[K’
[5.996s]   155 |             "/right_arm_close", 10, std::bind(&MoveToPoseDualCpp::[01;31m[Kright_arm_close_callback[m[K, this, std::placeholders::_1));
[5.996s]       |                                                                   [01;31m[K^~~~~~~~~~~~~~~~~~~~~~~~[m[K
[6.010s] [01m[K/home/a/ws_moveit2/src/robot_config/src/move_to_pose_dual_cpp.cpp:160:9:[m[K [01;31m[Kerror: [m[K‘[01m[Kpost_init_timer_[m[K’ was not declared in this scope
[6.010s]   160 |         [01;31m[Kpost_init_timer_[m[K = this->create_wall_timer(
[6.010s]       |         [01;31m[K^~~~~~~~~~~~~~~~[m[K
[6.011s] [01m[K/home/a/ws_moveit2/src/robot_config/src/move_to_pose_dual_cpp.cpp:[m[K In lambda function:
[6.011s] [01m[K/home/a/ws_moveit2/src/robot_config/src/move_to_pose_dual_cpp.cpp:165:17:[m[K [01;31m[Kerror: [m[K‘[01m[Kpost_init_timer_[m[K’ is not captured
[6.011s]   165 |                 [01;31m[Kpost_init_timer_[m[K->cancel();
[6.011s]       |                 [01;31m[K^~~~~~~~~~~~~~~~[m[K
[6.011s] [01m[K/home/a/ws_moveit2/src/robot_config/src/move_to_pose_dual_cpp.cpp:162:18:[m[K [01;36m[Knote: [m[Kthe lambda has no capture-default
[6.011s]   162 |             [this[01;36m[K][m[K() {
[6.011s]       |                  [01;36m[K^[m[K
[6.011s] [01m[K/home/a/ws_moveit2/src/robot_config/src/move_to_pose_dual_cpp.cpp:160:9:[m[K [01;36m[Knote: [m[K‘[01m[K<typeprefixerror>post_init_timer_[m[K’ declared here
[6.011s]   160 |         [01;36m[Kpost_init_timer_[m[K = this->create_wall_timer(
[6.011s]       |         [01;36m[K^~~~~~~~~~~~~~~~[m[K
[6.030s] [01m[K/home/a/ws_moveit2/src/robot_config/src/move_to_pose_dual_cpp.cpp:[m[K In destructor ‘[01m[Kvirtual MoveToPoseDualCpp::~MoveToPoseDualCpp()[m[K’:
[6.031s] [01m[K/home/a/ws_moveit2/src/robot_config/src/move_to_pose_dual_cpp.cpp:172:13:[m[K [01;31m[Kerror: [m[K‘[01m[Kleft_init_thread_[m[K’ was not declared in this scope
[6.031s]   172 |         if ([01;31m[Kleft_init_thread_[m[K.joinable())
[6.031s]       |             [01;31m[K^~~~~~~~~~~~~~~~~[m[K
[6.047s] [01m[K/home/a/ws_moveit2/src/robot_config/src/move_to_pose_dual_cpp.cpp:176:13:[m[K [01;31m[Kerror: [m[K‘[01m[Kright_init_thread_[m[K’ was not declared in this scope
[6.047s]   176 |         if ([01;31m[Kright_init_thread_[m[K.joinable())
[6.047s]       |             [01;31m[K^~~~~~~~~~~~~~~~~~[m[K
[6.067s] [01m[K/home/a/ws_moveit2/src/robot_config/src/move_to_pose_dual_cpp.cpp:[m[K In member function ‘[01m[Kvoid MoveToPoseDualCpp::do_post_init()[m[K’:
[6.067s] [01m[K/home/a/ws_moveit2/src/robot_config/src/move_to_pose_dual_cpp.cpp:188:9:[m[K [01;31m[Kerror: [m[K‘[01m[Kplanning_scene_interface_[m[K’ was not declared in this scope; did you mean ‘[01m[Kplanning_scene_monitor[m[K’?
[6.067s]   188 |         [01;31m[Kplanning_scene_interface_[m[K = std::make_shared<moveit::planning_interface::PlanningSceneInterface>();
[6.067s]       |         [01;31m[K^~~~~~~~~~~~~~~~~~~~~~~~~[m[K
[6.067s]       |         [32m[Kplanning_scene_monitor[m[K
[6.084s] [01m[K/home/a/ws_moveit2/src/robot_config/src/move_to_pose_dual_cpp.cpp:191:13:[m[K [01;31m[Kerror: [m[K‘[01m[Kenable_local_psm_[m[K’ was not declared in this scope
[6.084s]   191 |         if ([01;31m[Kenable_local_psm_[m[K) {
[6.084s]       |             [01;31m[K^~~~~~~~~~~~~~~~~[m[K
[6.092s] [01m[K/home/a/ws_moveit2/src/robot_config/src/move_to_pose_dual_cpp.cpp:192:13:[m[K [01;31m[Kerror: [m[K‘[01m[Kplanning_scene_monitor_[m[K’ was not declared in this scope; did you mean ‘[01m[Kplanning_scene_monitor[m[K’?
[6.092s]   192 |             [01;31m[Kplanning_scene_monitor_[m[K = std::make_shared<planning_scene_monitor::PlanningSceneMonitor>(
[6.092s]       |             [01;31m[K^~~~~~~~~~~~~~~~~~~~~~~[m[K
[6.092s]       |             [32m[Kplanning_scene_monitor[m[K
[6.110s] [01m[K/home/a/ws_moveit2/src/robot_config/src/move_to_pose_dual_cpp.cpp:207:9:[m[K [01;31m[Kerror: [m[K‘[01m[Kleft_arm_action_client_[m[K’ was not declared in this scope
[6.111s]   207 |         [01;31m[Kleft_arm_action_client_[m[K = rclcpp_action::create_client<FollowJointTrajectory>(
[6.111s]       |         [01;31m[K^~~~~~~~~~~~~~~~~~~~~~~[m[K
[6.146s] [01m[K/home/a/ws_moveit2/src/robot_config/src/move_to_pose_dual_cpp.cpp:209:9:[m[K [01;31m[Kerror: [m[K‘[01m[Kright_arm_action_client_[m[K’ was not declared in this scope
[6.146s]   209 |         [01;31m[Kright_arm_action_client_[m[K = rclcpp_action::create_client<FollowJointTrajectory>(
[6.146s]       |         [01;31m[K^~~~~~~~~~~~~~~~~~~~~~~~[m[K
[6.158s] [01m[K/home/a/ws_moveit2/src/robot_config/src/move_to_pose_dual_cpp.cpp:220:9:[m[K [01;31m[Kerror: [m[K‘[01m[Kactions_ready_[m[K’ was not declared in this scope
[6.158s]   220 |         [01;31m[Kactions_ready_[m[K = true;
[6.158s]       |         [01;31m[K^~~~~~~~~~~~~~[m[K
[6.175s] [01m[K/home/a/ws_moveit2/src/robot_config/src/move_to_pose_dual_cpp.cpp:221:9:[m[K [01;31m[Kerror: [m[K‘[01m[KattemptFlushPending[m[K’ was not declared in this scope
[6.175s]   221 |         [01;31m[KattemptFlushPending[m[K();
[6.175s]       |         [01;31m[K^~~~~~~~~~~~~~~~~~~[m[K
[6.195s] [01m[K/home/a/ws_moveit2/src/robot_config/src/move_to_pose_dual_cpp.cpp:224:9:[m[K [01;31m[Kerror: [m[K‘[01m[Kleft_servo_start_client_[m[K’ was not declared in this scope
[6.195s]   224 |         [01;31m[Kleft_servo_start_client_[m[K = this->create_client<std_srvs::srv::Trigger>(
[6.195s]       |         [01;31m[K^~~~~~~~~~~~~~~~~~~~~~~~[m[K
[6.258s] [01m[K/home/a/ws_moveit2/src/robot_config/src/move_to_pose_dual_cpp.cpp:226:9:[m[K [01;31m[Kerror: [m[K‘[01m[Kleft_servo_stop_client_[m[K’ was not declared in this scope
[6.258s]   226 |         [01;31m[Kleft_servo_stop_client_[m[K = this->create_client<std_srvs::srv::Trigger>(
[6.258s]       |         [01;31m[K^~~~~~~~~~~~~~~~~~~~~~~[m[K
[6.279s] [01m[K/home/a/ws_moveit2/src/robot_config/src/move_to_pose_dual_cpp.cpp:228:9:[m[K [01;31m[Kerror: [m[K‘[01m[Kright_servo_start_client_[m[K’ was not declared in this scope
[6.279s]   228 |         [01;31m[Kright_servo_start_client_[m[K = this->create_client<std_srvs::srv::Trigger>(
[6.279s]       |         [01;31m[K^~~~~~~~~~~~~~~~~~~~~~~~~[m[K
[6.300s] [01m[K/home/a/ws_moveit2/src/robot_config/src/move_to_pose_dual_cpp.cpp:230:9:[m[K [01;31m[Kerror: [m[K‘[01m[Kright_servo_stop_client_[m[K’ was not declared in this scope
[6.300s]   230 |         [01;31m[Kright_servo_stop_client_[m[K = this->create_client<std_srvs::srv::Trigger>(
[6.300s]       |         [01;31m[K^~~~~~~~~~~~~~~~~~~~~~~~[m[K
[6.308s] [01m[K/home/a/ws_moveit2/src/robot_config/src/move_to_pose_dual_cpp.cpp:234:9:[m[K [01;31m[Kerror: [m[K‘[01m[Ktf_buffer_[m[K’ was not declared in this scope
[6.308s]   234 |         [01;31m[Ktf_buffer_[m[K = std::make_unique<tf2_ros::Buffer>(this->get_clock());
[6.308s]       |         [01;31m[K^~~~~~~~~~[m[K
[6.325s] [01m[K/home/a/ws_moveit2/src/robot_config/src/move_to_pose_dual_cpp.cpp:235:9:[m[K [01;31m[Kerror: [m[K‘[01m[Ktf_listener_[m[K’ was not declared in this scope
[6.325s]   235 |         [01;31m[Ktf_listener_[m[K = std::make_shared<tf2_ros::TransformListener>(*tf_buffer_);
[6.325s]       |         [01;31m[K^~~~~~~~~~~~[m[K
[6.344s] [01m[K/home/a/ws_moveit2/src/robot_config/src/move_to_pose_dual_cpp.cpp:[m[K In member function ‘[01m[Kvoid MoveToPoseDualCpp::stopServo(const string&)[m[K’:
[6.344s] [01m[K/home/a/ws_moveit2/src/robot_config/src/move_to_pose_dual_cpp.cpp:243:46:[m[K [01;31m[Kerror: [m[K‘[01m[Kleft_servo_stop_client_[m[K’ was not declared in this scope
[6.345s]   243 |         auto client = (arm_name == "left") ? [01;31m[Kleft_servo_stop_client_[m[K : right_servo_stop_client_;
[6.345s]       |                                              [01;31m[K^~~~~~~~~~~~~~~~~~~~~~~[m[K
[6.365s] [01m[K/home/a/ws_moveit2/src/robot_config/src/move_to_pose_dual_cpp.cpp:243:72:[m[K [01;31m[Kerror: [m[K‘[01m[Kright_servo_stop_client_[m[K’ was not declared in this scope
[6.365s]   243 |         auto client = (arm_name == "left") ? left_servo_stop_client_ : [01;31m[Kright_servo_stop_client_[m[K;
[6.365s]       |                                                                        [01;31m[K^~~~~~~~~~~~~~~~~~~~~~~~[m[K
[6.386s] [01m[K/home/a/ws_moveit2/src/robot_config/src/move_to_pose_dual_cpp.cpp:[m[K In member function ‘[01m[Kvoid MoveToPoseDualCpp::startServo(const string&)[m[K’:
[6.386s] [01m[K/home/a/ws_moveit2/src/robot_config/src/move_to_pose_dual_cpp.cpp:261:46:[m[K [01;31m[Kerror: [m[K‘[01m[Kleft_servo_start_client_[m[K’ was not declared in this scope
[6.386s]   261 |         auto client = (arm_name == "left") ? [01;31m[Kleft_servo_start_client_[m[K : right_servo_start_client_;
[6.386s]       |                                              [01;31m[K^~~~~~~~~~~~~~~~~~~~~~~~[m[K
[6.407s] [01m[K/home/a/ws_moveit2/src/robot_config/src/move_to_pose_dual_cpp.cpp:261:73:[m[K [01;31m[Kerror: [m[K‘[01m[Kright_servo_start_client_[m[K’ was not declared in this scope
[6.407s]   261 |         auto client = (arm_name == "left") ? left_servo_start_client_ : [01;31m[Kright_servo_start_client_[m[K;
[6.407s]       |                                                                         [01;31m[K^~~~~~~~~~~~~~~~~~~~~~~~~[m[K
[6.429s] [01m[K/home/a/ws_moveit2/src/robot_config/src/move_to_pose_dual_cpp.cpp:[m[K In member function ‘[01m[Kvoid MoveToPoseDualCpp::left_rpy_callback(std_msgs::msg::Float64MultiArray_<std::allocator<void> >::SharedPtr)[m[K’:
[6.429s] [01m[K/home/a/ws_moveit2/src/robot_config/src/move_to_pose_dual_cpp.cpp:323:9:[m[K [01;31m[Kerror: [m[K‘[01m[Klast_left_pose_rpy_[m[K’ was not declared in this scope
[6.429s]   323 |         [01;31m[Klast_left_pose_rpy_[m[K = msg->data;
[6.430s]       |         [01;31m[K^~~~~~~~~~~~~~~~~~~[m[K
[6.447s] [01m[K/home/a/ws_moveit2/src/robot_config/src/move_to_pose_dual_cpp.cpp:324:9:[m[K [01;31m[Kerror: [m[K‘[01m[Kleft_pose_received_[m[K’ was not declared in this scope
[6.447s]   324 |         [01;31m[Kleft_pose_received_[m[K = true;
[6.447s]       |         [01;31m[K^~~~~~~~~~~~~~~~~~~[m[K
[6.466s] [01m[K/home/a/ws_moveit2/src/robot_config/src/move_to_pose_dual_cpp.cpp:[m[K In member function ‘[01m[Kvoid MoveToPoseDualCpp::right_rpy_callback(std_msgs::msg::Float64MultiArray_<std::allocator<void> >::SharedPtr)[m[K’:
[6.466s] [01m[K/home/a/ws_moveit2/src/robot_config/src/move_to_pose_dual_cpp.cpp:353:9:[m[K [01;31m[Kerror: [m[K‘[01m[Klast_right_pose_rpy_[m[K’ was not declared in this scope
[6.466s]   353 |         [01;31m[Klast_right_pose_rpy_[m[K = msg->data;
[6.466s]       |         [01;31m[K^~~~~~~~~~~~~~~~~~~~[m[K
[6.484s] [01m[K/home/a/ws_moveit2/src/robot_config/src/move_to_pose_dual_cpp.cpp:354:9:[m[K [01;31m[Kerror: [m[K‘[01m[Kright_pose_received_[m[K’ was not declared in this scope
[6.484s]   354 |         [01;31m[Kright_pose_received_[m[K = true;
[6.484s]       |         [01;31m[K^~~~~~~~~~~~~~~~~~~~[m[K
[6.513s] [01m[K/home/a/ws_moveit2/src/robot_config/src/move_to_pose_dual_cpp.cpp:[m[K In lambda function:
[6.513s] [01m[K/home/a/ws_moveit2/src/robot_config/src/move_to_pose_dual_cpp.cpp:384:13:[m[K [01;31m[Kerror: [m[K‘[01m[KapplyDynamicCollisionAvoidance[m[K’ was not declared in this scope
[6.513s]   384 |             [01;31m[KapplyDynamicCollisionAvoidance[m[K(move_group_interface, arm_name);
[6.513s]       |             [01;31m[K^~~~~~~~~~~~~~~~~~~~~~~~~~~~~~[m[K
[6.537s] [01m[K/home/a/ws_moveit2/src/robot_config/src/move_to_pose_dual_cpp.cpp:434:17:[m[K [01;31m[Kerror: [m[K‘[01m[Kexecute_trajectory_directly[m[K’ was not declared in this scope
[6.537s]   434 |                 [01;31m[Kexecute_trajectory_directly[m[K(move_group_interface, my_plan, arm_name);
[6.537s]       |                 [01;31m[K^~~~~~~~~~~~~~~~~~~~~~~~~~~[m[K
[6.556s] [01m[K/home/a/ws_moveit2/src/robot_config/src/move_to_pose_dual_cpp.cpp:440:17:[m[K [01;31m[Kerror: [m[K‘[01m[KstopTrajectoryTracking[m[K’ was not declared in this scope
[6.556s]   440 |                 [01;31m[KstopTrajectoryTracking[m[K(arm_name);
[6.556s]       |                 [01;31m[K^~~~~~~~~~~~~~~~~~~~~~[m[K
[6.569s] [01m[K/home/a/ws_moveit2/src/robot_config/src/move_to_pose_dual_cpp.cpp:[m[K In member function ‘[01m[Kvoid MoveToPoseDualCpp::handleIncomingTargetPose(const string&, const PoseStamped&)[m[K’:
[6.569s] [01m[K/home/a/ws_moveit2/src/robot_config/src/move_to_pose_dual_cpp.cpp:484:44:[m[K [01;31m[Kerror: [m[K‘[01m[Ksync_mutex_[m[K’ was not declared in this scope
[6.569s]   484 |             std::lock_guard<std::mutex> lk([01;31m[Ksync_mutex_[m[K);
[6.569s]       |                                            [01;31m[K^~~~~~~~~~~[m[K
[6.585s] [01m[K/home/a/ws_moveit2/src/robot_config/src/move_to_pose_dual_cpp.cpp:486:17:[m[K [01;31m[Kerror: [m[K‘[01m[Kpending_left_pose_[m[K’ was not declared in this scope
[6.585s]   486 |                 [01;31m[Kpending_left_pose_[m[K = target_pose;
[6.585s]       |                 [01;31m[K^~~~~~~~~~~~~~~~~~[m[K
[6.601s] [01m[K/home/a/ws_moveit2/src/robot_config/src/move_to_pose_dual_cpp.cpp:487:17:[m[K [01;31m[Kerror: [m[K‘[01m[Kpending_left_time_[m[K’ was not declared in this scope
[6.601s]   487 |                 [01;31m[Kpending_left_time_[m[K = now_tp;
[6.601s]       |                 [01;31m[K^~~~~~~~~~~~~~~~~~[m[K
[6.620s] [01m[K/home/a/ws_moveit2/src/robot_config/src/move_to_pose_dual_cpp.cpp:488:17:[m[K [01;31m[Kerror: [m[K‘[01m[Khas_pending_left_pose_[m[K’ was not declared in this scope
[6.620s]   488 |                 [01;31m[Khas_pending_left_pose_[m[K = true;
[6.620s]       |                 [01;31m[K^~~~~~~~~~~~~~~~~~~~~~[m[K
[6.636s] [01m[K/home/a/ws_moveit2/src/robot_config/src/move_to_pose_dual_cpp.cpp:490:17:[m[K [01;31m[Kerror: [m[K‘[01m[Kpending_right_pose_[m[K’ was not declared in this scope
[6.636s]   490 |                 [01;31m[Kpending_right_pose_[m[K = target_pose;
[6.636s]       |                 [01;31m[K^~~~~~~~~~~~~~~~~~~[m[K
[6.653s] [01m[K/home/a/ws_moveit2/src/robot_config/src/move_to_pose_dual_cpp.cpp:491:17:[m[K [01;31m[Kerror: [m[K‘[01m[Kpending_right_time_[m[K’ was not declared in this scope
[6.653s]   491 |                 [01;31m[Kpending_right_time_[m[K = now_tp;
[6.653s]       |                 [01;31m[K^~~~~~~~~~~~~~~~~~~[m[K
[6.672s] [01m[K/home/a/ws_moveit2/src/robot_config/src/move_to_pose_dual_cpp.cpp:492:17:[m[K [01;31m[Kerror: [m[K‘[01m[Khas_pending_right_pose_[m[K’ was not declared in this scope
[6.672s]   492 |                 [01;31m[Khas_pending_right_pose_[m[K = true;
[6.672s]       |                 [01;31m[K^~~~~~~~~~~~~~~~~~~~~~~[m[K
[6.691s] [01m[K/home/a/ws_moveit2/src/robot_config/src/move_to_pose_dual_cpp.cpp:495:17:[m[K [01;31m[Kerror: [m[K‘[01m[Khas_pending_left_pose_[m[K’ was not declared in this scope
[6.691s]   495 |             if ([01;31m[Khas_pending_left_pose_[m[K && has_pending_right_pose_) {
[6.691s]       |                 [01;31m[K^~~~~~~~~~~~~~~~~~~~~~[m[K
[6.710s] [01m[K/home/a/ws_moveit2/src/robot_config/src/move_to_pose_dual_cpp.cpp:495:43:[m[K [01;31m[Kerror: [m[K‘[01m[Khas_pending_right_pose_[m[K’ was not declared in this scope
[6.710s]   495 |             if (has_pending_left_pose_ && [01;31m[Khas_pending_right_pose_[m[K) {
[6.710s]       |                                           [01;31m[K^~~~~~~~~~~~~~~~~~~~~~~[m[K
[6.725s] [01m[K/home/a/ws_moveit2/src/robot_config/src/move_to_pose_dual_cpp.cpp:496:28:[m[K [01;31m[Kerror: [m[K‘[01m[Kpending_left_time_[m[K’ was not declared in this scope
[6.725s]   496 |                 auto dt = ([01;31m[Kpending_left_time_[m[K > pending_right_time_) ? (pending_left_time_ - pending_right_time_) : (pending_right_time_ - pending_left_time_);
[6.725s]       |                            [01;31m[K^~~~~~~~~~~~~~~~~~[m[K
[6.741s] [01m[K/home/a/ws_moveit2/src/robot_config/src/move_to_pose_dual_cpp.cpp:496:49:[m[K [01;31m[Kerror: [m[K‘[01m[Kpending_right_time_[m[K’ was not declared in this scope
[6.741s]   496 |                 auto dt = (pending_left_time_ > [01;31m[Kpending_right_time_[m[K) ? (pending_left_time_ - pending_right_time_) : (pending_right_time_ - pending_left_time_);
[6.741s]       |                                                 [01;31m[K^~~~~~~~~~~~~~~~~~~[m[K
[6.756s] [01m[K/home/a/ws_moveit2/src/robot_config/src/move_to_pose_dual_cpp.cpp:498:30:[m[K [01;31m[Kerror: [m[K‘[01m[Kpending_left_pose_[m[K’ was not declared in this scope
[6.756s]   498 |                     l_pose = [01;31m[Kpending_left_pose_[m[K;
[6.757s]       |                              [01;31m[K^~~~~~~~~~~~~~~~~~[m[K
[6.773s] [01m[K/home/a/ws_moveit2/src/robot_config/src/move_to_pose_dual_cpp.cpp:499:30:[m[K [01;31m[Kerror: [m[K‘[01m[Kpending_right_pose_[m[K’ was not declared in this scope
[6.773s]   499 |                     r_pose = [01;31m[Kpending_right_pose_[m[K;
[6.773s]       |                              [01;31m[K^~~~~~~~~~~~~~~~~~~[m[K
[6.784s] [01m[K/home/a/ws_moveit2/src/robot_config/src/move_to_pose_dual_cpp.cpp:[m[K In lambda function:
[6.784s] [01m[K/home/a/ws_moveit2/src/robot_config/src/move_to_pose_dual_cpp.cpp:519:48:[m[K [01;31m[Kerror: [m[K‘[01m[Ksync_mutex_[m[K’ was not declared in this scope
[6.784s]   519 |                 std::lock_guard<std::mutex> lk([01;31m[Ksync_mutex_[m[K);
[6.784s]       |                                                [01;31m[K^~~~~~~~~~~[m[K
[6.803s] [01m[K/home/a/ws_moveit2/src/robot_config/src/move_to_pose_dual_cpp.cpp:521:38:[m[K [01;31m[Kerror: [m[K‘[01m[Khas_pending_left_pose_[m[K’ was not declared in this scope
[6.803s]   521 |                     still_unpaired = [01;31m[Khas_pending_left_pose_[m[K && (pending_left_time_ == now_tp);
[6.803s]       |                                      [01;31m[K^~~~~~~~~~~~~~~~~~~~~~[m[K
[6.819s] [01m[K/home/a/ws_moveit2/src/robot_config/src/move_to_pose_dual_cpp.cpp:521:65:[m[K [01;31m[Kerror: [m[K‘[01m[Kpending_left_time_[m[K’ was not declared in this scope
[6.819s]   521 |                     still_unpaired = has_pending_left_pose_ && ([01;31m[Kpending_left_time_[m[K == now_tp);
[6.819s]       |                                                                 [01;31m[K^~~~~~~~~~~~~~~~~~[m[K
[6.839s] [01m[K/home/a/ws_moveit2/src/robot_config/src/move_to_pose_dual_cpp.cpp:524:38:[m[K [01;31m[Kerror: [m[K‘[01m[Khas_pending_right_pose_[m[K’ was not declared in this scope
[6.839s]   524 |                     still_unpaired = [01;31m[Khas_pending_right_pose_[m[K && (pending_right_time_ == now_tp);
[6.839s]       |                                      [01;31m[K^~~~~~~~~~~~~~~~~~~~~~~[m[K
[6.855s] [01m[K/home/a/ws_moveit2/src/robot_config/src/move_to_pose_dual_cpp.cpp:524:66:[m[K [01;31m[Kerror: [m[K‘[01m[Kpending_right_time_[m[K’ was not declared in this scope
[6.855s]   524 |                     still_unpaired = has_pending_right_pose_ && ([01;31m[Kpending_right_time_[m[K == now_tp);
[6.855s]       |                                                                  [01;31m[K^~~~~~~~~~~~~~~~~~~[m[K
[6.874s] [01m[K/home/a/ws_moveit2/src/robot_config/src/move_to_pose_dual_cpp.cpp:529:51:[m[K [01;31m[Kerror: [m[K‘[01m[Kleft_move_group_interface_[m[K’ was not declared in this scope; did you mean ‘[01m[Kget_node_graph_interface[m[K’?
[6.874s]   529 |                 auto mgi = (arm_name == "left") ? [01;31m[Kleft_move_group_interface_[m[K : right_move_group_interface_;
[6.874s]       |                                                   [01;31m[K^~~~~~~~~~~~~~~~~~~~~~~~~~[m[K
[6.874s]       |                                                   [32m[Kget_node_graph_interface[m[K
[6.893s] [01m[K/home/a/ws_moveit2/src/robot_config/src/move_to_pose_dual_cpp.cpp:529:80:[m[K [01;31m[Kerror: [m[K‘[01m[Kright_move_group_interface_[m[K’ was not declared in this scope; did you mean ‘[01m[Kget_node_graph_interface[m[K’?
[6.893s]   529 |                 auto mgi = (arm_name == "left") ? left_move_group_interface_ : [01;31m[Kright_move_group_interface_[m[K;
[6.893s]       |                                                                                [01;31m[K^~~~~~~~~~~~~~~~~~~~~~~~~~~[m[K
[6.894s]       |                                                                                [32m[Kget_node_graph_interface[m[K
[6.905s] [01m[K/home/a/ws_moveit2/src/robot_config/src/move_to_pose_dual_cpp.cpp:[m[K In lambda function:
[6.905s] [01m[K/home/a/ws_moveit2/src/robot_config/src/move_to_pose_dual_cpp.cpp:561:27:[m[K [01;31m[Kerror: [m[K‘[01m[Kplan_buffer_[m[K’ was not declared in this scope
[6.905s]   561 |             if (mgi->plan([01;31m[Kplan_buffer_[m[K) == moveit::core::MoveItErrorCode::SUCCESS) return true;
[6.905s]       |                           [01;31m[K^~~~~~~~~~~~[m[K
[6.916s] [01m[K/home/a/ws_moveit2/src/robot_config/src/move_to_pose_dual_cpp.cpp:565:31:[m[K [01;31m[Kerror: [m[K‘[01m[Kplan_buffer_[m[K’ was not declared in this scope
[6.916s]   565 |             return (mgi->plan([01;31m[Kplan_buffer_[m[K) == moveit::core::MoveItErrorCode::SUCCESS);
[6.916s]       |                               [01;31m[K^~~~~~~~~~~~[m[K
[6.934s] [01m[K/home/a/ws_moveit2/src/robot_config/src/move_to_pose_dual_cpp.cpp:[m[K In member function ‘[01m[Kvoid MoveToPoseDualCpp::planAndExecuteSynchronized(const PoseStamped&, const PoseStamped&)[m[K’:
[6.934s] [01m[K/home/a/ws_moveit2/src/robot_config/src/move_to_pose_dual_cpp.cpp:571:13:[m[K [01;31m[Kerror: [m[K‘[01m[Kleft_move_group_interface_[m[K’ was not declared in this scope; did you mean ‘[01m[Kget_node_graph_interface[m[K’?
[6.934s]   571 |         if ([01;31m[Kleft_move_group_interface_[m[K) {
[6.934s]       |             [01;31m[K^~~~~~~~~~~~~~~~~~~~~~~~~~[m[K
[6.935s]       |             [32m[Kget_node_graph_interface[m[K
[6.945s] [01m[K/home/a/ws_moveit2/src/robot_config/src/move_to_pose_dual_cpp.cpp:573:38:[m[K [01;31m[Kerror: [m[K‘[01m[Kplan_buffer_[m[K’ was not declared in this scope
[6.945s]   573 |             if (left_ok) left_plan = [01;31m[Kplan_buffer_[m[K;
[6.945s]       |                                      [01;31m[K^~~~~~~~~~~~[m[K
[6.965s] [01m[K/home/a/ws_moveit2/src/robot_config/src/move_to_pose_dual_cpp.cpp:575:13:[m[K [01;31m[Kerror: [m[K‘[01m[Kright_move_group_interface_[m[K’ was not declared in this scope; did you mean ‘[01m[Kget_node_graph_interface[m[K’?
[6.965s]   575 |         if ([01;31m[Kright_move_group_interface_[m[K) {
[6.966s]       |             [01;31m[K^~~~~~~~~~~~~~~~~~~~~~~~~~~[m[K
[6.966s]       |             [32m[Kget_node_graph_interface[m[K
[6.976s] [01m[K/home/a/ws_moveit2/src/robot_config/src/move_to_pose_dual_cpp.cpp:577:40:[m[K [01;31m[Kerror: [m[K‘[01m[Kplan_buffer_[m[K’ was not declared in this scope
[6.976s]   577 |             if (right_ok) right_plan = [01;31m[Kplan_buffer_[m[K;
[6.976s]       |                                        [01;31m[K^~~~~~~~~~~~[m[K
[6.998s] [01m[K/home/a/ws_moveit2/src/robot_config/src/move_to_pose_dual_cpp.cpp:[m[K In lambda function:
[6.998s] [01m[K/home/a/ws_moveit2/src/robot_config/src/move_to_pose_dual_cpp.cpp:598:17:[m[K [01;31m[Kerror: [m[K‘[01m[KRCLCPlocityScalingFactor[m[K’ was not declared in this scope
[6.998s]   598 |                 [01;31m[KRCLCPlocityScalingFactor[m[K(0.8);
[6.999s]       |                 [01;31m[K^~~~~~~~~~~~~~~~~~~~~~~~[m[K
[7.003s] [01m[K/home/a/ws_moveit2/src/robot_config/src/move_to_pose_dual_cpp.cpp:599:13:[m[K [01;31m[Kerror: [m[K‘[01m[Kmgi[m[K’ was not declared in this scope
[7.003s]   599 |             [01;31m[Kmgi[m[K->setMaxAccelerationScalingFactor(0.8);
[7.003s]       |             [01;31m[K^~~[m[K
[7.014s] [01m[K/home/a/ws_moveit2/src/robot_config/src/move_to_pose_dual_cpp.cpp:600:27:[m[K [01;31m[Kerror: [m[K‘[01m[Kplan_buffer_[m[K’ was not declared in this scope
[7.014s]   600 |             if (mgi->plan([01;31m[Kplan_buffer_[m[K) == moveit::core::MoveItErrorCode::SUCCESS) return true;
[7.014s]       |                           [01;31m[K^~~~~~~~~~~~[m[K
[7.014s] [01m[K/home/a/ws_moveit2/src/robot_config/src/move_to_pose_dual_cpp.cpp:600:91:[m[K [01;31m[Kerror: [m[Kinconsistent types ‘[01m[Kvoid[m[K’ and ‘[01m[Kbool[m[K’ deduced for lambda return type
[7.014s]   600 |         if (mgi->plan(plan_buffer_) == moveit::core::MoveItErrorCode::SUCCESS) return [01;31m[Ktrue[m[K;
[7.014s]       |                                                                                       [01;31m[K^~~~[m[K
[7.014s] 
[7.014s] [01m[K/home/a/ws_moveit2/src/robot_config/src/move_to_pose_dual_cpp.cpp:600:91:[m[K [01;31m[Kerror: [m[Kreturn-statement with a value, in function returning ‘[01m[Kvoid[m[K’ [[01;31m[K]8;;https://gcc.gnu.org/onlinedocs/gcc/Warning-Options.html#index-fpermissive-fpermissive]8;;[m[K]
[7.023s] [01m[K/home/a/ws_moveit2/src/robot_config/src/move_to_pose_dual_cpp.cpp:604:31:[m[K [01;31m[Kerror: [m[K‘[01m[Kplan_buffer_[m[K’ was not declared in this scope
[7.023s]   604 |             return (mgi->plan([01;31m[Kplan_buffer_[m[K) == moveit::core::MoveItErrorCode::SUCCESS);
[7.023s]       |                               [01;31m[K^~~~~~~~~~~~[m[K
[7.041s] [01m[K/home/a/ws_moveit2/src/robot_config/src/move_to_pose_dual_cpp.cpp:610:13:[m[K [01;31m[Kerror: [m[K‘[01m[Kleft_move_group_interface_[m[K’ was not declared in this scope; did you mean ‘[01m[Kget_node_graph_interface[m[K’?
[7.041s]   610 |         if ([01;31m[Kleft_move_group_interface_[m[K) {
[7.041s]       |             [01;31m[K^~~~~~~~~~~~~~~~~~~~~~~~~~[m[K
[7.041s]       |             [32m[Kget_node_graph_interface[m[K
[7.041s] [01m[K/home/a/ws_moveit2/src/robot_config/src/move_to_pose_dual_cpp.cpp:611:23:[m[K [01;31m[Kerror: [m[K‘[01m[Kplan_one[m[K’ is not captured
[7.042s]   611 |             left_ok = [01;31m[Kplan_one[m[K(left_move_group_interface_, left_pose);
[7.042s]       |                       [01;31m[K^~~~~~~~[m[K
[7.042s] [01m[K/home/a/ws_moveit2/src/robot_config/src/move_to_pose_dual_cpp.cpp:587:30:[m[K [01;36m[Knote: [m[Kthe lambda has no capture-default
[7.042s]   587 |         auto send_one = [this[01;36m[K][m[K(const std::string& arm,
[7.042s]       |                              [01;36m[K^[m[K
[7.042s] [01m[K/home/a/ws_moveit2/src/robot_config/src/move_to_pose_dual_cpp.cpp:545:14:[m[K [01;36m[Knote: [m[K‘[01m[KMoveToPoseDualCpp::planAndExecuteSynchronized(const PoseStamped&, const PoseStamped&)::<lambda(std::shared_ptr<moveit::planning_interface::MoveGroupInterface>, const PoseStamped&)> plan_one[m[K’ declared here
[7.042s]   545 |         auto [01;36m[Kplan_one[m[K = [this](std::shared_ptr<moveit::planning_interface::MoveGroupInterface> mgi,
[7.042s]       |              [01;36m[K^~~~~~~~[m[K
[7.042s] [01m[K/home/a/ws_moveit2/src/robot_config/src/move_to_pose_dual_cpp.cpp:611:60:[m[K [01;31m[Kerror: [m[K‘[01m[Kleft_pose[m[K’ is not captured
[7.042s]   611 |             left_ok = plan_one(left_move_group_interface_, [01;31m[Kleft_pose[m[K);
[7.042s]       |                                                            [01;31m[K^~~~~~~~~[m[K
[7.042s] [01m[K/home/a/ws_moveit2/src/robot_config/src/move_to_pose_dual_cpp.cpp:587:30:[m[K [01;36m[Knote: [m[Kthe lambda has no capture-default
[7.042s]   587 |         auto send_one = [this[01;36m[K][m[K(const std::string& arm,
[7.042s]       |                              [01;36m[K^[m[K
[7.042s] [01m[K/home/a/ws_moveit2/src/robot_config/src/move_to_pose_dual_cpp.cpp:535:76:[m[K [01;36m[Knote: [m[K‘[01m[Kconst PoseStamped& left_pose[m[K’ declared here
[7.042s]   535 |     void planAndExecuteSynchronized([01;36m[Kconst geometry_msgs::msg::PoseStamped& left_pose[m[K,
[7.043s]       |                                     [01;36m[K~~~~~~~~~~~~~~~~~~~~~~~~~~~~~~~~~~~~~~~^~~~~~~~~[m[K
[7.051s] [01m[K/home/a/ws_moveit2/src/robot_config/src/move_to_pose_dual_cpp.cpp:612:38:[m[K [01;31m[Kerror: [m[K‘[01m[Kplan_buffer_[m[K’ was not declared in this scope
[7.051s]   612 |             if (left_ok) left_plan = [01;31m[Kplan_buffer_[m[K;
[7.051s]       |                                      [01;31m[K^~~~~~~~~~~~[m[K
[7.071s] [01m[K/home/a/ws_moveit2/src/robot_config/src/move_to_pose_dual_cpp.cpp:614:13:[m[K [01;31m[Kerror: [m[K‘[01m[Kright_move_group_interface_[m[K’ was not declared in this scope; did you mean ‘[01m[Kget_node_graph_interface[m[K’?
[7.071s]   614 |         if ([01;31m[Kright_move_group_interface_[m[K) {
[7.071s]       |             [01;31m[K^~~~~~~~~~~~~~~~~~~~~~~~~~~[m[K
[7.071s]       |             [32m[Kget_node_graph_interface[m[K
[7.071s] [01m[K/home/a/ws_moveit2/src/robot_config/src/move_to_pose_dual_cpp.cpp:615:24:[m[K [01;31m[Kerror: [m[K‘[01m[Kplan_one[m[K’ is not captured
[7.071s]   615 |             right_ok = [01;31m[Kplan_one[m[K(right_move_group_interface_, right_pose);
[7.071s]       |                        [01;31m[K^~~~~~~~[m[K
[7.071s] [01m[K/home/a/ws_moveit2/src/robot_config/src/move_to_pose_dual_cpp.cpp:587:30:[m[K [01;36m[Knote: [m[Kthe lambda has no capture-default
[7.071s]   587 |         auto send_one = [this[01;36m[K][m[K(const std::string& arm,
[7.071s]       |                              [01;36m[K^[m[K
[7.072s] [01m[K/home/a/ws_moveit2/src/robot_config/src/move_to_pose_dual_cpp.cpp:545:14:[m[K [01;36m[Knote: [m[K‘[01m[KMoveToPoseDualCpp::planAndExecuteSynchronized(const PoseStamped&, const PoseStamped&)::<lambda(std::shared_ptr<moveit::planning_interface::MoveGroupInterface>, const PoseStamped&)> plan_one[m[K’ declared here
[7.072s]   545 |         auto [01;36m[Kplan_one[m[K = [this](std::shared_ptr<moveit::planning_interface::MoveGroupInterface> mgi,
[7.072s]       |              [01;36m[K^~~~~~~~[m[K
[7.072s] [01m[K/home/a/ws_moveit2/src/robot_config/src/move_to_pose_dual_cpp.cpp:615:62:[m[K [01;31m[Kerror: [m[K‘[01m[Kright_pose[m[K’ is not captured
[7.072s]   615 |             right_ok = plan_one(right_move_group_interface_, [01;31m[Kright_pose[m[K);
[7.072s]       |                                                              [01;31m[K^~~~~~~~~~[m[K
[7.072s] [01m[K/home/a/ws_moveit2/src/robot_config/src/move_to_pose_dual_cpp.cpp:587:30:[m[K [01;36m[Knote: [m[Kthe lambda has no capture-default
[7.072s]   587 |         auto send_one = [this[01;36m[K][m[K(const std::string& arm,
[7.072s]       |                              [01;36m[K^[m[K
[7.072s] [01m[K/home/a/ws_moveit2/src/robot_config/src/move_to_pose_dual_cpp.cpp:536:76:[m[K [01;36m[Knote: [m[K‘[01m[Kconst PoseStamped& right_pose[m[K’ declared here
[7.072s]   536 |                                     [01;36m[Kconst geometry_msgs::msg::PoseStamped& right_pose[m[K)
[7.072s]       |                                     [01;36m[K~~~~~~~~~~~~~~~~~~~~~~~~~~~~~~~~~~~~~~~^~~~~~~~~~[m[K
[7.081s] [01m[K/home/a/ws_moveit2/src/robot_config/src/move_to_pose_dual_cpp.cpp:616:40:[m[K [01;31m[Kerror: [m[K‘[01m[Kplan_buffer_[m[K’ was not declared in this scope
[7.081s]   616 |             if (right_ok) right_plan = [01;31m[Kplan_buffer_[m[K;
[7.081s]       |                                        [01;31m[K^~~~~~~~~~~~[m[K
[7.088s] [01m[K/home/a/ws_moveit2/src/robot_config/src/move_to_pose_dual_cpp.cpp:[m[K In lambda function:
[7.088s] [01m[K/home/a/ws_moveit2/src/robot_config/src/move_to_pose_dual_cpp.cpp:646:136:[m[K [01;31m[Kerror: [m[Kthere are no arguments to ‘[01m[KstopTrajectoryTracking[m[K’ that depend on a template parameter, so a declaration of ‘[01m[KstopTrajectoryTracking[m[K’ must be available [[01;31m[K]8;;https://gcc.gnu.org/onlinedocs/gcc/Warning-Options.html#index-fpermissive-fpermissive]8;;[m[K]
[7.088s]   646 | { RCLCPP_INFO(this->get_logger(), "[SYNC] Execution done for %s", arm.c_str()); [01;31m[KstopTrajectoryTracking[m[K(arm); std::this_thread::sleep_for(std::chrono::milliseconds(80)); startServo(arm); };
[7.088s]       |                                                                                 [01;31m[K^~~~~~~~~~~~~~~~~~~~~~[m[K
[7.088s] 
[7.088s] [01m[K/home/a/ws_moveit2/src/robot_config/src/move_to_pose_dual_cpp.cpp:646:136:[m[K [01;36m[Knote: [m[K(if you use ‘[01m[K-fpermissive[m[K’, G++ will accept your code, but allowing the use of an undeclared name is deprecated)
[7.107s] /home/a/ws_moveit2/src/robot_config/src/move_to_pose_dual_cpp.cpp: In instantiation of ‘[01m[KMoveToPoseDualCpp::planAndExecuteSynchronized(const PoseStamped&, const PoseStamped&)::<lambda(const string&, rclcpp_action::Client<control_msgs::action::FollowJointTrajectory>::SharedPtr, const moveit::planning_interface::MoveGroupInterface::Plan&)>::<lambda(const string&, rclcpp_action::Client<control_msgs::action::FollowJointTrajectory>::SharedPtr, const moveit::planning_interface::MoveGroupInterface::Plan&)>::<lambda(auto:41)> [with auto:41 = rclcpp_action::ClientGoalHandle<control_msgs::action::FollowJointTrajectory>::WrappedResult][m[K’:
[7.107s] [01m[K/usr/include/c++/11/type_traits:2530:26:[m[K   required by substitution of ‘[01m[Ktemplate<class _Fn, class ... _Args> static std::__result_of_success<decltype (declval<_Fn>()((declval<_Args>)()...)), std::__invoke_other> std::__result_of_other_impl::_S_test(int) [with _Fn = MoveToPoseDualCpp::planAndExecuteSynchronized(const PoseStamped&, const PoseStamped&)::<lambda(const string&, rclcpp_action::Client<control_msgs::action::FollowJointTrajectory>::SharedPtr, const moveit::planning_interface::MoveGroupInterface::Plan&)>::<lambda(const string&, rclcpp_action::Client<control_msgs::action::FollowJointTrajectory>::SharedPtr, const moveit::planning_interface::MoveGroupInterface::Plan&)>::<lambda(auto:41)>&; _Args = {const rclcpp_action::ClientGoalHandle<control_msgs::action::FollowJointTrajectory>::WrappedResult&}][m[K’
[7.107s] [01m[K/usr/include/c++/11/type_traits:2541:55:[m[K   required from ‘[01m[Kstruct std::__result_of_impl<false, false, MoveToPoseDualCpp::planAndExecuteSynchronized(const PoseStamped&, const PoseStamped&)::<lambda(const string&, rclcpp_action::Client<control_msgs::action::FollowJointTrajectory>::SharedPtr, const moveit::planning_interface::MoveGroupInterface::Plan&)>::<lambda(const string&, rclcpp_action::Client<control_msgs::action::FollowJointTrajectory>::SharedPtr, const moveit::planning_interface::MoveGroupInterface::Plan&)>::<lambda(auto:41)>&, const rclcpp_action::ClientGoalHandle<control_msgs::action::FollowJointTrajectory>::WrappedResult&>[m[K’
[7.107s] [01m[K/usr/include/c++/11/bits/std_function.h:348:9:[m[K   recursively required by substitution of ‘[01m[Ktemplate<class _Result, class _Ret> struct std::__is_invocable_impl<_Result, _Ret, true, std::__void_t<typename _CTp::type> > [with _Result = std::__invoke_result<MoveToPoseDualCpp::planAndExecuteSynchronized(const PoseStamped&, const PoseStamped&)::<lambda(const string&, rclcpp_action::Client<control_msgs::action::FollowJointTrajectory>::SharedPtr, const moveit::planning_interface::MoveGroupInterface::Plan&)>::<lambda(const string&, rclcpp_action::Client<control_msgs::action::FollowJointTrajectory>::SharedPtr, const moveit::planning_interface::MoveGroupInterface::Plan&)>::<lambda(auto:41)>&, const rclcpp_action::ClientGoalHandle<control_msgs::action::FollowJointTrajectory>::WrappedResult&>; _Ret = void][m[K’
[7.107s] [01m[K/usr/include/c++/11/bits/std_function.h:348:9:[m[K   required from ‘[01m[Kstruct std::function<void(const rclcpp_action::ClientGoalHandle<control_msgs::action::FollowJointTrajectory>::WrappedResult&)>::_Callable<MoveToPoseDualCpp::planAndExecuteSynchronized(const PoseStamped&, const PoseStamped&)::<lambda(const string&, rclcpp_action::Client<control_msgs::action::FollowJointTrajectory>::SharedPtr, const moveit::planning_interface::MoveGroupInterface::Plan&)>::<lambda(const string&, rclcpp_action::Client<control_msgs::action::FollowJointTrajectory>::SharedPtr, const moveit::planning_interface::MoveGroupInterface::Plan&)>::<lambda(auto:41)>, MoveToPoseDualCpp::planAndExecuteSynchronized(const PoseStamped&, const PoseStamped&)::<lambda(const string&, rclcpp_action::Client<control_msgs::action::FollowJointTrajectory>::SharedPtr, const moveit::planning_interface::MoveGroupInterface::Plan&)>::<lambda(const string&, rclcpp_action::Client<control_msgs::action::FollowJointTrajectory>::SharedPtr, const moveit::planning_interface::MoveGroupInterface::Plan&)>::<lambda(auto:41)>, std::__invoke_result<MoveToPoseDualCpp::planAndExecuteSynchronized(const PoseStamped&, const PoseStamped&)::<lambda(const string&, rclcpp_action::Client<control_msgs::action::FollowJointTrajectory>::SharedPtr, const moveit::planning_interface::MoveGroupInterface::Plan&)>::<lambda(const string&, rclcpp_action::Client<control_msgs::action::FollowJointTrajectory>::SharedPtr, const moveit::planning_interface::MoveGroupInterface::Plan&)>::<lambda(auto:41)>&, const rclcpp_action::ClientGoalHandle<control_msgs::action::FollowJointTrajectory>::WrappedResult&> >[m[K’
[7.108s] [01m[K/usr/include/c++/11/bits/std_function.h:353:8:[m[K   required by substitution of ‘[01m[Ktemplate<class _Res, class ... _ArgTypes> template<class _Cond, class _Tp> using _Requires = std::__enable_if_t<_Cond::value, _Tp> [with _Cond = std::function<void(const rclcpp_action::ClientGoalHandle<control_msgs::action::FollowJointTrajectory>::WrappedResult&)>::_Callable<MoveToPoseDualCpp::planAndExecuteSynchronized(const PoseStamped&, const PoseStamped&)::<lambda(const string&, rclcpp_action::Client<control_msgs::action::FollowJointTrajectory>::SharedPtr, const moveit::planning_interface::MoveGroupInterface::Plan&)>::<lambda(const string&, rclcpp_action::Client<control_msgs::action::FollowJointTrajectory>::SharedPtr, const moveit::planning_interface::MoveGroupInterface::Plan&)>::<lambda(auto:41)>, MoveToPoseDualCpp::planAndExecuteSynchronized(const PoseStamped&, const PoseStamped&)::<lambda(const string&, rclcpp_action::Client<control_msgs::action::FollowJointTrajectory>::SharedPtr, const moveit::planning_interface::MoveGroupInterface::Plan&)>::<lambda(const string&, rclcpp_action::Client<control_msgs::action::FollowJointTrajectory>::SharedPtr, const moveit::planning_interface::MoveGroupInterface::Plan&)>::<lambda(auto:41)>, std::__invoke_result<MoveToPoseDualCpp::planAndExecuteSynchronized(const PoseStamped&, const PoseStamped&)::<lambda(const string&, rclcpp_action::Client<control_msgs::action::FollowJointTrajectory>::SharedPtr, const moveit::planning_interface::MoveGroupInterface::Plan&)>::<lambda(const string&, rclcpp_action::Client<control_msgs::action::FollowJointTrajectory>::SharedPtr, const moveit::planning_interface::MoveGroupInterface::Plan&)>::<lambda(auto:41)>&, const rclcpp_action::ClientGoalHandle<control_msgs::action::FollowJointTrajectory>::WrappedResult&> >; _Tp = void; _Res = void; _ArgTypes = {const rclcpp_action::ClientGoalHandle<control_msgs::action::FollowJointTrajectory>::WrappedResult&}][m[K’
[7.108s] [01m[K/usr/include/c++/11/bits/std_function.h:434:9:[m[K   required by substitution of ‘[01m[Ktemplate<class _Functor, class _Constraints> std::function<void(const rclcpp_action::ClientGoalHandle<control_msgs::action::FollowJointTrajectory>::WrappedResult&)>::function(_Functor&&) [with _Functor = MoveToPoseDualCpp::planAndExecuteSynchronized(const PoseStamped&, const PoseStamped&)::<lambda(const string&, rclcpp_action::Client<control_msgs::action::FollowJointTrajectory>::SharedPtr, const moveit::planning_interface::MoveGroupInterface::Plan&)>::<lambda(const string&, rclcpp_action::Client<control_msgs::action::FollowJointTrajectory>::SharedPtr, const moveit::planning_interface::MoveGroupInterface::Plan&)>::<lambda(auto:41)>; _Constraints = <missing>][m[K’
[7.108s] [01m[K/home/a/ws_moveit2/src/robot_config/src/move_to_pose_dual_cpp.cpp:646:242:[m[K   required from here
[7.108s] [01m[K/home/a/ws_moveit2/src/robot_config/src/move_to_pose_dual_cpp.cpp:646:158:[m[K [01;31m[Kerror: [m[K‘[01m[KstopTrajectoryTracking[m[K’ was not declared in this scope
[7.108s]   646 | t_logger(), "[SYNC] Execution done for %s", arm.c_str()); [01;31m[KstopTrajectoryTracking(arm)[m[K; std::this_thread::sleep_for(std::chrono::milliseconds(80)); startServo(arm); };
[7.108s]       |                                                           [01;31m[K~~~~~~~~~~~~~~~~~~~~~~^~~~~[m[K
[7.108s] 
[7.128s] [01m[K/home/a/ws_moveit2/src/robot_config/src/move_to_pose_dual_cpp.cpp:[m[K In lambda function:
[7.129s] [01m[K/home/a/ws_moveit2/src/robot_config/src/move_to_pose_dual_cpp.cpp:648:13:[m[K [01;31m[Kerror: [m[K‘[01m[KupdateTrajectoryTracking[m[K’ was not declared in this scope
[7.129s]   648 |             [01;31m[KupdateTrajectoryTracking[m[K(plan, arm);
[7.129s]       |             [01;31m[K^~~~~~~~~~~~~~~~~~~~~~~~[m[K
[7.146s] [01m[K/home/a/ws_moveit2/src/robot_config/src/move_to_pose_dual_cpp.cpp:[m[K In lambda function:
[7.146s] [01m[K/home/a/ws_moveit2/src/robot_config/src/move_to_pose_dual_cpp.cpp:651:41:[m[K [01;31m[Kerror: [m[K‘[01m[Kleft_arm_action_client_[m[K’ was not declared in this scope
[7.146s]   651 |         if (left_ok)  send_one("left",  [01;31m[Kleft_arm_action_client_[m[K,  left_plan);
[7.146s]       |                                         [01;31m[K^~~~~~~~~~~~~~~~~~~~~~~[m[K
[7.166s] [01m[K/home/a/ws_moveit2/src/robot_config/src/move_to_pose_dual_cpp.cpp:652:41:[m[K [01;31m[Kerror: [m[K‘[01m[Kright_arm_action_client_[m[K’ was not declared in this scope
[7.166s]   652 |         if (right_ok) send_one("right", [01;31m[Kright_arm_action_client_[m[K, right_plan);
[7.166s]       |                                         [01;31m[K^~~~~~~~~~~~~~~~~~~~~~~~[m[K
[7.166s] [01m[K/home/a/ws_moveit2/src/robot_config/src/move_to_pose_dual_cpp.cpp:[m[K In member function ‘[01m[Kvoid MoveToPoseDualCpp::planAndExecuteSynchronized(const PoseStamped&, const PoseStamped&)[m[K’:
[7.166s] [01m[K/home/a/ws_moveit2/src/robot_config/src/move_to_pose_dual_cpp.cpp:657:5:[m[K [01;31m[Kerror: [m[Kexpected ‘[01m[K,[m[K’ or ‘[01m[K;[m[K’ before ‘[01m[Kvoid[m[K’
[7.166s]   657 |     [01;31m[Kvoid[m[K execute_trajectory_directly(
[7.166s]       |     [01;31m[K^~~~[m[K
[7.166s] [01m[K/home/a/ws_moveit2/src/robot_config/src/move_to_pose_dual_cpp.cpp:709:5:[m[K [01;31m[Kerror: [m[Ka function-definition is not allowed here before ‘[01m[K{[m[K’ token
[7.167s]   709 |     [01;31m[K{[m[K
[7.167s]       |     [01;31m[K^[m[K
[7.167s] [01m[K/home/a/ws_moveit2/src/robot_config/src/move_to_pose_dual_cpp.cpp:727:5:[m[K [01;31m[Kerror: [m[Ka function-definition is not allowed here before ‘[01m[K{[m[K’ token
[7.167s]   727 |     [01;31m[K{[m[K
[7.167s]       |     [01;31m[K^[m[K
[7.167s] [01m[K/home/a/ws_moveit2/src/robot_config/src/move_to_pose_dual_cpp.cpp:741:5:[m[K [01;31m[Kerror: [m[Ka function-definition is not allowed here before ‘[01m[K{[m[K’ token
[7.167s]   741 |     [01;31m[K{[m[K
[7.167s]       |     [01;31m[K^[m[K
[7.167s] [01m[K/home/a/ws_moveit2/src/robot_config/src/move_to_pose_dual_cpp.cpp:771:5:[m[K [01;31m[Kerror: [m[Ka function-definition is not allowed here before ‘[01m[K{[m[K’ token
[7.167s]   771 |     [01;31m[K{[m[K
[7.167s]       |     [01;31m[K^[m[K
[7.167s] [01m[K/home/a/ws_moveit2/src/robot_config/src/move_to_pose_dual_cpp.cpp:777:5:[m[K [01;31m[Kerror: [m[Ka function-definition is not allowed here before ‘[01m[K{[m[K’ token
[7.167s]   777 |     [01;31m[K{[m[K
[7.167s]       |     [01;31m[K^[m[K
[7.167s] [01m[K/home/a/ws_moveit2/src/robot_config/src/move_to_pose_dual_cpp.cpp:783:5:[m[K [01;31m[Kerror: [m[Ka function-definition is not allowed here before ‘[01m[K{[m[K’ token
[7.167s]   783 |     [01;31m[K{[m[K
[7.167s]       |     [01;31m[K^[m[K
[7.167s] [01m[K/home/a/ws_moveit2/src/robot_config/src/move_to_pose_dual_cpp.cpp:789:5:[m[K [01;31m[Kerror: [m[Ka function-definition is not allowed here before ‘[01m[K{[m[K’ token
[7.167s]   789 |     [01;31m[K{[m[K
[7.167s]       |     [01;31m[K^[m[K
[7.167s] [01m[K/home/a/ws_moveit2/src/robot_config/src/move_to_pose_dual_cpp.cpp:795:5:[m[K [01;31m[Kerror: [m[Ka function-definition is not allowed here before ‘[01m[K{[m[K’ token
[7.168s]   795 |     [01;31m[K{[m[K
[7.168s]       |     [01;31m[K^[m[K
[7.168s] [01m[K/home/a/ws_moveit2/src/robot_config/src/move_to_pose_dual_cpp.cpp:823:5:[m[K [01;31m[Kerror: [m[Ka function-definition is not allowed here before ‘[01m[K{[m[K’ token
[7.168s]   823 |     [01;31m[K{[m[K
[7.168s]       |     [01;31m[K^[m[K
[7.168s] [01m[K/home/a/ws_moveit2/src/robot_config/src/move_to_pose_dual_cpp.cpp:878:5:[m[K [01;31m[Kerror: [m[Ka function-definition is not allowed here before ‘[01m[K{[m[K’ token
[7.168s]   878 |     [01;31m[K{[m[K
[7.168s]       |     [01;31m[K^[m[K
[7.168s] [01m[K/home/a/ws_moveit2/src/robot_config/src/move_to_pose_dual_cpp.cpp:885:5:[m[K [01;31m[Kerror: [m[Ka function-definition is not allowed here before ‘[01m[K{[m[K’ token
[7.168s]   885 |     [01;31m[K{[m[K
[7.168s]       |     [01;31m[K^[m[K
[7.168s] [01m[K/home/a/ws_moveit2/src/robot_config/src/move_to_pose_dual_cpp.cpp:891:5:[m[K [01;31m[Kerror: [m[Ka function-definition is not allowed here before ‘[01m[K{[m[K’ token
[7.168s]   891 |     [01;31m[K{[m[K
[7.168s]       |     [01;31m[K^[m[K
[7.168s] [01m[K/home/a/ws_moveit2/src/robot_config/src/move_to_pose_dual_cpp.cpp:897:5:[m[K [01;31m[Kerror: [m[Ka function-definition is not allowed here before ‘[01m[K{[m[K’ token
[7.168s]   897 |     [01;31m[K{[m[K
[7.168s]       |     [01;31m[K^[m[K
[7.168s] [01m[K/home/a/ws_moveit2/src/robot_config/src/move_to_pose_dual_cpp.cpp:904:5:[m[K [01;31m[Kerror: [m[Ka function-definition is not allowed here before ‘[01m[K{[m[K’ token
[7.168s]   904 |     [01;31m[K{[m[K
[7.168s]       |     [01;31m[K^[m[K
[7.168s] [01m[K/home/a/ws_moveit2/src/robot_config/src/move_to_pose_dual_cpp.cpp:965:5:[m[K [01;31m[Kerror: [m[Ka function-definition is not allowed here before ‘[01m[K{[m[K’ token
[7.168s]   965 |     [01;31m[K{[m[K
[7.168s]       |     [01;31m[K^[m[K
[7.168s] [01m[K/home/a/ws_moveit2/src/robot_config/src/move_to_pose_dual_cpp.cpp:1024:5:[m[K [01;31m[Kerror: [m[Ka function-definition is not allowed here before ‘[01m[K{[m[K’ token
[7.168s]  1024 |     [01;31m[K{[m[K
[7.168s]       |     [01;31m[K^[m[K
[7.168s] [01m[K/home/a/ws_moveit2/src/robot_config/src/move_to_pose_dual_cpp.cpp:1030:5:[m[K [01;31m[Kerror: [m[Ka function-definition is not allowed here before ‘[01m[K{[m[K’ token
[7.168s]  1030 |     [01;31m[K{[m[K
[7.169s]       |     [01;31m[K^[m[K
[7.169s] [01m[K/home/a/ws_moveit2/src/robot_config/src/move_to_pose_dual_cpp.cpp:1036:5:[m[K [01;31m[Kerror: [m[Ka function-definition is not allowed here before ‘[01m[K{[m[K’ token
[7.169s]  1036 |     [01;31m[K{[m[K
[7.169s]       |     [01;31m[K^[m[K
[7.169s] [01m[K/home/a/ws_moveit2/src/robot_config/src/move_to_pose_dual_cpp.cpp:1042:5:[m[K [01;31m[Kerror: [m[Ka function-definition is not allowed here before ‘[01m[K{[m[K’ token
[7.169s]  1042 |     [01;31m[K{[m[K
[7.169s]       |     [01;31m[K^[m[K
[7.169s] [01m[K/home/a/ws_moveit2/src/robot_config/src/move_to_pose_dual_cpp.cpp:1048:5:[m[K [01;31m[Kerror: [m[Ka function-definition is not allowed here before ‘[01m[K{[m[K’ token
[7.169s]  1048 |     [01;31m[K{[m[K
[7.169s]       |     [01;31m[K^[m[K
[7.169s] [01m[K/home/a/ws_moveit2/src/robot_config/src/move_to_pose_dual_cpp.cpp:1181:17:[m[K [01;35m[Kwarning: [m[Kempty parentheses were disambiguated as a function declaration [[01;35m[K]8;;https://gcc.gnu.org/onlinedocs/gcc/Warning-Options.html#index-Wvexing-parse-Wvexing-parse]8;;[m[K]
[7.170s]  1181 |     bool isReady[01;35m[K()[m[K const { return joint_state_ready_ && actions_ready_; }
[7.170s]       |                 [01;35m[K^~[m[K
[7.170s] [01m[K/home/a/ws_moveit2/src/robot_config/src/move_to_pose_dual_cpp.cpp:1181:17:[m[K [01;36m[Knote: [m[Kremove parentheses to default-initialize a variable
[7.170s]  1181 |     bool isReady[01;36m[K()[m[K const { return joint_state_ready_ && actions_ready_; }
[7.170s]       |                 [01;36m[K^~[m[K
[7.170s]       |                 [31m[K--[m[K
[7.170s] [01m[K/home/a/ws_moveit2/src/robot_config/src/move_to_pose_dual_cpp.cpp:1181:17:[m[K [01;36m[Knote: [m[Kor replace parentheses with braces to value-initialize a variable
[7.170s] [01m[K/home/a/ws_moveit2/src/robot_config/src/move_to_pose_dual_cpp.cpp:1181:26:[m[K [01;31m[Kerror: [m[Ka function-definition is not allowed here before ‘[01m[K{[m[K’ token
[7.170s]  1181 |     bool isReady() const [01;31m[K{[m[K return joint_state_ready_ && actions_ready_; }
[7.170s]       |                          [01;31m[K^[m[K
[7.170s] [01m[K/home/a/ws_moveit2/src/robot_config/src/move_to_pose_dual_cpp.cpp:1184:5:[m[K [01;31m[Kerror: [m[Ka function-definition is not allowed here before ‘[01m[K{[m[K’ token
[7.170s]  1184 |     [01;31m[K{[m[K
[7.170s]       |     [01;31m[K^[m[K
[7.173s] [01m[K/home/a/ws_moveit2/src/robot_config/src/move_to_pose_dual_cpp.cpp:[m[K At global scope:
[7.173s] [01m[K/home/a/ws_moveit2/src/robot_config/src/move_to_pose_dual_cpp.cpp:1222:2:[m[K [01;31m[Kerror: [m[Kexpected unqualified-id at end of input
[7.173s]  1222 | }
[7.173s]       |  [01;31m[K^[m[K
[11.036s] gmake[2]: *** [CMakeFiles/move_to_pose_dual_cpp.dir/build.make:76: CMakeFiles/move_to_pose_dual_cpp.dir/src/move_to_pose_dual_cpp.cpp.o] Error 1
[11.036s] gmake[1]: *** [CMakeFiles/Makefile2:141: CMakeFiles/move_to_pose_dual_cpp.dir/all] Error 2
[11.037s] gmake: *** [Makefile:146: all] Error 2
[11.042s] Invoked command in '/home/a/ws_moveit2/build/robot_config' returned '2': AMENT_PREFIX_PATH=/home/a/ws_moveit2/install/moveit_configs_utils:/home/a/ws_moveit2/install/launch_param_builder:/home/a/ws_moveit2/install/urdf_0816_description:/home/a/ws_moveit2/install/trac_ik:/home/a/ws_moveit2/install/robot_config:/home/a/ws_moveit2/install/trac_ik_kinematics_plugin:/home/a/ws_moveit2/install/trac_ik_lib:/home/a/ws_moveit2/install/right_arm_ikfast_plugin:/home/a/ws_moveit2/install/pilz_industrial_motion_planner_testutils:/home/a/ws_moveit2/install/moveit_runtime:/home/a/ws_moveit2/install/moveit2_tutorials:/home/a/ws_moveit2/install/moveit:/home/a/ws_moveit2/install/moveit_planners:/home/a/ws_moveit2/install/pilz_industrial_motion_planner:/home/a/ws_moveit2/install/mtc_tutorial:/home/a/ws_moveit2/install/hello_moveit:/home/a/ws_moveit2/install/moveit_visual_tools:/home/a/ws_moveit2/install/moveit_task_constructor_visualization:/home/a/ws_moveit2/install/moveit_task_constructor_demo:/home/a/ws_moveit2/install/moveit_task_constructor_capabilities:/home/a/ws_moveit2/install/moveit_task_constructor_core:/home/a/ws_moveit2/install/moveit_ros_control_interface:/home/a/ws_moveit2/install/moveit_plugins:/home/a/ws_moveit2/install/moveit_simple_controller_manager:/home/a/ws_moveit2/install/moveit_setup_assistant:/home/a/ws_moveit2/install/moveit_setup_srdf_plugins:/home/a/ws_moveit2/install/moveit_setup_core_plugins:/home/a/ws_moveit2/install/moveit_setup_controllers:/home/a/ws_moveit2/install/moveit_setup_app_plugins:/home/a/ws_moveit2/install/moveit_setup_framework:/home/a/ws_moveit2/install/moveit_servo:/home/a/ws_moveit2/install/moveit_ros:/home/a/ws_moveit2/install/moveit_ros_visualization:/home/a/ws_moveit2/install/moveit_hybrid_planning:/home/a/ws_moveit2/install/moveit_ros_planning_interface:/home/a/ws_moveit2/install/moveit_ros_benchmarks:/home/a/ws_moveit2/install/moveit_ros_warehouse:/home/a/ws_moveit2/install/moveit_ros_robot_interaction:/home/a/ws_moveit2/install/moveit_ros_perception:/home/a/ws_moveit2/install/moveit_resources_prbt_pg70_support:/home/a/ws_moveit2/install/moveit_resources_prbt_moveit_config:/home/a/ws_moveit2/install/moveit_ros_move_group:/home/a/ws_moveit2/install/moveit_planners_ompl:/home/a/ws_moveit2/install/left_arm_ikfast_plugin:/home/a/ws_moveit2/install/moveit_ros_planning:/home/a/ws_moveit2/install/moveit_ros_occupancy_map_monitor:/home/a/ws_moveit2/install/moveit_resources_prbt_ikfast_manipulator_plugin:/home/a/ws_moveit2/install/moveit_planners_chomp:/home/a/ws_moveit2/install/moveit_kinematics:/home/a/ws_moveit2/install/moveit_chomp_optimizer_adapter:/home/a/ws_moveit2/install/chomp_motion_planner:/home/a/ws_moveit2/install/moveit_core:/home/a/ws_moveit2/install/srdfdom:/home/a/ws_moveit2/install/rviz_marker_tools:/home/a/ws_moveit2/install/rosparam_shortcuts:/home/a/ws_moveit2/install/ros_tcp_endpoint:/home/a/ws_moveit2/install/red_seiretu_description:/home/a/ws_moveit2/install/realsense2_ros_mqtt_bridge:/home/a/ws_moveit2/install/realsense2_description:/home/a/ws_moveit2/install/realsense2_camera:/home/a/ws_moveit2/install/realsense2_camera_msgs:/home/a/ws_moveit2/install/object_description:/home/a/ws_moveit2/install/moveit_task_constructor_msgs:/home/a/ws_moveit2/install/moveit_resources_prbt_support:/home/a/ws_moveit2/install/moveit_resources:/home/a/ws_moveit2/install/moveit_resources_pr2_description:/home/a/ws_moveit2/install/moveit_resources_panda_moveit_config:/home/a/ws_moveit2/install/moveit_resources_panda_description:/home/a/ws_moveit2/install/moveit_resources_fanuc_moveit_config:/home/a/ws_moveit2/install/moveit_resources_fanuc_description:/home/a/ws_moveit2/install/moveit_common:/home/a/ws_moveit2/install/field_description_test:/home/a/ws_moveit2/install/field_description:/home/a/ws_moveit2/install/dynamixel_sdk_examples:/home/a/ws_moveit2/install/dynamixel_sdk_custom_interfaces:/home/a/ws_moveit2/install/dynamixel_controller_gui:/home/a/ws_moveit2/install/dynamixel_controller:/home/a/ws_moveit2/install/dynamixel_sdk:/home/a/ws_moveit2/install/dynamixel_controller_client:/home/a/ws_moveit2/install/d415_rgb_depth_3d:/home/a/ws_moveit2/install/catch_gazebo_ros2_control:/home/a/ws_moveit2/install/blue_seiretu_description:/home/a/ws_moveit2/install/0525_arm_description:/opt/ros/humble CMAKE_PREFIX_PATH=/home/a/ws_moveit2/install/moveit_setup_assistant:/home/a/ws_moveit2/install/moveit_setup_srdf_plugins:/home/a/ws_moveit2/install/moveit_setup_core_plugins:/home/a/ws_moveit2/install/moveit_setup_controllers:/home/a/ws_moveit2/install/moveit_setup_app_plugins:/home/a/ws_moveit2/install/moveit_planners:/home/a/ws_moveit2/install/pilz_industrial_motion_planner:/home/a/ws_moveit2/install/moveit_setup_framework:/home/a/ws_moveit2/install/moveit_servo:/home/a/ws_moveit2/install/moveit_ros_visualization:/home/a/ws_moveit2/install/moveit_resources_prbt_pg70_support:/home/a/ws_moveit2/install/moveit_ros_planning_interface:/home/a/ws_moveit2/install/moveit_resources_prbt_moveit_config:/home/a/ws_moveit2/install/moveit_ros_move_group:/home/a/ws_moveit2/install/moveit_ros_warehouse:/home/a/ws_moveit2/install/moveit_ros_robot_interaction:/home/a/ws_moveit2/install/moveit_planners_ompl:/home/a/ws_moveit2/install/moveit_kinematics:/home/a/ws_moveit2/install/moveit_ros_planning:/home/a/ws_moveit2/install/moveit_planners_chomp:/home/a/ws_moveit2/install/trac_ik_kinematics_plugin:/home/a/ws_moveit2/install/pilz_industrial_motion_planner_testutils:/home/a/ws_moveit2/install/moveit_simple_controller_manager:/home/a/ws_moveit2/install/moveit_ros_occupancy_map_monitor:/home/a/ws_moveit2/install/moveit_resources_prbt_ikfast_manipulator_plugin:/home/a/ws_moveit2/install/chomp_motion_planner:/home/a/ws_moveit2/install/moveit_core:/home/a/ws_moveit2/install/moveit_resources_panda_moveit_config:/home/a/ws_moveit2/install/moveit_resources_fanuc_moveit_config:/home/a/ws_moveit2/install/trac_ik_lib:/home/a/ws_moveit2/install/srdfdom:/home/a/ws_moveit2/install/moveit_resources_prbt_support:/home/a/ws_moveit2/install/moveit_resources_pr2_description:/home/a/ws_moveit2/install/moveit_resources_panda_description:/home/a/ws_moveit2/install/moveit_resources_fanuc_description:/home/a/ws_moveit2/install/moveit_common:/home/a/ws_moveit2/install/urdf_0816_description:/home/a/ws_moveit2/install/trac_ik:/home/a/ws_moveit2/install/robot_config:/home/a/ws_moveit2/install/right_arm_ikfast_plugin:/home/a/ws_moveit2/install/moveit_runtime:/home/a/ws_moveit2/install/moveit2_tutorials:/home/a/ws_moveit2/install/moveit:/home/a/ws_moveit2/install/mtc_tutorial:/home/a/ws_moveit2/install/hello_moveit:/home/a/ws_moveit2/install/moveit_visual_tools:/home/a/ws_moveit2/install/moveit_task_constructor_visualization:/home/a/ws_moveit2/install/moveit_task_constructor_demo:/home/a/ws_moveit2/install/moveit_task_constructor_capabilities:/home/a/ws_moveit2/install/moveit_task_constructor_core:/home/a/ws_moveit2/install/moveit_ros_control_interface:/home/a/ws_moveit2/install/moveit_plugins:/home/a/ws_moveit2/install/moveit_ros:/home/a/ws_moveit2/install/moveit_hybrid_planning:/home/a/ws_moveit2/install/moveit_ros_benchmarks:/home/a/ws_moveit2/install/moveit_ros_perception:/home/a/ws_moveit2/install/left_arm_ikfast_plugin:/home/a/ws_moveit2/install/moveit_chomp_optimizer_adapter:/home/a/ws_moveit2/install/rviz_marker_tools:/home/a/ws_moveit2/install/rosparam_shortcuts:/home/a/ws_moveit2/install/red_seiretu_description:/home/a/ws_moveit2/install/realsense2_description:/home/a/ws_moveit2/install/realsense2_camera:/home/a/ws_moveit2/install/realsense2_camera_msgs:/home/a/ws_moveit2/install/object_description:/home/a/ws_moveit2/install/moveit_task_constructor_msgs:/home/a/ws_moveit2/install/moveit_resources:/home/a/ws_moveit2/install/field_description_test:/home/a/ws_moveit2/install/field_description:/home/a/ws_moveit2/install/dynamixel_sdk_examples:/home/a/ws_moveit2/install/dynamixel_sdk_custom_interfaces:/home/a/ws_moveit2/install/dynamixel_controller:/home/a/ws_moveit2/install/dynamixel_sdk:/home/a/ws_moveit2/install/catch_gazebo_ros2_control:/home/a/ws_moveit2/install/blue_seiretu_description:/home/a/ws_moveit2/install/0525_arm_description:/home/a/ws_moveit2/install/moveit_configs_utils:/home/a/ws_moveit2/install/ros_tcp_endpoint:/home/a/ws_moveit2/install/realsense2_ros_mqtt_bridge:/home/a/ws_moveit2/install/launch_param_builder:/home/a/ws_moveit2/install/dynamixel_controller_gui:/home/a/ws_moveit2/install/dynamixel_controller_client:/home/a/ws_moveit2/install/d415_rgb_depth_3d:/opt/ros/humble LD_LIBRARY_PATH=/home/a/ws_moveit2/install/moveit_setup_srdf_plugins/lib:/home/a/ws_moveit2/install/moveit_setup_core_plugins/lib:/home/a/ws_moveit2/install/moveit_setup_controllers/lib:/home/a/ws_moveit2/install/moveit_setup_app_plugins/lib:/home/a/ws_moveit2/install/pilz_industrial_motion_planner/lib:/home/a/ws_moveit2/install/moveit_setup_framework/lib:/home/a/ws_moveit2/install/moveit_servo/lib:/home/a/ws_moveit2/install/moveit_ros_visualization/lib:/home/a/ws_moveit2/install/moveit_ros_planning_interface/lib:/home/a/ws_moveit2/install/moveit_ros_move_group/lib:/home/a/ws_moveit2/install/moveit_ros_warehouse/lib:/home/a/ws_moveit2/install/moveit_ros_robot_interaction/lib:/home/a/ws_moveit2/install/moveit_planners_ompl/lib:/home/a/ws_moveit2/install/moveit_kinematics/lib:/home/a/ws_moveit2/install/moveit_ros_planning/lib:/home/a/ws_moveit2/install/moveit_planners_chomp/lib:/home/a/ws_moveit2/install/trac_ik_kinematics_plugin/lib:/home/a/ws_moveit2/install/pilz_industrial_motion_planner_testutils/lib:/home/a/ws_moveit2/install/moveit_simple_controller_manager/lib:/home/a/ws_moveit2/install/moveit_ros_occupancy_map_monitor/lib:/home/a/ws_moveit2/install/moveit_resources_prbt_ikfast_manipulator_plugin/lib:/home/a/ws_moveit2/install/chomp_motion_planner/lib:/home/a/ws_moveit2/install/moveit_core/lib:/home/a/ws_moveit2/install/trac_ik_lib/lib:/home/a/ws_moveit2/install/srdfdom/lib:/home/a/ws_moveit2/install/right_arm_ikfast_plugin/lib:/home/a/ws_moveit2/install/moveit_visual_tools/lib:/home/a/ws_moveit2/install/moveit_task_constructor_visualization/lib:/home/a/ws_moveit2/install/moveit_task_constructor_demo/lib:/home/a/ws_moveit2/install/moveit_task_constructor_capabilities/lib:/home/a/ws_moveit2/install/moveit_task_constructor_core/lib:/home/a/ws_moveit2/install/moveit_ros_control_interface/lib:/home/a/ws_moveit2/install/moveit_setup_assistant/lib:/home/a/ws_moveit2/install/moveit_hybrid_planning/lib:/home/a/ws_moveit2/install/moveit_ros_benchmarks/lib:/home/a/ws_moveit2/install/moveit_ros_perception/lib:/home/a/ws_moveit2/install/left_arm_ikfast_plugin/lib:/home/a/ws_moveit2/install/moveit_chomp_optimizer_adapter/lib:/home/a/ws_moveit2/install/rviz_marker_tools/lib:/home/a/ws_moveit2/install/rosparam_shortcuts/lib:/home/a/ws_moveit2/install/realsense2_camera/lib:/home/a/ws_moveit2/install/realsense2_camera_msgs/lib:/home/a/ws_moveit2/install/moveit_task_constructor_msgs/lib:/home/a/ws_moveit2/install/dynamixel_sdk_custom_interfaces/lib:/home/a/ws_moveit2/install/dynamixel_controller/lib:/home/a/ws_moveit2/install/dynamixel_sdk/lib:/usr/lib/x86_64-linux-gnu/gazebo-11/plugins:/opt/ros/humble/opt/rviz_ogre_vendor/lib:/opt/ros/humble/lib/x86_64-linux-gnu:/opt/ros/humble/lib PYTHONPATH=/home/a/ws_moveit2/install/moveit_configs_utils/lib/python3.10/site-packages:/home/a/ws_moveit2/install/launch_param_builder/lib/python3.10/site-packages:/home/a/ws_moveit2/install/moveit_task_constructor_core/local/lib/python3.10/dist-packages:/home/a/ws_moveit2/install/srdfdom/local/lib/python3.10/dist-packages:/home/a/ws_moveit2/install/ros_tcp_endpoint/lib/python3.10/site-packages:/home/a/ws_moveit2/install/realsense2_ros_mqtt_bridge/lib/python3.10/site-packages:/home/a/ws_moveit2/install/realsense2_camera_msgs/local/lib/python3.10/dist-packages:/home/a/ws_moveit2/install/moveit_task_constructor_msgs/local/lib/python3.10/dist-packages:/home/a/ws_moveit2/install/dynamixel_sdk_custom_interfaces/local/lib/python3.10/dist-packages:/home/a/ws_moveit2/install/dynamixel_controller_gui/lib/python3.10/site-packages:/home/a/ws_moveit2/install/dynamixel_controller/local/lib/python3.10/dist-packages:/home/a/ws_moveit2/install/dynamixel_controller_client/lib/python3.10/site-packages:/home/a/ws_moveit2/install/d415_rgb_depth_3d/lib/python3.10/site-packages:/opt/ros/humble/lib/python3.10/site-packages:/opt/ros/humble/local/lib/python3.10/dist-packages /usr/bin/cmake --build /home/a/ws_moveit2/build/robot_config -- -j22 -l22
