[0.067s] Invoking command in '/home/a/ws_moveit2/build/gazebo_ros2_control': CMAKE_PREFIX_PATH=${CMAKE_PREFIX_PATH}:/home/a/ws_moveit2/install/moveit_configs_utils:/home/a/ws_moveit2/install/launch_param_builder:/opt/ros/humble /opt/st/stm32cubeclt_1.17.0/CMake/bin/cmake /home/a/ws_moveit2/src/gazebo_ros2_control -DCMAKE_INSTALL_PREFIX=/home/a/ws_moveit2/install/gazebo_ros2_control
[0.109s] -- Found ament_cmake: 1.3.12 (/opt/ros/humble/share/ament_cmake/cmake)
[0.879s] -- Found gazebo_ros: 3.9.0 (/opt/ros/humble/share/gazebo_ros/cmake)
[1.585s] -- Found rosidl_generator_c: 3.1.7 (/opt/ros/humble/share/rosidl_generator_c/cmake)
[1.673s] -- Found rosidl_adapter: 3.1.7 (/opt/ros/humble/share/rosidl_adapter/cmake)
[1.792s] -- Found rosidl_generator_cpp: 3.1.7 (/opt/ros/humble/share/rosidl_generator_cpp/cmake)
[1.977s] -- Using all available rosidl_typesupport_c: rosidl_typesupport_fastrtps_c;rosidl_typesupport_introspection_c
[2.188s] -- Using all available rosidl_typesupport_cpp: rosidl_typesupport_fastrtps_cpp;rosidl_typesupport_introspection_cpp
[2.808s] -- Found rmw_implementation_cmake: 6.1.2 (/opt/ros/humble/share/rmw_implementation_cmake/cmake)
[2.879s] -- Found rmw_fastrtps_cpp: 6.2.8 (/opt/ros/humble/share/rmw_fastrtps_cpp/cmake)
[3.790s] -- Found OpenSSL: /usr/lib/x86_64-linux-gnu/libcrypto.so (found version "3.0.2")  
[3.932s] -- Found FastRTPS: /opt/ros/humble/include  
[4.138s] -- Using RMW implementation 'rmw_fastrtps_cpp' as default
[4.293s] -- Performing Test CMAKE_HAVE_LIBC_PTHREAD
[4.793s] -- Performing Test CMAKE_HAVE_LIBC_PTHREAD - Success
[4.796s] -- Found Threads: TRUE  
[5.430s] -- Found PkgConfig: /usr/bin/pkg-config (found version "0.29.2") 
[5.437s] -- Checking for module 'bullet>=2.82'
[5.521s] --   Found bullet, version 3.05
[6.305s] -- Found fcl: /usr/include (found suitable version "0.7.0", minimum required is "0.5.0") 
[6.614s] -- Found assimp: /usr/include (found version "5.2.0") 
[7.039s] -- Found DART: /usr/include (Required is at least version "6.6") found components: dart 
[7.368s] -- Found Boost: /usr/lib/x86_64-linux-gnu/cmake/Boost-1.74.0/BoostConfig.cmake (found suitable version "1.74.0", minimum required is "1.40.0") found components: thread system filesystem program_options regex iostreams date_time 
[7.635s] -- Found Protobuf: /usr/lib/x86_64-linux-gnu/libprotobuf.so (found version "3.12.4") 
[7.721s] -- Looking for ignition-math6 -- found version 6.15.1
[7.825s] -- Searching for dependencies of ignition-math6
[7.842s] -- Looking for OGRE...
[7.843s] -- OGRE_PREFIX_WATCH changed.
[7.865s] -- Checking for module 'OGRE'
[7.944s] --   Found OGRE, version 1.9.0
[8.165s] -- Found Ogre Ghadamon (1.9.0)
[8.231s] -- Found OGRE: optimized;/usr/lib/x86_64-linux-gnu/libOgreMain.so;debug;/usr/lib/x86_64-linux-gnu/libOgreMain.so
[8.267s] -- Looking for OGRE_Paging...
[8.330s] -- Found OGRE_Paging: optimized;/usr/lib/x86_64-linux-gnu/libOgrePaging.so;debug;/usr/lib/x86_64-linux-gnu/libOgrePaging.so
[8.330s] -- Looking for OGRE_Terrain...
[8.386s] -- Found OGRE_Terrain: optimized;/usr/lib/x86_64-linux-gnu/libOgreTerrain.so;debug;/usr/lib/x86_64-linux-gnu/libOgreTerrain.so
[8.386s] -- Looking for OGRE_Property...
[8.443s] -- Found OGRE_Property: optimized;/usr/lib/x86_64-linux-gnu/libOgreProperty.so;debug;/usr/lib/x86_64-linux-gnu/libOgreProperty.so
[8.443s] -- Looking for OGRE_RTShaderSystem...
[8.506s] -- Found OGRE_RTShaderSystem: optimized;/usr/lib/x86_64-linux-gnu/libOgreRTShaderSystem.so;debug;/usr/lib/x86_64-linux-gnu/libOgreRTShaderSystem.so
[8.506s] -- Looking for OGRE_Volume...
[8.562s] -- Found OGRE_Volume: optimized;/usr/lib/x86_64-linux-gnu/libOgreVolume.so;debug;/usr/lib/x86_64-linux-gnu/libOgreVolume.so
[8.562s] -- Looking for OGRE_Overlay...
[8.628s] -- Found OGRE_Overlay: optimized;/usr/lib/x86_64-linux-gnu/libOgreOverlay.so;debug;/usr/lib/x86_64-linux-gnu/libOgreOverlay.so
[9.941s] -- Looking for ignition-math6 -- found version 6.15.1
[9.984s] -- Looking for ignition-transport8 -- found version 8.2.1
[9.987s] -- Searching for dependencies of ignition-transport8
[10.075s] -- Found Protobuf: /usr/lib/x86_64-linux-gnu/libprotobuf.so (found suitable version "3.12.4", minimum required is "3") 
[10.133s] -- Config-file not installed for ZeroMQ -- checking for pkg-config
[10.154s] -- Checking for module 'libzmq >= 4'
[10.275s] --   Found libzmq, version 4.3.4
[10.475s] -- Found ZeroMQ: TRUE (Required is at least version "4") 
[10.518s] -- Checking for module 'uuid'
[10.600s] --   Found uuid, version 2.37.2
[10.796s] -- Found UUID: TRUE  
[10.832s] -- Looking for ignition-msgs5 -- found version 5.8.1
[10.833s] -- Searching for dependencies of ignition-msgs5
[10.915s] -- Looking for ignition-math6 -- found version 6.15.1
[10.943s] -- Checking for module 'tinyxml2'
[11.038s] --   Found tinyxml2, version 9.0.0
[11.266s] -- Looking for ignition-msgs5 -- found version 5.8.1
[11.314s] -- Looking for ignition-common3 -- found version 3.14.0
[11.315s] -- Searching for dependencies of ignition-common3
[11.323s] -- Looking for dlfcn.h - found
[11.326s] -- Looking for libdl - found
[11.331s] -- Found DL: TRUE  
[11.419s] -- Found tinyobjloader: /usr/lib/x86_64-linux-gnu/cmake/tinyobjloader/tinyobjloader-config.cmake (found version "2.0.0") 
[11.429s] -- Searching for <ignition-common3> component [graphics]
[11.475s] -- Looking for ignition-common3-graphics -- found version 3.14.0
[11.476s] -- Searching for dependencies of ignition-common3-graphics
[11.478s] -- Looking for ignition-math6 -- found version 6.15.1
[11.527s] -- Looking for ignition-fuel_tools4 -- found version 4.4.0
[11.528s] -- Searching for dependencies of ignition-fuel_tools4
[11.996s] -- Found CURL: /usr/lib/x86_64-linux-gnu/libcurl.so (found version "7.81.0")  
[12.055s] [0mCMake Deprecation Warning at /usr/lib/x86_64-linux-gnu/cmake/jsoncpp/jsoncppConfig.cmake:2 (cmake_policy):
[12.055s]   Compatibility with CMake < 3.5 will be removed from a future version of
[12.055s]   CMake.
[12.055s] 
[12.056s]   Update the VERSION argument <min> value or use a ...<max> suffix to tell
[12.056s]   CMake that the project does not need compatibility with older versions.
[12.056s] Call Stack (most recent call first):
[12.058s]   /usr/share/cmake/ignition-cmake2/cmake2/FindJSONCPP.cmake:34 (find_package)
[12.058s]   /usr/lib/x86_64-linux-gnu/cmake/ignition-fuel_tools4/ignition-fuel_tools4-config.cmake:94 (find_package)
[12.058s]   /usr/lib/x86_64-linux-gnu/cmake/gazebo/gazebo-config.cmake:251 (find_package)
[12.058s]   /opt/ros/humble/share/gazebo_dev/cmake/gazebo_dev-extras.cmake:3 (find_package)
[12.059s]   /opt/ros/humble/share/gazebo_dev/cmake/gazebo_devConfig.cmake:41 (include)
[12.059s]   /opt/ros/humble/share/gazebo_ros/cmake/ament_cmake_export_dependencies-extras.cmake:21 (find_package)
[12.059s]   /opt/ros/humble/share/gazebo_ros/cmake/gazebo_rosConfig.cmake:41 (include)
[12.059s]   CMakeLists.txt:10 (find_package)
[12.059s] 
[12.059s] [0m
[12.090s] -- Checking for module 'jsoncpp'
[12.176s] --   Found jsoncpp, version 1.9.5
[12.368s] -- Found JSONCPP: TRUE  
[12.404s] -- Checking for module 'libzip'
[12.507s] --   Found libzip, version 1.7.3
[12.690s] -- Found ZIP: TRUE  
[12.692s] -- Looking for ignition-common3 -- found version 3.14.0
[12.694s] -- Looking for ignition-math6 -- found version 6.15.1
[12.696s] -- Looking for ignition-msgs5 -- found version 5.8.1
[12.777s] -- Gazebo version: 11.10
[12.779s] -- Checking for module 'tbb'
[12.869s] --   Found tbb, version 2021.5.0
[13.140s] -- Found gazebo_ros2_control: 0.4.10 (/opt/ros/humble/share/gazebo_ros2_control/cmake)
[15.419s] -- Found robot_state_publisher: 3.0.3 (/opt/ros/humble/share/robot_state_publisher/cmake)
[15.601s] -- Found eigen3_cmake_module: 0.1.1 (/opt/ros/humble/share/eigen3_cmake_module/cmake)
[15.611s] -- Found Eigen3: TRUE (found version "3.4.0") 
[15.611s] -- Ensuring Eigen3 include directory is part of orocos-kdl CMake target
[16.478s] -- Found ros2_control: 2.51.0 (/opt/ros/humble/share/ros2_control/cmake)
[16.480s] -- Found ament_lint_auto: 0.12.14 (/opt/ros/humble/share/ament_lint_auto/cmake)
[16.751s] -- Added test 'cppcheck' to perform static code analysis on C / C++ code
[16.753s] -- Configured cppcheck include dirs: 
[16.753s] -- Configured cppcheck exclude dirs and/or files: 
[16.759s] -- Added test 'flake8' to check Python code syntax and style conventions
[16.764s] -- Added test 'lint_cmake' to check CMake code style
[16.767s] -- Added test 'pep257' to check Python code against some of the docstring style conventions in PEP 257
[16.781s] -- Added test 'uncrustify' to check C / C++ code style
[16.782s] -- Configured uncrustify additional arguments: 
[16.784s] -- Added test 'xmllint' to check XML markup files
[16.788s] -- Configuring done (16.7s)
[16.820s] -- Generating done (0.0s)
[16.874s] -- Build files have been written to: /home/a/ws_moveit2/src/gazebo_ros2_control
[16.931s] Invoked command in '/home/a/ws_moveit2/build/gazebo_ros2_control' returned '0': CMAKE_PREFIX_PATH=${CMAKE_PREFIX_PATH}:/home/a/ws_moveit2/install/moveit_configs_utils:/home/a/ws_moveit2/install/launch_param_builder:/opt/ros/humble /opt/st/stm32cubeclt_1.17.0/CMake/bin/cmake /home/a/ws_moveit2/src/gazebo_ros2_control -DCMAKE_INSTALL_PREFIX=/home/a/ws_moveit2/install/gazebo_ros2_control
[16.935s] Traceback (most recent call last):
  File "/usr/lib/python3/dist-packages/colcon_core/executor/__init__.py", line 91, in __call__
    rc = await self.task(*args, **kwargs)
  File "/usr/lib/python3/dist-packages/colcon_core/task/__init__.py", line 93, in __call__
    return await task_method(*args, **kwargs)
  File "/usr/lib/python3/dist-packages/colcon_ros/task/ament_cmake/build.py", line 65, in build
    has_install_target = await has_target(args.build_base, 'install')
  File "/usr/lib/python3/dist-packages/colcon_cmake/task/cmake/__init__.py", line 128, in has_target
    if 'Unix Makefiles' in generator:
TypeError: argument of type 'NoneType' is not iterable
