[0.016s] Invoking command in '/home/a/ws_moveit2/build/moveit_core': AMENT_PREFIX_PATH=/home/a/ws_moveit2/install/moveit_resources_panda_moveit_config:/home/a/ws_moveit2/install/srdfdom:/home/a/ws_moveit2/install/moveit_resources_pr2_description:/home/a/ws_moveit2/install/moveit_resources_panda_description:/home/a/ws_moveit2/install/moveit_common:${AMENT_PREFIX_PATH} CMAKE_PREFIX_PATH=/home/a/ws_moveit2/install/moveit_resources_panda_moveit_config:/home/a/ws_moveit2/install/srdfdom:/home/a/ws_moveit2/install/moveit_resources_pr2_description:/home/a/ws_moveit2/install/moveit_resources_panda_description:/home/a/ws_moveit2/install/moveit_common:/opt/ros/humble LD_LIBRARY_PATH=/home/a/ws_moveit2/install/srdfdom/lib:${LD_LIBRARY_PATH} PYTHONPATH=/home/a/ws_moveit2/install/srdfdom/local/lib/python3.10/dist-packages:${PYTHONPATH} /usr/bin/cmake --build /home/a/ws_moveit2/build/moveit_core -- -j22 -l22
[0.065s] [  1%] Built target moveit_exceptions
[0.067s] [  2%] Built target gtest
[0.071s] [  3%] Built target gmock_main
[0.071s] [  6%] Built target moveit_utils
[0.072s] [  7%] Built target moveit_version
[0.072s] [  8%] Built target gtest_main
[0.073s] [ 10%] Built target moveit_butterworth_parameters
[0.075s] [ 12%] Built target gmock
[0.075s] [ 13%] Built target moveit_kinematics_base
[0.078s] [ 14%] Built target moveit_smoothing_base
[0.078s] [ 15%] Built target moveit_transforms
[0.081s] [ 18%] Built target moveit_distance_field
[0.102s] [ 19%] Built target test_transforms
[0.107s] [ 25%] Built target moveit_robot_model
[0.110s] [ 26%] Built target test_voxel_grid
[0.111s] [ 27%] Built target test_distance_field
[0.133s] [ 28%] Built target moveit_butterworth_filter
[0.134s] [ 30%] Built target moveit_test_utils
[0.140s] [ 33%] Built target moveit_robot_state
[0.161s] [ 34%] Built target test_butterworth_filter
[0.163s] [ 35%] Built target test_robot_model
[0.167s] [ 36%] Built target test_robot_state_benchmark
[0.170s] [ 38%] Built target test_robot_state
[0.170s] [ 39%] Built target moveit_kinematics_metrics
[0.172s] [ 40%] Built target moveit_robot_trajectory
[0.172s] [ 41%] Built target test_robot_state_complex
[0.174s] [ 42%] Built target test_aabb
[0.176s] [ 43%] Built target moveit_dynamics_solver
[0.177s] [ 44%] Built target test_cartesian_interpolator
[0.187s] [ 49%] Built target moveit_collision_detection
[0.201s] [ 50%] Built target test_robot_trajectory
[0.207s] [ 53%] Built target moveit_trajectory_processing
[0.207s] [ 55%] Built target moveit_planning_interface
[0.210s] [ 56%] Built target test_world
[0.213s] [ 58%] Built target test_world_diff
[0.218s] [ 59%] Built target test_all_valid
[0.218s] [ 61%] Built target moveit_collision_detection_fcl
[0.230s] [ 63%] Built target test_time_optimal_trajectory_generation
[0.230s] [ 64%] Built target test_time_parameterization
[0.232s] [ 69%] Built target moveit_collision_detection_bullet
[0.234s] [ 70%] Built target test_ruckig_traj_smoothing
[0.244s] [ 71%] Built target test_fcl_collision_env
[0.250s] [ 73%] Built target moveit_kinematic_constraints
[0.250s] [ 74%] Built target test_fcl_collision_detection
[0.251s] [ 76%] Built target test_fcl_collision_detection_panda
[0.259s] [ 78%] Built target test_bullet_collision_detection
[0.260s] [ 78%] Built target test_bullet_continuous_collision_checking
[0.261s] [ 80%] Built target test_bullet_collision_detection_panda
[0.273s] [ 81%] Built target test_constraints
[0.273s] [ 82%] Built target test_orientation_constraints
[0.282s] [ 84%] Built target moveit_planning_scene
[0.305s] [ 85%] Built target collision_detector_bullet_plugin
[0.311s] [ 89%] Built target test_multi_threaded
[0.311s] [ 89%] Built target moveit_constraint_samplers
[0.312s] [ 90%] Built target test_collision_objects
[0.312s] [ 91%] Built target test_planning_scene
[0.313s] [ 92%] Built target collision_detector_fcl_plugin
[0.315s] [ 93%] Built target moveit_planning_request_adapter
[0.322s] [ 96%] Built target moveit_collision_distance_field
[0.342s] [ 99%] Built target test_constraint_samplers
[0.352s] [100%] Built target test_collision_distance_field
