[0.000000] (-) TimerEvent: {}
[0.000543] (-) JobUnselected: {'identifier': '0525_arm_description'}
[0.000646] (-) JobUnselected: {'identifier': 'catch_gazebo_control'}
[0.000693] (-) JobUnselected: {'identifier': 'chomp_motion_planner'}
[0.000728] (-) JobUnselected: {'identifier': 'hello_moveit'}
[0.000761] (-) JobUnselected: {'identifier': 'launch_param_builder'}
[0.000793] (-) JobUnselected: {'identifier': 'moveit'}
[0.000824] (-) JobUnselected: {'identifier': 'moveit2_tutorials'}
[0.000854] (-) JobUnselected: {'identifier': 'moveit_chomp_optimizer_adapter'}
[0.000885] (-) JobUnselected: {'identifier': 'moveit_common'}
[0.000915] (-) JobUnselected: {'identifier': 'moveit_configs_utils'}
[0.000945] (-) JobUnselected: {'identifier': 'moveit_core'}
[0.000975] (-) JobUnselected: {'identifier': 'moveit_hybrid_planning'}
[0.001006] (-) JobUnselected: {'identifier': 'moveit_kinematics'}
[0.001036] (-) JobUnselected: {'identifier': 'moveit_planners'}
[0.001103] (-) JobUnselected: {'identifier': 'moveit_planners_chomp'}
[0.001142] (-) JobUnselected: {'identifier': 'moveit_planners_ompl'}
[0.001182] (-) JobUnselected: {'identifier': 'moveit_plugins'}
[0.001214] (-) JobUnselected: {'identifier': 'moveit_resources'}
[0.001245] (-) JobUnselected: {'identifier': 'moveit_resources_fanuc_description'}
[0.001276] (-) JobUnselected: {'identifier': 'moveit_resources_fanuc_moveit_config'}
[0.001307] (-) JobUnselected: {'identifier': 'moveit_resources_panda_description'}
[0.001337] (-) JobUnselected: {'identifier': 'moveit_resources_panda_moveit_config'}
[0.001366] (-) JobUnselected: {'identifier': 'moveit_resources_pr2_description'}
[0.001396] (-) JobUnselected: {'identifier': 'moveit_resources_prbt_ikfast_manipulator_plugin'}
[0.001427] (-) JobUnselected: {'identifier': 'moveit_resources_prbt_moveit_config'}
[0.001457] (-) JobUnselected: {'identifier': 'moveit_resources_prbt_pg70_support'}
[0.001487] (-) JobUnselected: {'identifier': 'moveit_resources_prbt_support'}
[0.001517] (-) JobUnselected: {'identifier': 'moveit_ros'}
[0.001546] (-) JobUnselected: {'identifier': 'moveit_ros_benchmarks'}
[0.001635] (-) JobUnselected: {'identifier': 'moveit_ros_control_interface'}
[0.001691] (-) JobUnselected: {'identifier': 'moveit_ros_move_group'}
[0.001728] (-) JobUnselected: {'identifier': 'moveit_ros_occupancy_map_monitor'}
[0.001761] (-) JobUnselected: {'identifier': 'moveit_ros_perception'}
[0.001792] (-) JobUnselected: {'identifier': 'moveit_ros_planning'}
[0.001822] (-) JobUnselected: {'identifier': 'moveit_ros_planning_interface'}
[0.001853] (-) JobUnselected: {'identifier': 'moveit_ros_robot_interaction'}
[0.001883] (-) JobUnselected: {'identifier': 'moveit_ros_visualization'}
[0.001913] (-) JobUnselected: {'identifier': 'moveit_ros_warehouse'}
[0.001943] (-) JobUnselected: {'identifier': 'moveit_runtime'}
[0.001972] (-) JobUnselected: {'identifier': 'moveit_servo'}
[0.002002] (-) JobUnselected: {'identifier': 'moveit_setup_app_plugins'}
[0.002031] (-) JobUnselected: {'identifier': 'moveit_setup_assistant'}
[0.002060] (-) JobUnselected: {'identifier': 'moveit_setup_controllers'}
[0.002119] (-) JobUnselected: {'identifier': 'moveit_setup_core_plugins'}
[0.002161] (-) JobUnselected: {'identifier': 'moveit_setup_framework'}
[0.002192] (-) JobUnselected: {'identifier': 'moveit_setup_srdf_plugins'}
[0.002222] (-) JobUnselected: {'identifier': 'moveit_simple_controller_manager'}
[0.002251] (-) JobUnselected: {'identifier': 'moveit_task_constructor_capabilities'}
[0.002281] (-) JobUnselected: {'identifier': 'moveit_task_constructor_core'}
[0.002310] (-) JobUnselected: {'identifier': 'moveit_task_constructor_demo'}
[0.002339] (-) JobUnselected: {'identifier': 'moveit_task_constructor_msgs'}
[0.002368] (-) JobUnselected: {'identifier': 'moveit_task_constructor_visualization'}
[0.002396] (-) JobUnselected: {'identifier': 'moveit_visual_tools'}
[0.002426] (-) JobUnselected: {'identifier': 'mtc_tutorial'}
[0.002454] (-) JobUnselected: {'identifier': 'pilz_industrial_motion_planner'}
[0.002483] (-) JobUnselected: {'identifier': 'pilz_industrial_motion_planner_testutils'}
[0.002541] (-) JobUnselected: {'identifier': 'robot_config'}
[0.002572] (-) JobUnselected: {'identifier': 'rosparam_shortcuts'}
[0.002602] (-) JobUnselected: {'identifier': 'rviz_marker_tools'}
[0.002631] (-) JobUnselected: {'identifier': 'srdfdom'}
[0.002664] (-) EventReactorShutdown: {}
