[0.006s] Invoking command in '/home/a/ws_moveit2/build/dynamixel_controller': AMENT_PREFIX_PATH=/home/a/ws_moveit2/install/dynamixel_sdk:${AMENT_PREFIX_PATH} CMAKE_PREFIX_PATH=/home/a/ws_moveit2/install/dynamixel_sdk:/opt/ros/humble LD_LIBRARY_PATH=/home/a/ws_moveit2/install/dynamixel_sdk/lib:${LD_LIBRARY_PATH} /usr/bin/cmake /home/a/ws_moveit2/src/dynamixel_ros2/dynamixel_controller -DCMAKE_INSTALL_PREFIX=/home/a/ws_moveit2/install/dynamixel_controller
[0.048s] -- The C compiler identification is GNU 11.4.0
[0.081s] -- The CXX compiler identification is GNU 11.4.0
[0.086s] -- Detecting C compiler ABI info
[0.135s] -- Detecting C compiler ABI info - done
[0.140s] -- Check for working C compiler: /usr/bin/cc - skipped
[0.140s] -- Detecting C compile features
[0.140s] -- Detecting C compile features - done
[0.142s] -- Detecting CXX compiler ABI info
[0.200s] -- Detecting CXX compiler ABI info - done
[0.207s] -- Check for working CXX compiler: /usr/bin/c++ - skipped
[0.207s] -- Detecting CXX compile features
[0.208s] -- Detecting CXX compile features - done
[0.209s] -- Found ament_cmake: 1.3.12 (/opt/ros/humble/share/ament_cmake/cmake)
[0.310s] -- Found Python3: /usr/bin/python3 (found version "3.10.12") found components: Interpreter 
[0.367s] -- Found rclcpp: 16.0.14 (/opt/ros/humble/share/rclcpp/cmake)
[0.416s] -- Found rosidl_generator_c: 3.1.7 (/opt/ros/humble/share/rosidl_generator_c/cmake)
[0.422s] -- Found rosidl_adapter: 3.1.7 (/opt/ros/humble/share/rosidl_adapter/cmake)
[0.431s] -- Found rosidl_generator_cpp: 3.1.7 (/opt/ros/humble/share/rosidl_generator_cpp/cmake)
[0.446s] -- Using all available rosidl_typesupport_c: rosidl_typesupport_fastrtps_c;rosidl_typesupport_introspection_c
[0.463s] -- Using all available rosidl_typesupport_cpp: rosidl_typesupport_fastrtps_cpp;rosidl_typesupport_introspection_cpp
[0.509s] -- Found rmw_implementation_cmake: 6.1.2 (/opt/ros/humble/share/rmw_implementation_cmake/cmake)
[0.512s] -- Found rmw_fastrtps_cpp: 6.2.8 (/opt/ros/humble/share/rmw_fastrtps_cpp/cmake)
[0.605s] -- Found OpenSSL: /usr/lib/x86_64-linux-gnu/libcrypto.so (found version "3.0.2")  
[0.626s] -- Found FastRTPS: /opt/ros/humble/include  
[0.657s] -- Using RMW implementation 'rmw_fastrtps_cpp' as default
[0.672s] -- Looking for pthread.h
[0.726s] -- Looking for pthread.h - found
[0.726s] -- Performing Test CMAKE_HAVE_LIBC_PTHREAD
[0.780s] -- Performing Test CMAKE_HAVE_LIBC_PTHREAD - Success
[0.781s] -- Found Threads: TRUE  
[0.835s] -- Found rosidl_default_generators: 1.2.0 (/opt/ros/humble/share/rosidl_default_generators/cmake)
[0.842s] -- Found dynamixel_sdk: 3.7.60 (/home/a/ws_moveit2/install/dynamixel_sdk/share/dynamixel_sdk/cmake)
[1.022s] -- Found ament_cmake_ros: 0.10.0 (/opt/ros/humble/share/ament_cmake_ros/cmake)
[1.241s] -- Using all available rosidl_typesupport_c: rosidl_typesupport_fastrtps_c;rosidl_typesupport_introspection_c
[1.324s] -- Using all available rosidl_typesupport_cpp: rosidl_typesupport_fastrtps_cpp;rosidl_typesupport_introspection_cpp
[1.339s] -- Found PythonInterp: /usr/bin/python3 (found suitable version "3.10.12", minimum required is "3.6") 
[1.341s] -- Found python_cmake_module: 0.10.0 (/opt/ros/humble/share/python_cmake_module/cmake)
[1.364s] -- Found PythonLibs: /usr/lib/x86_64-linux-gnu/libpython3.10.so (found suitable version "3.10.12", minimum required is "3.5") 
[1.364s] -- Using PYTHON_EXECUTABLE: /usr/bin/python3
[1.364s] -- Using PYTHON_INCLUDE_DIRS: /usr/include/python3.10
[1.364s] -- Using PYTHON_LIBRARIES: /usr/lib/x86_64-linux-gnu/libpython3.10.so
[1.379s] -- Found PythonExtra: .so  
[1.414s] -- Configuring done
[1.437s] -- Generating done
[1.444s] -- Build files have been written to: /home/a/ws_moveit2/build/dynamixel_controller
[1.452s] Invoked command in '/home/a/ws_moveit2/build/dynamixel_controller' returned '0': AMENT_PREFIX_PATH=/home/a/ws_moveit2/install/dynamixel_sdk:${AMENT_PREFIX_PATH} CMAKE_PREFIX_PATH=/home/a/ws_moveit2/install/dynamixel_sdk:/opt/ros/humble LD_LIBRARY_PATH=/home/a/ws_moveit2/install/dynamixel_sdk/lib:${LD_LIBRARY_PATH} /usr/bin/cmake /home/a/ws_moveit2/src/dynamixel_ros2/dynamixel_controller -DCMAKE_INSTALL_PREFIX=/home/a/ws_moveit2/install/dynamixel_controller
[1.452s] Invoking command in '/home/a/ws_moveit2/build/dynamixel_controller': AMENT_PREFIX_PATH=/home/a/ws_moveit2/install/dynamixel_sdk:${AMENT_PREFIX_PATH} CMAKE_PREFIX_PATH=/home/a/ws_moveit2/install/dynamixel_sdk:/opt/ros/humble LD_LIBRARY_PATH=/home/a/ws_moveit2/install/dynamixel_sdk/lib:${LD_LIBRARY_PATH} /usr/bin/cmake --build /home/a/ws_moveit2/build/dynamixel_controller -- -j22 -l22
[1.485s] [  2%] [34m[1mGenerating C code for ROS interfaces[0m
[1.493s] [  4%] [34m[1mGenerating C++ code for ROS interfaces[0m
[1.500s] [  4%] Built target ament_cmake_python_copy_dynamixel_controller
[1.648s] running egg_info
[1.649s] creating dynamixel_controller.egg-info
[1.649s] writing dynamixel_controller.egg-info/PKG-INFO
[1.649s] writing dependency_links to dynamixel_controller.egg-info/dependency_links.txt
[1.649s] writing top-level names to dynamixel_controller.egg-info/top_level.txt
[1.650s] writing manifest file 'dynamixel_controller.egg-info/SOURCES.txt'
[1.652s] reading manifest file 'dynamixel_controller.egg-info/SOURCES.txt'
[1.652s] writing manifest file 'dynamixel_controller.egg-info/SOURCES.txt'
[1.669s] [  4%] Built target ament_cmake_python_build_dynamixel_controller_egg
[2.195s] [  6%] [32mBuilding C object CMakeFiles/dynamixel_controller__rosidl_generator_c.dir/rosidl_generator_c/dynamixel_controller/msg/detail/dynamixel_controller__functions.c.o[0m
[2.195s] [ 10%] [32mBuilding C object CMakeFiles/dynamixel_controller__rosidl_generator_c.dir/rosidl_generator_c/dynamixel_controller/msg/detail/dynamixel_command__functions.c.o[0m
[2.195s] [ 10%] [32mBuilding C object CMakeFiles/dynamixel_controller__rosidl_generator_c.dir/rosidl_generator_c/dynamixel_controller/msg/detail/dynamixel_response__functions.c.o[0m
[2.231s] [ 10%] Built target dynamixel_controller__cpp
[2.237s] [ 12%] [34m[1mGenerating C++ introspection for ROS interfaces[0m
[2.240s] [ 14%] [34m[1mGenerating C++ type support dispatch for ROS interfaces[0m
[2.240s] [ 16%] [34m[1mGenerating C++ type support for eProsima Fast-RTPS[0m
[2.246s] [ 18%] [32m[1mLinking C shared library libdynamixel_controller__rosidl_generator_c.so[0m
[2.276s] [ 18%] Built target dynamixel_controller__rosidl_generator_c
[2.283s] [ 20%] [34m[1mGenerating C introspection for ROS interfaces[0m
[2.285s] [ 22%] [34m[1mGenerating C type support for eProsima Fast-RTPS[0m
[2.285s] [ 24%] [34m[1mGenerating C type support dispatch for ROS interfaces[0m
[2.934s] [ 30%] [32mBuilding CXX object CMakeFiles/dynamixel_controller__rosidl_typesupport_cpp.dir/rosidl_typesupport_cpp/dynamixel_controller/msg/dynamixel_command__type_support.cpp.o[0m
[2.934s] [ 30%] [32mBuilding CXX object CMakeFiles/dynamixel_controller__rosidl_typesupport_cpp.dir/rosidl_typesupport_cpp/dynamixel_controller/msg/dynamixel_controller__type_support.cpp.o[0m
[2.934s] [ 30%] [32mBuilding CXX object CMakeFiles/dynamixel_controller__rosidl_typesupport_cpp.dir/rosidl_typesupport_cpp/dynamixel_controller/msg/dynamixel_response__type_support.cpp.o[0m
[2.951s] [ 32%] [32mBuilding CXX object CMakeFiles/dynamixel_controller__rosidl_typesupport_introspection_cpp.dir/rosidl_typesupport_introspection_cpp/dynamixel_controller/msg/detail/dynamixel_controller__type_support.cpp.o[0m
[2.953s] [ 34%] [32mBuilding CXX object CMakeFiles/dynamixel_controller__rosidl_typesupport_introspection_cpp.dir/rosidl_typesupport_introspection_cpp/dynamixel_controller/msg/detail/dynamixel_command__type_support.cpp.o[0m
[2.954s] [ 42%] [32mBuilding CXX object CMakeFiles/dynamixel_controller__rosidl_typesupport_introspection_cpp.dir/rosidl_typesupport_introspection_cpp/dynamixel_controller/msg/detail/dynamixel_response__type_support.cpp.o[0m
[2.954s] [ 42%] [32mBuilding CXX object CMakeFiles/dynamixel_controller__rosidl_typesupport_fastrtps_cpp.dir/rosidl_typesupport_fastrtps_cpp/dynamixel_controller/msg/detail/dds_fastrtps/dynamixel_command__type_support.cpp.o[0m
[2.954s] [ 42%] [32mBuilding CXX object CMakeFiles/dynamixel_controller__rosidl_typesupport_fastrtps_cpp.dir/rosidl_typesupport_fastrtps_cpp/dynamixel_controller/msg/detail/dds_fastrtps/dynamixel_controller__type_support.cpp.o[0m
[2.954s] [ 42%] [32mBuilding CXX object CMakeFiles/dynamixel_controller__rosidl_typesupport_fastrtps_cpp.dir/rosidl_typesupport_fastrtps_cpp/dynamixel_controller/msg/detail/dds_fastrtps/dynamixel_response__type_support.cpp.o[0m
[3.047s] [ 44%] [32mBuilding C object CMakeFiles/dynamixel_controller__rosidl_typesupport_introspection_c.dir/rosidl_typesupport_introspection_c/dynamixel_controller/msg/detail/dynamixel_command__type_support.c.o[0m
[3.049s] [ 46%] [32mBuilding C object CMakeFiles/dynamixel_controller__rosidl_typesupport_introspection_c.dir/rosidl_typesupport_introspection_c/dynamixel_controller/msg/detail/dynamixel_controller__type_support.c.o[0m
[3.049s] [ 48%] [32mBuilding C object CMakeFiles/dynamixel_controller__rosidl_typesupport_introspection_c.dir/rosidl_typesupport_introspection_c/dynamixel_controller/msg/detail/dynamixel_response__type_support.c.o[0m
[3.091s] [ 51%] [32m[1mLinking C shared library libdynamixel_controller__rosidl_typesupport_introspection_c.so[0m
[3.104s] [ 57%] [32mBuilding CXX object CMakeFiles/dynamixel_controller__rosidl_typesupport_c.dir/rosidl_typesupport_c/dynamixel_controller/msg/dynamixel_response__type_support.cpp.o[0m
[3.104s] [ 57%] [32mBuilding CXX object CMakeFiles/dynamixel_controller__rosidl_typesupport_c.dir/rosidl_typesupport_c/dynamixel_controller/msg/dynamixel_controller__type_support.cpp.o[0m
[3.104s] [ 57%] [32mBuilding CXX object CMakeFiles/dynamixel_controller__rosidl_typesupport_c.dir/rosidl_typesupport_c/dynamixel_controller/msg/dynamixel_command__type_support.cpp.o[0m
[3.121s] [ 57%] Built target dynamixel_controller__rosidl_typesupport_introspection_c
[3.131s] [ 59%] [32m[1mLinking CXX shared library libdynamixel_controller__rosidl_typesupport_c.so[0m
[3.133s] [ 61%] [32mBuilding CXX object CMakeFiles/dynamixel_controller__rosidl_typesupport_fastrtps_c.dir/rosidl_typesupport_fastrtps_c/dynamixel_controller/msg/detail/dynamixel_command__type_support_c.cpp.o[0m
[3.134s] [ 63%] [32mBuilding CXX object CMakeFiles/dynamixel_controller__rosidl_typesupport_fastrtps_c.dir/rosidl_typesupport_fastrtps_c/dynamixel_controller/msg/detail/dynamixel_controller__type_support_c.cpp.o[0m
[3.135s] [ 65%] [32mBuilding CXX object CMakeFiles/dynamixel_controller__rosidl_typesupport_fastrtps_c.dir/rosidl_typesupport_fastrtps_c/dynamixel_controller/msg/detail/dynamixel_response__type_support_c.cpp.o[0m
[3.174s] [ 65%] Built target dynamixel_controller__rosidl_typesupport_c
[3.235s] [ 67%] [32m[1mLinking CXX shared library libdynamixel_controller__rosidl_typesupport_cpp.so[0m
[3.268s] [ 67%] Built target dynamixel_controller__rosidl_typesupport_cpp
[3.284s] [ 69%] [32mBuilding CXX object CMakeFiles/dynamixel_controller_node.dir/src/dynamixel_controller.cpp.o[0m
[3.338s] [ 71%] [32m[1mLinking CXX shared library libdynamixel_controller__rosidl_typesupport_fastrtps_cpp.so[0m
[3.352s] [ 73%] [32m[1mLinking CXX shared library libdynamixel_controller__rosidl_typesupport_introspection_cpp.so[0m
[3.394s] [ 75%] [32m[1mLinking CXX shared library libdynamixel_controller__rosidl_typesupport_fastrtps_c.so[0m
[3.395s] [ 75%] Built target dynamixel_controller__rosidl_typesupport_fastrtps_cpp
[3.400s] [ 75%] Built target dynamixel_controller__rosidl_typesupport_introspection_cpp
[3.446s] [ 75%] Built target dynamixel_controller__rosidl_typesupport_fastrtps_c
[3.461s] [ 75%] Built target dynamixel_controller
[3.473s] [ 77%] [34m[1mGenerating Python code for ROS interfaces[0m
[4.732s] [ 77%] Built target dynamixel_controller__py
[4.748s] [ 79%] [32mBuilding C object CMakeFiles/dynamixel_controller__rosidl_generator_py.dir/rosidl_generator_py/dynamixel_controller/msg/_dynamixel_controller_s.c.o[0m
[4.749s] [ 83%] [32mBuilding C object CMakeFiles/dynamixel_controller__rosidl_generator_py.dir/rosidl_generator_py/dynamixel_controller/msg/_dynamixel_command_s.c.o[0m
[4.749s] [ 83%] [32mBuilding C object CMakeFiles/dynamixel_controller__rosidl_generator_py.dir/rosidl_generator_py/dynamixel_controller/msg/_dynamixel_response_s.c.o[0m
[4.856s] [ 85%] [32m[1mLinking C shared library rosidl_generator_py/dynamixel_controller/libdynamixel_controller__rosidl_generator_py.so[0m
[4.888s] [ 85%] Built target dynamixel_controller__rosidl_generator_py
[4.904s] [ 87%] [32mBuilding C object CMakeFiles/dynamixel_controller__rosidl_typesupport_introspection_c__pyext.dir/rosidl_generator_py/dynamixel_controller/_dynamixel_controller_s.ep.rosidl_typesupport_introspection_c.c.o[0m
[4.905s] [ 89%] [32mBuilding C object CMakeFiles/dynamixel_controller__rosidl_typesupport_c__pyext.dir/rosidl_generator_py/dynamixel_controller/_dynamixel_controller_s.ep.rosidl_typesupport_c.c.o[0m
[4.905s] [ 91%] [32mBuilding C object CMakeFiles/dynamixel_controller__rosidl_typesupport_fastrtps_c__pyext.dir/rosidl_generator_py/dynamixel_controller/_dynamixel_controller_s.ep.rosidl_typesupport_fastrtps_c.c.o[0m
[4.972s] [ 95%] [32m[1mLinking C shared library rosidl_generator_py/dynamixel_controller/dynamixel_controller_s__rosidl_typesupport_introspection_c.cpython-310-x86_64-linux-gnu.so[0m
[4.972s] [ 95%] [32m[1mLinking C shared library rosidl_generator_py/dynamixel_controller/dynamixel_controller_s__rosidl_typesupport_c.cpython-310-x86_64-linux-gnu.so[0m
[4.972s] [ 97%] [32m[1mLinking C shared library rosidl_generator_py/dynamixel_controller/dynamixel_controller_s__rosidl_typesupport_fastrtps_c.cpython-310-x86_64-linux-gnu.so[0m
[5.003s] [ 97%] Built target dynamixel_controller__rosidl_typesupport_fastrtps_c__pyext
[5.003s] [ 97%] Built target dynamixel_controller__rosidl_typesupport_c__pyext
[5.003s] [ 97%] Built target dynamixel_controller__rosidl_typesupport_introspection_c__pyext
[8.730s] [100%] [32m[1mLinking CXX executable dynamixel_controller_node[0m
[8.997s] [100%] Built target dynamixel_controller_node
[9.007s] Invoked command in '/home/a/ws_moveit2/build/dynamixel_controller' returned '0': AMENT_PREFIX_PATH=/home/a/ws_moveit2/install/dynamixel_sdk:${AMENT_PREFIX_PATH} CMAKE_PREFIX_PATH=/home/a/ws_moveit2/install/dynamixel_sdk:/opt/ros/humble LD_LIBRARY_PATH=/home/a/ws_moveit2/install/dynamixel_sdk/lib:${LD_LIBRARY_PATH} /usr/bin/cmake --build /home/a/ws_moveit2/build/dynamixel_controller -- -j22 -l22
[9.008s] Invoking command in '/home/a/ws_moveit2/build/dynamixel_controller': AMENT_PREFIX_PATH=/home/a/ws_moveit2/install/dynamixel_sdk:${AMENT_PREFIX_PATH} CMAKE_PREFIX_PATH=/home/a/ws_moveit2/install/dynamixel_sdk:/opt/ros/humble LD_LIBRARY_PATH=/home/a/ws_moveit2/install/dynamixel_sdk/lib:${LD_LIBRARY_PATH} /usr/bin/cmake --install /home/a/ws_moveit2/build/dynamixel_controller
[9.016s] -- Install configuration: ""
[9.016s] -- Installing: /home/a/ws_moveit2/install/dynamixel_controller/share/ament_index/resource_index/rosidl_interfaces/dynamixel_controller
[9.016s] -- Installing: /home/a/ws_moveit2/install/dynamixel_controller/include/dynamixel_controller/dynamixel_controller
[9.016s] -- Installing: /home/a/ws_moveit2/install/dynamixel_controller/include/dynamixel_controller/dynamixel_controller/msg
[9.016s] -- Installing: /home/a/ws_moveit2/install/dynamixel_controller/include/dynamixel_controller/dynamixel_controller/msg/rosidl_generator_c__visibility_control.h
[9.016s] -- Installing: /home/a/ws_moveit2/install/dynamixel_controller/include/dynamixel_controller/dynamixel_controller/msg/dynamixel_controller.h
[9.016s] -- Installing: /home/a/ws_moveit2/install/dynamixel_controller/include/dynamixel_controller/dynamixel_controller/msg/dynamixel_response.h
[9.017s] -- Installing: /home/a/ws_moveit2/install/dynamixel_controller/include/dynamixel_controller/dynamixel_controller/msg/detail
[9.017s] -- Installing: /home/a/ws_moveit2/install/dynamixel_controller/include/dynamixel_controller/dynamixel_controller/msg/detail/dynamixel_command__functions.c
[9.017s] -- Installing: /home/a/ws_moveit2/install/dynamixel_controller/include/dynamixel_controller/dynamixel_controller/msg/detail/dynamixel_controller__functions.c
[9.017s] -- Installing: /home/a/ws_moveit2/install/dynamixel_controller/include/dynamixel_controller/dynamixel_controller/msg/detail/dynamixel_controller__functions.h
[9.017s] -- Installing: /home/a/ws_moveit2/install/dynamixel_controller/include/dynamixel_controller/dynamixel_controller/msg/detail/dynamixel_command__type_support.h
[9.017s] -- Installing: /home/a/ws_moveit2/install/dynamixel_controller/include/dynamixel_controller/dynamixel_controller/msg/detail/dynamixel_command__functions.h
[9.017s] -- Installing: /home/a/ws_moveit2/install/dynamixel_controller/include/dynamixel_controller/dynamixel_controller/msg/detail/dynamixel_response__functions.h
[9.017s] -- Installing: /home/a/ws_moveit2/install/dynamixel_controller/include/dynamixel_controller/dynamixel_controller/msg/detail/dynamixel_controller__type_support.h
[9.017s] -- Installing: /home/a/ws_moveit2/install/dynamixel_controller/include/dynamixel_controller/dynamixel_controller/msg/detail/dynamixel_response__struct.h
[9.017s] -- Installing: /home/a/ws_moveit2/install/dynamixel_controller/include/dynamixel_controller/dynamixel_controller/msg/detail/dynamixel_controller__struct.h
[9.017s] -- Installing: /home/a/ws_moveit2/install/dynamixel_controller/include/dynamixel_controller/dynamixel_controller/msg/detail/dynamixel_response__type_support.h
[9.017s] -- Installing: /home/a/ws_moveit2/install/dynamixel_controller/include/dynamixel_controller/dynamixel_controller/msg/detail/dynamixel_response__functions.c
[9.017s] -- Installing: /home/a/ws_moveit2/install/dynamixel_controller/include/dynamixel_controller/dynamixel_controller/msg/detail/dynamixel_command__struct.h
[9.017s] -- Installing: /home/a/ws_moveit2/install/dynamixel_controller/include/dynamixel_controller/dynamixel_controller/msg/dynamixel_command.h
[9.018s] -- Installing: /home/a/ws_moveit2/install/dynamixel_controller/share/dynamixel_controller/environment/library_path.sh
[9.018s] -- Installing: /home/a/ws_moveit2/install/dynamixel_controller/share/dynamixel_controller/environment/library_path.dsv
[9.018s] -- Installing: /home/a/ws_moveit2/install/dynamixel_controller/lib/libdynamixel_controller__rosidl_generator_c.so
[9.018s] -- Set runtime path of "/home/a/ws_moveit2/install/dynamixel_controller/lib/libdynamixel_controller__rosidl_generator_c.so" to ""
[9.018s] -- Up-to-date: /home/a/ws_moveit2/install/dynamixel_controller/include/dynamixel_controller/dynamixel_controller
[9.018s] -- Up-to-date: /home/a/ws_moveit2/install/dynamixel_controller/include/dynamixel_controller/dynamixel_controller/msg
[9.018s] -- Installing: /home/a/ws_moveit2/install/dynamixel_controller/include/dynamixel_controller/dynamixel_controller/msg/rosidl_typesupport_fastrtps_c__visibility_control.h
[9.018s] -- Up-to-date: /home/a/ws_moveit2/install/dynamixel_controller/include/dynamixel_controller/dynamixel_controller/msg/detail
[9.018s] -- Installing: /home/a/ws_moveit2/install/dynamixel_controller/include/dynamixel_controller/dynamixel_controller/msg/detail/dynamixel_controller__rosidl_typesupport_fastrtps_c.h
[9.019s] -- Installing: /home/a/ws_moveit2/install/dynamixel_controller/include/dynamixel_controller/dynamixel_controller/msg/detail/dynamixel_response__rosidl_typesupport_fastrtps_c.h
[9.019s] -- Installing: /home/a/ws_moveit2/install/dynamixel_controller/include/dynamixel_controller/dynamixel_controller/msg/detail/dynamixel_command__rosidl_typesupport_fastrtps_c.h
[9.019s] -- Installing: /home/a/ws_moveit2/install/dynamixel_controller/lib/libdynamixel_controller__rosidl_typesupport_fastrtps_c.so
[9.019s] -- Set runtime path of "/home/a/ws_moveit2/install/dynamixel_controller/lib/libdynamixel_controller__rosidl_typesupport_fastrtps_c.so" to ""
[9.019s] -- Up-to-date: /home/a/ws_moveit2/install/dynamixel_controller/include/dynamixel_controller/dynamixel_controller
[9.019s] -- Up-to-date: /home/a/ws_moveit2/install/dynamixel_controller/include/dynamixel_controller/dynamixel_controller/msg
[9.019s] -- Installing: /home/a/ws_moveit2/install/dynamixel_controller/include/dynamixel_controller/dynamixel_controller/msg/dynamixel_command.hpp
[9.019s] -- Installing: /home/a/ws_moveit2/install/dynamixel_controller/include/dynamixel_controller/dynamixel_controller/msg/dynamixel_response.hpp
[9.019s] -- Installing: /home/a/ws_moveit2/install/dynamixel_controller/include/dynamixel_controller/dynamixel_controller/msg/rosidl_generator_cpp__visibility_control.hpp
[9.019s] -- Installing: /home/a/ws_moveit2/install/dynamixel_controller/include/dynamixel_controller/dynamixel_controller/msg/dynamixel_controller.hpp
[9.019s] -- Up-to-date: /home/a/ws_moveit2/install/dynamixel_controller/include/dynamixel_controller/dynamixel_controller/msg/detail
[9.019s] -- Installing: /home/a/ws_moveit2/install/dynamixel_controller/include/dynamixel_controller/dynamixel_controller/msg/detail/dynamixel_controller__type_support.hpp
[9.019s] -- Installing: /home/a/ws_moveit2/install/dynamixel_controller/include/dynamixel_controller/dynamixel_controller/msg/detail/dynamixel_response__struct.hpp
[9.019s] -- Installing: /home/a/ws_moveit2/install/dynamixel_controller/include/dynamixel_controller/dynamixel_controller/msg/detail/dynamixel_controller__struct.hpp
[9.019s] -- Installing: /home/a/ws_moveit2/install/dynamixel_controller/include/dynamixel_controller/dynamixel_controller/msg/detail/dynamixel_controller__builder.hpp
[9.019s] -- Installing: /home/a/ws_moveit2/install/dynamixel_controller/include/dynamixel_controller/dynamixel_controller/msg/detail/dynamixel_response__builder.hpp
[9.020s] -- Installing: /home/a/ws_moveit2/install/dynamixel_controller/include/dynamixel_controller/dynamixel_controller/msg/detail/dynamixel_response__traits.hpp
[9.020s] -- Installing: /home/a/ws_moveit2/install/dynamixel_controller/include/dynamixel_controller/dynamixel_controller/msg/detail/dynamixel_command__type_support.hpp
[9.020s] -- Installing: /home/a/ws_moveit2/install/dynamixel_controller/include/dynamixel_controller/dynamixel_controller/msg/detail/dynamixel_command__traits.hpp
[9.020s] -- Installing: /home/a/ws_moveit2/install/dynamixel_controller/include/dynamixel_controller/dynamixel_controller/msg/detail/dynamixel_command__builder.hpp
[9.020s] -- Installing: /home/a/ws_moveit2/install/dynamixel_controller/include/dynamixel_controller/dynamixel_controller/msg/detail/dynamixel_command__struct.hpp
[9.020s] -- Installing: /home/a/ws_moveit2/install/dynamixel_controller/include/dynamixel_controller/dynamixel_controller/msg/detail/dynamixel_response__type_support.hpp
[9.020s] -- Installing: /home/a/ws_moveit2/install/dynamixel_controller/include/dynamixel_controller/dynamixel_controller/msg/detail/dynamixel_controller__traits.hpp
[9.020s] -- Up-to-date: /home/a/ws_moveit2/install/dynamixel_controller/include/dynamixel_controller/dynamixel_controller
[9.020s] -- Up-to-date: /home/a/ws_moveit2/install/dynamixel_controller/include/dynamixel_controller/dynamixel_controller/msg
[9.020s] -- Up-to-date: /home/a/ws_moveit2/install/dynamixel_controller/include/dynamixel_controller/dynamixel_controller/msg/detail
[9.020s] -- Installing: /home/a/ws_moveit2/install/dynamixel_controller/include/dynamixel_controller/dynamixel_controller/msg/detail/dynamixel_command__rosidl_typesupport_fastrtps_cpp.hpp
[9.020s] -- Installing: /home/a/ws_moveit2/install/dynamixel_controller/include/dynamixel_controller/dynamixel_controller/msg/detail/dynamixel_controller__rosidl_typesupport_fastrtps_cpp.hpp
[9.020s] -- Installing: /home/a/ws_moveit2/install/dynamixel_controller/include/dynamixel_controller/dynamixel_controller/msg/detail/dynamixel_response__rosidl_typesupport_fastrtps_cpp.hpp
[9.020s] -- Installing: /home/a/ws_moveit2/install/dynamixel_controller/include/dynamixel_controller/dynamixel_controller/msg/detail/dds_fastrtps
[9.020s] -- Installing: /home/a/ws_moveit2/install/dynamixel_controller/include/dynamixel_controller/dynamixel_controller/msg/rosidl_typesupport_fastrtps_cpp__visibility_control.h
[9.020s] -- Installing: /home/a/ws_moveit2/install/dynamixel_controller/lib/libdynamixel_controller__rosidl_typesupport_fastrtps_cpp.so
[9.021s] -- Set runtime path of "/home/a/ws_moveit2/install/dynamixel_controller/lib/libdynamixel_controller__rosidl_typesupport_fastrtps_cpp.so" to ""
[9.021s] -- Up-to-date: /home/a/ws_moveit2/install/dynamixel_controller/include/dynamixel_controller/dynamixel_controller
[9.021s] -- Up-to-date: /home/a/ws_moveit2/install/dynamixel_controller/include/dynamixel_controller/dynamixel_controller/msg
[9.021s] -- Installing: /home/a/ws_moveit2/install/dynamixel_controller/include/dynamixel_controller/dynamixel_controller/msg/rosidl_typesupport_introspection_c__visibility_control.h
[9.021s] -- Up-to-date: /home/a/ws_moveit2/install/dynamixel_controller/include/dynamixel_controller/dynamixel_controller/msg/detail
[9.021s] -- Installing: /home/a/ws_moveit2/install/dynamixel_controller/include/dynamixel_controller/dynamixel_controller/msg/detail/dynamixel_response__type_support.c
[9.021s] -- Installing: /home/a/ws_moveit2/install/dynamixel_controller/include/dynamixel_controller/dynamixel_controller/msg/detail/dynamixel_command__type_support.c
[9.021s] -- Installing: /home/a/ws_moveit2/install/dynamixel_controller/include/dynamixel_controller/dynamixel_controller/msg/detail/dynamixel_controller__type_support.c
[9.021s] -- Installing: /home/a/ws_moveit2/install/dynamixel_controller/include/dynamixel_controller/dynamixel_controller/msg/detail/dynamixel_controller__rosidl_typesupport_introspection_c.h
[9.021s] -- Installing: /home/a/ws_moveit2/install/dynamixel_controller/include/dynamixel_controller/dynamixel_controller/msg/detail/dynamixel_command__rosidl_typesupport_introspection_c.h
[9.021s] -- Installing: /home/a/ws_moveit2/install/dynamixel_controller/include/dynamixel_controller/dynamixel_controller/msg/detail/dynamixel_response__rosidl_typesupport_introspection_c.h
[9.021s] -- Installing: /home/a/ws_moveit2/install/dynamixel_controller/lib/libdynamixel_controller__rosidl_typesupport_introspection_c.so
[9.021s] -- Set runtime path of "/home/a/ws_moveit2/install/dynamixel_controller/lib/libdynamixel_controller__rosidl_typesupport_introspection_c.so" to ""
[9.021s] -- Installing: /home/a/ws_moveit2/install/dynamixel_controller/lib/libdynamixel_controller__rosidl_typesupport_c.so
[9.021s] -- Set runtime path of "/home/a/ws_moveit2/install/dynamixel_controller/lib/libdynamixel_controller__rosidl_typesupport_c.so" to ""
[9.021s] -- Up-to-date: /home/a/ws_moveit2/install/dynamixel_controller/include/dynamixel_controller/dynamixel_controller
[9.021s] -- Up-to-date: /home/a/ws_moveit2/install/dynamixel_controller/include/dynamixel_controller/dynamixel_controller/msg
[9.021s] -- Up-to-date: /home/a/ws_moveit2/install/dynamixel_controller/include/dynamixel_controller/dynamixel_controller/msg/detail
[9.021s] -- Installing: /home/a/ws_moveit2/install/dynamixel_controller/include/dynamixel_controller/dynamixel_controller/msg/detail/dynamixel_controller__type_support.cpp
[9.021s] -- Installing: /home/a/ws_moveit2/install/dynamixel_controller/include/dynamixel_controller/dynamixel_controller/msg/detail/dynamixel_response__type_support.cpp
[9.021s] -- Installing: /home/a/ws_moveit2/install/dynamixel_controller/include/dynamixel_controller/dynamixel_controller/msg/detail/dynamixel_response__rosidl_typesupport_introspection_cpp.hpp
[9.021s] -- Installing: /home/a/ws_moveit2/install/dynamixel_controller/include/dynamixel_controller/dynamixel_controller/msg/detail/dynamixel_command__type_support.cpp
[9.022s] -- Installing: /home/a/ws_moveit2/install/dynamixel_controller/include/dynamixel_controller/dynamixel_controller/msg/detail/dynamixel_controller__rosidl_typesupport_introspection_cpp.hpp
[9.022s] -- Installing: /home/a/ws_moveit2/install/dynamixel_controller/include/dynamixel_controller/dynamixel_controller/msg/detail/dynamixel_command__rosidl_typesupport_introspection_cpp.hpp
[9.022s] -- Installing: /home/a/ws_moveit2/install/dynamixel_controller/lib/libdynamixel_controller__rosidl_typesupport_introspection_cpp.so
[9.022s] -- Set runtime path of "/home/a/ws_moveit2/install/dynamixel_controller/lib/libdynamixel_controller__rosidl_typesupport_introspection_cpp.so" to ""
[9.022s] -- Installing: /home/a/ws_moveit2/install/dynamixel_controller/lib/libdynamixel_controller__rosidl_typesupport_cpp.so
[9.022s] -- Set runtime path of "/home/a/ws_moveit2/install/dynamixel_controller/lib/libdynamixel_controller__rosidl_typesupport_cpp.so" to ""
[9.022s] -- Installing: /home/a/ws_moveit2/install/dynamixel_controller/share/dynamixel_controller/environment/pythonpath.sh
[9.022s] -- Installing: /home/a/ws_moveit2/install/dynamixel_controller/share/dynamixel_controller/environment/pythonpath.dsv
[9.022s] -- Installing: /home/a/ws_moveit2/install/dynamixel_controller/local/lib/python3.10/dist-packages/dynamixel_controller-0.0.0-py3.10.egg-info
[9.022s] -- Installing: /home/a/ws_moveit2/install/dynamixel_controller/local/lib/python3.10/dist-packages/dynamixel_controller-0.0.0-py3.10.egg-info/top_level.txt
[9.022s] -- Installing: /home/a/ws_moveit2/install/dynamixel_controller/local/lib/python3.10/dist-packages/dynamixel_controller-0.0.0-py3.10.egg-info/SOURCES.txt
[9.022s] -- Installing: /home/a/ws_moveit2/install/dynamixel_controller/local/lib/python3.10/dist-packages/dynamixel_controller-0.0.0-py3.10.egg-info/PKG-INFO
[9.022s] -- Installing: /home/a/ws_moveit2/install/dynamixel_controller/local/lib/python3.10/dist-packages/dynamixel_controller-0.0.0-py3.10.egg-info/dependency_links.txt
[9.022s] -- Installing: /home/a/ws_moveit2/install/dynamixel_controller/local/lib/python3.10/dist-packages/dynamixel_controller
[9.022s] -- Installing: /home/a/ws_moveit2/install/dynamixel_controller/local/lib/python3.10/dist-packages/dynamixel_controller/msg
[9.022s] -- Installing: /home/a/ws_moveit2/install/dynamixel_controller/local/lib/python3.10/dist-packages/dynamixel_controller/msg/_dynamixel_response.py
[9.022s] -- Installing: /home/a/ws_moveit2/install/dynamixel_controller/local/lib/python3.10/dist-packages/dynamixel_controller/msg/_dynamixel_controller_s.c
[9.022s] -- Installing: /home/a/ws_moveit2/install/dynamixel_controller/local/lib/python3.10/dist-packages/dynamixel_controller/msg/_dynamixel_controller.py
[9.022s] -- Installing: /home/a/ws_moveit2/install/dynamixel_controller/local/lib/python3.10/dist-packages/dynamixel_controller/msg/__init__.py
[9.022s] -- Installing: /home/a/ws_moveit2/install/dynamixel_controller/local/lib/python3.10/dist-packages/dynamixel_controller/msg/_dynamixel_response_s.c
[9.022s] -- Installing: /home/a/ws_moveit2/install/dynamixel_controller/local/lib/python3.10/dist-packages/dynamixel_controller/msg/_dynamixel_command.py
[9.022s] -- Installing: /home/a/ws_moveit2/install/dynamixel_controller/local/lib/python3.10/dist-packages/dynamixel_controller/msg/_dynamixel_command_s.c
[9.023s] -- Installing: /home/a/ws_moveit2/install/dynamixel_controller/local/lib/python3.10/dist-packages/dynamixel_controller/_dynamixel_controller_s.ep.rosidl_typesupport_introspection_c.c
[9.023s] -- Installing: /home/a/ws_moveit2/install/dynamixel_controller/local/lib/python3.10/dist-packages/dynamixel_controller/dynamixel_controller_s__rosidl_typesupport_fastrtps_c.cpython-310-x86_64-linux-gnu.so
[9.023s] -- Installing: /home/a/ws_moveit2/install/dynamixel_controller/local/lib/python3.10/dist-packages/dynamixel_controller/__init__.py
[9.023s] -- Installing: /home/a/ws_moveit2/install/dynamixel_controller/local/lib/python3.10/dist-packages/dynamixel_controller/dynamixel_controller_s__rosidl_typesupport_introspection_c.cpython-310-x86_64-linux-gnu.so
[9.023s] -- Installing: /home/a/ws_moveit2/install/dynamixel_controller/local/lib/python3.10/dist-packages/dynamixel_controller/_dynamixel_controller_s.ep.rosidl_typesupport_fastrtps_c.c
[9.023s] -- Installing: /home/a/ws_moveit2/install/dynamixel_controller/local/lib/python3.10/dist-packages/dynamixel_controller/dynamixel_controller_s__rosidl_typesupport_c.cpython-310-x86_64-linux-gnu.so
[9.023s] -- Installing: /home/a/ws_moveit2/install/dynamixel_controller/local/lib/python3.10/dist-packages/dynamixel_controller/_dynamixel_controller_s.ep.rosidl_typesupport_c.c
[9.023s] -- Installing: /home/a/ws_moveit2/install/dynamixel_controller/local/lib/python3.10/dist-packages/dynamixel_controller/libdynamixel_controller__rosidl_generator_py.so
[9.048s] Listing '/home/a/ws_moveit2/install/dynamixel_controller/local/lib/python3.10/dist-packages/dynamixel_controller'...
[9.048s] Compiling '/home/a/ws_moveit2/install/dynamixel_controller/local/lib/python3.10/dist-packages/dynamixel_controller/__init__.py'...
[9.048s] Listing '/home/a/ws_moveit2/install/dynamixel_controller/local/lib/python3.10/dist-packages/dynamixel_controller/msg'...
[9.048s] Compiling '/home/a/ws_moveit2/install/dynamixel_controller/local/lib/python3.10/dist-packages/dynamixel_controller/msg/__init__.py'...
[9.048s] Compiling '/home/a/ws_moveit2/install/dynamixel_controller/local/lib/python3.10/dist-packages/dynamixel_controller/msg/_dynamixel_command.py'...
[9.048s] Compiling '/home/a/ws_moveit2/install/dynamixel_controller/local/lib/python3.10/dist-packages/dynamixel_controller/msg/_dynamixel_controller.py'...
[9.048s] Compiling '/home/a/ws_moveit2/install/dynamixel_controller/local/lib/python3.10/dist-packages/dynamixel_controller/msg/_dynamixel_response.py'...
[9.050s] -- Installing: /home/a/ws_moveit2/install/dynamixel_controller/local/lib/python3.10/dist-packages/dynamixel_controller/dynamixel_controller_s__rosidl_typesupport_fastrtps_c.cpython-310-x86_64-linux-gnu.so
[9.051s] -- Set runtime path of "/home/a/ws_moveit2/install/dynamixel_controller/local/lib/python3.10/dist-packages/dynamixel_controller/dynamixel_controller_s__rosidl_typesupport_fastrtps_c.cpython-310-x86_64-linux-gnu.so" to ""
[9.051s] -- Installing: /home/a/ws_moveit2/install/dynamixel_controller/local/lib/python3.10/dist-packages/dynamixel_controller/dynamixel_controller_s__rosidl_typesupport_introspection_c.cpython-310-x86_64-linux-gnu.so
[9.051s] -- Set runtime path of "/home/a/ws_moveit2/install/dynamixel_controller/local/lib/python3.10/dist-packages/dynamixel_controller/dynamixel_controller_s__rosidl_typesupport_introspection_c.cpython-310-x86_64-linux-gnu.so" to ""
[9.051s] -- Installing: /home/a/ws_moveit2/install/dynamixel_controller/local/lib/python3.10/dist-packages/dynamixel_controller/dynamixel_controller_s__rosidl_typesupport_c.cpython-310-x86_64-linux-gnu.so
[9.051s] -- Set runtime path of "/home/a/ws_moveit2/install/dynamixel_controller/local/lib/python3.10/dist-packages/dynamixel_controller/dynamixel_controller_s__rosidl_typesupport_c.cpython-310-x86_64-linux-gnu.so" to ""
[9.051s] -- Installing: /home/a/ws_moveit2/install/dynamixel_controller/lib/libdynamixel_controller__rosidl_generator_py.so
[9.051s] -- Set runtime path of "/home/a/ws_moveit2/install/dynamixel_controller/lib/libdynamixel_controller__rosidl_generator_py.so" to ""
[9.051s] -- Installing: /home/a/ws_moveit2/install/dynamixel_controller/share/dynamixel_controller/msg/DynamixelController.idl
[9.051s] -- Installing: /home/a/ws_moveit2/install/dynamixel_controller/share/dynamixel_controller/msg/DynamixelCommand.idl
[9.052s] -- Installing: /home/a/ws_moveit2/install/dynamixel_controller/share/dynamixel_controller/msg/DynamixelResponse.idl
[9.052s] -- Installing: /home/a/ws_moveit2/install/dynamixel_controller/share/dynamixel_controller/msg/DynamixelController.msg
[9.052s] -- Installing: /home/a/ws_moveit2/install/dynamixel_controller/share/dynamixel_controller/msg/DynamixelCommand.msg
[9.052s] -- Installing: /home/a/ws_moveit2/install/dynamixel_controller/share/dynamixel_controller/msg/DynamixelResponse.msg
[9.052s] -- Installing: /home/a/ws_moveit2/install/dynamixel_controller/lib/dynamixel_controller/dynamixel_controller_node
[9.053s] -- Set runtime path of "/home/a/ws_moveit2/install/dynamixel_controller/lib/dynamixel_controller/dynamixel_controller_node" to ""
[9.053s] -- Installing: /home/a/ws_moveit2/install/dynamixel_controller/share/dynamixel_controller/config
[9.053s] -- Installing: /home/a/ws_moveit2/install/dynamixel_controller/share/dynamixel_controller/config/bus_config.yaml
[9.053s] -- Installing: /home/a/ws_moveit2/install/dynamixel_controller/share/ament_index/resource_index/package_run_dependencies/dynamixel_controller
[9.053s] -- Installing: /home/a/ws_moveit2/install/dynamixel_controller/share/ament_index/resource_index/parent_prefix_path/dynamixel_controller
[9.053s] -- Installing: /home/a/ws_moveit2/install/dynamixel_controller/share/dynamixel_controller/environment/ament_prefix_path.sh
[9.053s] -- Installing: /home/a/ws_moveit2/install/dynamixel_controller/share/dynamixel_controller/environment/ament_prefix_path.dsv
[9.054s] -- Installing: /home/a/ws_moveit2/install/dynamixel_controller/share/dynamixel_controller/environment/path.sh
[9.054s] -- Installing: /home/a/ws_moveit2/install/dynamixel_controller/share/dynamixel_controller/environment/path.dsv
[9.054s] -- Installing: /home/a/ws_moveit2/install/dynamixel_controller/share/dynamixel_controller/local_setup.bash
[9.054s] -- Installing: /home/a/ws_moveit2/install/dynamixel_controller/share/dynamixel_controller/local_setup.sh
[9.054s] -- Installing: /home/a/ws_moveit2/install/dynamixel_controller/share/dynamixel_controller/local_setup.zsh
[9.054s] -- Installing: /home/a/ws_moveit2/install/dynamixel_controller/share/dynamixel_controller/local_setup.dsv
[9.054s] -- Installing: /home/a/ws_moveit2/install/dynamixel_controller/share/dynamixel_controller/package.dsv
[9.054s] -- Installing: /home/a/ws_moveit2/install/dynamixel_controller/share/ament_index/resource_index/packages/dynamixel_controller
[9.054s] -- Installing: /home/a/ws_moveit2/install/dynamixel_controller/share/dynamixel_controller/cmake/export_dynamixel_controller__rosidl_generator_cExport.cmake
[9.054s] -- Installing: /home/a/ws_moveit2/install/dynamixel_controller/share/dynamixel_controller/cmake/export_dynamixel_controller__rosidl_generator_cExport-noconfig.cmake
[9.054s] -- Installing: /home/a/ws_moveit2/install/dynamixel_controller/share/dynamixel_controller/cmake/export_dynamixel_controller__rosidl_typesupport_fastrtps_cExport.cmake
[9.054s] -- Installing: /home/a/ws_moveit2/install/dynamixel_controller/share/dynamixel_controller/cmake/export_dynamixel_controller__rosidl_typesupport_fastrtps_cExport-noconfig.cmake
[9.054s] -- Installing: /home/a/ws_moveit2/install/dynamixel_controller/share/dynamixel_controller/cmake/export_dynamixel_controller__rosidl_generator_cppExport.cmake
[9.054s] -- Installing: /home/a/ws_moveit2/install/dynamixel_controller/share/dynamixel_controller/cmake/export_dynamixel_controller__rosidl_typesupport_fastrtps_cppExport.cmake
[9.054s] -- Installing: /home/a/ws_moveit2/install/dynamixel_controller/share/dynamixel_controller/cmake/export_dynamixel_controller__rosidl_typesupport_fastrtps_cppExport-noconfig.cmake
[9.054s] -- Installing: /home/a/ws_moveit2/install/dynamixel_controller/share/dynamixel_controller/cmake/dynamixel_controller__rosidl_typesupport_introspection_cExport.cmake
[9.054s] -- Installing: /home/a/ws_moveit2/install/dynamixel_controller/share/dynamixel_controller/cmake/dynamixel_controller__rosidl_typesupport_introspection_cExport-noconfig.cmake
[9.055s] -- Installing: /home/a/ws_moveit2/install/dynamixel_controller/share/dynamixel_controller/cmake/dynamixel_controller__rosidl_typesupport_cExport.cmake
[9.055s] -- Installing: /home/a/ws_moveit2/install/dynamixel_controller/share/dynamixel_controller/cmake/dynamixel_controller__rosidl_typesupport_cExport-noconfig.cmake
[9.055s] -- Installing: /home/a/ws_moveit2/install/dynamixel_controller/share/dynamixel_controller/cmake/dynamixel_controller__rosidl_typesupport_introspection_cppExport.cmake
[9.055s] -- Installing: /home/a/ws_moveit2/install/dynamixel_controller/share/dynamixel_controller/cmake/dynamixel_controller__rosidl_typesupport_introspection_cppExport-noconfig.cmake
[9.055s] -- Installing: /home/a/ws_moveit2/install/dynamixel_controller/share/dynamixel_controller/cmake/dynamixel_controller__rosidl_typesupport_cppExport.cmake
[9.055s] -- Installing: /home/a/ws_moveit2/install/dynamixel_controller/share/dynamixel_controller/cmake/dynamixel_controller__rosidl_typesupport_cppExport-noconfig.cmake
[9.055s] -- Installing: /home/a/ws_moveit2/install/dynamixel_controller/share/dynamixel_controller/cmake/export_dynamixel_controller__rosidl_generator_pyExport.cmake
[9.055s] -- Installing: /home/a/ws_moveit2/install/dynamixel_controller/share/dynamixel_controller/cmake/export_dynamixel_controller__rosidl_generator_pyExport-noconfig.cmake
[9.055s] -- Installing: /home/a/ws_moveit2/install/dynamixel_controller/share/dynamixel_controller/cmake/rosidl_cmake-extras.cmake
[9.055s] -- Installing: /home/a/ws_moveit2/install/dynamixel_controller/share/dynamixel_controller/cmake/ament_cmake_export_dependencies-extras.cmake
[9.055s] -- Installing: /home/a/ws_moveit2/install/dynamixel_controller/share/dynamixel_controller/cmake/ament_cmake_export_include_directories-extras.cmake
[9.055s] -- Installing: /home/a/ws_moveit2/install/dynamixel_controller/share/dynamixel_controller/cmake/ament_cmake_export_libraries-extras.cmake
[9.055s] -- Installing: /home/a/ws_moveit2/install/dynamixel_controller/share/dynamixel_controller/cmake/ament_cmake_export_targets-extras.cmake
[9.055s] -- Installing: /home/a/ws_moveit2/install/dynamixel_controller/share/dynamixel_controller/cmake/rosidl_cmake_export_typesupport_targets-extras.cmake
[9.055s] -- Installing: /home/a/ws_moveit2/install/dynamixel_controller/share/dynamixel_controller/cmake/rosidl_cmake_export_typesupport_libraries-extras.cmake
[9.055s] -- Installing: /home/a/ws_moveit2/install/dynamixel_controller/share/dynamixel_controller/cmake/dynamixel_controllerConfig.cmake
[9.055s] -- Installing: /home/a/ws_moveit2/install/dynamixel_controller/share/dynamixel_controller/cmake/dynamixel_controllerConfig-version.cmake
[9.055s] -- Installing: /home/a/ws_moveit2/install/dynamixel_controller/share/dynamixel_controller/package.xml
[9.057s] Invoked command in '/home/a/ws_moveit2/build/dynamixel_controller' returned '0': AMENT_PREFIX_PATH=/home/a/ws_moveit2/install/dynamixel_sdk:${AMENT_PREFIX_PATH} CMAKE_PREFIX_PATH=/home/a/ws_moveit2/install/dynamixel_sdk:/opt/ros/humble LD_LIBRARY_PATH=/home/a/ws_moveit2/install/dynamixel_sdk/lib:${LD_LIBRARY_PATH} /usr/bin/cmake --install /home/a/ws_moveit2/build/dynamixel_controller
