[0.006s] Invoking command in '/home/a/ws_moveit2/build/moveit_common': CMAKE_PREFIX_PATH=/opt/ros/humble /usr/bin/cmake --build /home/a/ws_moveit2/build/moveit_common -- -j22 -l22
[0.040s] Invoked command in '/home/a/ws_moveit2/build/moveit_common' returned '0': CMAKE_PREFIX_PATH=/opt/ros/humble /usr/bin/cmake --build /home/a/ws_moveit2/build/moveit_common -- -j22 -l22
[0.042s] Invoking command in '/home/a/ws_moveit2/build/moveit_common': CMAKE_PREFIX_PATH=/opt/ros/humble /usr/bin/cmake --install /home/a/ws_moveit2/build/moveit_common
[0.047s] -- Install configuration: "Release"
[0.048s] -- Up-to-date: /home/a/ws_moveit2/install/moveit_common/share/ament_index/resource_index/package_run_dependencies/moveit_common
[0.048s] -- Up-to-date: /home/a/ws_moveit2/install/moveit_common/share/ament_index/resource_index/parent_prefix_path/moveit_common
[0.049s] -- Up-to-date: /home/a/ws_moveit2/install/moveit_common/share/moveit_common/environment/ament_prefix_path.sh
[0.049s] -- Up-to-date: /home/a/ws_moveit2/install/moveit_common/share/moveit_common/environment/ament_prefix_path.dsv
[0.049s] -- Up-to-date: /home/a/ws_moveit2/install/moveit_common/share/moveit_common/environment/path.sh
[0.049s] -- Up-to-date: /home/a/ws_moveit2/install/moveit_common/share/moveit_common/environment/path.dsv
[0.049s] -- Up-to-date: /home/a/ws_moveit2/install/moveit_common/share/moveit_common/local_setup.bash
[0.049s] -- Up-to-date: /home/a/ws_moveit2/install/moveit_common/share/moveit_common/local_setup.sh
[0.049s] -- Up-to-date: /home/a/ws_moveit2/install/moveit_common/share/moveit_common/local_setup.zsh
[0.049s] -- Up-to-date: /home/a/ws_moveit2/install/moveit_common/share/moveit_common/local_setup.dsv
[0.049s] -- Installing: /home/a/ws_moveit2/install/moveit_common/share/moveit_common/package.dsv
[0.049s] -- Up-to-date: /home/a/ws_moveit2/install/moveit_common/share/ament_index/resource_index/packages/moveit_common
[0.050s] -- Up-to-date: /home/a/ws_moveit2/install/moveit_common/share/moveit_common/cmake/moveit_common-extras.cmake
[0.050s] -- Up-to-date: /home/a/ws_moveit2/install/moveit_common/share/moveit_common/cmake/moveit_commonConfig.cmake
[0.050s] -- Up-to-date: /home/a/ws_moveit2/install/moveit_common/share/moveit_common/cmake/moveit_commonConfig-version.cmake
[0.050s] -- Up-to-date: /home/a/ws_moveit2/install/moveit_common/share/moveit_common/package.xml
[0.050s] -- Up-to-date: /home/a/ws_moveit2/install/moveit_common/share/moveit_common/cmake
[0.050s] -- Up-to-date: /home/a/ws_moveit2/install/moveit_common/share/moveit_common/cmake/moveit_package.cmake
[0.052s] Invoked command in '/home/a/ws_moveit2/build/moveit_common' returned '0': CMAKE_PREFIX_PATH=/opt/ros/humble /usr/bin/cmake --install /home/a/ws_moveit2/build/moveit_common
