[5.066s] Invoking command in '/home/a/ws_moveit2/build/launch_param_builder': PYTHONPATH=/home/a/ws_moveit2/build/launch_param_builder/prefix_override:/usr/lib/python3/dist-packages/colcon_core/task/python/colcon_distutils_commands:/home/a/ws_moveit2/install/launch_param_builder/lib/python3.10/site-packages:${PYTHONPATH} /usr/bin/python3 -W ignore:setup.py install is deprecated -W ignore:easy_install command is deprecated setup.py develop --editable --build-directory /home/a/ws_moveit2/build/launch_param_builder/build --no-deps symlink_data
[6.962s] running develop
[7.975s] running egg_info
[7.984s] creating launch_param_builder.egg-info
[7.997s] writing launch_param_builder.egg-info/PKG-INFO
[7.997s] writing dependency_links to launch_param_builder.egg-info/dependency_links.txt
[7.998s] writing entry points to launch_param_builder.egg-info/entry_points.txt
[7.999s] writing requirements to launch_param_builder.egg-info/requires.txt
[7.999s] writing top-level names to launch_param_builder.egg-info/top_level.txt
[8.000s] writing manifest file 'launch_param_builder.egg-info/SOURCES.txt'
[8.004s] reading manifest file 'launch_param_builder.egg-info/SOURCES.txt'
[8.007s] writing manifest file 'launch_param_builder.egg-info/SOURCES.txt'
[8.013s] running build_ext
[8.015s] Creating /home/a/ws_moveit2/install/launch_param_builder/lib/python3.10/site-packages/launch-param-builder.egg-link (link to .)
[8.023s] 
[8.023s] Installed /home/a/ws_moveit2/build/launch_param_builder
[8.026s] running symlink_data
[8.026s] creating /home/a/ws_moveit2/install/launch_param_builder/share/ament_index
[8.027s] creating /home/a/ws_moveit2/install/launch_param_builder/share/ament_index/resource_index
[8.027s] creating /home/a/ws_moveit2/install/launch_param_builder/share/ament_index/resource_index/packages
[8.027s] symbolically linking /home/a/ws_moveit2/build/launch_param_builder/resource/launch_param_builder -> /home/a/ws_moveit2/install/launch_param_builder/share/ament_index/resource_index/packages
[8.029s] creating /home/a/ws_moveit2/install/launch_param_builder/share/launch_param_builder/launch
[8.032s] symbolically linking /home/a/ws_moveit2/build/launch_param_builder/example/launch_param_builder_example.launch.py -> /home/a/ws_moveit2/install/launch_param_builder/share/launch_param_builder/launch
[8.032s] creating /home/a/ws_moveit2/install/launch_param_builder/share/launch_param_builder/config
[8.036s] symbolically linking /home/a/ws_moveit2/build/launch_param_builder/test/data/param_file_to_inject.yaml -> /home/a/ws_moveit2/install/launch_param_builder/share/launch_param_builder/config
[8.044s] symbolically linking /home/a/ws_moveit2/build/launch_param_builder/test/data/parameter_file -> /home/a/ws_moveit2/install/launch_param_builder/share/launch_param_builder/config
[8.048s] symbolically linking /home/a/ws_moveit2/build/launch_param_builder/test/data/parameter.xacro -> /home/a/ws_moveit2/install/launch_param_builder/share/launch_param_builder/config
[8.048s] symbolically linking /home/a/ws_moveit2/build/launch_param_builder/test/data/parameters.yaml -> /home/a/ws_moveit2/install/launch_param_builder/share/launch_param_builder/config
[8.049s] symbolically linking /home/a/ws_moveit2/build/launch_param_builder/test/data/parameters_injection.yaml -> /home/a/ws_moveit2/install/launch_param_builder/share/launch_param_builder/config
[8.051s] symbolically linking /home/a/ws_moveit2/build/launch_param_builder/package.xml -> /home/a/ws_moveit2/install/launch_param_builder/share/launch_param_builder
[8.052s] creating /home/a/ws_moveit2/install/launch_param_builder/lib/launch_param_builder
[8.070s] symbolically linking /home/a/ws_moveit2/build/launch_param_builder/example/example_node.py -> /home/a/ws_moveit2/install/launch_param_builder/lib/launch_param_builder
[8.302s] Invoked command in '/home/a/ws_moveit2/build/launch_param_builder' returned '0': PYTHONPATH=/home/a/ws_moveit2/build/launch_param_builder/prefix_override:/usr/lib/python3/dist-packages/colcon_core/task/python/colcon_distutils_commands:/home/a/ws_moveit2/install/launch_param_builder/lib/python3.10/site-packages:${PYTHONPATH} /usr/bin/python3 -W ignore:setup.py install is deprecated -W ignore:easy_install command is deprecated setup.py develop --editable --build-directory /home/a/ws_moveit2/build/launch_param_builder/build --no-deps symlink_data
