[35m[1mConsolidate compiler generated dependencies of target stm32_mavlink_interface__rosidl_generator_c[0m
[  1%] Built target stm32_mavlink_interface__cpp
[  1%] Built target ament_cmake_python_copy_stm32_mavlink_interface
[ 12%] Built target stm32_mavlink_interface__rosidl_generator_c
[35m[1mConsolidate compiler generated dependencies of target stm32_mavlink_interface__rosidl_typesupport_introspection_cpp[0m
[35m[1mConsolidate compiler generated dependencies of target stm32_mavlink_interface__rosidl_typesupport_cpp[0m
[35m[1mConsolidate compiler generated dependencies of target stm32_mavlink_interface__rosidl_typesupport_fastrtps_cpp[0m
[35m[1mConsolidate compiler generated dependencies of target stm32_mavlink_interface__rosidl_typesupport_c[0m
[35m[1mConsolidate compiler generated dependencies of target stm32_mavlink_interface__rosidl_typesupport_fastrtps_c[0m
[ 24%] Built target stm32_mavlink_interface__rosidl_typesupport_introspection_cpp
[35m[1mConsolidate compiler generated dependencies of target stm32_mavlink_interface__rosidl_typesupport_introspection_c[0m
[ 35%] Built target stm32_mavlink_interface__rosidl_typesupport_cpp
[ 46%] Built target stm32_mavlink_interface__rosidl_typesupport_fastrtps_cpp
[ 57%] Built target stm32_mavlink_interface__rosidl_typesupport_fastrtps_c
[ 68%] Built target stm32_mavlink_interface__rosidl_typesupport_c
[ 80%] Built target stm32_mavlink_interface__rosidl_typesupport_introspection_c
[ 81%] [32mBuilding CXX object CMakeFiles/mavlink_serial_node.dir/src/robomaster_controller.cpp.o[0m
[ 83%] [32mBuilding CXX object CMakeFiles/mavlink_serial_node.dir/src/encoder_interface.cpp.o[0m
[ 83%] [32mBuilding CXX object CMakeFiles/mavlink_serial_node.dir/src/servo_controller.cpp.o[0m
[ 83%] [32mBuilding CXX object CMakeFiles/mavlink_serial_node.dir/src/mavlink_serial_node.cpp.o[0m
[ 83%] Built target stm32_mavlink_interface
[ 84%] [34m[1mGenerating Python code for ROS interfaces[0m
running egg_info
writing stm32_mavlink_interface.egg-info/PKG-INFO
writing dependency_links to stm32_mavlink_interface.egg-info/dependency_links.txt
writing top-level names to stm32_mavlink_interface.egg-info/top_level.txt
reading manifest file 'stm32_mavlink_interface.egg-info/SOURCES.txt'
writing manifest file 'stm32_mavlink_interface.egg-info/SOURCES.txt'
[ 84%] Built target ament_cmake_python_build_stm32_mavlink_interface_egg
[ 84%] Built target stm32_mavlink_interface__py
