[0.062s] Invoking command in '/home/a/ws_moveit2/build/gazebo_ros2_control': CMAKE_PREFIX_PATH=${CMAKE_PREFIX_PATH}:/home/a/ws_moveit2/install/moveit_configs_utils:/home/a/ws_moveit2/install/launch_param_builder:/opt/ros/humble /opt/st/stm32cubeclt_1.17.0/CMake/bin/cmake /home/a/ws_moveit2/src/gazebo_ros2_control -DCMAKE_INSTALL_PREFIX=/home/a/ws_moveit2/install/gazebo_ros2_control
[0.152s] -- Found ament_cmake: 1.3.12 (/opt/ros/humble/share/ament_cmake/cmake)
[0.884s] -- Found gazebo_ros: 3.9.0 (/opt/ros/humble/share/gazebo_ros/cmake)
[1.032s] -- Found rosidl_generator_c: 3.1.7 (/opt/ros/humble/share/rosidl_generator_c/cmake)
[1.048s] -- Found rosidl_adapter: 3.1.7 (/opt/ros/humble/share/rosidl_adapter/cmake)
[1.072s] -- Found rosidl_generator_cpp: 3.1.7 (/opt/ros/humble/share/rosidl_generator_cpp/cmake)
[1.115s] -- Using all available rosidl_typesupport_c: rosidl_typesupport_fastrtps_c;rosidl_typesupport_introspection_c
[1.183s] -- Using all available rosidl_typesupport_cpp: rosidl_typesupport_fastrtps_cpp;rosidl_typesupport_introspection_cpp
[1.331s] -- Found rmw_implementation_cmake: 6.1.2 (/opt/ros/humble/share/rmw_implementation_cmake/cmake)
[1.354s] -- Found rmw_fastrtps_cpp: 6.2.8 (/opt/ros/humble/share/rmw_fastrtps_cpp/cmake)
[1.814s] -- Using RMW implementation 'rmw_fastrtps_cpp' as default
[2.156s] -- Found DART: /usr/include (Required is at least version "6.6") found components: dart 
[2.276s] -- Found Protobuf: /usr/lib/x86_64-linux-gnu/libprotobuf.so (found version "3.12.4") 
[2.281s] -- Looking for ignition-math6 -- found version 6.15.1
[2.296s] -- Searching for dependencies of ignition-math6
[2.311s] -- Looking for OGRE...
[2.335s] -- Found Ogre Ghadamon (1.9.0)
[2.337s] -- Found OGRE: optimized;/usr/lib/x86_64-linux-gnu/libOgreMain.so;debug;/usr/lib/x86_64-linux-gnu/libOgreMain.so
[2.378s] -- Looking for OGRE_Paging...
[2.379s] -- Found OGRE_Paging: optimized;/usr/lib/x86_64-linux-gnu/libOgrePaging.so;debug;/usr/lib/x86_64-linux-gnu/libOgrePaging.so
[2.380s] -- Looking for OGRE_Terrain...
[2.380s] -- Found OGRE_Terrain: optimized;/usr/lib/x86_64-linux-gnu/libOgreTerrain.so;debug;/usr/lib/x86_64-linux-gnu/libOgreTerrain.so
[2.381s] -- Looking for OGRE_Property...
[2.382s] -- Found OGRE_Property: optimized;/usr/lib/x86_64-linux-gnu/libOgreProperty.so;debug;/usr/lib/x86_64-linux-gnu/libOgreProperty.so
[2.383s] -- Looking for OGRE_RTShaderSystem...
[2.383s] -- Found OGRE_RTShaderSystem: optimized;/usr/lib/x86_64-linux-gnu/libOgreRTShaderSystem.so;debug;/usr/lib/x86_64-linux-gnu/libOgreRTShaderSystem.so
[2.384s] -- Looking for OGRE_Volume...
[2.385s] -- Found OGRE_Volume: optimized;/usr/lib/x86_64-linux-gnu/libOgreVolume.so;debug;/usr/lib/x86_64-linux-gnu/libOgreVolume.so
[2.385s] -- Looking for OGRE_Overlay...
[2.385s] -- Found OGRE_Overlay: optimized;/usr/lib/x86_64-linux-gnu/libOgreOverlay.so;debug;/usr/lib/x86_64-linux-gnu/libOgreOverlay.so
[3.516s] -- Looking for ignition-math6 -- found version 6.15.1
[3.520s] -- Looking for ignition-transport8 -- found version 8.2.1
[3.522s] -- Searching for dependencies of ignition-transport8
[3.602s] -- Found Protobuf: /usr/lib/x86_64-linux-gnu/libprotobuf.so (found suitable version "3.12.4", minimum required is "3") 
[3.647s] -- Config-file not installed for ZeroMQ -- checking for pkg-config
[3.671s] -- Checking for module 'libzmq >= 4'
[3.757s] --   Found libzmq, version 4.3.4
[4.003s] -- Checking for module 'uuid'
[4.099s] --   Found uuid, version 2.37.2
[4.317s] -- Looking for ignition-msgs5 -- found version 5.8.1
[4.318s] -- Searching for dependencies of ignition-msgs5
[4.411s] -- Looking for ignition-math6 -- found version 6.15.1
[4.439s] -- Checking for module 'tinyxml2'
[4.533s] --   Found tinyxml2, version 9.0.0
[4.712s] -- Looking for ignition-msgs5 -- found version 5.8.1
[4.715s] -- Looking for ignition-common3 -- found version 3.14.0
[4.716s] -- Searching for dependencies of ignition-common3
[4.717s] -- Looking for dlfcn.h - found
[4.717s] -- Looking for libdl - found
[4.768s] -- Searching for <ignition-common3> component [graphics]
[4.770s] -- Looking for ignition-common3-graphics -- found version 3.14.0
[4.771s] -- Searching for dependencies of ignition-common3-graphics
[4.774s] -- Looking for ignition-math6 -- found version 6.15.1
[4.781s] -- Looking for ignition-fuel_tools4 -- found version 4.4.0
[4.783s] -- Searching for dependencies of ignition-fuel_tools4
[4.945s] [0mCMake Deprecation Warning at /usr/lib/x86_64-linux-gnu/cmake/jsoncpp/jsoncppConfig.cmake:2 (cmake_policy):
[4.946s]   Compatibility with CMake < 3.5 will be removed from a future version of
[4.946s]   CMake.
[4.947s] 
[4.948s]   Update the VERSION argument <min> value or use a ...<max> suffix to tell
[4.949s]   CMake that the project does not need compatibility with older versions.
[4.949s] Call Stack (most recent call first):
[4.949s]   /usr/share/cmake/ignition-cmake2/cmake2/FindJSONCPP.cmake:34 (find_package)
[4.950s]   /usr/lib/x86_64-linux-gnu/cmake/ignition-fuel_tools4/ignition-fuel_tools4-config.cmake:94 (find_package)
[4.950s]   /usr/lib/x86_64-linux-gnu/cmake/gazebo/gazebo-config.cmake:251 (find_package)
[4.950s]   /opt/ros/humble/share/gazebo_dev/cmake/gazebo_dev-extras.cmake:3 (find_package)
[4.951s]   /opt/ros/humble/share/gazebo_dev/cmake/gazebo_devConfig.cmake:41 (include)
[4.951s]   /opt/ros/humble/share/gazebo_ros/cmake/ament_cmake_export_dependencies-extras.cmake:21 (find_package)
[4.951s]   /opt/ros/humble/share/gazebo_ros/cmake/gazebo_rosConfig.cmake:41 (include)
[4.951s]   CMakeLists.txt:10 (find_package)
[4.952s] 
[4.952s] [0m
[4.984s] -- Checking for module 'jsoncpp'
[5.071s] --   Found jsoncpp, version 1.9.5
[5.279s] -- Checking for module 'libzip'
[5.357s] --   Found libzip, version 1.7.3
[5.545s] -- Looking for ignition-common3 -- found version 3.14.0
[5.552s] -- Looking for ignition-math6 -- found version 6.15.1
[5.555s] -- Looking for ignition-msgs5 -- found version 5.8.1
[5.567s] -- Gazebo version: 11.10
[5.572s] -- Found gazebo_ros2_control: 0.4.10 (/opt/ros/humble/share/gazebo_ros2_control/cmake)
[6.679s] -- Found robot_state_publisher: 3.0.3 (/opt/ros/humble/share/robot_state_publisher/cmake)
[6.695s] -- Found eigen3_cmake_module: 0.1.1 (/opt/ros/humble/share/eigen3_cmake_module/cmake)
[6.700s] -- Ensuring Eigen3 include directory is part of orocos-kdl CMake target
[7.000s] -- Found ros2_control: 2.51.0 (/opt/ros/humble/share/ros2_control/cmake)
[7.001s] -- Found ament_lint_auto: 0.12.14 (/opt/ros/humble/share/ament_lint_auto/cmake)
[7.337s] -- Added test 'cppcheck' to perform static code analysis on C / C++ code
[7.338s] -- Configured cppcheck include dirs: 
[7.339s] -- Configured cppcheck exclude dirs and/or files: 
[7.342s] -- Added test 'flake8' to check Python code syntax and style conventions
[7.349s] -- Added test 'lint_cmake' to check CMake code style
[7.353s] -- Added test 'pep257' to check Python code against some of the docstring style conventions in PEP 257
[7.377s] -- Added test 'uncrustify' to check C / C++ code style
[7.377s] -- Configured uncrustify additional arguments: 
[7.380s] -- Added test 'xmllint' to check XML markup files
[7.384s] -- Configuring done (7.3s)
[7.421s] -- Generating done (0.0s)
[7.473s] -- Build files have been written to: /home/a/ws_moveit2/src/gazebo_ros2_control
[7.532s] Invoked command in '/home/a/ws_moveit2/build/gazebo_ros2_control' returned '0': CMAKE_PREFIX_PATH=${CMAKE_PREFIX_PATH}:/home/a/ws_moveit2/install/moveit_configs_utils:/home/a/ws_moveit2/install/launch_param_builder:/opt/ros/humble /opt/st/stm32cubeclt_1.17.0/CMake/bin/cmake /home/a/ws_moveit2/src/gazebo_ros2_control -DCMAKE_INSTALL_PREFIX=/home/a/ws_moveit2/install/gazebo_ros2_control
[7.535s] Traceback (most recent call last):
  File "/usr/lib/python3/dist-packages/colcon_core/executor/__init__.py", line 91, in __call__
    rc = await self.task(*args, **kwargs)
  File "/usr/lib/python3/dist-packages/colcon_core/task/__init__.py", line 93, in __call__
    return await task_method(*args, **kwargs)
  File "/usr/lib/python3/dist-packages/colcon_ros/task/ament_cmake/build.py", line 65, in build
    has_install_target = await has_target(args.build_base, 'install')
  File "/usr/lib/python3/dist-packages/colcon_cmake/task/cmake/__init__.py", line 128, in has_target
    if 'Unix Makefiles' in generator:
TypeError: argument of type 'NoneType' is not iterable
