[0.007s] Invoking command in '/home/a/ws_moveit2/src/robot_config/build/robot_config': CMAKE_PREFIX_PATH=/opt/ros/humble /usr/bin/cmake /home/a/ws_moveit2/src/robot_config -DCMAKE_INSTALL_PREFIX=/home/a/ws_moveit2/src/robot_config/install/robot_config
[0.068s] -- The C compiler identification is GNU 11.4.0
[0.108s] -- The CXX compiler identification is GNU 11.4.0
[0.114s] -- Detecting C compiler ABI info
[0.162s] -- Detecting C compiler ABI info - done
[0.167s] -- Check for working C compiler: /usr/bin/cc - skipped
[0.168s] -- Detecting C compile features
[0.168s] -- Detecting C compile features - done
[0.170s] -- Detecting CXX compiler ABI info
[0.228s] -- Detecting CXX compiler ABI info - done
[0.233s] -- Check for working CXX compiler: /usr/bin/c++ - skipped
[0.233s] -- Detecting CXX compile features
[0.233s] -- Detecting CXX compile features - done
[0.236s] -- Found ament_cmake: 1.3.12 (/opt/ros/humble/share/ament_cmake/cmake)
[0.359s] -- Found Python3: /usr/bin/python3 (found version "3.10.12") found components: Interpreter 
[0.417s] -- Found rclcpp: 16.0.14 (/opt/ros/humble/share/rclcpp/cmake)
[0.440s] -- Found rosidl_generator_c: 3.1.7 (/opt/ros/humble/share/rosidl_generator_c/cmake)
[0.444s] -- Found rosidl_adapter: 3.1.7 (/opt/ros/humble/share/rosidl_adapter/cmake)
[0.449s] -- Found rosidl_generator_cpp: 3.1.7 (/opt/ros/humble/share/rosidl_generator_cpp/cmake)
[0.456s] -- Using all available rosidl_typesupport_c: rosidl_typesupport_fastrtps_c;rosidl_typesupport_introspection_c
[0.465s] -- Using all available rosidl_typesupport_cpp: rosidl_typesupport_fastrtps_cpp;rosidl_typesupport_introspection_cpp
[0.490s] -- Found rmw_implementation_cmake: 6.1.2 (/opt/ros/humble/share/rmw_implementation_cmake/cmake)
[0.491s] -- Found rmw_fastrtps_cpp: 6.2.8 (/opt/ros/humble/share/rmw_fastrtps_cpp/cmake)
[0.558s] -- Found OpenSSL: /usr/lib/x86_64-linux-gnu/libcrypto.so (found version "3.0.2")  
[0.575s] -- Found FastRTPS: /opt/ros/humble/include  
[0.600s] -- Using RMW implementation 'rmw_fastrtps_cpp' as default
[0.605s] -- Looking for pthread.h
[0.657s] -- Looking for pthread.h - found
[0.658s] -- Performing Test CMAKE_HAVE_LIBC_PTHREAD
[0.713s] -- Performing Test CMAKE_HAVE_LIBC_PTHREAD - Success
[0.714s] -- Found Threads: TRUE  
[0.749s] -- Found rclcpp_action: 16.0.14 (/opt/ros/humble/share/rclcpp_action/cmake)
[0.775s] CMake Error at CMakeLists.txt:9 (find_package):
[0.775s]   By not providing "Findmoveit_servo.cmake" in CMAKE_MODULE_PATH this project
[0.775s]   has asked CMake to find a package configuration file provided by
[0.775s]   "moveit_servo", but CMake did not find one.
[0.775s] 
[0.776s]   Could not find a package configuration file provided by "moveit_servo" with
[0.776s]   any of the following names:
[0.776s] 
[0.776s]     moveit_servoConfig.cmake
[0.776s]     moveit_servo-config.cmake
[0.776s] 
[0.776s]   Add the installation prefix of "moveit_servo" to CMAKE_PREFIX_PATH or set
[0.776s]   "moveit_servo_DIR" to a directory containing one of the above files.  If
[0.776s]   "moveit_servo" provides a separate development package or SDK, be sure it
[0.776s]   has been installed.
[0.776s] 
[0.776s] 
[0.776s] -- Configuring incomplete, errors occurred!
[0.777s] See also "/home/a/ws_moveit2/src/robot_config/build/robot_config/CMakeFiles/CMakeOutput.log".
[0.781s] Invoked command in '/home/a/ws_moveit2/src/robot_config/build/robot_config' returned '1': CMAKE_PREFIX_PATH=/opt/ros/humble /usr/bin/cmake /home/a/ws_moveit2/src/robot_config -DCMAKE_INSTALL_PREFIX=/home/a/ws_moveit2/src/robot_config/install/robot_config
