[0.103s] Invoking command in '/home/a/ws_moveit2/build/srdfdom': CMAKE_PREFIX_PATH=${CMAKE_PREFIX_PATH}:/home/a/ws_moveit2/install/moveit_configs_utils:/home/a/ws_moveit2/install/ros_tcp_endpoint:/home/a/ws_moveit2/install/realsense2_ros_mqtt_bridge:/home/a/ws_moveit2/install/launch_param_builder:/home/a/ws_moveit2/install/dynamixel_controller_gui:/home/a/ws_moveit2/install/dynamixel_controller_client:/home/a/ws_moveit2/install/d415_rgb_depth_3d:/opt/ros/humble /usr/bin/cmake --build /home/a/ws_moveit2/build/srdfdom -- -j22 -l22
[1.812s] [ 18%] Built target gtest
[1.812s] [ 36%] Built target gtest_main
[1.812s] [ 63%] Built target srdfdom
[1.812s] [ 63%] Built target ament_cmake_python_copy_srdfdom
[1.812s] [ 81%] Built target test_cpp_C
[1.812s] [100%] Built target test_cpp_nl_NL.UTF-8
[1.812s] running egg_info
[1.812s] writing srdfdom.egg-info/PKG-INFO
[1.813s] writing dependency_links to srdfdom.egg-info/dependency_links.txt
[1.813s] writing top-level names to srdfdom.egg-info/top_level.txt
[1.813s] reading manifest file 'srdfdom.egg-info/SOURCES.txt'
[1.813s] writing manifest file 'srdfdom.egg-info/SOURCES.txt'
[1.813s] [100%] Built target ament_cmake_python_build_srdfdom_egg
[1.865s] Invoked command in '/home/a/ws_moveit2/build/srdfdom' returned '0': CMAKE_PREFIX_PATH=${CMAKE_PREFIX_PATH}:/home/a/ws_moveit2/install/moveit_configs_utils:/home/a/ws_moveit2/install/ros_tcp_endpoint:/home/a/ws_moveit2/install/realsense2_ros_mqtt_bridge:/home/a/ws_moveit2/install/launch_param_builder:/home/a/ws_moveit2/install/dynamixel_controller_gui:/home/a/ws_moveit2/install/dynamixel_controller_client:/home/a/ws_moveit2/install/d415_rgb_depth_3d:/opt/ros/humble /usr/bin/cmake --build /home/a/ws_moveit2/build/srdfdom -- -j22 -l22
[1.867s] Invoking command in '/home/a/ws_moveit2/build/srdfdom': CMAKE_PREFIX_PATH=${CMAKE_PREFIX_PATH}:/home/a/ws_moveit2/install/moveit_configs_utils:/home/a/ws_moveit2/install/ros_tcp_endpoint:/home/a/ws_moveit2/install/realsense2_ros_mqtt_bridge:/home/a/ws_moveit2/install/launch_param_builder:/home/a/ws_moveit2/install/dynamixel_controller_gui:/home/a/ws_moveit2/install/dynamixel_controller_client:/home/a/ws_moveit2/install/d415_rgb_depth_3d:/opt/ros/humble /usr/bin/cmake --install /home/a/ws_moveit2/build/srdfdom
[1.936s] -- Install configuration: "Release"
[1.936s] -- Up-to-date: /home/a/ws_moveit2/install/srdfdom/lib/libsrdfdom.so.2.0.7
[1.936s] -- Up-to-date: /home/a/ws_moveit2/install/srdfdom/lib/libsrdfdom.so
[1.936s] -- Up-to-date: /home/a/ws_moveit2/install/srdfdom/include/srdfdom
[1.936s] -- Up-to-date: /home/a/ws_moveit2/install/srdfdom/include/srdfdom/srdfdom
[1.936s] -- Up-to-date: /home/a/ws_moveit2/install/srdfdom/include/srdfdom/srdfdom/srdf_writer.h
[1.936s] -- Up-to-date: /home/a/ws_moveit2/install/srdfdom/include/srdfdom/srdfdom/model.h
[1.936s] -- Up-to-date: /home/a/ws_moveit2/install/srdfdom/include/srdfdom/srdfdom/visibility_control.h
[1.937s] -- Up-to-date: /home/a/ws_moveit2/install/srdfdom/lib/srdfdom/display_srdf
[1.937s] -- Up-to-date: /home/a/ws_moveit2/install/srdfdom/share/srdfdom/environment/pythonpath.sh
[1.937s] -- Up-to-date: /home/a/ws_moveit2/install/srdfdom/share/srdfdom/environment/pythonpath.dsv
[1.937s] -- Up-to-date: /home/a/ws_moveit2/install/srdfdom/local/lib/python3.10/dist-packages/srdfdom-2.0.7-py3.10.egg-info
[1.937s] -- Installing: /home/a/ws_moveit2/install/srdfdom/local/lib/python3.10/dist-packages/srdfdom-2.0.7-py3.10.egg-info/top_level.txt
[1.937s] -- Installing: /home/a/ws_moveit2/install/srdfdom/local/lib/python3.10/dist-packages/srdfdom-2.0.7-py3.10.egg-info/SOURCES.txt
[1.937s] -- Installing: /home/a/ws_moveit2/install/srdfdom/local/lib/python3.10/dist-packages/srdfdom-2.0.7-py3.10.egg-info/PKG-INFO
[1.937s] -- Installing: /home/a/ws_moveit2/install/srdfdom/local/lib/python3.10/dist-packages/srdfdom-2.0.7-py3.10.egg-info/dependency_links.txt
[1.937s] -- Up-to-date: /home/a/ws_moveit2/install/srdfdom/local/lib/python3.10/dist-packages/srdfdom
[1.937s] -- Up-to-date: /home/a/ws_moveit2/install/srdfdom/local/lib/python3.10/dist-packages/srdfdom/srdf.py
[1.937s] -- Up-to-date: /home/a/ws_moveit2/install/srdfdom/local/lib/python3.10/dist-packages/srdfdom/__init__.py
[2.030s] Listing '/home/a/ws_moveit2/install/srdfdom/local/lib/python3.10/dist-packages/srdfdom'...
[2.030s] -- Up-to-date: /home/a/ws_moveit2/install/srdfdom/share/srdfdom/environment/library_path.sh
[2.032s] -- Up-to-date: /home/a/ws_moveit2/install/srdfdom/share/srdfdom/environment/library_path.dsv
[2.032s] -- Up-to-date: /home/a/ws_moveit2/install/srdfdom/share/ament_index/resource_index/package_run_dependencies/srdfdom
[2.032s] -- Up-to-date: /home/a/ws_moveit2/install/srdfdom/share/ament_index/resource_index/parent_prefix_path/srdfdom
[2.032s] -- Up-to-date: /home/a/ws_moveit2/install/srdfdom/share/srdfdom/environment/ament_prefix_path.sh
[2.032s] -- Up-to-date: /home/a/ws_moveit2/install/srdfdom/share/srdfdom/environment/ament_prefix_path.dsv
[2.032s] -- Up-to-date: /home/a/ws_moveit2/install/srdfdom/share/srdfdom/environment/path.sh
[2.032s] -- Up-to-date: /home/a/ws_moveit2/install/srdfdom/share/srdfdom/environment/path.dsv
[2.032s] -- Up-to-date: /home/a/ws_moveit2/install/srdfdom/share/srdfdom/local_setup.bash
[2.032s] -- Up-to-date: /home/a/ws_moveit2/install/srdfdom/share/srdfdom/local_setup.sh
[2.032s] -- Up-to-date: /home/a/ws_moveit2/install/srdfdom/share/srdfdom/local_setup.zsh
[2.032s] -- Up-to-date: /home/a/ws_moveit2/install/srdfdom/share/srdfdom/local_setup.dsv
[2.032s] -- Installing: /home/a/ws_moveit2/install/srdfdom/share/srdfdom/package.dsv
[2.032s] -- Up-to-date: /home/a/ws_moveit2/install/srdfdom/share/ament_index/resource_index/packages/srdfdom
[2.034s] -- Up-to-date: /home/a/ws_moveit2/install/srdfdom/share/srdfdom/cmake/srdfdomTargetsExport.cmake
[2.034s] -- Up-to-date: /home/a/ws_moveit2/install/srdfdom/share/srdfdom/cmake/srdfdomTargetsExport-release.cmake
[2.034s] -- Up-to-date: /home/a/ws_moveit2/install/srdfdom/share/srdfdom/cmake/ament_cmake_export_targets-extras.cmake
[2.034s] -- Up-to-date: /home/a/ws_moveit2/install/srdfdom/share/srdfdom/cmake/ament_cmake_export_dependencies-extras.cmake
[2.034s] -- Up-to-date: /home/a/ws_moveit2/install/srdfdom/share/srdfdom/cmake/srdfdomConfig.cmake
[2.034s] -- Up-to-date: /home/a/ws_moveit2/install/srdfdom/share/srdfdom/cmake/srdfdomConfig-version.cmake
[2.036s] -- Up-to-date: /home/a/ws_moveit2/install/srdfdom/share/srdfdom/package.xml
[2.441s] Invoked command in '/home/a/ws_moveit2/build/srdfdom' returned '0': CMAKE_PREFIX_PATH=${CMAKE_PREFIX_PATH}:/home/a/ws_moveit2/install/moveit_configs_utils:/home/a/ws_moveit2/install/ros_tcp_endpoint:/home/a/ws_moveit2/install/realsense2_ros_mqtt_bridge:/home/a/ws_moveit2/install/launch_param_builder:/home/a/ws_moveit2/install/dynamixel_controller_gui:/home/a/ws_moveit2/install/dynamixel_controller_client:/home/a/ws_moveit2/install/d415_rgb_depth_3d:/opt/ros/humble /usr/bin/cmake --install /home/a/ws_moveit2/build/srdfdom
