[0.211s] Invoking command in '/home/a/ws_moveit2/build/catch_gazebo_control': CMAKE_PREFIX_PATH=${CMAKE_PREFIX_PATH}:/home/a/ws_moveit2/install/moveit_configs_utils:/home/a/ws_moveit2/install/launch_param_builder:/home/a/ws_moveit2/install/dynamixel_controller_client:/opt/ros/humble /usr/bin/cmake /home/a/ws_moveit2/src/catch_gazebo_control -DCMAKE_BUILD_TYPE=Release -DCMAKE_INSTALL_PREFIX=/home/a/ws_moveit2/install/catch_gazebo_control
[0.406s] -- The C compiler identification is GNU 11.4.0
[0.406s] -- The CXX compiler identification is GNU 11.4.0
[0.407s] -- Detecting C compiler ABI info
[0.407s] -- Detecting C compiler ABI info - done
[0.407s] -- Check for working C compiler: /usr/bin/cc - skipped
[0.408s] -- Detecting C compile features
[0.408s] -- Detecting C compile features - done
[0.408s] -- Detecting CXX compiler ABI info
[0.425s] -- Detecting CXX compiler ABI info - done
[0.444s] -- Check for working CXX compiler: /usr/bin/c++ - skipped
[0.448s] -- Detecting CXX compile features
[0.456s] -- Detecting CXX compile features - done
[0.466s] -- Found ament_cmake: 1.3.12 (/opt/ros/humble/share/ament_cmake/cmake)
[0.572s] -- Found Python3: /usr/bin/python3 (found version "3.10.12") found components: Interpreter 
[0.716s] [31mCMake Error at CMakeLists.txt:10 (find_package):
[0.716s]   By not providing "Findgazebo_ros.cmake" in CMAKE_MODULE_PATH this project
[0.716s]   has asked CMake to find a package configuration file provided by
[0.716s]   "gazebo_ros", but CMake did not find one.
[0.717s] -- Configuring incomplete, errors occurred!
[0.717s] See also "/home/a/ws_moveit2/build/catch_gazebo_control/CMakeFiles/CMakeOutput.log".
[0.717s] 
[0.717s]   Could not find a package configuration file provided by "gazebo_ros" with
[0.717s]   any of the following names:
[0.717s] 
[0.717s]     gazebo_rosConfig.cmake
[0.717s]     gazebo_ros-config.cmake
[0.718s] 
[0.718s]   Add the installation prefix of "gazebo_ros" to CMAKE_PREFIX_PATH or set
[0.718s]   "gazebo_ros_DIR" to a directory containing one of the above files.  If
[0.718s]   "gazebo_ros" provides a separate development package or SDK, be sure it has
[0.718s]   been installed.
[0.718s] 
[0.718s] [0m
[0.730s] Invoked command in '/home/a/ws_moveit2/build/catch_gazebo_control' returned '1': CMAKE_PREFIX_PATH=${CMAKE_PREFIX_PATH}:/home/a/ws_moveit2/install/moveit_configs_utils:/home/a/ws_moveit2/install/launch_param_builder:/home/a/ws_moveit2/install/dynamixel_controller_client:/opt/ros/humble /usr/bin/cmake /home/a/ws_moveit2/src/catch_gazebo_control -DCMAKE_BUILD_TYPE=Release -DCMAKE_INSTALL_PREFIX=/home/a/ws_moveit2/install/catch_gazebo_control
