[ 33%] Built target pose_command_publisher
[ 66%] Built target dual_arm_servo_controller
[ 83%] Building CXX object CMakeFiles/move_to_pose_dual_cpp.dir/src/move_to_pose_dual_cpp.cpp.o
[100%] Linking CXX executable move_to_pose_dual_cpp
[100%] Built target move_to_pose_dual_cpp
-- Install configuration: ""
-- Up-to-date: /home/a/ws_moveit2/install/robot_config/share/robot_config/launch
-- Up-to-date: /home/a/ws_moveit2/install/robot_config/share/robot_config/launch/spawn_controllers.launch.py
-- Up-to-date: /home/a/ws_moveit2/install/robot_config/share/robot_config/launch/warehouse_db.launch.py
-- Up-to-date: /home/a/ws_moveit2/install/robot_config/share/robot_config/launch/dual_arm_demo.launch.py
-- Up-to-date: /home/a/ws_moveit2/install/robot_config/share/robot_config/launch/dual_arm_realtime_control.launch.py
-- Up-to-date: /home/a/ws_moveit2/install/robot_config/share/robot_config/launch/moveit_rviz.launch.py
-- Up-to-date: /home/a/ws_moveit2/install/robot_config/share/robot_config/launch/rsp.launch.py
-- Up-to-date: /home/a/ws_moveit2/install/robot_config/share/robot_config/launch/move_group.launch.py
-- Up-to-date: /home/a/ws_moveit2/install/robot_config/share/robot_config/launch/static_virtual_joint_tfs.launch.py
-- Up-to-date: /home/a/ws_moveit2/install/robot_config/share/robot_config/launch/setup_assistant.launch.py
-- Up-to-date: /home/a/ws_moveit2/install/robot_config/share/robot_config/config
-- Up-to-date: /home/a/ws_moveit2/install/robot_config/share/robot_config/config/ompl_planning.yaml
-- Up-to-date: /home/a/ws_moveit2/install/robot_config/share/robot_config/config/dual_arm_realtime_control.yaml
-- Up-to-date: /home/a/ws_moveit2/install/robot_config/share/robot_config/config/dual_arm.srdf
-- Up-to-date: /home/a/ws_moveit2/install/robot_config/share/robot_config/config/dual_arm_controllers.yaml
-- Up-to-date: /home/a/ws_moveit2/install/robot_config/share/robot_config/config/pilz_cartesian_limits.yaml
-- Up-to-date: /home/a/ws_moveit2/install/robot_config/share/robot_config/config/dual_arm_joint_limits.yaml
-- Up-to-date: /home/a/ws_moveit2/install/robot_config/share/robot_config/config/0525_arm.urdf.xacro.bak
-- Up-to-date: /home/a/ws_moveit2/install/robot_config/share/robot_config/config/right_initial_positions.yaml
-- Up-to-date: /home/a/ws_moveit2/install/robot_config/share/robot_config/config/kinematics.yaml
-- Up-to-date: /home/a/ws_moveit2/install/robot_config/share/robot_config/config/dual_arm_kinematics.yaml
-- Up-to-date: /home/a/ws_moveit2/install/robot_config/share/robot_config/config/dual_arm_gazebo.urdf.xacro
-- Up-to-date: /home/a/ws_moveit2/install/robot_config/share/robot_config/config/ros2_controllers.yaml
-- Up-to-date: /home/a/ws_moveit2/install/robot_config/share/robot_config/config/0525_arm.urdf.xacro
-- Up-to-date: /home/a/ws_moveit2/install/robot_config/share/robot_config/config/dual_arm_moveit_controllers.yaml
-- Up-to-date: /home/a/ws_moveit2/install/robot_config/share/robot_config/config/dual_arm_ompl_planning.yaml
-- Up-to-date: /home/a/ws_moveit2/install/robot_config/share/robot_config/config/dual_arm.urdf
-- Up-to-date: /home/a/ws_moveit2/install/robot_config/share/robot_config/config/0525_arm.ros2_control.xacro
-- Up-to-date: /home/a/ws_moveit2/install/robot_config/share/robot_config/config/joint_limits.yaml
-- Up-to-date: /home/a/ws_moveit2/install/robot_config/share/robot_config/config/pilz_planning.yaml
-- Up-to-date: /home/a/ws_moveit2/install/robot_config/share/robot_config/config/dual_arm_gazebo_controllers.yaml
-- Up-to-date: /home/a/ws_moveit2/install/robot_config/share/robot_config/config/left_initial_positions.yaml
-- Up-to-date: /home/a/ws_moveit2/install/robot_config/share/robot_config/config/0525_arm.srdf
-- Up-to-date: /home/a/ws_moveit2/install/robot_config/share/robot_config/config/moveit_controllers.yaml
-- Up-to-date: /home/a/ws_moveit2/install/robot_config/share/robot_config/config/servo.yaml
-- Up-to-date: /home/a/ws_moveit2/install/robot_config/share/robot_config/config/moveit.rviz
-- Up-to-date: /home/a/ws_moveit2/install/robot_config/share/robot_config/config/stomp_planning.yaml
-- Up-to-date: /home/a/ws_moveit2/install/robot_config/share/robot_config/config/dual_arm.urdf.xacro
-- Up-to-date: /home/a/ws_moveit2/install/robot_config/share/robot_config/config/chomp_planning.yaml
-- Up-to-date: /home/a/ws_moveit2/install/robot_config/share/robot_config/config/trajectory_library.yaml
-- Up-to-date: /home/a/ws_moveit2/install/robot_config/share/robot_config/config/pose_commands.yaml
-- Up-to-date: /home/a/ws_moveit2/install/robot_config/share/robot_config/config/initial_positions.yaml
-- Up-to-date: /home/a/ws_moveit2/install/robot_config/share/robot_config/.setup_assistant
-- Up-to-date: /home/a/ws_moveit2/install/robot_config/lib/robot_config/publish_collision_mesh.py
-- Up-to-date: /home/a/ws_moveit2/install/robot_config/lib/robot_config/target_pose_router.py
-- Installing: /home/a/ws_moveit2/install/robot_config/lib/robot_config/move_to_pose_dual_cpp
-- Set runtime path of "/home/a/ws_moveit2/install/robot_config/lib/robot_config/move_to_pose_dual_cpp" to ""
-- Up-to-date: /home/a/ws_moveit2/install/robot_config/lib/robot_config/pose_command_publisher
-- Up-to-date: /home/a/ws_moveit2/install/robot_config/lib/robot_config/dual_arm_servo_controller
-- Up-to-date: /home/a/ws_moveit2/install/robot_config/share/ament_index/resource_index/package_run_dependencies/robot_config
-- Up-to-date: /home/a/ws_moveit2/install/robot_config/share/ament_index/resource_index/parent_prefix_path/robot_config
-- Up-to-date: /home/a/ws_moveit2/install/robot_config/share/robot_config/environment/ament_prefix_path.sh
-- Up-to-date: /home/a/ws_moveit2/install/robot_config/share/robot_config/environment/ament_prefix_path.dsv
-- Up-to-date: /home/a/ws_moveit2/install/robot_config/share/robot_config/environment/path.sh
-- Up-to-date: /home/a/ws_moveit2/install/robot_config/share/robot_config/environment/path.dsv
-- Up-to-date: /home/a/ws_moveit2/install/robot_config/share/robot_config/local_setup.bash
-- Up-to-date: /home/a/ws_moveit2/install/robot_config/share/robot_config/local_setup.sh
-- Up-to-date: /home/a/ws_moveit2/install/robot_config/share/robot_config/local_setup.zsh
-- Up-to-date: /home/a/ws_moveit2/install/robot_config/share/robot_config/local_setup.dsv
-- Installing: /home/a/ws_moveit2/install/robot_config/share/robot_config/package.dsv
-- Up-to-date: /home/a/ws_moveit2/install/robot_config/share/ament_index/resource_index/packages/robot_config
-- Up-to-date: /home/a/ws_moveit2/install/robot_config/share/robot_config/cmake/ament_cmake_export_dependencies-extras.cmake
-- Up-to-date: /home/a/ws_moveit2/install/robot_config/share/robot_config/cmake/robot_configConfig.cmake
-- Up-to-date: /home/a/ws_moveit2/install/robot_config/share/robot_config/cmake/robot_configConfig-version.cmake
-- Up-to-date: /home/a/ws_moveit2/install/robot_config/share/robot_config/package.xml
