[0.054s] Invoking command in '/home/a/ws_moveit2/build/srdfdom': CMAKE_PREFIX_PATH=${CMAKE_PREFIX_PATH}:/home/a/ws_moveit2/install/moveit_configs_utils:/home/a/ws_moveit2/install/launch_param_builder:/opt/ros/humble /opt/st/stm32cubeclt_1.17.0/CMake/bin/cmake --build /home/a/ws_moveit2/build/srdfdom -- -j4 -l4
[0.261s] [ 27%] Built target srdfdom
[0.356s] [ 45%] Built target gtest_main
[0.445s] [ 63%] Built target gtest
[0.530s] [ 63%] Built target ament_cmake_python_symlink_srdfdom
[0.612s] [ 81%] Built target test_cpp_nl_NL.UTF-8
[1.658s] running egg_info
[1.661s] writing srdfdom.egg-info/PKG-INFO
[1.662s] writing dependency_links to srdfdom.egg-info/dependency_links.txt
[1.663s] writing top-level names to srdfdom.egg-info/top_level.txt
[1.671s] reading manifest file 'srdfdom.egg-info/SOURCES.txt'
[1.673s] writing manifest file 'srdfdom.egg-info/SOURCES.txt'
[1.762s] [ 81%] Built target ament_cmake_python_build_srdfdom_egg
[1.855s] [100%] Built target test_cpp_C
[1.880s] Invoked command in '/home/a/ws_moveit2/build/srdfdom' returned '0': CMAKE_PREFIX_PATH=${CMAKE_PREFIX_PATH}:/home/a/ws_moveit2/install/moveit_configs_utils:/home/a/ws_moveit2/install/launch_param_builder:/opt/ros/humble /opt/st/stm32cubeclt_1.17.0/CMake/bin/cmake --build /home/a/ws_moveit2/build/srdfdom -- -j4 -l4
[1.883s] Invoking command in '/home/a/ws_moveit2/build/srdfdom': CMAKE_PREFIX_PATH=${CMAKE_PREFIX_PATH}:/home/a/ws_moveit2/install/moveit_configs_utils:/home/a/ws_moveit2/install/launch_param_builder:/opt/ros/humble /opt/st/stm32cubeclt_1.17.0/CMake/bin/cmake --install /home/a/ws_moveit2/build/srdfdom
[1.893s] -- Install configuration: "Debug"
[1.894s] -- Execute custom install script
[1.896s] -- Up-to-date symlink: /home/a/ws_moveit2/install/srdfdom/include/srdfdom/srdfdom/model.h
[1.900s] -- Up-to-date symlink: /home/a/ws_moveit2/install/srdfdom/include/srdfdom/srdfdom/srdf_writer.h
[1.902s] -- Up-to-date symlink: /home/a/ws_moveit2/install/srdfdom/include/srdfdom/srdfdom/visibility_control.h
[1.908s] -- Up-to-date symlink: /home/a/ws_moveit2/install/srdfdom/lib/srdfdom/display_srdf
[1.908s] -- Up-to-date symlink: /home/a/ws_moveit2/install/srdfdom/share/srdfdom/environment/pythonpath.sh
[1.908s] -- Up-to-date symlink: /home/a/ws_moveit2/install/srdfdom/share/srdfdom/environment/pythonpath.dsv
[1.914s] -- Up-to-date symlink: /home/a/ws_moveit2/install/srdfdom/local/lib/python3.10/dist-packages/srdfdom-2.0.7-py3.10.egg-info/PKG-INFO
[1.914s] -- Up-to-date symlink: /home/a/ws_moveit2/install/srdfdom/local/lib/python3.10/dist-packages/srdfdom-2.0.7-py3.10.egg-info/SOURCES.txt
[1.914s] -- Up-to-date symlink: /home/a/ws_moveit2/install/srdfdom/local/lib/python3.10/dist-packages/srdfdom-2.0.7-py3.10.egg-info/dependency_links.txt
[1.916s] -- Up-to-date symlink: /home/a/ws_moveit2/install/srdfdom/local/lib/python3.10/dist-packages/srdfdom-2.0.7-py3.10.egg-info/top_level.txt
[1.919s] -- Up-to-date symlink: /home/a/ws_moveit2/install/srdfdom/local/lib/python3.10/dist-packages/srdfdom/__init__.py
[1.920s] -- Up-to-date symlink: /home/a/ws_moveit2/install/srdfdom/local/lib/python3.10/dist-packages/srdfdom/srdf.py
[1.924s] -- Up-to-date symlink: /home/a/ws_moveit2/install/srdfdom/share/srdfdom/environment/library_path.sh
[1.924s] -- Up-to-date symlink: /home/a/ws_moveit2/install/srdfdom/share/srdfdom/environment/library_path.dsv
[1.925s] -- Up-to-date symlink: /home/a/ws_moveit2/install/srdfdom/share/ament_index/resource_index/package_run_dependencies/srdfdom
[1.928s] -- Up-to-date symlink: /home/a/ws_moveit2/install/srdfdom/share/ament_index/resource_index/parent_prefix_path/srdfdom
[1.928s] -- Up-to-date symlink: /home/a/ws_moveit2/install/srdfdom/share/srdfdom/environment/ament_prefix_path.sh
[1.932s] -- Up-to-date symlink: /home/a/ws_moveit2/install/srdfdom/share/srdfdom/environment/ament_prefix_path.dsv
[1.932s] -- Up-to-date symlink: /home/a/ws_moveit2/install/srdfdom/share/srdfdom/environment/path.sh
[1.934s] -- Up-to-date symlink: /home/a/ws_moveit2/install/srdfdom/share/srdfdom/environment/path.dsv
[1.935s] -- Up-to-date symlink: /home/a/ws_moveit2/install/srdfdom/share/srdfdom/local_setup.bash
[1.936s] -- Up-to-date symlink: /home/a/ws_moveit2/install/srdfdom/share/srdfdom/local_setup.sh
[1.937s] -- Up-to-date symlink: /home/a/ws_moveit2/install/srdfdom/share/srdfdom/local_setup.zsh
[1.938s] -- Up-to-date symlink: /home/a/ws_moveit2/install/srdfdom/share/srdfdom/local_setup.dsv
[1.940s] -- Symlinking: /home/a/ws_moveit2/install/srdfdom/share/srdfdom/package.dsv
[1.953s] -- Up-to-date symlink: /home/a/ws_moveit2/install/srdfdom/share/ament_index/resource_index/packages/srdfdom
[1.953s] -- Up-to-date symlink: /home/a/ws_moveit2/install/srdfdom/share/srdfdom/cmake/ament_cmake_export_targets-extras.cmake
[1.954s] -- Up-to-date symlink: /home/a/ws_moveit2/install/srdfdom/share/srdfdom/cmake/ament_cmake_export_dependencies-extras.cmake
[1.955s] -- Up-to-date symlink: /home/a/ws_moveit2/install/srdfdom/share/srdfdom/cmake/srdfdomConfig.cmake
[1.956s] -- Up-to-date symlink: /home/a/ws_moveit2/install/srdfdom/share/srdfdom/cmake/srdfdomConfig-version.cmake
[1.958s] -- Up-to-date symlink: /home/a/ws_moveit2/install/srdfdom/share/srdfdom/package.xml
[1.960s] -- Up-to-date: /home/a/ws_moveit2/install/srdfdom/lib/libsrdfdom.so.2.0.7
[1.962s] -- Up-to-date: /home/a/ws_moveit2/install/srdfdom/lib/libsrdfdom.so
[2.097s] Listing '/home/a/ws_moveit2/install/srdfdom/local/lib/python3.10/dist-packages/srdfdom'...
[2.122s] -- Up-to-date: /home/a/ws_moveit2/install/srdfdom/share/srdfdom/cmake/srdfdomTargetsExport.cmake
[2.125s] -- Up-to-date: /home/a/ws_moveit2/install/srdfdom/share/srdfdom/cmake/srdfdomTargetsExport-debug.cmake
[2.130s] Invoked command in '/home/a/ws_moveit2/build/srdfdom' returned '0': CMAKE_PREFIX_PATH=${CMAKE_PREFIX_PATH}:/home/a/ws_moveit2/install/moveit_configs_utils:/home/a/ws_moveit2/install/launch_param_builder:/opt/ros/humble /opt/st/stm32cubeclt_1.17.0/CMake/bin/cmake --install /home/a/ws_moveit2/build/srdfdom
