[1.079s] Invoking command in '/home/a/ws_moveit2/src/ROS-TCP-Endpoint': PYTHONPATH=/home/a/ws_moveit2/build/ros_tcp_endpoint/prefix_override:/usr/lib/python3/dist-packages/colcon_core/task/python/colcon_distutils_commands:/home/a/ws_moveit2/install/ros_tcp_endpoint/lib/python3.10/site-packages:${PYTHONPATH} /usr/bin/python3 -W ignore:setup.py install is deprecated -W ignore:easy_install command is deprecated setup.py egg_info --egg-base ../../build/ros_tcp_endpoint build --build-base /home/a/ws_moveit2/build/ros_tcp_endpoint/build install --record /home/a/ws_moveit2/build/ros_tcp_endpoint/install.log --single-version-externally-managed install_data
[1.475s] running egg_info
[1.475s] creating ../../build/ros_tcp_endpoint/ros_tcp_endpoint.egg-info
[1.475s] writing ../../build/ros_tcp_endpoint/ros_tcp_endpoint.egg-info/PKG-INFO
[1.475s] writing dependency_links to ../../build/ros_tcp_endpoint/ros_tcp_endpoint.egg-info/dependency_links.txt
[1.475s] writing entry points to ../../build/ros_tcp_endpoint/ros_tcp_endpoint.egg-info/entry_points.txt
[1.475s] writing requirements to ../../build/ros_tcp_endpoint/ros_tcp_endpoint.egg-info/requires.txt
[1.475s] writing top-level names to ../../build/ros_tcp_endpoint/ros_tcp_endpoint.egg-info/top_level.txt
[1.475s] writing manifest file '../../build/ros_tcp_endpoint/ros_tcp_endpoint.egg-info/SOURCES.txt'
[1.477s] reading manifest file '../../build/ros_tcp_endpoint/ros_tcp_endpoint.egg-info/SOURCES.txt'
[1.477s] adding license file 'LICENSE'
[1.477s] writing manifest file '../../build/ros_tcp_endpoint/ros_tcp_endpoint.egg-info/SOURCES.txt'
[1.478s] running build
[1.478s] running build_py
[1.478s] creating /home/a/ws_moveit2/build/ros_tcp_endpoint/build
[1.478s] creating /home/a/ws_moveit2/build/ros_tcp_endpoint/build/lib
[1.478s] creating /home/a/ws_moveit2/build/ros_tcp_endpoint/build/lib/ros_tcp_endpoint
[1.478s] copying ros_tcp_endpoint/client.py -> /home/a/ws_moveit2/build/ros_tcp_endpoint/build/lib/ros_tcp_endpoint
[1.479s] copying ros_tcp_endpoint/publisher.py -> /home/a/ws_moveit2/build/ros_tcp_endpoint/build/lib/ros_tcp_endpoint
[1.488s] copying ros_tcp_endpoint/default_server_endpoint.py -> /home/a/ws_moveit2/build/ros_tcp_endpoint/build/lib/ros_tcp_endpoint
[1.488s] copying ros_tcp_endpoint/thread_pauser.py -> /home/a/ws_moveit2/build/ros_tcp_endpoint/build/lib/ros_tcp_endpoint
[1.500s] copying ros_tcp_endpoint/service.py -> /home/a/ws_moveit2/build/ros_tcp_endpoint/build/lib/ros_tcp_endpoint
[1.505s] copying ros_tcp_endpoint/server.py -> /home/a/ws_moveit2/build/ros_tcp_endpoint/build/lib/ros_tcp_endpoint
[1.505s] copying ros_tcp_endpoint/__init__.py -> /home/a/ws_moveit2/build/ros_tcp_endpoint/build/lib/ros_tcp_endpoint
[1.505s] copying ros_tcp_endpoint/unity_service.py -> /home/a/ws_moveit2/build/ros_tcp_endpoint/build/lib/ros_tcp_endpoint
[1.505s] copying ros_tcp_endpoint/communication.py -> /home/a/ws_moveit2/build/ros_tcp_endpoint/build/lib/ros_tcp_endpoint
[1.505s] copying ros_tcp_endpoint/tcp_sender.py -> /home/a/ws_moveit2/build/ros_tcp_endpoint/build/lib/ros_tcp_endpoint
[1.505s] copying ros_tcp_endpoint/exceptions.py -> /home/a/ws_moveit2/build/ros_tcp_endpoint/build/lib/ros_tcp_endpoint
[1.506s] copying ros_tcp_endpoint/subscriber.py -> /home/a/ws_moveit2/build/ros_tcp_endpoint/build/lib/ros_tcp_endpoint
[1.506s] running install
[1.506s] running install_lib
[1.506s] creating /home/a/ws_moveit2/install/ros_tcp_endpoint/lib/python3.10/site-packages/ros_tcp_endpoint
[1.506s] copying /home/a/ws_moveit2/build/ros_tcp_endpoint/build/lib/ros_tcp_endpoint/client.py -> /home/a/ws_moveit2/install/ros_tcp_endpoint/lib/python3.10/site-packages/ros_tcp_endpoint
[1.506s] copying /home/a/ws_moveit2/build/ros_tcp_endpoint/build/lib/ros_tcp_endpoint/publisher.py -> /home/a/ws_moveit2/install/ros_tcp_endpoint/lib/python3.10/site-packages/ros_tcp_endpoint
[1.506s] copying /home/a/ws_moveit2/build/ros_tcp_endpoint/build/lib/ros_tcp_endpoint/default_server_endpoint.py -> /home/a/ws_moveit2/install/ros_tcp_endpoint/lib/python3.10/site-packages/ros_tcp_endpoint
[1.512s] copying /home/a/ws_moveit2/build/ros_tcp_endpoint/build/lib/ros_tcp_endpoint/thread_pauser.py -> /home/a/ws_moveit2/install/ros_tcp_endpoint/lib/python3.10/site-packages/ros_tcp_endpoint
[1.513s] copying /home/a/ws_moveit2/build/ros_tcp_endpoint/build/lib/ros_tcp_endpoint/service.py -> /home/a/ws_moveit2/install/ros_tcp_endpoint/lib/python3.10/site-packages/ros_tcp_endpoint
[1.513s] copying /home/a/ws_moveit2/build/ros_tcp_endpoint/build/lib/ros_tcp_endpoint/server.py -> /home/a/ws_moveit2/install/ros_tcp_endpoint/lib/python3.10/site-packages/ros_tcp_endpoint
[1.513s] copying /home/a/ws_moveit2/build/ros_tcp_endpoint/build/lib/ros_tcp_endpoint/__init__.py -> /home/a/ws_moveit2/install/ros_tcp_endpoint/lib/python3.10/site-packages/ros_tcp_endpoint
[1.513s] copying /home/a/ws_moveit2/build/ros_tcp_endpoint/build/lib/ros_tcp_endpoint/unity_service.py -> /home/a/ws_moveit2/install/ros_tcp_endpoint/lib/python3.10/site-packages/ros_tcp_endpoint
[1.513s] copying /home/a/ws_moveit2/build/ros_tcp_endpoint/build/lib/ros_tcp_endpoint/communication.py -> /home/a/ws_moveit2/install/ros_tcp_endpoint/lib/python3.10/site-packages/ros_tcp_endpoint
[1.513s] copying /home/a/ws_moveit2/build/ros_tcp_endpoint/build/lib/ros_tcp_endpoint/tcp_sender.py -> /home/a/ws_moveit2/install/ros_tcp_endpoint/lib/python3.10/site-packages/ros_tcp_endpoint
[1.513s] copying /home/a/ws_moveit2/build/ros_tcp_endpoint/build/lib/ros_tcp_endpoint/exceptions.py -> /home/a/ws_moveit2/install/ros_tcp_endpoint/lib/python3.10/site-packages/ros_tcp_endpoint
[1.513s] copying /home/a/ws_moveit2/build/ros_tcp_endpoint/build/lib/ros_tcp_endpoint/subscriber.py -> /home/a/ws_moveit2/install/ros_tcp_endpoint/lib/python3.10/site-packages/ros_tcp_endpoint
[1.513s] byte-compiling /home/a/ws_moveit2/install/ros_tcp_endpoint/lib/python3.10/site-packages/ros_tcp_endpoint/client.py to client.cpython-310.pyc
[1.514s] byte-compiling /home/a/ws_moveit2/install/ros_tcp_endpoint/lib/python3.10/site-packages/ros_tcp_endpoint/publisher.py to publisher.cpython-310.pyc
[1.514s] byte-compiling /home/a/ws_moveit2/install/ros_tcp_endpoint/lib/python3.10/site-packages/ros_tcp_endpoint/default_server_endpoint.py to default_server_endpoint.cpython-310.pyc
[1.514s] byte-compiling /home/a/ws_moveit2/install/ros_tcp_endpoint/lib/python3.10/site-packages/ros_tcp_endpoint/thread_pauser.py to thread_pauser.cpython-310.pyc
[1.514s] byte-compiling /home/a/ws_moveit2/install/ros_tcp_endpoint/lib/python3.10/site-packages/ros_tcp_endpoint/service.py to service.cpython-310.pyc
[1.514s] byte-compiling /home/a/ws_moveit2/install/ros_tcp_endpoint/lib/python3.10/site-packages/ros_tcp_endpoint/server.py to server.cpython-310.pyc
[1.514s] byte-compiling /home/a/ws_moveit2/install/ros_tcp_endpoint/lib/python3.10/site-packages/ros_tcp_endpoint/__init__.py to __init__.cpython-310.pyc
[1.514s] byte-compiling /home/a/ws_moveit2/install/ros_tcp_endpoint/lib/python3.10/site-packages/ros_tcp_endpoint/unity_service.py to unity_service.cpython-310.pyc
[1.514s] byte-compiling /home/a/ws_moveit2/install/ros_tcp_endpoint/lib/python3.10/site-packages/ros_tcp_endpoint/communication.py to communication.cpython-310.pyc
[1.514s] byte-compiling /home/a/ws_moveit2/install/ros_tcp_endpoint/lib/python3.10/site-packages/ros_tcp_endpoint/tcp_sender.py to tcp_sender.cpython-310.pyc
[1.514s] byte-compiling /home/a/ws_moveit2/install/ros_tcp_endpoint/lib/python3.10/site-packages/ros_tcp_endpoint/exceptions.py to exceptions.cpython-310.pyc
[1.514s] byte-compiling /home/a/ws_moveit2/install/ros_tcp_endpoint/lib/python3.10/site-packages/ros_tcp_endpoint/subscriber.py to subscriber.cpython-310.pyc
[1.514s] running install_data
[1.514s] creating /home/a/ws_moveit2/install/ros_tcp_endpoint/share/ament_index
[1.514s] creating /home/a/ws_moveit2/install/ros_tcp_endpoint/share/ament_index/resource_index
[1.514s] creating /home/a/ws_moveit2/install/ros_tcp_endpoint/share/ament_index/resource_index/packages
[1.514s] copying resource/ros_tcp_endpoint -> /home/a/ws_moveit2/install/ros_tcp_endpoint/share/ament_index/resource_index/packages
[1.515s] copying package.xml -> /home/a/ws_moveit2/install/ros_tcp_endpoint/share/ros_tcp_endpoint
[1.515s] creating /home/a/ws_moveit2/install/ros_tcp_endpoint/share/ros_tcp_endpoint/launch
[1.515s] copying launch/endpoint.py -> /home/a/ws_moveit2/install/ros_tcp_endpoint/share/ros_tcp_endpoint/launch
[1.515s] running install_egg_info
[1.515s] Copying ../../build/ros_tcp_endpoint/ros_tcp_endpoint.egg-info to /home/a/ws_moveit2/install/ros_tcp_endpoint/lib/python3.10/site-packages/ros_tcp_endpoint-0.0.1-py3.10.egg-info
[1.515s] running install_scripts
[1.537s] Installing default_server_endpoint script to /home/a/ws_moveit2/install/ros_tcp_endpoint/lib/ros_tcp_endpoint
[1.541s] writing list of installed files to '/home/a/ws_moveit2/build/ros_tcp_endpoint/install.log'
[2.695s] Invoked command in '/home/a/ws_moveit2/src/ROS-TCP-Endpoint' returned '0': PYTHONPATH=/home/a/ws_moveit2/build/ros_tcp_endpoint/prefix_override:/usr/lib/python3/dist-packages/colcon_core/task/python/colcon_distutils_commands:/home/a/ws_moveit2/install/ros_tcp_endpoint/lib/python3.10/site-packages:${PYTHONPATH} /usr/bin/python3 -W ignore:setup.py install is deprecated -W ignore:easy_install command is deprecated setup.py egg_info --egg-base ../../build/ros_tcp_endpoint build --build-base /home/a/ws_moveit2/build/ros_tcp_endpoint/build install --record /home/a/ws_moveit2/build/ros_tcp_endpoint/install.log --single-version-externally-managed install_data
