[1.321s] Invoking command in '/home/a/ws_moveit2/src/ROS-TCP-Endpoint': PYTHONPATH=/home/a/ws_moveit2/build/ros_tcp_endpoint/prefix_override:/usr/lib/python3/dist-packages/colcon_core/task/python/colcon_distutils_commands:/home/a/ws_moveit2/install/ros_tcp_endpoint/lib/python3.10/site-packages:${PYTHONPATH} /usr/bin/python3 -W ignore:setup.py install is deprecated -W ignore:easy_install command is deprecated setup.py egg_info --egg-base ../../build/ros_tcp_endpoint build --build-base /home/a/ws_moveit2/build/ros_tcp_endpoint/build install --record /home/a/ws_moveit2/build/ros_tcp_endpoint/install.log --single-version-externally-managed install_data
[1.637s] running egg_info
[1.638s] writing ../../build/ros_tcp_endpoint/ros_tcp_endpoint.egg-info/PKG-INFO
[1.638s] writing dependency_links to ../../build/ros_tcp_endpoint/ros_tcp_endpoint.egg-info/dependency_links.txt
[1.638s] writing entry points to ../../build/ros_tcp_endpoint/ros_tcp_endpoint.egg-info/entry_points.txt
[1.639s] writing requirements to ../../build/ros_tcp_endpoint/ros_tcp_endpoint.egg-info/requires.txt
[1.639s] writing top-level names to ../../build/ros_tcp_endpoint/ros_tcp_endpoint.egg-info/top_level.txt
[1.642s] reading manifest file '../../build/ros_tcp_endpoint/ros_tcp_endpoint.egg-info/SOURCES.txt'
[1.642s] adding license file 'LICENSE'
[1.643s] writing manifest file '../../build/ros_tcp_endpoint/ros_tcp_endpoint.egg-info/SOURCES.txt'
[1.643s] running build
[1.643s] running build_py
[1.644s] running install
[1.645s] running install_lib
[1.647s] running install_data
[1.647s] running install_egg_info
[1.650s] removing '/home/a/ws_moveit2/install/ros_tcp_endpoint/lib/python3.10/site-packages/ros_tcp_endpoint-0.0.1-py3.10.egg-info' (and everything under it)
[1.650s] Copying ../../build/ros_tcp_endpoint/ros_tcp_endpoint.egg-info to /home/a/ws_moveit2/install/ros_tcp_endpoint/lib/python3.10/site-packages/ros_tcp_endpoint-0.0.1-py3.10.egg-info
[1.651s] running install_scripts
[1.681s] Installing default_server_endpoint script to /home/a/ws_moveit2/install/ros_tcp_endpoint/lib/ros_tcp_endpoint
[1.681s] writing list of installed files to '/home/a/ws_moveit2/build/ros_tcp_endpoint/install.log'
[1.884s] Invoked command in '/home/a/ws_moveit2/src/ROS-TCP-Endpoint' returned '0': PYTHONPATH=/home/a/ws_moveit2/build/ros_tcp_endpoint/prefix_override:/usr/lib/python3/dist-packages/colcon_core/task/python/colcon_distutils_commands:/home/a/ws_moveit2/install/ros_tcp_endpoint/lib/python3.10/site-packages:${PYTHONPATH} /usr/bin/python3 -W ignore:setup.py install is deprecated -W ignore:easy_install command is deprecated setup.py egg_info --egg-base ../../build/ros_tcp_endpoint build --build-base /home/a/ws_moveit2/build/ros_tcp_endpoint/build install --record /home/a/ws_moveit2/build/ros_tcp_endpoint/install.log --single-version-externally-managed install_data
