[3.887s] Invoking command in '/home/a/ws_moveit2/src/launch_param_builder': PYTHONPATH=/home/a/ws_moveit2/build/launch_param_builder/prefix_override:/usr/lib/python3/dist-packages/colcon_core/task/python/colcon_distutils_commands:/home/a/ws_moveit2/install/launch_param_builder/lib/python3.10/site-packages:${PYTHONPATH} /usr/bin/python3 -W ignore:setup.py install is deprecated -W ignore:easy_install command is deprecated setup.py egg_info --egg-base ../../build/launch_param_builder build --build-base /home/a/ws_moveit2/build/launch_param_builder/build install --record /home/a/ws_moveit2/build/launch_param_builder/install.log --single-version-externally-managed install_data
[4.665s] running egg_info
[4.671s] writing ../../build/launch_param_builder/launch_param_builder.egg-info/PKG-INFO
[4.681s] writing dependency_links to ../../build/launch_param_builder/launch_param_builder.egg-info/dependency_links.txt
[4.683s] writing entry points to ../../build/launch_param_builder/launch_param_builder.egg-info/entry_points.txt
[4.683s] writing requirements to ../../build/launch_param_builder/launch_param_builder.egg-info/requires.txt
[4.684s] writing top-level names to ../../build/launch_param_builder/launch_param_builder.egg-info/top_level.txt
[4.699s] reading manifest file '../../build/launch_param_builder/launch_param_builder.egg-info/SOURCES.txt'
[4.702s] adding license file 'LICENSE'
[4.704s] writing manifest file '../../build/launch_param_builder/launch_param_builder.egg-info/SOURCES.txt'
[4.705s] running build
[4.705s] running build_py
[4.716s] running install
[4.717s] running install_lib
[4.725s] running install_data
[4.737s] running install_egg_info
[4.742s] removing '/home/a/ws_moveit2/install/launch_param_builder/lib/python3.10/site-packages/launch_param_builder-0.1.1-py3.10.egg-info' (and everything under it)
[4.747s] Copying ../../build/launch_param_builder/launch_param_builder.egg-info to /home/a/ws_moveit2/install/launch_param_builder/lib/python3.10/site-packages/launch_param_builder-0.1.1-py3.10.egg-info
[4.752s] running install_scripts
[4.816s] writing list of installed files to '/home/a/ws_moveit2/build/launch_param_builder/install.log'
[4.883s] Invoked command in '/home/a/ws_moveit2/src/launch_param_builder' returned '0': PYTHONPATH=/home/a/ws_moveit2/build/launch_param_builder/prefix_override:/usr/lib/python3/dist-packages/colcon_core/task/python/colcon_distutils_commands:/home/a/ws_moveit2/install/launch_param_builder/lib/python3.10/site-packages:${PYTHONPATH} /usr/bin/python3 -W ignore:setup.py install is deprecated -W ignore:easy_install command is deprecated setup.py egg_info --egg-base ../../build/launch_param_builder build --build-base /home/a/ws_moveit2/build/launch_param_builder/build install --record /home/a/ws_moveit2/build/launch_param_builder/install.log --single-version-externally-managed install_data
