[0.120s] Invoking command in '/home/a/ws_moveit2/build/moveit_core': CMAKE_PREFIX_PATH=/home/a/ws_moveit2/install/moveit_resources_panda_moveit_config:/home/a/ws_moveit2/install/srdfdom:/home/a/ws_moveit2/install/moveit_resources_pr2_description:/home/a/ws_moveit2/install/moveit_resources_panda_description:/home/a/ws_moveit2/install/moveit_common:/home/a/ws_moveit2/install/pilz_industrial_motion_planner_testutils:/home/a/ws_moveit2/install/my_robot_config:/home/a/ws_moveit2/install/moveit_runtime:/home/a/ws_moveit2/install/moveit2_tutorials:/home/a/ws_moveit2/install/moveit:/home/a/ws_moveit2/install/moveit_planners:/home/a/ws_moveit2/install/pilz_industrial_motion_planner:/home/a/ws_moveit2/install/hello_moveit:/home/a/ws_moveit2/install/moveit_visual_tools:/home/a/ws_moveit2/install/moveit_task_constructor_visualization:/home/a/ws_moveit2/install/moveit_task_constructor_demo:/home/a/ws_moveit2/install/moveit_task_constructor_capabilities:/home/a/ws_moveit2/install/moveit_task_constructor_core:/home/a/ws_moveit2/install/moveit_ros_control_interface:/home/a/ws_moveit2/install/moveit_plugins:/home/a/ws_moveit2/install/moveit_simple_controller_manager:/home/a/ws_moveit2/install/moveit_setup_assistant:/home/a/ws_moveit2/install/moveit_setup_srdf_plugins:/home/a/ws_moveit2/install/moveit_setup_core_plugins:/home/a/ws_moveit2/install/moveit_setup_controllers:/home/a/ws_moveit2/install/moveit_setup_app_plugins:/home/a/ws_moveit2/install/moveit_setup_framework:/home/a/ws_moveit2/install/moveit_servo:/home/a/ws_moveit2/install/moveit_ros:/home/a/ws_moveit2/install/moveit_ros_visualization:/home/a/ws_moveit2/install/moveit_hybrid_planning:/home/a/ws_moveit2/install/moveit_ros_planning_interface:/home/a/ws_moveit2/install/moveit_ros_benchmarks:/home/a/ws_moveit2/install/moveit_ros_warehouse:/home/a/ws_moveit2/install/moveit_ros_robot_interaction:/home/a/ws_moveit2/install/moveit_ros_perception:/home/a/ws_moveit2/install/moveit_resources_prbt_pg70_support:/home/a/ws_moveit2/install/moveit_resources_prbt_moveit_config:/home/a/ws_moveit2/install/moveit_ros_move_group:/home/a/ws_moveit2/install/moveit_planners_ompl:/home/a/ws_moveit2/install/moveit_ros_planning:/home/a/ws_moveit2/install/moveit_ros_occupancy_map_monitor:/home/a/ws_moveit2/install/moveit_resources_prbt_ikfast_manipulator_plugin:/home/a/ws_moveit2/install/moveit_planners_chomp:/home/a/ws_moveit2/install/moveit_kinematics:/home/a/ws_moveit2/install/moveit_chomp_optimizer_adapter:/home/a/ws_moveit2/install/chomp_motion_planner:/home/a/ws_moveit2/install/moveit_core:/home/a/ws_moveit2/install/rviz_marker_tools:/home/a/ws_moveit2/install/rosparam_shortcuts:/home/a/ws_moveit2/install/moveit_task_constructor_msgs:/home/a/ws_moveit2/install/moveit_resources_prbt_support:/home/a/ws_moveit2/install/moveit_resources:/home/a/ws_moveit2/install/moveit_resources_fanuc_moveit_config:/home/a/ws_moveit2/install/moveit_resources_fanuc_description:/home/a/ws_moveit2/install/moveit_configs_utils:/home/a/ws_moveit2/install/launch_param_builder:/opt/ros/humble LD_LIBRARY_PATH=/home/a/ws_moveit2/install/srdfdom/lib:/home/a/ws_moveit2/install/pilz_industrial_motion_planner_testutils/lib:/home/a/ws_moveit2/install/pilz_industrial_motion_planner/lib:/home/a/ws_moveit2/install/moveit_visual_tools/lib:/home/a/ws_moveit2/install/moveit_task_constructor_visualization/lib:/home/a/ws_moveit2/install/moveit_task_constructor_demo/lib:/home/a/ws_moveit2/install/moveit_task_constructor_capabilities/lib:/home/a/ws_moveit2/install/moveit_task_constructor_core/lib:/home/a/ws_moveit2/install/moveit_ros_control_interface/lib:/home/a/ws_moveit2/install/moveit_simple_controller_manager/lib:/home/a/ws_moveit2/install/moveit_setup_assistant/lib:/home/a/ws_moveit2/install/moveit_setup_srdf_plugins/lib:/home/a/ws_moveit2/install/moveit_setup_core_plugins/lib:/home/a/ws_moveit2/install/moveit_setup_controllers/lib:/home/a/ws_moveit2/install/moveit_setup_app_plugins/lib:/home/a/ws_moveit2/install/moveit_setup_framework/lib:/home/a/ws_moveit2/install/moveit_servo/lib:/home/a/ws_moveit2/install/moveit_ros_visualization/lib:/home/a/ws_moveit2/install/moveit_hybrid_planning/lib:/home/a/ws_moveit2/install/moveit_ros_planning_interface/lib:/home/a/ws_moveit2/install/moveit_ros_benchmarks/lib:/home/a/ws_moveit2/install/moveit_ros_warehouse/lib:/home/a/ws_moveit2/install/moveit_ros_robot_interaction/lib:/home/a/ws_moveit2/install/moveit_ros_perception/lib:/home/a/ws_moveit2/install/moveit_ros_move_group/lib:/home/a/ws_moveit2/install/moveit_planners_ompl/lib:/home/a/ws_moveit2/install/moveit_ros_planning/lib:/home/a/ws_moveit2/install/moveit_ros_occupancy_map_monitor/lib:/home/a/ws_moveit2/install/moveit_resources_prbt_ikfast_manipulator_plugin/lib:/home/a/ws_moveit2/install/moveit_planners_chomp/lib:/home/a/ws_moveit2/install/moveit_kinematics/lib:/home/a/ws_moveit2/install/moveit_chomp_optimizer_adapter/lib:/home/a/ws_moveit2/install/chomp_motion_planner/lib:/home/a/ws_moveit2/install/moveit_core/lib:/home/a/ws_moveit2/install/rviz_marker_tools/lib:/home/a/ws_moveit2/install/rosparam_shortcuts/lib:/home/a/ws_moveit2/install/moveit_task_constructor_msgs/lib:/opt/ros/humble/opt/rviz_ogre_vendor/lib:/opt/ros/humble/lib/x86_64-linux-gnu:/opt/ros/humble/lib /opt/st/stm32cubeclt_1.17.0/CMake/bin/cmake --build /home/a/ws_moveit2/build/moveit_core -- -j4 -l4
[1.054s] [  1%] Built target moveit_exceptions
[1.413s] [  5%] Built target moveit_utils
[1.413s] [  5%] Built target moveit_transforms
[1.414s] [  6%] Built target moveit_kinematics_base
[1.540s] [  9%] Built target moveit_distance_field
[1.573s] [ 11%] Built target gtest
[1.573s] [ 11%] Built target gtest_main
[1.608s] [ 13%] Built target gmock
[1.686s] [ 15%] Built target moveit_butterworth_parameters
[1.699s] [ 16%] Built target gmock_main
[1.767s] [ 17%] Built target moveit_smoothing_base
[1.775s] [ 18%] Built target test_transforms
[1.807s] [ 19%] Built target moveit_version
[1.956s] [ 20%] Built target test_voxel_grid
[1.981s] [ 21%] Built target test_distance_field
[2.102s] [ 27%] Built target moveit_robot_model
[2.532s] [ 28%] Built target moveit_butterworth_filter
[2.555s] [ 30%] Built target moveit_test_utils
[2.610s] [ 33%] Built target moveit_robot_state
[2.763s] [ 34%] Built target test_robot_model
[2.781s] [ 35%] Built target test_butterworth_filter
[2.850s] [ 36%] Built target moveit_robot_trajectory
[3.000s] [ 37%] Built target moveit_dynamics_solver
[3.039s] [ 38%] Built target moveit_kinematics_metrics
[3.089s] [ 40%] Built target test_robot_state
[3.216s] [ 41%] Built target test_robot_state_benchmark
[3.241s] [ 46%] Built target moveit_collision_detection
[3.284s] [ 47%] Built target test_robot_state_complex
[3.331s] [ 48%] Built target test_aabb
[3.539s] [ 49%] Built target test_cartesian_interpolator
[3.589s] [ 50%] Built target test_robot_trajectory
[3.625s] [ 51%] Built target test_world
[3.764s] [ 53%] Built target test_world_diff
[3.950s] [ 54%] Built target test_all_valid
[4.171s] [ 56%] Built target moveit_collision_detection_fcl
[4.179s] [ 59%] Built target moveit_trajectory_processing
[4.278s] [ 61%] Built target moveit_planning_interface
[4.366s] [ 66%] Built target moveit_collision_detection_bullet
[4.448s] [ 67%] Built target test_fcl_collision_env
[4.505s] [ 69%] Built target moveit_kinematic_constraints
[4.575s] [ 70%] Built target test_fcl_collision_detection
[4.644s] [ 72%] Built target test_fcl_collision_detection_panda
[4.707s] [ 73%] Built target test_time_parameterization
[4.721s] [ 75%] Built target test_time_optimal_trajectory_generation
[4.799s] [ 76%] Built target test_ruckig_traj_smoothing
[4.922s] [ 78%] Built target test_bullet_collision_detection_panda
[4.923s] [ 79%] Built target test_bullet_collision_detection
[5.250s] [ 80%] Built target test_bullet_continuous_collision_checking
[5.297s] [ 81%] Built target test_constraints
[5.313s] [ 83%] Built target moveit_planning_scene
[5.324s] [ 84%] Built target test_orientation_constraints
[5.572s] [ 85%] Built target moveit_planning_request_adapter
[5.624s] [ 86%] Built target test_planning_scene
[5.809s] [ 87%] Built target test_collision_objects
[5.822s] [ 90%] Built target moveit_collision_distance_field
[5.833s] [ 93%] Built target moveit_constraint_samplers
[5.892s] [ 94%] Built target test_multi_threaded
[6.078s] [ 95%] Built target collision_detector_bullet_plugin
[6.094s] [ 96%] Built target collision_detector_fcl_plugin
[6.129s] [ 97%] Built target test_collision_distance_field
[6.305s] [100%] Built target test_constraint_samplers
[6.338s] Invoked command in '/home/a/ws_moveit2/build/moveit_core' returned '0': CMAKE_PREFIX_PATH=/home/a/ws_moveit2/install/moveit_resources_panda_moveit_config:/home/a/ws_moveit2/install/srdfdom:/home/a/ws_moveit2/install/moveit_resources_pr2_description:/home/a/ws_moveit2/install/moveit_resources_panda_description:/home/a/ws_moveit2/install/moveit_common:/home/a/ws_moveit2/install/pilz_industrial_motion_planner_testutils:/home/a/ws_moveit2/install/my_robot_config:/home/a/ws_moveit2/install/moveit_runtime:/home/a/ws_moveit2/install/moveit2_tutorials:/home/a/ws_moveit2/install/moveit:/home/a/ws_moveit2/install/moveit_planners:/home/a/ws_moveit2/install/pilz_industrial_motion_planner:/home/a/ws_moveit2/install/hello_moveit:/home/a/ws_moveit2/install/moveit_visual_tools:/home/a/ws_moveit2/install/moveit_task_constructor_visualization:/home/a/ws_moveit2/install/moveit_task_constructor_demo:/home/a/ws_moveit2/install/moveit_task_constructor_capabilities:/home/a/ws_moveit2/install/moveit_task_constructor_core:/home/a/ws_moveit2/install/moveit_ros_control_interface:/home/a/ws_moveit2/install/moveit_plugins:/home/a/ws_moveit2/install/moveit_simple_controller_manager:/home/a/ws_moveit2/install/moveit_setup_assistant:/home/a/ws_moveit2/install/moveit_setup_srdf_plugins:/home/a/ws_moveit2/install/moveit_setup_core_plugins:/home/a/ws_moveit2/install/moveit_setup_controllers:/home/a/ws_moveit2/install/moveit_setup_app_plugins:/home/a/ws_moveit2/install/moveit_setup_framework:/home/a/ws_moveit2/install/moveit_servo:/home/a/ws_moveit2/install/moveit_ros:/home/a/ws_moveit2/install/moveit_ros_visualization:/home/a/ws_moveit2/install/moveit_hybrid_planning:/home/a/ws_moveit2/install/moveit_ros_planning_interface:/home/a/ws_moveit2/install/moveit_ros_benchmarks:/home/a/ws_moveit2/install/moveit_ros_warehouse:/home/a/ws_moveit2/install/moveit_ros_robot_interaction:/home/a/ws_moveit2/install/moveit_ros_perception:/home/a/ws_moveit2/install/moveit_resources_prbt_pg70_support:/home/a/ws_moveit2/install/moveit_resources_prbt_moveit_config:/home/a/ws_moveit2/install/moveit_ros_move_group:/home/a/ws_moveit2/install/moveit_planners_ompl:/home/a/ws_moveit2/install/moveit_ros_planning:/home/a/ws_moveit2/install/moveit_ros_occupancy_map_monitor:/home/a/ws_moveit2/install/moveit_resources_prbt_ikfast_manipulator_plugin:/home/a/ws_moveit2/install/moveit_planners_chomp:/home/a/ws_moveit2/install/moveit_kinematics:/home/a/ws_moveit2/install/moveit_chomp_optimizer_adapter:/home/a/ws_moveit2/install/chomp_motion_planner:/home/a/ws_moveit2/install/moveit_core:/home/a/ws_moveit2/install/rviz_marker_tools:/home/a/ws_moveit2/install/rosparam_shortcuts:/home/a/ws_moveit2/install/moveit_task_constructor_msgs:/home/a/ws_moveit2/install/moveit_resources_prbt_support:/home/a/ws_moveit2/install/moveit_resources:/home/a/ws_moveit2/install/moveit_resources_fanuc_moveit_config:/home/a/ws_moveit2/install/moveit_resources_fanuc_description:/home/a/ws_moveit2/install/moveit_configs_utils:/home/a/ws_moveit2/install/launch_param_builder:/opt/ros/humble LD_LIBRARY_PATH=/home/a/ws_moveit2/install/srdfdom/lib:/home/a/ws_moveit2/install/pilz_industrial_motion_planner_testutils/lib:/home/a/ws_moveit2/install/pilz_industrial_motion_planner/lib:/home/a/ws_moveit2/install/moveit_visual_tools/lib:/home/a/ws_moveit2/install/moveit_task_constructor_visualization/lib:/home/a/ws_moveit2/install/moveit_task_constructor_demo/lib:/home/a/ws_moveit2/install/moveit_task_constructor_capabilities/lib:/home/a/ws_moveit2/install/moveit_task_constructor_core/lib:/home/a/ws_moveit2/install/moveit_ros_control_interface/lib:/home/a/ws_moveit2/install/moveit_simple_controller_manager/lib:/home/a/ws_moveit2/install/moveit_setup_assistant/lib:/home/a/ws_moveit2/install/moveit_setup_srdf_plugins/lib:/home/a/ws_moveit2/install/moveit_setup_core_plugins/lib:/home/a/ws_moveit2/install/moveit_setup_controllers/lib:/home/a/ws_moveit2/install/moveit_setup_app_plugins/lib:/home/a/ws_moveit2/install/moveit_setup_framework/lib:/home/a/ws_moveit2/install/moveit_servo/lib:/home/a/ws_moveit2/install/moveit_ros_visualization/lib:/home/a/ws_moveit2/install/moveit_hybrid_planning/lib:/home/a/ws_moveit2/install/moveit_ros_planning_interface/lib:/home/a/ws_moveit2/install/moveit_ros_benchmarks/lib:/home/a/ws_moveit2/install/moveit_ros_warehouse/lib:/home/a/ws_moveit2/install/moveit_ros_robot_interaction/lib:/home/a/ws_moveit2/install/moveit_ros_perception/lib:/home/a/ws_moveit2/install/moveit_ros_move_group/lib:/home/a/ws_moveit2/install/moveit_planners_ompl/lib:/home/a/ws_moveit2/install/moveit_ros_planning/lib:/home/a/ws_moveit2/install/moveit_ros_occupancy_map_monitor/lib:/home/a/ws_moveit2/install/moveit_resources_prbt_ikfast_manipulator_plugin/lib:/home/a/ws_moveit2/install/moveit_planners_chomp/lib:/home/a/ws_moveit2/install/moveit_kinematics/lib:/home/a/ws_moveit2/install/moveit_chomp_optimizer_adapter/lib:/home/a/ws_moveit2/install/chomp_motion_planner/lib:/home/a/ws_moveit2/install/moveit_core/lib:/home/a/ws_moveit2/install/rviz_marker_tools/lib:/home/a/ws_moveit2/install/rosparam_shortcuts/lib:/home/a/ws_moveit2/install/moveit_task_constructor_msgs/lib:/opt/ros/humble/opt/rviz_ogre_vendor/lib:/opt/ros/humble/lib/x86_64-linux-gnu:/opt/ros/humble/lib /opt/st/stm32cubeclt_1.17.0/CMake/bin/cmake --build /home/a/ws_moveit2/build/moveit_core -- -j4 -l4
[6.512s] Invoking command in '/home/a/ws_moveit2/build/moveit_core': CMAKE_PREFIX_PATH=/home/a/ws_moveit2/install/moveit_resources_panda_moveit_config:/home/a/ws_moveit2/install/srdfdom:/home/a/ws_moveit2/install/moveit_resources_pr2_description:/home/a/ws_moveit2/install/moveit_resources_panda_description:/home/a/ws_moveit2/install/moveit_common:/home/a/ws_moveit2/install/pilz_industrial_motion_planner_testutils:/home/a/ws_moveit2/install/my_robot_config:/home/a/ws_moveit2/install/moveit_runtime:/home/a/ws_moveit2/install/moveit2_tutorials:/home/a/ws_moveit2/install/moveit:/home/a/ws_moveit2/install/moveit_planners:/home/a/ws_moveit2/install/pilz_industrial_motion_planner:/home/a/ws_moveit2/install/hello_moveit:/home/a/ws_moveit2/install/moveit_visual_tools:/home/a/ws_moveit2/install/moveit_task_constructor_visualization:/home/a/ws_moveit2/install/moveit_task_constructor_demo:/home/a/ws_moveit2/install/moveit_task_constructor_capabilities:/home/a/ws_moveit2/install/moveit_task_constructor_core:/home/a/ws_moveit2/install/moveit_ros_control_interface:/home/a/ws_moveit2/install/moveit_plugins:/home/a/ws_moveit2/install/moveit_simple_controller_manager:/home/a/ws_moveit2/install/moveit_setup_assistant:/home/a/ws_moveit2/install/moveit_setup_srdf_plugins:/home/a/ws_moveit2/install/moveit_setup_core_plugins:/home/a/ws_moveit2/install/moveit_setup_controllers:/home/a/ws_moveit2/install/moveit_setup_app_plugins:/home/a/ws_moveit2/install/moveit_setup_framework:/home/a/ws_moveit2/install/moveit_servo:/home/a/ws_moveit2/install/moveit_ros:/home/a/ws_moveit2/install/moveit_ros_visualization:/home/a/ws_moveit2/install/moveit_hybrid_planning:/home/a/ws_moveit2/install/moveit_ros_planning_interface:/home/a/ws_moveit2/install/moveit_ros_benchmarks:/home/a/ws_moveit2/install/moveit_ros_warehouse:/home/a/ws_moveit2/install/moveit_ros_robot_interaction:/home/a/ws_moveit2/install/moveit_ros_perception:/home/a/ws_moveit2/install/moveit_resources_prbt_pg70_support:/home/a/ws_moveit2/install/moveit_resources_prbt_moveit_config:/home/a/ws_moveit2/install/moveit_ros_move_group:/home/a/ws_moveit2/install/moveit_planners_ompl:/home/a/ws_moveit2/install/moveit_ros_planning:/home/a/ws_moveit2/install/moveit_ros_occupancy_map_monitor:/home/a/ws_moveit2/install/moveit_resources_prbt_ikfast_manipulator_plugin:/home/a/ws_moveit2/install/moveit_planners_chomp:/home/a/ws_moveit2/install/moveit_kinematics:/home/a/ws_moveit2/install/moveit_chomp_optimizer_adapter:/home/a/ws_moveit2/install/chomp_motion_planner:/home/a/ws_moveit2/install/moveit_core:/home/a/ws_moveit2/install/rviz_marker_tools:/home/a/ws_moveit2/install/rosparam_shortcuts:/home/a/ws_moveit2/install/moveit_task_constructor_msgs:/home/a/ws_moveit2/install/moveit_resources_prbt_support:/home/a/ws_moveit2/install/moveit_resources:/home/a/ws_moveit2/install/moveit_resources_fanuc_moveit_config:/home/a/ws_moveit2/install/moveit_resources_fanuc_description:/home/a/ws_moveit2/install/moveit_configs_utils:/home/a/ws_moveit2/install/launch_param_builder:/opt/ros/humble LD_LIBRARY_PATH=/home/a/ws_moveit2/install/srdfdom/lib:/home/a/ws_moveit2/install/pilz_industrial_motion_planner_testutils/lib:/home/a/ws_moveit2/install/pilz_industrial_motion_planner/lib:/home/a/ws_moveit2/install/moveit_visual_tools/lib:/home/a/ws_moveit2/install/moveit_task_constructor_visualization/lib:/home/a/ws_moveit2/install/moveit_task_constructor_demo/lib:/home/a/ws_moveit2/install/moveit_task_constructor_capabilities/lib:/home/a/ws_moveit2/install/moveit_task_constructor_core/lib:/home/a/ws_moveit2/install/moveit_ros_control_interface/lib:/home/a/ws_moveit2/install/moveit_simple_controller_manager/lib:/home/a/ws_moveit2/install/moveit_setup_assistant/lib:/home/a/ws_moveit2/install/moveit_setup_srdf_plugins/lib:/home/a/ws_moveit2/install/moveit_setup_core_plugins/lib:/home/a/ws_moveit2/install/moveit_setup_controllers/lib:/home/a/ws_moveit2/install/moveit_setup_app_plugins/lib:/home/a/ws_moveit2/install/moveit_setup_framework/lib:/home/a/ws_moveit2/install/moveit_servo/lib:/home/a/ws_moveit2/install/moveit_ros_visualization/lib:/home/a/ws_moveit2/install/moveit_hybrid_planning/lib:/home/a/ws_moveit2/install/moveit_ros_planning_interface/lib:/home/a/ws_moveit2/install/moveit_ros_benchmarks/lib:/home/a/ws_moveit2/install/moveit_ros_warehouse/lib:/home/a/ws_moveit2/install/moveit_ros_robot_interaction/lib:/home/a/ws_moveit2/install/moveit_ros_perception/lib:/home/a/ws_moveit2/install/moveit_ros_move_group/lib:/home/a/ws_moveit2/install/moveit_planners_ompl/lib:/home/a/ws_moveit2/install/moveit_ros_planning/lib:/home/a/ws_moveit2/install/moveit_ros_occupancy_map_monitor/lib:/home/a/ws_moveit2/install/moveit_resources_prbt_ikfast_manipulator_plugin/lib:/home/a/ws_moveit2/install/moveit_planners_chomp/lib:/home/a/ws_moveit2/install/moveit_kinematics/lib:/home/a/ws_moveit2/install/moveit_chomp_optimizer_adapter/lib:/home/a/ws_moveit2/install/chomp_motion_planner/lib:/home/a/ws_moveit2/install/moveit_core/lib:/home/a/ws_moveit2/install/rviz_marker_tools/lib:/home/a/ws_moveit2/install/rosparam_shortcuts/lib:/home/a/ws_moveit2/install/moveit_task_constructor_msgs/lib:/opt/ros/humble/opt/rviz_ogre_vendor/lib:/opt/ros/humble/lib/x86_64-linux-gnu:/opt/ros/humble/lib /opt/st/stm32cubeclt_1.17.0/CMake/bin/cmake --install /home/a/ws_moveit2/build/moveit_core
[6.532s] -- Install configuration: "Release"
[6.538s] -- Execute custom install script
[6.545s] -- Up-to-date symlink: /home/a/ws_moveit2/install/moveit_core/include/moveit/version.h
[6.552s] -- Up-to-date symlink: /home/a/ws_moveit2/install/moveit_core/include/moveit/collision_distance_field/collision_common_distance_field.h
[6.553s] -- Up-to-date symlink: /home/a/ws_moveit2/install/moveit_core/include/moveit/collision_distance_field/collision_detector_allocator_distance_field.h
[6.559s] -- Up-to-date symlink: /home/a/ws_moveit2/install/moveit_core/include/moveit/collision_distance_field/collision_detector_allocator_hybrid.h
[6.564s] -- Up-to-date symlink: /home/a/ws_moveit2/install/moveit_core/include/moveit/collision_distance_field/collision_distance_field_types.h
[6.569s] -- Up-to-date symlink: /home/a/ws_moveit2/install/moveit_core/include/moveit/collision_distance_field/collision_env_distance_field.h
[6.570s] -- Up-to-date symlink: /home/a/ws_moveit2/install/moveit_core/include/moveit/collision_distance_field/collision_env_hybrid.h
[6.575s] -- Up-to-date symlink: /home/a/ws_moveit2/install/moveit_core/include/moveit_collision_distance_field_export.h
[6.578s] -- Up-to-date symlink: /home/a/ws_moveit2/install/moveit_core/include/moveit/constraint_samplers/constraint_sampler.h
[6.579s] -- Up-to-date symlink: /home/a/ws_moveit2/install/moveit_core/include/moveit/constraint_samplers/constraint_sampler_allocator.h
[6.584s] -- Up-to-date symlink: /home/a/ws_moveit2/install/moveit_core/include/moveit/constraint_samplers/constraint_sampler_manager.h
[6.587s] -- Up-to-date symlink: /home/a/ws_moveit2/install/moveit_core/include/moveit/constraint_samplers/constraint_sampler_tools.h
[6.588s] -- Up-to-date symlink: /home/a/ws_moveit2/install/moveit_core/include/moveit/constraint_samplers/default_constraint_samplers.h
[6.590s] -- Up-to-date symlink: /home/a/ws_moveit2/install/moveit_core/include/moveit/constraint_samplers/union_constraint_sampler.h
[6.603s] -- Up-to-date symlink: /home/a/ws_moveit2/install/moveit_core/include/moveit/controller_manager/controller_manager.h
[6.607s] -- Up-to-date symlink: /home/a/ws_moveit2/install/moveit_core/include/moveit/distance_field/distance_field.h
[6.613s] -- Up-to-date symlink: /home/a/ws_moveit2/install/moveit_core/include/moveit/distance_field/find_internal_points.h
[6.615s] -- Up-to-date symlink: /home/a/ws_moveit2/install/moveit_core/include/moveit/distance_field/propagation_distance_field.h
[6.619s] -- Up-to-date symlink: /home/a/ws_moveit2/install/moveit_core/include/moveit/distance_field/voxel_grid.h
[6.623s] -- Up-to-date symlink: /home/a/ws_moveit2/install/moveit_core/include/moveit/dynamics_solver/dynamics_solver.h
[6.626s] -- Up-to-date symlink: /home/a/ws_moveit2/install/moveit_core/include/moveit/exceptions/exceptions.h
[6.629s] -- Up-to-date symlink: /home/a/ws_moveit2/install/moveit_core/include/moveit/kinematics_base/kinematics_base.h
[6.631s] -- Up-to-date symlink: /home/a/ws_moveit2/install/moveit_core/include/moveit_kinematics_base_export.h
[6.635s] -- Up-to-date symlink: /home/a/ws_moveit2/install/moveit_core/include/moveit/kinematic_constraints/kinematic_constraint.h
[6.637s] -- Up-to-date symlink: /home/a/ws_moveit2/install/moveit_core/include/moveit/kinematic_constraints/utils.h
[6.640s] -- Up-to-date symlink: /home/a/ws_moveit2/install/moveit_core/include/moveit/kinematics_metrics/kinematics_metrics.h
[6.646s] -- Up-to-date symlink: /home/a/ws_moveit2/install/moveit_core/include/moveit/macros/class_forward.h
[6.648s] -- Up-to-date symlink: /home/a/ws_moveit2/install/moveit_core/include/moveit/macros/console_colors.h
[6.651s] -- Up-to-date symlink: /home/a/ws_moveit2/install/moveit_core/include/moveit/macros/declare_ptr.h
[6.656s] -- Up-to-date symlink: /home/a/ws_moveit2/install/moveit_core/include/moveit/macros/deprecation.h
[6.659s] -- Up-to-date symlink: /home/a/ws_moveit2/install/moveit_core/include/moveit_core/moveit_butterworth_parameters.hpp
[6.662s] -- Up-to-date symlink: /home/a/ws_moveit2/install/moveit_core/include/moveit/online_signal_smoothing/butterworth_filter.h
[6.662s] -- Up-to-date symlink: /home/a/ws_moveit2/install/moveit_core/include/moveit/online_signal_smoothing/smoothing_base_class.h
[6.664s] -- Up-to-date symlink: /home/a/ws_moveit2/install/moveit_core/include/moveit_smoothing_base_export.h
[6.666s] -- Up-to-date symlink: /home/a/ws_moveit2/install/moveit_core/include/moveit_butterworth_filter_export.h
[6.671s] -- Up-to-date symlink: /home/a/ws_moveit2/install/moveit_core/include/moveit/planning_interface/planning_interface.h
[6.672s] -- Up-to-date symlink: /home/a/ws_moveit2/install/moveit_core/include/moveit/planning_interface/planning_request.h
[6.673s] -- Up-to-date symlink: /home/a/ws_moveit2/install/moveit_core/include/moveit/planning_interface/planning_response.h
[6.677s] -- Up-to-date symlink: /home/a/ws_moveit2/install/moveit_core/include/moveit/planning_request_adapter/planning_request_adapter.h
[6.682s] -- Up-to-date symlink: /home/a/ws_moveit2/install/moveit_core/include/moveit/planning_scene/planning_scene.h
[6.685s] -- Up-to-date symlink: /home/a/ws_moveit2/install/moveit_core/include/moveit_planning_scene_export.h
[6.689s] -- Up-to-date symlink: /home/a/ws_moveit2/install/moveit_core/include/moveit/robot_model/aabb.h
[6.690s] -- Up-to-date symlink: /home/a/ws_moveit2/install/moveit_core/include/moveit/robot_model/fixed_joint_model.h
[6.692s] -- Up-to-date symlink: /home/a/ws_moveit2/install/moveit_core/include/moveit/robot_model/floating_joint_model.h
[6.693s] -- Up-to-date symlink: /home/a/ws_moveit2/install/moveit_core/include/moveit/robot_model/joint_model.h
[6.695s] -- Up-to-date symlink: /home/a/ws_moveit2/install/moveit_core/include/moveit/robot_model/joint_model_group.h
[6.696s] -- Up-to-date symlink: /home/a/ws_moveit2/install/moveit_core/include/moveit/robot_model/link_model.h
[6.698s] -- Up-to-date symlink: /home/a/ws_moveit2/install/moveit_core/include/moveit/robot_model/planar_joint_model.h
[6.700s] -- Up-to-date symlink: /home/a/ws_moveit2/install/moveit_core/include/moveit/robot_model/prismatic_joint_model.h
[6.701s] -- Up-to-date symlink: /home/a/ws_moveit2/install/moveit_core/include/moveit/robot_model/revolute_joint_model.h
[6.702s] -- Up-to-date symlink: /home/a/ws_moveit2/install/moveit_core/include/moveit/robot_model/robot_model.h
[6.706s] -- Up-to-date symlink: /home/a/ws_moveit2/install/moveit_core/include/moveit/robot_state/attached_body.h
[6.708s] -- Up-to-date symlink: /home/a/ws_moveit2/install/moveit_core/include/moveit/robot_state/cartesian_interpolator.h
[6.710s] -- Up-to-date symlink: /home/a/ws_moveit2/install/moveit_core/include/moveit/robot_state/conversions.h
[6.712s] -- Up-to-date symlink: /home/a/ws_moveit2/install/moveit_core/include/moveit/robot_state/robot_state.h
[6.716s] -- Up-to-date symlink: /home/a/ws_moveit2/install/moveit_core/include/moveit/robot_trajectory/robot_trajectory.h
[6.725s] -- Up-to-date symlink: /home/a/ws_moveit2/install/moveit_core/include/moveit/sensor_manager/sensor_manager.h
[6.728s] -- Up-to-date symlink: /home/a/ws_moveit2/install/moveit_core/include/moveit/trajectory_processing/iterative_spline_parameterization.h
[6.730s] -- Up-to-date symlink: /home/a/ws_moveit2/install/moveit_core/include/moveit/trajectory_processing/iterative_time_parameterization.h
[6.732s] -- Up-to-date symlink: /home/a/ws_moveit2/install/moveit_core/include/moveit/trajectory_processing/ruckig_traj_smoothing.h
[6.733s] -- Up-to-date symlink: /home/a/ws_moveit2/install/moveit_core/include/moveit/trajectory_processing/time_optimal_trajectory_generation.h
[6.736s] -- Up-to-date symlink: /home/a/ws_moveit2/install/moveit_core/include/moveit/trajectory_processing/time_parameterization.h
[6.736s] -- Up-to-date symlink: /home/a/ws_moveit2/install/moveit_core/include/moveit/trajectory_processing/trajectory_tools.h
[6.740s] -- Up-to-date symlink: /home/a/ws_moveit2/install/moveit_core/include/moveit/transforms/transforms.h
[6.744s] -- Up-to-date symlink: /home/a/ws_moveit2/install/moveit_core/include/moveit/utils/lexical_casts.h
[6.745s] -- Up-to-date symlink: /home/a/ws_moveit2/install/moveit_core/include/moveit/utils/message_checks.h
[6.747s] -- Up-to-date symlink: /home/a/ws_moveit2/install/moveit_core/include/moveit/utils/moveit_error_code.h
[6.749s] -- Up-to-date symlink: /home/a/ws_moveit2/install/moveit_core/include/moveit/utils/rclcpp_utils.h
[6.750s] -- Up-to-date symlink: /home/a/ws_moveit2/install/moveit_core/include/moveit/utils/robot_model_test_utils.h
[6.758s] -- Up-to-date symlink: /home/a/ws_moveit2/install/moveit_core/bin/moveit_version
[6.763s] -- Up-to-date symlink: /home/a/ws_moveit2/install/moveit_core/include/moveit/collision_detection/allvalid/collision_detector_allocator_allvalid.h
[6.765s] -- Up-to-date symlink: /home/a/ws_moveit2/install/moveit_core/include/moveit/collision_detection/allvalid/collision_env_allvalid.h
[6.765s] -- Up-to-date symlink: /home/a/ws_moveit2/install/moveit_core/include/moveit/collision_detection/collision_common.h
[6.768s] -- Up-to-date symlink: /home/a/ws_moveit2/install/moveit_core/include/moveit/collision_detection/collision_detector_allocator.h
[6.771s] -- Up-to-date symlink: /home/a/ws_moveit2/install/moveit_core/include/moveit/collision_detection/collision_env.h
[6.772s] -- Up-to-date symlink: /home/a/ws_moveit2/install/moveit_core/include/moveit/collision_detection/collision_matrix.h
[6.774s] -- Up-to-date symlink: /home/a/ws_moveit2/install/moveit_core/include/moveit/collision_detection/collision_octomap_filter.h
[6.774s] -- Up-to-date symlink: /home/a/ws_moveit2/install/moveit_core/include/moveit/collision_detection/collision_plugin.h
[6.776s] -- Up-to-date symlink: /home/a/ws_moveit2/install/moveit_core/include/moveit/collision_detection/collision_plugin_cache.h
[6.778s] -- Up-to-date symlink: /home/a/ws_moveit2/install/moveit_core/include/moveit/collision_detection/collision_tools.h
[6.780s] -- Up-to-date symlink: /home/a/ws_moveit2/install/moveit_core/include/moveit/collision_detection/occupancy_map.h
[6.782s] -- Up-to-date symlink: /home/a/ws_moveit2/install/moveit_core/include/moveit/collision_detection/test_collision_common_panda.h
[6.784s] -- Up-to-date symlink: /home/a/ws_moveit2/install/moveit_core/include/moveit/collision_detection/test_collision_common_pr2.h
[6.790s] -- Up-to-date symlink: /home/a/ws_moveit2/install/moveit_core/include/moveit/collision_detection/world.h
[6.792s] -- Up-to-date symlink: /home/a/ws_moveit2/install/moveit_core/include/moveit/collision_detection/world_diff.h
[6.793s] -- Up-to-date symlink: /home/a/ws_moveit2/install/moveit_core/include/moveit_collision_detection_export.h
[6.799s] -- Up-to-date symlink: /home/a/ws_moveit2/install/moveit_core/include/moveit/collision_detection_bullet/bullet_integration/basic_types.h
[6.799s] -- Up-to-date symlink: /home/a/ws_moveit2/install/moveit_core/include/moveit/collision_detection_bullet/bullet_integration/bullet_bvh_manager.h
[6.802s] -- Up-to-date symlink: /home/a/ws_moveit2/install/moveit_core/include/moveit/collision_detection_bullet/bullet_integration/bullet_cast_bvh_manager.h
[6.803s] -- Up-to-date symlink: /home/a/ws_moveit2/install/moveit_core/include/moveit/collision_detection_bullet/bullet_integration/bullet_discrete_bvh_manager.h
[6.806s] -- Up-to-date symlink: /home/a/ws_moveit2/install/moveit_core/include/moveit/collision_detection_bullet/bullet_integration/bullet_utils.h
[6.810s] -- Up-to-date symlink: /home/a/ws_moveit2/install/moveit_core/include/moveit/collision_detection_bullet/bullet_integration/contact_checker_common.h
[6.814s] -- Up-to-date symlink: /home/a/ws_moveit2/install/moveit_core/include/moveit/collision_detection_bullet/bullet_integration/ros_bullet_utils.h
[6.816s] -- Up-to-date symlink: /home/a/ws_moveit2/install/moveit_core/include/moveit/collision_detection_bullet/collision_detector_allocator_bullet.h
[6.818s] -- Up-to-date symlink: /home/a/ws_moveit2/install/moveit_core/include/moveit/collision_detection_bullet/collision_detector_bullet_plugin_loader.h
[6.819s] -- Up-to-date symlink: /home/a/ws_moveit2/install/moveit_core/include/moveit/collision_detection_bullet/collision_env_bullet.h
[6.820s] -- Up-to-date symlink: /home/a/ws_moveit2/install/moveit_core/include/moveit_collision_detection_bullet_export.h
[6.824s] -- Up-to-date symlink: /home/a/ws_moveit2/install/moveit_core/include/moveit/collision_detection_fcl/collision_common.h
[6.825s] -- Up-to-date symlink: /home/a/ws_moveit2/install/moveit_core/include/moveit/collision_detection_fcl/collision_detector_allocator_fcl.h
[6.827s] -- Up-to-date symlink: /home/a/ws_moveit2/install/moveit_core/include/moveit/collision_detection_fcl/collision_detector_fcl_plugin_loader.h
[6.829s] -- Up-to-date symlink: /home/a/ws_moveit2/install/moveit_core/include/moveit/collision_detection_fcl/collision_env_fcl.h
[6.831s] -- Up-to-date symlink: /home/a/ws_moveit2/install/moveit_core/include/moveit/collision_detection_fcl/fcl_compat.h
[6.832s] -- Up-to-date symlink: /home/a/ws_moveit2/install/moveit_core/include/moveit_collision_detection_fcl_export.h
[6.833s] -- Up-to-date symlink: /home/a/ws_moveit2/install/moveit_core/share/moveit_core/environment/library_path.sh
[6.834s] -- Up-to-date symlink: /home/a/ws_moveit2/install/moveit_core/share/moveit_core/environment/library_path.dsv
[6.836s] -- Up-to-date symlink: /home/a/ws_moveit2/install/moveit_core/share/moveit_core//collision_detector_fcl_description.xml
[6.838s] -- Up-to-date symlink: /home/a/ws_moveit2/install/moveit_core/share/moveit_core//collision_detector_bullet_description.xml
[6.839s] -- Up-to-date symlink: /home/a/ws_moveit2/install/moveit_core/share/moveit_core//filter_plugin_butterworth.xml
[6.840s] -- Up-to-date symlink: /home/a/ws_moveit2/install/moveit_core/share/ament_index/resource_index/package_run_dependencies/moveit_core
[6.843s] -- Up-to-date symlink: /home/a/ws_moveit2/install/moveit_core/share/ament_index/resource_index/parent_prefix_path/moveit_core
[6.845s] -- Up-to-date symlink: /home/a/ws_moveit2/install/moveit_core/share/moveit_core/environment/ament_prefix_path.sh
[6.845s] -- Up-to-date symlink: /home/a/ws_moveit2/install/moveit_core/share/moveit_core/environment/ament_prefix_path.dsv
[6.848s] -- Up-to-date symlink: /home/a/ws_moveit2/install/moveit_core/share/moveit_core/environment/path.sh
[6.849s] -- Up-to-date symlink: /home/a/ws_moveit2/install/moveit_core/share/moveit_core/environment/path.dsv
[6.850s] -- Up-to-date symlink: /home/a/ws_moveit2/install/moveit_core/share/moveit_core/local_setup.bash
[6.850s] -- Up-to-date symlink: /home/a/ws_moveit2/install/moveit_core/share/moveit_core/local_setup.sh
[6.853s] -- Up-to-date symlink: /home/a/ws_moveit2/install/moveit_core/share/moveit_core/local_setup.zsh
[6.854s] -- Up-to-date symlink: /home/a/ws_moveit2/install/moveit_core/share/moveit_core/local_setup.dsv
[6.854s] -- Symlinking: /home/a/ws_moveit2/install/moveit_core/share/moveit_core/package.dsv
[6.869s] -- Up-to-date symlink: /home/a/ws_moveit2/install/moveit_core/share/ament_index/resource_index/packages/moveit_core
[6.873s] -- Up-to-date symlink: /home/a/ws_moveit2/install/moveit_core/share/ament_index/resource_index/moveit_core__pluginlib__plugin/moveit_core
[6.874s] -- Up-to-date symlink: /home/a/ws_moveit2/install/moveit_core/share/moveit_core/cmake/ConfigExtras.cmake
[6.876s] -- Up-to-date symlink: /home/a/ws_moveit2/install/moveit_core/share/moveit_core/cmake/ament_cmake_export_targets-extras.cmake
[6.878s] -- Up-to-date symlink: /home/a/ws_moveit2/install/moveit_core/share/moveit_core/cmake/ament_cmake_export_dependencies-extras.cmake
[6.883s] -- Up-to-date symlink: /home/a/ws_moveit2/install/moveit_core/share/moveit_core/cmake/moveit_coreConfig.cmake
[6.886s] -- Up-to-date symlink: /home/a/ws_moveit2/install/moveit_core/share/moveit_core/cmake/moveit_coreConfig-version.cmake
[6.887s] -- Up-to-date symlink: /home/a/ws_moveit2/install/moveit_core/share/moveit_core/package.xml
[6.938s] -- Up-to-date: /home/a/ws_moveit2/install/moveit_core/lib/libcollision_detector_bullet_plugin.so.2.5.9
[6.939s] -- Up-to-date: /home/a/ws_moveit2/install/moveit_core/lib/libcollision_detector_bullet_plugin.so
[6.945s] -- Up-to-date: /home/a/ws_moveit2/install/moveit_core/lib/libmoveit_butterworth_filter.so.2.5.9
[6.946s] -- Up-to-date: /home/a/ws_moveit2/install/moveit_core/lib/libmoveit_butterworth_filter.so
[6.951s] -- Up-to-date: /home/a/ws_moveit2/install/moveit_core/lib/libmoveit_collision_distance_field.so.2.5.9
[6.953s] -- Up-to-date: /home/a/ws_moveit2/install/moveit_core/lib/libmoveit_collision_distance_field.so
[6.958s] -- Up-to-date: /home/a/ws_moveit2/install/moveit_core/lib/libmoveit_collision_detection.so.2.5.9
[6.959s] -- Up-to-date: /home/a/ws_moveit2/install/moveit_core/lib/libmoveit_collision_detection.so
[6.965s] -- Up-to-date: /home/a/ws_moveit2/install/moveit_core/lib/libmoveit_collision_detection_fcl.so.2.5.9
[6.967s] -- Up-to-date: /home/a/ws_moveit2/install/moveit_core/lib/libmoveit_collision_detection_fcl.so
[6.972s] -- Up-to-date: /home/a/ws_moveit2/install/moveit_core/lib/libmoveit_collision_detection_bullet.so.2.5.9
[6.973s] -- Up-to-date: /home/a/ws_moveit2/install/moveit_core/lib/libmoveit_collision_detection_bullet.so
[6.979s] -- Up-to-date: /home/a/ws_moveit2/install/moveit_core/lib/libmoveit_dynamics_solver.so.2.5.9
[6.980s] -- Up-to-date: /home/a/ws_moveit2/install/moveit_core/lib/libmoveit_dynamics_solver.so
[6.990s] -- Up-to-date: /home/a/ws_moveit2/install/moveit_core/lib/libmoveit_constraint_samplers.so.2.5.9
[6.991s] -- Up-to-date: /home/a/ws_moveit2/install/moveit_core/lib/libmoveit_constraint_samplers.so
[6.995s] -- Up-to-date: /home/a/ws_moveit2/install/moveit_core/lib/libmoveit_distance_field.so.2.5.9
[6.996s] -- Up-to-date: /home/a/ws_moveit2/install/moveit_core/lib/libmoveit_distance_field.so
[7.002s] -- Up-to-date: /home/a/ws_moveit2/install/moveit_core/lib/libmoveit_exceptions.so.2.5.9
[7.003s] -- Up-to-date: /home/a/ws_moveit2/install/moveit_core/lib/libmoveit_exceptions.so
[7.007s] -- Up-to-date: /home/a/ws_moveit2/install/moveit_core/lib/libmoveit_kinematics_base.so
[7.017s] -- Up-to-date: /home/a/ws_moveit2/install/moveit_core/lib/libmoveit_kinematic_constraints.so.2.5.9
[7.018s] -- Up-to-date: /home/a/ws_moveit2/install/moveit_core/lib/libmoveit_kinematic_constraints.so
[7.024s] -- Up-to-date: /home/a/ws_moveit2/install/moveit_core/lib/libmoveit_kinematics_metrics.so.2.5.9
[7.024s] -- Up-to-date: /home/a/ws_moveit2/install/moveit_core/lib/libmoveit_kinematics_metrics.so
[7.029s] -- Up-to-date: /home/a/ws_moveit2/install/moveit_core/lib/libmoveit_planning_interface.so.2.5.9
[7.030s] -- Up-to-date: /home/a/ws_moveit2/install/moveit_core/lib/libmoveit_planning_interface.so
[7.036s] -- Up-to-date: /home/a/ws_moveit2/install/moveit_core/lib/libmoveit_planning_scene.so.2.5.9
[7.037s] -- Up-to-date: /home/a/ws_moveit2/install/moveit_core/lib/libmoveit_planning_scene.so
[7.043s] -- Up-to-date: /home/a/ws_moveit2/install/moveit_core/lib/libmoveit_planning_request_adapter.so.2.5.9
[7.043s] -- Up-to-date: /home/a/ws_moveit2/install/moveit_core/lib/libmoveit_planning_request_adapter.so
[7.049s] -- Up-to-date: /home/a/ws_moveit2/install/moveit_core/lib/libmoveit_robot_model.so.2.5.9
[7.050s] -- Up-to-date: /home/a/ws_moveit2/install/moveit_core/lib/libmoveit_robot_model.so
[7.056s] -- Up-to-date: /home/a/ws_moveit2/install/moveit_core/lib/libmoveit_robot_state.so.2.5.9
[7.058s] -- Up-to-date: /home/a/ws_moveit2/install/moveit_core/lib/libmoveit_robot_state.so
[7.063s] -- Up-to-date: /home/a/ws_moveit2/install/moveit_core/lib/libmoveit_robot_trajectory.so.2.5.9
[7.064s] -- Up-to-date: /home/a/ws_moveit2/install/moveit_core/lib/libmoveit_robot_trajectory.so
[7.068s] -- Up-to-date: /home/a/ws_moveit2/install/moveit_core/lib/libmoveit_smoothing_base.so.2.5.9
[7.069s] -- Up-to-date: /home/a/ws_moveit2/install/moveit_core/lib/libmoveit_smoothing_base.so
[7.077s] -- Up-to-date: /home/a/ws_moveit2/install/moveit_core/lib/libmoveit_test_utils.so.2.5.9
[7.078s] -- Up-to-date: /home/a/ws_moveit2/install/moveit_core/lib/libmoveit_test_utils.so
[7.084s] -- Up-to-date: /home/a/ws_moveit2/install/moveit_core/lib/libmoveit_trajectory_processing.so.2.5.9
[7.085s] -- Up-to-date: /home/a/ws_moveit2/install/moveit_core/lib/libmoveit_trajectory_processing.so
[7.093s] -- Up-to-date: /home/a/ws_moveit2/install/moveit_core/lib/libmoveit_transforms.so.2.5.9
[7.095s] -- Up-to-date: /home/a/ws_moveit2/install/moveit_core/lib/libmoveit_transforms.so
[7.098s] -- Up-to-date: /home/a/ws_moveit2/install/moveit_core/lib/libmoveit_utils.so.2.5.9
[7.099s] -- Up-to-date: /home/a/ws_moveit2/install/moveit_core/lib/libmoveit_utils.so
[7.110s] -- Up-to-date: /home/a/ws_moveit2/install/moveit_core/share/moveit_core/cmake/export_moveit_coreExport.cmake
[7.111s] -- Up-to-date: /home/a/ws_moveit2/install/moveit_core/share/moveit_core/cmake/export_moveit_coreExport-release.cmake
[7.118s] Invoked command in '/home/a/ws_moveit2/build/moveit_core' returned '0': CMAKE_PREFIX_PATH=/home/a/ws_moveit2/install/moveit_resources_panda_moveit_config:/home/a/ws_moveit2/install/srdfdom:/home/a/ws_moveit2/install/moveit_resources_pr2_description:/home/a/ws_moveit2/install/moveit_resources_panda_description:/home/a/ws_moveit2/install/moveit_common:/home/a/ws_moveit2/install/pilz_industrial_motion_planner_testutils:/home/a/ws_moveit2/install/my_robot_config:/home/a/ws_moveit2/install/moveit_runtime:/home/a/ws_moveit2/install/moveit2_tutorials:/home/a/ws_moveit2/install/moveit:/home/a/ws_moveit2/install/moveit_planners:/home/a/ws_moveit2/install/pilz_industrial_motion_planner:/home/a/ws_moveit2/install/hello_moveit:/home/a/ws_moveit2/install/moveit_visual_tools:/home/a/ws_moveit2/install/moveit_task_constructor_visualization:/home/a/ws_moveit2/install/moveit_task_constructor_demo:/home/a/ws_moveit2/install/moveit_task_constructor_capabilities:/home/a/ws_moveit2/install/moveit_task_constructor_core:/home/a/ws_moveit2/install/moveit_ros_control_interface:/home/a/ws_moveit2/install/moveit_plugins:/home/a/ws_moveit2/install/moveit_simple_controller_manager:/home/a/ws_moveit2/install/moveit_setup_assistant:/home/a/ws_moveit2/install/moveit_setup_srdf_plugins:/home/a/ws_moveit2/install/moveit_setup_core_plugins:/home/a/ws_moveit2/install/moveit_setup_controllers:/home/a/ws_moveit2/install/moveit_setup_app_plugins:/home/a/ws_moveit2/install/moveit_setup_framework:/home/a/ws_moveit2/install/moveit_servo:/home/a/ws_moveit2/install/moveit_ros:/home/a/ws_moveit2/install/moveit_ros_visualization:/home/a/ws_moveit2/install/moveit_hybrid_planning:/home/a/ws_moveit2/install/moveit_ros_planning_interface:/home/a/ws_moveit2/install/moveit_ros_benchmarks:/home/a/ws_moveit2/install/moveit_ros_warehouse:/home/a/ws_moveit2/install/moveit_ros_robot_interaction:/home/a/ws_moveit2/install/moveit_ros_perception:/home/a/ws_moveit2/install/moveit_resources_prbt_pg70_support:/home/a/ws_moveit2/install/moveit_resources_prbt_moveit_config:/home/a/ws_moveit2/install/moveit_ros_move_group:/home/a/ws_moveit2/install/moveit_planners_ompl:/home/a/ws_moveit2/install/moveit_ros_planning:/home/a/ws_moveit2/install/moveit_ros_occupancy_map_monitor:/home/a/ws_moveit2/install/moveit_resources_prbt_ikfast_manipulator_plugin:/home/a/ws_moveit2/install/moveit_planners_chomp:/home/a/ws_moveit2/install/moveit_kinematics:/home/a/ws_moveit2/install/moveit_chomp_optimizer_adapter:/home/a/ws_moveit2/install/chomp_motion_planner:/home/a/ws_moveit2/install/moveit_core:/home/a/ws_moveit2/install/rviz_marker_tools:/home/a/ws_moveit2/install/rosparam_shortcuts:/home/a/ws_moveit2/install/moveit_task_constructor_msgs:/home/a/ws_moveit2/install/moveit_resources_prbt_support:/home/a/ws_moveit2/install/moveit_resources:/home/a/ws_moveit2/install/moveit_resources_fanuc_moveit_config:/home/a/ws_moveit2/install/moveit_resources_fanuc_description:/home/a/ws_moveit2/install/moveit_configs_utils:/home/a/ws_moveit2/install/launch_param_builder:/opt/ros/humble LD_LIBRARY_PATH=/home/a/ws_moveit2/install/srdfdom/lib:/home/a/ws_moveit2/install/pilz_industrial_motion_planner_testutils/lib:/home/a/ws_moveit2/install/pilz_industrial_motion_planner/lib:/home/a/ws_moveit2/install/moveit_visual_tools/lib:/home/a/ws_moveit2/install/moveit_task_constructor_visualization/lib:/home/a/ws_moveit2/install/moveit_task_constructor_demo/lib:/home/a/ws_moveit2/install/moveit_task_constructor_capabilities/lib:/home/a/ws_moveit2/install/moveit_task_constructor_core/lib:/home/a/ws_moveit2/install/moveit_ros_control_interface/lib:/home/a/ws_moveit2/install/moveit_simple_controller_manager/lib:/home/a/ws_moveit2/install/moveit_setup_assistant/lib:/home/a/ws_moveit2/install/moveit_setup_srdf_plugins/lib:/home/a/ws_moveit2/install/moveit_setup_core_plugins/lib:/home/a/ws_moveit2/install/moveit_setup_controllers/lib:/home/a/ws_moveit2/install/moveit_setup_app_plugins/lib:/home/a/ws_moveit2/install/moveit_setup_framework/lib:/home/a/ws_moveit2/install/moveit_servo/lib:/home/a/ws_moveit2/install/moveit_ros_visualization/lib:/home/a/ws_moveit2/install/moveit_hybrid_planning/lib:/home/a/ws_moveit2/install/moveit_ros_planning_interface/lib:/home/a/ws_moveit2/install/moveit_ros_benchmarks/lib:/home/a/ws_moveit2/install/moveit_ros_warehouse/lib:/home/a/ws_moveit2/install/moveit_ros_robot_interaction/lib:/home/a/ws_moveit2/install/moveit_ros_perception/lib:/home/a/ws_moveit2/install/moveit_ros_move_group/lib:/home/a/ws_moveit2/install/moveit_planners_ompl/lib:/home/a/ws_moveit2/install/moveit_ros_planning/lib:/home/a/ws_moveit2/install/moveit_ros_occupancy_map_monitor/lib:/home/a/ws_moveit2/install/moveit_resources_prbt_ikfast_manipulator_plugin/lib:/home/a/ws_moveit2/install/moveit_planners_chomp/lib:/home/a/ws_moveit2/install/moveit_kinematics/lib:/home/a/ws_moveit2/install/moveit_chomp_optimizer_adapter/lib:/home/a/ws_moveit2/install/chomp_motion_planner/lib:/home/a/ws_moveit2/install/moveit_core/lib:/home/a/ws_moveit2/install/rviz_marker_tools/lib:/home/a/ws_moveit2/install/rosparam_shortcuts/lib:/home/a/ws_moveit2/install/moveit_task_constructor_msgs/lib:/opt/ros/humble/opt/rviz_ogre_vendor/lib:/opt/ros/humble/lib/x86_64-linux-gnu:/opt/ros/humble/lib /opt/st/stm32cubeclt_1.17.0/CMake/bin/cmake --install /home/a/ws_moveit2/build/moveit_core
