[0.009s] Invoking command in '/home/a/ws_moveit2/build/blue_seiretu_description': CMAKE_PREFIX_PATH=/opt/ros/humble /usr/bin/cmake --build /home/a/ws_moveit2/build/blue_seiretu_description -- -j22 -l22
[0.040s] Invoked command in '/home/a/ws_moveit2/build/blue_seiretu_description' returned '0': CMAKE_PREFIX_PATH=/opt/ros/humble /usr/bin/cmake --build /home/a/ws_moveit2/build/blue_seiretu_description -- -j22 -l22
[0.048s] Invoking command in '/home/a/ws_moveit2/build/blue_seiretu_description': CMAKE_PREFIX_PATH=/opt/ros/humble /usr/bin/cmake --install /home/a/ws_moveit2/build/blue_seiretu_description
[0.054s] -- Install configuration: ""
[0.054s] -- Up-to-date: /home/a/ws_moveit2/install/blue_seiretu_description/share/blue_seiretu_description/meshes
[0.054s] -- Up-to-date: /home/a/ws_moveit2/install/blue_seiretu_description/share/blue_seiretu_description/meshes/blue_seiretu_1.stl
[0.054s] -- Up-to-date: /home/a/ws_moveit2/install/blue_seiretu_description/share/blue_seiretu_description/meshes/base_link.stl
[0.054s] -- Up-to-date: /home/a/ws_moveit2/install/blue_seiretu_description/share/blue_seiretu_description/urdf
[0.054s] -- Up-to-date: /home/a/ws_moveit2/install/blue_seiretu_description/share/blue_seiretu_description/urdf/materials.urdf
[0.054s] -- Up-to-date: /home/a/ws_moveit2/install/blue_seiretu_description/share/blue_seiretu_description/urdf/blue_seiretu.urdf
[0.054s] -- Up-to-date: /home/a/ws_moveit2/install/blue_seiretu_description/share/blue_seiretu_description/urdf/blue_seiretu.trans
[0.054s] -- Up-to-date: /home/a/ws_moveit2/install/blue_seiretu_description/share/blue_seiretu_description/launch
[0.054s] -- Up-to-date: /home/a/ws_moveit2/install/blue_seiretu_description/share/blue_seiretu_description/launch/robot_description.launch.py
[0.054s] -- Up-to-date: /home/a/ws_moveit2/install/blue_seiretu_description/share/ament_index/resource_index/package_run_dependencies/blue_seiretu_description
[0.054s] -- Up-to-date: /home/a/ws_moveit2/install/blue_seiretu_description/share/ament_index/resource_index/parent_prefix_path/blue_seiretu_description
[0.054s] -- Up-to-date: /home/a/ws_moveit2/install/blue_seiretu_description/share/blue_seiretu_description/environment/ament_prefix_path.sh
[0.054s] -- Up-to-date: /home/a/ws_moveit2/install/blue_seiretu_description/share/blue_seiretu_description/environment/ament_prefix_path.dsv
[0.054s] -- Up-to-date: /home/a/ws_moveit2/install/blue_seiretu_description/share/blue_seiretu_description/environment/path.sh
[0.054s] -- Up-to-date: /home/a/ws_moveit2/install/blue_seiretu_description/share/blue_seiretu_description/environment/path.dsv
[0.054s] -- Up-to-date: /home/a/ws_moveit2/install/blue_seiretu_description/share/blue_seiretu_description/local_setup.bash
[0.054s] -- Up-to-date: /home/a/ws_moveit2/install/blue_seiretu_description/share/blue_seiretu_description/local_setup.sh
[0.054s] -- Up-to-date: /home/a/ws_moveit2/install/blue_seiretu_description/share/blue_seiretu_description/local_setup.zsh
[0.054s] -- Up-to-date: /home/a/ws_moveit2/install/blue_seiretu_description/share/blue_seiretu_description/local_setup.dsv
[0.054s] -- Installing: /home/a/ws_moveit2/install/blue_seiretu_description/share/blue_seiretu_description/package.dsv
[0.054s] -- Up-to-date: /home/a/ws_moveit2/install/blue_seiretu_description/share/ament_index/resource_index/packages/blue_seiretu_description
[0.054s] -- Up-to-date: /home/a/ws_moveit2/install/blue_seiretu_description/share/blue_seiretu_description/cmake/blue_seiretu_descriptionConfig.cmake
[0.055s] -- Up-to-date: /home/a/ws_moveit2/install/blue_seiretu_description/share/blue_seiretu_description/cmake/blue_seiretu_descriptionConfig-version.cmake
[0.055s] -- Up-to-date: /home/a/ws_moveit2/install/blue_seiretu_description/share/blue_seiretu_description/package.xml
[0.055s] Invoked command in '/home/a/ws_moveit2/build/blue_seiretu_description' returned '0': CMAKE_PREFIX_PATH=/opt/ros/humble /usr/bin/cmake --install /home/a/ws_moveit2/build/blue_seiretu_description
