[0.198s] Invoking command in '/home/a/ws_moveit2/build/trac_ik_lib': CMAKE_PREFIX_PATH=/opt/ros/humble /usr/bin/cmake --build /home/a/ws_moveit2/build/trac_ik_lib -- -j22 -l22
[0.759s] [100%] Built target trac_ik
[0.788s] Invoked command in '/home/a/ws_moveit2/build/trac_ik_lib' returned '0': CMAKE_PREFIX_PATH=/opt/ros/humble /usr/bin/cmake --build /home/a/ws_moveit2/build/trac_ik_lib -- -j22 -l22
[0.789s] Invoking command in '/home/a/ws_moveit2/build/trac_ik_lib': CMAKE_PREFIX_PATH=/opt/ros/humble /usr/bin/cmake --install /home/a/ws_moveit2/build/trac_ik_lib
[0.847s] -- Install configuration: ""
[0.847s] -- Up-to-date: /home/a/ws_moveit2/install/trac_ik_lib/include
[0.847s] -- Up-to-date: /home/a/ws_moveit2/install/trac_ik_lib/include/trac_ik
[0.848s] -- Up-to-date: /home/a/ws_moveit2/install/trac_ik_lib/include/trac_ik/math3d.h
[0.848s] -- Up-to-date: /home/a/ws_moveit2/install/trac_ik_lib/include/trac_ik/dual_quaternion.h
[0.848s] -- Up-to-date: /home/a/ws_moveit2/install/trac_ik_lib/include/trac_ik/kdl_tl.hpp
[0.848s] -- Up-to-date: /home/a/ws_moveit2/install/trac_ik_lib/include/trac_ik/nlopt_ik.hpp
[0.848s] -- Up-to-date: /home/a/ws_moveit2/install/trac_ik_lib/include/trac_ik/trac_ik.hpp
[0.848s] -- Up-to-date: /home/a/ws_moveit2/install/trac_ik_lib/lib/libtrac_ik.so
[0.848s] -- Up-to-date: /home/a/ws_moveit2/install/trac_ik_lib/share/trac_ik_lib/environment/library_path.sh
[0.848s] -- Up-to-date: /home/a/ws_moveit2/install/trac_ik_lib/share/trac_ik_lib/environment/library_path.dsv
[0.848s] -- Up-to-date: /home/a/ws_moveit2/install/trac_ik_lib/share/ament_index/resource_index/package_run_dependencies/trac_ik_lib
[0.848s] -- Up-to-date: /home/a/ws_moveit2/install/trac_ik_lib/share/ament_index/resource_index/parent_prefix_path/trac_ik_lib
[0.848s] -- Up-to-date: /home/a/ws_moveit2/install/trac_ik_lib/share/trac_ik_lib/environment/ament_prefix_path.sh
[0.848s] -- Up-to-date: /home/a/ws_moveit2/install/trac_ik_lib/share/trac_ik_lib/environment/ament_prefix_path.dsv
[0.849s] -- Up-to-date: /home/a/ws_moveit2/install/trac_ik_lib/share/trac_ik_lib/environment/path.sh
[0.849s] -- Up-to-date: /home/a/ws_moveit2/install/trac_ik_lib/share/trac_ik_lib/environment/path.dsv
[0.849s] -- Up-to-date: /home/a/ws_moveit2/install/trac_ik_lib/share/trac_ik_lib/local_setup.bash
[0.849s] -- Up-to-date: /home/a/ws_moveit2/install/trac_ik_lib/share/trac_ik_lib/local_setup.sh
[0.849s] -- Up-to-date: /home/a/ws_moveit2/install/trac_ik_lib/share/trac_ik_lib/local_setup.zsh
[0.849s] -- Up-to-date: /home/a/ws_moveit2/install/trac_ik_lib/share/trac_ik_lib/local_setup.dsv
[0.849s] -- Up-to-date: /home/a/ws_moveit2/install/trac_ik_lib/share/trac_ik_lib/package.dsv
[0.849s] -- Up-to-date: /home/a/ws_moveit2/install/trac_ik_lib/share/ament_index/resource_index/packages/trac_ik_lib
[0.849s] -- Up-to-date: /home/a/ws_moveit2/install/trac_ik_lib/share/trac_ik_lib/cmake/export_trac_ik_libExport.cmake
[0.849s] -- Up-to-date: /home/a/ws_moveit2/install/trac_ik_lib/share/trac_ik_lib/cmake/export_trac_ik_libExport-noconfig.cmake
[0.849s] -- Up-to-date: /home/a/ws_moveit2/install/trac_ik_lib/share/trac_ik_lib/cmake/ament_cmake_export_targets-extras.cmake
[0.849s] -- Up-to-date: /home/a/ws_moveit2/install/trac_ik_lib/share/trac_ik_lib/cmake/ament_cmake_export_dependencies-extras.cmake
[0.849s] -- Up-to-date: /home/a/ws_moveit2/install/trac_ik_lib/share/trac_ik_lib/cmake/trac_ik_libConfig.cmake
[0.849s] -- Up-to-date: /home/a/ws_moveit2/install/trac_ik_lib/share/trac_ik_lib/cmake/trac_ik_libConfig-version.cmake
[0.849s] -- Up-to-date: /home/a/ws_moveit2/install/trac_ik_lib/share/trac_ik_lib/package.xml
[0.961s] Invoked command in '/home/a/ws_moveit2/build/trac_ik_lib' returned '0': CMAKE_PREFIX_PATH=/opt/ros/humble /usr/bin/cmake --install /home/a/ws_moveit2/build/trac_ik_lib
