[0.321s] Invoking command in '/home/a/ws_moveit2/build/dynamixel_controller': CMAKE_PREFIX_PATH=/home/a/ws_moveit2/install/dynamixel_sdk:/home/a/ws_moveit2/install/urdf_0816_description:/home/a/ws_moveit2/install/trac_ik:/home/a/ws_moveit2/install/robot_config:/home/a/ws_moveit2/install/trac_ik_kinematics_plugin:/home/a/ws_moveit2/install/trac_ik_lib:/home/a/ws_moveit2/install/right_arm_ikfast_plugin:/home/a/ws_moveit2/install/pilz_industrial_motion_planner_testutils:/home/a/ws_moveit2/install/moveit_runtime:/home/a/ws_moveit2/install/moveit2_tutorials:/home/a/ws_moveit2/install/moveit:/home/a/ws_moveit2/install/moveit_planners:/home/a/ws_moveit2/install/pilz_industrial_motion_planner:/home/a/ws_moveit2/install/mtc_tutorial:/home/a/ws_moveit2/install/hello_moveit:/home/a/ws_moveit2/install/moveit_visual_tools:/home/a/ws_moveit2/install/moveit_task_constructor_visualization:/home/a/ws_moveit2/install/moveit_task_constructor_demo:/home/a/ws_moveit2/install/moveit_task_constructor_capabilities:/home/a/ws_moveit2/install/moveit_task_constructor_core:/home/a/ws_moveit2/install/moveit_ros_control_interface:/home/a/ws_moveit2/install/moveit_plugins:/home/a/ws_moveit2/install/moveit_simple_controller_manager:/home/a/ws_moveit2/install/moveit_setup_assistant:/home/a/ws_moveit2/install/moveit_setup_srdf_plugins:/home/a/ws_moveit2/install/moveit_setup_core_plugins:/home/a/ws_moveit2/install/moveit_setup_controllers:/home/a/ws_moveit2/install/moveit_setup_app_plugins:/home/a/ws_moveit2/install/moveit_setup_framework:/home/a/ws_moveit2/install/moveit_servo:/home/a/ws_moveit2/install/moveit_ros:/home/a/ws_moveit2/install/moveit_ros_visualization:/home/a/ws_moveit2/install/moveit_hybrid_planning:/home/a/ws_moveit2/install/moveit_ros_planning_interface:/home/a/ws_moveit2/install/moveit_ros_benchmarks:/home/a/ws_moveit2/install/moveit_ros_warehouse:/home/a/ws_moveit2/install/moveit_ros_robot_interaction:/home/a/ws_moveit2/install/moveit_ros_perception:/home/a/ws_moveit2/install/moveit_resources_prbt_pg70_support:/home/a/ws_moveit2/install/moveit_resources_prbt_moveit_config:/home/a/ws_moveit2/install/moveit_ros_move_group:/home/a/ws_moveit2/install/moveit_planners_ompl:/home/a/ws_moveit2/install/left_arm_ikfast_plugin:/home/a/ws_moveit2/install/moveit_ros_planning:/home/a/ws_moveit2/install/moveit_ros_occupancy_map_monitor:/home/a/ws_moveit2/install/moveit_resources_prbt_ikfast_manipulator_plugin:/home/a/ws_moveit2/install/moveit_planners_chomp:/home/a/ws_moveit2/install/moveit_kinematics:/home/a/ws_moveit2/install/moveit_chomp_optimizer_adapter:/home/a/ws_moveit2/install/chomp_motion_planner:/home/a/ws_moveit2/install/moveit_core:/home/a/ws_moveit2/install/srdfdom:/home/a/ws_moveit2/install/rviz_marker_tools:/home/a/ws_moveit2/install/rosparam_shortcuts:/home/a/ws_moveit2/install/realsense2_description:/home/a/ws_moveit2/install/realsense2_camera:/home/a/ws_moveit2/install/realsense2_camera_msgs:/home/a/ws_moveit2/install/object_description:/home/a/ws_moveit2/install/moveit_task_constructor_msgs:/home/a/ws_moveit2/install/moveit_resources_prbt_support:/home/a/ws_moveit2/install/moveit_resources:/home/a/ws_moveit2/install/moveit_resources_pr2_description:/home/a/ws_moveit2/install/moveit_resources_panda_moveit_config:/home/a/ws_moveit2/install/moveit_resources_panda_description:/home/a/ws_moveit2/install/moveit_resources_fanuc_moveit_config:/home/a/ws_moveit2/install/moveit_resources_fanuc_description:/home/a/ws_moveit2/install/moveit_common:/home/a/ws_moveit2/install/field_description_test:/home/a/ws_moveit2/install/field_description:/home/a/ws_moveit2/install/dynamixel_sdk_examples:/home/a/ws_moveit2/install/dynamixel_sdk_custom_interfaces:/home/a/ws_moveit2/install/dynamixel_controller:/home/a/ws_moveit2/install/catch_gazebo_ros2_control:/home/a/ws_moveit2/install/0525_arm_description:/home/a/ws_moveit2/install/moveit_configs_utils:/home/a/ws_moveit2/install/ros_tcp_endpoint:/home/a/ws_moveit2/install/realsense2_ros_mqtt_bridge:/home/a/ws_moveit2/install/launch_param_builder:/home/a/ws_moveit2/install/dynamixel_controller_gui:/home/a/ws_moveit2/install/dynamixel_controller_client:/home/a/ws_moveit2/install/d415_rgb_depth_3d:/opt/ros/humble LD_LIBRARY_PATH=/home/a/ws_moveit2/install/dynamixel_sdk/lib:/home/a/ws_moveit2/install/trac_ik_kinematics_plugin/lib:/home/a/ws_moveit2/install/trac_ik_lib/lib:/home/a/ws_moveit2/install/right_arm_ikfast_plugin/lib:/home/a/ws_moveit2/install/pilz_industrial_motion_planner_testutils/lib:/home/a/ws_moveit2/install/pilz_industrial_motion_planner/lib:/home/a/ws_moveit2/install/moveit_visual_tools/lib:/home/a/ws_moveit2/install/moveit_task_constructor_visualization/lib:/home/a/ws_moveit2/install/moveit_task_constructor_demo/lib:/home/a/ws_moveit2/install/moveit_task_constructor_capabilities/lib:/home/a/ws_moveit2/install/moveit_task_constructor_core/lib:/home/a/ws_moveit2/install/moveit_ros_control_interface/lib:/home/a/ws_moveit2/install/moveit_simple_controller_manager/lib:/home/a/ws_moveit2/install/moveit_setup_assistant/lib:/home/a/ws_moveit2/install/moveit_setup_srdf_plugins/lib:/home/a/ws_moveit2/install/moveit_setup_core_plugins/lib:/home/a/ws_moveit2/install/moveit_setup_controllers/lib:/home/a/ws_moveit2/install/moveit_setup_app_plugins/lib:/home/a/ws_moveit2/install/moveit_setup_framework/lib:/home/a/ws_moveit2/install/moveit_servo/lib:/home/a/ws_moveit2/install/moveit_ros_visualization/lib:/home/a/ws_moveit2/install/moveit_hybrid_planning/lib:/home/a/ws_moveit2/install/moveit_ros_planning_interface/lib:/home/a/ws_moveit2/install/moveit_ros_benchmarks/lib:/home/a/ws_moveit2/install/moveit_ros_warehouse/lib:/home/a/ws_moveit2/install/moveit_ros_robot_interaction/lib:/home/a/ws_moveit2/install/moveit_ros_perception/lib:/home/a/ws_moveit2/install/moveit_ros_move_group/lib:/home/a/ws_moveit2/install/moveit_planners_ompl/lib:/home/a/ws_moveit2/install/left_arm_ikfast_plugin/lib:/home/a/ws_moveit2/install/moveit_ros_planning/lib:/home/a/ws_moveit2/install/moveit_ros_occupancy_map_monitor/lib:/home/a/ws_moveit2/install/moveit_resources_prbt_ikfast_manipulator_plugin/lib:/home/a/ws_moveit2/install/moveit_planners_chomp/lib:/home/a/ws_moveit2/install/moveit_kinematics/lib:/home/a/ws_moveit2/install/moveit_chomp_optimizer_adapter/lib:/home/a/ws_moveit2/install/chomp_motion_planner/lib:/home/a/ws_moveit2/install/moveit_core/lib:/home/a/ws_moveit2/install/srdfdom/lib:/home/a/ws_moveit2/install/rviz_marker_tools/lib:/home/a/ws_moveit2/install/rosparam_shortcuts/lib:/home/a/ws_moveit2/install/realsense2_camera/lib:/home/a/ws_moveit2/install/realsense2_camera_msgs/lib:/home/a/ws_moveit2/install/moveit_task_constructor_msgs/lib:/home/a/ws_moveit2/install/dynamixel_sdk_custom_interfaces/lib:/home/a/ws_moveit2/install/dynamixel_controller/lib:/usr/lib/x86_64-linux-gnu/gazebo-11/plugins:/opt/ros/humble/opt/rviz_ogre_vendor/lib:/opt/ros/humble/lib/x86_64-linux-gnu:/opt/ros/humble/lib /usr/bin/cmake --build /home/a/ws_moveit2/build/dynamixel_controller -- -j22 -l22
[0.466s] [  2%] Built target dynamixel_controller__cpp
[0.473s] [ 12%] Built target dynamixel_controller__rosidl_generator_c
[0.513s] [ 12%] Built target ament_cmake_python_copy_dynamixel_controller
[0.562s] [ 22%] Built target dynamixel_controller__rosidl_typesupport_fastrtps_cpp
[0.573s] [ 32%] Built target dynamixel_controller__rosidl_typesupport_fastrtps_c
[0.592s] [ 42%] Built target dynamixel_controller__rosidl_typesupport_cpp
[0.593s] [ 53%] Built target dynamixel_controller__rosidl_typesupport_introspection_cpp
[0.603s] [ 63%] Built target dynamixel_controller__rosidl_typesupport_c
[0.622s] [ 73%] Built target dynamixel_controller__rosidl_typesupport_introspection_c
[0.716s] [ 73%] Built target dynamixel_controller
[0.718s] [ 77%] Built target dynamixel_controller_node
[0.809s] [ 79%] Built target dynamixel_controller__py
[0.994s] [ 87%] Built target dynamixel_controller__rosidl_generator_py
[1.073s] [ 91%] Built target dynamixel_controller__rosidl_typesupport_fastrtps_c__pyext
[1.074s] [ 95%] Built target dynamixel_controller__rosidl_typesupport_introspection_c__pyext
[1.104s] [100%] Built target dynamixel_controller__rosidl_typesupport_c__pyext
[1.574s] running egg_info
[1.580s] writing dynamixel_controller.egg-info/PKG-INFO
[1.580s] writing dependency_links to dynamixel_controller.egg-info/dependency_links.txt
[1.580s] writing top-level names to dynamixel_controller.egg-info/top_level.txt
[1.587s] reading manifest file 'dynamixel_controller.egg-info/SOURCES.txt'
[1.593s] writing manifest file 'dynamixel_controller.egg-info/SOURCES.txt'
[1.695s] [100%] Built target ament_cmake_python_build_dynamixel_controller_egg
[1.831s] Invoked command in '/home/a/ws_moveit2/build/dynamixel_controller' returned '0': CMAKE_PREFIX_PATH=/home/a/ws_moveit2/install/dynamixel_sdk:/home/a/ws_moveit2/install/urdf_0816_description:/home/a/ws_moveit2/install/trac_ik:/home/a/ws_moveit2/install/robot_config:/home/a/ws_moveit2/install/trac_ik_kinematics_plugin:/home/a/ws_moveit2/install/trac_ik_lib:/home/a/ws_moveit2/install/right_arm_ikfast_plugin:/home/a/ws_moveit2/install/pilz_industrial_motion_planner_testutils:/home/a/ws_moveit2/install/moveit_runtime:/home/a/ws_moveit2/install/moveit2_tutorials:/home/a/ws_moveit2/install/moveit:/home/a/ws_moveit2/install/moveit_planners:/home/a/ws_moveit2/install/pilz_industrial_motion_planner:/home/a/ws_moveit2/install/mtc_tutorial:/home/a/ws_moveit2/install/hello_moveit:/home/a/ws_moveit2/install/moveit_visual_tools:/home/a/ws_moveit2/install/moveit_task_constructor_visualization:/home/a/ws_moveit2/install/moveit_task_constructor_demo:/home/a/ws_moveit2/install/moveit_task_constructor_capabilities:/home/a/ws_moveit2/install/moveit_task_constructor_core:/home/a/ws_moveit2/install/moveit_ros_control_interface:/home/a/ws_moveit2/install/moveit_plugins:/home/a/ws_moveit2/install/moveit_simple_controller_manager:/home/a/ws_moveit2/install/moveit_setup_assistant:/home/a/ws_moveit2/install/moveit_setup_srdf_plugins:/home/a/ws_moveit2/install/moveit_setup_core_plugins:/home/a/ws_moveit2/install/moveit_setup_controllers:/home/a/ws_moveit2/install/moveit_setup_app_plugins:/home/a/ws_moveit2/install/moveit_setup_framework:/home/a/ws_moveit2/install/moveit_servo:/home/a/ws_moveit2/install/moveit_ros:/home/a/ws_moveit2/install/moveit_ros_visualization:/home/a/ws_moveit2/install/moveit_hybrid_planning:/home/a/ws_moveit2/install/moveit_ros_planning_interface:/home/a/ws_moveit2/install/moveit_ros_benchmarks:/home/a/ws_moveit2/install/moveit_ros_warehouse:/home/a/ws_moveit2/install/moveit_ros_robot_interaction:/home/a/ws_moveit2/install/moveit_ros_perception:/home/a/ws_moveit2/install/moveit_resources_prbt_pg70_support:/home/a/ws_moveit2/install/moveit_resources_prbt_moveit_config:/home/a/ws_moveit2/install/moveit_ros_move_group:/home/a/ws_moveit2/install/moveit_planners_ompl:/home/a/ws_moveit2/install/left_arm_ikfast_plugin:/home/a/ws_moveit2/install/moveit_ros_planning:/home/a/ws_moveit2/install/moveit_ros_occupancy_map_monitor:/home/a/ws_moveit2/install/moveit_resources_prbt_ikfast_manipulator_plugin:/home/a/ws_moveit2/install/moveit_planners_chomp:/home/a/ws_moveit2/install/moveit_kinematics:/home/a/ws_moveit2/install/moveit_chomp_optimizer_adapter:/home/a/ws_moveit2/install/chomp_motion_planner:/home/a/ws_moveit2/install/moveit_core:/home/a/ws_moveit2/install/srdfdom:/home/a/ws_moveit2/install/rviz_marker_tools:/home/a/ws_moveit2/install/rosparam_shortcuts:/home/a/ws_moveit2/install/realsense2_description:/home/a/ws_moveit2/install/realsense2_camera:/home/a/ws_moveit2/install/realsense2_camera_msgs:/home/a/ws_moveit2/install/object_description:/home/a/ws_moveit2/install/moveit_task_constructor_msgs:/home/a/ws_moveit2/install/moveit_resources_prbt_support:/home/a/ws_moveit2/install/moveit_resources:/home/a/ws_moveit2/install/moveit_resources_pr2_description:/home/a/ws_moveit2/install/moveit_resources_panda_moveit_config:/home/a/ws_moveit2/install/moveit_resources_panda_description:/home/a/ws_moveit2/install/moveit_resources_fanuc_moveit_config:/home/a/ws_moveit2/install/moveit_resources_fanuc_description:/home/a/ws_moveit2/install/moveit_common:/home/a/ws_moveit2/install/field_description_test:/home/a/ws_moveit2/install/field_description:/home/a/ws_moveit2/install/dynamixel_sdk_examples:/home/a/ws_moveit2/install/dynamixel_sdk_custom_interfaces:/home/a/ws_moveit2/install/dynamixel_controller:/home/a/ws_moveit2/install/catch_gazebo_ros2_control:/home/a/ws_moveit2/install/0525_arm_description:/home/a/ws_moveit2/install/moveit_configs_utils:/home/a/ws_moveit2/install/ros_tcp_endpoint:/home/a/ws_moveit2/install/realsense2_ros_mqtt_bridge:/home/a/ws_moveit2/install/launch_param_builder:/home/a/ws_moveit2/install/dynamixel_controller_gui:/home/a/ws_moveit2/install/dynamixel_controller_client:/home/a/ws_moveit2/install/d415_rgb_depth_3d:/opt/ros/humble LD_LIBRARY_PATH=/home/a/ws_moveit2/install/dynamixel_sdk/lib:/home/a/ws_moveit2/install/trac_ik_kinematics_plugin/lib:/home/a/ws_moveit2/install/trac_ik_lib/lib:/home/a/ws_moveit2/install/right_arm_ikfast_plugin/lib:/home/a/ws_moveit2/install/pilz_industrial_motion_planner_testutils/lib:/home/a/ws_moveit2/install/pilz_industrial_motion_planner/lib:/home/a/ws_moveit2/install/moveit_visual_tools/lib:/home/a/ws_moveit2/install/moveit_task_constructor_visualization/lib:/home/a/ws_moveit2/install/moveit_task_constructor_demo/lib:/home/a/ws_moveit2/install/moveit_task_constructor_capabilities/lib:/home/a/ws_moveit2/install/moveit_task_constructor_core/lib:/home/a/ws_moveit2/install/moveit_ros_control_interface/lib:/home/a/ws_moveit2/install/moveit_simple_controller_manager/lib:/home/a/ws_moveit2/install/moveit_setup_assistant/lib:/home/a/ws_moveit2/install/moveit_setup_srdf_plugins/lib:/home/a/ws_moveit2/install/moveit_setup_core_plugins/lib:/home/a/ws_moveit2/install/moveit_setup_controllers/lib:/home/a/ws_moveit2/install/moveit_setup_app_plugins/lib:/home/a/ws_moveit2/install/moveit_setup_framework/lib:/home/a/ws_moveit2/install/moveit_servo/lib:/home/a/ws_moveit2/install/moveit_ros_visualization/lib:/home/a/ws_moveit2/install/moveit_hybrid_planning/lib:/home/a/ws_moveit2/install/moveit_ros_planning_interface/lib:/home/a/ws_moveit2/install/moveit_ros_benchmarks/lib:/home/a/ws_moveit2/install/moveit_ros_warehouse/lib:/home/a/ws_moveit2/install/moveit_ros_robot_interaction/lib:/home/a/ws_moveit2/install/moveit_ros_perception/lib:/home/a/ws_moveit2/install/moveit_ros_move_group/lib:/home/a/ws_moveit2/install/moveit_planners_ompl/lib:/home/a/ws_moveit2/install/left_arm_ikfast_plugin/lib:/home/a/ws_moveit2/install/moveit_ros_planning/lib:/home/a/ws_moveit2/install/moveit_ros_occupancy_map_monitor/lib:/home/a/ws_moveit2/install/moveit_resources_prbt_ikfast_manipulator_plugin/lib:/home/a/ws_moveit2/install/moveit_planners_chomp/lib:/home/a/ws_moveit2/install/moveit_kinematics/lib:/home/a/ws_moveit2/install/moveit_chomp_optimizer_adapter/lib:/home/a/ws_moveit2/install/chomp_motion_planner/lib:/home/a/ws_moveit2/install/moveit_core/lib:/home/a/ws_moveit2/install/srdfdom/lib:/home/a/ws_moveit2/install/rviz_marker_tools/lib:/home/a/ws_moveit2/install/rosparam_shortcuts/lib:/home/a/ws_moveit2/install/realsense2_camera/lib:/home/a/ws_moveit2/install/realsense2_camera_msgs/lib:/home/a/ws_moveit2/install/moveit_task_constructor_msgs/lib:/home/a/ws_moveit2/install/dynamixel_sdk_custom_interfaces/lib:/home/a/ws_moveit2/install/dynamixel_controller/lib:/usr/lib/x86_64-linux-gnu/gazebo-11/plugins:/opt/ros/humble/opt/rviz_ogre_vendor/lib:/opt/ros/humble/lib/x86_64-linux-gnu:/opt/ros/humble/lib /usr/bin/cmake --build /home/a/ws_moveit2/build/dynamixel_controller -- -j22 -l22
[1.840s] Invoking command in '/home/a/ws_moveit2/build/dynamixel_controller': CMAKE_PREFIX_PATH=/home/a/ws_moveit2/install/dynamixel_sdk:/home/a/ws_moveit2/install/urdf_0816_description:/home/a/ws_moveit2/install/trac_ik:/home/a/ws_moveit2/install/robot_config:/home/a/ws_moveit2/install/trac_ik_kinematics_plugin:/home/a/ws_moveit2/install/trac_ik_lib:/home/a/ws_moveit2/install/right_arm_ikfast_plugin:/home/a/ws_moveit2/install/pilz_industrial_motion_planner_testutils:/home/a/ws_moveit2/install/moveit_runtime:/home/a/ws_moveit2/install/moveit2_tutorials:/home/a/ws_moveit2/install/moveit:/home/a/ws_moveit2/install/moveit_planners:/home/a/ws_moveit2/install/pilz_industrial_motion_planner:/home/a/ws_moveit2/install/mtc_tutorial:/home/a/ws_moveit2/install/hello_moveit:/home/a/ws_moveit2/install/moveit_visual_tools:/home/a/ws_moveit2/install/moveit_task_constructor_visualization:/home/a/ws_moveit2/install/moveit_task_constructor_demo:/home/a/ws_moveit2/install/moveit_task_constructor_capabilities:/home/a/ws_moveit2/install/moveit_task_constructor_core:/home/a/ws_moveit2/install/moveit_ros_control_interface:/home/a/ws_moveit2/install/moveit_plugins:/home/a/ws_moveit2/install/moveit_simple_controller_manager:/home/a/ws_moveit2/install/moveit_setup_assistant:/home/a/ws_moveit2/install/moveit_setup_srdf_plugins:/home/a/ws_moveit2/install/moveit_setup_core_plugins:/home/a/ws_moveit2/install/moveit_setup_controllers:/home/a/ws_moveit2/install/moveit_setup_app_plugins:/home/a/ws_moveit2/install/moveit_setup_framework:/home/a/ws_moveit2/install/moveit_servo:/home/a/ws_moveit2/install/moveit_ros:/home/a/ws_moveit2/install/moveit_ros_visualization:/home/a/ws_moveit2/install/moveit_hybrid_planning:/home/a/ws_moveit2/install/moveit_ros_planning_interface:/home/a/ws_moveit2/install/moveit_ros_benchmarks:/home/a/ws_moveit2/install/moveit_ros_warehouse:/home/a/ws_moveit2/install/moveit_ros_robot_interaction:/home/a/ws_moveit2/install/moveit_ros_perception:/home/a/ws_moveit2/install/moveit_resources_prbt_pg70_support:/home/a/ws_moveit2/install/moveit_resources_prbt_moveit_config:/home/a/ws_moveit2/install/moveit_ros_move_group:/home/a/ws_moveit2/install/moveit_planners_ompl:/home/a/ws_moveit2/install/left_arm_ikfast_plugin:/home/a/ws_moveit2/install/moveit_ros_planning:/home/a/ws_moveit2/install/moveit_ros_occupancy_map_monitor:/home/a/ws_moveit2/install/moveit_resources_prbt_ikfast_manipulator_plugin:/home/a/ws_moveit2/install/moveit_planners_chomp:/home/a/ws_moveit2/install/moveit_kinematics:/home/a/ws_moveit2/install/moveit_chomp_optimizer_adapter:/home/a/ws_moveit2/install/chomp_motion_planner:/home/a/ws_moveit2/install/moveit_core:/home/a/ws_moveit2/install/srdfdom:/home/a/ws_moveit2/install/rviz_marker_tools:/home/a/ws_moveit2/install/rosparam_shortcuts:/home/a/ws_moveit2/install/realsense2_description:/home/a/ws_moveit2/install/realsense2_camera:/home/a/ws_moveit2/install/realsense2_camera_msgs:/home/a/ws_moveit2/install/object_description:/home/a/ws_moveit2/install/moveit_task_constructor_msgs:/home/a/ws_moveit2/install/moveit_resources_prbt_support:/home/a/ws_moveit2/install/moveit_resources:/home/a/ws_moveit2/install/moveit_resources_pr2_description:/home/a/ws_moveit2/install/moveit_resources_panda_moveit_config:/home/a/ws_moveit2/install/moveit_resources_panda_description:/home/a/ws_moveit2/install/moveit_resources_fanuc_moveit_config:/home/a/ws_moveit2/install/moveit_resources_fanuc_description:/home/a/ws_moveit2/install/moveit_common:/home/a/ws_moveit2/install/field_description_test:/home/a/ws_moveit2/install/field_description:/home/a/ws_moveit2/install/dynamixel_sdk_examples:/home/a/ws_moveit2/install/dynamixel_sdk_custom_interfaces:/home/a/ws_moveit2/install/dynamixel_controller:/home/a/ws_moveit2/install/catch_gazebo_ros2_control:/home/a/ws_moveit2/install/0525_arm_description:/home/a/ws_moveit2/install/moveit_configs_utils:/home/a/ws_moveit2/install/ros_tcp_endpoint:/home/a/ws_moveit2/install/realsense2_ros_mqtt_bridge:/home/a/ws_moveit2/install/launch_param_builder:/home/a/ws_moveit2/install/dynamixel_controller_gui:/home/a/ws_moveit2/install/dynamixel_controller_client:/home/a/ws_moveit2/install/d415_rgb_depth_3d:/opt/ros/humble LD_LIBRARY_PATH=/home/a/ws_moveit2/install/dynamixel_sdk/lib:/home/a/ws_moveit2/install/trac_ik_kinematics_plugin/lib:/home/a/ws_moveit2/install/trac_ik_lib/lib:/home/a/ws_moveit2/install/right_arm_ikfast_plugin/lib:/home/a/ws_moveit2/install/pilz_industrial_motion_planner_testutils/lib:/home/a/ws_moveit2/install/pilz_industrial_motion_planner/lib:/home/a/ws_moveit2/install/moveit_visual_tools/lib:/home/a/ws_moveit2/install/moveit_task_constructor_visualization/lib:/home/a/ws_moveit2/install/moveit_task_constructor_demo/lib:/home/a/ws_moveit2/install/moveit_task_constructor_capabilities/lib:/home/a/ws_moveit2/install/moveit_task_constructor_core/lib:/home/a/ws_moveit2/install/moveit_ros_control_interface/lib:/home/a/ws_moveit2/install/moveit_simple_controller_manager/lib:/home/a/ws_moveit2/install/moveit_setup_assistant/lib:/home/a/ws_moveit2/install/moveit_setup_srdf_plugins/lib:/home/a/ws_moveit2/install/moveit_setup_core_plugins/lib:/home/a/ws_moveit2/install/moveit_setup_controllers/lib:/home/a/ws_moveit2/install/moveit_setup_app_plugins/lib:/home/a/ws_moveit2/install/moveit_setup_framework/lib:/home/a/ws_moveit2/install/moveit_servo/lib:/home/a/ws_moveit2/install/moveit_ros_visualization/lib:/home/a/ws_moveit2/install/moveit_hybrid_planning/lib:/home/a/ws_moveit2/install/moveit_ros_planning_interface/lib:/home/a/ws_moveit2/install/moveit_ros_benchmarks/lib:/home/a/ws_moveit2/install/moveit_ros_warehouse/lib:/home/a/ws_moveit2/install/moveit_ros_robot_interaction/lib:/home/a/ws_moveit2/install/moveit_ros_perception/lib:/home/a/ws_moveit2/install/moveit_ros_move_group/lib:/home/a/ws_moveit2/install/moveit_planners_ompl/lib:/home/a/ws_moveit2/install/left_arm_ikfast_plugin/lib:/home/a/ws_moveit2/install/moveit_ros_planning/lib:/home/a/ws_moveit2/install/moveit_ros_occupancy_map_monitor/lib:/home/a/ws_moveit2/install/moveit_resources_prbt_ikfast_manipulator_plugin/lib:/home/a/ws_moveit2/install/moveit_planners_chomp/lib:/home/a/ws_moveit2/install/moveit_kinematics/lib:/home/a/ws_moveit2/install/moveit_chomp_optimizer_adapter/lib:/home/a/ws_moveit2/install/chomp_motion_planner/lib:/home/a/ws_moveit2/install/moveit_core/lib:/home/a/ws_moveit2/install/srdfdom/lib:/home/a/ws_moveit2/install/rviz_marker_tools/lib:/home/a/ws_moveit2/install/rosparam_shortcuts/lib:/home/a/ws_moveit2/install/realsense2_camera/lib:/home/a/ws_moveit2/install/realsense2_camera_msgs/lib:/home/a/ws_moveit2/install/moveit_task_constructor_msgs/lib:/home/a/ws_moveit2/install/dynamixel_sdk_custom_interfaces/lib:/home/a/ws_moveit2/install/dynamixel_controller/lib:/usr/lib/x86_64-linux-gnu/gazebo-11/plugins:/opt/ros/humble/opt/rviz_ogre_vendor/lib:/opt/ros/humble/lib/x86_64-linux-gnu:/opt/ros/humble/lib /usr/bin/cmake --install /home/a/ws_moveit2/build/dynamixel_controller
[1.883s] -- Install configuration: ""
[1.884s] -- Up-to-date: /home/a/ws_moveit2/install/dynamixel_controller/share/ament_index/resource_index/rosidl_interfaces/dynamixel_controller
[1.884s] -- Up-to-date: /home/a/ws_moveit2/install/dynamixel_controller/include/dynamixel_controller/dynamixel_controller
[1.884s] -- Up-to-date: /home/a/ws_moveit2/install/dynamixel_controller/include/dynamixel_controller/dynamixel_controller/msg
[1.884s] -- Up-to-date: /home/a/ws_moveit2/install/dynamixel_controller/include/dynamixel_controller/dynamixel_controller/msg/rosidl_generator_c__visibility_control.h
[1.885s] -- Up-to-date: /home/a/ws_moveit2/install/dynamixel_controller/include/dynamixel_controller/dynamixel_controller/msg/dynamixel_controller.h
[1.885s] -- Up-to-date: /home/a/ws_moveit2/install/dynamixel_controller/include/dynamixel_controller/dynamixel_controller/msg/dynamixel_response.h
[1.885s] -- Up-to-date: /home/a/ws_moveit2/install/dynamixel_controller/include/dynamixel_controller/dynamixel_controller/msg/detail
[1.885s] -- Up-to-date: /home/a/ws_moveit2/install/dynamixel_controller/include/dynamixel_controller/dynamixel_controller/msg/detail/dynamixel_command__functions.c
[1.886s] -- Up-to-date: /home/a/ws_moveit2/install/dynamixel_controller/include/dynamixel_controller/dynamixel_controller/msg/detail/dynamixel_controller__functions.c
[1.886s] -- Up-to-date: /home/a/ws_moveit2/install/dynamixel_controller/include/dynamixel_controller/dynamixel_controller/msg/detail/dynamixel_controller__functions.h
[1.886s] -- Up-to-date: /home/a/ws_moveit2/install/dynamixel_controller/include/dynamixel_controller/dynamixel_controller/msg/detail/dynamixel_command__type_support.h
[1.886s] -- Up-to-date: /home/a/ws_moveit2/install/dynamixel_controller/include/dynamixel_controller/dynamixel_controller/msg/detail/dynamixel_command__functions.h
[1.887s] -- Up-to-date: /home/a/ws_moveit2/install/dynamixel_controller/include/dynamixel_controller/dynamixel_controller/msg/detail/dynamixel_response__functions.h
[1.888s] -- Up-to-date: /home/a/ws_moveit2/install/dynamixel_controller/include/dynamixel_controller/dynamixel_controller/msg/detail/dynamixel_controller__type_support.h
[1.889s] -- Up-to-date: /home/a/ws_moveit2/install/dynamixel_controller/include/dynamixel_controller/dynamixel_controller/msg/detail/dynamixel_response__struct.h
[1.889s] -- Up-to-date: /home/a/ws_moveit2/install/dynamixel_controller/include/dynamixel_controller/dynamixel_controller/msg/detail/dynamixel_controller__struct.h
[1.889s] -- Up-to-date: /home/a/ws_moveit2/install/dynamixel_controller/include/dynamixel_controller/dynamixel_controller/msg/detail/dynamixel_response__type_support.h
[1.890s] -- Up-to-date: /home/a/ws_moveit2/install/dynamixel_controller/include/dynamixel_controller/dynamixel_controller/msg/detail/dynamixel_response__functions.c
[1.891s] -- Up-to-date: /home/a/ws_moveit2/install/dynamixel_controller/include/dynamixel_controller/dynamixel_controller/msg/detail/dynamixel_command__struct.h
[1.894s] -- Up-to-date: /home/a/ws_moveit2/install/dynamixel_controller/include/dynamixel_controller/dynamixel_controller/msg/dynamixel_command.h
[1.894s] -- Up-to-date: /home/a/ws_moveit2/install/dynamixel_controller/share/dynamixel_controller/environment/library_path.sh
[1.901s] -- Up-to-date: /home/a/ws_moveit2/install/dynamixel_controller/share/dynamixel_controller/environment/library_path.dsv
[1.902s] -- Up-to-date: /home/a/ws_moveit2/install/dynamixel_controller/lib/libdynamixel_controller__rosidl_generator_c.so
[1.904s] -- Up-to-date: /home/a/ws_moveit2/install/dynamixel_controller/include/dynamixel_controller/dynamixel_controller
[1.905s] -- Up-to-date: /home/a/ws_moveit2/install/dynamixel_controller/include/dynamixel_controller/dynamixel_controller/msg
[1.905s] -- Up-to-date: /home/a/ws_moveit2/install/dynamixel_controller/include/dynamixel_controller/dynamixel_controller/msg/rosidl_typesupport_fastrtps_c__visibility_control.h
[1.905s] -- Up-to-date: /home/a/ws_moveit2/install/dynamixel_controller/include/dynamixel_controller/dynamixel_controller/msg/detail
[1.906s] -- Up-to-date: /home/a/ws_moveit2/install/dynamixel_controller/include/dynamixel_controller/dynamixel_controller/msg/detail/dynamixel_controller__rosidl_typesupport_fastrtps_c.h
[1.906s] -- Up-to-date: /home/a/ws_moveit2/install/dynamixel_controller/include/dynamixel_controller/dynamixel_controller/msg/detail/dynamixel_response__rosidl_typesupport_fastrtps_c.h
[1.906s] -- Up-to-date: /home/a/ws_moveit2/install/dynamixel_controller/include/dynamixel_controller/dynamixel_controller/msg/detail/dynamixel_command__rosidl_typesupport_fastrtps_c.h
[1.906s] -- Up-to-date: /home/a/ws_moveit2/install/dynamixel_controller/lib/libdynamixel_controller__rosidl_typesupport_fastrtps_c.so
[1.907s] -- Up-to-date: /home/a/ws_moveit2/install/dynamixel_controller/include/dynamixel_controller/dynamixel_controller
[1.907s] -- Up-to-date: /home/a/ws_moveit2/install/dynamixel_controller/include/dynamixel_controller/dynamixel_controller/msg
[1.907s] -- Up-to-date: /home/a/ws_moveit2/install/dynamixel_controller/include/dynamixel_controller/dynamixel_controller/msg/dynamixel_command.hpp
[1.907s] -- Up-to-date: /home/a/ws_moveit2/install/dynamixel_controller/include/dynamixel_controller/dynamixel_controller/msg/dynamixel_response.hpp
[1.908s] -- Up-to-date: /home/a/ws_moveit2/install/dynamixel_controller/include/dynamixel_controller/dynamixel_controller/msg/rosidl_generator_cpp__visibility_control.hpp
[1.908s] -- Up-to-date: /home/a/ws_moveit2/install/dynamixel_controller/include/dynamixel_controller/dynamixel_controller/msg/dynamixel_controller.hpp
[1.908s] -- Up-to-date: /home/a/ws_moveit2/install/dynamixel_controller/include/dynamixel_controller/dynamixel_controller/msg/detail
[1.908s] -- Up-to-date: /home/a/ws_moveit2/install/dynamixel_controller/include/dynamixel_controller/dynamixel_controller/msg/detail/dynamixel_controller__type_support.hpp
[1.908s] -- Up-to-date: /home/a/ws_moveit2/install/dynamixel_controller/include/dynamixel_controller/dynamixel_controller/msg/detail/dynamixel_response__struct.hpp
[1.909s] -- Up-to-date: /home/a/ws_moveit2/install/dynamixel_controller/include/dynamixel_controller/dynamixel_controller/msg/detail/dynamixel_controller__struct.hpp
[1.909s] -- Up-to-date: /home/a/ws_moveit2/install/dynamixel_controller/include/dynamixel_controller/dynamixel_controller/msg/detail/dynamixel_controller__builder.hpp
[1.909s] -- Up-to-date: /home/a/ws_moveit2/install/dynamixel_controller/include/dynamixel_controller/dynamixel_controller/msg/detail/dynamixel_response__builder.hpp
[1.909s] -- Up-to-date: /home/a/ws_moveit2/install/dynamixel_controller/include/dynamixel_controller/dynamixel_controller/msg/detail/dynamixel_response__traits.hpp
[1.910s] -- Up-to-date: /home/a/ws_moveit2/install/dynamixel_controller/include/dynamixel_controller/dynamixel_controller/msg/detail/dynamixel_command__type_support.hpp
[1.910s] -- Up-to-date: /home/a/ws_moveit2/install/dynamixel_controller/include/dynamixel_controller/dynamixel_controller/msg/detail/dynamixel_command__traits.hpp
[1.910s] -- Up-to-date: /home/a/ws_moveit2/install/dynamixel_controller/include/dynamixel_controller/dynamixel_controller/msg/detail/dynamixel_command__builder.hpp
[1.910s] -- Up-to-date: /home/a/ws_moveit2/install/dynamixel_controller/include/dynamixel_controller/dynamixel_controller/msg/detail/dynamixel_command__struct.hpp
[1.911s] -- Up-to-date: /home/a/ws_moveit2/install/dynamixel_controller/include/dynamixel_controller/dynamixel_controller/msg/detail/dynamixel_response__type_support.hpp
[1.911s] -- Up-to-date: /home/a/ws_moveit2/install/dynamixel_controller/include/dynamixel_controller/dynamixel_controller/msg/detail/dynamixel_controller__traits.hpp
[1.911s] -- Up-to-date: /home/a/ws_moveit2/install/dynamixel_controller/include/dynamixel_controller/dynamixel_controller
[1.911s] -- Up-to-date: /home/a/ws_moveit2/install/dynamixel_controller/include/dynamixel_controller/dynamixel_controller/msg
[1.912s] -- Up-to-date: /home/a/ws_moveit2/install/dynamixel_controller/include/dynamixel_controller/dynamixel_controller/msg/detail
[1.912s] -- Up-to-date: /home/a/ws_moveit2/install/dynamixel_controller/include/dynamixel_controller/dynamixel_controller/msg/detail/dynamixel_command__rosidl_typesupport_fastrtps_cpp.hpp
[1.912s] -- Up-to-date: /home/a/ws_moveit2/install/dynamixel_controller/include/dynamixel_controller/dynamixel_controller/msg/detail/dynamixel_controller__rosidl_typesupport_fastrtps_cpp.hpp
[1.912s] -- Up-to-date: /home/a/ws_moveit2/install/dynamixel_controller/include/dynamixel_controller/dynamixel_controller/msg/detail/dynamixel_response__rosidl_typesupport_fastrtps_cpp.hpp
[1.913s] -- Up-to-date: /home/a/ws_moveit2/install/dynamixel_controller/include/dynamixel_controller/dynamixel_controller/msg/detail/dds_fastrtps
[1.913s] -- Up-to-date: /home/a/ws_moveit2/install/dynamixel_controller/include/dynamixel_controller/dynamixel_controller/msg/rosidl_typesupport_fastrtps_cpp__visibility_control.h
[1.913s] -- Up-to-date: /home/a/ws_moveit2/install/dynamixel_controller/lib/libdynamixel_controller__rosidl_typesupport_fastrtps_cpp.so
[1.913s] -- Up-to-date: /home/a/ws_moveit2/install/dynamixel_controller/include/dynamixel_controller/dynamixel_controller
[1.913s] -- Up-to-date: /home/a/ws_moveit2/install/dynamixel_controller/include/dynamixel_controller/dynamixel_controller/msg
[1.914s] -- Up-to-date: /home/a/ws_moveit2/install/dynamixel_controller/include/dynamixel_controller/dynamixel_controller/msg/rosidl_typesupport_introspection_c__visibility_control.h
[1.914s] -- Up-to-date: /home/a/ws_moveit2/install/dynamixel_controller/include/dynamixel_controller/dynamixel_controller/msg/detail
[1.914s] -- Up-to-date: /home/a/ws_moveit2/install/dynamixel_controller/include/dynamixel_controller/dynamixel_controller/msg/detail/dynamixel_response__type_support.c
[1.914s] -- Up-to-date: /home/a/ws_moveit2/install/dynamixel_controller/include/dynamixel_controller/dynamixel_controller/msg/detail/dynamixel_command__type_support.c
[1.914s] -- Up-to-date: /home/a/ws_moveit2/install/dynamixel_controller/include/dynamixel_controller/dynamixel_controller/msg/detail/dynamixel_controller__type_support.c
[1.914s] -- Up-to-date: /home/a/ws_moveit2/install/dynamixel_controller/include/dynamixel_controller/dynamixel_controller/msg/detail/dynamixel_controller__rosidl_typesupport_introspection_c.h
[1.915s] -- Up-to-date: /home/a/ws_moveit2/install/dynamixel_controller/include/dynamixel_controller/dynamixel_controller/msg/detail/dynamixel_command__rosidl_typesupport_introspection_c.h
[1.915s] -- Up-to-date: /home/a/ws_moveit2/install/dynamixel_controller/include/dynamixel_controller/dynamixel_controller/msg/detail/dynamixel_response__rosidl_typesupport_introspection_c.h
[1.915s] -- Up-to-date: /home/a/ws_moveit2/install/dynamixel_controller/lib/libdynamixel_controller__rosidl_typesupport_introspection_c.so
[1.915s] -- Up-to-date: /home/a/ws_moveit2/install/dynamixel_controller/lib/libdynamixel_controller__rosidl_typesupport_c.so
[1.915s] -- Up-to-date: /home/a/ws_moveit2/install/dynamixel_controller/include/dynamixel_controller/dynamixel_controller
[1.916s] -- Up-to-date: /home/a/ws_moveit2/install/dynamixel_controller/include/dynamixel_controller/dynamixel_controller/msg
[1.916s] -- Up-to-date: /home/a/ws_moveit2/install/dynamixel_controller/include/dynamixel_controller/dynamixel_controller/msg/detail
[1.916s] -- Up-to-date: /home/a/ws_moveit2/install/dynamixel_controller/include/dynamixel_controller/dynamixel_controller/msg/detail/dynamixel_controller__type_support.cpp
[1.916s] -- Up-to-date: /home/a/ws_moveit2/install/dynamixel_controller/include/dynamixel_controller/dynamixel_controller/msg/detail/dynamixel_response__type_support.cpp
[1.916s] -- Up-to-date: /home/a/ws_moveit2/install/dynamixel_controller/include/dynamixel_controller/dynamixel_controller/msg/detail/dynamixel_response__rosidl_typesupport_introspection_cpp.hpp
[1.916s] -- Up-to-date: /home/a/ws_moveit2/install/dynamixel_controller/include/dynamixel_controller/dynamixel_controller/msg/detail/dynamixel_command__type_support.cpp
[1.917s] -- Up-to-date: /home/a/ws_moveit2/install/dynamixel_controller/include/dynamixel_controller/dynamixel_controller/msg/detail/dynamixel_controller__rosidl_typesupport_introspection_cpp.hpp
[1.917s] -- Up-to-date: /home/a/ws_moveit2/install/dynamixel_controller/include/dynamixel_controller/dynamixel_controller/msg/detail/dynamixel_command__rosidl_typesupport_introspection_cpp.hpp
[1.917s] -- Up-to-date: /home/a/ws_moveit2/install/dynamixel_controller/lib/libdynamixel_controller__rosidl_typesupport_introspection_cpp.so
[1.917s] -- Up-to-date: /home/a/ws_moveit2/install/dynamixel_controller/lib/libdynamixel_controller__rosidl_typesupport_cpp.so
[1.917s] -- Up-to-date: /home/a/ws_moveit2/install/dynamixel_controller/share/dynamixel_controller/environment/pythonpath.sh
[1.917s] -- Up-to-date: /home/a/ws_moveit2/install/dynamixel_controller/share/dynamixel_controller/environment/pythonpath.dsv
[1.918s] -- Up-to-date: /home/a/ws_moveit2/install/dynamixel_controller/local/lib/python3.10/dist-packages/dynamixel_controller-0.0.0-py3.10.egg-info
[1.918s] -- Installing: /home/a/ws_moveit2/install/dynamixel_controller/local/lib/python3.10/dist-packages/dynamixel_controller-0.0.0-py3.10.egg-info/top_level.txt
[1.918s] -- Installing: /home/a/ws_moveit2/install/dynamixel_controller/local/lib/python3.10/dist-packages/dynamixel_controller-0.0.0-py3.10.egg-info/SOURCES.txt
[1.918s] -- Installing: /home/a/ws_moveit2/install/dynamixel_controller/local/lib/python3.10/dist-packages/dynamixel_controller-0.0.0-py3.10.egg-info/PKG-INFO
[1.918s] -- Installing: /home/a/ws_moveit2/install/dynamixel_controller/local/lib/python3.10/dist-packages/dynamixel_controller-0.0.0-py3.10.egg-info/dependency_links.txt
[1.919s] -- Up-to-date: /home/a/ws_moveit2/install/dynamixel_controller/local/lib/python3.10/dist-packages/dynamixel_controller
[1.919s] -- Up-to-date: /home/a/ws_moveit2/install/dynamixel_controller/local/lib/python3.10/dist-packages/dynamixel_controller/msg
[1.919s] -- Up-to-date: /home/a/ws_moveit2/install/dynamixel_controller/local/lib/python3.10/dist-packages/dynamixel_controller/msg/_dynamixel_response.py
[1.919s] -- Up-to-date: /home/a/ws_moveit2/install/dynamixel_controller/local/lib/python3.10/dist-packages/dynamixel_controller/msg/_dynamixel_controller_s.c
[1.919s] -- Up-to-date: /home/a/ws_moveit2/install/dynamixel_controller/local/lib/python3.10/dist-packages/dynamixel_controller/msg/_dynamixel_controller.py
[1.920s] -- Up-to-date: /home/a/ws_moveit2/install/dynamixel_controller/local/lib/python3.10/dist-packages/dynamixel_controller/msg/__init__.py
[1.920s] -- Up-to-date: /home/a/ws_moveit2/install/dynamixel_controller/local/lib/python3.10/dist-packages/dynamixel_controller/msg/_dynamixel_response_s.c
[1.920s] -- Up-to-date: /home/a/ws_moveit2/install/dynamixel_controller/local/lib/python3.10/dist-packages/dynamixel_controller/msg/_dynamixel_command.py
[1.920s] -- Up-to-date: /home/a/ws_moveit2/install/dynamixel_controller/local/lib/python3.10/dist-packages/dynamixel_controller/msg/_dynamixel_command_s.c
[1.920s] -- Up-to-date: /home/a/ws_moveit2/install/dynamixel_controller/local/lib/python3.10/dist-packages/dynamixel_controller/_dynamixel_controller_s.ep.rosidl_typesupport_introspection_c.c
[1.921s] -- Up-to-date: /home/a/ws_moveit2/install/dynamixel_controller/local/lib/python3.10/dist-packages/dynamixel_controller/dynamixel_controller_s__rosidl_typesupport_fastrtps_c.cpython-310-x86_64-linux-gnu.so
[1.921s] -- Up-to-date: /home/a/ws_moveit2/install/dynamixel_controller/local/lib/python3.10/dist-packages/dynamixel_controller/__init__.py
[1.921s] -- Up-to-date: /home/a/ws_moveit2/install/dynamixel_controller/local/lib/python3.10/dist-packages/dynamixel_controller/dynamixel_controller_s__rosidl_typesupport_introspection_c.cpython-310-x86_64-linux-gnu.so
[1.921s] -- Up-to-date: /home/a/ws_moveit2/install/dynamixel_controller/local/lib/python3.10/dist-packages/dynamixel_controller/_dynamixel_controller_s.ep.rosidl_typesupport_fastrtps_c.c
[1.921s] -- Up-to-date: /home/a/ws_moveit2/install/dynamixel_controller/local/lib/python3.10/dist-packages/dynamixel_controller/dynamixel_controller_s__rosidl_typesupport_c.cpython-310-x86_64-linux-gnu.so
[1.922s] -- Up-to-date: /home/a/ws_moveit2/install/dynamixel_controller/local/lib/python3.10/dist-packages/dynamixel_controller/_dynamixel_controller_s.ep.rosidl_typesupport_c.c
[1.922s] -- Up-to-date: /home/a/ws_moveit2/install/dynamixel_controller/local/lib/python3.10/dist-packages/dynamixel_controller/libdynamixel_controller__rosidl_generator_py.so
[2.063s] Listing '/home/a/ws_moveit2/install/dynamixel_controller/local/lib/python3.10/dist-packages/dynamixel_controller'...
[2.063s] Listing '/home/a/ws_moveit2/install/dynamixel_controller/local/lib/python3.10/dist-packages/dynamixel_controller/msg'...
[2.081s] -- Up-to-date: /home/a/ws_moveit2/install/dynamixel_controller/local/lib/python3.10/dist-packages/dynamixel_controller/dynamixel_controller_s__rosidl_typesupport_fastrtps_c.cpython-310-x86_64-linux-gnu.so
[2.082s] -- Up-to-date: /home/a/ws_moveit2/install/dynamixel_controller/local/lib/python3.10/dist-packages/dynamixel_controller/dynamixel_controller_s__rosidl_typesupport_introspection_c.cpython-310-x86_64-linux-gnu.so
[2.082s] -- Up-to-date: /home/a/ws_moveit2/install/dynamixel_controller/local/lib/python3.10/dist-packages/dynamixel_controller/dynamixel_controller_s__rosidl_typesupport_c.cpython-310-x86_64-linux-gnu.so
[2.083s] -- Up-to-date: /home/a/ws_moveit2/install/dynamixel_controller/lib/libdynamixel_controller__rosidl_generator_py.so
[2.083s] -- Up-to-date: /home/a/ws_moveit2/install/dynamixel_controller/share/dynamixel_controller/msg/DynamixelController.idl
[2.084s] -- Up-to-date: /home/a/ws_moveit2/install/dynamixel_controller/share/dynamixel_controller/msg/DynamixelCommand.idl
[2.084s] -- Up-to-date: /home/a/ws_moveit2/install/dynamixel_controller/share/dynamixel_controller/msg/DynamixelResponse.idl
[2.084s] -- Up-to-date: /home/a/ws_moveit2/install/dynamixel_controller/share/dynamixel_controller/msg/DynamixelController.msg
[2.085s] -- Up-to-date: /home/a/ws_moveit2/install/dynamixel_controller/share/dynamixel_controller/msg/DynamixelCommand.msg
[2.085s] -- Up-to-date: /home/a/ws_moveit2/install/dynamixel_controller/share/dynamixel_controller/msg/DynamixelResponse.msg
[2.085s] -- Up-to-date: /home/a/ws_moveit2/install/dynamixel_controller/lib/dynamixel_controller/dynamixel_controller_node
[2.085s] -- Up-to-date: /home/a/ws_moveit2/install/dynamixel_controller/share/dynamixel_controller/config
[2.086s] -- Up-to-date: /home/a/ws_moveit2/install/dynamixel_controller/share/dynamixel_controller/config/bus_config.yaml
[2.086s] -- Up-to-date: /home/a/ws_moveit2/install/dynamixel_controller/share/ament_index/resource_index/package_run_dependencies/dynamixel_controller
[2.086s] -- Up-to-date: /home/a/ws_moveit2/install/dynamixel_controller/share/ament_index/resource_index/parent_prefix_path/dynamixel_controller
[2.086s] -- Up-to-date: /home/a/ws_moveit2/install/dynamixel_controller/share/dynamixel_controller/environment/ament_prefix_path.sh
[2.087s] -- Up-to-date: /home/a/ws_moveit2/install/dynamixel_controller/share/dynamixel_controller/environment/ament_prefix_path.dsv
[2.087s] -- Up-to-date: /home/a/ws_moveit2/install/dynamixel_controller/share/dynamixel_controller/environment/path.sh
[2.087s] -- Up-to-date: /home/a/ws_moveit2/install/dynamixel_controller/share/dynamixel_controller/environment/path.dsv
[2.088s] -- Up-to-date: /home/a/ws_moveit2/install/dynamixel_controller/share/dynamixel_controller/local_setup.bash
[2.088s] -- Up-to-date: /home/a/ws_moveit2/install/dynamixel_controller/share/dynamixel_controller/local_setup.sh
[2.088s] -- Up-to-date: /home/a/ws_moveit2/install/dynamixel_controller/share/dynamixel_controller/local_setup.zsh
[2.088s] -- Up-to-date: /home/a/ws_moveit2/install/dynamixel_controller/share/dynamixel_controller/local_setup.dsv
[2.089s] -- Installing: /home/a/ws_moveit2/install/dynamixel_controller/share/dynamixel_controller/package.dsv
[2.089s] -- Up-to-date: /home/a/ws_moveit2/install/dynamixel_controller/share/ament_index/resource_index/packages/dynamixel_controller
[2.089s] -- Up-to-date: /home/a/ws_moveit2/install/dynamixel_controller/share/dynamixel_controller/cmake/export_dynamixel_controller__rosidl_generator_cExport.cmake
[2.089s] -- Up-to-date: /home/a/ws_moveit2/install/dynamixel_controller/share/dynamixel_controller/cmake/export_dynamixel_controller__rosidl_generator_cExport-noconfig.cmake
[2.090s] -- Up-to-date: /home/a/ws_moveit2/install/dynamixel_controller/share/dynamixel_controller/cmake/export_dynamixel_controller__rosidl_typesupport_fastrtps_cExport.cmake
[2.090s] -- Up-to-date: /home/a/ws_moveit2/install/dynamixel_controller/share/dynamixel_controller/cmake/export_dynamixel_controller__rosidl_typesupport_fastrtps_cExport-noconfig.cmake
[2.090s] -- Up-to-date: /home/a/ws_moveit2/install/dynamixel_controller/share/dynamixel_controller/cmake/export_dynamixel_controller__rosidl_generator_cppExport.cmake
[2.090s] -- Up-to-date: /home/a/ws_moveit2/install/dynamixel_controller/share/dynamixel_controller/cmake/export_dynamixel_controller__rosidl_typesupport_fastrtps_cppExport.cmake
[2.090s] -- Up-to-date: /home/a/ws_moveit2/install/dynamixel_controller/share/dynamixel_controller/cmake/export_dynamixel_controller__rosidl_typesupport_fastrtps_cppExport-noconfig.cmake
[2.091s] -- Up-to-date: /home/a/ws_moveit2/install/dynamixel_controller/share/dynamixel_controller/cmake/dynamixel_controller__rosidl_typesupport_introspection_cExport.cmake
[2.091s] -- Up-to-date: /home/a/ws_moveit2/install/dynamixel_controller/share/dynamixel_controller/cmake/dynamixel_controller__rosidl_typesupport_introspection_cExport-noconfig.cmake
[2.091s] -- Up-to-date: /home/a/ws_moveit2/install/dynamixel_controller/share/dynamixel_controller/cmake/dynamixel_controller__rosidl_typesupport_cExport.cmake
[2.091s] -- Up-to-date: /home/a/ws_moveit2/install/dynamixel_controller/share/dynamixel_controller/cmake/dynamixel_controller__rosidl_typesupport_cExport-noconfig.cmake
[2.092s] -- Up-to-date: /home/a/ws_moveit2/install/dynamixel_controller/share/dynamixel_controller/cmake/dynamixel_controller__rosidl_typesupport_introspection_cppExport.cmake
[2.092s] -- Up-to-date: /home/a/ws_moveit2/install/dynamixel_controller/share/dynamixel_controller/cmake/dynamixel_controller__rosidl_typesupport_introspection_cppExport-noconfig.cmake
[2.092s] -- Up-to-date: /home/a/ws_moveit2/install/dynamixel_controller/share/dynamixel_controller/cmake/dynamixel_controller__rosidl_typesupport_cppExport.cmake
[2.092s] -- Up-to-date: /home/a/ws_moveit2/install/dynamixel_controller/share/dynamixel_controller/cmake/dynamixel_controller__rosidl_typesupport_cppExport-noconfig.cmake
[2.093s] -- Up-to-date: /home/a/ws_moveit2/install/dynamixel_controller/share/dynamixel_controller/cmake/export_dynamixel_controller__rosidl_generator_pyExport.cmake
[2.093s] -- Up-to-date: /home/a/ws_moveit2/install/dynamixel_controller/share/dynamixel_controller/cmake/export_dynamixel_controller__rosidl_generator_pyExport-noconfig.cmake
[2.093s] -- Up-to-date: /home/a/ws_moveit2/install/dynamixel_controller/share/dynamixel_controller/cmake/rosidl_cmake-extras.cmake
[2.093s] -- Up-to-date: /home/a/ws_moveit2/install/dynamixel_controller/share/dynamixel_controller/cmake/ament_cmake_export_dependencies-extras.cmake
[2.093s] -- Up-to-date: /home/a/ws_moveit2/install/dynamixel_controller/share/dynamixel_controller/cmake/ament_cmake_export_include_directories-extras.cmake
[2.093s] -- Up-to-date: /home/a/ws_moveit2/install/dynamixel_controller/share/dynamixel_controller/cmake/ament_cmake_export_libraries-extras.cmake
[2.094s] -- Up-to-date: /home/a/ws_moveit2/install/dynamixel_controller/share/dynamixel_controller/cmake/ament_cmake_export_targets-extras.cmake
[2.094s] -- Up-to-date: /home/a/ws_moveit2/install/dynamixel_controller/share/dynamixel_controller/cmake/rosidl_cmake_export_typesupport_targets-extras.cmake
[2.094s] -- Up-to-date: /home/a/ws_moveit2/install/dynamixel_controller/share/dynamixel_controller/cmake/rosidl_cmake_export_typesupport_libraries-extras.cmake
[2.094s] -- Up-to-date: /home/a/ws_moveit2/install/dynamixel_controller/share/dynamixel_controller/cmake/dynamixel_controllerConfig.cmake
[2.094s] -- Up-to-date: /home/a/ws_moveit2/install/dynamixel_controller/share/dynamixel_controller/cmake/dynamixel_controllerConfig-version.cmake
[2.095s] -- Up-to-date: /home/a/ws_moveit2/install/dynamixel_controller/share/dynamixel_controller/package.xml
[2.911s] Invoked command in '/home/a/ws_moveit2/build/dynamixel_controller' returned '0': CMAKE_PREFIX_PATH=/home/a/ws_moveit2/install/dynamixel_sdk:/home/a/ws_moveit2/install/urdf_0816_description:/home/a/ws_moveit2/install/trac_ik:/home/a/ws_moveit2/install/robot_config:/home/a/ws_moveit2/install/trac_ik_kinematics_plugin:/home/a/ws_moveit2/install/trac_ik_lib:/home/a/ws_moveit2/install/right_arm_ikfast_plugin:/home/a/ws_moveit2/install/pilz_industrial_motion_planner_testutils:/home/a/ws_moveit2/install/moveit_runtime:/home/a/ws_moveit2/install/moveit2_tutorials:/home/a/ws_moveit2/install/moveit:/home/a/ws_moveit2/install/moveit_planners:/home/a/ws_moveit2/install/pilz_industrial_motion_planner:/home/a/ws_moveit2/install/mtc_tutorial:/home/a/ws_moveit2/install/hello_moveit:/home/a/ws_moveit2/install/moveit_visual_tools:/home/a/ws_moveit2/install/moveit_task_constructor_visualization:/home/a/ws_moveit2/install/moveit_task_constructor_demo:/home/a/ws_moveit2/install/moveit_task_constructor_capabilities:/home/a/ws_moveit2/install/moveit_task_constructor_core:/home/a/ws_moveit2/install/moveit_ros_control_interface:/home/a/ws_moveit2/install/moveit_plugins:/home/a/ws_moveit2/install/moveit_simple_controller_manager:/home/a/ws_moveit2/install/moveit_setup_assistant:/home/a/ws_moveit2/install/moveit_setup_srdf_plugins:/home/a/ws_moveit2/install/moveit_setup_core_plugins:/home/a/ws_moveit2/install/moveit_setup_controllers:/home/a/ws_moveit2/install/moveit_setup_app_plugins:/home/a/ws_moveit2/install/moveit_setup_framework:/home/a/ws_moveit2/install/moveit_servo:/home/a/ws_moveit2/install/moveit_ros:/home/a/ws_moveit2/install/moveit_ros_visualization:/home/a/ws_moveit2/install/moveit_hybrid_planning:/home/a/ws_moveit2/install/moveit_ros_planning_interface:/home/a/ws_moveit2/install/moveit_ros_benchmarks:/home/a/ws_moveit2/install/moveit_ros_warehouse:/home/a/ws_moveit2/install/moveit_ros_robot_interaction:/home/a/ws_moveit2/install/moveit_ros_perception:/home/a/ws_moveit2/install/moveit_resources_prbt_pg70_support:/home/a/ws_moveit2/install/moveit_resources_prbt_moveit_config:/home/a/ws_moveit2/install/moveit_ros_move_group:/home/a/ws_moveit2/install/moveit_planners_ompl:/home/a/ws_moveit2/install/left_arm_ikfast_plugin:/home/a/ws_moveit2/install/moveit_ros_planning:/home/a/ws_moveit2/install/moveit_ros_occupancy_map_monitor:/home/a/ws_moveit2/install/moveit_resources_prbt_ikfast_manipulator_plugin:/home/a/ws_moveit2/install/moveit_planners_chomp:/home/a/ws_moveit2/install/moveit_kinematics:/home/a/ws_moveit2/install/moveit_chomp_optimizer_adapter:/home/a/ws_moveit2/install/chomp_motion_planner:/home/a/ws_moveit2/install/moveit_core:/home/a/ws_moveit2/install/srdfdom:/home/a/ws_moveit2/install/rviz_marker_tools:/home/a/ws_moveit2/install/rosparam_shortcuts:/home/a/ws_moveit2/install/realsense2_description:/home/a/ws_moveit2/install/realsense2_camera:/home/a/ws_moveit2/install/realsense2_camera_msgs:/home/a/ws_moveit2/install/object_description:/home/a/ws_moveit2/install/moveit_task_constructor_msgs:/home/a/ws_moveit2/install/moveit_resources_prbt_support:/home/a/ws_moveit2/install/moveit_resources:/home/a/ws_moveit2/install/moveit_resources_pr2_description:/home/a/ws_moveit2/install/moveit_resources_panda_moveit_config:/home/a/ws_moveit2/install/moveit_resources_panda_description:/home/a/ws_moveit2/install/moveit_resources_fanuc_moveit_config:/home/a/ws_moveit2/install/moveit_resources_fanuc_description:/home/a/ws_moveit2/install/moveit_common:/home/a/ws_moveit2/install/field_description_test:/home/a/ws_moveit2/install/field_description:/home/a/ws_moveit2/install/dynamixel_sdk_examples:/home/a/ws_moveit2/install/dynamixel_sdk_custom_interfaces:/home/a/ws_moveit2/install/dynamixel_controller:/home/a/ws_moveit2/install/catch_gazebo_ros2_control:/home/a/ws_moveit2/install/0525_arm_description:/home/a/ws_moveit2/install/moveit_configs_utils:/home/a/ws_moveit2/install/ros_tcp_endpoint:/home/a/ws_moveit2/install/realsense2_ros_mqtt_bridge:/home/a/ws_moveit2/install/launch_param_builder:/home/a/ws_moveit2/install/dynamixel_controller_gui:/home/a/ws_moveit2/install/dynamixel_controller_client:/home/a/ws_moveit2/install/d415_rgb_depth_3d:/opt/ros/humble LD_LIBRARY_PATH=/home/a/ws_moveit2/install/dynamixel_sdk/lib:/home/a/ws_moveit2/install/trac_ik_kinematics_plugin/lib:/home/a/ws_moveit2/install/trac_ik_lib/lib:/home/a/ws_moveit2/install/right_arm_ikfast_plugin/lib:/home/a/ws_moveit2/install/pilz_industrial_motion_planner_testutils/lib:/home/a/ws_moveit2/install/pilz_industrial_motion_planner/lib:/home/a/ws_moveit2/install/moveit_visual_tools/lib:/home/a/ws_moveit2/install/moveit_task_constructor_visualization/lib:/home/a/ws_moveit2/install/moveit_task_constructor_demo/lib:/home/a/ws_moveit2/install/moveit_task_constructor_capabilities/lib:/home/a/ws_moveit2/install/moveit_task_constructor_core/lib:/home/a/ws_moveit2/install/moveit_ros_control_interface/lib:/home/a/ws_moveit2/install/moveit_simple_controller_manager/lib:/home/a/ws_moveit2/install/moveit_setup_assistant/lib:/home/a/ws_moveit2/install/moveit_setup_srdf_plugins/lib:/home/a/ws_moveit2/install/moveit_setup_core_plugins/lib:/home/a/ws_moveit2/install/moveit_setup_controllers/lib:/home/a/ws_moveit2/install/moveit_setup_app_plugins/lib:/home/a/ws_moveit2/install/moveit_setup_framework/lib:/home/a/ws_moveit2/install/moveit_servo/lib:/home/a/ws_moveit2/install/moveit_ros_visualization/lib:/home/a/ws_moveit2/install/moveit_hybrid_planning/lib:/home/a/ws_moveit2/install/moveit_ros_planning_interface/lib:/home/a/ws_moveit2/install/moveit_ros_benchmarks/lib:/home/a/ws_moveit2/install/moveit_ros_warehouse/lib:/home/a/ws_moveit2/install/moveit_ros_robot_interaction/lib:/home/a/ws_moveit2/install/moveit_ros_perception/lib:/home/a/ws_moveit2/install/moveit_ros_move_group/lib:/home/a/ws_moveit2/install/moveit_planners_ompl/lib:/home/a/ws_moveit2/install/left_arm_ikfast_plugin/lib:/home/a/ws_moveit2/install/moveit_ros_planning/lib:/home/a/ws_moveit2/install/moveit_ros_occupancy_map_monitor/lib:/home/a/ws_moveit2/install/moveit_resources_prbt_ikfast_manipulator_plugin/lib:/home/a/ws_moveit2/install/moveit_planners_chomp/lib:/home/a/ws_moveit2/install/moveit_kinematics/lib:/home/a/ws_moveit2/install/moveit_chomp_optimizer_adapter/lib:/home/a/ws_moveit2/install/chomp_motion_planner/lib:/home/a/ws_moveit2/install/moveit_core/lib:/home/a/ws_moveit2/install/srdfdom/lib:/home/a/ws_moveit2/install/rviz_marker_tools/lib:/home/a/ws_moveit2/install/rosparam_shortcuts/lib:/home/a/ws_moveit2/install/realsense2_camera/lib:/home/a/ws_moveit2/install/realsense2_camera_msgs/lib:/home/a/ws_moveit2/install/moveit_task_constructor_msgs/lib:/home/a/ws_moveit2/install/dynamixel_sdk_custom_interfaces/lib:/home/a/ws_moveit2/install/dynamixel_controller/lib:/usr/lib/x86_64-linux-gnu/gazebo-11/plugins:/opt/ros/humble/opt/rviz_ogre_vendor/lib:/opt/ros/humble/lib/x86_64-linux-gnu:/opt/ros/humble/lib /usr/bin/cmake --install /home/a/ws_moveit2/build/dynamixel_controller
