[0.271s] Invoking command in '/home/a/ws_moveit2/build/moveit_core': CMAKE_PREFIX_PATH=/home/a/ws_moveit2/install/moveit_resources_panda_moveit_config:/home/a/ws_moveit2/install/srdfdom:/home/a/ws_moveit2/install/moveit_resources_pr2_description:/home/a/ws_moveit2/install/moveit_resources_panda_description:/home/a/ws_moveit2/install/moveit_common:/home/a/ws_moveit2/install/pilz_industrial_motion_planner_testutils:/home/a/ws_moveit2/install/moveit_runtime:/home/a/ws_moveit2/install/moveit:/home/a/ws_moveit2/install/moveit_planners:/home/a/ws_moveit2/install/pilz_industrial_motion_planner:/home/a/ws_moveit2/install/hello_moveit:/home/a/ws_moveit2/install/moveit_visual_tools:/home/a/ws_moveit2/install/moveit_task_constructor_capabilities:/home/a/ws_moveit2/install/moveit_task_constructor_core:/home/a/ws_moveit2/install/moveit_ros_control_interface:/home/a/ws_moveit2/install/moveit_plugins:/home/a/ws_moveit2/install/moveit_simple_controller_manager:/home/a/ws_moveit2/install/moveit_setup_assistant:/home/a/ws_moveit2/install/moveit_setup_srdf_plugins:/home/a/ws_moveit2/install/moveit_setup_core_plugins:/home/a/ws_moveit2/install/moveit_setup_controllers:/home/a/ws_moveit2/install/moveit_setup_app_plugins:/home/a/ws_moveit2/install/moveit_setup_framework:/home/a/ws_moveit2/install/moveit_servo:/home/a/ws_moveit2/install/moveit_ros:/home/a/ws_moveit2/install/moveit_ros_visualization:/home/a/ws_moveit2/install/moveit_hybrid_planning:/home/a/ws_moveit2/install/moveit_ros_planning_interface:/home/a/ws_moveit2/install/moveit_ros_benchmarks:/home/a/ws_moveit2/install/moveit_ros_warehouse:/home/a/ws_moveit2/install/moveit_ros_robot_interaction:/home/a/ws_moveit2/install/moveit_ros_perception:/home/a/ws_moveit2/install/moveit_resources_prbt_pg70_support:/home/a/ws_moveit2/install/moveit_resources_prbt_moveit_config:/home/a/ws_moveit2/install/moveit_ros_move_group:/home/a/ws_moveit2/install/moveit_planners_ompl:/home/a/ws_moveit2/install/moveit_ros_planning:/home/a/ws_moveit2/install/moveit_ros_occupancy_map_monitor:/home/a/ws_moveit2/install/moveit_resources_prbt_ikfast_manipulator_plugin:/home/a/ws_moveit2/install/moveit_planners_chomp:/home/a/ws_moveit2/install/moveit_kinematics:/home/a/ws_moveit2/install/moveit_chomp_optimizer_adapter:/home/a/ws_moveit2/install/chomp_motion_planner:/home/a/ws_moveit2/install/moveit_core:/home/a/ws_moveit2/install/rviz_marker_tools:/home/a/ws_moveit2/install/rosparam_shortcuts:/home/a/ws_moveit2/install/moveit_task_constructor_msgs:/home/a/ws_moveit2/install/moveit_resources_prbt_support:/home/a/ws_moveit2/install/moveit_resources:/home/a/ws_moveit2/install/moveit_resources_fanuc_moveit_config:/home/a/ws_moveit2/install/moveit_resources_fanuc_description:/home/a/ws_moveit2/install/moveit_configs_utils:/home/a/ws_moveit2/install/launch_param_builder:/opt/ros/humble LD_LIBRARY_PATH=/home/a/ws_moveit2/install/srdfdom/lib:/home/a/ws_moveit2/install/pilz_industrial_motion_planner_testutils/lib:/home/a/ws_moveit2/install/pilz_industrial_motion_planner/lib:/home/a/ws_moveit2/install/moveit_visual_tools/lib:/home/a/ws_moveit2/install/moveit_task_constructor_capabilities/lib:/home/a/ws_moveit2/install/moveit_task_constructor_core/lib:/home/a/ws_moveit2/install/moveit_ros_control_interface/lib:/home/a/ws_moveit2/install/moveit_simple_controller_manager/lib:/home/a/ws_moveit2/install/moveit_setup_assistant/lib:/home/a/ws_moveit2/install/moveit_setup_srdf_plugins/lib:/home/a/ws_moveit2/install/moveit_setup_core_plugins/lib:/home/a/ws_moveit2/install/moveit_setup_controllers/lib:/home/a/ws_moveit2/install/moveit_setup_app_plugins/lib:/home/a/ws_moveit2/install/moveit_setup_framework/lib:/home/a/ws_moveit2/install/moveit_servo/lib:/home/a/ws_moveit2/install/moveit_ros_visualization/lib:/home/a/ws_moveit2/install/moveit_hybrid_planning/lib:/home/a/ws_moveit2/install/moveit_ros_planning_interface/lib:/home/a/ws_moveit2/install/moveit_ros_benchmarks/lib:/home/a/ws_moveit2/install/moveit_ros_warehouse/lib:/home/a/ws_moveit2/install/moveit_ros_robot_interaction/lib:/home/a/ws_moveit2/install/moveit_ros_perception/lib:/home/a/ws_moveit2/install/moveit_ros_move_group/lib:/home/a/ws_moveit2/install/moveit_planners_ompl/lib:/home/a/ws_moveit2/install/moveit_ros_planning/lib:/home/a/ws_moveit2/install/moveit_ros_occupancy_map_monitor/lib:/home/a/ws_moveit2/install/moveit_resources_prbt_ikfast_manipulator_plugin/lib:/home/a/ws_moveit2/install/moveit_planners_chomp/lib:/home/a/ws_moveit2/install/moveit_kinematics/lib:/home/a/ws_moveit2/install/moveit_chomp_optimizer_adapter/lib:/home/a/ws_moveit2/install/chomp_motion_planner/lib:/home/a/ws_moveit2/install/moveit_core/lib:/home/a/ws_moveit2/install/rviz_marker_tools/lib:/home/a/ws_moveit2/install/rosparam_shortcuts/lib:/home/a/ws_moveit2/install/moveit_task_constructor_msgs/lib:/opt/ros/humble/opt/rviz_ogre_vendor/lib:/opt/ros/humble/lib/x86_64-linux-gnu:/opt/ros/humble/lib /opt/st/stm32cubeclt_1.17.0/CMake/bin/cmake --build /home/a/ws_moveit2/build/moveit_core -- -j4 -l4
[1.704s] [  1%] Built target moveit_exceptions
[2.065s] [  2%] Built target moveit_kinematics_base
[2.080s] [  3%] Built target moveit_transforms
[2.162s] [  6%] Built target moveit_distance_field
[2.226s] [  9%] Built target moveit_utils
[2.434s] [ 10%] Built target gtest_main
[2.451s] [ 12%] Built target gmock
[2.593s] [ 13%] Built target gtest
[2.665s] [ 14%] Built target gmock_main
[2.692s] [ 16%] Built target moveit_butterworth_parameters
[2.849s] [ 17%] Built target moveit_version
[2.854s] [ 18%] Built target moveit_smoothing_base
[3.119s] [ 19%] Built target test_voxel_grid
[3.192s] [ 20%] Built target test_transforms
[3.246s] [ 26%] Built target moveit_robot_model
[3.358s] [ 27%] Built target test_distance_field
[3.785s] [ 29%] Built target moveit_test_utils
[3.858s] [ 30%] Built target moveit_butterworth_filter
[3.955s] [ 33%] Built target moveit_robot_state
[4.292s] [ 34%] Built target test_robot_model
[4.328s] [ 35%] Built target test_butterworth_filter
[4.529s] [ 36%] Built target moveit_robot_trajectory
[4.596s] [ 37%] Built target moveit_dynamics_solver
[4.691s] [ 38%] Built target moveit_kinematics_metrics
[4.803s] [ 40%] Built target test_robot_state
[4.814s] [ 45%] Built target moveit_collision_detection
[4.911s] [ 46%] Built target test_robot_state_benchmark
[5.097s] [ 47%] Built target test_robot_state_complex
[5.167s] [ 48%] Built target test_aabb
[5.197s] [ 49%] Built target test_cartesian_interpolator
[5.293s] [ 50%] Built target test_robot_trajectory
[5.373s] [ 51%] Built target test_world
[5.425s] [ 53%] Built target test_world_diff
[5.535s] [ 54%] Built target test_all_valid
[5.954s] [ 59%] Built target moveit_collision_detection_bullet
[5.961s] [ 61%] Built target moveit_planning_interface
[5.967s] [ 63%] Built target moveit_collision_detection_fcl
[6.055s] [ 66%] Built target moveit_trajectory_processing
[6.280s] [ 67%] Built target test_bullet_continuous_collision_checking
[6.324s] [ 69%] Built target test_bullet_collision_detection_panda
[6.351s] [ 70%] Built target test_bullet_collision_detection
[6.459s] [ 71%] Built target test_fcl_collision_env
[6.551s] [ 72%] Built target test_fcl_collision_detection
[6.764s] [ 73%] Built target test_time_parameterization
[6.764s] [ 75%] Built target test_fcl_collision_detection_panda
[6.820s] [ 77%] Built target moveit_kinematic_constraints
[6.828s] [ 79%] Built target test_time_optimal_trajectory_generation
[7.069s] [ 80%] Built target test_ruckig_traj_smoothing
[7.081s] [ 81%] Built target test_orientation_constraints
[7.139s] [ 82%] Built target test_constraints
[7.226s] [ 84%] Built target moveit_planning_scene
[7.556s] [ 85%] Built target moveit_planning_request_adapter
[7.606s] [ 86%] Built target test_planning_scene
[7.630s] [ 89%] Built target moveit_collision_distance_field
[7.700s] [ 92%] Built target moveit_constraint_samplers
[7.922s] [ 93%] Built target collision_detector_bullet_plugin
[7.923s] [ 94%] Built target test_collision_objects
[7.948s] [ 95%] Built target test_multi_threaded
[8.078s] [ 96%] Built target collision_detector_fcl_plugin
[8.181s] [ 97%] Built target test_collision_distance_field
[8.253s] [100%] Built target test_constraint_samplers
[8.287s] Invoked command in '/home/a/ws_moveit2/build/moveit_core' returned '0': CMAKE_PREFIX_PATH=/home/a/ws_moveit2/install/moveit_resources_panda_moveit_config:/home/a/ws_moveit2/install/srdfdom:/home/a/ws_moveit2/install/moveit_resources_pr2_description:/home/a/ws_moveit2/install/moveit_resources_panda_description:/home/a/ws_moveit2/install/moveit_common:/home/a/ws_moveit2/install/pilz_industrial_motion_planner_testutils:/home/a/ws_moveit2/install/moveit_runtime:/home/a/ws_moveit2/install/moveit:/home/a/ws_moveit2/install/moveit_planners:/home/a/ws_moveit2/install/pilz_industrial_motion_planner:/home/a/ws_moveit2/install/hello_moveit:/home/a/ws_moveit2/install/moveit_visual_tools:/home/a/ws_moveit2/install/moveit_task_constructor_capabilities:/home/a/ws_moveit2/install/moveit_task_constructor_core:/home/a/ws_moveit2/install/moveit_ros_control_interface:/home/a/ws_moveit2/install/moveit_plugins:/home/a/ws_moveit2/install/moveit_simple_controller_manager:/home/a/ws_moveit2/install/moveit_setup_assistant:/home/a/ws_moveit2/install/moveit_setup_srdf_plugins:/home/a/ws_moveit2/install/moveit_setup_core_plugins:/home/a/ws_moveit2/install/moveit_setup_controllers:/home/a/ws_moveit2/install/moveit_setup_app_plugins:/home/a/ws_moveit2/install/moveit_setup_framework:/home/a/ws_moveit2/install/moveit_servo:/home/a/ws_moveit2/install/moveit_ros:/home/a/ws_moveit2/install/moveit_ros_visualization:/home/a/ws_moveit2/install/moveit_hybrid_planning:/home/a/ws_moveit2/install/moveit_ros_planning_interface:/home/a/ws_moveit2/install/moveit_ros_benchmarks:/home/a/ws_moveit2/install/moveit_ros_warehouse:/home/a/ws_moveit2/install/moveit_ros_robot_interaction:/home/a/ws_moveit2/install/moveit_ros_perception:/home/a/ws_moveit2/install/moveit_resources_prbt_pg70_support:/home/a/ws_moveit2/install/moveit_resources_prbt_moveit_config:/home/a/ws_moveit2/install/moveit_ros_move_group:/home/a/ws_moveit2/install/moveit_planners_ompl:/home/a/ws_moveit2/install/moveit_ros_planning:/home/a/ws_moveit2/install/moveit_ros_occupancy_map_monitor:/home/a/ws_moveit2/install/moveit_resources_prbt_ikfast_manipulator_plugin:/home/a/ws_moveit2/install/moveit_planners_chomp:/home/a/ws_moveit2/install/moveit_kinematics:/home/a/ws_moveit2/install/moveit_chomp_optimizer_adapter:/home/a/ws_moveit2/install/chomp_motion_planner:/home/a/ws_moveit2/install/moveit_core:/home/a/ws_moveit2/install/rviz_marker_tools:/home/a/ws_moveit2/install/rosparam_shortcuts:/home/a/ws_moveit2/install/moveit_task_constructor_msgs:/home/a/ws_moveit2/install/moveit_resources_prbt_support:/home/a/ws_moveit2/install/moveit_resources:/home/a/ws_moveit2/install/moveit_resources_fanuc_moveit_config:/home/a/ws_moveit2/install/moveit_resources_fanuc_description:/home/a/ws_moveit2/install/moveit_configs_utils:/home/a/ws_moveit2/install/launch_param_builder:/opt/ros/humble LD_LIBRARY_PATH=/home/a/ws_moveit2/install/srdfdom/lib:/home/a/ws_moveit2/install/pilz_industrial_motion_planner_testutils/lib:/home/a/ws_moveit2/install/pilz_industrial_motion_planner/lib:/home/a/ws_moveit2/install/moveit_visual_tools/lib:/home/a/ws_moveit2/install/moveit_task_constructor_capabilities/lib:/home/a/ws_moveit2/install/moveit_task_constructor_core/lib:/home/a/ws_moveit2/install/moveit_ros_control_interface/lib:/home/a/ws_moveit2/install/moveit_simple_controller_manager/lib:/home/a/ws_moveit2/install/moveit_setup_assistant/lib:/home/a/ws_moveit2/install/moveit_setup_srdf_plugins/lib:/home/a/ws_moveit2/install/moveit_setup_core_plugins/lib:/home/a/ws_moveit2/install/moveit_setup_controllers/lib:/home/a/ws_moveit2/install/moveit_setup_app_plugins/lib:/home/a/ws_moveit2/install/moveit_setup_framework/lib:/home/a/ws_moveit2/install/moveit_servo/lib:/home/a/ws_moveit2/install/moveit_ros_visualization/lib:/home/a/ws_moveit2/install/moveit_hybrid_planning/lib:/home/a/ws_moveit2/install/moveit_ros_planning_interface/lib:/home/a/ws_moveit2/install/moveit_ros_benchmarks/lib:/home/a/ws_moveit2/install/moveit_ros_warehouse/lib:/home/a/ws_moveit2/install/moveit_ros_robot_interaction/lib:/home/a/ws_moveit2/install/moveit_ros_perception/lib:/home/a/ws_moveit2/install/moveit_ros_move_group/lib:/home/a/ws_moveit2/install/moveit_planners_ompl/lib:/home/a/ws_moveit2/install/moveit_ros_planning/lib:/home/a/ws_moveit2/install/moveit_ros_occupancy_map_monitor/lib:/home/a/ws_moveit2/install/moveit_resources_prbt_ikfast_manipulator_plugin/lib:/home/a/ws_moveit2/install/moveit_planners_chomp/lib:/home/a/ws_moveit2/install/moveit_kinematics/lib:/home/a/ws_moveit2/install/moveit_chomp_optimizer_adapter/lib:/home/a/ws_moveit2/install/chomp_motion_planner/lib:/home/a/ws_moveit2/install/moveit_core/lib:/home/a/ws_moveit2/install/rviz_marker_tools/lib:/home/a/ws_moveit2/install/rosparam_shortcuts/lib:/home/a/ws_moveit2/install/moveit_task_constructor_msgs/lib:/opt/ros/humble/opt/rviz_ogre_vendor/lib:/opt/ros/humble/lib/x86_64-linux-gnu:/opt/ros/humble/lib /opt/st/stm32cubeclt_1.17.0/CMake/bin/cmake --build /home/a/ws_moveit2/build/moveit_core -- -j4 -l4
[8.310s] Invoking command in '/home/a/ws_moveit2/build/moveit_core': CMAKE_PREFIX_PATH=/home/a/ws_moveit2/install/moveit_resources_panda_moveit_config:/home/a/ws_moveit2/install/srdfdom:/home/a/ws_moveit2/install/moveit_resources_pr2_description:/home/a/ws_moveit2/install/moveit_resources_panda_description:/home/a/ws_moveit2/install/moveit_common:/home/a/ws_moveit2/install/pilz_industrial_motion_planner_testutils:/home/a/ws_moveit2/install/moveit_runtime:/home/a/ws_moveit2/install/moveit:/home/a/ws_moveit2/install/moveit_planners:/home/a/ws_moveit2/install/pilz_industrial_motion_planner:/home/a/ws_moveit2/install/hello_moveit:/home/a/ws_moveit2/install/moveit_visual_tools:/home/a/ws_moveit2/install/moveit_task_constructor_capabilities:/home/a/ws_moveit2/install/moveit_task_constructor_core:/home/a/ws_moveit2/install/moveit_ros_control_interface:/home/a/ws_moveit2/install/moveit_plugins:/home/a/ws_moveit2/install/moveit_simple_controller_manager:/home/a/ws_moveit2/install/moveit_setup_assistant:/home/a/ws_moveit2/install/moveit_setup_srdf_plugins:/home/a/ws_moveit2/install/moveit_setup_core_plugins:/home/a/ws_moveit2/install/moveit_setup_controllers:/home/a/ws_moveit2/install/moveit_setup_app_plugins:/home/a/ws_moveit2/install/moveit_setup_framework:/home/a/ws_moveit2/install/moveit_servo:/home/a/ws_moveit2/install/moveit_ros:/home/a/ws_moveit2/install/moveit_ros_visualization:/home/a/ws_moveit2/install/moveit_hybrid_planning:/home/a/ws_moveit2/install/moveit_ros_planning_interface:/home/a/ws_moveit2/install/moveit_ros_benchmarks:/home/a/ws_moveit2/install/moveit_ros_warehouse:/home/a/ws_moveit2/install/moveit_ros_robot_interaction:/home/a/ws_moveit2/install/moveit_ros_perception:/home/a/ws_moveit2/install/moveit_resources_prbt_pg70_support:/home/a/ws_moveit2/install/moveit_resources_prbt_moveit_config:/home/a/ws_moveit2/install/moveit_ros_move_group:/home/a/ws_moveit2/install/moveit_planners_ompl:/home/a/ws_moveit2/install/moveit_ros_planning:/home/a/ws_moveit2/install/moveit_ros_occupancy_map_monitor:/home/a/ws_moveit2/install/moveit_resources_prbt_ikfast_manipulator_plugin:/home/a/ws_moveit2/install/moveit_planners_chomp:/home/a/ws_moveit2/install/moveit_kinematics:/home/a/ws_moveit2/install/moveit_chomp_optimizer_adapter:/home/a/ws_moveit2/install/chomp_motion_planner:/home/a/ws_moveit2/install/moveit_core:/home/a/ws_moveit2/install/rviz_marker_tools:/home/a/ws_moveit2/install/rosparam_shortcuts:/home/a/ws_moveit2/install/moveit_task_constructor_msgs:/home/a/ws_moveit2/install/moveit_resources_prbt_support:/home/a/ws_moveit2/install/moveit_resources:/home/a/ws_moveit2/install/moveit_resources_fanuc_moveit_config:/home/a/ws_moveit2/install/moveit_resources_fanuc_description:/home/a/ws_moveit2/install/moveit_configs_utils:/home/a/ws_moveit2/install/launch_param_builder:/opt/ros/humble LD_LIBRARY_PATH=/home/a/ws_moveit2/install/srdfdom/lib:/home/a/ws_moveit2/install/pilz_industrial_motion_planner_testutils/lib:/home/a/ws_moveit2/install/pilz_industrial_motion_planner/lib:/home/a/ws_moveit2/install/moveit_visual_tools/lib:/home/a/ws_moveit2/install/moveit_task_constructor_capabilities/lib:/home/a/ws_moveit2/install/moveit_task_constructor_core/lib:/home/a/ws_moveit2/install/moveit_ros_control_interface/lib:/home/a/ws_moveit2/install/moveit_simple_controller_manager/lib:/home/a/ws_moveit2/install/moveit_setup_assistant/lib:/home/a/ws_moveit2/install/moveit_setup_srdf_plugins/lib:/home/a/ws_moveit2/install/moveit_setup_core_plugins/lib:/home/a/ws_moveit2/install/moveit_setup_controllers/lib:/home/a/ws_moveit2/install/moveit_setup_app_plugins/lib:/home/a/ws_moveit2/install/moveit_setup_framework/lib:/home/a/ws_moveit2/install/moveit_servo/lib:/home/a/ws_moveit2/install/moveit_ros_visualization/lib:/home/a/ws_moveit2/install/moveit_hybrid_planning/lib:/home/a/ws_moveit2/install/moveit_ros_planning_interface/lib:/home/a/ws_moveit2/install/moveit_ros_benchmarks/lib:/home/a/ws_moveit2/install/moveit_ros_warehouse/lib:/home/a/ws_moveit2/install/moveit_ros_robot_interaction/lib:/home/a/ws_moveit2/install/moveit_ros_perception/lib:/home/a/ws_moveit2/install/moveit_ros_move_group/lib:/home/a/ws_moveit2/install/moveit_planners_ompl/lib:/home/a/ws_moveit2/install/moveit_ros_planning/lib:/home/a/ws_moveit2/install/moveit_ros_occupancy_map_monitor/lib:/home/a/ws_moveit2/install/moveit_resources_prbt_ikfast_manipulator_plugin/lib:/home/a/ws_moveit2/install/moveit_planners_chomp/lib:/home/a/ws_moveit2/install/moveit_kinematics/lib:/home/a/ws_moveit2/install/moveit_chomp_optimizer_adapter/lib:/home/a/ws_moveit2/install/chomp_motion_planner/lib:/home/a/ws_moveit2/install/moveit_core/lib:/home/a/ws_moveit2/install/rviz_marker_tools/lib:/home/a/ws_moveit2/install/rosparam_shortcuts/lib:/home/a/ws_moveit2/install/moveit_task_constructor_msgs/lib:/opt/ros/humble/opt/rviz_ogre_vendor/lib:/opt/ros/humble/lib/x86_64-linux-gnu:/opt/ros/humble/lib /opt/st/stm32cubeclt_1.17.0/CMake/bin/cmake --install /home/a/ws_moveit2/build/moveit_core
[8.326s] -- Install configuration: "Debug"
[8.331s] -- Execute custom install script
[8.337s] -- Up-to-date symlink: /home/a/ws_moveit2/install/moveit_core/include/moveit/version.h
[8.344s] -- Up-to-date symlink: /home/a/ws_moveit2/install/moveit_core/include/moveit/collision_distance_field/collision_common_distance_field.h
[8.346s] -- Up-to-date symlink: /home/a/ws_moveit2/install/moveit_core/include/moveit/collision_distance_field/collision_detector_allocator_distance_field.h
[8.349s] -- Up-to-date symlink: /home/a/ws_moveit2/install/moveit_core/include/moveit/collision_distance_field/collision_detector_allocator_hybrid.h
[8.352s] -- Up-to-date symlink: /home/a/ws_moveit2/install/moveit_core/include/moveit/collision_distance_field/collision_distance_field_types.h
[8.355s] -- Up-to-date symlink: /home/a/ws_moveit2/install/moveit_core/include/moveit/collision_distance_field/collision_env_distance_field.h
[8.360s] -- Up-to-date symlink: /home/a/ws_moveit2/install/moveit_core/include/moveit/collision_distance_field/collision_env_hybrid.h
[8.361s] -- Up-to-date symlink: /home/a/ws_moveit2/install/moveit_core/include/moveit_collision_distance_field_export.h
[8.371s] -- Up-to-date symlink: /home/a/ws_moveit2/install/moveit_core/include/moveit/constraint_samplers/constraint_sampler.h
[8.373s] -- Up-to-date symlink: /home/a/ws_moveit2/install/moveit_core/include/moveit/constraint_samplers/constraint_sampler_allocator.h
[8.375s] -- Up-to-date symlink: /home/a/ws_moveit2/install/moveit_core/include/moveit/constraint_samplers/constraint_sampler_manager.h
[8.378s] -- Up-to-date symlink: /home/a/ws_moveit2/install/moveit_core/include/moveit/constraint_samplers/constraint_sampler_tools.h
[8.380s] -- Up-to-date symlink: /home/a/ws_moveit2/install/moveit_core/include/moveit/constraint_samplers/default_constraint_samplers.h
[8.386s] -- Up-to-date symlink: /home/a/ws_moveit2/install/moveit_core/include/moveit/constraint_samplers/union_constraint_sampler.h
[8.389s] -- Up-to-date symlink: /home/a/ws_moveit2/install/moveit_core/include/moveit/controller_manager/controller_manager.h
[8.393s] -- Up-to-date symlink: /home/a/ws_moveit2/install/moveit_core/include/moveit/distance_field/distance_field.h
[8.397s] -- Up-to-date symlink: /home/a/ws_moveit2/install/moveit_core/include/moveit/distance_field/find_internal_points.h
[8.399s] -- Up-to-date symlink: /home/a/ws_moveit2/install/moveit_core/include/moveit/distance_field/propagation_distance_field.h
[8.406s] -- Up-to-date symlink: /home/a/ws_moveit2/install/moveit_core/include/moveit/distance_field/voxel_grid.h
[8.407s] -- Up-to-date symlink: /home/a/ws_moveit2/install/moveit_core/include/moveit/dynamics_solver/dynamics_solver.h
[8.411s] -- Up-to-date symlink: /home/a/ws_moveit2/install/moveit_core/include/moveit/exceptions/exceptions.h
[8.414s] -- Up-to-date symlink: /home/a/ws_moveit2/install/moveit_core/include/moveit/kinematics_base/kinematics_base.h
[8.417s] -- Up-to-date symlink: /home/a/ws_moveit2/install/moveit_core/include/moveit_kinematics_base_export.h
[8.423s] -- Up-to-date symlink: /home/a/ws_moveit2/install/moveit_core/include/moveit/kinematic_constraints/kinematic_constraint.h
[8.425s] -- Up-to-date symlink: /home/a/ws_moveit2/install/moveit_core/include/moveit/kinematic_constraints/utils.h
[8.426s] -- Up-to-date symlink: /home/a/ws_moveit2/install/moveit_core/include/moveit/kinematics_metrics/kinematics_metrics.h
[8.432s] -- Up-to-date symlink: /home/a/ws_moveit2/install/moveit_core/include/moveit/macros/class_forward.h
[8.435s] -- Up-to-date symlink: /home/a/ws_moveit2/install/moveit_core/include/moveit/macros/console_colors.h
[8.438s] -- Up-to-date symlink: /home/a/ws_moveit2/install/moveit_core/include/moveit/macros/declare_ptr.h
[8.443s] -- Up-to-date symlink: /home/a/ws_moveit2/install/moveit_core/include/moveit/macros/deprecation.h
[8.444s] -- Up-to-date symlink: /home/a/ws_moveit2/install/moveit_core/include/moveit_core/moveit_butterworth_parameters.hpp
[8.447s] -- Up-to-date symlink: /home/a/ws_moveit2/install/moveit_core/include/moveit/online_signal_smoothing/butterworth_filter.h
[8.450s] -- Up-to-date symlink: /home/a/ws_moveit2/install/moveit_core/include/moveit/online_signal_smoothing/smoothing_base_class.h
[8.452s] -- Up-to-date symlink: /home/a/ws_moveit2/install/moveit_core/include/moveit_smoothing_base_export.h
[8.456s] -- Up-to-date symlink: /home/a/ws_moveit2/install/moveit_core/include/moveit_butterworth_filter_export.h
[8.457s] -- Up-to-date symlink: /home/a/ws_moveit2/install/moveit_core/include/moveit/planning_interface/planning_interface.h
[8.458s] -- Up-to-date symlink: /home/a/ws_moveit2/install/moveit_core/include/moveit/planning_interface/planning_request.h
[8.461s] -- Up-to-date symlink: /home/a/ws_moveit2/install/moveit_core/include/moveit/planning_interface/planning_response.h
[8.471s] -- Up-to-date symlink: /home/a/ws_moveit2/install/moveit_core/include/moveit/planning_request_adapter/planning_request_adapter.h
[8.483s] -- Up-to-date symlink: /home/a/ws_moveit2/install/moveit_core/include/moveit/planning_scene/planning_scene.h
[8.483s] -- Up-to-date symlink: /home/a/ws_moveit2/install/moveit_core/include/moveit_planning_scene_export.h
[8.492s] -- Up-to-date symlink: /home/a/ws_moveit2/install/moveit_core/include/moveit/robot_model/aabb.h
[8.492s] -- Up-to-date symlink: /home/a/ws_moveit2/install/moveit_core/include/moveit/robot_model/fixed_joint_model.h
[8.493s] -- Up-to-date symlink: /home/a/ws_moveit2/install/moveit_core/include/moveit/robot_model/floating_joint_model.h
[8.495s] -- Up-to-date symlink: /home/a/ws_moveit2/install/moveit_core/include/moveit/robot_model/joint_model.h
[8.495s] -- Up-to-date symlink: /home/a/ws_moveit2/install/moveit_core/include/moveit/robot_model/joint_model_group.h
[8.497s] -- Up-to-date symlink: /home/a/ws_moveit2/install/moveit_core/include/moveit/robot_model/link_model.h
[8.500s] -- Up-to-date symlink: /home/a/ws_moveit2/install/moveit_core/include/moveit/robot_model/planar_joint_model.h
[8.502s] -- Up-to-date symlink: /home/a/ws_moveit2/install/moveit_core/include/moveit/robot_model/prismatic_joint_model.h
[8.503s] -- Up-to-date symlink: /home/a/ws_moveit2/install/moveit_core/include/moveit/robot_model/revolute_joint_model.h
[8.505s] -- Up-to-date symlink: /home/a/ws_moveit2/install/moveit_core/include/moveit/robot_model/robot_model.h
[8.508s] -- Up-to-date symlink: /home/a/ws_moveit2/install/moveit_core/include/moveit/robot_state/attached_body.h
[8.514s] -- Up-to-date symlink: /home/a/ws_moveit2/install/moveit_core/include/moveit/robot_state/cartesian_interpolator.h
[8.516s] -- Up-to-date symlink: /home/a/ws_moveit2/install/moveit_core/include/moveit/robot_state/conversions.h
[8.517s] -- Up-to-date symlink: /home/a/ws_moveit2/install/moveit_core/include/moveit/robot_state/robot_state.h
[8.522s] -- Up-to-date symlink: /home/a/ws_moveit2/install/moveit_core/include/moveit/robot_trajectory/robot_trajectory.h
[8.537s] -- Up-to-date symlink: /home/a/ws_moveit2/install/moveit_core/include/moveit/sensor_manager/sensor_manager.h
[8.544s] -- Up-to-date symlink: /home/a/ws_moveit2/install/moveit_core/include/moveit/trajectory_processing/iterative_spline_parameterization.h
[8.545s] -- Up-to-date symlink: /home/a/ws_moveit2/install/moveit_core/include/moveit/trajectory_processing/iterative_time_parameterization.h
[8.546s] -- Up-to-date symlink: /home/a/ws_moveit2/install/moveit_core/include/moveit/trajectory_processing/ruckig_traj_smoothing.h
[8.547s] -- Up-to-date symlink: /home/a/ws_moveit2/install/moveit_core/include/moveit/trajectory_processing/time_optimal_trajectory_generation.h
[8.547s] -- Up-to-date symlink: /home/a/ws_moveit2/install/moveit_core/include/moveit/trajectory_processing/time_parameterization.h
[8.549s] -- Up-to-date symlink: /home/a/ws_moveit2/install/moveit_core/include/moveit/trajectory_processing/trajectory_tools.h
[8.551s] -- Up-to-date symlink: /home/a/ws_moveit2/install/moveit_core/include/moveit/transforms/transforms.h
[8.555s] -- Up-to-date symlink: /home/a/ws_moveit2/install/moveit_core/include/moveit/utils/lexical_casts.h
[8.556s] -- Up-to-date symlink: /home/a/ws_moveit2/install/moveit_core/include/moveit/utils/message_checks.h
[8.559s] -- Up-to-date symlink: /home/a/ws_moveit2/install/moveit_core/include/moveit/utils/moveit_error_code.h
[8.560s] -- Up-to-date symlink: /home/a/ws_moveit2/install/moveit_core/include/moveit/utils/rclcpp_utils.h
[8.561s] -- Up-to-date symlink: /home/a/ws_moveit2/install/moveit_core/include/moveit/utils/robot_model_test_utils.h
[8.565s] -- Up-to-date symlink: /home/a/ws_moveit2/install/moveit_core/bin/moveit_version
[8.572s] -- Up-to-date symlink: /home/a/ws_moveit2/install/moveit_core/include/moveit/collision_detection/allvalid/collision_detector_allocator_allvalid.h
[8.576s] -- Up-to-date symlink: /home/a/ws_moveit2/install/moveit_core/include/moveit/collision_detection/allvalid/collision_env_allvalid.h
[8.581s] -- Up-to-date symlink: /home/a/ws_moveit2/install/moveit_core/include/moveit/collision_detection/collision_common.h
[8.582s] -- Up-to-date symlink: /home/a/ws_moveit2/install/moveit_core/include/moveit/collision_detection/collision_detector_allocator.h
[8.582s] -- Up-to-date symlink: /home/a/ws_moveit2/install/moveit_core/include/moveit/collision_detection/collision_env.h
[8.582s] -- Up-to-date symlink: /home/a/ws_moveit2/install/moveit_core/include/moveit/collision_detection/collision_matrix.h
[8.586s] -- Up-to-date symlink: /home/a/ws_moveit2/install/moveit_core/include/moveit/collision_detection/collision_octomap_filter.h
[8.587s] -- Up-to-date symlink: /home/a/ws_moveit2/install/moveit_core/include/moveit/collision_detection/collision_plugin.h
[8.587s] -- Up-to-date symlink: /home/a/ws_moveit2/install/moveit_core/include/moveit/collision_detection/collision_plugin_cache.h
[8.588s] -- Up-to-date symlink: /home/a/ws_moveit2/install/moveit_core/include/moveit/collision_detection/collision_tools.h
[8.590s] -- Up-to-date symlink: /home/a/ws_moveit2/install/moveit_core/include/moveit/collision_detection/occupancy_map.h
[8.592s] -- Up-to-date symlink: /home/a/ws_moveit2/install/moveit_core/include/moveit/collision_detection/test_collision_common_panda.h
[8.594s] -- Up-to-date symlink: /home/a/ws_moveit2/install/moveit_core/include/moveit/collision_detection/test_collision_common_pr2.h
[8.596s] -- Up-to-date symlink: /home/a/ws_moveit2/install/moveit_core/include/moveit/collision_detection/world.h
[8.597s] -- Up-to-date symlink: /home/a/ws_moveit2/install/moveit_core/include/moveit/collision_detection/world_diff.h
[8.599s] -- Up-to-date symlink: /home/a/ws_moveit2/install/moveit_core/include/moveit_collision_detection_export.h
[8.603s] -- Up-to-date symlink: /home/a/ws_moveit2/install/moveit_core/include/moveit/collision_detection_bullet/bullet_integration/basic_types.h
[8.605s] -- Up-to-date symlink: /home/a/ws_moveit2/install/moveit_core/include/moveit/collision_detection_bullet/bullet_integration/bullet_bvh_manager.h
[8.608s] -- Up-to-date symlink: /home/a/ws_moveit2/install/moveit_core/include/moveit/collision_detection_bullet/bullet_integration/bullet_cast_bvh_manager.h
[8.610s] -- Up-to-date symlink: /home/a/ws_moveit2/install/moveit_core/include/moveit/collision_detection_bullet/bullet_integration/bullet_discrete_bvh_manager.h
[8.613s] -- Up-to-date symlink: /home/a/ws_moveit2/install/moveit_core/include/moveit/collision_detection_bullet/bullet_integration/bullet_utils.h
[8.614s] -- Up-to-date symlink: /home/a/ws_moveit2/install/moveit_core/include/moveit/collision_detection_bullet/bullet_integration/contact_checker_common.h
[8.616s] -- Up-to-date symlink: /home/a/ws_moveit2/install/moveit_core/include/moveit/collision_detection_bullet/bullet_integration/ros_bullet_utils.h
[8.618s] -- Up-to-date symlink: /home/a/ws_moveit2/install/moveit_core/include/moveit/collision_detection_bullet/collision_detector_allocator_bullet.h
[8.621s] -- Up-to-date symlink: /home/a/ws_moveit2/install/moveit_core/include/moveit/collision_detection_bullet/collision_detector_bullet_plugin_loader.h
[8.622s] -- Up-to-date symlink: /home/a/ws_moveit2/install/moveit_core/include/moveit/collision_detection_bullet/collision_env_bullet.h
[8.624s] -- Up-to-date symlink: /home/a/ws_moveit2/install/moveit_core/include/moveit_collision_detection_bullet_export.h
[8.628s] -- Up-to-date symlink: /home/a/ws_moveit2/install/moveit_core/include/moveit/collision_detection_fcl/collision_common.h
[8.630s] -- Up-to-date symlink: /home/a/ws_moveit2/install/moveit_core/include/moveit/collision_detection_fcl/collision_detector_allocator_fcl.h
[8.631s] -- Up-to-date symlink: /home/a/ws_moveit2/install/moveit_core/include/moveit/collision_detection_fcl/collision_detector_fcl_plugin_loader.h
[8.633s] -- Up-to-date symlink: /home/a/ws_moveit2/install/moveit_core/include/moveit/collision_detection_fcl/collision_env_fcl.h
[8.635s] -- Up-to-date symlink: /home/a/ws_moveit2/install/moveit_core/include/moveit/collision_detection_fcl/fcl_compat.h
[8.637s] -- Up-to-date symlink: /home/a/ws_moveit2/install/moveit_core/include/moveit_collision_detection_fcl_export.h
[8.640s] -- Up-to-date symlink: /home/a/ws_moveit2/install/moveit_core/share/moveit_core/environment/library_path.sh
[8.642s] -- Up-to-date symlink: /home/a/ws_moveit2/install/moveit_core/share/moveit_core/environment/library_path.dsv
[8.643s] -- Up-to-date symlink: /home/a/ws_moveit2/install/moveit_core/share/moveit_core//collision_detector_fcl_description.xml
[8.645s] -- Up-to-date symlink: /home/a/ws_moveit2/install/moveit_core/share/moveit_core//collision_detector_bullet_description.xml
[8.647s] -- Up-to-date symlink: /home/a/ws_moveit2/install/moveit_core/share/moveit_core//filter_plugin_butterworth.xml
[8.648s] -- Up-to-date symlink: /home/a/ws_moveit2/install/moveit_core/share/ament_index/resource_index/package_run_dependencies/moveit_core
[8.652s] -- Up-to-date symlink: /home/a/ws_moveit2/install/moveit_core/share/ament_index/resource_index/parent_prefix_path/moveit_core
[8.654s] -- Up-to-date symlink: /home/a/ws_moveit2/install/moveit_core/share/moveit_core/environment/ament_prefix_path.sh
[8.655s] -- Up-to-date symlink: /home/a/ws_moveit2/install/moveit_core/share/moveit_core/environment/ament_prefix_path.dsv
[8.657s] -- Up-to-date symlink: /home/a/ws_moveit2/install/moveit_core/share/moveit_core/environment/path.sh
[8.658s] -- Up-to-date symlink: /home/a/ws_moveit2/install/moveit_core/share/moveit_core/environment/path.dsv
[8.660s] -- Up-to-date symlink: /home/a/ws_moveit2/install/moveit_core/share/moveit_core/local_setup.bash
[8.662s] -- Up-to-date symlink: /home/a/ws_moveit2/install/moveit_core/share/moveit_core/local_setup.sh
[8.664s] -- Up-to-date symlink: /home/a/ws_moveit2/install/moveit_core/share/moveit_core/local_setup.zsh
[8.664s] -- Up-to-date symlink: /home/a/ws_moveit2/install/moveit_core/share/moveit_core/local_setup.dsv
[8.665s] -- Symlinking: /home/a/ws_moveit2/install/moveit_core/share/moveit_core/package.dsv
[8.685s] -- Up-to-date symlink: /home/a/ws_moveit2/install/moveit_core/share/ament_index/resource_index/packages/moveit_core
[8.688s] -- Up-to-date symlink: /home/a/ws_moveit2/install/moveit_core/share/ament_index/resource_index/moveit_core__pluginlib__plugin/moveit_core
[8.691s] -- Up-to-date symlink: /home/a/ws_moveit2/install/moveit_core/share/moveit_core/cmake/ConfigExtras.cmake
[8.693s] -- Up-to-date symlink: /home/a/ws_moveit2/install/moveit_core/share/moveit_core/cmake/ament_cmake_export_targets-extras.cmake
[8.695s] -- Up-to-date symlink: /home/a/ws_moveit2/install/moveit_core/share/moveit_core/cmake/ament_cmake_export_dependencies-extras.cmake
[8.699s] -- Up-to-date symlink: /home/a/ws_moveit2/install/moveit_core/share/moveit_core/cmake/moveit_coreConfig.cmake
[8.701s] -- Up-to-date symlink: /home/a/ws_moveit2/install/moveit_core/share/moveit_core/cmake/moveit_coreConfig-version.cmake
[8.702s] -- Up-to-date symlink: /home/a/ws_moveit2/install/moveit_core/share/moveit_core/package.xml
[8.773s] -- Up-to-date: /home/a/ws_moveit2/install/moveit_core/lib/libcollision_detector_bullet_plugin.so.2.5.9
[8.775s] -- Up-to-date: /home/a/ws_moveit2/install/moveit_core/lib/libcollision_detector_bullet_plugin.so
[8.782s] -- Up-to-date: /home/a/ws_moveit2/install/moveit_core/lib/libmoveit_butterworth_filter.so.2.5.9
[8.783s] -- Up-to-date: /home/a/ws_moveit2/install/moveit_core/lib/libmoveit_butterworth_filter.so
[8.792s] -- Up-to-date: /home/a/ws_moveit2/install/moveit_core/lib/libmoveit_collision_distance_field.so.2.5.9
[8.794s] -- Up-to-date: /home/a/ws_moveit2/install/moveit_core/lib/libmoveit_collision_distance_field.so
[8.801s] -- Up-to-date: /home/a/ws_moveit2/install/moveit_core/lib/libmoveit_collision_detection.so.2.5.9
[8.802s] -- Up-to-date: /home/a/ws_moveit2/install/moveit_core/lib/libmoveit_collision_detection.so
[8.810s] -- Up-to-date: /home/a/ws_moveit2/install/moveit_core/lib/libmoveit_collision_detection_fcl.so.2.5.9
[8.813s] -- Up-to-date: /home/a/ws_moveit2/install/moveit_core/lib/libmoveit_collision_detection_fcl.so
[8.818s] -- Up-to-date: /home/a/ws_moveit2/install/moveit_core/lib/libmoveit_collision_detection_bullet.so.2.5.9
[8.820s] -- Up-to-date: /home/a/ws_moveit2/install/moveit_core/lib/libmoveit_collision_detection_bullet.so
[8.834s] -- Up-to-date: /home/a/ws_moveit2/install/moveit_core/lib/libmoveit_dynamics_solver.so.2.5.9
[8.835s] -- Up-to-date: /home/a/ws_moveit2/install/moveit_core/lib/libmoveit_dynamics_solver.so
[8.841s] -- Up-to-date: /home/a/ws_moveit2/install/moveit_core/lib/libmoveit_constraint_samplers.so.2.5.9
[8.845s] -- Up-to-date: /home/a/ws_moveit2/install/moveit_core/lib/libmoveit_constraint_samplers.so
[8.848s] -- Up-to-date: /home/a/ws_moveit2/install/moveit_core/lib/libmoveit_distance_field.so.2.5.9
[8.849s] -- Up-to-date: /home/a/ws_moveit2/install/moveit_core/lib/libmoveit_distance_field.so
[8.859s] -- Up-to-date: /home/a/ws_moveit2/install/moveit_core/lib/libmoveit_exceptions.so.2.5.9
[8.860s] -- Up-to-date: /home/a/ws_moveit2/install/moveit_core/lib/libmoveit_exceptions.so
[8.867s] -- Up-to-date: /home/a/ws_moveit2/install/moveit_core/lib/libmoveit_kinematics_base.so
[8.888s] -- Up-to-date: /home/a/ws_moveit2/install/moveit_core/lib/libmoveit_kinematic_constraints.so.2.5.9
[8.888s] -- Up-to-date: /home/a/ws_moveit2/install/moveit_core/lib/libmoveit_kinematic_constraints.so
[8.895s] -- Up-to-date: /home/a/ws_moveit2/install/moveit_core/lib/libmoveit_kinematics_metrics.so.2.5.9
[8.896s] -- Up-to-date: /home/a/ws_moveit2/install/moveit_core/lib/libmoveit_kinematics_metrics.so
[8.905s] -- Up-to-date: /home/a/ws_moveit2/install/moveit_core/lib/libmoveit_planning_interface.so.2.5.9
[8.907s] -- Up-to-date: /home/a/ws_moveit2/install/moveit_core/lib/libmoveit_planning_interface.so
[8.914s] -- Up-to-date: /home/a/ws_moveit2/install/moveit_core/lib/libmoveit_planning_scene.so.2.5.9
[8.915s] -- Up-to-date: /home/a/ws_moveit2/install/moveit_core/lib/libmoveit_planning_scene.so
[8.922s] -- Up-to-date: /home/a/ws_moveit2/install/moveit_core/lib/libmoveit_planning_request_adapter.so.2.5.9
[8.923s] -- Up-to-date: /home/a/ws_moveit2/install/moveit_core/lib/libmoveit_planning_request_adapter.so
[8.930s] -- Up-to-date: /home/a/ws_moveit2/install/moveit_core/lib/libmoveit_robot_model.so.2.5.9
[8.931s] -- Up-to-date: /home/a/ws_moveit2/install/moveit_core/lib/libmoveit_robot_model.so
[8.937s] -- Up-to-date: /home/a/ws_moveit2/install/moveit_core/lib/libmoveit_robot_state.so.2.5.9
[8.938s] -- Up-to-date: /home/a/ws_moveit2/install/moveit_core/lib/libmoveit_robot_state.so
[8.947s] -- Up-to-date: /home/a/ws_moveit2/install/moveit_core/lib/libmoveit_robot_trajectory.so.2.5.9
[8.948s] -- Up-to-date: /home/a/ws_moveit2/install/moveit_core/lib/libmoveit_robot_trajectory.so
[8.959s] -- Up-to-date: /home/a/ws_moveit2/install/moveit_core/lib/libmoveit_smoothing_base.so.2.5.9
[8.960s] -- Up-to-date: /home/a/ws_moveit2/install/moveit_core/lib/libmoveit_smoothing_base.so
[9.009s] -- Up-to-date: /home/a/ws_moveit2/install/moveit_core/lib/libmoveit_test_utils.so.2.5.9
[9.010s] -- Up-to-date: /home/a/ws_moveit2/install/moveit_core/lib/libmoveit_test_utils.so
[9.063s] -- Up-to-date: /home/a/ws_moveit2/install/moveit_core/lib/libmoveit_trajectory_processing.so.2.5.9
[9.064s] -- Up-to-date: /home/a/ws_moveit2/install/moveit_core/lib/libmoveit_trajectory_processing.so
[9.093s] -- Up-to-date: /home/a/ws_moveit2/install/moveit_core/lib/libmoveit_transforms.so.2.5.9
[9.094s] -- Up-to-date: /home/a/ws_moveit2/install/moveit_core/lib/libmoveit_transforms.so
[9.129s] -- Up-to-date: /home/a/ws_moveit2/install/moveit_core/lib/libmoveit_utils.so.2.5.9
[9.129s] -- Up-to-date: /home/a/ws_moveit2/install/moveit_core/lib/libmoveit_utils.so
[9.158s] -- Up-to-date: /home/a/ws_moveit2/install/moveit_core/share/moveit_core/cmake/export_moveit_coreExport.cmake
[9.159s] -- Up-to-date: /home/a/ws_moveit2/install/moveit_core/share/moveit_core/cmake/export_moveit_coreExport-debug.cmake
[9.861s] Invoked command in '/home/a/ws_moveit2/build/moveit_core' returned '0': CMAKE_PREFIX_PATH=/home/a/ws_moveit2/install/moveit_resources_panda_moveit_config:/home/a/ws_moveit2/install/srdfdom:/home/a/ws_moveit2/install/moveit_resources_pr2_description:/home/a/ws_moveit2/install/moveit_resources_panda_description:/home/a/ws_moveit2/install/moveit_common:/home/a/ws_moveit2/install/pilz_industrial_motion_planner_testutils:/home/a/ws_moveit2/install/moveit_runtime:/home/a/ws_moveit2/install/moveit:/home/a/ws_moveit2/install/moveit_planners:/home/a/ws_moveit2/install/pilz_industrial_motion_planner:/home/a/ws_moveit2/install/hello_moveit:/home/a/ws_moveit2/install/moveit_visual_tools:/home/a/ws_moveit2/install/moveit_task_constructor_capabilities:/home/a/ws_moveit2/install/moveit_task_constructor_core:/home/a/ws_moveit2/install/moveit_ros_control_interface:/home/a/ws_moveit2/install/moveit_plugins:/home/a/ws_moveit2/install/moveit_simple_controller_manager:/home/a/ws_moveit2/install/moveit_setup_assistant:/home/a/ws_moveit2/install/moveit_setup_srdf_plugins:/home/a/ws_moveit2/install/moveit_setup_core_plugins:/home/a/ws_moveit2/install/moveit_setup_controllers:/home/a/ws_moveit2/install/moveit_setup_app_plugins:/home/a/ws_moveit2/install/moveit_setup_framework:/home/a/ws_moveit2/install/moveit_servo:/home/a/ws_moveit2/install/moveit_ros:/home/a/ws_moveit2/install/moveit_ros_visualization:/home/a/ws_moveit2/install/moveit_hybrid_planning:/home/a/ws_moveit2/install/moveit_ros_planning_interface:/home/a/ws_moveit2/install/moveit_ros_benchmarks:/home/a/ws_moveit2/install/moveit_ros_warehouse:/home/a/ws_moveit2/install/moveit_ros_robot_interaction:/home/a/ws_moveit2/install/moveit_ros_perception:/home/a/ws_moveit2/install/moveit_resources_prbt_pg70_support:/home/a/ws_moveit2/install/moveit_resources_prbt_moveit_config:/home/a/ws_moveit2/install/moveit_ros_move_group:/home/a/ws_moveit2/install/moveit_planners_ompl:/home/a/ws_moveit2/install/moveit_ros_planning:/home/a/ws_moveit2/install/moveit_ros_occupancy_map_monitor:/home/a/ws_moveit2/install/moveit_resources_prbt_ikfast_manipulator_plugin:/home/a/ws_moveit2/install/moveit_planners_chomp:/home/a/ws_moveit2/install/moveit_kinematics:/home/a/ws_moveit2/install/moveit_chomp_optimizer_adapter:/home/a/ws_moveit2/install/chomp_motion_planner:/home/a/ws_moveit2/install/moveit_core:/home/a/ws_moveit2/install/rviz_marker_tools:/home/a/ws_moveit2/install/rosparam_shortcuts:/home/a/ws_moveit2/install/moveit_task_constructor_msgs:/home/a/ws_moveit2/install/moveit_resources_prbt_support:/home/a/ws_moveit2/install/moveit_resources:/home/a/ws_moveit2/install/moveit_resources_fanuc_moveit_config:/home/a/ws_moveit2/install/moveit_resources_fanuc_description:/home/a/ws_moveit2/install/moveit_configs_utils:/home/a/ws_moveit2/install/launch_param_builder:/opt/ros/humble LD_LIBRARY_PATH=/home/a/ws_moveit2/install/srdfdom/lib:/home/a/ws_moveit2/install/pilz_industrial_motion_planner_testutils/lib:/home/a/ws_moveit2/install/pilz_industrial_motion_planner/lib:/home/a/ws_moveit2/install/moveit_visual_tools/lib:/home/a/ws_moveit2/install/moveit_task_constructor_capabilities/lib:/home/a/ws_moveit2/install/moveit_task_constructor_core/lib:/home/a/ws_moveit2/install/moveit_ros_control_interface/lib:/home/a/ws_moveit2/install/moveit_simple_controller_manager/lib:/home/a/ws_moveit2/install/moveit_setup_assistant/lib:/home/a/ws_moveit2/install/moveit_setup_srdf_plugins/lib:/home/a/ws_moveit2/install/moveit_setup_core_plugins/lib:/home/a/ws_moveit2/install/moveit_setup_controllers/lib:/home/a/ws_moveit2/install/moveit_setup_app_plugins/lib:/home/a/ws_moveit2/install/moveit_setup_framework/lib:/home/a/ws_moveit2/install/moveit_servo/lib:/home/a/ws_moveit2/install/moveit_ros_visualization/lib:/home/a/ws_moveit2/install/moveit_hybrid_planning/lib:/home/a/ws_moveit2/install/moveit_ros_planning_interface/lib:/home/a/ws_moveit2/install/moveit_ros_benchmarks/lib:/home/a/ws_moveit2/install/moveit_ros_warehouse/lib:/home/a/ws_moveit2/install/moveit_ros_robot_interaction/lib:/home/a/ws_moveit2/install/moveit_ros_perception/lib:/home/a/ws_moveit2/install/moveit_ros_move_group/lib:/home/a/ws_moveit2/install/moveit_planners_ompl/lib:/home/a/ws_moveit2/install/moveit_ros_planning/lib:/home/a/ws_moveit2/install/moveit_ros_occupancy_map_monitor/lib:/home/a/ws_moveit2/install/moveit_resources_prbt_ikfast_manipulator_plugin/lib:/home/a/ws_moveit2/install/moveit_planners_chomp/lib:/home/a/ws_moveit2/install/moveit_kinematics/lib:/home/a/ws_moveit2/install/moveit_chomp_optimizer_adapter/lib:/home/a/ws_moveit2/install/chomp_motion_planner/lib:/home/a/ws_moveit2/install/moveit_core/lib:/home/a/ws_moveit2/install/rviz_marker_tools/lib:/home/a/ws_moveit2/install/rosparam_shortcuts/lib:/home/a/ws_moveit2/install/moveit_task_constructor_msgs/lib:/opt/ros/humble/opt/rviz_ogre_vendor/lib:/opt/ros/humble/lib/x86_64-linux-gnu:/opt/ros/humble/lib /opt/st/stm32cubeclt_1.17.0/CMake/bin/cmake --install /home/a/ws_moveit2/build/moveit_core
