[0.056s] DEBUG:colcon:Command line arguments: ['/usr/bin/colcon', 'build', '--packages-select', 'ros_tcp_endpoint']
[0.057s] DEBUG:colcon:Parsed command line arguments: Namespace(log_base=None, log_level=None, verb_name='build', build_base='build', install_base='install', merge_install=False, symlink_install=False, test_result_base=None, continue_on_error=False, executor='parallel', parallel_workers=22, event_handlers=None, ignore_user_meta=False, metas=['./colcon.meta'], base_paths=['.'], packages_ignore=None, packages_ignore_regex=None, paths=None, packages_up_to=None, packages_up_to_regex=None, packages_above=None, packages_above_and_dependencies=None, packages_above_depth=None, packages_select_by_dep=None, packages_skip_by_dep=None, packages_skip_up_to=None, packages_select_build_failed=False, packages_skip_build_finished=False, packages_select_test_failures=False, packages_skip_test_passed=False, packages_select=['ros_tcp_endpoint'], packages_skip=None, packages_select_regex=None, packages_skip_regex=None, packages_start=None, packages_end=None, allow_overriding=[], cmake_args=None, cmake_target=None, cmake_target_skip_unavailable=False, cmake_clean_cache=False, cmake_clean_first=False, cmake_force_configure=False, ament_cmake_args=None, catkin_cmake_args=None, catkin_skip_building_tests=False, mixin_files=None, mixin=None, verb_parser=<colcon_mixin.mixin.mixin_argument.MixinArgumentDecorator object at 0x71d9c2a34c40>, verb_extension=<colcon_core.verb.build.BuildVerb object at 0x71d9c2a345b0>, main=<bound method BuildVerb.main of <colcon_core.verb.build.BuildVerb object at 0x71d9c2a345b0>>, mixin_verb=('build',))
[0.130s] Level 1:colcon.colcon_core.package_discovery:discover_packages(colcon_meta) check parameters
[0.130s] Level 1:colcon.colcon_core.package_discovery:discover_packages(recursive) check parameters
[0.130s] Level 1:colcon.colcon_core.package_discovery:discover_packages(ignore) check parameters
[0.130s] Level 1:colcon.colcon_core.package_discovery:discover_packages(path) check parameters
[0.130s] Level 1:colcon.colcon_core.package_discovery:discover_packages(colcon_meta) discover
[0.130s] Level 1:colcon.colcon_core.package_discovery:discover_packages(recursive) discover
[0.130s] INFO:colcon.colcon_core.package_discovery:Crawling recursively for packages in '/home/a/ws_moveit2/src/ROS-TCP-Endpoint'
[0.130s] Level 1:colcon.colcon_core.package_identification:_identify(.) by extensions ['ignore', 'ignore_ament_install']
[0.131s] Level 1:colcon.colcon_core.package_identification:_identify(.) by extension 'ignore'
[0.131s] Level 1:colcon.colcon_core.package_identification:_identify(.) by extension 'ignore_ament_install'
[0.131s] Level 1:colcon.colcon_core.package_identification:_identify(.) by extensions ['colcon_pkg']
[0.131s] Level 1:colcon.colcon_core.package_identification:_identify(.) by extension 'colcon_pkg'
[0.131s] Level 1:colcon.colcon_core.package_identification:_identify(.) by extensions ['colcon_meta']
[0.131s] Level 1:colcon.colcon_core.package_identification:_identify(.) by extension 'colcon_meta'
[0.131s] Level 1:colcon.colcon_core.package_identification:_identify(.) by extensions ['ros']
[0.131s] Level 1:colcon.colcon_core.package_identification:_identify(.) by extension 'ros'
[0.138s] DEBUG:colcon.colcon_core.package_identification:Package '.' with type 'ros.ament_python' and name 'ros_tcp_endpoint'
[0.138s] Level 1:colcon.colcon_core.package_discovery:discover_packages(recursive) using defaults
[0.138s] Level 1:colcon.colcon_core.package_discovery:discover_packages(ignore) discover
[0.138s] Level 1:colcon.colcon_core.package_discovery:discover_packages(ignore) using defaults
[0.138s] Level 1:colcon.colcon_core.package_discovery:discover_packages(path) discover
[0.138s] Level 1:colcon.colcon_core.package_discovery:discover_packages(path) using defaults
[0.148s] Level 1:colcon.colcon_core.package_discovery:discover_packages(prefix_path) check parameters
[0.148s] Level 1:colcon.colcon_core.package_discovery:discover_packages(prefix_path) discover
[0.148s] Level 1:colcon.colcon_core.package_discovery:discover_packages(prefix_path) using defaults
[0.149s] Level 5:colcon.colcon_core.verb:set package 'ros_tcp_endpoint' build argument 'cmake_args' from command line to 'None'
[0.149s] Level 5:colcon.colcon_core.verb:set package 'ros_tcp_endpoint' build argument 'cmake_target' from command line to 'None'
[0.149s] Level 5:colcon.colcon_core.verb:set package 'ros_tcp_endpoint' build argument 'cmake_target_skip_unavailable' from command line to 'False'
[0.149s] Level 5:colcon.colcon_core.verb:set package 'ros_tcp_endpoint' build argument 'cmake_clean_cache' from command line to 'False'
[0.149s] Level 5:colcon.colcon_core.verb:set package 'ros_tcp_endpoint' build argument 'cmake_clean_first' from command line to 'False'
[0.149s] Level 5:colcon.colcon_core.verb:set package 'ros_tcp_endpoint' build argument 'cmake_force_configure' from command line to 'False'
[0.149s] Level 5:colcon.colcon_core.verb:set package 'ros_tcp_endpoint' build argument 'ament_cmake_args' from command line to 'None'
[0.149s] Level 5:colcon.colcon_core.verb:set package 'ros_tcp_endpoint' build argument 'catkin_cmake_args' from command line to 'None'
[0.149s] Level 5:colcon.colcon_core.verb:set package 'ros_tcp_endpoint' build argument 'catkin_skip_building_tests' from command line to 'False'
[0.149s] DEBUG:colcon.colcon_core.verb:Building package 'ros_tcp_endpoint' with the following arguments: {'ament_cmake_args': None, 'build_base': '/home/a/ws_moveit2/src/ROS-TCP-Endpoint/build/ros_tcp_endpoint', 'catkin_cmake_args': None, 'catkin_skip_building_tests': False, 'cmake_args': None, 'cmake_clean_cache': False, 'cmake_clean_first': False, 'cmake_force_configure': False, 'cmake_target': None, 'cmake_target_skip_unavailable': False, 'install_base': '/home/a/ws_moveit2/src/ROS-TCP-Endpoint/install/ros_tcp_endpoint', 'merge_install': False, 'path': '/home/a/ws_moveit2/src/ROS-TCP-Endpoint', 'symlink_install': False, 'test_result_base': None}
[0.149s] INFO:colcon.colcon_core.executor:Executing jobs using 'parallel' executor
[0.150s] DEBUG:colcon.colcon_parallel_executor.executor.parallel:run_until_complete
[0.150s] INFO:colcon.colcon_ros.task.ament_python.build:Building ROS package in '/home/a/ws_moveit2/src/ROS-TCP-Endpoint' with build type 'ament_python'
[0.150s] Level 1:colcon.colcon_core.shell:create_environment_hook('ros_tcp_endpoint', 'ament_prefix_path')
[0.151s] INFO:colcon.colcon_core.plugin_system:Skipping extension 'colcon_core.shell.bat': Not used on non-Windows systems
[0.151s] INFO:colcon.colcon_core.shell:Creating environment hook '/home/a/ws_moveit2/src/ROS-TCP-Endpoint/install/ros_tcp_endpoint/share/ros_tcp_endpoint/hook/ament_prefix_path.ps1'
[0.152s] INFO:colcon.colcon_core.shell:Creating environment descriptor '/home/a/ws_moveit2/src/ROS-TCP-Endpoint/install/ros_tcp_endpoint/share/ros_tcp_endpoint/hook/ament_prefix_path.dsv'
[0.152s] INFO:colcon.colcon_core.shell:Creating environment hook '/home/a/ws_moveit2/src/ROS-TCP-Endpoint/install/ros_tcp_endpoint/share/ros_tcp_endpoint/hook/ament_prefix_path.sh'
[0.152s] INFO:colcon.colcon_core.shell:Skip shell extension 'powershell' for command environment: Not usable outside of PowerShell
[0.152s] DEBUG:colcon.colcon_core.shell:Skip shell extension 'dsv' for command environment
[0.271s] INFO:colcon.colcon_core.task.python.build:Building Python package in '/home/a/ws_moveit2/src/ROS-TCP-Endpoint'
[0.272s] INFO:colcon.colcon_core.shell:Skip shell extension 'powershell' for command environment: Not usable outside of PowerShell
[0.272s] DEBUG:colcon.colcon_core.shell:Skip shell extension 'dsv' for command environment
[0.447s] DEBUG:colcon.colcon_core.event_handler.log_command:Invoking command in '/home/a/ws_moveit2/src/ROS-TCP-Endpoint': PYTHONPATH=/home/a/ws_moveit2/src/ROS-TCP-Endpoint/build/ros_tcp_endpoint/prefix_override:/usr/lib/python3/dist-packages/colcon_core/task/python/colcon_distutils_commands:/home/a/ws_moveit2/src/ROS-TCP-Endpoint/install/ros_tcp_endpoint/lib/python3.10/site-packages: /usr/bin/python3 -W ignore:setup.py install is deprecated -W ignore:easy_install command is deprecated setup.py egg_info --egg-base build/ros_tcp_endpoint build --build-base /home/a/ws_moveit2/src/ROS-TCP-Endpoint/build/ros_tcp_endpoint/build install --record /home/a/ws_moveit2/src/ROS-TCP-Endpoint/build/ros_tcp_endpoint/install.log --single-version-externally-managed install_data
[0.591s] DEBUG:colcon.colcon_core.event_handler.log_command:Invoked command in '/home/a/ws_moveit2/src/ROS-TCP-Endpoint' returned '0': PYTHONPATH=/home/a/ws_moveit2/src/ROS-TCP-Endpoint/build/ros_tcp_endpoint/prefix_override:/usr/lib/python3/dist-packages/colcon_core/task/python/colcon_distutils_commands:/home/a/ws_moveit2/src/ROS-TCP-Endpoint/install/ros_tcp_endpoint/lib/python3.10/site-packages: /usr/bin/python3 -W ignore:setup.py install is deprecated -W ignore:easy_install command is deprecated setup.py egg_info --egg-base build/ros_tcp_endpoint build --build-base /home/a/ws_moveit2/src/ROS-TCP-Endpoint/build/ros_tcp_endpoint/build install --record /home/a/ws_moveit2/src/ROS-TCP-Endpoint/build/ros_tcp_endpoint/install.log --single-version-externally-managed install_data
[0.594s] Level 1:colcon.colcon_core.environment:checking '/home/a/ws_moveit2/src/ROS-TCP-Endpoint/install/ros_tcp_endpoint' for CMake module files
[0.594s] Level 1:colcon.colcon_core.environment:checking '/home/a/ws_moveit2/src/ROS-TCP-Endpoint/install/ros_tcp_endpoint' for CMake config files
[0.594s] Level 1:colcon.colcon_core.environment:checking '/home/a/ws_moveit2/src/ROS-TCP-Endpoint/install/ros_tcp_endpoint/lib'
[0.595s] Level 1:colcon.colcon_core.environment:checking '/home/a/ws_moveit2/src/ROS-TCP-Endpoint/install/ros_tcp_endpoint/bin'
[0.595s] Level 1:colcon.colcon_core.environment:checking '/home/a/ws_moveit2/src/ROS-TCP-Endpoint/install/ros_tcp_endpoint/lib/pkgconfig/ros_tcp_endpoint.pc'
[0.595s] Level 1:colcon.colcon_core.environment:checking '/home/a/ws_moveit2/src/ROS-TCP-Endpoint/install/ros_tcp_endpoint/lib/python3.10/site-packages'
[0.595s] Level 1:colcon.colcon_core.shell:create_environment_hook('ros_tcp_endpoint', 'pythonpath')
[0.595s] INFO:colcon.colcon_core.shell:Creating environment hook '/home/a/ws_moveit2/src/ROS-TCP-Endpoint/install/ros_tcp_endpoint/share/ros_tcp_endpoint/hook/pythonpath.ps1'
[0.595s] INFO:colcon.colcon_core.shell:Creating environment descriptor '/home/a/ws_moveit2/src/ROS-TCP-Endpoint/install/ros_tcp_endpoint/share/ros_tcp_endpoint/hook/pythonpath.dsv'
[0.596s] INFO:colcon.colcon_core.shell:Creating environment hook '/home/a/ws_moveit2/src/ROS-TCP-Endpoint/install/ros_tcp_endpoint/share/ros_tcp_endpoint/hook/pythonpath.sh'
[0.596s] Level 1:colcon.colcon_core.environment:checking '/home/a/ws_moveit2/src/ROS-TCP-Endpoint/install/ros_tcp_endpoint/bin'
[0.596s] Level 1:colcon.colcon_core.environment:create_environment_scripts_only(ros_tcp_endpoint)
[0.596s] INFO:colcon.colcon_core.shell:Creating package script '/home/a/ws_moveit2/src/ROS-TCP-Endpoint/install/ros_tcp_endpoint/share/ros_tcp_endpoint/package.ps1'
[0.596s] INFO:colcon.colcon_core.shell:Creating package descriptor '/home/a/ws_moveit2/src/ROS-TCP-Endpoint/install/ros_tcp_endpoint/share/ros_tcp_endpoint/package.dsv'
[0.597s] INFO:colcon.colcon_core.shell:Creating package script '/home/a/ws_moveit2/src/ROS-TCP-Endpoint/install/ros_tcp_endpoint/share/ros_tcp_endpoint/package.sh'
[0.597s] INFO:colcon.colcon_core.shell:Creating package script '/home/a/ws_moveit2/src/ROS-TCP-Endpoint/install/ros_tcp_endpoint/share/ros_tcp_endpoint/package.bash'
[0.597s] INFO:colcon.colcon_core.shell:Creating package script '/home/a/ws_moveit2/src/ROS-TCP-Endpoint/install/ros_tcp_endpoint/share/ros_tcp_endpoint/package.zsh'
[0.598s] Level 1:colcon.colcon_core.environment:create_file_with_runtime_dependencies(/home/a/ws_moveit2/src/ROS-TCP-Endpoint/install/ros_tcp_endpoint/share/colcon-core/packages/ros_tcp_endpoint)
[0.598s] DEBUG:colcon.colcon_parallel_executor.executor.parallel:closing loop
[0.598s] DEBUG:colcon.colcon_parallel_executor.executor.parallel:loop closed
[0.598s] DEBUG:colcon.colcon_parallel_executor.executor.parallel:run_until_complete finished with '0'
[0.598s] DEBUG:colcon.colcon_core.event_reactor:joining thread
[0.602s] INFO:colcon.colcon_core.plugin_system:Skipping extension 'colcon_notification.desktop_notification.terminal_notifier': Not used on non-Darwin systems
[0.602s] INFO:colcon.colcon_core.plugin_system:Skipping extension 'colcon_notification.desktop_notification.win32': Not used on non-Windows systems
[0.602s] INFO:colcon.colcon_notification.desktop_notification:Sending desktop notification using 'notify2'
[0.604s] DEBUG:colcon.colcon_notification.desktop_notification.notify2:Failed to initialize notify2: org.freedesktop.DBus.Error.Spawn.ExecFailed: /usr/bin/dbus-launch terminated abnormally without any error message
[0.604s] DEBUG:colcon.colcon_core.event_reactor:joined thread
[0.605s] INFO:colcon.colcon_core.shell:Creating prefix script '/home/a/ws_moveit2/src/ROS-TCP-Endpoint/install/local_setup.ps1'
[0.606s] INFO:colcon.colcon_core.shell:Creating prefix util module '/home/a/ws_moveit2/src/ROS-TCP-Endpoint/install/_local_setup_util_ps1.py'
[0.607s] INFO:colcon.colcon_core.shell:Creating prefix chain script '/home/a/ws_moveit2/src/ROS-TCP-Endpoint/install/setup.ps1'
[0.608s] INFO:colcon.colcon_core.shell:Creating prefix script '/home/a/ws_moveit2/src/ROS-TCP-Endpoint/install/local_setup.sh'
[0.608s] INFO:colcon.colcon_core.shell:Creating prefix util module '/home/a/ws_moveit2/src/ROS-TCP-Endpoint/install/_local_setup_util_sh.py'
[0.608s] INFO:colcon.colcon_core.shell:Creating prefix chain script '/home/a/ws_moveit2/src/ROS-TCP-Endpoint/install/setup.sh'
[0.609s] INFO:colcon.colcon_core.shell:Creating prefix script '/home/a/ws_moveit2/src/ROS-TCP-Endpoint/install/local_setup.bash'
[0.609s] INFO:colcon.colcon_core.shell:Creating prefix chain script '/home/a/ws_moveit2/src/ROS-TCP-Endpoint/install/setup.bash'
[0.609s] INFO:colcon.colcon_core.shell:Creating prefix script '/home/a/ws_moveit2/src/ROS-TCP-Endpoint/install/local_setup.zsh'
[0.610s] INFO:colcon.colcon_core.shell:Creating prefix chain script '/home/a/ws_moveit2/src/ROS-TCP-Endpoint/install/setup.zsh'
