[0.109s] Invoking command in '/home/a/ws_moveit2/build/rosparam_shortcuts': CMAKE_PREFIX_PATH=${CMAKE_PREFIX_PATH}:/home/a/ws_moveit2/install/moveit_configs_utils:/home/a/ws_moveit2/install/launch_param_builder:/opt/ros/humble /opt/st/stm32cubeclt_1.17.0/CMake/bin/cmake /home/a/ws_moveit2/src/rosparam_shortcuts -DCMAKE_BUILD_TYPE=Debug -DCMAKE_INSTALL_PREFIX=/home/a/ws_moveit2/install/rosparam_shortcuts
[0.244s] -- Found ament_cmake: 1.3.11 (/opt/ros/humble/share/ament_cmake/cmake)
[1.936s] -- Override CMake install command with custom implementation using symlinks instead of copying resources
[2.007s] -- Found eigen3_cmake_module: 0.1.1 (/opt/ros/humble/share/eigen3_cmake_module/cmake)
[2.023s] -- Found geometry_msgs: 4.8.0 (/opt/ros/humble/share/geometry_msgs/cmake)
[2.215s] -- Found rosidl_generator_c: 3.1.6 (/opt/ros/humble/share/rosidl_generator_c/cmake)
[2.235s] -- Found rosidl_adapter: 3.1.6 (/opt/ros/humble/share/rosidl_adapter/cmake)
[2.294s] -- Found rosidl_generator_cpp: 3.1.6 (/opt/ros/humble/share/rosidl_generator_cpp/cmake)
[2.476s] -- Using all available rosidl_typesupport_c: rosidl_typesupport_fastrtps_c;rosidl_typesupport_introspection_c
[2.617s] -- Using all available rosidl_typesupport_cpp: rosidl_typesupport_fastrtps_cpp;rosidl_typesupport_introspection_cpp
[3.167s] -- Found rclcpp: 16.0.12 (/opt/ros/humble/share/rclcpp/cmake)
[3.498s] -- Found rmw_implementation_cmake: 6.1.2 (/opt/ros/humble/share/rmw_implementation_cmake/cmake)
[3.545s] -- Found rmw_fastrtps_cpp: 6.2.7 (/opt/ros/humble/share/rmw_fastrtps_cpp/cmake)
[4.642s] -- Using RMW implementation 'rmw_fastrtps_cpp' as default
[5.016s] -- Found tf2_eigen: 0.25.12 (/opt/ros/humble/share/tf2_eigen/cmake)
[6.514s] -- Found ament_lint_auto: 0.12.12 (/opt/ros/humble/share/ament_lint_auto/cmake)
[6.532s] -- Found ament_cmake_gtest: 1.3.11 (/opt/ros/humble/share/ament_cmake_gtest/cmake)
[6.547s] -- Found ros_testing: 0.4.0 (/opt/ros/humble/share/ros_testing/cmake)
[6.558s] -- Found launch_testing_ament_cmake: 1.0.8 (/opt/ros/humble/share/launch_testing_ament_cmake/cmake)
[6.569s] -- Found python_cmake_module: 0.10.0 (/opt/ros/humble/share/python_cmake_module/cmake)
[6.580s] [33mCMake Warning (dev) at /opt/ros/humble/share/python_cmake_module/cmake/Modules/FindPythonExtra.cmake:52 (find_package):
[6.580s]   Policy CMP0148 is not set: The FindPythonInterp and FindPythonLibs modules
[6.581s]   are removed.  Run "cmake --help-policy CMP0148" for policy details.  Use
[6.581s]   the cmake_policy command to set the policy and suppress this warning.
[6.583s] 
[6.584s] Call Stack (most recent call first):
[6.584s]   /opt/ros/humble/share/launch_testing_ament_cmake/cmake/launch_testing_ament_cmake-extras.cmake:18 (find_package)
[6.585s]   /opt/ros/humble/share/launch_testing_ament_cmake/cmake/launch_testing_ament_cmakeConfig.cmake:41 (include)
[6.585s]   /opt/ros/humble/share/ros_testing/cmake/ros_testing-extras.cmake:15 (find_package)
[6.586s]   /opt/ros/humble/share/ros_testing/cmake/ros_testingConfig.cmake:41 (include)
[6.586s]   CMakeLists.txt:97 (find_package)
[6.586s] This warning is for project developers.  Use -Wno-dev to suppress it.
[6.588s] [0m
[6.829s] [33mCMake Warning (dev) at /opt/ros/humble/share/python_cmake_module/cmake/Modules/FindPythonExtra.cmake:140 (find_package):
[6.829s]   Policy CMP0148 is not set: The FindPythonInterp and FindPythonLibs modules
[6.834s]   are removed.  Run "cmake --help-policy CMP0148" for policy details.  Use
[6.835s]   the cmake_policy command to set the policy and suppress this warning.
[6.835s] 
[6.835s] Call Stack (most recent call first):
[6.836s]   /opt/ros/humble/share/launch_testing_ament_cmake/cmake/launch_testing_ament_cmake-extras.cmake:18 (find_package)
[6.836s]   /opt/ros/humble/share/launch_testing_ament_cmake/cmake/launch_testing_ament_cmakeConfig.cmake:41 (include)
[6.837s]   /opt/ros/humble/share/ros_testing/cmake/ros_testing-extras.cmake:15 (find_package)
[6.846s]   /opt/ros/humble/share/ros_testing/cmake/ros_testingConfig.cmake:41 (include)
[6.847s]   CMakeLists.txt:97 (find_package)
[6.847s] This warning is for project developers.  Use -Wno-dev to suppress it.
[6.847s] [0m
[6.861s] -- Using PYTHON_EXECUTABLE: /usr/bin/python3
[6.862s] -- Using PYTHON_INCLUDE_DIRS: /usr/include/python3.10
[6.862s] -- Using PYTHON_LIBRARIES: /usr/lib/x86_64-linux-gnu/libpython3.10.so
[7.535s] -- Found gtest sources under '/opt/ros/humble/src/gtest_vendor': C++ tests using 'Google Test' will be built
[7.682s] -- Added test 'copyright' to check source files copyright and LICENSE
[7.728s] -- Added test 'lint_cmake' to check CMake code style
[7.732s] -- Added test 'pep257' to check Python code against some of the docstring style conventions in PEP 257
[7.736s] -- Added test 'xmllint' to check XML markup files
[7.754s] -- Configuring done (7.6s)
[8.847s] -- Generating done (1.0s)
[9.282s] -- Build files have been written to: /home/a/ws_moveit2/build/rosparam_shortcuts
[9.394s] Invoked command in '/home/a/ws_moveit2/build/rosparam_shortcuts' returned '0': CMAKE_PREFIX_PATH=${CMAKE_PREFIX_PATH}:/home/a/ws_moveit2/install/moveit_configs_utils:/home/a/ws_moveit2/install/launch_param_builder:/opt/ros/humble /opt/st/stm32cubeclt_1.17.0/CMake/bin/cmake /home/a/ws_moveit2/src/rosparam_shortcuts -DCMAKE_BUILD_TYPE=Debug -DCMAKE_INSTALL_PREFIX=/home/a/ws_moveit2/install/rosparam_shortcuts
[9.406s] Invoking command in '/home/a/ws_moveit2/build/rosparam_shortcuts': CMAKE_PREFIX_PATH=${CMAKE_PREFIX_PATH}:/home/a/ws_moveit2/install/moveit_configs_utils:/home/a/ws_moveit2/install/launch_param_builder:/opt/ros/humble /opt/st/stm32cubeclt_1.17.0/CMake/bin/cmake --build /home/a/ws_moveit2/build/rosparam_shortcuts -- -j4 -l4
[10.140s] [ 23%] Built target rosparam_shortcuts
[10.644s] [ 38%] Built target gtest
[10.885s] [ 53%] Built target rosparam_shortcuts_node_parameters_example
[11.244s] [ 69%] Built target rosparam_shortcuts_example
[11.403s] [ 84%] Built target gtest_main
[11.582s] [100%] Built target test_node_parameters
[11.642s] Invoked command in '/home/a/ws_moveit2/build/rosparam_shortcuts' returned '0': CMAKE_PREFIX_PATH=${CMAKE_PREFIX_PATH}:/home/a/ws_moveit2/install/moveit_configs_utils:/home/a/ws_moveit2/install/launch_param_builder:/opt/ros/humble /opt/st/stm32cubeclt_1.17.0/CMake/bin/cmake --build /home/a/ws_moveit2/build/rosparam_shortcuts -- -j4 -l4
[11.663s] Invoking command in '/home/a/ws_moveit2/build/rosparam_shortcuts': CMAKE_PREFIX_PATH=${CMAKE_PREFIX_PATH}:/home/a/ws_moveit2/install/moveit_configs_utils:/home/a/ws_moveit2/install/launch_param_builder:/opt/ros/humble /opt/st/stm32cubeclt_1.17.0/CMake/bin/cmake --install /home/a/ws_moveit2/build/rosparam_shortcuts
[11.712s] -- Install configuration: "Debug"
[11.715s] -- Execute custom install script
[11.726s] -- Up-to-date symlink: /home/a/ws_moveit2/install/rosparam_shortcuts/lib/rosparam_shortcuts/example
[11.731s] -- Up-to-date symlink: /home/a/ws_moveit2/install/rosparam_shortcuts/lib/rosparam_shortcuts/node_parameters_example
[11.731s] -- Up-to-date symlink: /home/a/ws_moveit2/install/rosparam_shortcuts/include/rosparam_shortcuts/node_parameters.h
[11.734s] -- Up-to-date symlink: /home/a/ws_moveit2/install/rosparam_shortcuts/include/rosparam_shortcuts/rosparam_shortcuts.h
[11.742s] -- Up-to-date symlink: /home/a/ws_moveit2/install/rosparam_shortcuts/share/rosparam_shortcuts/launch/example.launch.py
[11.746s] -- Up-to-date symlink: /home/a/ws_moveit2/install/rosparam_shortcuts/share/rosparam_shortcuts/config/example.yaml
[11.752s] -- Up-to-date symlink: /home/a/ws_moveit2/install/rosparam_shortcuts/share/rosparam_shortcuts/environment/library_path.sh
[11.777s] -- Up-to-date symlink: /home/a/ws_moveit2/install/rosparam_shortcuts/share/rosparam_shortcuts/environment/library_path.dsv
[11.777s] -- Up-to-date symlink: /home/a/ws_moveit2/install/rosparam_shortcuts/share/ament_index/resource_index/package_run_dependencies/rosparam_shortcuts
[11.778s] -- Up-to-date symlink: /home/a/ws_moveit2/install/rosparam_shortcuts/share/ament_index/resource_index/parent_prefix_path/rosparam_shortcuts
[11.778s] -- Up-to-date symlink: /home/a/ws_moveit2/install/rosparam_shortcuts/share/rosparam_shortcuts/environment/ament_prefix_path.sh
[11.778s] -- Up-to-date symlink: /home/a/ws_moveit2/install/rosparam_shortcuts/share/rosparam_shortcuts/environment/ament_prefix_path.dsv
[11.790s] -- Up-to-date symlink: /home/a/ws_moveit2/install/rosparam_shortcuts/share/rosparam_shortcuts/environment/path.sh
[11.809s] -- Up-to-date symlink: /home/a/ws_moveit2/install/rosparam_shortcuts/share/rosparam_shortcuts/environment/path.dsv
[11.810s] -- Up-to-date symlink: /home/a/ws_moveit2/install/rosparam_shortcuts/share/rosparam_shortcuts/local_setup.bash
[11.820s] -- Up-to-date symlink: /home/a/ws_moveit2/install/rosparam_shortcuts/share/rosparam_shortcuts/local_setup.sh
[11.821s] -- Up-to-date symlink: /home/a/ws_moveit2/install/rosparam_shortcuts/share/rosparam_shortcuts/local_setup.zsh
[11.821s] -- Up-to-date symlink: /home/a/ws_moveit2/install/rosparam_shortcuts/share/rosparam_shortcuts/local_setup.dsv
[11.822s] -- Symlinking: /home/a/ws_moveit2/install/rosparam_shortcuts/share/rosparam_shortcuts/package.dsv
[11.874s] -- Up-to-date symlink: /home/a/ws_moveit2/install/rosparam_shortcuts/share/ament_index/resource_index/packages/rosparam_shortcuts
[11.911s] -- Up-to-date symlink: /home/a/ws_moveit2/install/rosparam_shortcuts/share/rosparam_shortcuts/cmake/ament_cmake_export_targets-extras.cmake
[11.914s] -- Up-to-date symlink: /home/a/ws_moveit2/install/rosparam_shortcuts/share/rosparam_shortcuts/cmake/ament_cmake_export_dependencies-extras.cmake
[11.915s] -- Up-to-date symlink: /home/a/ws_moveit2/install/rosparam_shortcuts/share/rosparam_shortcuts/cmake/rosparam_shortcutsConfig.cmake
[11.915s] -- Up-to-date symlink: /home/a/ws_moveit2/install/rosparam_shortcuts/share/rosparam_shortcuts/cmake/rosparam_shortcutsConfig-version.cmake
[11.915s] -- Up-to-date symlink: /home/a/ws_moveit2/install/rosparam_shortcuts/share/rosparam_shortcuts/package.xml
[11.916s] -- Up-to-date: /home/a/ws_moveit2/install/rosparam_shortcuts/lib/librosparam_shortcuts.so
[11.916s] -- Up-to-date: /home/a/ws_moveit2/install/rosparam_shortcuts/share/rosparam_shortcuts/cmake/export_rosparam_shortcutsExport.cmake
[11.917s] -- Up-to-date: /home/a/ws_moveit2/install/rosparam_shortcuts/share/rosparam_shortcuts/cmake/export_rosparam_shortcutsExport-debug.cmake
[11.918s] Invoked command in '/home/a/ws_moveit2/build/rosparam_shortcuts' returned '0': CMAKE_PREFIX_PATH=${CMAKE_PREFIX_PATH}:/home/a/ws_moveit2/install/moveit_configs_utils:/home/a/ws_moveit2/install/launch_param_builder:/opt/ros/humble /opt/st/stm32cubeclt_1.17.0/CMake/bin/cmake --install /home/a/ws_moveit2/build/rosparam_shortcuts
