running egg_info
writing ../../../build/dynamixel_controller_gui/dynamixel_controller_gui.egg-info/PKG-INFO
writing dependency_links to ../../../build/dynamixel_controller_gui/dynamixel_controller_gui.egg-info/dependency_links.txt
writing entry points to ../../../build/dynamixel_controller_gui/dynamixel_controller_gui.egg-info/entry_points.txt
writing requirements to ../../../build/dynamixel_controller_gui/dynamixel_controller_gui.egg-info/requires.txt
writing top-level names to ../../../build/dynamixel_controller_gui/dynamixel_controller_gui.egg-info/top_level.txt
reading manifest file '../../../build/dynamixel_controller_gui/dynamixel_controller_gui.egg-info/SOURCES.txt'
writing manifest file '../../../build/dynamixel_controller_gui/dynamixel_controller_gui.egg-info/SOURCES.txt'
running build
running build_py
copying dynamixel_controller_gui/dynamixel_gui.py -> /home/a/ws_moveit2/build/dynamixel_controller_gui/build/lib/dynamixel_controller_gui
running install
running install_lib
copying /home/a/ws_moveit2/build/dynamixel_controller_gui/build/lib/dynamixel_controller_gui/dynamixel_gui.py -> /home/a/ws_moveit2/install/dynamixel_controller_gui/lib/python3.10/site-packages/dynamixel_controller_gui
byte-compiling /home/a/ws_moveit2/install/dynamixel_controller_gui/lib/python3.10/site-packages/dynamixel_controller_gui/dynamixel_gui.py to dynamixel_gui.cpython-310.pyc
running install_data
running install_egg_info
removing '/home/a/ws_moveit2/install/dynamixel_controller_gui/lib/python3.10/site-packages/dynamixel_controller_gui-0.0.0-py3.10.egg-info' (and everything under it)
Copying ../../../build/dynamixel_controller_gui/dynamixel_controller_gui.egg-info to /home/a/ws_moveit2/install/dynamixel_controller_gui/lib/python3.10/site-packages/dynamixel_controller_gui-0.0.0-py3.10.egg-info
running install_scripts
Installing dynamixel_gui script to /home/a/ws_moveit2/install/dynamixel_controller_gui/lib/dynamixel_controller_gui
writing list of installed files to '/home/a/ws_moveit2/build/dynamixel_controller_gui/install.log'
