[35m[1mConsolidate compiler generated dependencies of target move_to_pose_dual_cpp[0m
[ 33%] Built target move_to_pose_cpp
[ 66%] Built target joystick_servo
[ 83%] [32mBuilding CXX object CMakeFiles/move_to_pose_dual_cpp.dir/src/move_to_pose_dual_cpp.cpp.o[0m
In file included from [01m[K/usr/include/x86_64-linux-gnu/c++/11/bits/c++allocator.h:33[m[K,
                 from [01m[K/usr/include/c++/11/bits/allocator.h:46[m[K,
                 from [01m[K/usr/include/c++/11/memory:64[m[K,
                 from [01m[K/opt/ros/humble/include/rclcpp/rclcpp/rclcpp.hpp:153[m[K,
                 from [01m[K/home/a/ws_moveit2/src/robot_config/src/move_to_pose_dual_cpp.cpp:1[m[K:
/usr/include/c++/11/ext/new_allocator.h: In instantiation of ‘[01m[Kvoid __gnu_cxx::new_allocator<_Tp>::construct(_Up*, _Args&& ...) [with _Up = planning_scene_monitor::PlanningSceneMonitor; _Args = {const char (&)[18]}; _Tp = planning_scene_monitor::PlanningSceneMonitor][m[K’:
[01m[K/usr/include/c++/11/bits/alloc_traits.h:516:17:[m[K   required from ‘[01m[Kstatic void std::allocator_traits<std::allocator<_Tp1> >::construct(std::allocator_traits<std::allocator<_Tp1> >::allocator_type&, _Up*, _Args&& ...) [with _Up = planning_scene_monitor::PlanningSceneMonitor; _Args = {const char (&)[18]}; _Tp = planning_scene_monitor::PlanningSceneMonitor; std::allocator_traits<std::allocator<_Tp1> >::allocator_type = std::allocator<planning_scene_monitor::PlanningSceneMonitor>][m[K’
[01m[K/usr/include/c++/11/bits/shared_ptr_base.h:519:39:[m[K   required from ‘[01m[Kstd::_Sp_counted_ptr_inplace<_Tp, _Alloc, _Lp>::_Sp_counted_ptr_inplace(_Alloc, _Args&& ...) [with _Args = {const char (&)[18]}; _Tp = planning_scene_monitor::PlanningSceneMonitor; _Alloc = std::allocator<planning_scene_monitor::PlanningSceneMonitor>; __gnu_cxx::_Lock_policy _Lp = __gnu_cxx::_S_atomic][m[K’
[01m[K/usr/include/c++/11/bits/shared_ptr_base.h:650:16:[m[K   required from ‘[01m[Kstd::__shared_count<_Lp>::__shared_count(_Tp*&, std::_Sp_alloc_shared_tag<_Alloc>, _Args&& ...) [with _Tp = planning_scene_monitor::PlanningSceneMonitor; _Alloc = std::allocator<planning_scene_monitor::PlanningSceneMonitor>; _Args = {const char (&)[18]}; __gnu_cxx::_Lock_policy _Lp = __gnu_cxx::_S_atomic][m[K’
[01m[K/usr/include/c++/11/bits/shared_ptr_base.h:1342:14:[m[K   required from ‘[01m[Kstd::__shared_ptr<_Tp, _Lp>::__shared_ptr(std::_Sp_alloc_shared_tag<_Tp>, _Args&& ...) [with _Alloc = std::allocator<planning_scene_monitor::PlanningSceneMonitor>; _Args = {const char (&)[18]}; _Tp = planning_scene_monitor::PlanningSceneMonitor; __gnu_cxx::_Lock_policy _Lp = __gnu_cxx::_S_atomic][m[K’
[01m[K/usr/include/c++/11/bits/shared_ptr.h:409:59:[m[K   required from ‘[01m[Kstd::shared_ptr<_Tp>::shared_ptr(std::_Sp_alloc_shared_tag<_Tp>, _Args&& ...) [with _Alloc = std::allocator<planning_scene_monitor::PlanningSceneMonitor>; _Args = {const char (&)[18]}; _Tp = planning_scene_monitor::PlanningSceneMonitor][m[K’
[01m[K/usr/include/c++/11/bits/shared_ptr.h:862:14:[m[K   required from ‘[01m[Kstd::shared_ptr<_Tp> std::allocate_shared(const _Alloc&, _Args&& ...) [with _Tp = planning_scene_monitor::PlanningSceneMonitor; _Alloc = std::allocator<planning_scene_monitor::PlanningSceneMonitor>; _Args = {const char (&)[18]}][m[K’
[01m[K/usr/include/c++/11/bits/shared_ptr.h:878:39:[m[K   required from ‘[01m[Kstd::shared_ptr<_Tp> std::make_shared(_Args&& ...) [with _Tp = planning_scene_monitor::PlanningSceneMonitor; _Args = {const char (&)[18]}][m[K’
[01m[K/home/a/ws_moveit2/src/robot_config/src/move_to_pose_dual_cpp.cpp:871:79:[m[K   required from here
[01m[K/usr/include/c++/11/ext/new_allocator.h:162:11:[m[K [01;31m[Kerror: [m[Kno matching function for call to ‘[01m[Kplanning_scene_monitor::PlanningSceneMonitor::PlanningSceneMonitor(const char [18])[m[K’
  162 |         { [01;31m[K::new((void *)__p) _Up(std::forward<_Args>(__args)...)[m[K; }
      |           [01;31m[K^~~~~~~~~~~~~~~~~~~~~~~~~~~~~~~~~~~~~~~~~~~~~~~~~~~~~~[m[K
In file included from [01m[K/home/a/ws_moveit2/src/robot_config/src/move_to_pose_dual_cpp.cpp:12[m[K:
[01m[K/home/a/ws_moveit2/install/moveit_ros_planning/include/moveit/planning_scene_monitor/planning_scene_monitor.h:176:3:[m[K [01;36m[Knote: [m[Kcandidate: ‘[01m[Kplanning_scene_monitor::PlanningSceneMonitor::PlanningSceneMonitor(const SharedPtr&, const PlanningScenePtr&, const RobotModelLoaderPtr&, const string&)[m[K’
  176 |   [01;36m[KPlanningSceneMonitor[m[K(const rclcpp::Node::SharedPtr& node, const planning_scene::PlanningScenePtr& scene,
      |   [01;36m[K^~~~~~~~~~~~~~~~~~~~[m[K
[01m[K/home/a/ws_moveit2/install/moveit_ros_planning/include/moveit/planning_scene_monitor/planning_scene_monitor.h:176:3:[m[K [01;36m[Knote: [m[K  candidate expects 4 arguments, 1 provided
[01m[K/home/a/ws_moveit2/install/moveit_ros_planning/include/moveit/planning_scene_monitor/planning_scene_monitor.h:169:97:[m[K [01;36m[Knote: [m[Kcandidate: ‘[01m[Kplanning_scene_monitor::PlanningSceneMonitor::PlanningSceneMonitor(const SharedPtr&, const PlanningScenePtr&, const RobotModelLoaderPtr&, const std::shared_ptr<tf2_ros::Buffer>&, const string&)[m[K’
  169 |   [[deprecated("Passing tf2_ros::Buffer to PlanningSceneMonitor's constructor is deprecated")]] [01;36m[KPlanningSceneMonitor[m[K(
      |                                                                                                 [01;36m[K^~~~~~~~~~~~~~~~~~~~[m[K
[01m[K/home/a/ws_moveit2/install/moveit_ros_planning/include/moveit/planning_scene_monitor/planning_scene_monitor.h:169:97:[m[K [01;36m[Knote: [m[K  candidate expects 5 arguments, 1 provided
[01m[K/home/a/ws_moveit2/install/moveit_ros_planning/include/moveit/planning_scene_monitor/planning_scene_monitor.h:160:3:[m[K [01;36m[Knote: [m[Kcandidate: ‘[01m[Kplanning_scene_monitor::PlanningSceneMonitor::PlanningSceneMonitor(const SharedPtr&, const PlanningScenePtr&, const string&, const string&)[m[K’
  160 |   [01;36m[KPlanningSceneMonitor[m[K(const rclcpp::Node::SharedPtr& node, const planning_scene::PlanningScenePtr& scene,
      |   [01;36m[K^~~~~~~~~~~~~~~~~~~~[m[K
[01m[K/home/a/ws_moveit2/install/moveit_ros_planning/include/moveit/planning_scene_monitor/planning_scene_monitor.h:160:3:[m[K [01;36m[Knote: [m[K  candidate expects 4 arguments, 1 provided
[01m[K/home/a/ws_moveit2/install/moveit_ros_planning/include/moveit/planning_scene_monitor/planning_scene_monitor.h:153:97:[m[K [01;36m[Knote: [m[Kcandidate: ‘[01m[Kplanning_scene_monitor::PlanningSceneMonitor::PlanningSceneMonitor(const SharedPtr&, const PlanningScenePtr&, const string&, const std::shared_ptr<tf2_ros::Buffer>&, const string&)[m[K’
  153 |   [[deprecated("Passing tf2_ros::Buffer to PlanningSceneMonitor's constructor is deprecated")]] [01;36m[KPlanningSceneMonitor[m[K(
      |                                                                                                 [01;36m[K^~~~~~~~~~~~~~~~~~~~[m[K
[01m[K/home/a/ws_moveit2/install/moveit_ros_planning/include/moveit/planning_scene_monitor/planning_scene_monitor.h:153:97:[m[K [01;36m[Knote: [m[K  candidate expects 5 arguments, 1 provided
[01m[K/home/a/ws_moveit2/install/moveit_ros_planning/include/moveit/planning_scene_monitor/planning_scene_monitor.h:144:3:[m[K [01;36m[Knote: [m[Kcandidate: ‘[01m[Kplanning_scene_monitor::PlanningSceneMonitor::PlanningSceneMonitor(const SharedPtr&, const RobotModelLoaderPtr&, const string&)[m[K’
  144 |   [01;36m[KPlanningSceneMonitor[m[K(const rclcpp::Node::SharedPtr& node, const robot_model_loader::RobotModelLoaderPtr& rml,
      |   [01;36m[K^~~~~~~~~~~~~~~~~~~~[m[K
[01m[K/home/a/ws_moveit2/install/moveit_ros_planning/include/moveit/planning_scene_monitor/planning_scene_monitor.h:144:3:[m[K [01;36m[Knote: [m[K  candidate expects 3 arguments, 1 provided
[01m[K/home/a/ws_moveit2/install/moveit_ros_planning/include/moveit/planning_scene_monitor/planning_scene_monitor.h:138:97:[m[K [01;36m[Knote: [m[Kcandidate: ‘[01m[Kplanning_scene_monitor::PlanningSceneMonitor::PlanningSceneMonitor(const SharedPtr&, const RobotModelLoaderPtr&, const std::shared_ptr<tf2_ros::Buffer>&, const string&)[m[K’
  138 |   [[deprecated("Passing tf2_ros::Buffer to PlanningSceneMonitor's constructor is deprecated")]] [01;36m[KPlanningSceneMonitor[m[K(
      |                                                                                                 [01;36m[K^~~~~~~~~~~~~~~~~~~~[m[K
[01m[K/home/a/ws_moveit2/install/moveit_ros_planning/include/moveit/planning_scene_monitor/planning_scene_monitor.h:138:97:[m[K [01;36m[Knote: [m[K  candidate expects 4 arguments, 1 provided
[01m[K/home/a/ws_moveit2/install/moveit_ros_planning/include/moveit/planning_scene_monitor/planning_scene_monitor.h:130:3:[m[K [01;36m[Knote: [m[Kcandidate: ‘[01m[Kplanning_scene_monitor::PlanningSceneMonitor::PlanningSceneMonitor(const SharedPtr&, const string&, const string&)[m[K’
  130 |   [01;36m[KPlanningSceneMonitor[m[K(const rclcpp::Node::SharedPtr& node, const std::string& robot_description,
      |   [01;36m[K^~~~~~~~~~~~~~~~~~~~[m[K
[01m[K/home/a/ws_moveit2/install/moveit_ros_planning/include/moveit/planning_scene_monitor/planning_scene_monitor.h:130:3:[m[K [01;36m[Knote: [m[K  candidate expects 3 arguments, 1 provided
[01m[K/home/a/ws_moveit2/install/moveit_ros_planning/include/moveit/planning_scene_monitor/planning_scene_monitor.h:124:97:[m[K [01;36m[Knote: [m[Kcandidate: ‘[01m[Kplanning_scene_monitor::PlanningSceneMonitor::PlanningSceneMonitor(const SharedPtr&, const string&, const std::shared_ptr<tf2_ros::Buffer>&, const string&)[m[K’
  124 |   [[deprecated("Passing tf2_ros::Buffer to PlanningSceneMonitor's constructor is deprecated")]] [01;36m[KPlanningSceneMonitor[m[K(
      |                                                                                                 [01;36m[K^~~~~~~~~~~~~~~~~~~~[m[K
[01m[K/home/a/ws_moveit2/install/moveit_ros_planning/include/moveit/planning_scene_monitor/planning_scene_monitor.h:124:97:[m[K [01;36m[Knote: [m[K  candidate expects 4 arguments, 1 provided
gmake[2]: *** [CMakeFiles/move_to_pose_dual_cpp.dir/build.make:76: CMakeFiles/move_to_pose_dual_cpp.dir/src/move_to_pose_dual_cpp.cpp.o] Error 1
gmake[1]: *** [CMakeFiles/Makefile2:193: CMakeFiles/move_to_pose_dual_cpp.dir/all] Error 2
gmake: *** [Makefile:146: all] Error 2
