[0.000000] (-) TimerEvent: {}
[0.000267] (-) JobUnselected: {'identifier': '0525_arm_description'}
[0.000289] (-) JobUnselected: {'identifier': 'chomp_motion_planner'}
[0.000299] (-) JobUnselected: {'identifier': 'dynamixel_controller'}
[0.000306] (-) JobUnselected: {'identifier': 'dynamixel_controller_client'}
[0.000313] (-) JobUnselected: {'identifier': 'dynamixel_sdk'}
[0.000320] (-) JobUnselected: {'identifier': 'dynamixel_sdk_custom_interfaces'}
[0.000327] (-) JobUnselected: {'identifier': 'dynamixel_sdk_examples'}
[0.000333] (-) JobUnselected: {'identifier': 'field_description'}
[0.000340] (-) JobUnselected: {'identifier': 'field_description'}
[0.000347] (-) JobUnselected: {'identifier': 'hello_moveit'}
[0.000354] (-) JobUnselected: {'identifier': 'launch_param_builder'}
[0.000362] (-) JobUnselected: {'identifier': 'moveit'}
[0.000368] (-) JobUnselected: {'identifier': 'moveit2_tutorials'}
[0.000375] (-) JobUnselected: {'identifier': 'moveit_chomp_optimizer_adapter'}
[0.000381] (-) JobUnselected: {'identifier': 'moveit_common'}
[0.000388] (-) JobUnselected: {'identifier': 'moveit_configs_utils'}
[0.000394] (-) JobUnselected: {'identifier': 'moveit_core'}
[0.000400] (-) JobUnselected: {'identifier': 'moveit_hybrid_planning'}
[0.000407] (-) JobUnselected: {'identifier': 'moveit_kinematics'}
[0.000413] (-) JobUnselected: {'identifier': 'moveit_planners'}
[0.000420] (-) JobUnselected: {'identifier': 'moveit_planners_chomp'}
[0.000426] (-) JobUnselected: {'identifier': 'moveit_planners_ompl'}
[0.000432] (-) JobUnselected: {'identifier': 'moveit_plugins'}
[0.000439] (-) JobUnselected: {'identifier': 'moveit_resources'}
[0.000445] (-) JobUnselected: {'identifier': 'moveit_resources_fanuc_description'}
[0.000452] (-) JobUnselected: {'identifier': 'moveit_resources_fanuc_moveit_config'}
[0.000458] (-) JobUnselected: {'identifier': 'moveit_resources_panda_description'}
[0.000465] (-) JobUnselected: {'identifier': 'moveit_resources_panda_moveit_config'}
[0.000471] (-) JobUnselected: {'identifier': 'moveit_resources_pr2_description'}
[0.000477] (-) JobUnselected: {'identifier': 'moveit_resources_prbt_ikfast_manipulator_plugin'}
[0.000488] (-) JobUnselected: {'identifier': 'moveit_resources_prbt_moveit_config'}
[0.000494] (-) JobUnselected: {'identifier': 'moveit_resources_prbt_pg70_support'}
[0.000679] (-) JobUnselected: {'identifier': 'moveit_resources_prbt_support'}
[0.000688] (-) JobUnselected: {'identifier': 'moveit_ros'}
[0.000696] (-) JobUnselected: {'identifier': 'moveit_ros_benchmarks'}
[0.000703] (-) JobUnselected: {'identifier': 'moveit_ros_control_interface'}
[0.000709] (-) JobUnselected: {'identifier': 'moveit_ros_move_group'}
[0.000716] (-) JobUnselected: {'identifier': 'moveit_ros_occupancy_map_monitor'}
[0.000724] (-) JobUnselected: {'identifier': 'moveit_ros_perception'}
[0.000733] (-) JobUnselected: {'identifier': 'moveit_ros_planning'}
[0.000742] (-) JobUnselected: {'identifier': 'moveit_ros_planning_interface'}
[0.000752] (-) JobUnselected: {'identifier': 'moveit_ros_robot_interaction'}
[0.000759] (-) JobUnselected: {'identifier': 'moveit_ros_visualization'}
[0.000767] (-) JobUnselected: {'identifier': 'moveit_ros_warehouse'}
[0.000775] (-) JobUnselected: {'identifier': 'moveit_runtime'}
[0.000783] (-) JobUnselected: {'identifier': 'moveit_servo'}
[0.000790] (-) JobUnselected: {'identifier': 'moveit_setup_app_plugins'}
[0.000799] (-) JobUnselected: {'identifier': 'moveit_setup_assistant'}
[0.000806] (-) JobUnselected: {'identifier': 'moveit_setup_controllers'}
[0.000814] (-) JobUnselected: {'identifier': 'moveit_setup_core_plugins'}
[0.000821] (-) JobUnselected: {'identifier': 'moveit_setup_framework'}
[0.000829] (-) JobUnselected: {'identifier': 'moveit_setup_srdf_plugins'}
[0.000836] (-) JobUnselected: {'identifier': 'moveit_simple_controller_manager'}
[0.000844] (-) JobUnselected: {'identifier': 'moveit_task_constructor_capabilities'}
[0.000851] (-) JobUnselected: {'identifier': 'moveit_task_constructor_core'}
[0.000858] (-) JobUnselected: {'identifier': 'moveit_task_constructor_demo'}
[0.000866] (-) JobUnselected: {'identifier': 'moveit_task_constructor_msgs'}
[0.000914] (-) JobUnselected: {'identifier': 'moveit_task_constructor_visualization'}
[0.000923] (-) JobUnselected: {'identifier': 'moveit_visual_tools'}
[0.000930] (-) JobUnselected: {'identifier': 'mtc_tutorial'}
[0.000938] (-) JobUnselected: {'identifier': 'pilz_industrial_motion_planner'}
[0.000945] (-) JobUnselected: {'identifier': 'pilz_industrial_motion_planner_testutils'}
[0.000953] (-) JobUnselected: {'identifier': 'robot_config'}
[0.000961] (-) JobUnselected: {'identifier': 'rosparam_shortcuts'}
[0.000968] (-) JobUnselected: {'identifier': 'rviz_marker_tools'}
[0.000975] (-) JobUnselected: {'identifier': 'srdfdom'}
[0.000988] (-) JobUnselected: {'identifier': 'urdf_0816_description'}
[0.001189] (-) EventReactorShutdown: {}
