[0.544s] Invoking command in '/home/a/ws_moveit2/build/object_description': CMAKE_PREFIX_PATH=/opt/ros/humble /usr/bin/cmake --build /home/a/ws_moveit2/build/object_description -- -j22 -l22
[0.990s] Invoked command in '/home/a/ws_moveit2/build/object_description' returned '0': CMAKE_PREFIX_PATH=/opt/ros/humble /usr/bin/cmake --build /home/a/ws_moveit2/build/object_description -- -j22 -l22
[0.991s] Invoking command in '/home/a/ws_moveit2/build/object_description': CMAKE_PREFIX_PATH=/opt/ros/humble /usr/bin/cmake --install /home/a/ws_moveit2/build/object_description
[1.089s] -- Install configuration: ""
[1.090s] -- Up-to-date: /home/a/ws_moveit2/install/object_description/share/object_description/meshes
[1.090s] -- Up-to-date: /home/a/ws_moveit2/install/object_description/share/object_description/meshes/base_link.stl
[1.090s] -- Up-to-date: /home/a/ws_moveit2/install/object_description/share/object_description/urdf
[1.090s] -- Up-to-date: /home/a/ws_moveit2/install/object_description/share/object_description/urdf/object.urdf
[1.090s] -- Up-to-date: /home/a/ws_moveit2/install/object_description/share/object_description/urdf/materials.xacro
[1.090s] -- Up-to-date: /home/a/ws_moveit2/install/object_description/share/object_description/urdf/object.xacro
[1.090s] -- Up-to-date: /home/a/ws_moveit2/install/object_description/share/object_description/urdf/materials.urdf
[1.090s] -- Up-to-date: /home/a/ws_moveit2/install/object_description/share/object_description/urdf/object.trans
[1.090s] -- Up-to-date: /home/a/ws_moveit2/install/object_description/share/object_description/launch
[1.090s] -- Up-to-date: /home/a/ws_moveit2/install/object_description/share/object_description/launch/robot_description.launch.py
[1.090s] -- Up-to-date: /home/a/ws_moveit2/install/object_description/share/ament_index/resource_index/package_run_dependencies/object_description
[1.091s] -- Up-to-date: /home/a/ws_moveit2/install/object_description/share/ament_index/resource_index/parent_prefix_path/object_description
[1.091s] -- Up-to-date: /home/a/ws_moveit2/install/object_description/share/object_description/environment/ament_prefix_path.sh
[1.091s] -- Up-to-date: /home/a/ws_moveit2/install/object_description/share/object_description/environment/ament_prefix_path.dsv
[1.091s] -- Up-to-date: /home/a/ws_moveit2/install/object_description/share/object_description/environment/path.sh
[1.091s] -- Up-to-date: /home/a/ws_moveit2/install/object_description/share/object_description/environment/path.dsv
[1.091s] -- Up-to-date: /home/a/ws_moveit2/install/object_description/share/object_description/local_setup.bash
[1.091s] -- Up-to-date: /home/a/ws_moveit2/install/object_description/share/object_description/local_setup.sh
[1.092s] -- Up-to-date: /home/a/ws_moveit2/install/object_description/share/object_description/local_setup.zsh
[1.092s] -- Up-to-date: /home/a/ws_moveit2/install/object_description/share/object_description/local_setup.dsv
[1.092s] -- Installing: /home/a/ws_moveit2/install/object_description/share/object_description/package.dsv
[1.092s] -- Up-to-date: /home/a/ws_moveit2/install/object_description/share/ament_index/resource_index/packages/object_description
[1.092s] -- Up-to-date: /home/a/ws_moveit2/install/object_description/share/object_description/cmake/object_descriptionConfig.cmake
[1.092s] -- Up-to-date: /home/a/ws_moveit2/install/object_description/share/object_description/cmake/object_descriptionConfig-version.cmake
[1.092s] -- Up-to-date: /home/a/ws_moveit2/install/object_description/share/object_description/package.xml
[1.241s] Invoked command in '/home/a/ws_moveit2/build/object_description' returned '0': CMAKE_PREFIX_PATH=/opt/ros/humble /usr/bin/cmake --install /home/a/ws_moveit2/build/object_description
