Consolidate compiler generated dependencies of target simple_trajectory_recorder
Consolidate compiler generated dependencies of target dual_arm_trajectory_recorder
[ 40%] Built target pose_command_publisher
[ 40%] Built target dual_arm_servo_controller
[ 50%] Building CXX object CMakeFiles/simple_trajectory_recorder.dir/src/simple_trajectory_recorder.cpp.o
[ 70%] Built target move_to_pose_dual_cpp
[ 90%] Built target dual_arm_trajectory_recorder
In file included from /opt/ros/humble/include/rclcpp/rclcpp/logging.hpp:24,
                 from /opt/ros/humble/include/rclcpp/rclcpp/client.hpp:40,
                 from /opt/ros/humble/include/rclcpp/rclcpp/callback_group.hpp:24,
                 from /opt/ros/humble/include/rclcpp/rclcpp/any_executable.hpp:20,
                 from /opt/ros/humble/include/rclcpp/rclcpp/memory_strategy.hpp:25,
                 from /opt/ros/humble/include/rclcpp/rclcpp/memory_strategies.hpp:18,
                 from /opt/ros/humble/include/rclcpp/rclcpp/executor_options.hpp:20,
                 from /opt/ros/humble/include/rclcpp/rclcpp/executor.hpp:37,
                 from /opt/ros/humble/include/rclcpp/rclcpp/executors/multi_threaded_executor.hpp:25,
                 from /opt/ros/humble/include/rclcpp/rclcpp/executors.hpp:21,
                 from /opt/ros/humble/include/rclcpp/rclcpp/rclcpp.hpp:155,
                 from /home/a/ws_moveit2/src/robot_config/src/simple_trajectory_recorder.cpp:1:
/home/a/ws_moveit2/src/robot_config/src/simple_trajectory_recorder.cpp: In member function ‘void SimpleTrajectoryRecorder::printUsageInstructions()’:
/home/a/ws_moveit2/src/robot_config/src/simple_trajectory_recorder.cpp:85:35: warning: zero-length gnu_printf format string [-Wformat-zero-length]
   85 |         RCLCPP_INFO(get_logger(), "");
      |                                   ^~
[100%] Linking CXX executable simple_trajectory_recorder
[100%] Built target simple_trajectory_recorder
-- Install configuration: ""
-- Up-to-date: /home/a/ws_moveit2/install/robot_config/share/robot_config/launch
-- Up-to-date: /home/a/ws_moveit2/install/robot_config/share/robot_config/launch/spawn_controllers.launch.py
-- Up-to-date: /home/a/ws_moveit2/install/robot_config/share/robot_config/launch/warehouse_db.launch.py
-- Up-to-date: /home/a/ws_moveit2/install/robot_config/share/robot_config/launch/dual_arm_demo.launch.py
-- Up-to-date: /home/a/ws_moveit2/install/robot_config/share/robot_config/launch/moveit_rviz.launch.py
-- Up-to-date: /home/a/ws_moveit2/install/robot_config/share/robot_config/launch/rsp.launch.py
-- Up-to-date: /home/a/ws_moveit2/install/robot_config/share/robot_config/launch/move_group.launch.py
-- Up-to-date: /home/a/ws_moveit2/install/robot_config/share/robot_config/launch/static_virtual_joint_tfs.launch.py
-- Up-to-date: /home/a/ws_moveit2/install/robot_config/share/robot_config/launch/dual_arm_trajectory_recorder.launch.py
-- Up-to-date: /home/a/ws_moveit2/install/robot_config/share/robot_config/launch/setup_assistant.launch.py
-- Up-to-date: /home/a/ws_moveit2/install/robot_config/share/robot_config/config
-- Up-to-date: /home/a/ws_moveit2/install/robot_config/share/robot_config/config/ompl_planning.yaml
-- Up-to-date: /home/a/ws_moveit2/install/robot_config/share/robot_config/config/dual_arm_realtime_control.yaml
-- Up-to-date: /home/a/ws_moveit2/install/robot_config/share/robot_config/config/dual_arm.srdf
-- Up-to-date: /home/a/ws_moveit2/install/robot_config/share/robot_config/config/dual_arm_controllers.yaml
-- Up-to-date: /home/a/ws_moveit2/install/robot_config/share/robot_config/config/pilz_cartesian_limits.yaml
-- Up-to-date: /home/a/ws_moveit2/install/robot_config/share/robot_config/config/dual_arm_joint_limits.yaml
-- Up-to-date: /home/a/ws_moveit2/install/robot_config/share/robot_config/config/0525_arm.urdf.xacro.bak
-- Up-to-date: /home/a/ws_moveit2/install/robot_config/share/robot_config/config/right_initial_positions.yaml
-- Up-to-date: /home/a/ws_moveit2/install/robot_config/share/robot_config/config/kinematics.yaml
-- Up-to-date: /home/a/ws_moveit2/install/robot_config/share/robot_config/config/dual_arm_kinematics.yaml
-- Up-to-date: /home/a/ws_moveit2/install/robot_config/share/robot_config/config/dual_arm_gazebo.urdf.xacro
-- Up-to-date: /home/a/ws_moveit2/install/robot_config/share/robot_config/config/ros2_controllers.yaml
-- Up-to-date: /home/a/ws_moveit2/install/robot_config/share/robot_config/config/0525_arm.urdf.xacro
-- Up-to-date: /home/a/ws_moveit2/install/robot_config/share/robot_config/config/dual_arm_moveit_controllers.yaml
-- Up-to-date: /home/a/ws_moveit2/install/robot_config/share/robot_config/config/dual_arm_ompl_planning.yaml
-- Up-to-date: /home/a/ws_moveit2/install/robot_config/share/robot_config/config/dual_arm.urdf
-- Up-to-date: /home/a/ws_moveit2/install/robot_config/share/robot_config/config/0525_arm.ros2_control.xacro
-- Up-to-date: /home/a/ws_moveit2/install/robot_config/share/robot_config/config/joint_limits.yaml
-- Up-to-date: /home/a/ws_moveit2/install/robot_config/share/robot_config/config/pilz_planning.yaml
-- Up-to-date: /home/a/ws_moveit2/install/robot_config/share/robot_config/config/dual_arm_gazebo_controllers.yaml
-- Up-to-date: /home/a/ws_moveit2/install/robot_config/share/robot_config/config/left_initial_positions.yaml
-- Up-to-date: /home/a/ws_moveit2/install/robot_config/share/robot_config/config/0525_arm.srdf
-- Up-to-date: /home/a/ws_moveit2/install/robot_config/share/robot_config/config/moveit_controllers.yaml
-- Up-to-date: /home/a/ws_moveit2/install/robot_config/share/robot_config/config/servo.yaml
-- Up-to-date: /home/a/ws_moveit2/install/robot_config/share/robot_config/config/moveit.rviz
-- Up-to-date: /home/a/ws_moveit2/install/robot_config/share/robot_config/config/stomp_planning.yaml
-- Up-to-date: /home/a/ws_moveit2/install/robot_config/share/robot_config/config/dual_arm.urdf.xacro
-- Up-to-date: /home/a/ws_moveit2/install/robot_config/share/robot_config/config/chomp_planning.yaml
-- Up-to-date: /home/a/ws_moveit2/install/robot_config/share/robot_config/config/pose_commands.yaml
-- Up-to-date: /home/a/ws_moveit2/install/robot_config/share/robot_config/config/initial_positions.yaml
-- Up-to-date: /home/a/ws_moveit2/install/robot_config/share/robot_config/path
-- Up-to-date: /home/a/ws_moveit2/install/robot_config/share/robot_config/.setup_assistant
-- Up-to-date: /home/a/ws_moveit2/install/robot_config/lib/robot_config/publish_collision_mesh.py
-- Up-to-date: /home/a/ws_moveit2/install/robot_config/lib/robot_config/target_pose_router.py
-- Up-to-date: /home/a/ws_moveit2/install/robot_config/lib/robot_config/move_to_pose_dual_cpp
-- Up-to-date: /home/a/ws_moveit2/install/robot_config/lib/robot_config/dual_arm_trajectory_recorder
-- Up-to-date: /home/a/ws_moveit2/install/robot_config/lib/robot_config/pose_command_publisher
-- Up-to-date: /home/a/ws_moveit2/install/robot_config/lib/robot_config/dual_arm_servo_controller
-- Installing: /home/a/ws_moveit2/install/robot_config/lib/robot_config/simple_trajectory_recorder
-- Set runtime path of "/home/a/ws_moveit2/install/robot_config/lib/robot_config/simple_trajectory_recorder" to ""
-- Up-to-date: /home/a/ws_moveit2/install/robot_config/share/ament_index/resource_index/package_run_dependencies/robot_config
-- Up-to-date: /home/a/ws_moveit2/install/robot_config/share/ament_index/resource_index/parent_prefix_path/robot_config
-- Up-to-date: /home/a/ws_moveit2/install/robot_config/share/robot_config/environment/ament_prefix_path.sh
-- Up-to-date: /home/a/ws_moveit2/install/robot_config/share/robot_config/environment/ament_prefix_path.dsv
-- Up-to-date: /home/a/ws_moveit2/install/robot_config/share/robot_config/environment/path.sh
-- Up-to-date: /home/a/ws_moveit2/install/robot_config/share/robot_config/environment/path.dsv
-- Up-to-date: /home/a/ws_moveit2/install/robot_config/share/robot_config/local_setup.bash
-- Up-to-date: /home/a/ws_moveit2/install/robot_config/share/robot_config/local_setup.sh
-- Up-to-date: /home/a/ws_moveit2/install/robot_config/share/robot_config/local_setup.zsh
-- Up-to-date: /home/a/ws_moveit2/install/robot_config/share/robot_config/local_setup.dsv
-- Installing: /home/a/ws_moveit2/install/robot_config/share/robot_config/package.dsv
-- Up-to-date: /home/a/ws_moveit2/install/robot_config/share/ament_index/resource_index/packages/robot_config
-- Up-to-date: /home/a/ws_moveit2/install/robot_config/share/robot_config/cmake/ament_cmake_export_dependencies-extras.cmake
-- Up-to-date: /home/a/ws_moveit2/install/robot_config/share/robot_config/cmake/robot_configConfig.cmake
-- Up-to-date: /home/a/ws_moveit2/install/robot_config/share/robot_config/cmake/robot_configConfig-version.cmake
-- Up-to-date: /home/a/ws_moveit2/install/robot_config/share/robot_config/package.xml
