[  1%] Built target moveit_exceptions
[  2%] Built target gmock_main
[  3%] Built target moveit_kinematics_base
[  4%] Built target moveit_version
[  6%] Built target moveit_butterworth_parameters
[  8%] Built target gmock
[  9%] Built target gtest
[ 10%] Built target moveit_smoothing_base
[ 11%] Built target gtest_main
[ 14%] Built target moveit_utils
[ 15%] Built target moveit_transforms
[ 18%] Built target moveit_distance_field
[ 19%] Built target test_transforms
[ 25%] Built target moveit_robot_model
[ 26%] Built target test_voxel_grid
[ 27%] Built target test_distance_field
[ 30%] Built target moveit_butterworth_filter
[ 30%] Built target moveit_test_utils
[ 33%] Built target moveit_robot_state
[ 34%] Built target test_butterworth_filter
[ 35%] Built target test_robot_model
[ 36%] Built target moveit_dynamics_solver
[ 37%] Built target moveit_kinematics_metrics
[ 38%] Built target test_robot_state_benchmark
[ 39%] Built target moveit_robot_trajectory
[ 40%] Built target test_cartesian_interpolator
[ 42%] Built target test_robot_state
[ 43%] Built target test_robot_state_complex
[ 48%] Built target moveit_collision_detection
[ 49%] Built target test_aabb
[ 50%] Built target test_robot_trajectory
[ 51%] Built target test_world
[ 53%] Built target moveit_planning_interface
[ 55%] Built target test_world_diff
[ 58%] Built target moveit_trajectory_processing
[ 61%] Built target test_all_valid
[ 61%] Built target moveit_collision_detection_fcl
[ 62%] Built target test_ruckig_traj_smoothing
[ 67%] Built target moveit_collision_detection_bullet
[ 69%] Built target test_time_optimal_trajectory_generation
[ 70%] Built target test_time_parameterization
[ 72%] Built target test_fcl_collision_detection_panda
[ 73%] Built target test_fcl_collision_detection
[ 74%] Built target test_fcl_collision_env
[ 76%] Built target moveit_kinematic_constraints
[ 78%] Built target test_bullet_collision_detection_panda
[ 79%] Built target test_bullet_collision_detection
[ 80%] Built target test_bullet_continuous_collision_checking
[ 81%] Built target test_constraints
[ 82%] Built target test_orientation_constraints
[ 84%] Built target moveit_planning_scene
[ 85%] Built target collision_detector_bullet_plugin
[ 86%] Built target test_multi_threaded
[ 87%] Built target moveit_planning_request_adapter
[ 88%] Built target test_planning_scene
[ 89%] Built target collision_detector_fcl_plugin
[ 90%] Built target test_collision_objects
[ 93%] Built target moveit_constraint_samplers
[ 96%] Built target moveit_collision_distance_field
[ 97%] Built target test_collision_distance_field
[100%] Built target test_constraint_samplers
