[0.000000] (-) TimerEvent: {}
[0.000146] (-) JobUnselected: {'identifier': 'catch_gazebo_ros2_control'}
[0.000177] (-) JobUnselected: {'identifier': 'chomp_motion_planner'}
[0.000197] (-) JobUnselected: {'identifier': 'dynamixel_controller'}
[0.000213] (-) JobUnselected: {'identifier': 'dynamixel_controller_client'}
[0.000229] (-) JobUnselected: {'identifier': 'dynamixel_controller_gui'}
[0.000245] (-) JobUnselected: {'identifier': 'dynamixel_sdk'}
[0.000260] (-) JobUnselected: {'identifier': 'dynamixel_sdk_custom_interfaces'}
[0.000287] (-) JobUnselected: {'identifier': 'dynamixel_sdk_examples'}
[0.000302] (-) JobUnselected: {'identifier': 'field_description'}
[0.000317] (-) JobUnselected: {'identifier': 'hello_moveit'}
[0.000331] (-) JobUnselected: {'identifier': 'launch_param_builder'}
[0.000347] (-) JobUnselected: {'identifier': 'moveit'}
[0.000362] (-) JobUnselected: {'identifier': 'moveit2_tutorials'}
[0.000377] (-) JobUnselected: {'identifier': 'moveit_chomp_optimizer_adapter'}
[0.000392] (-) JobUnselected: {'identifier': 'moveit_common'}
[0.000407] (-) JobUnselected: {'identifier': 'moveit_configs_utils'}
[0.000422] (-) JobUnselected: {'identifier': 'moveit_core'}
[0.000438] (-) JobUnselected: {'identifier': 'moveit_hybrid_planning'}
[0.000454] (-) JobUnselected: {'identifier': 'moveit_kinematics'}
[0.000470] (-) JobUnselected: {'identifier': 'moveit_planners'}
[0.000485] (-) JobUnselected: {'identifier': 'moveit_planners_chomp'}
[0.000500] (-) JobUnselected: {'identifier': 'moveit_planners_ompl'}
[0.000515] (-) JobUnselected: {'identifier': 'moveit_plugins'}
[0.000531] (-) JobUnselected: {'identifier': 'moveit_resources'}
[0.000546] (-) JobUnselected: {'identifier': 'moveit_resources_fanuc_description'}
[0.000562] (-) JobUnselected: {'identifier': 'moveit_resources_fanuc_moveit_config'}
[0.000576] (-) JobUnselected: {'identifier': 'moveit_resources_panda_description'}
[0.000591] (-) JobUnselected: {'identifier': 'moveit_resources_panda_moveit_config'}
[0.000606] (-) JobUnselected: {'identifier': 'moveit_resources_pr2_description'}
[0.000621] (-) JobUnselected: {'identifier': 'moveit_resources_prbt_ikfast_manipulator_plugin'}
[0.000637] (-) JobUnselected: {'identifier': 'moveit_resources_prbt_moveit_config'}
[0.000653] (-) JobUnselected: {'identifier': 'moveit_resources_prbt_pg70_support'}
[0.000668] (-) JobUnselected: {'identifier': 'moveit_resources_prbt_support'}
[0.000685] (-) JobUnselected: {'identifier': 'moveit_ros'}
[0.000700] (-) JobUnselected: {'identifier': 'moveit_ros_benchmarks'}
[0.000715] (-) JobUnselected: {'identifier': 'moveit_ros_control_interface'}
[0.000730] (-) JobUnselected: {'identifier': 'moveit_ros_move_group'}
[0.000745] (-) JobUnselected: {'identifier': 'moveit_ros_occupancy_map_monitor'}
[0.000761] (-) JobUnselected: {'identifier': 'moveit_ros_perception'}
[0.000776] (-) JobUnselected: {'identifier': 'moveit_ros_planning'}
[0.000791] (-) JobUnselected: {'identifier': 'moveit_ros_planning_interface'}
[0.000807] (-) JobUnselected: {'identifier': 'moveit_ros_robot_interaction'}
[0.000823] (-) JobUnselected: {'identifier': 'moveit_ros_visualization'}
[0.000838] (-) JobUnselected: {'identifier': 'moveit_ros_warehouse'}
[0.000853] (-) JobUnselected: {'identifier': 'moveit_runtime'}
[0.000868] (-) JobUnselected: {'identifier': 'moveit_servo'}
[0.000882] (-) JobUnselected: {'identifier': 'moveit_setup_app_plugins'}
[0.000896] (-) JobUnselected: {'identifier': 'moveit_setup_assistant'}
[0.000912] (-) JobUnselected: {'identifier': 'moveit_setup_controllers'}
[0.000927] (-) JobUnselected: {'identifier': 'moveit_setup_core_plugins'}
[0.000943] (-) JobUnselected: {'identifier': 'moveit_setup_framework'}
[0.000958] (-) JobUnselected: {'identifier': 'moveit_setup_srdf_plugins'}
[0.000973] (-) JobUnselected: {'identifier': 'moveit_simple_controller_manager'}
[0.000988] (-) JobUnselected: {'identifier': 'moveit_task_constructor_capabilities'}
[0.001003] (-) JobUnselected: {'identifier': 'moveit_task_constructor_core'}
[0.001019] (-) JobUnselected: {'identifier': 'moveit_task_constructor_demo'}
[0.001034] (-) JobUnselected: {'identifier': 'moveit_task_constructor_msgs'}
[0.001057] (-) JobUnselected: {'identifier': 'moveit_task_constructor_visualization'}
[0.001073] (-) JobUnselected: {'identifier': 'moveit_visual_tools'}
[0.001088] (-) JobUnselected: {'identifier': 'mtc_tutorial'}
[0.001102] (-) JobUnselected: {'identifier': 'object_description'}
[0.001118] (-) JobUnselected: {'identifier': 'pilz_industrial_motion_planner'}
[0.001139] (-) JobUnselected: {'identifier': 'pilz_industrial_motion_planner_testutils'}
[0.001153] (-) JobUnselected: {'identifier': 'realsense2_camera'}
[0.001168] (-) JobUnselected: {'identifier': 'realsense2_camera_msgs'}
[0.001183] (-) JobUnselected: {'identifier': 'realsense2_description'}
[0.001198] (-) JobUnselected: {'identifier': 'realsense2_ros_mqtt_bridge'}
[0.001213] (-) JobUnselected: {'identifier': 'robot_config'}
[0.001227] (-) JobUnselected: {'identifier': 'ros_tcp_endpoint'}
[0.001242] (-) JobUnselected: {'identifier': 'rosparam_shortcuts'}
[0.001257] (-) JobUnselected: {'identifier': 'rviz_marker_tools'}
[0.001277] (-) JobUnselected: {'identifier': 'srdfdom'}
[0.001293] (-) JobUnselected: {'identifier': 'trac_ik'}
[0.001308] (-) JobUnselected: {'identifier': 'trac_ik_kinematics_plugin'}
[0.001322] (-) JobUnselected: {'identifier': 'trac_ik_lib'}
[0.001338] (-) JobUnselected: {'identifier': 'urdf_0816_description'}
[0.001354] (-) EventReactorShutdown: {}
