[0.715s] Invoking command in '/home/a/ws_moveit2/build/urdf_0816_description': CMAKE_PREFIX_PATH=/opt/ros/humble /usr/bin/cmake --build /home/a/ws_moveit2/build/urdf_0816_description -- -j22 -l22
[0.830s] Invoked command in '/home/a/ws_moveit2/build/urdf_0816_description' returned '0': CMAKE_PREFIX_PATH=/opt/ros/humble /usr/bin/cmake --build /home/a/ws_moveit2/build/urdf_0816_description -- -j22 -l22
[0.850s] Invoking command in '/home/a/ws_moveit2/build/urdf_0816_description': CMAKE_PREFIX_PATH=/opt/ros/humble /usr/bin/cmake --install /home/a/ws_moveit2/build/urdf_0816_description
[0.929s] -- Install configuration: "Release"
[0.929s] -- Up-to-date: /home/a/ws_moveit2/install/urdf_0816_description/share/urdf_0816_description/meshes
[0.929s] -- Up-to-date: /home/a/ws_moveit2/install/urdf_0816_description/share/urdf_0816_description/meshes/left_finger_1_decimate.stl
[0.929s] -- Up-to-date: /home/a/ws_moveit2/install/urdf_0816_description/share/urdf_0816_description/meshes/EndEffector_1_decimate.stl
[0.929s] -- Up-to-date: /home/a/ws_moveit2/install/urdf_0816_description/share/urdf_0816_description/meshes/link5_1.stl
[0.930s] -- Up-to-date: /home/a/ws_moveit2/install/urdf_0816_description/share/urdf_0816_description/meshes/base_link.stl
[0.930s] -- Up-to-date: /home/a/ws_moveit2/install/urdf_0816_description/share/urdf_0816_description/meshes/left_finger_1.stl
[0.930s] -- Up-to-date: /home/a/ws_moveit2/install/urdf_0816_description/share/urdf_0816_description/meshes/base_link_decimate.stl
[0.930s] -- Up-to-date: /home/a/ws_moveit2/install/urdf_0816_description/share/urdf_0816_description/meshes/link1_1_decimate.stl
[0.930s] -- Up-to-date: /home/a/ws_moveit2/install/urdf_0816_description/share/urdf_0816_description/meshes/link3_1_decimate.stl
[0.930s] -- Up-to-date: /home/a/ws_moveit2/install/urdf_0816_description/share/urdf_0816_description/meshes/link6_1.stl
[0.930s] -- Up-to-date: /home/a/ws_moveit2/install/urdf_0816_description/share/urdf_0816_description/meshes/link1_1.stl
[0.930s] -- Up-to-date: /home/a/ws_moveit2/install/urdf_0816_description/share/urdf_0816_description/meshes/link2_1_decimate.stl
[0.930s] -- Up-to-date: /home/a/ws_moveit2/install/urdf_0816_description/share/urdf_0816_description/meshes/link4_1_decimate.stl
[0.930s] -- Up-to-date: /home/a/ws_moveit2/install/urdf_0816_description/share/urdf_0816_description/meshes/link4_1.stl
[0.931s] -- Up-to-date: /home/a/ws_moveit2/install/urdf_0816_description/share/urdf_0816_description/meshes/right_finger_1_decimate.stl
[0.931s] -- Up-to-date: /home/a/ws_moveit2/install/urdf_0816_description/share/urdf_0816_description/meshes/right_finger_1.stl
[0.931s] -- Up-to-date: /home/a/ws_moveit2/install/urdf_0816_description/share/urdf_0816_description/meshes/link6_1_decimate.stl
[0.931s] -- Up-to-date: /home/a/ws_moveit2/install/urdf_0816_description/share/urdf_0816_description/meshes/EndEffector_1.stl
[0.931s] -- Up-to-date: /home/a/ws_moveit2/install/urdf_0816_description/share/urdf_0816_description/meshes/link2_1.stl
[0.931s] -- Up-to-date: /home/a/ws_moveit2/install/urdf_0816_description/share/urdf_0816_description/meshes/link5_1_decimate.stl
[0.931s] -- Up-to-date: /home/a/ws_moveit2/install/urdf_0816_description/share/urdf_0816_description/meshes/link3_1.stl
[0.931s] -- Up-to-date: /home/a/ws_moveit2/install/urdf_0816_description/share/urdf_0816_description/urdf
[0.931s] -- Up-to-date: /home/a/ws_moveit2/install/urdf_0816_description/share/urdf_0816_description/urdf/urdf_0816_unity.urdf
[0.931s] -- Up-to-date: /home/a/ws_moveit2/install/urdf_0816_description/share/urdf_0816_description/urdf/urdf_0816.trans
[0.931s] -- Up-to-date: /home/a/ws_moveit2/install/urdf_0816_description/share/urdf_0816_description/urdf/materials.xacro
[0.932s] -- Up-to-date: /home/a/ws_moveit2/install/urdf_0816_description/share/urdf_0816_description/urdf/materials.urdf
[0.932s] -- Up-to-date: /home/a/ws_moveit2/install/urdf_0816_description/share/urdf_0816_description/urdf/urdf_0816.xacro
[0.933s] -- Up-to-date: /home/a/ws_moveit2/install/urdf_0816_description/share/urdf_0816_description/urdf/urdf_0816.urdf
[0.933s] -- Up-to-date: /home/a/ws_moveit2/install/urdf_0816_description/share/urdf_0816_description/launch
[0.933s] -- Up-to-date: /home/a/ws_moveit2/install/urdf_0816_description/share/urdf_0816_description/launch/robot_description.launch.py
[0.933s] -- Up-to-date: /home/a/ws_moveit2/install/urdf_0816_description/share/ament_index/resource_index/package_run_dependencies/urdf_0816_description
[0.933s] -- Up-to-date: /home/a/ws_moveit2/install/urdf_0816_description/share/ament_index/resource_index/parent_prefix_path/urdf_0816_description
[0.933s] -- Up-to-date: /home/a/ws_moveit2/install/urdf_0816_description/share/urdf_0816_description/environment/ament_prefix_path.sh
[0.933s] -- Up-to-date: /home/a/ws_moveit2/install/urdf_0816_description/share/urdf_0816_description/environment/ament_prefix_path.dsv
[0.933s] -- Up-to-date: /home/a/ws_moveit2/install/urdf_0816_description/share/urdf_0816_description/environment/path.sh
[0.934s] -- Up-to-date: /home/a/ws_moveit2/install/urdf_0816_description/share/urdf_0816_description/environment/path.dsv
[0.934s] -- Up-to-date: /home/a/ws_moveit2/install/urdf_0816_description/share/urdf_0816_description/local_setup.bash
[0.934s] -- Up-to-date: /home/a/ws_moveit2/install/urdf_0816_description/share/urdf_0816_description/local_setup.sh
[0.934s] -- Up-to-date: /home/a/ws_moveit2/install/urdf_0816_description/share/urdf_0816_description/local_setup.zsh
[0.934s] -- Up-to-date: /home/a/ws_moveit2/install/urdf_0816_description/share/urdf_0816_description/local_setup.dsv
[0.934s] -- Installing: /home/a/ws_moveit2/install/urdf_0816_description/share/urdf_0816_description/package.dsv
[0.934s] -- Up-to-date: /home/a/ws_moveit2/install/urdf_0816_description/share/ament_index/resource_index/packages/urdf_0816_description
[0.934s] -- Up-to-date: /home/a/ws_moveit2/install/urdf_0816_description/share/urdf_0816_description/cmake/urdf_0816_descriptionConfig.cmake
[0.934s] -- Up-to-date: /home/a/ws_moveit2/install/urdf_0816_description/share/urdf_0816_description/cmake/urdf_0816_descriptionConfig-version.cmake
[0.934s] -- Up-to-date: /home/a/ws_moveit2/install/urdf_0816_description/share/urdf_0816_description/package.xml
[0.961s] Invoked command in '/home/a/ws_moveit2/build/urdf_0816_description' returned '0': CMAKE_PREFIX_PATH=/opt/ros/humble /usr/bin/cmake --install /home/a/ws_moveit2/build/urdf_0816_description
