[0.102s] Invoking command in '/home/a/ws_moveit2/build/gazebo_ros2_control': CMAKE_PREFIX_PATH=${CMAKE_PREFIX_PATH}:/home/a/ws_moveit2/install/moveit_configs_utils:/home/a/ws_moveit2/install/launch_param_builder:/opt/ros/humble /opt/st/stm32cubeclt_1.17.0/CMake/bin/cmake /home/a/ws_moveit2/src/gazebo_ros2_control -DCMAKE_INSTALL_PREFIX=/home/a/ws_moveit2/install/gazebo_ros2_control
[0.178s] -- Found ament_cmake: 1.3.12 (/opt/ros/humble/share/ament_cmake/cmake)
[1.505s] -- Found ament_lint_auto: 0.12.14 (/opt/ros/humble/share/ament_lint_auto/cmake)
[2.060s] -- Added test 'cppcheck' to perform static code analysis on C / C++ code
[2.062s] -- Configured cppcheck include dirs: 
[2.063s] -- Configured cppcheck exclude dirs and/or files: 
[2.081s] -- Added test 'flake8' to check Python code syntax and style conventions
[2.097s] -- Added test 'lint_cmake' to check CMake code style
[2.112s] -- Added test 'pep257' to check Python code against some of the docstring style conventions in PEP 257
[2.137s] -- Added test 'uncrustify' to check C / C++ code style
[2.137s] -- Configured uncrustify additional arguments: 
[2.157s] -- Added test 'xmllint' to check XML markup files
[2.187s] -- Configuring done (2.0s)
[2.208s] -- Generating done (0.0s)
[2.233s] -- Build files have been written to: /home/a/ws_moveit2/src/gazebo_ros2_control
[2.247s] Invoked command in '/home/a/ws_moveit2/build/gazebo_ros2_control' returned '0': CMAKE_PREFIX_PATH=${CMAKE_PREFIX_PATH}:/home/a/ws_moveit2/install/moveit_configs_utils:/home/a/ws_moveit2/install/launch_param_builder:/opt/ros/humble /opt/st/stm32cubeclt_1.17.0/CMake/bin/cmake /home/a/ws_moveit2/src/gazebo_ros2_control -DCMAKE_INSTALL_PREFIX=/home/a/ws_moveit2/install/gazebo_ros2_control
[2.266s] Traceback (most recent call last):
  File "/usr/lib/python3/dist-packages/colcon_core/executor/__init__.py", line 91, in __call__
    rc = await self.task(*args, **kwargs)
  File "/usr/lib/python3/dist-packages/colcon_core/task/__init__.py", line 93, in __call__
    return await task_method(*args, **kwargs)
  File "/usr/lib/python3/dist-packages/colcon_ros/task/ament_cmake/build.py", line 65, in build
    has_install_target = await has_target(args.build_base, 'install')
  File "/usr/lib/python3/dist-packages/colcon_cmake/task/cmake/__init__.py", line 128, in has_target
    if 'Unix Makefiles' in generator:
TypeError: argument of type 'NoneType' is not iterable
