[1.864s] Invoking command in '/home/a/ws_moveit2/src/realsense-ros/realsense2_ros_mqtt_bridge': PYTHONPATH=/home/a/ws_moveit2/build/realsense2_ros_mqtt_bridge/prefix_override:/usr/lib/python3/dist-packages/colcon_core/task/python/colcon_distutils_commands:/home/a/ws_moveit2/install/realsense2_ros_mqtt_bridge/lib/python3.10/site-packages:${PYTHONPATH} /usr/bin/python3 -W ignore:setup.py install is deprecated -W ignore:easy_install command is deprecated setup.py egg_info --egg-base ../../../build/realsense2_ros_mqtt_bridge build --build-base /home/a/ws_moveit2/build/realsense2_ros_mqtt_bridge/build install --record /home/a/ws_moveit2/build/realsense2_ros_mqtt_bridge/install.log --single-version-externally-managed install_data
[2.495s] running egg_info
[2.497s] writing ../../../build/realsense2_ros_mqtt_bridge/realsense2_ros_mqtt_bridge.egg-info/PKG-INFO
[2.497s] writing dependency_links to ../../../build/realsense2_ros_mqtt_bridge/realsense2_ros_mqtt_bridge.egg-info/dependency_links.txt
[2.498s] writing entry points to ../../../build/realsense2_ros_mqtt_bridge/realsense2_ros_mqtt_bridge.egg-info/entry_points.txt
[2.498s] writing requirements to ../../../build/realsense2_ros_mqtt_bridge/realsense2_ros_mqtt_bridge.egg-info/requires.txt
[2.498s] writing top-level names to ../../../build/realsense2_ros_mqtt_bridge/realsense2_ros_mqtt_bridge.egg-info/top_level.txt
[2.503s] reading manifest file '../../../build/realsense2_ros_mqtt_bridge/realsense2_ros_mqtt_bridge.egg-info/SOURCES.txt'
[2.505s] writing manifest file '../../../build/realsense2_ros_mqtt_bridge/realsense2_ros_mqtt_bridge.egg-info/SOURCES.txt'
[2.506s] running build
[2.506s] running build_py
[2.508s] running install
[2.509s] running install_lib
[2.514s] running install_data
[2.514s] running install_egg_info
[2.520s] removing '/home/a/ws_moveit2/install/realsense2_ros_mqtt_bridge/lib/python3.10/site-packages/realsense2_ros_mqtt_bridge-0.0.0-py3.10.egg-info' (and everything under it)
[2.520s] Copying ../../../build/realsense2_ros_mqtt_bridge/realsense2_ros_mqtt_bridge.egg-info to /home/a/ws_moveit2/install/realsense2_ros_mqtt_bridge/lib/python3.10/site-packages/realsense2_ros_mqtt_bridge-0.0.0-py3.10.egg-info
[2.522s] running install_scripts
[2.588s] Installing realsense2_ros_mqtt_bridge script to /home/a/ws_moveit2/install/realsense2_ros_mqtt_bridge/lib/realsense2_ros_mqtt_bridge
[2.589s] writing list of installed files to '/home/a/ws_moveit2/build/realsense2_ros_mqtt_bridge/install.log'
[2.655s] Invoked command in '/home/a/ws_moveit2/src/realsense-ros/realsense2_ros_mqtt_bridge' returned '0': PYTHONPATH=/home/a/ws_moveit2/build/realsense2_ros_mqtt_bridge/prefix_override:/usr/lib/python3/dist-packages/colcon_core/task/python/colcon_distutils_commands:/home/a/ws_moveit2/install/realsense2_ros_mqtt_bridge/lib/python3.10/site-packages:${PYTHONPATH} /usr/bin/python3 -W ignore:setup.py install is deprecated -W ignore:easy_install command is deprecated setup.py egg_info --egg-base ../../../build/realsense2_ros_mqtt_bridge build --build-base /home/a/ws_moveit2/build/realsense2_ros_mqtt_bridge/build install --record /home/a/ws_moveit2/build/realsense2_ros_mqtt_bridge/install.log --single-version-externally-managed install_data
