[1.042s] Invoking command in '/home/a/ws_moveit2/build/object_description': CMAKE_PREFIX_PATH=${CMAKE_PREFIX_PATH}:/home/a/ws_moveit2/install/moveit_configs_utils:/home/a/ws_moveit2/install/ros_tcp_endpoint:/home/a/ws_moveit2/install/realsense2_ros_mqtt_bridge:/home/a/ws_moveit2/install/launch_param_builder:/home/a/ws_moveit2/install/dynamixel_controller_gui:/home/a/ws_moveit2/install/dynamixel_controller_client:/home/a/ws_moveit2/install/d415_rgb_depth_3d:/opt/ros/humble /usr/bin/cmake --build /home/a/ws_moveit2/build/object_description -- -j22 -l22
[1.823s] Invoked command in '/home/a/ws_moveit2/build/object_description' returned '0': CMAKE_PREFIX_PATH=${CMAKE_PREFIX_PATH}:/home/a/ws_moveit2/install/moveit_configs_utils:/home/a/ws_moveit2/install/ros_tcp_endpoint:/home/a/ws_moveit2/install/realsense2_ros_mqtt_bridge:/home/a/ws_moveit2/install/launch_param_builder:/home/a/ws_moveit2/install/dynamixel_controller_gui:/home/a/ws_moveit2/install/dynamixel_controller_client:/home/a/ws_moveit2/install/d415_rgb_depth_3d:/opt/ros/humble /usr/bin/cmake --build /home/a/ws_moveit2/build/object_description -- -j22 -l22
[1.826s] Invoking command in '/home/a/ws_moveit2/build/object_description': CMAKE_PREFIX_PATH=${CMAKE_PREFIX_PATH}:/home/a/ws_moveit2/install/moveit_configs_utils:/home/a/ws_moveit2/install/ros_tcp_endpoint:/home/a/ws_moveit2/install/realsense2_ros_mqtt_bridge:/home/a/ws_moveit2/install/launch_param_builder:/home/a/ws_moveit2/install/dynamixel_controller_gui:/home/a/ws_moveit2/install/dynamixel_controller_client:/home/a/ws_moveit2/install/d415_rgb_depth_3d:/opt/ros/humble /usr/bin/cmake --install /home/a/ws_moveit2/build/object_description
[1.974s] -- Install configuration: ""
[1.974s] -- Up-to-date: /home/a/ws_moveit2/install/object_description/share/object_description/meshes
[1.974s] -- Up-to-date: /home/a/ws_moveit2/install/object_description/share/object_description/meshes/base_link.stl
[1.974s] -- Up-to-date: /home/a/ws_moveit2/install/object_description/share/object_description/urdf
[1.974s] -- Up-to-date: /home/a/ws_moveit2/install/object_description/share/object_description/urdf/object.urdf
[1.975s] -- Up-to-date: /home/a/ws_moveit2/install/object_description/share/object_description/urdf/materials.xacro
[1.975s] -- Up-to-date: /home/a/ws_moveit2/install/object_description/share/object_description/urdf/object.xacro
[1.975s] -- Up-to-date: /home/a/ws_moveit2/install/object_description/share/object_description/urdf/materials.urdf
[1.975s] -- Up-to-date: /home/a/ws_moveit2/install/object_description/share/object_description/urdf/object.trans
[1.975s] -- Up-to-date: /home/a/ws_moveit2/install/object_description/share/object_description/launch
[1.976s] -- Up-to-date: /home/a/ws_moveit2/install/object_description/share/object_description/launch/robot_description.launch.py
[1.976s] -- Up-to-date: /home/a/ws_moveit2/install/object_description/share/ament_index/resource_index/package_run_dependencies/object_description
[1.976s] -- Up-to-date: /home/a/ws_moveit2/install/object_description/share/ament_index/resource_index/parent_prefix_path/object_description
[1.976s] -- Up-to-date: /home/a/ws_moveit2/install/object_description/share/object_description/environment/ament_prefix_path.sh
[1.976s] -- Up-to-date: /home/a/ws_moveit2/install/object_description/share/object_description/environment/ament_prefix_path.dsv
[1.976s] -- Up-to-date: /home/a/ws_moveit2/install/object_description/share/object_description/environment/path.sh
[1.976s] -- Up-to-date: /home/a/ws_moveit2/install/object_description/share/object_description/environment/path.dsv
[1.977s] -- Up-to-date: /home/a/ws_moveit2/install/object_description/share/object_description/local_setup.bash
[1.977s] -- Up-to-date: /home/a/ws_moveit2/install/object_description/share/object_description/local_setup.sh
[1.977s] -- Up-to-date: /home/a/ws_moveit2/install/object_description/share/object_description/local_setup.zsh
[1.979s] -- Up-to-date: /home/a/ws_moveit2/install/object_description/share/object_description/local_setup.dsv
[1.980s] -- Installing: /home/a/ws_moveit2/install/object_description/share/object_description/package.dsv
[1.980s] -- Up-to-date: /home/a/ws_moveit2/install/object_description/share/ament_index/resource_index/packages/object_description
[1.982s] -- Up-to-date: /home/a/ws_moveit2/install/object_description/share/object_description/cmake/object_descriptionConfig.cmake
[1.983s] -- Up-to-date: /home/a/ws_moveit2/install/object_description/share/object_description/cmake/object_descriptionConfig-version.cmake
[1.984s] -- Up-to-date: /home/a/ws_moveit2/install/object_description/share/object_description/package.xml
[2.333s] Invoked command in '/home/a/ws_moveit2/build/object_description' returned '0': CMAKE_PREFIX_PATH=${CMAKE_PREFIX_PATH}:/home/a/ws_moveit2/install/moveit_configs_utils:/home/a/ws_moveit2/install/ros_tcp_endpoint:/home/a/ws_moveit2/install/realsense2_ros_mqtt_bridge:/home/a/ws_moveit2/install/launch_param_builder:/home/a/ws_moveit2/install/dynamixel_controller_gui:/home/a/ws_moveit2/install/dynamixel_controller_client:/home/a/ws_moveit2/install/d415_rgb_depth_3d:/opt/ros/humble /usr/bin/cmake --install /home/a/ws_moveit2/build/object_description
