[0.008s] Invoking command in '/home/a/ws_moveit2/build/moveit_common': CMAKE_PREFIX_PATH=${CMAKE_PREFIX_PATH}:/home/a/ws_moveit2/install/moveit_configs_utils:/home/a/ws_moveit2/install/launch_param_builder:/home/a/ws_moveit2/install/dynamixel_controller_client:/opt/ros/humble /usr/bin/cmake /home/a/ws_moveit2/src/moveit2/moveit_common -DCMAKE_BUILD_TYPE=Release -DCMAKE_INSTALL_PREFIX=/home/a/ws_moveit2/install/moveit_common
[0.016s] -- Found ament_cmake: 1.3.12 (/opt/ros/humble/share/ament_cmake/cmake)
[0.093s] -- Found ament_lint_auto: 0.12.14 (/opt/ros/humble/share/ament_lint_auto/cmake)
[0.134s] -- Added test 'copyright' to check source files copyright and LICENSE
[0.135s] -- Added test 'lint_cmake' to check CMake code style
[0.135s] -- Added test 'xmllint' to check XML markup files
[0.136s] -- Configuring done
[0.137s] -- Generating done
[0.138s] -- Build files have been written to: /home/a/ws_moveit2/build/moveit_common
[0.140s] Invoked command in '/home/a/ws_moveit2/build/moveit_common' returned '0': CMAKE_PREFIX_PATH=${CMAKE_PREFIX_PATH}:/home/a/ws_moveit2/install/moveit_configs_utils:/home/a/ws_moveit2/install/launch_param_builder:/home/a/ws_moveit2/install/dynamixel_controller_client:/opt/ros/humble /usr/bin/cmake /home/a/ws_moveit2/src/moveit2/moveit_common -DCMAKE_BUILD_TYPE=Release -DCMAKE_INSTALL_PREFIX=/home/a/ws_moveit2/install/moveit_common
[0.142s] Invoking command in '/home/a/ws_moveit2/build/moveit_common': CMAKE_PREFIX_PATH=${CMAKE_PREFIX_PATH}:/home/a/ws_moveit2/install/moveit_configs_utils:/home/a/ws_moveit2/install/launch_param_builder:/home/a/ws_moveit2/install/dynamixel_controller_client:/opt/ros/humble /usr/bin/cmake --build /home/a/ws_moveit2/build/moveit_common -- -j22 -l22
[0.176s] Invoked command in '/home/a/ws_moveit2/build/moveit_common' returned '0': CMAKE_PREFIX_PATH=${CMAKE_PREFIX_PATH}:/home/a/ws_moveit2/install/moveit_configs_utils:/home/a/ws_moveit2/install/launch_param_builder:/home/a/ws_moveit2/install/dynamixel_controller_client:/opt/ros/humble /usr/bin/cmake --build /home/a/ws_moveit2/build/moveit_common -- -j22 -l22
[0.177s] Invoking command in '/home/a/ws_moveit2/build/moveit_common': CMAKE_PREFIX_PATH=${CMAKE_PREFIX_PATH}:/home/a/ws_moveit2/install/moveit_configs_utils:/home/a/ws_moveit2/install/launch_param_builder:/home/a/ws_moveit2/install/dynamixel_controller_client:/opt/ros/humble /usr/bin/cmake --install /home/a/ws_moveit2/build/moveit_common
[0.185s] -- Install configuration: "Release"
[0.185s] -- Up-to-date: /home/a/ws_moveit2/install/moveit_common/share/ament_index/resource_index/package_run_dependencies/moveit_common
[0.185s] -- Up-to-date: /home/a/ws_moveit2/install/moveit_common/share/ament_index/resource_index/parent_prefix_path/moveit_common
[0.186s] -- Up-to-date: /home/a/ws_moveit2/install/moveit_common/share/moveit_common/environment/ament_prefix_path.sh
[0.186s] -- Installing: /home/a/ws_moveit2/install/moveit_common/share/moveit_common/environment/ament_prefix_path.dsv
[0.186s] -- Up-to-date: /home/a/ws_moveit2/install/moveit_common/share/moveit_common/environment/path.sh
[0.186s] -- Installing: /home/a/ws_moveit2/install/moveit_common/share/moveit_common/environment/path.dsv
[0.186s] -- Up-to-date: /home/a/ws_moveit2/install/moveit_common/share/moveit_common/local_setup.bash
[0.186s] -- Up-to-date: /home/a/ws_moveit2/install/moveit_common/share/moveit_common/local_setup.sh
[0.186s] -- Up-to-date: /home/a/ws_moveit2/install/moveit_common/share/moveit_common/local_setup.zsh
[0.186s] -- Installing: /home/a/ws_moveit2/install/moveit_common/share/moveit_common/local_setup.dsv
[0.186s] -- Installing: /home/a/ws_moveit2/install/moveit_common/share/moveit_common/package.dsv
[0.186s] -- Up-to-date: /home/a/ws_moveit2/install/moveit_common/share/ament_index/resource_index/packages/moveit_common
[0.186s] -- Up-to-date: /home/a/ws_moveit2/install/moveit_common/share/moveit_common/cmake/moveit_common-extras.cmake
[0.186s] -- Up-to-date: /home/a/ws_moveit2/install/moveit_common/share/moveit_common/cmake/moveit_commonConfig.cmake
[0.186s] -- Up-to-date: /home/a/ws_moveit2/install/moveit_common/share/moveit_common/cmake/moveit_commonConfig-version.cmake
[0.186s] -- Up-to-date: /home/a/ws_moveit2/install/moveit_common/share/moveit_common/package.xml
[0.187s] -- Up-to-date: /home/a/ws_moveit2/install/moveit_common/share/moveit_common/cmake
[0.187s] -- Up-to-date: /home/a/ws_moveit2/install/moveit_common/share/moveit_common/cmake/moveit_package.cmake
[0.188s] Invoked command in '/home/a/ws_moveit2/build/moveit_common' returned '0': CMAKE_PREFIX_PATH=${CMAKE_PREFIX_PATH}:/home/a/ws_moveit2/install/moveit_configs_utils:/home/a/ws_moveit2/install/launch_param_builder:/home/a/ws_moveit2/install/dynamixel_controller_client:/opt/ros/humble /usr/bin/cmake --install /home/a/ws_moveit2/build/moveit_common
