[0.046s] Invoking command in '/home/a/ws_moveit2/build/srdfdom': CMAKE_PREFIX_PATH=/opt/ros/humble /usr/bin/cmake --build /home/a/ws_moveit2/build/srdfdom -- -j22 -l22
[0.968s] [ 27%] Built target srdfdom
[0.969s] [ 45%] Built target gtest
[0.969s] [ 63%] Built target gtest_main
[0.969s] [ 63%] Built target ament_cmake_python_copy_srdfdom
[0.969s] [ 81%] Built target test_cpp_C
[0.969s] [100%] Built target test_cpp_nl_NL.UTF-8
[0.969s] running egg_info
[0.969s] writing srdfdom.egg-info/PKG-INFO
[0.969s] writing dependency_links to srdfdom.egg-info/dependency_links.txt
[0.969s] writing top-level names to srdfdom.egg-info/top_level.txt
[0.969s] reading manifest file 'srdfdom.egg-info/SOURCES.txt'
[0.969s] writing manifest file 'srdfdom.egg-info/SOURCES.txt'
[0.969s] [100%] Built target ament_cmake_python_build_srdfdom_egg
[1.012s] Invoked command in '/home/a/ws_moveit2/build/srdfdom' returned '0': CMAKE_PREFIX_PATH=/opt/ros/humble /usr/bin/cmake --build /home/a/ws_moveit2/build/srdfdom -- -j22 -l22
[1.014s] Invoking command in '/home/a/ws_moveit2/build/srdfdom': CMAKE_PREFIX_PATH=/opt/ros/humble /usr/bin/cmake --install /home/a/ws_moveit2/build/srdfdom
[1.110s] -- Install configuration: "Release"
[1.111s] -- Up-to-date: /home/a/ws_moveit2/install/srdfdom/lib/libsrdfdom.so.2.0.7
[1.111s] -- Up-to-date: /home/a/ws_moveit2/install/srdfdom/lib/libsrdfdom.so
[1.111s] -- Up-to-date: /home/a/ws_moveit2/install/srdfdom/include/srdfdom
[1.111s] -- Up-to-date: /home/a/ws_moveit2/install/srdfdom/include/srdfdom/srdfdom
[1.111s] -- Up-to-date: /home/a/ws_moveit2/install/srdfdom/include/srdfdom/srdfdom/srdf_writer.h
[1.111s] -- Up-to-date: /home/a/ws_moveit2/install/srdfdom/include/srdfdom/srdfdom/model.h
[1.111s] -- Up-to-date: /home/a/ws_moveit2/install/srdfdom/include/srdfdom/srdfdom/visibility_control.h
[1.111s] -- Up-to-date: /home/a/ws_moveit2/install/srdfdom/lib/srdfdom/display_srdf
[1.111s] -- Up-to-date: /home/a/ws_moveit2/install/srdfdom/share/srdfdom/environment/pythonpath.sh
[1.111s] -- Up-to-date: /home/a/ws_moveit2/install/srdfdom/share/srdfdom/environment/pythonpath.dsv
[1.112s] -- Up-to-date: /home/a/ws_moveit2/install/srdfdom/local/lib/python3.10/dist-packages/srdfdom-2.0.7-py3.10.egg-info
[1.112s] -- Installing: /home/a/ws_moveit2/install/srdfdom/local/lib/python3.10/dist-packages/srdfdom-2.0.7-py3.10.egg-info/top_level.txt
[1.112s] -- Installing: /home/a/ws_moveit2/install/srdfdom/local/lib/python3.10/dist-packages/srdfdom-2.0.7-py3.10.egg-info/SOURCES.txt
[1.112s] -- Installing: /home/a/ws_moveit2/install/srdfdom/local/lib/python3.10/dist-packages/srdfdom-2.0.7-py3.10.egg-info/PKG-INFO
[1.112s] -- Installing: /home/a/ws_moveit2/install/srdfdom/local/lib/python3.10/dist-packages/srdfdom-2.0.7-py3.10.egg-info/dependency_links.txt
[1.112s] -- Up-to-date: /home/a/ws_moveit2/install/srdfdom/local/lib/python3.10/dist-packages/srdfdom
[1.112s] -- Up-to-date: /home/a/ws_moveit2/install/srdfdom/local/lib/python3.10/dist-packages/srdfdom/srdf.py
[1.112s] -- Up-to-date: /home/a/ws_moveit2/install/srdfdom/local/lib/python3.10/dist-packages/srdfdom/__init__.py
[1.157s] Listing '/home/a/ws_moveit2/install/srdfdom/local/lib/python3.10/dist-packages/srdfdom'...
[1.157s] -- Up-to-date: /home/a/ws_moveit2/install/srdfdom/share/srdfdom/environment/library_path.sh
[1.157s] -- Up-to-date: /home/a/ws_moveit2/install/srdfdom/share/srdfdom/environment/library_path.dsv
[1.157s] -- Up-to-date: /home/a/ws_moveit2/install/srdfdom/share/ament_index/resource_index/package_run_dependencies/srdfdom
[1.158s] -- Up-to-date: /home/a/ws_moveit2/install/srdfdom/share/ament_index/resource_index/parent_prefix_path/srdfdom
[1.158s] -- Up-to-date: /home/a/ws_moveit2/install/srdfdom/share/srdfdom/environment/ament_prefix_path.sh
[1.158s] -- Up-to-date: /home/a/ws_moveit2/install/srdfdom/share/srdfdom/environment/ament_prefix_path.dsv
[1.158s] -- Up-to-date: /home/a/ws_moveit2/install/srdfdom/share/srdfdom/environment/path.sh
[1.158s] -- Up-to-date: /home/a/ws_moveit2/install/srdfdom/share/srdfdom/environment/path.dsv
[1.158s] -- Up-to-date: /home/a/ws_moveit2/install/srdfdom/share/srdfdom/local_setup.bash
[1.158s] -- Up-to-date: /home/a/ws_moveit2/install/srdfdom/share/srdfdom/local_setup.sh
[1.158s] -- Up-to-date: /home/a/ws_moveit2/install/srdfdom/share/srdfdom/local_setup.zsh
[1.158s] -- Up-to-date: /home/a/ws_moveit2/install/srdfdom/share/srdfdom/local_setup.dsv
[1.158s] -- Installing: /home/a/ws_moveit2/install/srdfdom/share/srdfdom/package.dsv
[1.158s] -- Up-to-date: /home/a/ws_moveit2/install/srdfdom/share/ament_index/resource_index/packages/srdfdom
[1.158s] -- Up-to-date: /home/a/ws_moveit2/install/srdfdom/share/srdfdom/cmake/srdfdomTargetsExport.cmake
[1.158s] -- Up-to-date: /home/a/ws_moveit2/install/srdfdom/share/srdfdom/cmake/srdfdomTargetsExport-release.cmake
[1.159s] -- Up-to-date: /home/a/ws_moveit2/install/srdfdom/share/srdfdom/cmake/ament_cmake_export_targets-extras.cmake
[1.159s] -- Up-to-date: /home/a/ws_moveit2/install/srdfdom/share/srdfdom/cmake/ament_cmake_export_dependencies-extras.cmake
[1.159s] -- Up-to-date: /home/a/ws_moveit2/install/srdfdom/share/srdfdom/cmake/srdfdomConfig.cmake
[1.159s] -- Up-to-date: /home/a/ws_moveit2/install/srdfdom/share/srdfdom/cmake/srdfdomConfig-version.cmake
[1.159s] -- Up-to-date: /home/a/ws_moveit2/install/srdfdom/share/srdfdom/package.xml
