[1.573s] Invoking command in '/home/a/ws_moveit2/src/realsense-ros/realsense2_ros_mqtt_bridge': PYTHONPATH=/home/a/ws_moveit2/build/realsense2_ros_mqtt_bridge/prefix_override:/usr/lib/python3/dist-packages/colcon_core/task/python/colcon_distutils_commands:/home/a/ws_moveit2/install/realsense2_ros_mqtt_bridge/lib/python3.10/site-packages:${PYTHONPATH} /usr/bin/python3 -W ignore:setup.py install is deprecated -W ignore:easy_install command is deprecated setup.py egg_info --egg-base ../../../build/realsense2_ros_mqtt_bridge build --build-base /home/a/ws_moveit2/build/realsense2_ros_mqtt_bridge/build install --record /home/a/ws_moveit2/build/realsense2_ros_mqtt_bridge/install.log --single-version-externally-managed install_data
[1.793s] running egg_info
[1.794s] writing ../../../build/realsense2_ros_mqtt_bridge/realsense2_ros_mqtt_bridge.egg-info/PKG-INFO
[1.794s] writing dependency_links to ../../../build/realsense2_ros_mqtt_bridge/realsense2_ros_mqtt_bridge.egg-info/dependency_links.txt
[1.794s] writing entry points to ../../../build/realsense2_ros_mqtt_bridge/realsense2_ros_mqtt_bridge.egg-info/entry_points.txt
[1.794s] writing requirements to ../../../build/realsense2_ros_mqtt_bridge/realsense2_ros_mqtt_bridge.egg-info/requires.txt
[1.795s] writing top-level names to ../../../build/realsense2_ros_mqtt_bridge/realsense2_ros_mqtt_bridge.egg-info/top_level.txt
[1.796s] reading manifest file '../../../build/realsense2_ros_mqtt_bridge/realsense2_ros_mqtt_bridge.egg-info/SOURCES.txt'
[1.797s] writing manifest file '../../../build/realsense2_ros_mqtt_bridge/realsense2_ros_mqtt_bridge.egg-info/SOURCES.txt'
[1.800s] running build
[1.800s] running build_py
[1.804s] running install
[1.804s] running install_lib
[1.808s] running install_data
[1.808s] running install_egg_info
[1.808s] removing '/home/a/ws_moveit2/install/realsense2_ros_mqtt_bridge/lib/python3.10/site-packages/realsense2_ros_mqtt_bridge-0.0.0-py3.10.egg-info' (and everything under it)
[1.808s] Copying ../../../build/realsense2_ros_mqtt_bridge/realsense2_ros_mqtt_bridge.egg-info to /home/a/ws_moveit2/install/realsense2_ros_mqtt_bridge/lib/python3.10/site-packages/realsense2_ros_mqtt_bridge-0.0.0-py3.10.egg-info
[1.810s] running install_scripts
[1.823s] Installing realsense2_ros_mqtt_bridge script to /home/a/ws_moveit2/install/realsense2_ros_mqtt_bridge/lib/realsense2_ros_mqtt_bridge
[1.824s] writing list of installed files to '/home/a/ws_moveit2/build/realsense2_ros_mqtt_bridge/install.log'
[1.849s] Invoked command in '/home/a/ws_moveit2/src/realsense-ros/realsense2_ros_mqtt_bridge' returned '0': PYTHONPATH=/home/a/ws_moveit2/build/realsense2_ros_mqtt_bridge/prefix_override:/usr/lib/python3/dist-packages/colcon_core/task/python/colcon_distutils_commands:/home/a/ws_moveit2/install/realsense2_ros_mqtt_bridge/lib/python3.10/site-packages:${PYTHONPATH} /usr/bin/python3 -W ignore:setup.py install is deprecated -W ignore:easy_install command is deprecated setup.py egg_info --egg-base ../../../build/realsense2_ros_mqtt_bridge build --build-base /home/a/ws_moveit2/build/realsense2_ros_mqtt_bridge/build install --record /home/a/ws_moveit2/build/realsense2_ros_mqtt_bridge/install.log --single-version-externally-managed install_data
