[0.000000] (-) TimerEvent: {}
[0.000439] (-) JobUnselected: {'identifier': 'catch_gazebo_ros2_control'}
[0.000569] (-) JobUnselected: {'identifier': 'chomp_motion_planner'}
[0.000602] (-) JobUnselected: {'identifier': 'd415_rgb_depth_3d'}
[0.000630] (-) JobUnselected: {'identifier': 'dynamixel_controller'}
[0.000656] (-) JobUnselected: {'identifier': 'dynamixel_controller_client'}
[0.000683] (-) JobUnselected: {'identifier': 'dynamixel_controller_gui'}
[0.000708] (-) JobUnselected: {'identifier': 'dynamixel_sdk'}
[0.000734] (-) JobUnselected: {'identifier': 'dynamixel_sdk_custom_interfaces'}
[0.000760] (-) JobUnselected: {'identifier': 'dynamixel_sdk_examples'}
[0.000785] (-) JobUnselected: {'identifier': 'field_description'}
[0.000810] (-) JobUnselected: {'identifier': 'hello_moveit'}
[0.000835] (-) JobUnselected: {'identifier': 'launch_param_builder'}
[0.000860] (-) JobUnselected: {'identifier': 'moveit'}
[0.000885] (-) JobUnselected: {'identifier': 'moveit2_tutorials'}
[0.000910] (-) JobUnselected: {'identifier': 'moveit_chomp_optimizer_adapter'}
[0.000934] (-) JobUnselected: {'identifier': 'moveit_common'}
[0.000959] (-) JobUnselected: {'identifier': 'moveit_configs_utils'}
[0.000984] (-) JobUnselected: {'identifier': 'moveit_core'}
[0.001009] (-) JobUnselected: {'identifier': 'moveit_hybrid_planning'}
[0.001035] (-) JobUnselected: {'identifier': 'moveit_kinematics'}
[0.001059] (-) JobUnselected: {'identifier': 'moveit_planners'}
[0.001129] (-) JobUnselected: {'identifier': 'moveit_planners_chomp'}
[0.001158] (-) JobUnselected: {'identifier': 'moveit_planners_ompl'}
[0.001171] (-) JobUnselected: {'identifier': 'moveit_plugins'}
[0.001180] (-) JobUnselected: {'identifier': 'moveit_resources'}
[0.001187] (-) JobUnselected: {'identifier': 'moveit_resources_fanuc_description'}
[0.001196] (-) JobUnselected: {'identifier': 'moveit_resources_fanuc_moveit_config'}
[0.001204] (-) JobUnselected: {'identifier': 'moveit_resources_panda_description'}
[0.001211] (-) JobUnselected: {'identifier': 'moveit_resources_panda_moveit_config'}
[0.001218] (-) JobUnselected: {'identifier': 'moveit_resources_pr2_description'}
[0.001225] (-) JobUnselected: {'identifier': 'moveit_resources_prbt_ikfast_manipulator_plugin'}
[0.001233] (-) JobUnselected: {'identifier': 'moveit_resources_prbt_moveit_config'}
[0.001241] (-) JobUnselected: {'identifier': 'moveit_resources_prbt_pg70_support'}
[0.001247] (-) JobUnselected: {'identifier': 'moveit_resources_prbt_support'}
[0.001254] (-) JobUnselected: {'identifier': 'moveit_ros'}
[0.001261] (-) JobUnselected: {'identifier': 'moveit_ros_benchmarks'}
[0.001268] (-) JobUnselected: {'identifier': 'moveit_ros_control_interface'}
[0.001274] (-) JobUnselected: {'identifier': 'moveit_ros_move_group'}
[0.001281] (-) JobUnselected: {'identifier': 'moveit_ros_occupancy_map_monitor'}
[0.001287] (-) JobUnselected: {'identifier': 'moveit_ros_perception'}
[0.001294] (-) JobUnselected: {'identifier': 'moveit_ros_planning'}
[0.001300] (-) JobUnselected: {'identifier': 'moveit_ros_planning_interface'}
[0.001307] (-) JobUnselected: {'identifier': 'moveit_ros_robot_interaction'}
[0.001314] (-) JobUnselected: {'identifier': 'moveit_ros_visualization'}
[0.001320] (-) JobUnselected: {'identifier': 'moveit_ros_warehouse'}
[0.001327] (-) JobUnselected: {'identifier': 'moveit_runtime'}
[0.001334] (-) JobUnselected: {'identifier': 'moveit_servo'}
[0.001341] (-) JobUnselected: {'identifier': 'moveit_setup_app_plugins'}
[0.001347] (-) JobUnselected: {'identifier': 'moveit_setup_assistant'}
[0.001354] (-) JobUnselected: {'identifier': 'moveit_setup_controllers'}
[0.001361] (-) JobUnselected: {'identifier': 'moveit_setup_core_plugins'}
[0.001368] (-) JobUnselected: {'identifier': 'moveit_setup_framework'}
[0.001374] (-) JobUnselected: {'identifier': 'moveit_setup_srdf_plugins'}
[0.001381] (-) JobUnselected: {'identifier': 'moveit_simple_controller_manager'}
[0.001388] (-) JobUnselected: {'identifier': 'moveit_task_constructor_capabilities'}
[0.001395] (-) JobUnselected: {'identifier': 'moveit_task_constructor_core'}
[0.001401] (-) JobUnselected: {'identifier': 'moveit_task_constructor_demo'}
[0.001411] (-) JobUnselected: {'identifier': 'moveit_task_constructor_msgs'}
[0.001418] (-) JobUnselected: {'identifier': 'moveit_task_constructor_visualization'}
[0.001425] (-) JobUnselected: {'identifier': 'moveit_visual_tools'}
[0.001432] (-) JobUnselected: {'identifier': 'mtc_tutorial'}
[0.001438] (-) JobUnselected: {'identifier': 'object_description'}
[0.001445] (-) JobUnselected: {'identifier': 'pilz_industrial_motion_planner'}
[0.001452] (-) JobUnselected: {'identifier': 'pilz_industrial_motion_planner_testutils'}
[0.001459] (-) JobUnselected: {'identifier': 'realsense2_camera'}
[0.001466] (-) JobUnselected: {'identifier': 'realsense2_camera_msgs'}
[0.001472] (-) JobUnselected: {'identifier': 'realsense2_description'}
[0.001479] (-) JobUnselected: {'identifier': 'realsense2_ros_mqtt_bridge'}
[0.001486] (-) JobUnselected: {'identifier': 'robot_config'}
[0.001493] (-) JobUnselected: {'identifier': 'ros_tcp_endpoint'}
[0.001500] (-) JobUnselected: {'identifier': 'rosparam_shortcuts'}
[0.001507] (-) JobUnselected: {'identifier': 'rviz_marker_tools'}
[0.001517] (-) JobUnselected: {'identifier': 'srdfdom'}
[0.001525] (-) JobUnselected: {'identifier': 'trac_ik'}
[0.001533] (-) JobUnselected: {'identifier': 'trac_ik_kinematics_plugin'}
[0.001542] (-) JobUnselected: {'identifier': 'trac_ik_lib'}
[0.001551] (-) JobUnselected: {'identifier': 'urdf_0816_description'}
[0.001566] (-) EventReactorShutdown: {}
