[0.018s] Invoking command in '/home/a/ws_moveit2/build/moveit_ros_planning': AMENT_PREFIX_PATH=/home/a/ws_moveit2/install/moveit_ros_occupancy_map_monitor:/home/a/ws_moveit2/install/moveit_core:/home/a/ws_moveit2/install/moveit_resources_panda_moveit_config:/home/a/ws_moveit2/install/moveit_configs_utils:/home/a/ws_moveit2/install/srdfdom:/home/a/ws_moveit2/install/moveit_resources_pr2_description:/home/a/ws_moveit2/install/moveit_resources_panda_description:/home/a/ws_moveit2/install/moveit_common:/home/a/ws_moveit2/install/launch_param_builder:${AMENT_PREFIX_PATH} CMAKE_PREFIX_PATH=/home/a/ws_moveit2/install/moveit_ros_occupancy_map_monitor:/home/a/ws_moveit2/install/moveit_core:/home/a/ws_moveit2/install/moveit_resources_panda_moveit_config:/home/a/ws_moveit2/install/srdfdom:/home/a/ws_moveit2/install/moveit_resources_pr2_description:/home/a/ws_moveit2/install/moveit_resources_panda_description:/home/a/ws_moveit2/install/moveit_common:/opt/ros/humble LD_LIBRARY_PATH=/home/a/ws_moveit2/install/moveit_ros_occupancy_map_monitor/lib:/home/a/ws_moveit2/install/moveit_core/lib:/home/a/ws_moveit2/install/srdfdom/lib:${LD_LIBRARY_PATH} PATH=/home/a/ws_moveit2/install/moveit_core/bin:${PATH} PYTHONPATH=/home/a/ws_moveit2/install/moveit_configs_utils/lib/python3.10/site-packages:/home/a/ws_moveit2/install/srdfdom/local/lib/python3.10/dist-packages:/home/a/ws_moveit2/install/launch_param_builder/lib/python3.10/site-packages:${PYTHONPATH} /usr/bin/cmake /home/a/ws_moveit2/src/moveit2/moveit_ros/planning -DCMAKE_INSTALL_PREFIX=/home/a/ws_moveit2/install/moveit_ros_planning
[0.030s] -- Found moveit_common: 2.5.9 (/home/a/ws_moveit2/install/moveit_common/share/moveit_common/cmake)
[0.030s] -- Found ament_cmake: 1.3.12 (/opt/ros/humble/share/ament_cmake/cmake)
[0.157s] -- Found moveit_msgs: 2.2.1 (/opt/ros/humble/share/moveit_msgs/cmake)
[0.172s] -- Found rosidl_generator_c: 3.1.7 (/opt/ros/humble/share/rosidl_generator_c/cmake)
[0.173s] -- Found rosidl_adapter: 3.1.7 (/opt/ros/humble/share/rosidl_adapter/cmake)
[0.177s] -- Found rosidl_generator_cpp: 3.1.7 (/opt/ros/humble/share/rosidl_generator_cpp/cmake)
[0.184s] -- Using all available rosidl_typesupport_c: rosidl_typesupport_fastrtps_c;rosidl_typesupport_introspection_c
[0.191s] -- Using all available rosidl_typesupport_cpp: rosidl_typesupport_fastrtps_cpp;rosidl_typesupport_introspection_cpp
[0.289s] -- Found pluginlib: 5.1.0 (/opt/ros/humble/share/pluginlib/cmake)
[0.297s] -- Found rclcpp: 16.0.14 (/opt/ros/humble/share/rclcpp/cmake)
[0.312s] -- Found rmw_implementation_cmake: 6.1.2 (/opt/ros/humble/share/rmw_implementation_cmake/cmake)
[0.313s] -- Found rmw_fastrtps_cpp: 6.2.8 (/opt/ros/humble/share/rmw_fastrtps_cpp/cmake)
[0.324s] -- Found TinyXML2 via Config file: TinyXML2_DIR-NOTFOUND
[0.330s] -- Found TinyXML2 via Config file: TinyXML2_DIR-NOTFOUND
[0.340s] -- Found TinyXML2 via Config file: TinyXML2_DIR-NOTFOUND
[0.345s] -- Found TinyXML2 via Config file: TinyXML2_DIR-NOTFOUND
[0.351s] -- Using RMW implementation 'rmw_fastrtps_cpp' as default
[0.373s] -- Found message_filters: 4.3.8 (/opt/ros/humble/share/message_filters/cmake)
[0.374s] -- Found srdfdom: 2.0.7 (/home/a/ws_moveit2/install/srdfdom/share/srdfdom/cmake)
[0.378s] -- Found tf2: 0.25.16 (/opt/ros/humble/share/tf2/cmake)
[0.380s] -- Found tf2_geometry_msgs: 0.25.16 (/opt/ros/humble/share/tf2_geometry_msgs/cmake)
[0.382s] -- Found eigen3_cmake_module: 0.1.1 (/opt/ros/humble/share/eigen3_cmake_module/cmake)
[0.383s] -- Ensuring Eigen3 include directory is part of orocos-kdl CMake target
[0.415s] -- Found tf2_eigen: 0.25.16 (/opt/ros/humble/share/tf2_eigen/cmake)
[0.417s] -- Found moveit_core: 2.5.9 (/home/a/ws_moveit2/install/moveit_core/share/moveit_core/cmake)
[0.426s] -- Found Boost: /usr/lib/x86_64-linux-gnu/cmake/Boost-1.74.0/BoostConfig.cmake (found version "1.74.0") found components: chrono date_time filesystem iostreams program_options regex serialization system thread 
[0.440s] -- Found parameter_traits: 0.5.0 (/opt/ros/humble/share/parameter_traits/cmake)
[0.444s] -- Found rclcpp_lifecycle: 16.0.14 (/opt/ros/humble/share/rclcpp_lifecycle/cmake)
[0.456s] -- Found Boost: /usr/lib/x86_64-linux-gnu/cmake/Boost-1.74.0/BoostConfig.cmake (found version "1.74.0") found components: filesystem 
[0.476s] -- library: /usr/lib/x86_64-linux-gnu/libcurl.so
[0.504s] -- Found moveit_ros_occupancy_map_monitor: 2.5.9 (/home/a/ws_moveit2/install/moveit_ros_occupancy_map_monitor/share/moveit_ros_occupancy_map_monitor/cmake)
[0.513s] -- Found Boost: /usr/lib/x86_64-linux-gnu/cmake/Boost-1.74.0/BoostConfig.cmake (found version "1.74.0") found components: system filesystem date_time program_options thread chrono 
[0.558s] -- Found ament_cmake_gtest: 1.3.12 (/opt/ros/humble/share/ament_cmake_gtest/cmake)
[0.558s] -- Found ament_cmake_gmock: 1.3.12 (/opt/ros/humble/share/ament_cmake_gmock/cmake)
[0.558s] -- Found ros_testing: 0.4.0 (/opt/ros/humble/share/ros_testing/cmake)
[0.558s] -- Found launch_testing_ament_cmake: 1.0.10 (/opt/ros/humble/share/launch_testing_ament_cmake/cmake)
[0.559s] -- Found python_cmake_module: 0.10.0 (/opt/ros/humble/share/python_cmake_module/cmake)
[0.573s] -- Using PYTHON_EXECUTABLE: /usr/bin/python3
[0.573s] -- Using PYTHON_INCLUDE_DIRS: /usr/include/python3.10
[0.573s] -- Using PYTHON_LIBRARIES: /usr/lib/x86_64-linux-gnu/libpython3.10.so
[0.574s] -- Found gmock sources under '/opt/ros/humble/src/gmock_vendor': C++ tests using 'Google Mock' will be built
[0.577s] -- Found gtest sources under '/opt/ros/humble/src/gtest_vendor': C++ tests using 'Google Test' will be built
[0.609s] -- Found ament_lint_auto: 0.12.14 (/opt/ros/humble/share/ament_lint_auto/cmake)
[0.617s] -- Found launch_testing_ament_cmake: 1.0.10 (/opt/ros/humble/share/launch_testing_ament_cmake/cmake)
[0.617s] -- Found python_cmake_module: 0.10.0 (/opt/ros/humble/share/python_cmake_module/cmake)
[0.631s] -- Using PYTHON_EXECUTABLE: /usr/bin/python3
[0.631s] -- Using PYTHON_INCLUDE_DIRS: /usr/include/python3.10
[0.631s] -- Using PYTHON_LIBRARIES: /usr/lib/x86_64-linux-gnu/libpython3.10.so
[0.652s] -- Added test 'cppcheck' to perform static code analysis on C / C++ code
[0.652s] -- Configured cppcheck include dirs: /home/a/ws_moveit2/src/moveit2/moveit_ros/planning/rdf_loader/include;/home/a/ws_moveit2/src/moveit2/moveit_ros/planning/kinematics_plugin_loader/include;/home/a/ws_moveit2/src/moveit2/moveit_ros/planning/robot_model_loader/include;/home/a/ws_moveit2/src/moveit2/moveit_ros/planning/constraint_sampler_manager_loader/include;/home/a/ws_moveit2/src/moveit2/moveit_ros/planning/planning_pipeline/include;/home/a/ws_moveit2/src/moveit2/moveit_ros/planning/planning_scene_monitor/include;/home/a/ws_moveit2/src/moveit2/moveit_ros/planning/trajectory_execution_manager/include;/home/a/ws_moveit2/src/moveit2/moveit_ros/planning/plan_execution/include;/home/a/ws_moveit2/src/moveit2/moveit_ros/planning/collision_plugin_loader/include;/home/a/ws_moveit2/src/moveit2/moveit_ros/planning/moveit_cpp/include
[0.652s] -- Configured cppcheck exclude dirs and/or files: 
[0.653s] -- Added test 'lint_cmake' to check CMake code style
[0.653s] -- Added test 'pep257' to check Python code against some of the docstring style conventions in PEP 257
[0.654s] -- Added test 'xmllint' to check XML markup files
[0.656s] -- Configuring done
[0.882s] -- Generating done
[0.933s] -- Build files have been written to: /home/a/ws_moveit2/build/moveit_ros_planning
[0.947s] Invoked command in '/home/a/ws_moveit2/build/moveit_ros_planning' returned '0': AMENT_PREFIX_PATH=/home/a/ws_moveit2/install/moveit_ros_occupancy_map_monitor:/home/a/ws_moveit2/install/moveit_core:/home/a/ws_moveit2/install/moveit_resources_panda_moveit_config:/home/a/ws_moveit2/install/moveit_configs_utils:/home/a/ws_moveit2/install/srdfdom:/home/a/ws_moveit2/install/moveit_resources_pr2_description:/home/a/ws_moveit2/install/moveit_resources_panda_description:/home/a/ws_moveit2/install/moveit_common:/home/a/ws_moveit2/install/launch_param_builder:${AMENT_PREFIX_PATH} CMAKE_PREFIX_PATH=/home/a/ws_moveit2/install/moveit_ros_occupancy_map_monitor:/home/a/ws_moveit2/install/moveit_core:/home/a/ws_moveit2/install/moveit_resources_panda_moveit_config:/home/a/ws_moveit2/install/srdfdom:/home/a/ws_moveit2/install/moveit_resources_pr2_description:/home/a/ws_moveit2/install/moveit_resources_panda_description:/home/a/ws_moveit2/install/moveit_common:/opt/ros/humble LD_LIBRARY_PATH=/home/a/ws_moveit2/install/moveit_ros_occupancy_map_monitor/lib:/home/a/ws_moveit2/install/moveit_core/lib:/home/a/ws_moveit2/install/srdfdom/lib:${LD_LIBRARY_PATH} PATH=/home/a/ws_moveit2/install/moveit_core/bin:${PATH} PYTHONPATH=/home/a/ws_moveit2/install/moveit_configs_utils/lib/python3.10/site-packages:/home/a/ws_moveit2/install/srdfdom/local/lib/python3.10/dist-packages:/home/a/ws_moveit2/install/launch_param_builder/lib/python3.10/site-packages:${PYTHONPATH} /usr/bin/cmake /home/a/ws_moveit2/src/moveit2/moveit_ros/planning -DCMAKE_INSTALL_PREFIX=/home/a/ws_moveit2/install/moveit_ros_planning
[0.949s] Invoking command in '/home/a/ws_moveit2/build/moveit_ros_planning': AMENT_PREFIX_PATH=/home/a/ws_moveit2/install/moveit_ros_occupancy_map_monitor:/home/a/ws_moveit2/install/moveit_core:/home/a/ws_moveit2/install/moveit_resources_panda_moveit_config:/home/a/ws_moveit2/install/moveit_configs_utils:/home/a/ws_moveit2/install/srdfdom:/home/a/ws_moveit2/install/moveit_resources_pr2_description:/home/a/ws_moveit2/install/moveit_resources_panda_description:/home/a/ws_moveit2/install/moveit_common:/home/a/ws_moveit2/install/launch_param_builder:${AMENT_PREFIX_PATH} CMAKE_PREFIX_PATH=/home/a/ws_moveit2/install/moveit_ros_occupancy_map_monitor:/home/a/ws_moveit2/install/moveit_core:/home/a/ws_moveit2/install/moveit_resources_panda_moveit_config:/home/a/ws_moveit2/install/srdfdom:/home/a/ws_moveit2/install/moveit_resources_pr2_description:/home/a/ws_moveit2/install/moveit_resources_panda_description:/home/a/ws_moveit2/install/moveit_common:/opt/ros/humble LD_LIBRARY_PATH=/home/a/ws_moveit2/install/moveit_ros_occupancy_map_monitor/lib:/home/a/ws_moveit2/install/moveit_core/lib:/home/a/ws_moveit2/install/srdfdom/lib:${LD_LIBRARY_PATH} PATH=/home/a/ws_moveit2/install/moveit_core/bin:${PATH} PYTHONPATH=/home/a/ws_moveit2/install/moveit_configs_utils/lib/python3.10/site-packages:/home/a/ws_moveit2/install/srdfdom/local/lib/python3.10/dist-packages:/home/a/ws_moveit2/install/launch_param_builder/lib/python3.10/site-packages:${PYTHONPATH} /usr/bin/cmake --build /home/a/ws_moveit2/build/moveit_ros_planning -- -j22 -l22
[0.987s] [35m[1mConsolidate compiler generated dependencies of target gtest_main[0m
[0.987s] [35m[1mConsolidate compiler generated dependencies of target gtest[0m
[0.988s] [35m[1mConsolidate compiler generated dependencies of target gmock_main[0m
[0.988s] [35m[1mConsolidate compiler generated dependencies of target moveit_list_request_adapter_plugins[0m
[0.989s] [35m[1mConsolidate compiler generated dependencies of target moveit_planning_pipeline[0m
[0.990s] [35m[1mConsolidate compiler generated dependencies of target moveit_collision_plugin_loader[0m
[0.990s] [35m[1mConsolidate compiler generated dependencies of target moveit_rdf_loader[0m
[0.990s] [35m[1mConsolidate compiler generated dependencies of target gmock[0m
[0.995s] [  2%] Built target gtest_main
[0.997s] [  5%] Built target gmock_main
[0.997s] [  8%] Built target gtest
[1.000s] [ 13%] Built target gmock
[1.000s] [ 17%] Built target moveit_rdf_loader
[1.001s] [ 20%] Built target moveit_collision_plugin_loader
[1.003s] [ 23%] Built target moveit_planning_pipeline
[1.003s] [ 26%] Built target moveit_list_request_adapter_plugins
[1.006s] [35m[1mConsolidate compiler generated dependencies of target moveit_default_planning_request_adapter_plugins[0m
[1.008s] [35m[1mConsolidate compiler generated dependencies of target moveit_kinematics_plugin_loader[0m
[1.008s] [35m[1mConsolidate compiler generated dependencies of target moveit_constraint_sampler_manager_loader[0m
[1.021s] [ 29%] Built target moveit_constraint_sampler_manager_loader
[1.021s] [ 32%] Built target moveit_kinematics_plugin_loader
[1.030s] [35m[1mConsolidate compiler generated dependencies of target moveit_robot_model_loader[0m
[1.041s] [ 35%] Built target moveit_robot_model_loader
[1.043s] [ 51%] Built target moveit_default_planning_request_adapter_plugins
[1.053s] [35m[1mConsolidate compiler generated dependencies of target moveit_print_planning_model_info[0m
[1.058s] [35m[1mConsolidate compiler generated dependencies of target moveit_planning_scene_monitor[0m
[1.067s] [ 54%] Built target moveit_print_planning_model_info
[1.089s] [ 63%] Built target moveit_planning_scene_monitor
[1.098s] [35m[1mConsolidate compiler generated dependencies of target moveit_trajectory_execution_manager[0m
[1.099s] [35m[1mConsolidate compiler generated dependencies of target moveit_print_planning_scene_info[0m
[1.099s] [35m[1mConsolidate compiler generated dependencies of target moveit_evaluate_collision_checking_speed[0m
[1.099s] [35m[1mConsolidate compiler generated dependencies of target planning_scene_monitor_test[0m
[1.099s] [35m[1mConsolidate compiler generated dependencies of target current_state_monitor_tests[0m
[1.100s] [35m[1mConsolidate compiler generated dependencies of target moveit_display_random_state[0m
[1.100s] [35m[1mConsolidate compiler generated dependencies of target demo_scene[0m
[1.101s] [35m[1mConsolidate compiler generated dependencies of target moveit_visualize_robot_collision_volume[0m
[1.101s] [35m[1mConsolidate compiler generated dependencies of target trajectory_monitor_tests[0m
[1.101s] [35m[1mConsolidate compiler generated dependencies of target moveit_publish_scene_from_text[0m
[1.114s] [ 66%] Built target moveit_trajectory_execution_manager
[1.114s] [ 69%] Built target moveit_print_planning_scene_info
[1.114s] [ 72%] Built target moveit_display_random_state
[1.115s] [ 75%] Built target current_state_monitor_tests
[1.116s] [ 77%] Built target planning_scene_monitor_test
[1.117s] [ 80%] Built target moveit_evaluate_collision_checking_speed
[1.118s] [ 83%] Built target trajectory_monitor_tests
[1.118s] [ 86%] Built target moveit_publish_scene_from_text
[1.122s] [ 89%] Built target demo_scene
[1.122s] [ 92%] Built target moveit_visualize_robot_collision_volume
[1.123s] [35m[1mConsolidate compiler generated dependencies of target moveit_plan_execution[0m
[1.124s] [35m[1mConsolidate compiler generated dependencies of target moveit_cpp[0m
[1.139s] [ 95%] Built target moveit_plan_execution
[1.142s] [100%] Built target moveit_cpp
[1.149s] Invoked command in '/home/a/ws_moveit2/build/moveit_ros_planning' returned '0': AMENT_PREFIX_PATH=/home/a/ws_moveit2/install/moveit_ros_occupancy_map_monitor:/home/a/ws_moveit2/install/moveit_core:/home/a/ws_moveit2/install/moveit_resources_panda_moveit_config:/home/a/ws_moveit2/install/moveit_configs_utils:/home/a/ws_moveit2/install/srdfdom:/home/a/ws_moveit2/install/moveit_resources_pr2_description:/home/a/ws_moveit2/install/moveit_resources_panda_description:/home/a/ws_moveit2/install/moveit_common:/home/a/ws_moveit2/install/launch_param_builder:${AMENT_PREFIX_PATH} CMAKE_PREFIX_PATH=/home/a/ws_moveit2/install/moveit_ros_occupancy_map_monitor:/home/a/ws_moveit2/install/moveit_core:/home/a/ws_moveit2/install/moveit_resources_panda_moveit_config:/home/a/ws_moveit2/install/srdfdom:/home/a/ws_moveit2/install/moveit_resources_pr2_description:/home/a/ws_moveit2/install/moveit_resources_panda_description:/home/a/ws_moveit2/install/moveit_common:/opt/ros/humble LD_LIBRARY_PATH=/home/a/ws_moveit2/install/moveit_ros_occupancy_map_monitor/lib:/home/a/ws_moveit2/install/moveit_core/lib:/home/a/ws_moveit2/install/srdfdom/lib:${LD_LIBRARY_PATH} PATH=/home/a/ws_moveit2/install/moveit_core/bin:${PATH} PYTHONPATH=/home/a/ws_moveit2/install/moveit_configs_utils/lib/python3.10/site-packages:/home/a/ws_moveit2/install/srdfdom/local/lib/python3.10/dist-packages:/home/a/ws_moveit2/install/launch_param_builder/lib/python3.10/site-packages:${PYTHONPATH} /usr/bin/cmake --build /home/a/ws_moveit2/build/moveit_ros_planning -- -j22 -l22
[1.151s] Invoking command in '/home/a/ws_moveit2/build/moveit_ros_planning': AMENT_PREFIX_PATH=/home/a/ws_moveit2/install/moveit_ros_occupancy_map_monitor:/home/a/ws_moveit2/install/moveit_core:/home/a/ws_moveit2/install/moveit_resources_panda_moveit_config:/home/a/ws_moveit2/install/moveit_configs_utils:/home/a/ws_moveit2/install/srdfdom:/home/a/ws_moveit2/install/moveit_resources_pr2_description:/home/a/ws_moveit2/install/moveit_resources_panda_description:/home/a/ws_moveit2/install/moveit_common:/home/a/ws_moveit2/install/launch_param_builder:${AMENT_PREFIX_PATH} CMAKE_PREFIX_PATH=/home/a/ws_moveit2/install/moveit_ros_occupancy_map_monitor:/home/a/ws_moveit2/install/moveit_core:/home/a/ws_moveit2/install/moveit_resources_panda_moveit_config:/home/a/ws_moveit2/install/srdfdom:/home/a/ws_moveit2/install/moveit_resources_pr2_description:/home/a/ws_moveit2/install/moveit_resources_panda_description:/home/a/ws_moveit2/install/moveit_common:/opt/ros/humble LD_LIBRARY_PATH=/home/a/ws_moveit2/install/moveit_ros_occupancy_map_monitor/lib:/home/a/ws_moveit2/install/moveit_core/lib:/home/a/ws_moveit2/install/srdfdom/lib:${LD_LIBRARY_PATH} PATH=/home/a/ws_moveit2/install/moveit_core/bin:${PATH} PYTHONPATH=/home/a/ws_moveit2/install/moveit_configs_utils/lib/python3.10/site-packages:/home/a/ws_moveit2/install/srdfdom/local/lib/python3.10/dist-packages:/home/a/ws_moveit2/install/launch_param_builder/lib/python3.10/site-packages:${PYTHONPATH} /usr/bin/cmake --install /home/a/ws_moveit2/build/moveit_ros_planning
[1.155s] -- Install configuration: "Release"
[1.155s] -- Up-to-date: /home/a/ws_moveit2/install/moveit_ros_planning/include
[1.155s] -- Up-to-date: /home/a/ws_moveit2/install/moveit_ros_planning/include/moveit
[1.156s] -- Up-to-date: /home/a/ws_moveit2/install/moveit_ros_planning/include/moveit/rdf_loader
[1.156s] -- Up-to-date: /home/a/ws_moveit2/install/moveit_ros_planning/include/moveit/rdf_loader/synchronized_string_parameter.h
[1.156s] -- Up-to-date: /home/a/ws_moveit2/install/moveit_ros_planning/include/moveit/rdf_loader/rdf_loader.h
[1.156s] -- Up-to-date: /home/a/ws_moveit2/install/moveit_ros_planning/share/moveit_ros_planning/rdf_loader/test/data
[1.156s] -- Up-to-date: /home/a/ws_moveit2/install/moveit_ros_planning/share/moveit_ros_planning/rdf_loader/test/data/robin.srdf.xacro
[1.157s] -- Up-to-date: /home/a/ws_moveit2/install/moveit_ros_planning/share/moveit_ros_planning/rdf_loader/test/data/gonzo.srdf
[1.157s] -- Up-to-date: /home/a/ws_moveit2/install/moveit_ros_planning/share/moveit_ros_planning/rdf_loader/test/data/kermit.srdf
[1.157s] -- Up-to-date: /home/a/ws_moveit2/install/moveit_ros_planning/share/moveit_ros_planning/rdf_loader/test/data/kermit.urdf
[1.157s] -- Up-to-date: /home/a/ws_moveit2/install/moveit_ros_planning/share/moveit_ros_planning/rdf_loader/test/data/gonzo.urdf
[1.157s] -- Up-to-date: /home/a/ws_moveit2/install/moveit_ros_planning/share/moveit_ros_planning/rdf_loader/test/launch
[1.157s] -- Up-to-date: /home/a/ws_moveit2/install/moveit_ros_planning/share/moveit_ros_planning/rdf_loader/test/launch/test_rdf_integration.test.py
[1.157s] -- Up-to-date: /home/a/ws_moveit2/install/moveit_ros_planning/include
[1.157s] -- Up-to-date: /home/a/ws_moveit2/install/moveit_ros_planning/include/moveit
[1.157s] -- Up-to-date: /home/a/ws_moveit2/install/moveit_ros_planning/include/moveit/collision_plugin_loader
[1.157s] -- Up-to-date: /home/a/ws_moveit2/install/moveit_ros_planning/include/moveit/collision_plugin_loader/collision_plugin_loader.h
[1.157s] -- Up-to-date: /home/a/ws_moveit2/install/moveit_ros_planning/include
[1.157s] -- Up-to-date: /home/a/ws_moveit2/install/moveit_ros_planning/include/moveit
[1.157s] -- Up-to-date: /home/a/ws_moveit2/install/moveit_ros_planning/include/moveit/kinematics_plugin_loader
[1.157s] -- Up-to-date: /home/a/ws_moveit2/install/moveit_ros_planning/include/moveit/kinematics_plugin_loader/kinematics_plugin_loader.h
[1.158s] -- Up-to-date: /home/a/ws_moveit2/install/moveit_ros_planning/include
[1.158s] -- Up-to-date: /home/a/ws_moveit2/install/moveit_ros_planning/include/moveit
[1.158s] -- Up-to-date: /home/a/ws_moveit2/install/moveit_ros_planning/include/moveit/robot_model_loader
[1.158s] -- Up-to-date: /home/a/ws_moveit2/install/moveit_ros_planning/include/moveit/robot_model_loader/robot_model_loader.h
[1.158s] -- Up-to-date: /home/a/ws_moveit2/install/moveit_ros_planning/include
[1.158s] -- Up-to-date: /home/a/ws_moveit2/install/moveit_ros_planning/include/moveit
[1.158s] -- Up-to-date: /home/a/ws_moveit2/install/moveit_ros_planning/include/moveit/constraint_sampler_manager_loader
[1.158s] -- Up-to-date: /home/a/ws_moveit2/install/moveit_ros_planning/include/moveit/constraint_sampler_manager_loader/constraint_sampler_manager_loader.h
[1.158s] -- Up-to-date: /home/a/ws_moveit2/install/moveit_ros_planning/include
[1.158s] -- Up-to-date: /home/a/ws_moveit2/install/moveit_ros_planning/include/moveit
[1.158s] -- Up-to-date: /home/a/ws_moveit2/install/moveit_ros_planning/include/moveit/planning_pipeline
[1.158s] -- Up-to-date: /home/a/ws_moveit2/install/moveit_ros_planning/include/moveit/planning_pipeline/planning_pipeline.h
[1.158s] -- Up-to-date: /home/a/ws_moveit2/install/moveit_ros_planning/include/moveit_planning_pipeline_export.h
[1.160s] -- Up-to-date: /home/a/ws_moveit2/install/moveit_ros_planning/lib/moveit_ros_planning/moveit_list_request_adapter_plugins
[1.161s] -- Up-to-date: /home/a/ws_moveit2/install/moveit_ros_planning/lib/moveit_ros_planning/demo_scene
[1.161s] -- Up-to-date: /home/a/ws_moveit2/install/moveit_ros_planning/include
[1.161s] -- Up-to-date: /home/a/ws_moveit2/install/moveit_ros_planning/include/moveit
[1.161s] -- Up-to-date: /home/a/ws_moveit2/install/moveit_ros_planning/include/moveit/planning_scene_monitor
[1.161s] -- Up-to-date: /home/a/ws_moveit2/install/moveit_ros_planning/include/moveit/planning_scene_monitor/planning_scene_monitor.h
[1.161s] -- Up-to-date: /home/a/ws_moveit2/install/moveit_ros_planning/include/moveit/planning_scene_monitor/trajectory_monitor.h
[1.161s] -- Up-to-date: /home/a/ws_moveit2/install/moveit_ros_planning/include/moveit/planning_scene_monitor/trajectory_monitor_middleware_handle.hpp
[1.161s] -- Up-to-date: /home/a/ws_moveit2/install/moveit_ros_planning/include/moveit/planning_scene_monitor/current_state_monitor.h
[1.161s] -- Up-to-date: /home/a/ws_moveit2/install/moveit_ros_planning/include/moveit/planning_scene_monitor/current_state_monitor_middleware_handle.hpp
[1.161s] -- Up-to-date: /home/a/ws_moveit2/install/moveit_ros_planning/include/moveit_planning_scene_monitor_export.h
[1.162s] -- Up-to-date: /home/a/ws_moveit2/install/moveit_ros_planning/lib/moveit_ros_planning/moveit_print_planning_model_info
[1.163s] -- Up-to-date: /home/a/ws_moveit2/install/moveit_ros_planning/lib/moveit_ros_planning/moveit_print_planning_scene_info
[1.164s] -- Up-to-date: /home/a/ws_moveit2/install/moveit_ros_planning/lib/moveit_ros_planning/moveit_display_random_state
[1.165s] -- Up-to-date: /home/a/ws_moveit2/install/moveit_ros_planning/lib/moveit_ros_planning/moveit_visualize_robot_collision_volume
[1.166s] -- Up-to-date: /home/a/ws_moveit2/install/moveit_ros_planning/lib/moveit_ros_planning/moveit_evaluate_collision_checking_speed
[1.167s] -- Up-to-date: /home/a/ws_moveit2/install/moveit_ros_planning/lib/moveit_ros_planning/moveit_publish_scene_from_text
[1.167s] -- Up-to-date: /home/a/ws_moveit2/install/moveit_ros_planning/include
[1.167s] -- Up-to-date: /home/a/ws_moveit2/install/moveit_ros_planning/include/moveit
[1.167s] -- Up-to-date: /home/a/ws_moveit2/install/moveit_ros_planning/include/moveit/trajectory_execution_manager
[1.167s] -- Up-to-date: /home/a/ws_moveit2/install/moveit_ros_planning/include/moveit/trajectory_execution_manager/trajectory_execution_manager.h
[1.167s] -- Up-to-date: /home/a/ws_moveit2/install/moveit_ros_planning/include/moveit_trajectory_execution_manager_export.h
[1.167s] -- Up-to-date: /home/a/ws_moveit2/install/moveit_ros_planning/include
[1.168s] -- Up-to-date: /home/a/ws_moveit2/install/moveit_ros_planning/include/moveit
[1.168s] -- Up-to-date: /home/a/ws_moveit2/install/moveit_ros_planning/include/moveit/plan_execution
[1.168s] -- Up-to-date: /home/a/ws_moveit2/install/moveit_ros_planning/include/moveit/plan_execution/plan_execution.h
[1.168s] -- Up-to-date: /home/a/ws_moveit2/install/moveit_ros_planning/include/moveit/plan_execution/plan_representation.h
[1.168s] -- Up-to-date: /home/a/ws_moveit2/install/moveit_ros_planning/include
[1.168s] -- Up-to-date: /home/a/ws_moveit2/install/moveit_ros_planning/include/moveit
[1.168s] -- Up-to-date: /home/a/ws_moveit2/install/moveit_ros_planning/include/moveit/moveit_cpp
[1.168s] -- Up-to-date: /home/a/ws_moveit2/install/moveit_ros_planning/include/moveit/moveit_cpp/moveit_cpp.h
[1.168s] -- Up-to-date: /home/a/ws_moveit2/install/moveit_ros_planning/include/moveit/moveit_cpp/planning_component.h
[1.168s] -- Up-to-date: /home/a/ws_moveit2/install/moveit_ros_planning/lib/libmoveit_rdf_loader.so.2.5.9
[1.169s] -- Up-to-date: /home/a/ws_moveit2/install/moveit_ros_planning/lib/libmoveit_rdf_loader.so
[1.169s] -- Up-to-date: /home/a/ws_moveit2/install/moveit_ros_planning/lib/libmoveit_kinematics_plugin_loader.so.2.5.9
[1.169s] -- Up-to-date: /home/a/ws_moveit2/install/moveit_ros_planning/lib/libmoveit_kinematics_plugin_loader.so
[1.169s] -- Up-to-date: /home/a/ws_moveit2/install/moveit_ros_planning/lib/libmoveit_robot_model_loader.so.2.5.9
[1.169s] -- Up-to-date: /home/a/ws_moveit2/install/moveit_ros_planning/lib/libmoveit_robot_model_loader.so
[1.169s] -- Up-to-date: /home/a/ws_moveit2/install/moveit_ros_planning/lib/libmoveit_constraint_sampler_manager_loader.so.2.5.9
[1.170s] -- Up-to-date: /home/a/ws_moveit2/install/moveit_ros_planning/lib/libmoveit_constraint_sampler_manager_loader.so
[1.170s] -- Up-to-date: /home/a/ws_moveit2/install/moveit_ros_planning/lib/libmoveit_planning_pipeline.so.2.5.9
[1.170s] -- Up-to-date: /home/a/ws_moveit2/install/moveit_ros_planning/lib/libmoveit_planning_pipeline.so
[1.170s] -- Up-to-date: /home/a/ws_moveit2/install/moveit_ros_planning/lib/libmoveit_trajectory_execution_manager.so.2.5.9
[1.171s] -- Up-to-date: /home/a/ws_moveit2/install/moveit_ros_planning/lib/libmoveit_trajectory_execution_manager.so
[1.171s] -- Up-to-date: /home/a/ws_moveit2/install/moveit_ros_planning/lib/libmoveit_plan_execution.so.2.5.9
[1.171s] -- Up-to-date: /home/a/ws_moveit2/install/moveit_ros_planning/lib/libmoveit_plan_execution.so
[1.171s] -- Up-to-date: /home/a/ws_moveit2/install/moveit_ros_planning/lib/libmoveit_planning_scene_monitor.so.2.5.9
[1.171s] -- Up-to-date: /home/a/ws_moveit2/install/moveit_ros_planning/lib/libmoveit_planning_scene_monitor.so
[1.171s] -- Up-to-date: /home/a/ws_moveit2/install/moveit_ros_planning/lib/libmoveit_collision_plugin_loader.so.2.5.9
[1.171s] -- Up-to-date: /home/a/ws_moveit2/install/moveit_ros_planning/lib/libmoveit_collision_plugin_loader.so
[1.171s] -- Up-to-date: /home/a/ws_moveit2/install/moveit_ros_planning/lib/libmoveit_default_planning_request_adapter_plugins.so.2.5.9
[1.171s] -- Up-to-date: /home/a/ws_moveit2/install/moveit_ros_planning/lib/libmoveit_default_planning_request_adapter_plugins.so
[1.172s] -- Up-to-date: /home/a/ws_moveit2/install/moveit_ros_planning/lib/libmoveit_cpp.so.2.5.9
[1.172s] -- Up-to-date: /home/a/ws_moveit2/install/moveit_ros_planning/lib/libmoveit_cpp.so
[1.172s] -- Up-to-date: /home/a/ws_moveit2/install/moveit_ros_planning/share/moveit_ros_planning/environment/library_path.sh
[1.172s] -- Installing: /home/a/ws_moveit2/install/moveit_ros_planning/share/moveit_ros_planning/environment/library_path.dsv
[1.172s] -- Up-to-date: /home/a/ws_moveit2/install/moveit_ros_planning/share/moveit_ros_planning/planning_request_adapters_plugin_description.xml
[1.172s] -- Up-to-date: /home/a/ws_moveit2/install/moveit_ros_planning/share/ament_index/resource_index/package_run_dependencies/moveit_ros_planning
[1.173s] -- Installing: /home/a/ws_moveit2/install/moveit_ros_planning/share/ament_index/resource_index/parent_prefix_path/moveit_ros_planning
[1.173s] -- Up-to-date: /home/a/ws_moveit2/install/moveit_ros_planning/share/moveit_ros_planning/environment/ament_prefix_path.sh
[1.173s] -- Installing: /home/a/ws_moveit2/install/moveit_ros_planning/share/moveit_ros_planning/environment/ament_prefix_path.dsv
[1.173s] -- Up-to-date: /home/a/ws_moveit2/install/moveit_ros_planning/share/moveit_ros_planning/environment/path.sh
[1.173s] -- Installing: /home/a/ws_moveit2/install/moveit_ros_planning/share/moveit_ros_planning/environment/path.dsv
[1.173s] -- Up-to-date: /home/a/ws_moveit2/install/moveit_ros_planning/share/moveit_ros_planning/local_setup.bash
[1.173s] -- Up-to-date: /home/a/ws_moveit2/install/moveit_ros_planning/share/moveit_ros_planning/local_setup.sh
[1.173s] -- Up-to-date: /home/a/ws_moveit2/install/moveit_ros_planning/share/moveit_ros_planning/local_setup.zsh
[1.173s] -- Installing: /home/a/ws_moveit2/install/moveit_ros_planning/share/moveit_ros_planning/local_setup.dsv
[1.173s] -- Installing: /home/a/ws_moveit2/install/moveit_ros_planning/share/moveit_ros_planning/package.dsv
[1.173s] -- Up-to-date: /home/a/ws_moveit2/install/moveit_ros_planning/share/ament_index/resource_index/packages/moveit_ros_planning
[1.173s] -- Up-to-date: /home/a/ws_moveit2/install/moveit_ros_planning/share/ament_index/resource_index/moveit_core__pluginlib__plugin/moveit_ros_planning
[1.174s] -- Up-to-date: /home/a/ws_moveit2/install/moveit_ros_planning/share/moveit_ros_planning/cmake/export_moveit_ros_planningExport.cmake
[1.174s] -- Up-to-date: /home/a/ws_moveit2/install/moveit_ros_planning/share/moveit_ros_planning/cmake/export_moveit_ros_planningExport-release.cmake
[1.174s] -- Up-to-date: /home/a/ws_moveit2/install/moveit_ros_planning/share/moveit_ros_planning/cmake/ConfigExtras.cmake
[1.174s] -- Up-to-date: /home/a/ws_moveit2/install/moveit_ros_planning/share/moveit_ros_planning/cmake/ament_cmake_export_targets-extras.cmake
[1.174s] -- Up-to-date: /home/a/ws_moveit2/install/moveit_ros_planning/share/moveit_ros_planning/cmake/ament_cmake_export_dependencies-extras.cmake
[1.174s] -- Up-to-date: /home/a/ws_moveit2/install/moveit_ros_planning/share/moveit_ros_planning/cmake/moveit_ros_planningConfig.cmake
[1.174s] -- Up-to-date: /home/a/ws_moveit2/install/moveit_ros_planning/share/moveit_ros_planning/cmake/moveit_ros_planningConfig-version.cmake
[1.174s] -- Up-to-date: /home/a/ws_moveit2/install/moveit_ros_planning/share/moveit_ros_planning/package.xml
[1.176s] Invoked command in '/home/a/ws_moveit2/build/moveit_ros_planning' returned '0': AMENT_PREFIX_PATH=/home/a/ws_moveit2/install/moveit_ros_occupancy_map_monitor:/home/a/ws_moveit2/install/moveit_core:/home/a/ws_moveit2/install/moveit_resources_panda_moveit_config:/home/a/ws_moveit2/install/moveit_configs_utils:/home/a/ws_moveit2/install/srdfdom:/home/a/ws_moveit2/install/moveit_resources_pr2_description:/home/a/ws_moveit2/install/moveit_resources_panda_description:/home/a/ws_moveit2/install/moveit_common:/home/a/ws_moveit2/install/launch_param_builder:${AMENT_PREFIX_PATH} CMAKE_PREFIX_PATH=/home/a/ws_moveit2/install/moveit_ros_occupancy_map_monitor:/home/a/ws_moveit2/install/moveit_core:/home/a/ws_moveit2/install/moveit_resources_panda_moveit_config:/home/a/ws_moveit2/install/srdfdom:/home/a/ws_moveit2/install/moveit_resources_pr2_description:/home/a/ws_moveit2/install/moveit_resources_panda_description:/home/a/ws_moveit2/install/moveit_common:/opt/ros/humble LD_LIBRARY_PATH=/home/a/ws_moveit2/install/moveit_ros_occupancy_map_monitor/lib:/home/a/ws_moveit2/install/moveit_core/lib:/home/a/ws_moveit2/install/srdfdom/lib:${LD_LIBRARY_PATH} PATH=/home/a/ws_moveit2/install/moveit_core/bin:${PATH} PYTHONPATH=/home/a/ws_moveit2/install/moveit_configs_utils/lib/python3.10/site-packages:/home/a/ws_moveit2/install/srdfdom/local/lib/python3.10/dist-packages:/home/a/ws_moveit2/install/launch_param_builder/lib/python3.10/site-packages:${PYTHONPATH} /usr/bin/cmake --install /home/a/ws_moveit2/build/moveit_ros_planning
