-- Install configuration: ""
-- Up-to-date: /home/a/ws_moveit2/install/blue_seiretu_description/share/blue_seiretu_description/meshes
-- Up-to-date: /home/a/ws_moveit2/install/blue_seiretu_description/share/blue_seiretu_description/meshes/blue_seiretu_1.stl
-- Up-to-date: /home/a/ws_moveit2/install/blue_seiretu_description/share/blue_seiretu_description/meshes/base_link.stl
-- Up-to-date: /home/a/ws_moveit2/install/blue_seiretu_description/share/blue_seiretu_description/urdf
-- Up-to-date: /home/a/ws_moveit2/install/blue_seiretu_description/share/blue_seiretu_description/urdf/materials.xacro
-- Installing: /home/a/ws_moveit2/install/blue_seiretu_description/share/blue_seiretu_description/urdf/materials.urdf
-- Installing: /home/a/ws_moveit2/install/blue_seiretu_description/share/blue_seiretu_description/urdf/blue_seiretu.urdf
-- Up-to-date: /home/a/ws_moveit2/install/blue_seiretu_description/share/blue_seiretu_description/urdf/blue_seiretu.xacro
-- Up-to-date: /home/a/ws_moveit2/install/blue_seiretu_description/share/blue_seiretu_description/urdf/blue_seiretu.trans
-- Up-to-date: /home/a/ws_moveit2/install/blue_seiretu_description/share/blue_seiretu_description/launch
-- Up-to-date: /home/a/ws_moveit2/install/blue_seiretu_description/share/blue_seiretu_description/launch/robot_description.launch.py
-- Up-to-date: /home/a/ws_moveit2/install/blue_seiretu_description/share/ament_index/resource_index/package_run_dependencies/blue_seiretu_description
-- Up-to-date: /home/a/ws_moveit2/install/blue_seiretu_description/share/ament_index/resource_index/parent_prefix_path/blue_seiretu_description
-- Up-to-date: /home/a/ws_moveit2/install/blue_seiretu_description/share/blue_seiretu_description/environment/ament_prefix_path.sh
-- Up-to-date: /home/a/ws_moveit2/install/blue_seiretu_description/share/blue_seiretu_description/environment/ament_prefix_path.dsv
-- Up-to-date: /home/a/ws_moveit2/install/blue_seiretu_description/share/blue_seiretu_description/environment/path.sh
-- Up-to-date: /home/a/ws_moveit2/install/blue_seiretu_description/share/blue_seiretu_description/environment/path.dsv
-- Up-to-date: /home/a/ws_moveit2/install/blue_seiretu_description/share/blue_seiretu_description/local_setup.bash
-- Up-to-date: /home/a/ws_moveit2/install/blue_seiretu_description/share/blue_seiretu_description/local_setup.sh
-- Up-to-date: /home/a/ws_moveit2/install/blue_seiretu_description/share/blue_seiretu_description/local_setup.zsh
-- Up-to-date: /home/a/ws_moveit2/install/blue_seiretu_description/share/blue_seiretu_description/local_setup.dsv
-- Up-to-date: /home/a/ws_moveit2/install/blue_seiretu_description/share/blue_seiretu_description/package.dsv
-- Up-to-date: /home/a/ws_moveit2/install/blue_seiretu_description/share/ament_index/resource_index/packages/blue_seiretu_description
-- Up-to-date: /home/a/ws_moveit2/install/blue_seiretu_description/share/blue_seiretu_description/cmake/blue_seiretu_descriptionConfig.cmake
-- Up-to-date: /home/a/ws_moveit2/install/blue_seiretu_description/share/blue_seiretu_description/cmake/blue_seiretu_descriptionConfig-version.cmake
-- Up-to-date: /home/a/ws_moveit2/install/blue_seiretu_description/share/blue_seiretu_description/package.xml
