[0.013s] Invoking command in '/home/a/ws_moveit2/build/dynamixel_sdk_examples': AMENT_PREFIX_PATH=/home/a/ws_moveit2/install/dynamixel_sdk_custom_interfaces:/home/a/ws_moveit2/install/dynamixel_sdk:${AMENT_PREFIX_PATH} CMAKE_PREFIX_PATH=/home/a/ws_moveit2/install/dynamixel_sdk_custom_interfaces:/home/a/ws_moveit2/install/dynamixel_sdk:/opt/ros/humble LD_LIBRARY_PATH=/home/a/ws_moveit2/install/dynamixel_sdk_custom_interfaces/lib:/home/a/ws_moveit2/install/dynamixel_sdk/lib:${LD_LIBRARY_PATH} PYTHONPATH=/home/a/ws_moveit2/install/dynamixel_sdk_custom_interfaces/local/lib/python3.10/dist-packages:${PYTHONPATH} /usr/bin/cmake /home/a/ws_moveit2/src/dynamixel_ros2/DynamixelSDK/dynamixel_sdk_examples -DCMAKE_INSTALL_PREFIX=/home/a/ws_moveit2/install/dynamixel_sdk_examples
[0.060s] -- The C compiler identification is GNU 11.4.0
[0.097s] -- The CXX compiler identification is GNU 11.4.0
[0.102s] -- Detecting C compiler ABI info
[0.149s] -- Detecting C compiler ABI info - done
[0.153s] -- Check for working C compiler: /usr/bin/cc - skipped
[0.153s] -- Detecting C compile features
[0.153s] -- Detecting C compile features - done
[0.155s] -- Detecting CXX compiler ABI info
[0.214s] -- Detecting CXX compiler ABI info - done
[0.219s] -- Check for working CXX compiler: /usr/bin/c++ - skipped
[0.219s] -- Detecting CXX compile features
[0.219s] -- Detecting CXX compile features - done
[0.221s] -- Found ament_cmake: 1.3.12 (/opt/ros/humble/share/ament_cmake/cmake)
[0.324s] -- Found Python3: /usr/bin/python3 (found version "3.10.12") found components: Interpreter 
[0.381s] -- Found dynamixel_sdk: 3.7.60 (/home/a/ws_moveit2/install/dynamixel_sdk/share/dynamixel_sdk/cmake)
[0.382s] -- Found dynamixel_sdk_custom_interfaces: 3.7.60 (/home/a/ws_moveit2/install/dynamixel_sdk_custom_interfaces/share/dynamixel_sdk_custom_interfaces/cmake)
[0.405s] -- Found rosidl_generator_c: 3.1.7 (/opt/ros/humble/share/rosidl_generator_c/cmake)
[0.407s] -- Found rosidl_adapter: 3.1.7 (/opt/ros/humble/share/rosidl_adapter/cmake)
[0.412s] -- Found rosidl_generator_cpp: 3.1.7 (/opt/ros/humble/share/rosidl_generator_cpp/cmake)
[0.419s] -- Using all available rosidl_typesupport_c: rosidl_typesupport_fastrtps_c;rosidl_typesupport_introspection_c
[0.429s] -- Using all available rosidl_typesupport_cpp: rosidl_typesupport_fastrtps_cpp;rosidl_typesupport_introspection_cpp
[0.444s] -- Found rclcpp: 16.0.14 (/opt/ros/humble/share/rclcpp/cmake)
[0.466s] -- Found rmw_implementation_cmake: 6.1.2 (/opt/ros/humble/share/rmw_implementation_cmake/cmake)
[0.467s] -- Found rmw_fastrtps_cpp: 6.2.8 (/opt/ros/humble/share/rmw_fastrtps_cpp/cmake)
[0.541s] -- Found OpenSSL: /usr/lib/x86_64-linux-gnu/libcrypto.so (found version "3.0.2")  
[0.562s] -- Found FastRTPS: /opt/ros/humble/include  
[0.587s] -- Using RMW implementation 'rmw_fastrtps_cpp' as default
[0.592s] -- Looking for pthread.h
[0.648s] -- Looking for pthread.h - found
[0.648s] -- Performing Test CMAKE_HAVE_LIBC_PTHREAD
[0.702s] -- Performing Test CMAKE_HAVE_LIBC_PTHREAD - Success
[0.703s] -- Found Threads: TRUE  
[0.733s] -- Found geometry_msgs: 4.9.0 (/opt/ros/humble/share/geometry_msgs/cmake)
[0.746s] -- Found ament_lint_auto: 0.12.14 (/opt/ros/humble/share/ament_lint_auto/cmake)
[0.793s] -- Added test 'copyright' to check source files copyright and LICENSE
[0.793s] -- Added test 'cppcheck' to perform static code analysis on C / C++ code
[0.793s] -- Configured cppcheck include dirs: /home/a/ws_moveit2/src/dynamixel_ros2/DynamixelSDK/dynamixel_sdk_examples/include
[0.793s] -- Configured cppcheck exclude dirs and/or files: 
[0.794s] -- Added test 'cpplint' to check C / C++ code against the Google style
[0.794s] -- Configured cpplint exclude dirs and/or files: 
[0.794s] -- Added test 'lint_cmake' to check CMake code style
[0.795s] -- Added test 'uncrustify' to check C / C++ code style
[0.795s] -- Configured uncrustify additional arguments: 
[0.795s] -- Added test 'xmllint' to check XML markup files
[0.795s] -- Configuring done
[0.814s] -- Generating done
[0.822s] -- Build files have been written to: /home/a/ws_moveit2/build/dynamixel_sdk_examples
[0.829s] Invoked command in '/home/a/ws_moveit2/build/dynamixel_sdk_examples' returned '0': AMENT_PREFIX_PATH=/home/a/ws_moveit2/install/dynamixel_sdk_custom_interfaces:/home/a/ws_moveit2/install/dynamixel_sdk:${AMENT_PREFIX_PATH} CMAKE_PREFIX_PATH=/home/a/ws_moveit2/install/dynamixel_sdk_custom_interfaces:/home/a/ws_moveit2/install/dynamixel_sdk:/opt/ros/humble LD_LIBRARY_PATH=/home/a/ws_moveit2/install/dynamixel_sdk_custom_interfaces/lib:/home/a/ws_moveit2/install/dynamixel_sdk/lib:${LD_LIBRARY_PATH} PYTHONPATH=/home/a/ws_moveit2/install/dynamixel_sdk_custom_interfaces/local/lib/python3.10/dist-packages:${PYTHONPATH} /usr/bin/cmake /home/a/ws_moveit2/src/dynamixel_ros2/DynamixelSDK/dynamixel_sdk_examples -DCMAKE_INSTALL_PREFIX=/home/a/ws_moveit2/install/dynamixel_sdk_examples
[0.831s] Invoking command in '/home/a/ws_moveit2/build/dynamixel_sdk_examples': AMENT_PREFIX_PATH=/home/a/ws_moveit2/install/dynamixel_sdk_custom_interfaces:/home/a/ws_moveit2/install/dynamixel_sdk:${AMENT_PREFIX_PATH} CMAKE_PREFIX_PATH=/home/a/ws_moveit2/install/dynamixel_sdk_custom_interfaces:/home/a/ws_moveit2/install/dynamixel_sdk:/opt/ros/humble LD_LIBRARY_PATH=/home/a/ws_moveit2/install/dynamixel_sdk_custom_interfaces/lib:/home/a/ws_moveit2/install/dynamixel_sdk/lib:${LD_LIBRARY_PATH} PYTHONPATH=/home/a/ws_moveit2/install/dynamixel_sdk_custom_interfaces/local/lib/python3.10/dist-packages:${PYTHONPATH} /usr/bin/cmake --build /home/a/ws_moveit2/build/dynamixel_sdk_examples -- -j22 -l22
[0.868s] [  5%] [32mBuilding CXX object CMakeFiles/read_write_velocity_node.dir/src/read_write_velocity_node.cpp.o[0m
[0.868s] [ 10%] [32mBuilding CXX object CMakeFiles/pub_current_pos_v1_node.dir/src/pub_current_pos_v1_node.cpp.o[0m
[0.870s] [ 15%] [32mBuilding CXX object CMakeFiles/read_write_current_node.dir/src/read_write_current_node.cpp.o[0m
[0.870s] [ 20%] [32mBuilding CXX object CMakeFiles/pub_position_node.dir/src/pub_position_node.cpp.o[0m
[0.870s] [ 25%] [32mBuilding CXX object CMakeFiles/read_write_current_pos_v2_node.dir/src/read_write_current_pos_v2_node.cpp.o[0m
[0.872s] [ 30%] [32mBuilding CXX object CMakeFiles/pub_velocity_node.dir/src/pub_velocity_node.cpp.o[0m
[0.874s] [ 35%] [32mBuilding CXX object CMakeFiles/read_write_position_node.dir/src/read_write_position_node.cpp.o[0m
[0.874s] [ 40%] [32mBuilding CXX object CMakeFiles/pub_current_node.dir/src/pub_current_node.cpp.o[0m
[0.874s] [ 45%] [32mBuilding CXX object CMakeFiles/pub_current_pos_v2_node.dir/src/pub_current_pos_v2_node.cpp.o[0m
[0.876s] [ 50%] [32mBuilding CXX object CMakeFiles/read_write_current_pos_v1_node.dir/src/read_write_current_pos_v1_node.cpp.o[0m
[4.452s] [ 55%] [32m[1mLinking CXX executable pub_current_pos_v1_node[0m
[5.048s] [ 55%] Built target pub_current_pos_v1_node
[5.245s] [ 60%] [32m[1mLinking CXX executable pub_current_node[0m
[6.290s] [ 60%] Built target pub_current_node
[9.010s] [ 65%] [32m[1mLinking CXX executable pub_position_node[0m
[10.088s] [ 65%] Built target pub_position_node
[11.124s] [ 70%] [32m[1mLinking CXX executable pub_velocity_node[0m
[11.966s] [ 70%] Built target pub_velocity_node
[13.862s] [ 75%] [32m[1mLinking CXX executable pub_current_pos_v2_node[0m
[14.377s] [ 75%] Built target pub_current_pos_v2_node
[18.769s] [ 80%] [32m[1mLinking CXX executable read_write_current_pos_v2_node[0m
[19.728s] [ 80%] Built target read_write_current_pos_v2_node
[20.342s] [ 85%] [32m[1mLinking CXX executable read_write_velocity_node[0m
[20.672s] [ 90%] [32m[1mLinking CXX executable read_write_current_pos_v1_node[0m
[20.689s] [ 95%] [32m[1mLinking CXX executable read_write_position_node[0m
[21.191s] [100%] [32m[1mLinking CXX executable read_write_current_node[0m
[21.355s] [100%] Built target read_write_velocity_node
[21.591s] [100%] Built target read_write_current_pos_v1_node
[21.714s] [100%] Built target read_write_position_node
[22.115s] [100%] Built target read_write_current_node
[22.138s] Invoked command in '/home/a/ws_moveit2/build/dynamixel_sdk_examples' returned '0': AMENT_PREFIX_PATH=/home/a/ws_moveit2/install/dynamixel_sdk_custom_interfaces:/home/a/ws_moveit2/install/dynamixel_sdk:${AMENT_PREFIX_PATH} CMAKE_PREFIX_PATH=/home/a/ws_moveit2/install/dynamixel_sdk_custom_interfaces:/home/a/ws_moveit2/install/dynamixel_sdk:/opt/ros/humble LD_LIBRARY_PATH=/home/a/ws_moveit2/install/dynamixel_sdk_custom_interfaces/lib:/home/a/ws_moveit2/install/dynamixel_sdk/lib:${LD_LIBRARY_PATH} PYTHONPATH=/home/a/ws_moveit2/install/dynamixel_sdk_custom_interfaces/local/lib/python3.10/dist-packages:${PYTHONPATH} /usr/bin/cmake --build /home/a/ws_moveit2/build/dynamixel_sdk_examples -- -j22 -l22
[22.160s] Invoking command in '/home/a/ws_moveit2/build/dynamixel_sdk_examples': AMENT_PREFIX_PATH=/home/a/ws_moveit2/install/dynamixel_sdk_custom_interfaces:/home/a/ws_moveit2/install/dynamixel_sdk:${AMENT_PREFIX_PATH} CMAKE_PREFIX_PATH=/home/a/ws_moveit2/install/dynamixel_sdk_custom_interfaces:/home/a/ws_moveit2/install/dynamixel_sdk:/opt/ros/humble LD_LIBRARY_PATH=/home/a/ws_moveit2/install/dynamixel_sdk_custom_interfaces/lib:/home/a/ws_moveit2/install/dynamixel_sdk/lib:${LD_LIBRARY_PATH} PYTHONPATH=/home/a/ws_moveit2/install/dynamixel_sdk_custom_interfaces/local/lib/python3.10/dist-packages:${PYTHONPATH} /usr/bin/cmake --install /home/a/ws_moveit2/build/dynamixel_sdk_examples
[22.177s] -- Install configuration: ""
[22.177s] -- Installing: /home/a/ws_moveit2/install/dynamixel_sdk_examples/lib/dynamixel_sdk_examples/read_write_current_node
[22.182s] -- Set runtime path of "/home/a/ws_moveit2/install/dynamixel_sdk_examples/lib/dynamixel_sdk_examples/read_write_current_node" to ""
[22.182s] -- Installing: /home/a/ws_moveit2/install/dynamixel_sdk_examples/lib/dynamixel_sdk_examples/pub_current_node
[22.184s] -- Set runtime path of "/home/a/ws_moveit2/install/dynamixel_sdk_examples/lib/dynamixel_sdk_examples/pub_current_node" to ""
[22.184s] -- Installing: /home/a/ws_moveit2/install/dynamixel_sdk_examples/lib/dynamixel_sdk_examples/read_write_velocity_node
[22.188s] -- Set runtime path of "/home/a/ws_moveit2/install/dynamixel_sdk_examples/lib/dynamixel_sdk_examples/read_write_velocity_node" to ""
[22.188s] -- Installing: /home/a/ws_moveit2/install/dynamixel_sdk_examples/lib/dynamixel_sdk_examples/pub_velocity_node
[22.190s] -- Set runtime path of "/home/a/ws_moveit2/install/dynamixel_sdk_examples/lib/dynamixel_sdk_examples/pub_velocity_node" to ""
[22.190s] -- Installing: /home/a/ws_moveit2/install/dynamixel_sdk_examples/lib/dynamixel_sdk_examples/read_write_position_node
[22.195s] -- Set runtime path of "/home/a/ws_moveit2/install/dynamixel_sdk_examples/lib/dynamixel_sdk_examples/read_write_position_node" to ""
[22.195s] -- Installing: /home/a/ws_moveit2/install/dynamixel_sdk_examples/lib/dynamixel_sdk_examples/pub_position_node
[22.196s] -- Set runtime path of "/home/a/ws_moveit2/install/dynamixel_sdk_examples/lib/dynamixel_sdk_examples/pub_position_node" to ""
[22.197s] -- Installing: /home/a/ws_moveit2/install/dynamixel_sdk_examples/lib/dynamixel_sdk_examples/read_write_current_pos_v1_node
[22.201s] -- Set runtime path of "/home/a/ws_moveit2/install/dynamixel_sdk_examples/lib/dynamixel_sdk_examples/read_write_current_pos_v1_node" to ""
[22.201s] -- Installing: /home/a/ws_moveit2/install/dynamixel_sdk_examples/lib/dynamixel_sdk_examples/pub_current_pos_v1_node
[22.203s] -- Set runtime path of "/home/a/ws_moveit2/install/dynamixel_sdk_examples/lib/dynamixel_sdk_examples/pub_current_pos_v1_node" to ""
[22.203s] -- Installing: /home/a/ws_moveit2/install/dynamixel_sdk_examples/lib/dynamixel_sdk_examples/read_write_current_pos_v2_node
[22.207s] -- Set runtime path of "/home/a/ws_moveit2/install/dynamixel_sdk_examples/lib/dynamixel_sdk_examples/read_write_current_pos_v2_node" to ""
[22.207s] -- Installing: /home/a/ws_moveit2/install/dynamixel_sdk_examples/lib/dynamixel_sdk_examples/pub_current_pos_v2_node
[22.209s] -- Set runtime path of "/home/a/ws_moveit2/install/dynamixel_sdk_examples/lib/dynamixel_sdk_examples/pub_current_pos_v2_node" to ""
[22.209s] -- Installing: /home/a/ws_moveit2/install/dynamixel_sdk_examples/share/ament_index/resource_index/package_run_dependencies/dynamixel_sdk_examples
[22.209s] -- Installing: /home/a/ws_moveit2/install/dynamixel_sdk_examples/share/ament_index/resource_index/parent_prefix_path/dynamixel_sdk_examples
[22.210s] -- Installing: /home/a/ws_moveit2/install/dynamixel_sdk_examples/share/dynamixel_sdk_examples/environment/ament_prefix_path.sh
[22.210s] -- Installing: /home/a/ws_moveit2/install/dynamixel_sdk_examples/share/dynamixel_sdk_examples/environment/ament_prefix_path.dsv
[22.210s] -- Installing: /home/a/ws_moveit2/install/dynamixel_sdk_examples/share/dynamixel_sdk_examples/environment/path.sh
[22.210s] -- Installing: /home/a/ws_moveit2/install/dynamixel_sdk_examples/share/dynamixel_sdk_examples/environment/path.dsv
[22.211s] -- Installing: /home/a/ws_moveit2/install/dynamixel_sdk_examples/share/dynamixel_sdk_examples/local_setup.bash
[22.211s] -- Installing: /home/a/ws_moveit2/install/dynamixel_sdk_examples/share/dynamixel_sdk_examples/local_setup.sh
[22.211s] -- Installing: /home/a/ws_moveit2/install/dynamixel_sdk_examples/share/dynamixel_sdk_examples/local_setup.zsh
[22.211s] -- Installing: /home/a/ws_moveit2/install/dynamixel_sdk_examples/share/dynamixel_sdk_examples/local_setup.dsv
[22.211s] -- Installing: /home/a/ws_moveit2/install/dynamixel_sdk_examples/share/dynamixel_sdk_examples/package.dsv
[22.212s] -- Installing: /home/a/ws_moveit2/install/dynamixel_sdk_examples/share/ament_index/resource_index/packages/dynamixel_sdk_examples
[22.212s] -- Installing: /home/a/ws_moveit2/install/dynamixel_sdk_examples/share/dynamixel_sdk_examples/cmake/dynamixel_sdk_examplesConfig.cmake
[22.212s] -- Installing: /home/a/ws_moveit2/install/dynamixel_sdk_examples/share/dynamixel_sdk_examples/cmake/dynamixel_sdk_examplesConfig-version.cmake
[22.212s] -- Installing: /home/a/ws_moveit2/install/dynamixel_sdk_examples/share/dynamixel_sdk_examples/package.xml
[22.217s] Invoked command in '/home/a/ws_moveit2/build/dynamixel_sdk_examples' returned '0': AMENT_PREFIX_PATH=/home/a/ws_moveit2/install/dynamixel_sdk_custom_interfaces:/home/a/ws_moveit2/install/dynamixel_sdk:${AMENT_PREFIX_PATH} CMAKE_PREFIX_PATH=/home/a/ws_moveit2/install/dynamixel_sdk_custom_interfaces:/home/a/ws_moveit2/install/dynamixel_sdk:/opt/ros/humble LD_LIBRARY_PATH=/home/a/ws_moveit2/install/dynamixel_sdk_custom_interfaces/lib:/home/a/ws_moveit2/install/dynamixel_sdk/lib:${LD_LIBRARY_PATH} PYTHONPATH=/home/a/ws_moveit2/install/dynamixel_sdk_custom_interfaces/local/lib/python3.10/dist-packages:${PYTHONPATH} /usr/bin/cmake --install /home/a/ws_moveit2/build/dynamixel_sdk_examples
