[35m[1mConsolidate compiler generated dependencies of target move_to_pose_dual_cpp[0m
[ 33%] Built target pose_command_publisher
[ 66%] Built target dual_arm_servo_controller
[ 83%] [32mBuilding CXX object CMakeFiles/move_to_pose_dual_cpp.dir/src/move_to_pose_dual_cpp.cpp.o[0m
[01m[K/home/a/ws_moveit2/src/robot_config/src/move_to_pose_dual_cpp.cpp:1222:2:[m[K [01;31m[Kerror: [m[Kexpected ‘[01m[K}[m[K’ at end of input
 1222 | }
      |  [01;31m[K^[m[K
[01m[K/home/a/ws_moveit2/src/robot_config/src/move_to_pose_dual_cpp.cpp:25:1:[m[K [01;36m[Knote: [m[Kto match this ‘[01m[K{[m[K’
   25 | [01;36m[K{[m[K
      | [01;36m[K^[m[K
[01m[K/home/a/ws_moveit2/src/robot_config/src/move_to_pose_dual_cpp.cpp:[m[K In constructor ‘[01m[KMoveToPoseDualCpp::MoveToPoseDualCpp()[m[K’:
[01m[K/home/a/ws_moveit2/src/robot_config/src/move_to_pose_dual_cpp.cpp:31:9:[m[K [01;31m[Kerror: [m[K‘[01m[Kleft_rpy_sub_[m[K’ was not declared in this scope
   31 |         [01;31m[Kleft_rpy_sub_[m[K = this->create_subscription<std_msgs::msg::Float64MultiArray>(
      |         [01;31m[K^~~~~~~~~~~~~[m[K
[01m[K/home/a/ws_moveit2/src/robot_config/src/move_to_pose_dual_cpp.cpp:33:9:[m[K [01;31m[Kerror: [m[K‘[01m[Kright_rpy_sub_[m[K’ was not declared in this scope
   33 |         [01;31m[Kright_rpy_sub_[m[K = this->create_subscription<std_msgs::msg::Float64MultiArray>(
      |         [01;31m[K^~~~~~~~~~~~~~[m[K
[01m[K/home/a/ws_moveit2/src/robot_config/src/move_to_pose_dual_cpp.cpp:36:9:[m[K [01;31m[Kerror: [m[K‘[01m[Kdual_rpy_sub_[m[K’ was not declared in this scope
   36 |         [01;31m[Kdual_rpy_sub_[m[K = this->create_subscription<std_msgs::msg::Float64MultiArray>(
      |         [01;31m[K^~~~~~~~~~~~~[m[K
[01m[K/home/a/ws_moveit2/src/robot_config/src/move_to_pose_dual_cpp.cpp:41:9:[m[K [01;31m[Kerror: [m[K‘[01m[Kjoint_state_sub_[m[K’ was not declared in this scope
   41 |         [01;31m[Kjoint_state_sub_[m[K = this->create_subscription<sensor_msgs::msg::JointState>(
      |         [01;31m[K^~~~~~~~~~~~~~~~[m[K
[01m[K/home/a/ws_moveit2/src/robot_config/src/move_to_pose_dual_cpp.cpp:[m[K In lambda function:
[01m[K/home/a/ws_moveit2/src/robot_config/src/move_to_pose_dual_cpp.cpp:44:22:[m[K [01;31m[Kerror: [m[K‘[01m[Kjoint_state_ready_[m[K’ was not declared in this scope
   44 |                 if (![01;31m[Kjoint_state_ready_[m[K) {
      |                      [01;31m[K^~~~~~~~~~~~~~~~~~[m[K
[01m[K/home/a/ws_moveit2/src/robot_config/src/move_to_pose_dual_cpp.cpp:47:21:[m[K [01;31m[Kerror: [m[K‘[01m[KattemptFlushPending[m[K’ was not declared in this scope
   47 |                     [01;31m[KattemptFlushPending[m[K();
      |                     [01;31m[K^~~~~~~~~~~~~~~~~~~[m[K
[01m[K/home/a/ws_moveit2/src/robot_config/src/move_to_pose_dual_cpp.cpp:[m[K In constructor ‘[01m[KMoveToPoseDualCpp::MoveToPoseDualCpp()[m[K’:
[01m[K/home/a/ws_moveit2/src/robot_config/src/move_to_pose_dual_cpp.cpp:53:9:[m[K [01;31m[Kerror: [m[K‘[01m[Kenable_local_psm_[m[K’ was not declared in this scope
   53 |         [01;31m[Kenable_local_psm_[m[K = this->declare_parameter<bool>("enable_local_planning_scene_monitor", false);
      |         [01;31m[K^~~~~~~~~~~~~~~~~[m[K
[01m[K/home/a/ws_moveit2/src/robot_config/src/move_to_pose_dual_cpp.cpp:56:9:[m[K [01;31m[Kerror: [m[K‘[01m[Kleft_init_thread_[m[K’ was not declared in this scope
   56 |         [01;31m[Kleft_init_thread_[m[K = std::thread([this]() {
      |         [01;31m[K^~~~~~~~~~~~~~~~~[m[K
[01m[K/home/a/ws_moveit2/src/robot_config/src/move_to_pose_dual_cpp.cpp:[m[K In lambda function:
[01m[K/home/a/ws_moveit2/src/robot_config/src/move_to_pose_dual_cpp.cpp:58:13:[m[K [01;31m[Kerror: [m[K‘[01m[Kleft_move_group_interface_[m[K’ was not declared in this scope; did you mean ‘[01m[Kget_node_graph_interface[m[K’?
   58 |             [01;31m[Kleft_move_group_interface_[m[K = std::make_shared<moveit::planning_interface::MoveGroupInterface>(rclcpp::Node::SharedPtr(this, [](rclcpp::Node*){}), "left_arm");
      |             [01;31m[K^~~~~~~~~~~~~~~~~~~~~~~~~~[m[K
      |             [32m[Kget_node_graph_interface[m[K
[01m[K/home/a/ws_moveit2/src/robot_config/src/move_to_pose_dual_cpp.cpp:66:13:[m[K [01;31m[Kerror: [m[K‘[01m[Kleft_hand_move_group_interface_[m[K’ was not declared in this scope
   66 |             [01;31m[Kleft_hand_move_group_interface_[m[K = std::make_shared<moveit::planning_interface::MoveGroupInterface>(rclcpp::Node::SharedPtr(this, [](rclcpp::Node*){}), "left_hand");
      |             [01;31m[K^~~~~~~~~~~~~~~~~~~~~~~~~~~~~~~[m[K
[01m[K/home/a/ws_moveit2/src/robot_config/src/move_to_pose_dual_cpp.cpp:72:17:[m[K [01;31m[Kerror: [m[K‘[01m[Kleft_pose_received_[m[K’ was not declared in this scope
   72 |             if ([01;31m[Kleft_pose_received_[m[K && last_left_pose_rpy_.size() == 6 && left_move_group_interface_) {
      |                 [01;31m[K^~~~~~~~~~~~~~~~~~~[m[K
[01m[K/home/a/ws_moveit2/src/robot_config/src/move_to_pose_dual_cpp.cpp:72:40:[m[K [01;31m[Kerror: [m[K‘[01m[Klast_left_pose_rpy_[m[K’ was not declared in this scope
   72 |             if (left_pose_received_ && [01;31m[Klast_left_pose_rpy_[m[K.size() == 6 && left_move_group_interface_) {
      |                                        [01;31m[K^~~~~~~~~~~~~~~~~~~[m[K
[01m[K/home/a/ws_moveit2/src/robot_config/src/move_to_pose_dual_cpp.cpp:[m[K In constructor ‘[01m[KMoveToPoseDualCpp::MoveToPoseDualCpp()[m[K’:
[01m[K/home/a/ws_moveit2/src/robot_config/src/move_to_pose_dual_cpp.cpp:92:9:[m[K [01;31m[Kerror: [m[K‘[01m[Kright_init_thread_[m[K’ was not declared in this scope
   92 |         [01;31m[Kright_init_thread_[m[K = std::thread([this]() {
      |         [01;31m[K^~~~~~~~~~~~~~~~~~[m[K
[01m[K/home/a/ws_moveit2/src/robot_config/src/move_to_pose_dual_cpp.cpp:[m[K In lambda function:
[01m[K/home/a/ws_moveit2/src/robot_config/src/move_to_pose_dual_cpp.cpp:94:13:[m[K [01;31m[Kerror: [m[K‘[01m[Kright_move_group_interface_[m[K’ was not declared in this scope; did you mean ‘[01m[Kget_node_graph_interface[m[K’?
   94 |             [01;31m[Kright_move_group_interface_[m[K = std::make_shared<moveit::planning_interface::MoveGroupInterface>(rclcpp::Node::SharedPtr(this, [](rclcpp::Node*){}), "right_arm");
      |             [01;31m[K^~~~~~~~~~~~~~~~~~~~~~~~~~~[m[K
      |             [32m[Kget_node_graph_interface[m[K
[01m[K/home/a/ws_moveit2/src/robot_config/src/move_to_pose_dual_cpp.cpp:102:13:[m[K [01;31m[Kerror: [m[K‘[01m[Kright_hand_move_group_interface_[m[K’ was not declared in this scope
  102 |             [01;31m[Kright_hand_move_group_interface_[m[K = std::make_shared<moveit::planning_interface::MoveGroupInterface>(rclcpp::Node::SharedPtr(this, [](rclcpp::Node*){}), "right_hand");
      |             [01;31m[K^~~~~~~~~~~~~~~~~~~~~~~~~~~~~~~~[m[K
[01m[K/home/a/ws_moveit2/src/robot_config/src/move_to_pose_dual_cpp.cpp:108:17:[m[K [01;31m[Kerror: [m[K‘[01m[Kright_pose_received_[m[K’ was not declared in this scope
  108 |             if ([01;31m[Kright_pose_received_[m[K && last_right_pose_rpy_.size() == 6 && right_move_group_interface_) {
      |                 [01;31m[K^~~~~~~~~~~~~~~~~~~~[m[K
[01m[K/home/a/ws_moveit2/src/robot_config/src/move_to_pose_dual_cpp.cpp:108:41:[m[K [01;31m[Kerror: [m[K‘[01m[Klast_right_pose_rpy_[m[K’ was not declared in this scope
  108 |             if (right_pose_received_ && [01;31m[Klast_right_pose_rpy_[m[K.size() == 6 && right_move_group_interface_) {
      |                                         [01;31m[K^~~~~~~~~~~~~~~~~~~~[m[K
[01m[K/home/a/ws_moveit2/src/robot_config/src/move_to_pose_dual_cpp.cpp:[m[K In constructor ‘[01m[KMoveToPoseDualCpp::MoveToPoseDualCpp()[m[K’:
[01m[K/home/a/ws_moveit2/src/robot_config/src/move_to_pose_dual_cpp.cpp:128:9:[m[K [01;31m[Kerror: [m[K‘[01m[Kleft_attach_sub_[m[K’ was not declared in this scope
  128 |         [01;31m[Kleft_attach_sub_[m[K = this->create_subscription<std_msgs::msg::String>(
      |         [01;31m[K^~~~~~~~~~~~~~~~[m[K
[01m[K/home/a/ws_moveit2/src/robot_config/src/move_to_pose_dual_cpp.cpp:129:70:[m[K [01;31m[Kerror: [m[K‘[01m[Kleft_attach_callback[m[K’ is not a member of ‘[01m[KMoveToPoseDualCpp[m[K’
  129 |             "/left_attach_object", 10, std::bind(&MoveToPoseDualCpp::[01;31m[Kleft_attach_callback[m[K, this, std::placeholders::_1));
      |                                                                      [01;31m[K^~~~~~~~~~~~~~~~~~~~[m[K
[01m[K/home/a/ws_moveit2/src/robot_config/src/move_to_pose_dual_cpp.cpp:130:9:[m[K [01;31m[Kerror: [m[K‘[01m[Kleft_detach_sub_[m[K’ was not declared in this scope
  130 |         [01;31m[Kleft_detach_sub_[m[K = this->create_subscription<std_msgs::msg::String>(
      |         [01;31m[K^~~~~~~~~~~~~~~~[m[K
[01m[K/home/a/ws_moveit2/src/robot_config/src/move_to_pose_dual_cpp.cpp:131:70:[m[K [01;31m[Kerror: [m[K‘[01m[Kleft_detach_callback[m[K’ is not a member of ‘[01m[KMoveToPoseDualCpp[m[K’
  131 |             "/left_detach_object", 10, std::bind(&MoveToPoseDualCpp::[01;31m[Kleft_detach_callback[m[K, this, std::placeholders::_1));
      |                                                                      [01;31m[K^~~~~~~~~~~~~~~~~~~~[m[K
[01m[K/home/a/ws_moveit2/src/robot_config/src/move_to_pose_dual_cpp.cpp:132:9:[m[K [01;31m[Kerror: [m[K‘[01m[Kright_attach_sub_[m[K’ was not declared in this scope
  132 |         [01;31m[Kright_attach_sub_[m[K = this->create_subscription<std_msgs::msg::String>(
      |         [01;31m[K^~~~~~~~~~~~~~~~~[m[K
[01m[K/home/a/ws_moveit2/src/robot_config/src/move_to_pose_dual_cpp.cpp:133:71:[m[K [01;31m[Kerror: [m[K‘[01m[Kright_attach_callback[m[K’ is not a member of ‘[01m[KMoveToPoseDualCpp[m[K’
  133 |             "/right_attach_object", 10, std::bind(&MoveToPoseDualCpp::[01;31m[Kright_attach_callback[m[K, this, std::placeholders::_1));
      |                                                                       [01;31m[K^~~~~~~~~~~~~~~~~~~~~[m[K
[01m[K/home/a/ws_moveit2/src/robot_config/src/move_to_pose_dual_cpp.cpp:134:9:[m[K [01;31m[Kerror: [m[K‘[01m[Kright_detach_sub_[m[K’ was not declared in this scope
  134 |         [01;31m[Kright_detach_sub_[m[K = this->create_subscription<std_msgs::msg::String>(
      |         [01;31m[K^~~~~~~~~~~~~~~~~[m[K
[01m[K/home/a/ws_moveit2/src/robot_config/src/move_to_pose_dual_cpp.cpp:135:71:[m[K [01;31m[Kerror: [m[K‘[01m[Kright_detach_callback[m[K’ is not a member of ‘[01m[KMoveToPoseDualCpp[m[K’
  135 |             "/right_detach_object", 10, std::bind(&MoveToPoseDualCpp::[01;31m[Kright_detach_callback[m[K, this, std::placeholders::_1));
      |                                                                       [01;31m[K^~~~~~~~~~~~~~~~~~~~~[m[K
[01m[K/home/a/ws_moveit2/src/robot_config/src/move_to_pose_dual_cpp.cpp:138:9:[m[K [01;31m[Kerror: [m[K‘[01m[Kleft_arm_up_sub_[m[K’ was not declared in this scope
  138 |         [01;31m[Kleft_arm_up_sub_[m[K = this->create_subscription<std_msgs::msg::String>(
      |         [01;31m[K^~~~~~~~~~~~~~~~[m[K
[01m[K/home/a/ws_moveit2/src/robot_config/src/move_to_pose_dual_cpp.cpp:139:63:[m[K [01;31m[Kerror: [m[K‘[01m[Kleft_arm_up_callback[m[K’ is not a member of ‘[01m[KMoveToPoseDualCpp[m[K’
  139 |             "/left_arm_up", 10, std::bind(&MoveToPoseDualCpp::[01;31m[Kleft_arm_up_callback[m[K, this, std::placeholders::_1));
      |                                                               [01;31m[K^~~~~~~~~~~~~~~~~~~~[m[K
[01m[K/home/a/ws_moveit2/src/robot_config/src/move_to_pose_dual_cpp.cpp:140:9:[m[K [01;31m[Kerror: [m[K‘[01m[Kleft_arm_down_sub_[m[K’ was not declared in this scope
  140 |         [01;31m[Kleft_arm_down_sub_[m[K = this->create_subscription<std_msgs::msg::String>(
      |         [01;31m[K^~~~~~~~~~~~~~~~~~[m[K
[01m[K/home/a/ws_moveit2/src/robot_config/src/move_to_pose_dual_cpp.cpp:141:65:[m[K [01;31m[Kerror: [m[K‘[01m[Kleft_arm_down_callback[m[K’ is not a member of ‘[01m[KMoveToPoseDualCpp[m[K’
  141 |             "/left_arm_down", 10, std::bind(&MoveToPoseDualCpp::[01;31m[Kleft_arm_down_callback[m[K, this, std::placeholders::_1));
      |                                                                 [01;31m[K^~~~~~~~~~~~~~~~~~~~~~[m[K
[01m[K/home/a/ws_moveit2/src/robot_config/src/move_to_pose_dual_cpp.cpp:142:9:[m[K [01;31m[Kerror: [m[K‘[01m[Kright_arm_up_sub_[m[K’ was not declared in this scope
  142 |         [01;31m[Kright_arm_up_sub_[m[K = this->create_subscription<std_msgs::msg::String>(
      |         [01;31m[K^~~~~~~~~~~~~~~~~[m[K
[01m[K/home/a/ws_moveit2/src/robot_config/src/move_to_pose_dual_cpp.cpp:143:64:[m[K [01;31m[Kerror: [m[K‘[01m[Kright_arm_up_callback[m[K’ is not a member of ‘[01m[KMoveToPoseDualCpp[m[K’
  143 |             "/right_arm_up", 10, std::bind(&MoveToPoseDualCpp::[01;31m[Kright_arm_up_callback[m[K, this, std::placeholders::_1));
      |                                                                [01;31m[K^~~~~~~~~~~~~~~~~~~~~[m[K
[01m[K/home/a/ws_moveit2/src/robot_config/src/move_to_pose_dual_cpp.cpp:144:9:[m[K [01;31m[Kerror: [m[K‘[01m[Kright_arm_down_sub_[m[K’ was not declared in this scope
  144 |         [01;31m[Kright_arm_down_sub_[m[K = this->create_subscription<std_msgs::msg::String>(
      |         [01;31m[K^~~~~~~~~~~~~~~~~~~[m[K
[01m[K/home/a/ws_moveit2/src/robot_config/src/move_to_pose_dual_cpp.cpp:145:66:[m[K [01;31m[Kerror: [m[K‘[01m[Kright_arm_down_callback[m[K’ is not a member of ‘[01m[KMoveToPoseDualCpp[m[K’
  145 |             "/right_arm_down", 10, std::bind(&MoveToPoseDualCpp::[01;31m[Kright_arm_down_callback[m[K, this, std::placeholders::_1));
      |                                                                  [01;31m[K^~~~~~~~~~~~~~~~~~~~~~~[m[K
[01m[K/home/a/ws_moveit2/src/robot_config/src/move_to_pose_dual_cpp.cpp:148:9:[m[K [01;31m[Kerror: [m[K‘[01m[Kleft_arm_open_sub_[m[K’ was not declared in this scope
  148 |         [01;31m[Kleft_arm_open_sub_[m[K = this->create_subscription<std_msgs::msg::String>(
      |         [01;31m[K^~~~~~~~~~~~~~~~~~[m[K
[01m[K/home/a/ws_moveit2/src/robot_config/src/move_to_pose_dual_cpp.cpp:149:65:[m[K [01;31m[Kerror: [m[K‘[01m[Kleft_arm_open_callback[m[K’ is not a member of ‘[01m[KMoveToPoseDualCpp[m[K’
  149 |             "/left_arm_open", 10, std::bind(&MoveToPoseDualCpp::[01;31m[Kleft_arm_open_callback[m[K, this, std::placeholders::_1));
      |                                                                 [01;31m[K^~~~~~~~~~~~~~~~~~~~~~[m[K
[01m[K/home/a/ws_moveit2/src/robot_config/src/move_to_pose_dual_cpp.cpp:150:9:[m[K [01;31m[Kerror: [m[K‘[01m[Kleft_arm_close_sub_[m[K’ was not declared in this scope
  150 |         [01;31m[Kleft_arm_close_sub_[m[K = this->create_subscription<std_msgs::msg::String>(
      |         [01;31m[K^~~~~~~~~~~~~~~~~~~[m[K
[01m[K/home/a/ws_moveit2/src/robot_config/src/move_to_pose_dual_cpp.cpp:151:66:[m[K [01;31m[Kerror: [m[K‘[01m[Kleft_arm_close_callback[m[K’ is not a member of ‘[01m[KMoveToPoseDualCpp[m[K’
  151 |             "/left_arm_close", 10, std::bind(&MoveToPoseDualCpp::[01;31m[Kleft_arm_close_callback[m[K, this, std::placeholders::_1));
      |                                                                  [01;31m[K^~~~~~~~~~~~~~~~~~~~~~~[m[K
[01m[K/home/a/ws_moveit2/src/robot_config/src/move_to_pose_dual_cpp.cpp:152:9:[m[K [01;31m[Kerror: [m[K‘[01m[Kright_arm_open_sub_[m[K’ was not declared in this scope
  152 |         [01;31m[Kright_arm_open_sub_[m[K = this->create_subscription<std_msgs::msg::String>(
      |         [01;31m[K^~~~~~~~~~~~~~~~~~~[m[K
[01m[K/home/a/ws_moveit2/src/robot_config/src/move_to_pose_dual_cpp.cpp:153:66:[m[K [01;31m[Kerror: [m[K‘[01m[Kright_arm_open_callback[m[K’ is not a member of ‘[01m[KMoveToPoseDualCpp[m[K’
  153 |             "/right_arm_open", 10, std::bind(&MoveToPoseDualCpp::[01;31m[Kright_arm_open_callback[m[K, this, std::placeholders::_1));
      |                                                                  [01;31m[K^~~~~~~~~~~~~~~~~~~~~~~[m[K
[01m[K/home/a/ws_moveit2/src/robot_config/src/move_to_pose_dual_cpp.cpp:154:9:[m[K [01;31m[Kerror: [m[K‘[01m[Kright_arm_close_sub_[m[K’ was not declared in this scope
  154 |         [01;31m[Kright_arm_close_sub_[m[K = this->create_subscription<std_msgs::msg::String>(
      |         [01;31m[K^~~~~~~~~~~~~~~~~~~~[m[K
[01m[K/home/a/ws_moveit2/src/robot_config/src/move_to_pose_dual_cpp.cpp:155:67:[m[K [01;31m[Kerror: [m[K‘[01m[Kright_arm_close_callback[m[K’ is not a member of ‘[01m[KMoveToPoseDualCpp[m[K’
  155 |             "/right_arm_close", 10, std::bind(&MoveToPoseDualCpp::[01;31m[Kright_arm_close_callback[m[K, this, std::placeholders::_1));
      |                                                                   [01;31m[K^~~~~~~~~~~~~~~~~~~~~~~~[m[K
[01m[K/home/a/ws_moveit2/src/robot_config/src/move_to_pose_dual_cpp.cpp:160:9:[m[K [01;31m[Kerror: [m[K‘[01m[Kpost_init_timer_[m[K’ was not declared in this scope
  160 |         [01;31m[Kpost_init_timer_[m[K = this->create_wall_timer(
      |         [01;31m[K^~~~~~~~~~~~~~~~[m[K
[01m[K/home/a/ws_moveit2/src/robot_config/src/move_to_pose_dual_cpp.cpp:[m[K In lambda function:
[01m[K/home/a/ws_moveit2/src/robot_config/src/move_to_pose_dual_cpp.cpp:165:17:[m[K [01;31m[Kerror: [m[K‘[01m[Kpost_init_timer_[m[K’ is not captured
  165 |                 [01;31m[Kpost_init_timer_[m[K->cancel();
      |                 [01;31m[K^~~~~~~~~~~~~~~~[m[K
[01m[K/home/a/ws_moveit2/src/robot_config/src/move_to_pose_dual_cpp.cpp:162:18:[m[K [01;36m[Knote: [m[Kthe lambda has no capture-default
  162 |             [this[01;36m[K][m[K() {
      |                  [01;36m[K^[m[K
[01m[K/home/a/ws_moveit2/src/robot_config/src/move_to_pose_dual_cpp.cpp:160:9:[m[K [01;36m[Knote: [m[K‘[01m[K<typeprefixerror>post_init_timer_[m[K’ declared here
  160 |         [01;36m[Kpost_init_timer_[m[K = this->create_wall_timer(
      |         [01;36m[K^~~~~~~~~~~~~~~~[m[K
[01m[K/home/a/ws_moveit2/src/robot_config/src/move_to_pose_dual_cpp.cpp:[m[K In destructor ‘[01m[Kvirtual MoveToPoseDualCpp::~MoveToPoseDualCpp()[m[K’:
[01m[K/home/a/ws_moveit2/src/robot_config/src/move_to_pose_dual_cpp.cpp:172:13:[m[K [01;31m[Kerror: [m[K‘[01m[Kleft_init_thread_[m[K’ was not declared in this scope
  172 |         if ([01;31m[Kleft_init_thread_[m[K.joinable())
      |             [01;31m[K^~~~~~~~~~~~~~~~~[m[K
[01m[K/home/a/ws_moveit2/src/robot_config/src/move_to_pose_dual_cpp.cpp:176:13:[m[K [01;31m[Kerror: [m[K‘[01m[Kright_init_thread_[m[K’ was not declared in this scope
  176 |         if ([01;31m[Kright_init_thread_[m[K.joinable())
      |             [01;31m[K^~~~~~~~~~~~~~~~~~[m[K
[01m[K/home/a/ws_moveit2/src/robot_config/src/move_to_pose_dual_cpp.cpp:[m[K In member function ‘[01m[Kvoid MoveToPoseDualCpp::do_post_init()[m[K’:
[01m[K/home/a/ws_moveit2/src/robot_config/src/move_to_pose_dual_cpp.cpp:188:9:[m[K [01;31m[Kerror: [m[K‘[01m[Kplanning_scene_interface_[m[K’ was not declared in this scope; did you mean ‘[01m[Kplanning_scene_monitor[m[K’?
  188 |         [01;31m[Kplanning_scene_interface_[m[K = std::make_shared<moveit::planning_interface::PlanningSceneInterface>();
      |         [01;31m[K^~~~~~~~~~~~~~~~~~~~~~~~~[m[K
      |         [32m[Kplanning_scene_monitor[m[K
[01m[K/home/a/ws_moveit2/src/robot_config/src/move_to_pose_dual_cpp.cpp:191:13:[m[K [01;31m[Kerror: [m[K‘[01m[Kenable_local_psm_[m[K’ was not declared in this scope
  191 |         if ([01;31m[Kenable_local_psm_[m[K) {
      |             [01;31m[K^~~~~~~~~~~~~~~~~[m[K
[01m[K/home/a/ws_moveit2/src/robot_config/src/move_to_pose_dual_cpp.cpp:192:13:[m[K [01;31m[Kerror: [m[K‘[01m[Kplanning_scene_monitor_[m[K’ was not declared in this scope; did you mean ‘[01m[Kplanning_scene_monitor[m[K’?
  192 |             [01;31m[Kplanning_scene_monitor_[m[K = std::make_shared<planning_scene_monitor::PlanningSceneMonitor>(
      |             [01;31m[K^~~~~~~~~~~~~~~~~~~~~~~[m[K
      |             [32m[Kplanning_scene_monitor[m[K
[01m[K/home/a/ws_moveit2/src/robot_config/src/move_to_pose_dual_cpp.cpp:207:9:[m[K [01;31m[Kerror: [m[K‘[01m[Kleft_arm_action_client_[m[K’ was not declared in this scope
  207 |         [01;31m[Kleft_arm_action_client_[m[K = rclcpp_action::create_client<FollowJointTrajectory>(
      |         [01;31m[K^~~~~~~~~~~~~~~~~~~~~~~[m[K
[01m[K/home/a/ws_moveit2/src/robot_config/src/move_to_pose_dual_cpp.cpp:209:9:[m[K [01;31m[Kerror: [m[K‘[01m[Kright_arm_action_client_[m[K’ was not declared in this scope
  209 |         [01;31m[Kright_arm_action_client_[m[K = rclcpp_action::create_client<FollowJointTrajectory>(
      |         [01;31m[K^~~~~~~~~~~~~~~~~~~~~~~~[m[K
[01m[K/home/a/ws_moveit2/src/robot_config/src/move_to_pose_dual_cpp.cpp:220:9:[m[K [01;31m[Kerror: [m[K‘[01m[Kactions_ready_[m[K’ was not declared in this scope
  220 |         [01;31m[Kactions_ready_[m[K = true;
      |         [01;31m[K^~~~~~~~~~~~~~[m[K
[01m[K/home/a/ws_moveit2/src/robot_config/src/move_to_pose_dual_cpp.cpp:221:9:[m[K [01;31m[Kerror: [m[K‘[01m[KattemptFlushPending[m[K’ was not declared in this scope
  221 |         [01;31m[KattemptFlushPending[m[K();
      |         [01;31m[K^~~~~~~~~~~~~~~~~~~[m[K
[01m[K/home/a/ws_moveit2/src/robot_config/src/move_to_pose_dual_cpp.cpp:224:9:[m[K [01;31m[Kerror: [m[K‘[01m[Kleft_servo_start_client_[m[K’ was not declared in this scope
  224 |         [01;31m[Kleft_servo_start_client_[m[K = this->create_client<std_srvs::srv::Trigger>(
      |         [01;31m[K^~~~~~~~~~~~~~~~~~~~~~~~[m[K
[01m[K/home/a/ws_moveit2/src/robot_config/src/move_to_pose_dual_cpp.cpp:226:9:[m[K [01;31m[Kerror: [m[K‘[01m[Kleft_servo_stop_client_[m[K’ was not declared in this scope
  226 |         [01;31m[Kleft_servo_stop_client_[m[K = this->create_client<std_srvs::srv::Trigger>(
      |         [01;31m[K^~~~~~~~~~~~~~~~~~~~~~~[m[K
[01m[K/home/a/ws_moveit2/src/robot_config/src/move_to_pose_dual_cpp.cpp:228:9:[m[K [01;31m[Kerror: [m[K‘[01m[Kright_servo_start_client_[m[K’ was not declared in this scope
  228 |         [01;31m[Kright_servo_start_client_[m[K = this->create_client<std_srvs::srv::Trigger>(
      |         [01;31m[K^~~~~~~~~~~~~~~~~~~~~~~~~[m[K
[01m[K/home/a/ws_moveit2/src/robot_config/src/move_to_pose_dual_cpp.cpp:230:9:[m[K [01;31m[Kerror: [m[K‘[01m[Kright_servo_stop_client_[m[K’ was not declared in this scope
  230 |         [01;31m[Kright_servo_stop_client_[m[K = this->create_client<std_srvs::srv::Trigger>(
      |         [01;31m[K^~~~~~~~~~~~~~~~~~~~~~~~[m[K
[01m[K/home/a/ws_moveit2/src/robot_config/src/move_to_pose_dual_cpp.cpp:234:9:[m[K [01;31m[Kerror: [m[K‘[01m[Ktf_buffer_[m[K’ was not declared in this scope
  234 |         [01;31m[Ktf_buffer_[m[K = std::make_unique<tf2_ros::Buffer>(this->get_clock());
      |         [01;31m[K^~~~~~~~~~[m[K
[01m[K/home/a/ws_moveit2/src/robot_config/src/move_to_pose_dual_cpp.cpp:235:9:[m[K [01;31m[Kerror: [m[K‘[01m[Ktf_listener_[m[K’ was not declared in this scope
  235 |         [01;31m[Ktf_listener_[m[K = std::make_shared<tf2_ros::TransformListener>(*tf_buffer_);
      |         [01;31m[K^~~~~~~~~~~~[m[K
[01m[K/home/a/ws_moveit2/src/robot_config/src/move_to_pose_dual_cpp.cpp:[m[K In member function ‘[01m[Kvoid MoveToPoseDualCpp::stopServo(const string&)[m[K’:
[01m[K/home/a/ws_moveit2/src/robot_config/src/move_to_pose_dual_cpp.cpp:243:46:[m[K [01;31m[Kerror: [m[K‘[01m[Kleft_servo_stop_client_[m[K’ was not declared in this scope
  243 |         auto client = (arm_name == "left") ? [01;31m[Kleft_servo_stop_client_[m[K : right_servo_stop_client_;
      |                                              [01;31m[K^~~~~~~~~~~~~~~~~~~~~~~[m[K
[01m[K/home/a/ws_moveit2/src/robot_config/src/move_to_pose_dual_cpp.cpp:243:72:[m[K [01;31m[Kerror: [m[K‘[01m[Kright_servo_stop_client_[m[K’ was not declared in this scope
  243 |         auto client = (arm_name == "left") ? left_servo_stop_client_ : [01;31m[Kright_servo_stop_client_[m[K;
      |                                                                        [01;31m[K^~~~~~~~~~~~~~~~~~~~~~~~[m[K
[01m[K/home/a/ws_moveit2/src/robot_config/src/move_to_pose_dual_cpp.cpp:[m[K In member function ‘[01m[Kvoid MoveToPoseDualCpp::startServo(const string&)[m[K’:
[01m[K/home/a/ws_moveit2/src/robot_config/src/move_to_pose_dual_cpp.cpp:261:46:[m[K [01;31m[Kerror: [m[K‘[01m[Kleft_servo_start_client_[m[K’ was not declared in this scope
  261 |         auto client = (arm_name == "left") ? [01;31m[Kleft_servo_start_client_[m[K : right_servo_start_client_;
      |                                              [01;31m[K^~~~~~~~~~~~~~~~~~~~~~~~[m[K
[01m[K/home/a/ws_moveit2/src/robot_config/src/move_to_pose_dual_cpp.cpp:261:73:[m[K [01;31m[Kerror: [m[K‘[01m[Kright_servo_start_client_[m[K’ was not declared in this scope
  261 |         auto client = (arm_name == "left") ? left_servo_start_client_ : [01;31m[Kright_servo_start_client_[m[K;
      |                                                                         [01;31m[K^~~~~~~~~~~~~~~~~~~~~~~~~[m[K
[01m[K/home/a/ws_moveit2/src/robot_config/src/move_to_pose_dual_cpp.cpp:[m[K In member function ‘[01m[Kvoid MoveToPoseDualCpp::left_rpy_callback(std_msgs::msg::Float64MultiArray_<std::allocator<void> >::SharedPtr)[m[K’:
[01m[K/home/a/ws_moveit2/src/robot_config/src/move_to_pose_dual_cpp.cpp:323:9:[m[K [01;31m[Kerror: [m[K‘[01m[Klast_left_pose_rpy_[m[K’ was not declared in this scope
  323 |         [01;31m[Klast_left_pose_rpy_[m[K = msg->data;
      |         [01;31m[K^~~~~~~~~~~~~~~~~~~[m[K
[01m[K/home/a/ws_moveit2/src/robot_config/src/move_to_pose_dual_cpp.cpp:324:9:[m[K [01;31m[Kerror: [m[K‘[01m[Kleft_pose_received_[m[K’ was not declared in this scope
  324 |         [01;31m[Kleft_pose_received_[m[K = true;
      |         [01;31m[K^~~~~~~~~~~~~~~~~~~[m[K
[01m[K/home/a/ws_moveit2/src/robot_config/src/move_to_pose_dual_cpp.cpp:[m[K In member function ‘[01m[Kvoid MoveToPoseDualCpp::right_rpy_callback(std_msgs::msg::Float64MultiArray_<std::allocator<void> >::SharedPtr)[m[K’:
[01m[K/home/a/ws_moveit2/src/robot_config/src/move_to_pose_dual_cpp.cpp:353:9:[m[K [01;31m[Kerror: [m[K‘[01m[Klast_right_pose_rpy_[m[K’ was not declared in this scope
  353 |         [01;31m[Klast_right_pose_rpy_[m[K = msg->data;
      |         [01;31m[K^~~~~~~~~~~~~~~~~~~~[m[K
[01m[K/home/a/ws_moveit2/src/robot_config/src/move_to_pose_dual_cpp.cpp:354:9:[m[K [01;31m[Kerror: [m[K‘[01m[Kright_pose_received_[m[K’ was not declared in this scope
  354 |         [01;31m[Kright_pose_received_[m[K = true;
      |         [01;31m[K^~~~~~~~~~~~~~~~~~~~[m[K
[01m[K/home/a/ws_moveit2/src/robot_config/src/move_to_pose_dual_cpp.cpp:[m[K In lambda function:
[01m[K/home/a/ws_moveit2/src/robot_config/src/move_to_pose_dual_cpp.cpp:384:13:[m[K [01;31m[Kerror: [m[K‘[01m[KapplyDynamicCollisionAvoidance[m[K’ was not declared in this scope
  384 |             [01;31m[KapplyDynamicCollisionAvoidance[m[K(move_group_interface, arm_name);
      |             [01;31m[K^~~~~~~~~~~~~~~~~~~~~~~~~~~~~~[m[K
[01m[K/home/a/ws_moveit2/src/robot_config/src/move_to_pose_dual_cpp.cpp:434:17:[m[K [01;31m[Kerror: [m[K‘[01m[Kexecute_trajectory_directly[m[K’ was not declared in this scope
  434 |                 [01;31m[Kexecute_trajectory_directly[m[K(move_group_interface, my_plan, arm_name);
      |                 [01;31m[K^~~~~~~~~~~~~~~~~~~~~~~~~~~[m[K
[01m[K/home/a/ws_moveit2/src/robot_config/src/move_to_pose_dual_cpp.cpp:440:17:[m[K [01;31m[Kerror: [m[K‘[01m[KstopTrajectoryTracking[m[K’ was not declared in this scope
  440 |                 [01;31m[KstopTrajectoryTracking[m[K(arm_name);
      |                 [01;31m[K^~~~~~~~~~~~~~~~~~~~~~[m[K
[01m[K/home/a/ws_moveit2/src/robot_config/src/move_to_pose_dual_cpp.cpp:[m[K In member function ‘[01m[Kvoid MoveToPoseDualCpp::handleIncomingTargetPose(const string&, const PoseStamped&)[m[K’:
[01m[K/home/a/ws_moveit2/src/robot_config/src/move_to_pose_dual_cpp.cpp:484:44:[m[K [01;31m[Kerror: [m[K‘[01m[Ksync_mutex_[m[K’ was not declared in this scope
  484 |             std::lock_guard<std::mutex> lk([01;31m[Ksync_mutex_[m[K);
      |                                            [01;31m[K^~~~~~~~~~~[m[K
[01m[K/home/a/ws_moveit2/src/robot_config/src/move_to_pose_dual_cpp.cpp:486:17:[m[K [01;31m[Kerror: [m[K‘[01m[Kpending_left_pose_[m[K’ was not declared in this scope
  486 |                 [01;31m[Kpending_left_pose_[m[K = target_pose;
      |                 [01;31m[K^~~~~~~~~~~~~~~~~~[m[K
[01m[K/home/a/ws_moveit2/src/robot_config/src/move_to_pose_dual_cpp.cpp:487:17:[m[K [01;31m[Kerror: [m[K‘[01m[Kpending_left_time_[m[K’ was not declared in this scope
  487 |                 [01;31m[Kpending_left_time_[m[K = now_tp;
      |                 [01;31m[K^~~~~~~~~~~~~~~~~~[m[K
[01m[K/home/a/ws_moveit2/src/robot_config/src/move_to_pose_dual_cpp.cpp:488:17:[m[K [01;31m[Kerror: [m[K‘[01m[Khas_pending_left_pose_[m[K’ was not declared in this scope
  488 |                 [01;31m[Khas_pending_left_pose_[m[K = true;
      |                 [01;31m[K^~~~~~~~~~~~~~~~~~~~~~[m[K
[01m[K/home/a/ws_moveit2/src/robot_config/src/move_to_pose_dual_cpp.cpp:490:17:[m[K [01;31m[Kerror: [m[K‘[01m[Kpending_right_pose_[m[K’ was not declared in this scope
  490 |                 [01;31m[Kpending_right_pose_[m[K = target_pose;
      |                 [01;31m[K^~~~~~~~~~~~~~~~~~~[m[K
[01m[K/home/a/ws_moveit2/src/robot_config/src/move_to_pose_dual_cpp.cpp:491:17:[m[K [01;31m[Kerror: [m[K‘[01m[Kpending_right_time_[m[K’ was not declared in this scope
  491 |                 [01;31m[Kpending_right_time_[m[K = now_tp;
      |                 [01;31m[K^~~~~~~~~~~~~~~~~~~[m[K
[01m[K/home/a/ws_moveit2/src/robot_config/src/move_to_pose_dual_cpp.cpp:492:17:[m[K [01;31m[Kerror: [m[K‘[01m[Khas_pending_right_pose_[m[K’ was not declared in this scope
  492 |                 [01;31m[Khas_pending_right_pose_[m[K = true;
      |                 [01;31m[K^~~~~~~~~~~~~~~~~~~~~~~[m[K
[01m[K/home/a/ws_moveit2/src/robot_config/src/move_to_pose_dual_cpp.cpp:495:17:[m[K [01;31m[Kerror: [m[K‘[01m[Khas_pending_left_pose_[m[K’ was not declared in this scope
  495 |             if ([01;31m[Khas_pending_left_pose_[m[K && has_pending_right_pose_) {
      |                 [01;31m[K^~~~~~~~~~~~~~~~~~~~~~[m[K
[01m[K/home/a/ws_moveit2/src/robot_config/src/move_to_pose_dual_cpp.cpp:495:43:[m[K [01;31m[Kerror: [m[K‘[01m[Khas_pending_right_pose_[m[K’ was not declared in this scope
  495 |             if (has_pending_left_pose_ && [01;31m[Khas_pending_right_pose_[m[K) {
      |                                           [01;31m[K^~~~~~~~~~~~~~~~~~~~~~~[m[K
[01m[K/home/a/ws_moveit2/src/robot_config/src/move_to_pose_dual_cpp.cpp:496:28:[m[K [01;31m[Kerror: [m[K‘[01m[Kpending_left_time_[m[K’ was not declared in this scope
  496 |                 auto dt = ([01;31m[Kpending_left_time_[m[K > pending_right_time_) ? (pending_left_time_ - pending_right_time_) : (pending_right_time_ - pending_left_time_);
      |                            [01;31m[K^~~~~~~~~~~~~~~~~~[m[K
[01m[K/home/a/ws_moveit2/src/robot_config/src/move_to_pose_dual_cpp.cpp:496:49:[m[K [01;31m[Kerror: [m[K‘[01m[Kpending_right_time_[m[K’ was not declared in this scope
  496 |                 auto dt = (pending_left_time_ > [01;31m[Kpending_right_time_[m[K) ? (pending_left_time_ - pending_right_time_) : (pending_right_time_ - pending_left_time_);
      |                                                 [01;31m[K^~~~~~~~~~~~~~~~~~~[m[K
[01m[K/home/a/ws_moveit2/src/robot_config/src/move_to_pose_dual_cpp.cpp:498:30:[m[K [01;31m[Kerror: [m[K‘[01m[Kpending_left_pose_[m[K’ was not declared in this scope
  498 |                     l_pose = [01;31m[Kpending_left_pose_[m[K;
      |                              [01;31m[K^~~~~~~~~~~~~~~~~~[m[K
[01m[K/home/a/ws_moveit2/src/robot_config/src/move_to_pose_dual_cpp.cpp:499:30:[m[K [01;31m[Kerror: [m[K‘[01m[Kpending_right_pose_[m[K’ was not declared in this scope
  499 |                     r_pose = [01;31m[Kpending_right_pose_[m[K;
      |                              [01;31m[K^~~~~~~~~~~~~~~~~~~[m[K
[01m[K/home/a/ws_moveit2/src/robot_config/src/move_to_pose_dual_cpp.cpp:[m[K In lambda function:
[01m[K/home/a/ws_moveit2/src/robot_config/src/move_to_pose_dual_cpp.cpp:519:48:[m[K [01;31m[Kerror: [m[K‘[01m[Ksync_mutex_[m[K’ was not declared in this scope
  519 |                 std::lock_guard<std::mutex> lk([01;31m[Ksync_mutex_[m[K);
      |                                                [01;31m[K^~~~~~~~~~~[m[K
[01m[K/home/a/ws_moveit2/src/robot_config/src/move_to_pose_dual_cpp.cpp:521:38:[m[K [01;31m[Kerror: [m[K‘[01m[Khas_pending_left_pose_[m[K’ was not declared in this scope
  521 |                     still_unpaired = [01;31m[Khas_pending_left_pose_[m[K && (pending_left_time_ == now_tp);
      |                                      [01;31m[K^~~~~~~~~~~~~~~~~~~~~~[m[K
[01m[K/home/a/ws_moveit2/src/robot_config/src/move_to_pose_dual_cpp.cpp:521:65:[m[K [01;31m[Kerror: [m[K‘[01m[Kpending_left_time_[m[K’ was not declared in this scope
  521 |                     still_unpaired = has_pending_left_pose_ && ([01;31m[Kpending_left_time_[m[K == now_tp);
      |                                                                 [01;31m[K^~~~~~~~~~~~~~~~~~[m[K
[01m[K/home/a/ws_moveit2/src/robot_config/src/move_to_pose_dual_cpp.cpp:524:38:[m[K [01;31m[Kerror: [m[K‘[01m[Khas_pending_right_pose_[m[K’ was not declared in this scope
  524 |                     still_unpaired = [01;31m[Khas_pending_right_pose_[m[K && (pending_right_time_ == now_tp);
      |                                      [01;31m[K^~~~~~~~~~~~~~~~~~~~~~~[m[K
[01m[K/home/a/ws_moveit2/src/robot_config/src/move_to_pose_dual_cpp.cpp:524:66:[m[K [01;31m[Kerror: [m[K‘[01m[Kpending_right_time_[m[K’ was not declared in this scope
  524 |                     still_unpaired = has_pending_right_pose_ && ([01;31m[Kpending_right_time_[m[K == now_tp);
      |                                                                  [01;31m[K^~~~~~~~~~~~~~~~~~~[m[K
[01m[K/home/a/ws_moveit2/src/robot_config/src/move_to_pose_dual_cpp.cpp:529:51:[m[K [01;31m[Kerror: [m[K‘[01m[Kleft_move_group_interface_[m[K’ was not declared in this scope; did you mean ‘[01m[Kget_node_graph_interface[m[K’?
  529 |                 auto mgi = (arm_name == "left") ? [01;31m[Kleft_move_group_interface_[m[K : right_move_group_interface_;
      |                                                   [01;31m[K^~~~~~~~~~~~~~~~~~~~~~~~~~[m[K
      |                                                   [32m[Kget_node_graph_interface[m[K
[01m[K/home/a/ws_moveit2/src/robot_config/src/move_to_pose_dual_cpp.cpp:529:80:[m[K [01;31m[Kerror: [m[K‘[01m[Kright_move_group_interface_[m[K’ was not declared in this scope; did you mean ‘[01m[Kget_node_graph_interface[m[K’?
  529 |                 auto mgi = (arm_name == "left") ? left_move_group_interface_ : [01;31m[Kright_move_group_interface_[m[K;
      |                                                                                [01;31m[K^~~~~~~~~~~~~~~~~~~~~~~~~~~[m[K
      |                                                                                [32m[Kget_node_graph_interface[m[K
[01m[K/home/a/ws_moveit2/src/robot_config/src/move_to_pose_dual_cpp.cpp:[m[K In lambda function:
[01m[K/home/a/ws_moveit2/src/robot_config/src/move_to_pose_dual_cpp.cpp:561:27:[m[K [01;31m[Kerror: [m[K‘[01m[Kplan_buffer_[m[K’ was not declared in this scope
  561 |             if (mgi->plan([01;31m[Kplan_buffer_[m[K) == moveit::core::MoveItErrorCode::SUCCESS) return true;
      |                           [01;31m[K^~~~~~~~~~~~[m[K
[01m[K/home/a/ws_moveit2/src/robot_config/src/move_to_pose_dual_cpp.cpp:565:31:[m[K [01;31m[Kerror: [m[K‘[01m[Kplan_buffer_[m[K’ was not declared in this scope
  565 |             return (mgi->plan([01;31m[Kplan_buffer_[m[K) == moveit::core::MoveItErrorCode::SUCCESS);
      |                               [01;31m[K^~~~~~~~~~~~[m[K
[01m[K/home/a/ws_moveit2/src/robot_config/src/move_to_pose_dual_cpp.cpp:[m[K In member function ‘[01m[Kvoid MoveToPoseDualCpp::planAndExecuteSynchronized(const PoseStamped&, const PoseStamped&)[m[K’:
[01m[K/home/a/ws_moveit2/src/robot_config/src/move_to_pose_dual_cpp.cpp:571:13:[m[K [01;31m[Kerror: [m[K‘[01m[Kleft_move_group_interface_[m[K’ was not declared in this scope; did you mean ‘[01m[Kget_node_graph_interface[m[K’?
  571 |         if ([01;31m[Kleft_move_group_interface_[m[K) {
      |             [01;31m[K^~~~~~~~~~~~~~~~~~~~~~~~~~[m[K
      |             [32m[Kget_node_graph_interface[m[K
[01m[K/home/a/ws_moveit2/src/robot_config/src/move_to_pose_dual_cpp.cpp:573:38:[m[K [01;31m[Kerror: [m[K‘[01m[Kplan_buffer_[m[K’ was not declared in this scope
  573 |             if (left_ok) left_plan = [01;31m[Kplan_buffer_[m[K;
      |                                      [01;31m[K^~~~~~~~~~~~[m[K
[01m[K/home/a/ws_moveit2/src/robot_config/src/move_to_pose_dual_cpp.cpp:575:13:[m[K [01;31m[Kerror: [m[K‘[01m[Kright_move_group_interface_[m[K’ was not declared in this scope; did you mean ‘[01m[Kget_node_graph_interface[m[K’?
  575 |         if ([01;31m[Kright_move_group_interface_[m[K) {
      |             [01;31m[K^~~~~~~~~~~~~~~~~~~~~~~~~~~[m[K
      |             [32m[Kget_node_graph_interface[m[K
[01m[K/home/a/ws_moveit2/src/robot_config/src/move_to_pose_dual_cpp.cpp:577:40:[m[K [01;31m[Kerror: [m[K‘[01m[Kplan_buffer_[m[K’ was not declared in this scope
  577 |             if (right_ok) right_plan = [01;31m[Kplan_buffer_[m[K;
      |                                        [01;31m[K^~~~~~~~~~~~[m[K
[01m[K/home/a/ws_moveit2/src/robot_config/src/move_to_pose_dual_cpp.cpp:[m[K In lambda function:
[01m[K/home/a/ws_moveit2/src/robot_config/src/move_to_pose_dual_cpp.cpp:598:17:[m[K [01;31m[Kerror: [m[K‘[01m[KRCLCPlocityScalingFactor[m[K’ was not declared in this scope
  598 |                 [01;31m[KRCLCPlocityScalingFactor[m[K(0.8);
      |                 [01;31m[K^~~~~~~~~~~~~~~~~~~~~~~~[m[K
[01m[K/home/a/ws_moveit2/src/robot_config/src/move_to_pose_dual_cpp.cpp:599:13:[m[K [01;31m[Kerror: [m[K‘[01m[Kmgi[m[K’ was not declared in this scope
  599 |             [01;31m[Kmgi[m[K->setMaxAccelerationScalingFactor(0.8);
      |             [01;31m[K^~~[m[K
[01m[K/home/a/ws_moveit2/src/robot_config/src/move_to_pose_dual_cpp.cpp:600:27:[m[K [01;31m[Kerror: [m[K‘[01m[Kplan_buffer_[m[K’ was not declared in this scope
  600 |             if (mgi->plan([01;31m[Kplan_buffer_[m[K) == moveit::core::MoveItErrorCode::SUCCESS) return true;
      |                           [01;31m[K^~~~~~~~~~~~[m[K
[01m[K/home/a/ws_moveit2/src/robot_config/src/move_to_pose_dual_cpp.cpp:600:91:[m[K [01;31m[Kerror: [m[Kinconsistent types ‘[01m[Kvoid[m[K’ and ‘[01m[Kbool[m[K’ deduced for lambda return type
  600 |         if (mgi->plan(plan_buffer_) == moveit::core::MoveItErrorCode::SUCCESS) return [01;31m[Ktrue[m[K;
      |                                                                                       [01;31m[K^~~~[m[K

[01m[K/home/a/ws_moveit2/src/robot_config/src/move_to_pose_dual_cpp.cpp:600:91:[m[K [01;31m[Kerror: [m[Kreturn-statement with a value, in function returning ‘[01m[Kvoid[m[K’ [[01;31m[K]8;;https://gcc.gnu.org/onlinedocs/gcc/Warning-Options.html#index-fpermissive-fpermissive]8;;[m[K]
[01m[K/home/a/ws_moveit2/src/robot_config/src/move_to_pose_dual_cpp.cpp:604:31:[m[K [01;31m[Kerror: [m[K‘[01m[Kplan_buffer_[m[K’ was not declared in this scope
  604 |             return (mgi->plan([01;31m[Kplan_buffer_[m[K) == moveit::core::MoveItErrorCode::SUCCESS);
      |                               [01;31m[K^~~~~~~~~~~~[m[K
[01m[K/home/a/ws_moveit2/src/robot_config/src/move_to_pose_dual_cpp.cpp:610:13:[m[K [01;31m[Kerror: [m[K‘[01m[Kleft_move_group_interface_[m[K’ was not declared in this scope; did you mean ‘[01m[Kget_node_graph_interface[m[K’?
  610 |         if ([01;31m[Kleft_move_group_interface_[m[K) {
      |             [01;31m[K^~~~~~~~~~~~~~~~~~~~~~~~~~[m[K
      |             [32m[Kget_node_graph_interface[m[K
[01m[K/home/a/ws_moveit2/src/robot_config/src/move_to_pose_dual_cpp.cpp:611:23:[m[K [01;31m[Kerror: [m[K‘[01m[Kplan_one[m[K’ is not captured
  611 |             left_ok = [01;31m[Kplan_one[m[K(left_move_group_interface_, left_pose);
      |                       [01;31m[K^~~~~~~~[m[K
[01m[K/home/a/ws_moveit2/src/robot_config/src/move_to_pose_dual_cpp.cpp:587:30:[m[K [01;36m[Knote: [m[Kthe lambda has no capture-default
  587 |         auto send_one = [this[01;36m[K][m[K(const std::string& arm,
      |                              [01;36m[K^[m[K
[01m[K/home/a/ws_moveit2/src/robot_config/src/move_to_pose_dual_cpp.cpp:545:14:[m[K [01;36m[Knote: [m[K‘[01m[KMoveToPoseDualCpp::planAndExecuteSynchronized(const PoseStamped&, const PoseStamped&)::<lambda(std::shared_ptr<moveit::planning_interface::MoveGroupInterface>, const PoseStamped&)> plan_one[m[K’ declared here
  545 |         auto [01;36m[Kplan_one[m[K = [this](std::shared_ptr<moveit::planning_interface::MoveGroupInterface> mgi,
      |              [01;36m[K^~~~~~~~[m[K
[01m[K/home/a/ws_moveit2/src/robot_config/src/move_to_pose_dual_cpp.cpp:611:60:[m[K [01;31m[Kerror: [m[K‘[01m[Kleft_pose[m[K’ is not captured
  611 |             left_ok = plan_one(left_move_group_interface_, [01;31m[Kleft_pose[m[K);
      |                                                            [01;31m[K^~~~~~~~~[m[K
[01m[K/home/a/ws_moveit2/src/robot_config/src/move_to_pose_dual_cpp.cpp:587:30:[m[K [01;36m[Knote: [m[Kthe lambda has no capture-default
  587 |         auto send_one = [this[01;36m[K][m[K(const std::string& arm,
      |                              [01;36m[K^[m[K
[01m[K/home/a/ws_moveit2/src/robot_config/src/move_to_pose_dual_cpp.cpp:535:76:[m[K [01;36m[Knote: [m[K‘[01m[Kconst PoseStamped& left_pose[m[K’ declared here
  535 |     void planAndExecuteSynchronized([01;36m[Kconst geometry_msgs::msg::PoseStamped& left_pose[m[K,
      |                                     [01;36m[K~~~~~~~~~~~~~~~~~~~~~~~~~~~~~~~~~~~~~~~^~~~~~~~~[m[K
[01m[K/home/a/ws_moveit2/src/robot_config/src/move_to_pose_dual_cpp.cpp:612:38:[m[K [01;31m[Kerror: [m[K‘[01m[Kplan_buffer_[m[K’ was not declared in this scope
  612 |             if (left_ok) left_plan = [01;31m[Kplan_buffer_[m[K;
      |                                      [01;31m[K^~~~~~~~~~~~[m[K
[01m[K/home/a/ws_moveit2/src/robot_config/src/move_to_pose_dual_cpp.cpp:614:13:[m[K [01;31m[Kerror: [m[K‘[01m[Kright_move_group_interface_[m[K’ was not declared in this scope; did you mean ‘[01m[Kget_node_graph_interface[m[K’?
  614 |         if ([01;31m[Kright_move_group_interface_[m[K) {
      |             [01;31m[K^~~~~~~~~~~~~~~~~~~~~~~~~~~[m[K
      |             [32m[Kget_node_graph_interface[m[K
[01m[K/home/a/ws_moveit2/src/robot_config/src/move_to_pose_dual_cpp.cpp:615:24:[m[K [01;31m[Kerror: [m[K‘[01m[Kplan_one[m[K’ is not captured
  615 |             right_ok = [01;31m[Kplan_one[m[K(right_move_group_interface_, right_pose);
      |                        [01;31m[K^~~~~~~~[m[K
[01m[K/home/a/ws_moveit2/src/robot_config/src/move_to_pose_dual_cpp.cpp:587:30:[m[K [01;36m[Knote: [m[Kthe lambda has no capture-default
  587 |         auto send_one = [this[01;36m[K][m[K(const std::string& arm,
      |                              [01;36m[K^[m[K
[01m[K/home/a/ws_moveit2/src/robot_config/src/move_to_pose_dual_cpp.cpp:545:14:[m[K [01;36m[Knote: [m[K‘[01m[KMoveToPoseDualCpp::planAndExecuteSynchronized(const PoseStamped&, const PoseStamped&)::<lambda(std::shared_ptr<moveit::planning_interface::MoveGroupInterface>, const PoseStamped&)> plan_one[m[K’ declared here
  545 |         auto [01;36m[Kplan_one[m[K = [this](std::shared_ptr<moveit::planning_interface::MoveGroupInterface> mgi,
      |              [01;36m[K^~~~~~~~[m[K
[01m[K/home/a/ws_moveit2/src/robot_config/src/move_to_pose_dual_cpp.cpp:615:62:[m[K [01;31m[Kerror: [m[K‘[01m[Kright_pose[m[K’ is not captured
  615 |             right_ok = plan_one(right_move_group_interface_, [01;31m[Kright_pose[m[K);
      |                                                              [01;31m[K^~~~~~~~~~[m[K
[01m[K/home/a/ws_moveit2/src/robot_config/src/move_to_pose_dual_cpp.cpp:587:30:[m[K [01;36m[Knote: [m[Kthe lambda has no capture-default
  587 |         auto send_one = [this[01;36m[K][m[K(const std::string& arm,
      |                              [01;36m[K^[m[K
[01m[K/home/a/ws_moveit2/src/robot_config/src/move_to_pose_dual_cpp.cpp:536:76:[m[K [01;36m[Knote: [m[K‘[01m[Kconst PoseStamped& right_pose[m[K’ declared here
  536 |                                     [01;36m[Kconst geometry_msgs::msg::PoseStamped& right_pose[m[K)
      |                                     [01;36m[K~~~~~~~~~~~~~~~~~~~~~~~~~~~~~~~~~~~~~~~^~~~~~~~~~[m[K
[01m[K/home/a/ws_moveit2/src/robot_config/src/move_to_pose_dual_cpp.cpp:616:40:[m[K [01;31m[Kerror: [m[K‘[01m[Kplan_buffer_[m[K’ was not declared in this scope
  616 |             if (right_ok) right_plan = [01;31m[Kplan_buffer_[m[K;
      |                                        [01;31m[K^~~~~~~~~~~~[m[K
[01m[K/home/a/ws_moveit2/src/robot_config/src/move_to_pose_dual_cpp.cpp:[m[K In lambda function:
[01m[K/home/a/ws_moveit2/src/robot_config/src/move_to_pose_dual_cpp.cpp:646:136:[m[K [01;31m[Kerror: [m[Kthere are no arguments to ‘[01m[KstopTrajectoryTracking[m[K’ that depend on a template parameter, so a declaration of ‘[01m[KstopTrajectoryTracking[m[K’ must be available [[01;31m[K]8;;https://gcc.gnu.org/onlinedocs/gcc/Warning-Options.html#index-fpermissive-fpermissive]8;;[m[K]
  646 | { RCLCPP_INFO(this->get_logger(), "[SYNC] Execution done for %s", arm.c_str()); [01;31m[KstopTrajectoryTracking[m[K(arm); std::this_thread::sleep_for(std::chrono::milliseconds(80)); startServo(arm); };
      |                                                                                 [01;31m[K^~~~~~~~~~~~~~~~~~~~~~[m[K

[01m[K/home/a/ws_moveit2/src/robot_config/src/move_to_pose_dual_cpp.cpp:646:136:[m[K [01;36m[Knote: [m[K(if you use ‘[01m[K-fpermissive[m[K’, G++ will accept your code, but allowing the use of an undeclared name is deprecated)
/home/a/ws_moveit2/src/robot_config/src/move_to_pose_dual_cpp.cpp: In instantiation of ‘[01m[KMoveToPoseDualCpp::planAndExecuteSynchronized(const PoseStamped&, const PoseStamped&)::<lambda(const string&, rclcpp_action::Client<control_msgs::action::FollowJointTrajectory>::SharedPtr, const moveit::planning_interface::MoveGroupInterface::Plan&)>::<lambda(const string&, rclcpp_action::Client<control_msgs::action::FollowJointTrajectory>::SharedPtr, const moveit::planning_interface::MoveGroupInterface::Plan&)>::<lambda(auto:41)> [with auto:41 = rclcpp_action::ClientGoalHandle<control_msgs::action::FollowJointTrajectory>::WrappedResult][m[K’:
[01m[K/usr/include/c++/11/type_traits:2530:26:[m[K   required by substitution of ‘[01m[Ktemplate<class _Fn, class ... _Args> static std::__result_of_success<decltype (declval<_Fn>()((declval<_Args>)()...)), std::__invoke_other> std::__result_of_other_impl::_S_test(int) [with _Fn = MoveToPoseDualCpp::planAndExecuteSynchronized(const PoseStamped&, const PoseStamped&)::<lambda(const string&, rclcpp_action::Client<control_msgs::action::FollowJointTrajectory>::SharedPtr, const moveit::planning_interface::MoveGroupInterface::Plan&)>::<lambda(const string&, rclcpp_action::Client<control_msgs::action::FollowJointTrajectory>::SharedPtr, const moveit::planning_interface::MoveGroupInterface::Plan&)>::<lambda(auto:41)>&; _Args = {const rclcpp_action::ClientGoalHandle<control_msgs::action::FollowJointTrajectory>::WrappedResult&}][m[K’
[01m[K/usr/include/c++/11/type_traits:2541:55:[m[K   required from ‘[01m[Kstruct std::__result_of_impl<false, false, MoveToPoseDualCpp::planAndExecuteSynchronized(const PoseStamped&, const PoseStamped&)::<lambda(const string&, rclcpp_action::Client<control_msgs::action::FollowJointTrajectory>::SharedPtr, const moveit::planning_interface::MoveGroupInterface::Plan&)>::<lambda(const string&, rclcpp_action::Client<control_msgs::action::FollowJointTrajectory>::SharedPtr, const moveit::planning_interface::MoveGroupInterface::Plan&)>::<lambda(auto:41)>&, const rclcpp_action::ClientGoalHandle<control_msgs::action::FollowJointTrajectory>::WrappedResult&>[m[K’
[01m[K/usr/include/c++/11/bits/std_function.h:348:9:[m[K   recursively required by substitution of ‘[01m[Ktemplate<class _Result, class _Ret> struct std::__is_invocable_impl<_Result, _Ret, true, std::__void_t<typename _CTp::type> > [with _Result = std::__invoke_result<MoveToPoseDualCpp::planAndExecuteSynchronized(const PoseStamped&, const PoseStamped&)::<lambda(const string&, rclcpp_action::Client<control_msgs::action::FollowJointTrajectory>::SharedPtr, const moveit::planning_interface::MoveGroupInterface::Plan&)>::<lambda(const string&, rclcpp_action::Client<control_msgs::action::FollowJointTrajectory>::SharedPtr, const moveit::planning_interface::MoveGroupInterface::Plan&)>::<lambda(auto:41)>&, const rclcpp_action::ClientGoalHandle<control_msgs::action::FollowJointTrajectory>::WrappedResult&>; _Ret = void][m[K’
[01m[K/usr/include/c++/11/bits/std_function.h:348:9:[m[K   required from ‘[01m[Kstruct std::function<void(const rclcpp_action::ClientGoalHandle<control_msgs::action::FollowJointTrajectory>::WrappedResult&)>::_Callable<MoveToPoseDualCpp::planAndExecuteSynchronized(const PoseStamped&, const PoseStamped&)::<lambda(const string&, rclcpp_action::Client<control_msgs::action::FollowJointTrajectory>::SharedPtr, const moveit::planning_interface::MoveGroupInterface::Plan&)>::<lambda(const string&, rclcpp_action::Client<control_msgs::action::FollowJointTrajectory>::SharedPtr, const moveit::planning_interface::MoveGroupInterface::Plan&)>::<lambda(auto:41)>, MoveToPoseDualCpp::planAndExecuteSynchronized(const PoseStamped&, const PoseStamped&)::<lambda(const string&, rclcpp_action::Client<control_msgs::action::FollowJointTrajectory>::SharedPtr, const moveit::planning_interface::MoveGroupInterface::Plan&)>::<lambda(const string&, rclcpp_action::Client<control_msgs::action::FollowJointTrajectory>::SharedPtr, const moveit::planning_interface::MoveGroupInterface::Plan&)>::<lambda(auto:41)>, std::__invoke_result<MoveToPoseDualCpp::planAndExecuteSynchronized(const PoseStamped&, const PoseStamped&)::<lambda(const string&, rclcpp_action::Client<control_msgs::action::FollowJointTrajectory>::SharedPtr, const moveit::planning_interface::MoveGroupInterface::Plan&)>::<lambda(const string&, rclcpp_action::Client<control_msgs::action::FollowJointTrajectory>::SharedPtr, const moveit::planning_interface::MoveGroupInterface::Plan&)>::<lambda(auto:41)>&, const rclcpp_action::ClientGoalHandle<control_msgs::action::FollowJointTrajectory>::WrappedResult&> >[m[K’
[01m[K/usr/include/c++/11/bits/std_function.h:353:8:[m[K   required by substitution of ‘[01m[Ktemplate<class _Res, class ... _ArgTypes> template<class _Cond, class _Tp> using _Requires = std::__enable_if_t<_Cond::value, _Tp> [with _Cond = std::function<void(const rclcpp_action::ClientGoalHandle<control_msgs::action::FollowJointTrajectory>::WrappedResult&)>::_Callable<MoveToPoseDualCpp::planAndExecuteSynchronized(const PoseStamped&, const PoseStamped&)::<lambda(const string&, rclcpp_action::Client<control_msgs::action::FollowJointTrajectory>::SharedPtr, const moveit::planning_interface::MoveGroupInterface::Plan&)>::<lambda(const string&, rclcpp_action::Client<control_msgs::action::FollowJointTrajectory>::SharedPtr, const moveit::planning_interface::MoveGroupInterface::Plan&)>::<lambda(auto:41)>, MoveToPoseDualCpp::planAndExecuteSynchronized(const PoseStamped&, const PoseStamped&)::<lambda(const string&, rclcpp_action::Client<control_msgs::action::FollowJointTrajectory>::SharedPtr, const moveit::planning_interface::MoveGroupInterface::Plan&)>::<lambda(const string&, rclcpp_action::Client<control_msgs::action::FollowJointTrajectory>::SharedPtr, const moveit::planning_interface::MoveGroupInterface::Plan&)>::<lambda(auto:41)>, std::__invoke_result<MoveToPoseDualCpp::planAndExecuteSynchronized(const PoseStamped&, const PoseStamped&)::<lambda(const string&, rclcpp_action::Client<control_msgs::action::FollowJointTrajectory>::SharedPtr, const moveit::planning_interface::MoveGroupInterface::Plan&)>::<lambda(const string&, rclcpp_action::Client<control_msgs::action::FollowJointTrajectory>::SharedPtr, const moveit::planning_interface::MoveGroupInterface::Plan&)>::<lambda(auto:41)>&, const rclcpp_action::ClientGoalHandle<control_msgs::action::FollowJointTrajectory>::WrappedResult&> >; _Tp = void; _Res = void; _ArgTypes = {const rclcpp_action::ClientGoalHandle<control_msgs::action::FollowJointTrajectory>::WrappedResult&}][m[K’
[01m[K/usr/include/c++/11/bits/std_function.h:434:9:[m[K   required by substitution of ‘[01m[Ktemplate<class _Functor, class _Constraints> std::function<void(const rclcpp_action::ClientGoalHandle<control_msgs::action::FollowJointTrajectory>::WrappedResult&)>::function(_Functor&&) [with _Functor = MoveToPoseDualCpp::planAndExecuteSynchronized(const PoseStamped&, const PoseStamped&)::<lambda(const string&, rclcpp_action::Client<control_msgs::action::FollowJointTrajectory>::SharedPtr, const moveit::planning_interface::MoveGroupInterface::Plan&)>::<lambda(const string&, rclcpp_action::Client<control_msgs::action::FollowJointTrajectory>::SharedPtr, const moveit::planning_interface::MoveGroupInterface::Plan&)>::<lambda(auto:41)>; _Constraints = <missing>][m[K’
[01m[K/home/a/ws_moveit2/src/robot_config/src/move_to_pose_dual_cpp.cpp:646:242:[m[K   required from here
[01m[K/home/a/ws_moveit2/src/robot_config/src/move_to_pose_dual_cpp.cpp:646:158:[m[K [01;31m[Kerror: [m[K‘[01m[KstopTrajectoryTracking[m[K’ was not declared in this scope
  646 | t_logger(), "[SYNC] Execution done for %s", arm.c_str()); [01;31m[KstopTrajectoryTracking(arm)[m[K; std::this_thread::sleep_for(std::chrono::milliseconds(80)); startServo(arm); };
      |                                                           [01;31m[K~~~~~~~~~~~~~~~~~~~~~~^~~~~[m[K

[01m[K/home/a/ws_moveit2/src/robot_config/src/move_to_pose_dual_cpp.cpp:[m[K In lambda function:
[01m[K/home/a/ws_moveit2/src/robot_config/src/move_to_pose_dual_cpp.cpp:648:13:[m[K [01;31m[Kerror: [m[K‘[01m[KupdateTrajectoryTracking[m[K’ was not declared in this scope
  648 |             [01;31m[KupdateTrajectoryTracking[m[K(plan, arm);
      |             [01;31m[K^~~~~~~~~~~~~~~~~~~~~~~~[m[K
[01m[K/home/a/ws_moveit2/src/robot_config/src/move_to_pose_dual_cpp.cpp:[m[K In lambda function:
[01m[K/home/a/ws_moveit2/src/robot_config/src/move_to_pose_dual_cpp.cpp:651:41:[m[K [01;31m[Kerror: [m[K‘[01m[Kleft_arm_action_client_[m[K’ was not declared in this scope
  651 |         if (left_ok)  send_one("left",  [01;31m[Kleft_arm_action_client_[m[K,  left_plan);
      |                                         [01;31m[K^~~~~~~~~~~~~~~~~~~~~~~[m[K
[01m[K/home/a/ws_moveit2/src/robot_config/src/move_to_pose_dual_cpp.cpp:652:41:[m[K [01;31m[Kerror: [m[K‘[01m[Kright_arm_action_client_[m[K’ was not declared in this scope
  652 |         if (right_ok) send_one("right", [01;31m[Kright_arm_action_client_[m[K, right_plan);
      |                                         [01;31m[K^~~~~~~~~~~~~~~~~~~~~~~~[m[K
[01m[K/home/a/ws_moveit2/src/robot_config/src/move_to_pose_dual_cpp.cpp:[m[K In member function ‘[01m[Kvoid MoveToPoseDualCpp::planAndExecuteSynchronized(const PoseStamped&, const PoseStamped&)[m[K’:
[01m[K/home/a/ws_moveit2/src/robot_config/src/move_to_pose_dual_cpp.cpp:657:5:[m[K [01;31m[Kerror: [m[Kexpected ‘[01m[K,[m[K’ or ‘[01m[K;[m[K’ before ‘[01m[Kvoid[m[K’
  657 |     [01;31m[Kvoid[m[K execute_trajectory_directly(
      |     [01;31m[K^~~~[m[K
[01m[K/home/a/ws_moveit2/src/robot_config/src/move_to_pose_dual_cpp.cpp:709:5:[m[K [01;31m[Kerror: [m[Ka function-definition is not allowed here before ‘[01m[K{[m[K’ token
  709 |     [01;31m[K{[m[K
      |     [01;31m[K^[m[K
[01m[K/home/a/ws_moveit2/src/robot_config/src/move_to_pose_dual_cpp.cpp:727:5:[m[K [01;31m[Kerror: [m[Ka function-definition is not allowed here before ‘[01m[K{[m[K’ token
  727 |     [01;31m[K{[m[K
      |     [01;31m[K^[m[K
[01m[K/home/a/ws_moveit2/src/robot_config/src/move_to_pose_dual_cpp.cpp:741:5:[m[K [01;31m[Kerror: [m[Ka function-definition is not allowed here before ‘[01m[K{[m[K’ token
  741 |     [01;31m[K{[m[K
      |     [01;31m[K^[m[K
[01m[K/home/a/ws_moveit2/src/robot_config/src/move_to_pose_dual_cpp.cpp:771:5:[m[K [01;31m[Kerror: [m[Ka function-definition is not allowed here before ‘[01m[K{[m[K’ token
  771 |     [01;31m[K{[m[K
      |     [01;31m[K^[m[K
[01m[K/home/a/ws_moveit2/src/robot_config/src/move_to_pose_dual_cpp.cpp:777:5:[m[K [01;31m[Kerror: [m[Ka function-definition is not allowed here before ‘[01m[K{[m[K’ token
  777 |     [01;31m[K{[m[K
      |     [01;31m[K^[m[K
[01m[K/home/a/ws_moveit2/src/robot_config/src/move_to_pose_dual_cpp.cpp:783:5:[m[K [01;31m[Kerror: [m[Ka function-definition is not allowed here before ‘[01m[K{[m[K’ token
  783 |     [01;31m[K{[m[K
      |     [01;31m[K^[m[K
[01m[K/home/a/ws_moveit2/src/robot_config/src/move_to_pose_dual_cpp.cpp:789:5:[m[K [01;31m[Kerror: [m[Ka function-definition is not allowed here before ‘[01m[K{[m[K’ token
  789 |     [01;31m[K{[m[K
      |     [01;31m[K^[m[K
[01m[K/home/a/ws_moveit2/src/robot_config/src/move_to_pose_dual_cpp.cpp:795:5:[m[K [01;31m[Kerror: [m[Ka function-definition is not allowed here before ‘[01m[K{[m[K’ token
  795 |     [01;31m[K{[m[K
      |     [01;31m[K^[m[K
[01m[K/home/a/ws_moveit2/src/robot_config/src/move_to_pose_dual_cpp.cpp:823:5:[m[K [01;31m[Kerror: [m[Ka function-definition is not allowed here before ‘[01m[K{[m[K’ token
  823 |     [01;31m[K{[m[K
      |     [01;31m[K^[m[K
[01m[K/home/a/ws_moveit2/src/robot_config/src/move_to_pose_dual_cpp.cpp:878:5:[m[K [01;31m[Kerror: [m[Ka function-definition is not allowed here before ‘[01m[K{[m[K’ token
  878 |     [01;31m[K{[m[K
      |     [01;31m[K^[m[K
[01m[K/home/a/ws_moveit2/src/robot_config/src/move_to_pose_dual_cpp.cpp:885:5:[m[K [01;31m[Kerror: [m[Ka function-definition is not allowed here before ‘[01m[K{[m[K’ token
  885 |     [01;31m[K{[m[K
      |     [01;31m[K^[m[K
[01m[K/home/a/ws_moveit2/src/robot_config/src/move_to_pose_dual_cpp.cpp:891:5:[m[K [01;31m[Kerror: [m[Ka function-definition is not allowed here before ‘[01m[K{[m[K’ token
  891 |     [01;31m[K{[m[K
      |     [01;31m[K^[m[K
[01m[K/home/a/ws_moveit2/src/robot_config/src/move_to_pose_dual_cpp.cpp:897:5:[m[K [01;31m[Kerror: [m[Ka function-definition is not allowed here before ‘[01m[K{[m[K’ token
  897 |     [01;31m[K{[m[K
      |     [01;31m[K^[m[K
[01m[K/home/a/ws_moveit2/src/robot_config/src/move_to_pose_dual_cpp.cpp:904:5:[m[K [01;31m[Kerror: [m[Ka function-definition is not allowed here before ‘[01m[K{[m[K’ token
  904 |     [01;31m[K{[m[K
      |     [01;31m[K^[m[K
[01m[K/home/a/ws_moveit2/src/robot_config/src/move_to_pose_dual_cpp.cpp:965:5:[m[K [01;31m[Kerror: [m[Ka function-definition is not allowed here before ‘[01m[K{[m[K’ token
  965 |     [01;31m[K{[m[K
      |     [01;31m[K^[m[K
[01m[K/home/a/ws_moveit2/src/robot_config/src/move_to_pose_dual_cpp.cpp:1024:5:[m[K [01;31m[Kerror: [m[Ka function-definition is not allowed here before ‘[01m[K{[m[K’ token
 1024 |     [01;31m[K{[m[K
      |     [01;31m[K^[m[K
[01m[K/home/a/ws_moveit2/src/robot_config/src/move_to_pose_dual_cpp.cpp:1030:5:[m[K [01;31m[Kerror: [m[Ka function-definition is not allowed here before ‘[01m[K{[m[K’ token
 1030 |     [01;31m[K{[m[K
      |     [01;31m[K^[m[K
[01m[K/home/a/ws_moveit2/src/robot_config/src/move_to_pose_dual_cpp.cpp:1036:5:[m[K [01;31m[Kerror: [m[Ka function-definition is not allowed here before ‘[01m[K{[m[K’ token
 1036 |     [01;31m[K{[m[K
      |     [01;31m[K^[m[K
[01m[K/home/a/ws_moveit2/src/robot_config/src/move_to_pose_dual_cpp.cpp:1042:5:[m[K [01;31m[Kerror: [m[Ka function-definition is not allowed here before ‘[01m[K{[m[K’ token
 1042 |     [01;31m[K{[m[K
      |     [01;31m[K^[m[K
[01m[K/home/a/ws_moveit2/src/robot_config/src/move_to_pose_dual_cpp.cpp:1048:5:[m[K [01;31m[Kerror: [m[Ka function-definition is not allowed here before ‘[01m[K{[m[K’ token
 1048 |     [01;31m[K{[m[K
      |     [01;31m[K^[m[K
[01m[K/home/a/ws_moveit2/src/robot_config/src/move_to_pose_dual_cpp.cpp:1181:17:[m[K [01;35m[Kwarning: [m[Kempty parentheses were disambiguated as a function declaration [[01;35m[K]8;;https://gcc.gnu.org/onlinedocs/gcc/Warning-Options.html#index-Wvexing-parse-Wvexing-parse]8;;[m[K]
 1181 |     bool isReady[01;35m[K()[m[K const { return joint_state_ready_ && actions_ready_; }
      |                 [01;35m[K^~[m[K
[01m[K/home/a/ws_moveit2/src/robot_config/src/move_to_pose_dual_cpp.cpp:1181:17:[m[K [01;36m[Knote: [m[Kremove parentheses to default-initialize a variable
 1181 |     bool isReady[01;36m[K()[m[K const { return joint_state_ready_ && actions_ready_; }
      |                 [01;36m[K^~[m[K
      |                 [31m[K--[m[K
[01m[K/home/a/ws_moveit2/src/robot_config/src/move_to_pose_dual_cpp.cpp:1181:17:[m[K [01;36m[Knote: [m[Kor replace parentheses with braces to value-initialize a variable
[01m[K/home/a/ws_moveit2/src/robot_config/src/move_to_pose_dual_cpp.cpp:1181:26:[m[K [01;31m[Kerror: [m[Ka function-definition is not allowed here before ‘[01m[K{[m[K’ token
 1181 |     bool isReady() const [01;31m[K{[m[K return joint_state_ready_ && actions_ready_; }
      |                          [01;31m[K^[m[K
[01m[K/home/a/ws_moveit2/src/robot_config/src/move_to_pose_dual_cpp.cpp:1184:5:[m[K [01;31m[Kerror: [m[Ka function-definition is not allowed here before ‘[01m[K{[m[K’ token
 1184 |     [01;31m[K{[m[K
      |     [01;31m[K^[m[K
[01m[K/home/a/ws_moveit2/src/robot_config/src/move_to_pose_dual_cpp.cpp:[m[K At global scope:
[01m[K/home/a/ws_moveit2/src/robot_config/src/move_to_pose_dual_cpp.cpp:1222:2:[m[K [01;31m[Kerror: [m[Kexpected unqualified-id at end of input
 1222 | }
      |  [01;31m[K^[m[K
gmake[2]: *** [CMakeFiles/move_to_pose_dual_cpp.dir/build.make:76: CMakeFiles/move_to_pose_dual_cpp.dir/src/move_to_pose_dual_cpp.cpp.o] Error 1
gmake[1]: *** [CMakeFiles/Makefile2:141: CMakeFiles/move_to_pose_dual_cpp.dir/all] Error 2
gmake: *** [Makefile:146: all] Error 2
