[ 33%] Built target pose_command_publisher
[ 66%] Built target dual_arm_servo_controller
[100%] Built target move_to_pose_dual_cpp
-- Install configuration: ""
-- Up-to-date: /home/a/ws_moveit2/install/robot_config/share/robot_config/launch
-- Up-to-date: /home/a/ws_moveit2/install/robot_config/share/robot_config/launch/spawn_controllers.launch.py
-- Up-to-date: /home/a/ws_moveit2/install/robot_config/share/robot_config/launch/warehouse_db.launch.py
-- Up-to-date: /home/a/ws_moveit2/install/robot_config/share/robot_config/launch/dual_arm_demo.launch.py
-- Up-to-date: /home/a/ws_moveit2/install/robot_config/share/robot_config/launch/moveit_rviz.launch.py
-- Up-to-date: /home/a/ws_moveit2/install/robot_config/share/robot_config/launch/rsp.launch.py
-- Up-to-date: /home/a/ws_moveit2/install/robot_config/share/robot_config/launch/move_group.launch.py
-- Up-to-date: /home/a/ws_moveit2/install/robot_config/share/robot_config/launch/static_virtual_joint_tfs.launch.py
-- Up-to-date: /home/a/ws_moveit2/install/robot_config/share/robot_config/launch/setup_assistant.launch.py
-- Up-to-date: /home/a/ws_moveit2/install/robot_config/share/robot_config/config
-- Up-to-date: /home/a/ws_moveit2/install/robot_config/share/robot_config/config/ompl_planning.yaml
-- Up-to-date: /home/a/ws_moveit2/install/robot_config/share/robot_config/config/dual_arm_realtime_control.yaml
-- Up-to-date: /home/a/ws_moveit2/install/robot_config/share/robot_config/config/dual_arm.srdf
-- Up-to-date: /home/a/ws_moveit2/install/robot_config/share/robot_config/config/dual_arm_controllers.yaml
-- Up-to-date: /home/a/ws_moveit2/install/robot_config/share/robot_config/config/pilz_cartesian_limits.yaml
-- Up-to-date: /home/a/ws_moveit2/install/robot_config/share/robot_config/config/dual_arm.urdf.xacro.backup
-- Up-to-date: /home/a/ws_moveit2/install/robot_config/share/robot_config/config/dual_arm_joint_limits.yaml
-- Up-to-date: /home/a/ws_moveit2/install/robot_config/share/robot_config/config/0525_arm.urdf.xacro.bak
-- Up-to-date: /home/a/ws_moveit2/install/robot_config/share/robot_config/config/right_initial_positions.yaml
-- Up-to-date: /home/a/ws_moveit2/install/robot_config/share/robot_config/config/kinematics.yaml
-- Up-to-date: /home/a/ws_moveit2/install/robot_config/share/robot_config/config/dual_arm_kinematics.yaml
-- Up-to-date: /home/a/ws_moveit2/install/robot_config/share/robot_config/config/dual_arm_gazebo.urdf.xacro
-- Up-to-date: /home/a/ws_moveit2/install/robot_config/share/robot_config/config/ros2_controllers.yaml
-- Up-to-date: /home/a/ws_moveit2/install/robot_config/share/robot_config/config/0525_arm.urdf.xacro
-- Up-to-date: /home/a/ws_moveit2/install/robot_config/share/robot_config/config/dual_arm_moveit_controllers.yaml
-- Up-to-date: /home/a/ws_moveit2/install/robot_config/share/robot_config/config/dual_arm_ompl_planning.yaml
-- Up-to-date: /home/a/ws_moveit2/install/robot_config/share/robot_config/config/dual_arm.urdf
-- Up-to-date: /home/a/ws_moveit2/install/robot_config/share/robot_config/config/0525_arm.ros2_control.xacro
-- Up-to-date: /home/a/ws_moveit2/install/robot_config/share/robot_config/config/joint_limits.yaml
-- Up-to-date: /home/a/ws_moveit2/install/robot_config/share/robot_config/config/pilz_planning.yaml
-- Up-to-date: /home/a/ws_moveit2/install/robot_config/share/robot_config/config/dual_arm_gazebo_controllers.yaml
-- Up-to-date: /home/a/ws_moveit2/install/robot_config/share/robot_config/config/left_initial_positions.yaml
-- Up-to-date: /home/a/ws_moveit2/install/robot_config/share/robot_config/config/0525_arm.srdf
-- Up-to-date: /home/a/ws_moveit2/install/robot_config/share/robot_config/config/moveit_controllers.yaml
-- Up-to-date: /home/a/ws_moveit2/install/robot_config/share/robot_config/config/servo.yaml
-- Up-to-date: /home/a/ws_moveit2/install/robot_config/share/robot_config/config/moveit.rviz
-- Up-to-date: /home/a/ws_moveit2/install/robot_config/share/robot_config/config/stomp_planning.yaml
-- Installing: /home/a/ws_moveit2/install/robot_config/share/robot_config/config/dual_arm.urdf.xacro
-- Up-to-date: /home/a/ws_moveit2/install/robot_config/share/robot_config/config/chomp_planning.yaml
-- Up-to-date: /home/a/ws_moveit2/install/robot_config/share/robot_config/config/trajectory_library.yaml
-- Up-to-date: /home/a/ws_moveit2/install/robot_config/share/robot_config/config/pose_commands.yaml
-- Up-to-date: /home/a/ws_moveit2/install/robot_config/share/robot_config/config/initial_positions.yaml
-- Up-to-date: /home/a/ws_moveit2/install/robot_config/share/robot_config/path
-- Up-to-date: /home/a/ws_moveit2/install/robot_config/share/robot_config/path/trajectory_20250908_160041.yaml
-- Up-to-date: /home/a/ws_moveit2/install/robot_config/share/robot_config/path/trajectory_20250908_161635.yaml
-- Up-to-date: /home/a/ws_moveit2/install/robot_config/share/robot_config/path/trajectory_20250908_161202.yaml
-- Up-to-date: /home/a/ws_moveit2/install/robot_config/share/robot_config/path/trajectory_20250908_162829.yaml
-- Up-to-date: /home/a/ws_moveit2/install/robot_config/share/robot_config/path/trajectory_20250908_161607.yaml
-- Up-to-date: /home/a/ws_moveit2/install/robot_config/share/robot_config/path/trajectory_20250908_162108.yaml
-- Up-to-date: /home/a/ws_moveit2/install/robot_config/share/robot_config/path/trajectory_20250908_161203.yaml
-- Up-to-date: /home/a/ws_moveit2/install/robot_config/share/robot_config/path/trajectory_20250908_162719.yaml
-- Up-to-date: /home/a/ws_moveit2/install/robot_config/share/robot_config/path/trajectory_20250908_162120.yaml
-- Up-to-date: /home/a/ws_moveit2/install/robot_config/share/robot_config/path/trajectory_20250908_161848.yaml
-- Up-to-date: /home/a/ws_moveit2/install/robot_config/share/robot_config/path/trajectory_20250908_162759.yaml
-- Up-to-date: /home/a/ws_moveit2/install/robot_config/share/robot_config/path/trajectory_20250908_161516.yaml
-- Up-to-date: /home/a/ws_moveit2/install/robot_config/share/robot_config/path/trajectory_20250908_155613.yaml
-- Up-to-date: /home/a/ws_moveit2/install/robot_config/share/robot_config/path/trajectory_20250908_162814.yaml
-- Up-to-date: /home/a/ws_moveit2/install/robot_config/share/robot_config/path/trajectory_20250908_162712.yaml
-- Up-to-date: /home/a/ws_moveit2/install/robot_config/share/robot_config/path/trajectory_20250908_162807.yaml
-- Up-to-date: /home/a/ws_moveit2/install/robot_config/share/robot_config/path/trajectory_20250908_161850.yaml
-- Up-to-date: /home/a/ws_moveit2/install/robot_config/share/robot_config/path/trajectory_20250908_162738.yaml
-- Up-to-date: /home/a/ws_moveit2/install/robot_config/share/robot_config/path/trajectory_20250908_162642.yaml
-- Up-to-date: /home/a/ws_moveit2/install/robot_config/share/robot_config/path/trajectory_20250908_162414.yaml
-- Up-to-date: /home/a/ws_moveit2/install/robot_config/share/robot_config/path/trajectory_20250908_162753.yaml
-- Up-to-date: /home/a/ws_moveit2/install/robot_config/share/robot_config/path/trajectory_20250908_162743.yaml
-- Up-to-date: /home/a/ws_moveit2/install/robot_config/share/robot_config/path/trajectory_20250908_162817.yaml
-- Up-to-date: /home/a/ws_moveit2/install/robot_config/share/robot_config/path/trajectory_20250908_162415.yaml
-- Up-to-date: /home/a/ws_moveit2/install/robot_config/share/robot_config/path/trajectory_20250908_162803.yaml
-- Up-to-date: /home/a/ws_moveit2/install/robot_config/share/robot_config/path/trajectory_20250908_160532.yaml
-- Up-to-date: /home/a/ws_moveit2/install/robot_config/share/robot_config/path/trajectory_20250908_162109.yaml
-- Up-to-date: /home/a/ws_moveit2/install/robot_config/share/robot_config/path/trajectory_20250908_161240.yaml
-- Up-to-date: /home/a/ws_moveit2/install/robot_config/share/robot_config/path/trajectory_20250908_162820.yaml
-- Up-to-date: /home/a/ws_moveit2/install/robot_config/share/robot_config/path/trajectory_20250908_162104.yaml
-- Up-to-date: /home/a/ws_moveit2/install/robot_config/share/robot_config/path/trajectory_20250908_161515.yaml
-- Up-to-date: /home/a/ws_moveit2/install/robot_config/share/robot_config/path/trajectory_20250908_162636.yaml
-- Up-to-date: /home/a/ws_moveit2/install/robot_config/share/robot_config/path/trajectory_20250908_162733.yaml
-- Up-to-date: /home/a/ws_moveit2/install/robot_config/share/robot_config/path/trajectory_20250908_160527.yaml
-- Up-to-date: /home/a/ws_moveit2/install/robot_config/share/robot_config/path/trajectory_20250908_160515.yaml
-- Up-to-date: /home/a/ws_moveit2/install/robot_config/share/robot_config/path/trajectory_20250908_162748.yaml
-- Up-to-date: /home/a/ws_moveit2/install/robot_config/share/robot_config/path/trajectory_20250908_162054.yaml
-- Up-to-date: /home/a/ws_moveit2/install/robot_config/share/robot_config/path/trajectory_20250908_162056.yaml
-- Up-to-date: /home/a/ws_moveit2/install/robot_config/share/robot_config/path/trajectory_20250908_160508.yaml
-- Up-to-date: /home/a/ws_moveit2/install/robot_config/share/robot_config/path/trajectory_20250908_155725.yaml
-- Up-to-date: /home/a/ws_moveit2/install/robot_config/share/robot_config/path/trajectory_20250908_162724.yaml
-- Up-to-date: /home/a/ws_moveit2/install/robot_config/share/robot_config/path/trajectory_20250908_162119.yaml
-- Up-to-date: /home/a/ws_moveit2/install/robot_config/share/robot_config/path/trajectory_20250908_162728.yaml
-- Up-to-date: /home/a/ws_moveit2/install/robot_config/share/robot_config/path/trajectory_20250908_160511.yaml
-- Up-to-date: /home/a/ws_moveit2/install/robot_config/share/robot_config/path/trajectory_20250908_160521.yaml
-- Up-to-date: /home/a/ws_moveit2/install/robot_config/share/robot_config/path/trajectory_20250908_160503.yaml
-- Up-to-date: /home/a/ws_moveit2/install/robot_config/share/robot_config/path/trajectory_20250908_162708.yaml
-- Up-to-date: /home/a/ws_moveit2/install/robot_config/share/robot_config/path/trajectory_20250908_160052.yaml
-- Up-to-date: /home/a/ws_moveit2/install/robot_config/share/robot_config/path/trajectory_20250908_162105.yaml
-- Up-to-date: /home/a/ws_moveit2/install/robot_config/share/robot_config/path/trajectory_20250908_163048.yaml
-- Up-to-date: /home/a/ws_moveit2/install/robot_config/share/robot_config/path/trajectory_20250908_162825.yaml
-- Up-to-date: /home/a/ws_moveit2/install/robot_config/share/robot_config/path/trajectory_20250908_160046.yaml
-- Up-to-date: /home/a/ws_moveit2/install/robot_config/share/robot_config/path/trajectory_20250908_162811.yaml
-- Up-to-date: /home/a/ws_moveit2/install/robot_config/share/robot_config/.setup_assistant
-- Up-to-date: /home/a/ws_moveit2/install/robot_config/lib/robot_config/publish_collision_mesh.py
-- Up-to-date: /home/a/ws_moveit2/install/robot_config/lib/robot_config/target_pose_router.py
-- Up-to-date: /home/a/ws_moveit2/install/robot_config/lib/robot_config/move_to_pose_dual_cpp
-- Up-to-date: /home/a/ws_moveit2/install/robot_config/lib/robot_config/pose_command_publisher
-- Up-to-date: /home/a/ws_moveit2/install/robot_config/lib/robot_config/dual_arm_servo_controller
-- Up-to-date: /home/a/ws_moveit2/install/robot_config/share/ament_index/resource_index/package_run_dependencies/robot_config
-- Up-to-date: /home/a/ws_moveit2/install/robot_config/share/ament_index/resource_index/parent_prefix_path/robot_config
-- Up-to-date: /home/a/ws_moveit2/install/robot_config/share/robot_config/environment/ament_prefix_path.sh
-- Up-to-date: /home/a/ws_moveit2/install/robot_config/share/robot_config/environment/ament_prefix_path.dsv
-- Up-to-date: /home/a/ws_moveit2/install/robot_config/share/robot_config/environment/path.sh
-- Up-to-date: /home/a/ws_moveit2/install/robot_config/share/robot_config/environment/path.dsv
-- Up-to-date: /home/a/ws_moveit2/install/robot_config/share/robot_config/local_setup.bash
-- Up-to-date: /home/a/ws_moveit2/install/robot_config/share/robot_config/local_setup.sh
-- Up-to-date: /home/a/ws_moveit2/install/robot_config/share/robot_config/local_setup.zsh
-- Up-to-date: /home/a/ws_moveit2/install/robot_config/share/robot_config/local_setup.dsv
-- Installing: /home/a/ws_moveit2/install/robot_config/share/robot_config/package.dsv
-- Up-to-date: /home/a/ws_moveit2/install/robot_config/share/ament_index/resource_index/packages/robot_config
-- Up-to-date: /home/a/ws_moveit2/install/robot_config/share/robot_config/cmake/ament_cmake_export_dependencies-extras.cmake
-- Up-to-date: /home/a/ws_moveit2/install/robot_config/share/robot_config/cmake/robot_configConfig.cmake
-- Up-to-date: /home/a/ws_moveit2/install/robot_config/share/robot_config/cmake/robot_configConfig-version.cmake
-- Up-to-date: /home/a/ws_moveit2/install/robot_config/share/robot_config/package.xml
