[0.250s] Invoking command in '/home/a/ws_moveit2/build/blue_seiretu_description': CMAKE_PREFIX_PATH=${CMAKE_PREFIX_PATH}:/home/a/ws_moveit2/install/moveit_configs_utils:/home/a/ws_moveit2/install/ros_tcp_endpoint:/home/a/ws_moveit2/install/realsense2_ros_mqtt_bridge:/home/a/ws_moveit2/install/launch_param_builder:/home/a/ws_moveit2/install/dynamixel_controller_gui:/home/a/ws_moveit2/install/dynamixel_controller_client:/home/a/ws_moveit2/install/d415_rgb_depth_3d:/opt/ros/humble /usr/bin/cmake --build /home/a/ws_moveit2/build/blue_seiretu_description -- -j22 -l22
[1.094s] Invoked command in '/home/a/ws_moveit2/build/blue_seiretu_description' returned '0': CMAKE_PREFIX_PATH=${CMAKE_PREFIX_PATH}:/home/a/ws_moveit2/install/moveit_configs_utils:/home/a/ws_moveit2/install/ros_tcp_endpoint:/home/a/ws_moveit2/install/realsense2_ros_mqtt_bridge:/home/a/ws_moveit2/install/launch_param_builder:/home/a/ws_moveit2/install/dynamixel_controller_gui:/home/a/ws_moveit2/install/dynamixel_controller_client:/home/a/ws_moveit2/install/d415_rgb_depth_3d:/opt/ros/humble /usr/bin/cmake --build /home/a/ws_moveit2/build/blue_seiretu_description -- -j22 -l22
[1.095s] Invoking command in '/home/a/ws_moveit2/build/blue_seiretu_description': CMAKE_PREFIX_PATH=${CMAKE_PREFIX_PATH}:/home/a/ws_moveit2/install/moveit_configs_utils:/home/a/ws_moveit2/install/ros_tcp_endpoint:/home/a/ws_moveit2/install/realsense2_ros_mqtt_bridge:/home/a/ws_moveit2/install/launch_param_builder:/home/a/ws_moveit2/install/dynamixel_controller_gui:/home/a/ws_moveit2/install/dynamixel_controller_client:/home/a/ws_moveit2/install/d415_rgb_depth_3d:/opt/ros/humble /usr/bin/cmake --install /home/a/ws_moveit2/build/blue_seiretu_description
[1.139s] -- Install configuration: ""
[1.140s] -- Up-to-date: /home/a/ws_moveit2/install/blue_seiretu_description/share/blue_seiretu_description/meshes
[1.140s] -- Up-to-date: /home/a/ws_moveit2/install/blue_seiretu_description/share/blue_seiretu_description/meshes/blue_seiretu_1.stl
[1.140s] -- Up-to-date: /home/a/ws_moveit2/install/blue_seiretu_description/share/blue_seiretu_description/meshes/base_link.stl
[1.140s] -- Up-to-date: /home/a/ws_moveit2/install/blue_seiretu_description/share/blue_seiretu_description/urdf
[1.140s] -- Up-to-date: /home/a/ws_moveit2/install/blue_seiretu_description/share/blue_seiretu_description/urdf/materials.xacro
[1.140s] -- Up-to-date: /home/a/ws_moveit2/install/blue_seiretu_description/share/blue_seiretu_description/urdf/materials.urdf
[1.140s] -- Installing: /home/a/ws_moveit2/install/blue_seiretu_description/share/blue_seiretu_description/urdf/blue_seiretu.urdf
[1.140s] -- Up-to-date: /home/a/ws_moveit2/install/blue_seiretu_description/share/blue_seiretu_description/urdf/blue_seiretu.xacro
[1.140s] -- Up-to-date: /home/a/ws_moveit2/install/blue_seiretu_description/share/blue_seiretu_description/urdf/blue_seiretu.trans
[1.140s] -- Up-to-date: /home/a/ws_moveit2/install/blue_seiretu_description/share/blue_seiretu_description/launch
[1.140s] -- Up-to-date: /home/a/ws_moveit2/install/blue_seiretu_description/share/blue_seiretu_description/launch/robot_description.launch.py
[1.140s] -- Up-to-date: /home/a/ws_moveit2/install/blue_seiretu_description/share/ament_index/resource_index/package_run_dependencies/blue_seiretu_description
[1.140s] -- Up-to-date: /home/a/ws_moveit2/install/blue_seiretu_description/share/ament_index/resource_index/parent_prefix_path/blue_seiretu_description
[1.140s] -- Up-to-date: /home/a/ws_moveit2/install/blue_seiretu_description/share/blue_seiretu_description/environment/ament_prefix_path.sh
[1.141s] -- Up-to-date: /home/a/ws_moveit2/install/blue_seiretu_description/share/blue_seiretu_description/environment/ament_prefix_path.dsv
[1.141s] -- Up-to-date: /home/a/ws_moveit2/install/blue_seiretu_description/share/blue_seiretu_description/environment/path.sh
[1.141s] -- Up-to-date: /home/a/ws_moveit2/install/blue_seiretu_description/share/blue_seiretu_description/environment/path.dsv
[1.141s] -- Up-to-date: /home/a/ws_moveit2/install/blue_seiretu_description/share/blue_seiretu_description/local_setup.bash
[1.141s] -- Up-to-date: /home/a/ws_moveit2/install/blue_seiretu_description/share/blue_seiretu_description/local_setup.sh
[1.141s] -- Up-to-date: /home/a/ws_moveit2/install/blue_seiretu_description/share/blue_seiretu_description/local_setup.zsh
[1.141s] -- Up-to-date: /home/a/ws_moveit2/install/blue_seiretu_description/share/blue_seiretu_description/local_setup.dsv
[1.141s] -- Installing: /home/a/ws_moveit2/install/blue_seiretu_description/share/blue_seiretu_description/package.dsv
[1.141s] -- Up-to-date: /home/a/ws_moveit2/install/blue_seiretu_description/share/ament_index/resource_index/packages/blue_seiretu_description
[1.141s] -- Up-to-date: /home/a/ws_moveit2/install/blue_seiretu_description/share/blue_seiretu_description/cmake/blue_seiretu_descriptionConfig.cmake
[1.141s] -- Up-to-date: /home/a/ws_moveit2/install/blue_seiretu_description/share/blue_seiretu_description/cmake/blue_seiretu_descriptionConfig-version.cmake
[1.141s] -- Up-to-date: /home/a/ws_moveit2/install/blue_seiretu_description/share/blue_seiretu_description/package.xml
[1.262s] Invoked command in '/home/a/ws_moveit2/build/blue_seiretu_description' returned '0': CMAKE_PREFIX_PATH=${CMAKE_PREFIX_PATH}:/home/a/ws_moveit2/install/moveit_configs_utils:/home/a/ws_moveit2/install/ros_tcp_endpoint:/home/a/ws_moveit2/install/realsense2_ros_mqtt_bridge:/home/a/ws_moveit2/install/launch_param_builder:/home/a/ws_moveit2/install/dynamixel_controller_gui:/home/a/ws_moveit2/install/dynamixel_controller_client:/home/a/ws_moveit2/install/d415_rgb_depth_3d:/opt/ros/humble /usr/bin/cmake --install /home/a/ws_moveit2/build/blue_seiretu_description
