[2.621s] Invoking command in '/home/a/ws_moveit2/src/d415_rgb_depth_3d': PYTHONPATH=/home/a/ws_moveit2/build/d415_rgb_depth_3d/prefix_override:/usr/lib/python3/dist-packages/colcon_core/task/python/colcon_distutils_commands:/home/a/ws_moveit2/install/d415_rgb_depth_3d/lib/python3.10/site-packages:${PYTHONPATH} /usr/bin/python3 -W ignore:setup.py install is deprecated -W ignore:easy_install command is deprecated setup.py egg_info --egg-base ../../build/d415_rgb_depth_3d build --build-base /home/a/ws_moveit2/build/d415_rgb_depth_3d/build install --record /home/a/ws_moveit2/build/d415_rgb_depth_3d/install.log --single-version-externally-managed install_data
[3.631s] running egg_info
[3.633s] writing ../../build/d415_rgb_depth_3d/d415_rgb_depth_3d.egg-info/PKG-INFO
[3.634s] writing dependency_links to ../../build/d415_rgb_depth_3d/d415_rgb_depth_3d.egg-info/dependency_links.txt
[3.635s] writing entry points to ../../build/d415_rgb_depth_3d/d415_rgb_depth_3d.egg-info/entry_points.txt
[3.636s] writing requirements to ../../build/d415_rgb_depth_3d/d415_rgb_depth_3d.egg-info/requires.txt
[3.636s] writing top-level names to ../../build/d415_rgb_depth_3d/d415_rgb_depth_3d.egg-info/top_level.txt
[3.642s] reading manifest file '../../build/d415_rgb_depth_3d/d415_rgb_depth_3d.egg-info/SOURCES.txt'
[3.645s] writing manifest file '../../build/d415_rgb_depth_3d/d415_rgb_depth_3d.egg-info/SOURCES.txt'
[3.646s] running build
[3.646s] running build_py
[3.647s] running install
[3.649s] running install_lib
[3.653s] running install_data
[3.653s] running install_egg_info
[3.661s] removing '/home/a/ws_moveit2/install/d415_rgb_depth_3d/lib/python3.10/site-packages/d415_rgb_depth_3d-0.0.0-py3.10.egg-info' (and everything under it)
[3.662s] Copying ../../build/d415_rgb_depth_3d/d415_rgb_depth_3d.egg-info to /home/a/ws_moveit2/install/d415_rgb_depth_3d/lib/python3.10/site-packages/d415_rgb_depth_3d-0.0.0-py3.10.egg-info
[3.664s] running install_scripts
[3.756s] Installing d415_rgb_depth_3d_node script to /home/a/ws_moveit2/install/d415_rgb_depth_3d/lib/d415_rgb_depth_3d
[3.758s] writing list of installed files to '/home/a/ws_moveit2/build/d415_rgb_depth_3d/install.log'
[3.868s] Invoked command in '/home/a/ws_moveit2/src/d415_rgb_depth_3d' returned '0': PYTHONPATH=/home/a/ws_moveit2/build/d415_rgb_depth_3d/prefix_override:/usr/lib/python3/dist-packages/colcon_core/task/python/colcon_distutils_commands:/home/a/ws_moveit2/install/d415_rgb_depth_3d/lib/python3.10/site-packages:${PYTHONPATH} /usr/bin/python3 -W ignore:setup.py install is deprecated -W ignore:easy_install command is deprecated setup.py egg_info --egg-base ../../build/d415_rgb_depth_3d build --build-base /home/a/ws_moveit2/build/d415_rgb_depth_3d/build install --record /home/a/ws_moveit2/build/d415_rgb_depth_3d/install.log --single-version-externally-managed install_data
