[0.081s] Invoking command in '/home/a/ws_moveit2/build/robot_config': AMENT_PREFIX_PATH=/home/a/ws_moveit2/install/moveit_setup_assistant:/home/a/ws_moveit2/install/moveit_setup_srdf_plugins:/home/a/ws_moveit2/install/moveit_setup_core_plugins:/home/a/ws_moveit2/install/moveit_setup_controllers:/home/a/ws_moveit2/install/moveit_setup_app_plugins:/home/a/ws_moveit2/install/moveit_planners:/home/a/ws_moveit2/install/pilz_industrial_motion_planner:/home/a/ws_moveit2/install/moveit_setup_framework:/home/a/ws_moveit2/install/moveit_servo:/home/a/ws_moveit2/install/moveit_ros_visualization:/home/a/ws_moveit2/install/moveit_resources_prbt_pg70_support:/home/a/ws_moveit2/install/moveit_ros_planning_interface:/home/a/ws_moveit2/install/moveit_resources_prbt_moveit_config:/home/a/ws_moveit2/install/moveit_ros_move_group:/home/a/ws_moveit2/install/moveit_ros_warehouse:/home/a/ws_moveit2/install/moveit_ros_robot_interaction:/home/a/ws_moveit2/install/moveit_planners_ompl:/home/a/ws_moveit2/install/moveit_kinematics:/home/a/ws_moveit2/install/moveit_ros_planning:/home/a/ws_moveit2/install/moveit_planners_chomp:/home/a/ws_moveit2/install/trac_ik_kinematics_plugin:/home/a/ws_moveit2/install/pilz_industrial_motion_planner_testutils:/home/a/ws_moveit2/install/moveit_simple_controller_manager:/home/a/ws_moveit2/install/moveit_ros_occupancy_map_monitor:/home/a/ws_moveit2/install/moveit_resources_prbt_ikfast_manipulator_plugin:/home/a/ws_moveit2/install/chomp_motion_planner:/home/a/ws_moveit2/install/moveit_core:/home/a/ws_moveit2/install/moveit_resources_panda_moveit_config:/home/a/ws_moveit2/install/moveit_resources_fanuc_moveit_config:/home/a/ws_moveit2/install/moveit_configs_utils:/home/a/ws_moveit2/install/trac_ik_lib:/home/a/ws_moveit2/install/srdfdom:/home/a/ws_moveit2/install/moveit_resources_prbt_support:/home/a/ws_moveit2/install/moveit_resources_pr2_description:/home/a/ws_moveit2/install/moveit_resources_panda_description:/home/a/ws_moveit2/install/moveit_resources_fanuc_description:/home/a/ws_moveit2/install/moveit_common:/home/a/ws_moveit2/install/launch_param_builder:${AMENT_PREFIX_PATH} CMAKE_PREFIX_PATH=/home/a/ws_moveit2/install/moveit_setup_assistant:/home/a/ws_moveit2/install/moveit_setup_srdf_plugins:/home/a/ws_moveit2/install/moveit_setup_core_plugins:/home/a/ws_moveit2/install/moveit_setup_controllers:/home/a/ws_moveit2/install/moveit_setup_app_plugins:/home/a/ws_moveit2/install/moveit_planners:/home/a/ws_moveit2/install/pilz_industrial_motion_planner:/home/a/ws_moveit2/install/moveit_setup_framework:/home/a/ws_moveit2/install/moveit_servo:/home/a/ws_moveit2/install/moveit_ros_visualization:/home/a/ws_moveit2/install/moveit_resources_prbt_pg70_support:/home/a/ws_moveit2/install/moveit_ros_planning_interface:/home/a/ws_moveit2/install/moveit_resources_prbt_moveit_config:/home/a/ws_moveit2/install/moveit_ros_move_group:/home/a/ws_moveit2/install/moveit_ros_warehouse:/home/a/ws_moveit2/install/moveit_ros_robot_interaction:/home/a/ws_moveit2/install/moveit_planners_ompl:/home/a/ws_moveit2/install/moveit_kinematics:/home/a/ws_moveit2/install/moveit_ros_planning:/home/a/ws_moveit2/install/moveit_planners_chomp:/home/a/ws_moveit2/install/trac_ik_kinematics_plugin:/home/a/ws_moveit2/install/pilz_industrial_motion_planner_testutils:/home/a/ws_moveit2/install/moveit_simple_controller_manager:/home/a/ws_moveit2/install/moveit_ros_occupancy_map_monitor:/home/a/ws_moveit2/install/moveit_resources_prbt_ikfast_manipulator_plugin:/home/a/ws_moveit2/install/chomp_motion_planner:/home/a/ws_moveit2/install/moveit_core:/home/a/ws_moveit2/install/moveit_resources_panda_moveit_config:/home/a/ws_moveit2/install/moveit_resources_fanuc_moveit_config:/home/a/ws_moveit2/install/trac_ik_lib:/home/a/ws_moveit2/install/srdfdom:/home/a/ws_moveit2/install/moveit_resources_prbt_support:/home/a/ws_moveit2/install/moveit_resources_pr2_description:/home/a/ws_moveit2/install/moveit_resources_panda_description:/home/a/ws_moveit2/install/moveit_resources_fanuc_description:/home/a/ws_moveit2/install/moveit_common:/opt/ros/humble LD_LIBRARY_PATH=/home/a/ws_moveit2/install/moveit_setup_assistant/lib:/home/a/ws_moveit2/install/moveit_setup_srdf_plugins/lib:/home/a/ws_moveit2/install/moveit_setup_core_plugins/lib:/home/a/ws_moveit2/install/moveit_setup_controllers/lib:/home/a/ws_moveit2/install/moveit_setup_app_plugins/lib:/home/a/ws_moveit2/install/pilz_industrial_motion_planner/lib:/home/a/ws_moveit2/install/moveit_setup_framework/lib:/home/a/ws_moveit2/install/moveit_servo/lib:/home/a/ws_moveit2/install/moveit_ros_visualization/lib:/home/a/ws_moveit2/install/moveit_ros_planning_interface/lib:/home/a/ws_moveit2/install/moveit_ros_move_group/lib:/home/a/ws_moveit2/install/moveit_ros_warehouse/lib:/home/a/ws_moveit2/install/moveit_ros_robot_interaction/lib:/home/a/ws_moveit2/install/moveit_planners_ompl/lib:/home/a/ws_moveit2/install/moveit_kinematics/lib:/home/a/ws_moveit2/install/moveit_ros_planning/lib:/home/a/ws_moveit2/install/moveit_planners_chomp/lib:/home/a/ws_moveit2/install/trac_ik_kinematics_plugin/lib:/home/a/ws_moveit2/install/pilz_industrial_motion_planner_testutils/lib:/home/a/ws_moveit2/install/moveit_simple_controller_manager/lib:/home/a/ws_moveit2/install/moveit_ros_occupancy_map_monitor/lib:/home/a/ws_moveit2/install/moveit_resources_prbt_ikfast_manipulator_plugin/lib:/home/a/ws_moveit2/install/chomp_motion_planner/lib:/home/a/ws_moveit2/install/moveit_core/lib:/home/a/ws_moveit2/install/trac_ik_lib/lib:/home/a/ws_moveit2/install/srdfdom/lib:${LD_LIBRARY_PATH} PATH=/home/a/ws_moveit2/install/moveit_core/bin:${PATH} PYTHONPATH=/home/a/ws_moveit2/install/moveit_configs_utils/lib/python3.10/site-packages:/home/a/ws_moveit2/install/srdfdom/local/lib/python3.10/dist-packages:/home/a/ws_moveit2/install/launch_param_builder/lib/python3.10/site-packages:${PYTHONPATH} /usr/bin/cmake --build /home/a/ws_moveit2/build/robot_config -- -j22 -l22
[0.136s] Consolidate compiler generated dependencies of target move_to_pose_dual_cpp
[0.139s] [ 33%] Built target joystick_servo
[0.146s] [ 66%] Built target move_to_pose_cpp
[0.154s] [ 83%] Building CXX object CMakeFiles/move_to_pose_dual_cpp.dir/src/move_to_pose_dual_cpp.cpp.o
[4.182s] /home/a/ws_moveit2/src/robot_config/src/move_to_pose_dual_cpp.cpp:700:13: error: expected unqualified-id before ‘if’
[4.182s]   700 |             if (collision_result.collision) {
[4.183s]       |             ^~
[4.183s] /home/a/ws_moveit2/src/robot_config/src/move_to_pose_dual_cpp.cpp:726:10: error: expected ‘;’ after class definition
[4.183s]   726 |         }
[4.183s]       |          ^
[4.183s]       |          ;
[4.196s] /home/a/ws_moveit2/src/robot_config/src/move_to_pose_dual_cpp.cpp: In constructor ‘MoveToPoseDualCpp::MoveToPoseDualCpp()’:
[4.196s] /home/a/ws_moveit2/src/robot_config/src/move_to_pose_dual_cpp.cpp:30:9: error: ‘left_init_thread_’ was not declared in this scope
[4.196s]    30 |         left_init_thread_ = std::thread([this]() {
[4.196s]       |         ^~~~~~~~~~~~~~~~~
[4.212s] /home/a/ws_moveit2/src/robot_config/src/move_to_pose_dual_cpp.cpp: In lambda function:
[4.212s] /home/a/ws_moveit2/src/robot_config/src/move_to_pose_dual_cpp.cpp:32:13: error: ‘left_move_group_interface_’ was not declared in this scope; did you mean ‘get_node_graph_interface’?
[4.212s]    32 |             left_move_group_interface_ = std::make_shared<moveit::planning_interface::MoveGroupInterface>(rclcpp::Node::SharedPtr(this, [](rclcpp::Node*){}), "left_arm");
[4.212s]       |             ^~~~~~~~~~~~~~~~~~~~~~~~~~
[4.212s]       |             get_node_graph_interface
[4.236s] /home/a/ws_moveit2/src/robot_config/src/move_to_pose_dual_cpp.cpp:40:13: error: ‘left_hand_move_group_interface_’ was not declared in this scope
[4.236s]    40 |             left_hand_move_group_interface_ = std::make_shared<moveit::planning_interface::MoveGroupInterface>(rclcpp::Node::SharedPtr(this, [](rclcpp::Node*){}), "left_hand");
[4.236s]       |             ^~~~~~~~~~~~~~~~~~~~~~~~~~~~~~~
[4.255s] /home/a/ws_moveit2/src/robot_config/src/move_to_pose_dual_cpp.cpp: In constructor ‘MoveToPoseDualCpp::MoveToPoseDualCpp()’:
[4.255s] /home/a/ws_moveit2/src/robot_config/src/move_to_pose_dual_cpp.cpp:53:9: error: ‘right_init_thread_’ was not declared in this scope
[4.255s]    53 |         right_init_thread_ = std::thread([this]() {
[4.255s]       |         ^~~~~~~~~~~~~~~~~~
[4.272s] /home/a/ws_moveit2/src/robot_config/src/move_to_pose_dual_cpp.cpp: In lambda function:
[4.272s] /home/a/ws_moveit2/src/robot_config/src/move_to_pose_dual_cpp.cpp:55:13: error: ‘right_move_group_interface_’ was not declared in this scope; did you mean ‘get_node_graph_interface’?
[4.272s]    55 |             right_move_group_interface_ = std::make_shared<moveit::planning_interface::MoveGroupInterface>(rclcpp::Node::SharedPtr(this, [](rclcpp::Node*){}), "right_arm");
[4.272s]       |             ^~~~~~~~~~~~~~~~~~~~~~~~~~~
[4.272s]       |             get_node_graph_interface
[4.295s] /home/a/ws_moveit2/src/robot_config/src/move_to_pose_dual_cpp.cpp:63:13: error: ‘right_hand_move_group_interface_’ was not declared in this scope
[4.295s]    63 |             right_hand_move_group_interface_ = std::make_shared<moveit::planning_interface::MoveGroupInterface>(rclcpp::Node::SharedPtr(this, [](rclcpp::Node*){}), "right_hand");
[4.295s]       |             ^~~~~~~~~~~~~~~~~~~~~~~~~~~~~~~~
[4.304s] /home/a/ws_moveit2/src/robot_config/src/move_to_pose_dual_cpp.cpp:69:13: error: ‘right_rpy_sub_’ was not declared in this scope; did you mean ‘left_rpy_sub_’?
[4.304s]    69 |             right_rpy_sub_ = this->create_subscription<std_msgs::msg::Float64MultiArray>(
[4.304s]       |             ^~~~~~~~~~~~~~
[4.304s]       |             left_rpy_sub_
[4.315s] /home/a/ws_moveit2/src/robot_config/src/move_to_pose_dual_cpp.cpp: In constructor ‘MoveToPoseDualCpp::MoveToPoseDualCpp()’:
[4.315s] /home/a/ws_moveit2/src/robot_config/src/move_to_pose_dual_cpp.cpp:76:9: error: ‘left_attach_sub_’ was not declared in this scope; did you mean ‘left_rpy_sub_’?
[4.315s]    76 |         left_attach_sub_ = this->create_subscription<std_msgs::msg::String>(
[4.315s]       |         ^~~~~~~~~~~~~~~~
[4.315s]       |         left_rpy_sub_
[4.327s] /home/a/ws_moveit2/src/robot_config/src/move_to_pose_dual_cpp.cpp:78:9: error: ‘left_detach_sub_’ was not declared in this scope; did you mean ‘left_rpy_sub_’?
[4.327s]    78 |         left_detach_sub_ = this->create_subscription<std_msgs::msg::String>(
[4.327s]       |         ^~~~~~~~~~~~~~~~
[4.327s]       |         left_rpy_sub_
[4.337s] /home/a/ws_moveit2/src/robot_config/src/move_to_pose_dual_cpp.cpp:80:9: error: ‘right_attach_sub_’ was not declared in this scope; did you mean ‘right_attach_callback’?
[4.338s]    80 |         right_attach_sub_ = this->create_subscription<std_msgs::msg::String>(
[4.338s]       |         ^~~~~~~~~~~~~~~~~
[4.338s]       |         right_attach_callback
[4.348s] /home/a/ws_moveit2/src/robot_config/src/move_to_pose_dual_cpp.cpp:82:9: error: ‘right_detach_sub_’ was not declared in this scope; did you mean ‘right_detach_callback’?
[4.348s]    82 |         right_detach_sub_ = this->create_subscription<std_msgs::msg::String>(
[4.348s]       |         ^~~~~~~~~~~~~~~~~
[4.348s]       |         right_detach_callback
[4.358s] /home/a/ws_moveit2/src/robot_config/src/move_to_pose_dual_cpp.cpp:86:9: error: ‘left_arm_up_sub_’ was not declared in this scope; did you mean ‘left_rpy_sub_’?
[4.358s]    86 |         left_arm_up_sub_ = this->create_subscription<std_msgs::msg::String>(
[4.358s]       |         ^~~~~~~~~~~~~~~~
[4.358s]       |         left_rpy_sub_
[4.370s] /home/a/ws_moveit2/src/robot_config/src/move_to_pose_dual_cpp.cpp:88:9: error: ‘left_arm_down_sub_’ was not declared in this scope; did you mean ‘left_arm_down_callback’?
[4.370s]    88 |         left_arm_down_sub_ = this->create_subscription<std_msgs::msg::String>(
[4.370s]       |         ^~~~~~~~~~~~~~~~~~
[4.370s]       |         left_arm_down_callback
[4.380s] /home/a/ws_moveit2/src/robot_config/src/move_to_pose_dual_cpp.cpp:90:9: error: ‘right_arm_up_sub_’ was not declared in this scope; did you mean ‘right_arm_up_callback’?
[4.380s]    90 |         right_arm_up_sub_ = this->create_subscription<std_msgs::msg::String>(
[4.381s]       |         ^~~~~~~~~~~~~~~~~
[4.381s]       |         right_arm_up_callback
[4.392s] /home/a/ws_moveit2/src/robot_config/src/move_to_pose_dual_cpp.cpp:92:9: error: ‘right_arm_down_sub_’ was not declared in this scope; did you mean ‘right_arm_down_callback’?
[4.392s]    92 |         right_arm_down_sub_ = this->create_subscription<std_msgs::msg::String>(
[4.392s]       |         ^~~~~~~~~~~~~~~~~~~
[4.392s]       |         right_arm_down_callback
[4.403s] /home/a/ws_moveit2/src/robot_config/src/move_to_pose_dual_cpp.cpp:96:9: error: ‘left_arm_open_sub_’ was not declared in this scope; did you mean ‘left_rpy_sub_’?
[4.403s]    96 |         left_arm_open_sub_ = this->create_subscription<std_msgs::msg::String>(
[4.403s]       |         ^~~~~~~~~~~~~~~~~~
[4.403s]       |         left_rpy_sub_
[4.415s] /home/a/ws_moveit2/src/robot_config/src/move_to_pose_dual_cpp.cpp:98:9: error: ‘left_arm_close_sub_’ was not declared in this scope; did you mean ‘left_arm_close_callback’?
[4.415s]    98 |         left_arm_close_sub_ = this->create_subscription<std_msgs::msg::String>(
[4.415s]       |         ^~~~~~~~~~~~~~~~~~~
[4.415s]       |         left_arm_close_callback
[4.427s] /home/a/ws_moveit2/src/robot_config/src/move_to_pose_dual_cpp.cpp:100:9: error: ‘right_arm_open_sub_’ was not declared in this scope; did you mean ‘right_arm_open_callback’?
[4.427s]   100 |         right_arm_open_sub_ = this->create_subscription<std_msgs::msg::String>(
[4.427s]       |         ^~~~~~~~~~~~~~~~~~~
[4.427s]       |         right_arm_open_callback
[4.440s] /home/a/ws_moveit2/src/robot_config/src/move_to_pose_dual_cpp.cpp:102:9: error: ‘right_arm_close_sub_’ was not declared in this scope; did you mean ‘right_arm_close_callback’?
[4.440s]   102 |         right_arm_close_sub_ = this->create_subscription<std_msgs::msg::String>(
[4.440s]       |         ^~~~~~~~~~~~~~~~~~~~
[4.440s]       |         right_arm_close_callback
[4.454s] /home/a/ws_moveit2/src/robot_config/src/move_to_pose_dual_cpp.cpp:108:9: error: ‘planning_scene_interface_’ was not declared in this scope; did you mean ‘planning_scene_callback’?
[4.454s]   108 |         planning_scene_interface_ = std::make_shared<moveit::planning_interface::PlanningSceneInterface>();
[4.454s]       |         ^~~~~~~~~~~~~~~~~~~~~~~~~
[4.454s]       |         planning_scene_callback
[4.466s] /home/a/ws_moveit2/src/robot_config/src/move_to_pose_dual_cpp.cpp:111:9: error: ‘planning_scene_sub_’ was not declared in this scope; did you mean ‘planning_scene’?
[4.466s]   111 |         planning_scene_sub_ = this->create_subscription<moveit_msgs::msg::PlanningScene>(
[4.466s]       |         ^~~~~~~~~~~~~~~~~~~
[4.466s]       |         planning_scene
[4.479s] /home/a/ws_moveit2/src/robot_config/src/move_to_pose_dual_cpp.cpp:115:9: error: ‘register_coordinate_sub_’ was not declared in this scope; did you mean ‘register_coordinate_callback’?
[4.479s]   115 |         register_coordinate_sub_ = this->create_subscription<std_msgs::msg::Float64MultiArray>(
[4.479s]       |         ^~~~~~~~~~~~~~~~~~~~~~~~
[4.479s]       |         register_coordinate_callback
[4.491s] /home/a/ws_moveit2/src/robot_config/src/move_to_pose_dual_cpp.cpp: In destructor ‘virtual MoveToPoseDualCpp::~MoveToPoseDualCpp()’:
[4.492s] /home/a/ws_moveit2/src/robot_config/src/move_to_pose_dual_cpp.cpp:128:13: error: ‘left_init_thread_’ was not declared in this scope
[4.492s]   128 |         if (left_init_thread_.joinable())
[4.492s]       |             ^~~~~~~~~~~~~~~~~
[4.504s] /home/a/ws_moveit2/src/robot_config/src/move_to_pose_dual_cpp.cpp:132:13: error: ‘right_init_thread_’ was not declared in this scope
[4.504s]   132 |         if (right_init_thread_.joinable())
[4.504s]       |             ^~~~~~~~~~~~~~~~~~
[4.520s] /home/a/ws_moveit2/src/robot_config/src/move_to_pose_dual_cpp.cpp: In member function ‘void MoveToPoseDualCpp::left_rpy_callback(std_msgs::msg::Float64MultiArray_<std::allocator<void> >::SharedPtr)’:
[4.520s] /home/a/ws_moveit2/src/robot_config/src/move_to_pose_dual_cpp.cpp:162:9: error: ‘last_left_pose_rpy_’ was not declared in this scope
[4.520s]   162 |         last_left_pose_rpy_ = msg->data;
[4.520s]       |         ^~~~~~~~~~~~~~~~~~~
[4.533s] /home/a/ws_moveit2/src/robot_config/src/move_to_pose_dual_cpp.cpp:163:9: error: ‘left_pose_received_’ was not declared in this scope
[4.533s]   163 |         left_pose_received_ = true;
[4.533s]       |         ^~~~~~~~~~~~~~~~~~~
[4.548s] /home/a/ws_moveit2/src/robot_config/src/move_to_pose_dual_cpp.cpp:165:22: error: ‘left_move_group_interface_’ was not declared in this scope; did you mean ‘get_node_graph_interface’?
[4.548s]   165 |         move_to_pose(left_move_group_interface_, target_pose);
[4.548s]       |                      ^~~~~~~~~~~~~~~~~~~~~~~~~~
[4.548s]       |                      get_node_graph_interface
[4.563s] /home/a/ws_moveit2/src/robot_config/src/move_to_pose_dual_cpp.cpp: In member function ‘void MoveToPoseDualCpp::right_rpy_callback(std_msgs::msg::Float64MultiArray_<std::allocator<void> >::SharedPtr)’:
[4.563s] /home/a/ws_moveit2/src/robot_config/src/move_to_pose_dual_cpp.cpp:191:9: error: ‘last_right_pose_rpy_’ was not declared in this scope
[4.563s]   191 |         last_right_pose_rpy_ = msg->data;
[4.563s]       |         ^~~~~~~~~~~~~~~~~~~~
[4.577s] /home/a/ws_moveit2/src/robot_config/src/move_to_pose_dual_cpp.cpp:192:9: error: ‘right_pose_received_’ was not declared in this scope
[4.577s]   192 |         right_pose_received_ = true;
[4.577s]       |         ^~~~~~~~~~~~~~~~~~~~
[4.593s] /home/a/ws_moveit2/src/robot_config/src/move_to_pose_dual_cpp.cpp:194:22: error: ‘right_move_group_interface_’ was not declared in this scope; did you mean ‘get_node_graph_interface’?
[4.593s]   194 |         move_to_pose(right_move_group_interface_, target_pose);
[4.593s]       |                      ^~~~~~~~~~~~~~~~~~~~~~~~~~~
[4.593s]       |                      get_node_graph_interface
[4.613s] /home/a/ws_moveit2/src/robot_config/src/move_to_pose_dual_cpp.cpp: In member function ‘void MoveToPoseDualCpp::attachMeshObject(const string&, const string&)’:
[4.613s] /home/a/ws_moveit2/src/robot_config/src/move_to_pose_dual_cpp.cpp:250:35: error: ‘left_move_group_interface_’ was not declared in this scope; did you mean ‘get_node_graph_interface’?
[4.613s]   250 |         if (arm_name == "left" && left_move_group_interface_) {
[4.613s]       |                                   ^~~~~~~~~~~~~~~~~~~~~~~~~~
[4.613s]       |                                   get_node_graph_interface
[4.629s] /home/a/ws_moveit2/src/robot_config/src/move_to_pose_dual_cpp.cpp:265:43: error: ‘right_move_group_interface_’ was not declared in this scope; did you mean ‘get_node_graph_interface’?
[4.629s]   265 |         } else if (arm_name == "right" && right_move_group_interface_) {
[4.629s]       |                                           ^~~~~~~~~~~~~~~~~~~~~~~~~~~
[4.629s]       |                                           get_node_graph_interface
[4.645s] /home/a/ws_moveit2/src/robot_config/src/move_to_pose_dual_cpp.cpp: In member function ‘void MoveToPoseDualCpp::detachMeshObject(const string&, const string&)’:
[4.646s] /home/a/ws_moveit2/src/robot_config/src/move_to_pose_dual_cpp.cpp:286:35: error: ‘left_move_group_interface_’ was not declared in this scope; did you mean ‘get_node_graph_interface’?
[4.646s]   286 |         if (arm_name == "left" && left_move_group_interface_) {
[4.646s]       |                                   ^~~~~~~~~~~~~~~~~~~~~~~~~~
[4.646s]       |                                   get_node_graph_interface
[4.660s] /home/a/ws_moveit2/src/robot_config/src/move_to_pose_dual_cpp.cpp:291:17: error: ‘planning_scene_interface_’ was not declared in this scope; did you mean ‘planning_scene_callback’?
[4.660s]   291 |             if (planning_scene_interface_) {
[4.660s]       |                 ^~~~~~~~~~~~~~~~~~~~~~~~~
[4.660s]       |                 planning_scene_callback
[4.677s] /home/a/ws_moveit2/src/robot_config/src/move_to_pose_dual_cpp.cpp:310:43: error: ‘right_move_group_interface_’ was not declared in this scope; did you mean ‘get_node_graph_interface’?
[4.677s]   310 |         } else if (arm_name == "right" && right_move_group_interface_) {
[4.677s]       |                                           ^~~~~~~~~~~~~~~~~~~~~~~~~~~
[4.677s]       |                                           get_node_graph_interface
[4.692s] /home/a/ws_moveit2/src/robot_config/src/move_to_pose_dual_cpp.cpp:315:17: error: ‘planning_scene_interface_’ was not declared in this scope; did you mean ‘planning_scene_callback’?
[4.692s]   315 |             if (planning_scene_interface_) {
[4.692s]       |                 ^~~~~~~~~~~~~~~~~~~~~~~~~
[4.692s]       |                 planning_scene_callback
[4.706s] /home/a/ws_moveit2/src/robot_config/src/move_to_pose_dual_cpp.cpp: In member function ‘void MoveToPoseDualCpp::left_arm_up_callback(std_msgs::msg::String_<std::allocator<void> >::SharedPtr)’:
[4.706s] /home/a/ws_moveit2/src/robot_config/src/move_to_pose_dual_cpp.cpp:342:14: error: ‘left_pose_received_’ was not declared in this scope
[4.706s]   342 |         if (!left_pose_received_) {
[4.706s]       |              ^~~~~~~~~~~~~~~~~~~
[4.717s] /home/a/ws_moveit2/src/robot_config/src/move_to_pose_dual_cpp.cpp:346:28: error: ‘arm_up_z_value_’ was not declared in this scope
[4.717s]   346 |         move_arm_z("left", arm_up_z_value_);
[4.717s]       |                            ^~~~~~~~~~~~~~~
[4.730s] /home/a/ws_moveit2/src/robot_config/src/move_to_pose_dual_cpp.cpp: In member function ‘void MoveToPoseDualCpp::left_arm_down_callback(std_msgs::msg::String_<std::allocator<void> >::SharedPtr)’:
[4.730s] /home/a/ws_moveit2/src/robot_config/src/move_to_pose_dual_cpp.cpp:352:14: error: ‘left_pose_received_’ was not declared in this scope
[4.730s]   352 |         if (!left_pose_received_) {
[4.730s]       |              ^~~~~~~~~~~~~~~~~~~
[4.741s] /home/a/ws_moveit2/src/robot_config/src/move_to_pose_dual_cpp.cpp:356:28: error: ‘arm_down_z_value_’ was not declared in this scope
[4.741s]   356 |         move_arm_z("left", arm_down_z_value_);
[4.742s]       |                            ^~~~~~~~~~~~~~~~~
[4.755s] /home/a/ws_moveit2/src/robot_config/src/move_to_pose_dual_cpp.cpp: In member function ‘void MoveToPoseDualCpp::right_arm_up_callback(std_msgs::msg::String_<std::allocator<void> >::SharedPtr)’:
[4.755s] /home/a/ws_moveit2/src/robot_config/src/move_to_pose_dual_cpp.cpp:362:14: error: ‘right_pose_received_’ was not declared in this scope
[4.755s]   362 |         if (!right_pose_received_) {
[4.755s]       |              ^~~~~~~~~~~~~~~~~~~~
[4.764s] /home/a/ws_moveit2/src/robot_config/src/move_to_pose_dual_cpp.cpp:366:29: error: ‘arm_up_z_value_’ was not declared in this scope
[4.765s]   366 |         move_arm_z("right", arm_up_z_value_);
[4.765s]       |                             ^~~~~~~~~~~~~~~
[4.778s] /home/a/ws_moveit2/src/robot_config/src/move_to_pose_dual_cpp.cpp: In member function ‘void MoveToPoseDualCpp::right_arm_down_callback(std_msgs::msg::String_<std::allocator<void> >::SharedPtr)’:
[4.778s] /home/a/ws_moveit2/src/robot_config/src/move_to_pose_dual_cpp.cpp:372:14: error: ‘right_pose_received_’ was not declared in this scope
[4.778s]   372 |         if (!right_pose_received_) {
[4.778s]       |              ^~~~~~~~~~~~~~~~~~~~
[4.790s] /home/a/ws_moveit2/src/robot_config/src/move_to_pose_dual_cpp.cpp:376:29: error: ‘arm_down_z_value_’ was not declared in this scope
[4.790s]   376 |         move_arm_z("right", arm_down_z_value_);
[4.790s]       |                             ^~~~~~~~~~~~~~~~~
[4.803s] /home/a/ws_moveit2/src/robot_config/src/move_to_pose_dual_cpp.cpp: In member function ‘void MoveToPoseDualCpp::move_arm_z(const string&, double)’:
[4.803s] /home/a/ws_moveit2/src/robot_config/src/move_to_pose_dual_cpp.cpp:385:36: error: ‘left_move_group_interface_’ was not declared in this scope; did you mean ‘move_group_interface’?
[4.803s]   385 |             move_group_interface = left_move_group_interface_;
[4.803s]       |                                    ^~~~~~~~~~~~~~~~~~~~~~~~~~
[4.803s]       |                                    move_group_interface
[4.814s] /home/a/ws_moveit2/src/robot_config/src/move_to_pose_dual_cpp.cpp:386:32: error: ‘last_left_pose_rpy_’ was not declared in this scope
[4.814s]   386 |             current_pose_rpy = last_left_pose_rpy_;
[4.814s]       |                                ^~~~~~~~~~~~~~~~~~~
[4.828s] /home/a/ws_moveit2/src/robot_config/src/move_to_pose_dual_cpp.cpp:388:36: error: ‘right_move_group_interface_’ was not declared in this scope; did you mean ‘move_group_interface’?
[4.828s]   388 |             move_group_interface = right_move_group_interface_;
[4.828s]       |                                    ^~~~~~~~~~~~~~~~~~~~~~~~~~~
[4.828s]       |                                    move_group_interface
[4.840s] /home/a/ws_moveit2/src/robot_config/src/move_to_pose_dual_cpp.cpp:389:32: error: ‘last_right_pose_rpy_’ was not declared in this scope
[4.840s]   389 |             current_pose_rpy = last_right_pose_rpy_;
[4.840s]       |                                ^~~~~~~~~~~~~~~~~~~~
[4.858s] /home/a/ws_moveit2/src/robot_config/src/move_to_pose_dual_cpp.cpp: In member function ‘void MoveToPoseDualCpp::left_arm_open_callback(std_msgs::msg::String_<std::allocator<void> >::SharedPtr)’:
[4.858s] /home/a/ws_moveit2/src/robot_config/src/move_to_pose_dual_cpp.cpp:435:9: error: ‘detach_attached_objects’ was not declared in this scope
[4.858s]   435 |         detach_attached_objects("left");
[4.858s]       |         ^~~~~~~~~~~~~~~~~~~~~~~
[4.875s] /home/a/ws_moveit2/src/robot_config/src/move_to_pose_dual_cpp.cpp: In member function ‘void MoveToPoseDualCpp::right_arm_open_callback(std_msgs::msg::String_<std::allocator<void> >::SharedPtr)’:
[4.875s] /home/a/ws_moveit2/src/robot_config/src/move_to_pose_dual_cpp.cpp:455:9: error: ‘detach_attached_objects’ was not declared in this scope
[4.875s]   455 |         detach_attached_objects("right");
[4.875s]       |         ^~~~~~~~~~~~~~~~~~~~~~~
[4.887s] /home/a/ws_moveit2/src/robot_config/src/move_to_pose_dual_cpp.cpp: In member function ‘void MoveToPoseDualCpp::set_gripper_position(const string&, double, double, std::function<void()>)’:
[4.887s] /home/a/ws_moveit2/src/robot_config/src/move_to_pose_dual_cpp.cpp:492:18: error: ‘left_gripper_pub_’ was not declared in this scope; did you mean ‘left_rpy_sub_’?
[4.887s]   492 |             if (!left_gripper_pub_) {
[4.887s]       |                  ^~~~~~~~~~~~~~~~~
[4.887s]       |                  left_rpy_sub_
[4.900s] /home/a/ws_moveit2/src/robot_config/src/move_to_pose_dual_cpp.cpp:495:13: error: ‘left_gripper_pub_’ was not declared in this scope; did you mean ‘left_rpy_sub_’?
[4.900s]   495 |             left_gripper_pub_->publish(trajectory_msg);
[4.900s]       |             ^~~~~~~~~~~~~~~~~
[4.900s]       |             left_rpy_sub_
[4.913s] /home/a/ws_moveit2/src/robot_config/src/move_to_pose_dual_cpp.cpp:497:18: error: ‘right_gripper_pub_’ was not declared in this scope
[4.913s]   497 |             if (!right_gripper_pub_) {
[4.913s]       |                  ^~~~~~~~~~~~~~~~~~
[4.926s] /home/a/ws_moveit2/src/robot_config/src/move_to_pose_dual_cpp.cpp:500:13: error: ‘right_gripper_pub_’ was not declared in this scope
[4.926s]   500 |             right_gripper_pub_->publish(trajectory_msg);
[4.926s]       |             ^~~~~~~~~~~~~~~~~~
[4.971s] /home/a/ws_moveit2/src/robot_config/src/move_to_pose_dual_cpp.cpp: In member function ‘void MoveToPoseDualCpp::initialize_object_positions()’:
[4.971s] /home/a/ws_moveit2/src/robot_config/src/move_to_pose_dual_cpp.cpp:537:46: error: ‘object_mutex_’ was not declared in this scope
[4.972s]   537 |             std::lock_guard<std::mutex> lock(object_mutex_);
[4.972s]       |                                              ^~~~~~~~~~~~~
[4.988s] /home/a/ws_moveit2/src/robot_config/src/move_to_pose_dual_cpp.cpp:548:21: error: ‘object_mesh_positions_’ was not declared in this scope
[4.988s]   548 |                     object_mesh_positions_[collision_obj.id] = obj_pos;
[4.988s]       |                     ^~~~~~~~~~~~~~~~~~~~~~
[5.004s] /home/a/ws_moveit2/src/robot_config/src/move_to_pose_dual_cpp.cpp:557:21: error: ‘object_mesh_positions_’ was not declared in this scope
[5.004s]   557 |                     object_mesh_positions_[collision_obj.id] = obj_pos;
[5.004s]       |                     ^~~~~~~~~~~~~~~~~~~~~~
[5.019s] In file included from /opt/ros/humble/include/rclcpp/rclcpp/logging.hpp:24,
[5.019s]                  from /opt/ros/humble/include/rclcpp/rclcpp/client.hpp:40,
[5.020s]                  from /opt/ros/humble/include/rclcpp/rclcpp/callback_group.hpp:24,
[5.020s]                  from /opt/ros/humble/include/rclcpp/rclcpp/any_executable.hpp:20,
[5.020s]                  from /opt/ros/humble/include/rclcpp/rclcpp/memory_strategy.hpp:25,
[5.020s]                  from /opt/ros/humble/include/rclcpp/rclcpp/memory_strategies.hpp:18,
[5.020s]                  from /opt/ros/humble/include/rclcpp/rclcpp/executor_options.hpp:20,
[5.020s]                  from /opt/ros/humble/include/rclcpp/rclcpp/executor.hpp:37,
[5.020s]                  from /opt/ros/humble/include/rclcpp/rclcpp/executors/multi_threaded_executor.hpp:25,
[5.020s]                  from /opt/ros/humble/include/rclcpp/rclcpp/executors.hpp:21,
[5.020s]                  from /opt/ros/humble/include/rclcpp/rclcpp/rclcpp.hpp:155,
[5.020s]                  from /home/a/ws_moveit2/src/robot_config/src/move_to_pose_dual_cpp.cpp:1:
[5.020s] /home/a/ws_moveit2/src/robot_config/src/move_to_pose_dual_cpp.cpp:563:101: error: ‘object_mesh_positions_’ was not declared in this scope
[5.020s]   563 |             RCLCPP_INFO(this->get_logger(), "Object positions initialized: %zu objects registered", object_mesh_positions_.size());
[5.020s]       |                                                                                                     ^~~~~~~~~~~~~~~~~~~~~~
[5.031s] /home/a/ws_moveit2/src/robot_config/src/move_to_pose_dual_cpp.cpp: In member function ‘void MoveToPoseDualCpp::planning_scene_callback(moveit_msgs::msg::PlanningScene_<std::allocator<void> >::SharedPtr)’:
[5.031s] /home/a/ws_moveit2/src/robot_config/src/move_to_pose_dual_cpp.cpp:574:42: error: ‘object_mutex_’ was not declared in this scope
[5.031s]   574 |         std::lock_guard<std::mutex> lock(object_mutex_);
[5.032s]       |                                          ^~~~~~~~~~~~~
[5.047s] /home/a/ws_moveit2/src/robot_config/src/move_to_pose_dual_cpp.cpp:585:17: error: ‘object_mesh_positions_’ was not declared in this scope
[5.048s]   585 |                 object_mesh_positions_[collision_obj.id] = obj_pos;
[5.048s]       |                 ^~~~~~~~~~~~~~~~~~~~~~
[5.063s] /home/a/ws_moveit2/src/robot_config/src/move_to_pose_dual_cpp.cpp:592:17: error: ‘object_mesh_positions_’ was not declared in this scope
[5.063s]   592 |                 object_mesh_positions_[collision_obj.id] = obj_pos;
[5.063s]       |                 ^~~~~~~~~~~~~~~~~~~~~~
[5.079s] /home/a/ws_moveit2/src/robot_config/src/move_to_pose_dual_cpp.cpp: In member function ‘void MoveToPoseDualCpp::register_coordinate_callback(std_msgs::msg::Float64MultiArray_<std::allocator<void> >::SharedPtr)’:
[5.079s] /home/a/ws_moveit2/src/robot_config/src/move_to_pose_dual_cpp.cpp:605:46: error: ‘coordinate_dict_mutex_’ was not declared in this scope
[5.079s]   605 |             std::lock_guard<std::mutex> lock(coordinate_dict_mutex_);
[5.079s]       |                                              ^~~~~~~~~~~~~~~~~~~~~~
[5.098s] /home/a/ws_moveit2/src/robot_config/src/move_to_pose_dual_cpp.cpp:606:13: error: ‘grasp_coordinate_dictionary_’ was not declared in this scope
[5.098s]   606 |             grasp_coordinate_dictionary_[key_pos] = std::make_pair(obj1_pos, obj2_pos);
[5.098s]       |             ^~~~~~~~~~~~~~~~~~~~~~~~~~~~
[5.109s] /home/a/ws_moveit2/src/robot_config/src/move_to_pose_dual_cpp.cpp: In member function ‘std::string MoveToPoseDualCpp::find_nearest_object_by_position(const std::array<double, 3>&, double)’:
[5.109s] /home/a/ws_moveit2/src/robot_config/src/move_to_pose_dual_cpp.cpp:625:42: error: ‘object_mutex_’ was not declared in this scope
[5.109s]   625 |         std::lock_guard<std::mutex> lock(object_mutex_);
[5.109s]       |                                          ^~~~~~~~~~~~~
[5.124s] In file included from /opt/ros/humble/include/rclcpp/rclcpp/logging.hpp:24,
[5.124s]                  from /opt/ros/humble/include/rclcpp/rclcpp/client.hpp:40,
[5.124s]                  from /opt/ros/humble/include/rclcpp/rclcpp/callback_group.hpp:24,
[5.124s]                  from /opt/ros/humble/include/rclcpp/rclcpp/any_executable.hpp:20,
[5.124s]                  from /opt/ros/humble/include/rclcpp/rclcpp/memory_strategy.hpp:25,
[5.124s]                  from /opt/ros/humble/include/rclcpp/rclcpp/memory_strategies.hpp:18,
[5.124s]                  from /opt/ros/humble/include/rclcpp/rclcpp/executor_options.hpp:20,
[5.124s]                  from /opt/ros/humble/include/rclcpp/rclcpp/executor.hpp:37,
[5.125s]                  from /opt/ros/humble/include/rclcpp/rclcpp/executors/multi_threaded_executor.hpp:25,
[5.125s]                  from /opt/ros/humble/include/rclcpp/rclcpp/executors.hpp:21,
[5.125s]                  from /opt/ros/humble/include/rclcpp/rclcpp/rclcpp.hpp:155,
[5.125s]                  from /home/a/ws_moveit2/src/robot_config/src/move_to_pose_dual_cpp.cpp:1:
[5.125s] /home/a/ws_moveit2/src/robot_config/src/move_to_pose_dual_cpp.cpp:628:82: error: ‘object_mesh_positions_’ was not declared in this scope
[5.125s]   628 |         RCLCPP_INFO(this->get_logger(), "Object mesh positions has %zu entries", object_mesh_positions_.size());
[5.125s]       |                                                                                  ^~~~~~~~~~~~~~~~~~~~~~
[5.139s] /home/a/ws_moveit2/src/robot_config/src/move_to_pose_dual_cpp.cpp:633:38: error: ‘object_mesh_positions_’ was not declared in this scope
[5.139s]   633 |         for (const auto& obj_entry : object_mesh_positions_) {
[5.139s]       |                                      ^~~~~~~~~~~~~~~~~~~~~~
[5.155s] /home/a/ws_moveit2/src/robot_config/src/move_to_pose_dual_cpp.cpp: In member function ‘void MoveToPoseDualCpp::check_for_grasp_attachment(const string&)’:
[5.155s] /home/a/ws_moveit2/src/robot_config/src/move_to_pose_dual_cpp.cpp:661:54: error: ‘planning_scene_interface_’ was not declared in this scope; did you mean ‘planning_scene_callback’?
[5.155s]   661 |             std::vector<std::string> known_objects = planning_scene_interface_->getKnownObjectNames();
[5.155s]       |                                                      ^~~~~~~~~~~~~~~~~~~~~~~~~
[5.155s]       |                                                      planning_scene_callback
[5.157s] /home/a/ws_moveit2/src/robot_config/src/move_to_pose_dual_cpp.cpp: At global scope:
[5.157s] /home/a/ws_moveit2/src/robot_config/src/move_to_pose_dual_cpp.cpp:729:9: error: expected unqualified-id before ‘for’
[5.157s]   729 |         for (const std::string& obj_name : objects_to_attach) {
[5.157s]       |         ^~~
[5.157s] /home/a/ws_moveit2/src/robot_config/src/move_to_pose_dual_cpp.cpp:738:9: error: expected unqualified-id before ‘if’
[5.158s]   738 |         if (objects_to_attach.empty()) {
[5.158s]       |         ^~
[5.158s] /home/a/ws_moveit2/src/robot_config/src/move_to_pose_dual_cpp.cpp:741:5: error: expected declaration before ‘}’ token
[5.158s]   741 |     }
[5.158s]       |     ^
[5.158s] In file included from /opt/ros/humble/include/rclcpp/rclcpp/client.hpp:40,
[5.158s]                  from /opt/ros/humble/include/rclcpp/rclcpp/callback_group.hpp:24,
[5.158s]                  from /opt/ros/humble/include/rclcpp/rclcpp/any_executable.hpp:20,
[5.158s]                  from /opt/ros/humble/include/rclcpp/rclcpp/memory_strategy.hpp:25,
[5.158s]                  from /opt/ros/humble/include/rclcpp/rclcpp/memory_strategies.hpp:18,
[5.158s]                  from /opt/ros/humble/include/rclcpp/rclcpp/executor_options.hpp:20,
[5.158s]                  from /opt/ros/humble/include/rclcpp/rclcpp/executor.hpp:37,
[5.158s]                  from /opt/ros/humble/include/rclcpp/rclcpp/executors/multi_threaded_executor.hpp:25,
[5.158s]                  from /opt/ros/humble/include/rclcpp/rclcpp/executors.hpp:21,
[5.158s]                  from /opt/ros/humble/include/rclcpp/rclcpp/rclcpp.hpp:155,
[5.158s]                  from /home/a/ws_moveit2/src/robot_config/src/move_to_pose_dual_cpp.cpp:1:
[5.158s] /home/a/ws_moveit2/src/robot_config/src/move_to_pose_dual_cpp.cpp: In function ‘void detach_attached_objects(const string&)’:
[5.158s] /home/a/ws_moveit2/src/robot_config/src/move_to_pose_dual_cpp.cpp:746:21: error: invalid use of ‘this’ in non-member function
[5.158s]   746 |         RCLCPP_INFO(this->get_logger(), "Detaching objects from %s arm (gripper opened)", arm_name.c_str());
[5.158s]       |                     ^~~~
[5.159s] /home/a/ws_moveit2/src/robot_config/src/move_to_pose_dual_cpp.cpp:746:21: error: invalid use of ‘this’ in non-member function
[5.159s] /home/a/ws_moveit2/src/robot_config/src/move_to_pose_dual_cpp.cpp:746:9: error: template argument 1 is invalid
[5.159s]   746 |         RCLCPP_INFO(this->get_logger(), "Detaching objects from %s arm (gripper opened)", arm_name.c_str());
[5.159s]       |         ^~~~~~~~~~~
[5.159s] /home/a/ws_moveit2/src/robot_config/src/move_to_pose_dual_cpp.cpp:746:9: error: template argument 1 is invalid
[5.159s]   746 |         RCLCPP_INFO(this->get_logger(), "Detaching objects from %s arm (gripper opened)", arm_name.c_str());
[5.159s]       |         ^~~~~~~~~~~
[5.159s] /home/a/ws_moveit2/src/robot_config/src/move_to_pose_dual_cpp.cpp:746:9: error: template argument 1 is invalid
[5.159s]   746 |         RCLCPP_INFO(this->get_logger(), "Detaching objects from %s arm (gripper opened)", arm_name.c_str());
[5.159s]       |         ^~~~~~~~~~~
[5.159s] In file included from /opt/ros/humble/include/rclcpp/rclcpp/logging.hpp:24,
[5.159s]                  from /opt/ros/humble/include/rclcpp/rclcpp/client.hpp:40,
[5.159s]                  from /opt/ros/humble/include/rclcpp/rclcpp/callback_group.hpp:24,
[5.159s]                  from /opt/ros/humble/include/rclcpp/rclcpp/any_executable.hpp:20,
[5.159s]                  from /opt/ros/humble/include/rclcpp/rclcpp/memory_strategy.hpp:25,
[5.159s]                  from /opt/ros/humble/include/rclcpp/rclcpp/memory_strategies.hpp:18,
[5.159s]                  from /opt/ros/humble/include/rclcpp/rclcpp/executor_options.hpp:20,
[5.159s]                  from /opt/ros/humble/include/rclcpp/rclcpp/executor.hpp:37,
[5.159s]                  from /opt/ros/humble/include/rclcpp/rclcpp/executors/multi_threaded_executor.hpp:25,
[5.159s]                  from /opt/ros/humble/include/rclcpp/rclcpp/executors.hpp:21,
[5.159s]                  from /opt/ros/humble/include/rclcpp/rclcpp/rclcpp.hpp:155,
[5.159s]                  from /home/a/ws_moveit2/src/robot_config/src/move_to_pose_dual_cpp.cpp:1:
[5.160s] /home/a/ws_moveit2/src/robot_config/src/move_to_pose_dual_cpp.cpp:746:21: error: invalid use of ‘this’ in non-member function
[5.160s]   746 |         RCLCPP_INFO(this->get_logger(), "Detaching objects from %s arm (gripper opened)", arm_name.c_str());
[5.160s]       |                     ^~~~
[5.160s] /home/a/ws_moveit2/src/robot_config/src/move_to_pose_dual_cpp.cpp:746:21: error: invalid use of ‘this’ in non-member function
[5.160s]   746 |         RCLCPP_INFO(this->get_logger(), "Detaching objects from %s arm (gripper opened)", arm_name.c_str());
[5.160s]       |                     ^~~~
[5.166s] /home/a/ws_moveit2/src/robot_config/src/move_to_pose_dual_cpp.cpp:752:17: error: ‘detachMeshObject’ was not declared in this scope
[5.166s]   752 |                 detachMeshObject(obj_name, arm_name);
[5.166s]       |                 ^~~~~~~~~~~~~~~~
[5.176s] /home/a/ws_moveit2/src/robot_config/src/move_to_pose_dual_cpp.cpp: At global scope:
[5.176s] /home/a/ws_moveit2/src/robot_config/src/move_to_pose_dual_cpp.cpp:804:1: error: expected declaration before ‘}’ token
[5.176s]   804 | };
[5.176s]       | ^
[9.559s] gmake[2]: *** [CMakeFiles/move_to_pose_dual_cpp.dir/build.make:76: CMakeFiles/move_to_pose_dual_cpp.dir/src/move_to_pose_dual_cpp.cpp.o] Error 1
[9.560s] gmake[1]: *** [CMakeFiles/Makefile2:193: CMakeFiles/move_to_pose_dual_cpp.dir/all] Error 2
[9.560s] gmake: *** [Makefile:146: all] Error 2
[9.563s] Invoked command in '/home/a/ws_moveit2/build/robot_config' returned '2': AMENT_PREFIX_PATH=/home/a/ws_moveit2/install/moveit_setup_assistant:/home/a/ws_moveit2/install/moveit_setup_srdf_plugins:/home/a/ws_moveit2/install/moveit_setup_core_plugins:/home/a/ws_moveit2/install/moveit_setup_controllers:/home/a/ws_moveit2/install/moveit_setup_app_plugins:/home/a/ws_moveit2/install/moveit_planners:/home/a/ws_moveit2/install/pilz_industrial_motion_planner:/home/a/ws_moveit2/install/moveit_setup_framework:/home/a/ws_moveit2/install/moveit_servo:/home/a/ws_moveit2/install/moveit_ros_visualization:/home/a/ws_moveit2/install/moveit_resources_prbt_pg70_support:/home/a/ws_moveit2/install/moveit_ros_planning_interface:/home/a/ws_moveit2/install/moveit_resources_prbt_moveit_config:/home/a/ws_moveit2/install/moveit_ros_move_group:/home/a/ws_moveit2/install/moveit_ros_warehouse:/home/a/ws_moveit2/install/moveit_ros_robot_interaction:/home/a/ws_moveit2/install/moveit_planners_ompl:/home/a/ws_moveit2/install/moveit_kinematics:/home/a/ws_moveit2/install/moveit_ros_planning:/home/a/ws_moveit2/install/moveit_planners_chomp:/home/a/ws_moveit2/install/trac_ik_kinematics_plugin:/home/a/ws_moveit2/install/pilz_industrial_motion_planner_testutils:/home/a/ws_moveit2/install/moveit_simple_controller_manager:/home/a/ws_moveit2/install/moveit_ros_occupancy_map_monitor:/home/a/ws_moveit2/install/moveit_resources_prbt_ikfast_manipulator_plugin:/home/a/ws_moveit2/install/chomp_motion_planner:/home/a/ws_moveit2/install/moveit_core:/home/a/ws_moveit2/install/moveit_resources_panda_moveit_config:/home/a/ws_moveit2/install/moveit_resources_fanuc_moveit_config:/home/a/ws_moveit2/install/moveit_configs_utils:/home/a/ws_moveit2/install/trac_ik_lib:/home/a/ws_moveit2/install/srdfdom:/home/a/ws_moveit2/install/moveit_resources_prbt_support:/home/a/ws_moveit2/install/moveit_resources_pr2_description:/home/a/ws_moveit2/install/moveit_resources_panda_description:/home/a/ws_moveit2/install/moveit_resources_fanuc_description:/home/a/ws_moveit2/install/moveit_common:/home/a/ws_moveit2/install/launch_param_builder:${AMENT_PREFIX_PATH} CMAKE_PREFIX_PATH=/home/a/ws_moveit2/install/moveit_setup_assistant:/home/a/ws_moveit2/install/moveit_setup_srdf_plugins:/home/a/ws_moveit2/install/moveit_setup_core_plugins:/home/a/ws_moveit2/install/moveit_setup_controllers:/home/a/ws_moveit2/install/moveit_setup_app_plugins:/home/a/ws_moveit2/install/moveit_planners:/home/a/ws_moveit2/install/pilz_industrial_motion_planner:/home/a/ws_moveit2/install/moveit_setup_framework:/home/a/ws_moveit2/install/moveit_servo:/home/a/ws_moveit2/install/moveit_ros_visualization:/home/a/ws_moveit2/install/moveit_resources_prbt_pg70_support:/home/a/ws_moveit2/install/moveit_ros_planning_interface:/home/a/ws_moveit2/install/moveit_resources_prbt_moveit_config:/home/a/ws_moveit2/install/moveit_ros_move_group:/home/a/ws_moveit2/install/moveit_ros_warehouse:/home/a/ws_moveit2/install/moveit_ros_robot_interaction:/home/a/ws_moveit2/install/moveit_planners_ompl:/home/a/ws_moveit2/install/moveit_kinematics:/home/a/ws_moveit2/install/moveit_ros_planning:/home/a/ws_moveit2/install/moveit_planners_chomp:/home/a/ws_moveit2/install/trac_ik_kinematics_plugin:/home/a/ws_moveit2/install/pilz_industrial_motion_planner_testutils:/home/a/ws_moveit2/install/moveit_simple_controller_manager:/home/a/ws_moveit2/install/moveit_ros_occupancy_map_monitor:/home/a/ws_moveit2/install/moveit_resources_prbt_ikfast_manipulator_plugin:/home/a/ws_moveit2/install/chomp_motion_planner:/home/a/ws_moveit2/install/moveit_core:/home/a/ws_moveit2/install/moveit_resources_panda_moveit_config:/home/a/ws_moveit2/install/moveit_resources_fanuc_moveit_config:/home/a/ws_moveit2/install/trac_ik_lib:/home/a/ws_moveit2/install/srdfdom:/home/a/ws_moveit2/install/moveit_resources_prbt_support:/home/a/ws_moveit2/install/moveit_resources_pr2_description:/home/a/ws_moveit2/install/moveit_resources_panda_description:/home/a/ws_moveit2/install/moveit_resources_fanuc_description:/home/a/ws_moveit2/install/moveit_common:/opt/ros/humble LD_LIBRARY_PATH=/home/a/ws_moveit2/install/moveit_setup_assistant/lib:/home/a/ws_moveit2/install/moveit_setup_srdf_plugins/lib:/home/a/ws_moveit2/install/moveit_setup_core_plugins/lib:/home/a/ws_moveit2/install/moveit_setup_controllers/lib:/home/a/ws_moveit2/install/moveit_setup_app_plugins/lib:/home/a/ws_moveit2/install/pilz_industrial_motion_planner/lib:/home/a/ws_moveit2/install/moveit_setup_framework/lib:/home/a/ws_moveit2/install/moveit_servo/lib:/home/a/ws_moveit2/install/moveit_ros_visualization/lib:/home/a/ws_moveit2/install/moveit_ros_planning_interface/lib:/home/a/ws_moveit2/install/moveit_ros_move_group/lib:/home/a/ws_moveit2/install/moveit_ros_warehouse/lib:/home/a/ws_moveit2/install/moveit_ros_robot_interaction/lib:/home/a/ws_moveit2/install/moveit_planners_ompl/lib:/home/a/ws_moveit2/install/moveit_kinematics/lib:/home/a/ws_moveit2/install/moveit_ros_planning/lib:/home/a/ws_moveit2/install/moveit_planners_chomp/lib:/home/a/ws_moveit2/install/trac_ik_kinematics_plugin/lib:/home/a/ws_moveit2/install/pilz_industrial_motion_planner_testutils/lib:/home/a/ws_moveit2/install/moveit_simple_controller_manager/lib:/home/a/ws_moveit2/install/moveit_ros_occupancy_map_monitor/lib:/home/a/ws_moveit2/install/moveit_resources_prbt_ikfast_manipulator_plugin/lib:/home/a/ws_moveit2/install/chomp_motion_planner/lib:/home/a/ws_moveit2/install/moveit_core/lib:/home/a/ws_moveit2/install/trac_ik_lib/lib:/home/a/ws_moveit2/install/srdfdom/lib:${LD_LIBRARY_PATH} PATH=/home/a/ws_moveit2/install/moveit_core/bin:${PATH} PYTHONPATH=/home/a/ws_moveit2/install/moveit_configs_utils/lib/python3.10/site-packages:/home/a/ws_moveit2/install/srdfdom/local/lib/python3.10/dist-packages:/home/a/ws_moveit2/install/launch_param_builder/lib/python3.10/site-packages:${PYTHONPATH} /usr/bin/cmake --build /home/a/ws_moveit2/build/robot_config -- -j22 -l22
