running egg_info
writing ../../build/mavlink_controller_client/mavlink_controller_client.egg-info/PKG-INFO
writing dependency_links to ../../build/mavlink_controller_client/mavlink_controller_client.egg-info/dependency_links.txt
writing entry points to ../../build/mavlink_controller_client/mavlink_controller_client.egg-info/entry_points.txt
writing requirements to ../../build/mavlink_controller_client/mavlink_controller_client.egg-info/requires.txt
writing top-level names to ../../build/mavlink_controller_client/mavlink_controller_client.egg-info/top_level.txt
reading manifest file '../../build/mavlink_controller_client/mavlink_controller_client.egg-info/SOURCES.txt'
writing manifest file '../../build/mavlink_controller_client/mavlink_controller_client.egg-info/SOURCES.txt'
running build
running build_py
copying mavlink_controller_client/mavlink_controller_client_node.py -> /home/a/ws_moveit2/build/mavlink_controller_client/build/lib/mavlink_controller_client
running install
running install_lib
copying /home/a/ws_moveit2/build/mavlink_controller_client/build/lib/mavlink_controller_client/mavlink_controller_client_node.py -> /home/a/ws_moveit2/install/mavlink_controller_client/lib/python3.10/site-packages/mavlink_controller_client
byte-compiling /home/a/ws_moveit2/install/mavlink_controller_client/lib/python3.10/site-packages/mavlink_controller_client/mavlink_controller_client_node.py to mavlink_controller_client_node.cpython-310.pyc
running install_data
running install_egg_info
removing '/home/a/ws_moveit2/install/mavlink_controller_client/lib/python3.10/site-packages/mavlink_controller_client-0.0.0-py3.10.egg-info' (and everything under it)
Copying ../../build/mavlink_controller_client/mavlink_controller_client.egg-info to /home/a/ws_moveit2/install/mavlink_controller_client/lib/python3.10/site-packages/mavlink_controller_client-0.0.0-py3.10.egg-info
running install_scripts
Installing mavlink_controller_client_node script to /home/a/ws_moveit2/install/mavlink_controller_client/lib/mavlink_controller_client
writing list of installed files to '/home/a/ws_moveit2/build/mavlink_controller_client/install.log'
