[0.096s] Invoking command in '/home/a/ws_moveit2/build/moveit_core': AMENT_PREFIX_PATH=/home/a/ws_moveit2/install/moveit_resources_panda_moveit_config:/home/a/ws_moveit2/install/srdfdom:/home/a/ws_moveit2/install/moveit_resources_pr2_description:/home/a/ws_moveit2/install/moveit_resources_panda_description:/home/a/ws_moveit2/install/moveit_common:${AMENT_PREFIX_PATH} CMAKE_PREFIX_PATH=/home/a/ws_moveit2/install/moveit_resources_panda_moveit_config:/home/a/ws_moveit2/install/srdfdom:/home/a/ws_moveit2/install/moveit_resources_pr2_description:/home/a/ws_moveit2/install/moveit_resources_panda_description:/home/a/ws_moveit2/install/moveit_common:/opt/ros/humble LD_LIBRARY_PATH=/home/a/ws_moveit2/install/srdfdom/lib:${LD_LIBRARY_PATH} PYTHONPATH=/home/a/ws_moveit2/install/srdfdom/local/lib/python3.10/dist-packages:${PYTHONPATH} /usr/bin/cmake --build /home/a/ws_moveit2/build/moveit_core -- -j22 -l22
[0.352s] [  1%] Built target moveit_exceptions
[0.415s] [  2%] Built target gtest_main
[0.416s] [  3%] Built target moveit_transforms
[0.420s] [  5%] Built target gmock_main
[0.420s] [  9%] Built target gtest
[0.420s] [ 12%] Built target moveit_smoothing_base
[0.423s] [ 15%] Built target gmock
[0.423s] [  7%] Built target moveit_butterworth_parameters
[0.424s] [ 11%] Built target moveit_utils
[0.425s] [ 15%] Built target moveit_version
[0.425s] [ 17%] Built target moveit_distance_field
[0.459s] [ 18%] Built target moveit_kinematics_base
[0.489s] [ 19%] Built target test_transforms
[0.512s] [ 20%] Built target test_voxel_grid
[0.530s] [ 21%] Built target test_distance_field
[0.572s] [ 27%] Built target moveit_robot_model
[0.675s] [ 28%] Built target moveit_butterworth_filter
[0.676s] [ 30%] Built target moveit_test_utils
[0.734s] [ 33%] Built target moveit_robot_state
[0.872s] [ 34%] Built target test_butterworth_filter
[0.874s] [ 35%] Built target moveit_robot_trajectory
[0.876s] [ 36%] Built target test_aabb
[0.893s] [ 37%] Built target test_robot_state_complex
[0.899s] [ 38%] Built target test_cartesian_interpolator
[0.900s] [ 40%] Built target test_robot_state
[0.913s] [ 41%] Built target test_robot_model
[0.936s] [ 46%] Built target moveit_collision_detection
[0.956s] [ 47%] Built target test_robot_state_benchmark
[0.956s] [ 48%] Built target moveit_dynamics_solver
[0.963s] [ 49%] Built target moveit_kinematics_metrics
[1.041s] [ 51%] Built target moveit_planning_interface
[1.065s] [ 52%] Built target test_robot_trajectory
[1.067s] [ 55%] Built target moveit_trajectory_processing
[1.092s] [ 56%] Built target test_world
[1.126s] [ 58%] Built target test_world_diff
[1.153s] [ 59%] Built target test_all_valid
[1.153s] [ 61%] Built target moveit_collision_detection_fcl
[1.170s] [ 66%] Built target moveit_collision_detection_bullet
[1.304s] [ 67%] Built target test_ruckig_traj_smoothing
[1.310s] [ 68%] Built target test_time_parameterization
[1.349s] [ 70%] Built target test_time_optimal_trajectory_generation
[1.408s] [ 71%] Built target test_bullet_collision_detection
[1.512s] [ 72%] Built target test_bullet_continuous_collision_checking
[1.545s] [ 74%] Built target test_bullet_collision_detection_panda
[1.567s] [ 76%] Built target test_fcl_collision_detection_panda
[1.588s] [ 77%] Built target test_fcl_collision_env
[1.624s] [ 79%] Built target moveit_kinematic_constraints
[1.677s] [ 80%] Built target test_fcl_collision_detection
[2.199s] [ 81%] Built target test_orientation_constraints
[2.377s] [ 82%] Built target test_constraints
[2.385s] [ 84%] Built target moveit_planning_scene
[3.031s] [ 85%] Built target moveit_planning_request_adapter
[3.058s] [ 86%] Built target test_multi_threaded
[3.157s] [ 87%] Built target collision_detector_bullet_plugin
[3.194s] [ 91%] Built target moveit_collision_distance_field
[3.202s] [ 91%] Built target test_planning_scene
[3.220s] [ 92%] Built target test_collision_objects
[3.314s] [ 95%] Built target moveit_constraint_samplers
[3.346s] [ 96%] Built target collision_detector_fcl_plugin
[3.794s] [ 97%] Built target test_collision_distance_field
[4.218s] [100%] Built target test_constraint_samplers
[12.236s] Invoked command in '/home/a/ws_moveit2/build/moveit_core' returned '0': AMENT_PREFIX_PATH=/home/a/ws_moveit2/install/moveit_resources_panda_moveit_config:/home/a/ws_moveit2/install/srdfdom:/home/a/ws_moveit2/install/moveit_resources_pr2_description:/home/a/ws_moveit2/install/moveit_resources_panda_description:/home/a/ws_moveit2/install/moveit_common:${AMENT_PREFIX_PATH} CMAKE_PREFIX_PATH=/home/a/ws_moveit2/install/moveit_resources_panda_moveit_config:/home/a/ws_moveit2/install/srdfdom:/home/a/ws_moveit2/install/moveit_resources_pr2_description:/home/a/ws_moveit2/install/moveit_resources_panda_description:/home/a/ws_moveit2/install/moveit_common:/opt/ros/humble LD_LIBRARY_PATH=/home/a/ws_moveit2/install/srdfdom/lib:${LD_LIBRARY_PATH} PYTHONPATH=/home/a/ws_moveit2/install/srdfdom/local/lib/python3.10/dist-packages:${PYTHONPATH} /usr/bin/cmake --build /home/a/ws_moveit2/build/moveit_core -- -j22 -l22
[12.256s] Invoking command in '/home/a/ws_moveit2/build/moveit_core': AMENT_PREFIX_PATH=/home/a/ws_moveit2/install/moveit_resources_panda_moveit_config:/home/a/ws_moveit2/install/srdfdom:/home/a/ws_moveit2/install/moveit_resources_pr2_description:/home/a/ws_moveit2/install/moveit_resources_panda_description:/home/a/ws_moveit2/install/moveit_common:${AMENT_PREFIX_PATH} CMAKE_PREFIX_PATH=/home/a/ws_moveit2/install/moveit_resources_panda_moveit_config:/home/a/ws_moveit2/install/srdfdom:/home/a/ws_moveit2/install/moveit_resources_pr2_description:/home/a/ws_moveit2/install/moveit_resources_panda_description:/home/a/ws_moveit2/install/moveit_common:/opt/ros/humble LD_LIBRARY_PATH=/home/a/ws_moveit2/install/srdfdom/lib:${LD_LIBRARY_PATH} PYTHONPATH=/home/a/ws_moveit2/install/srdfdom/local/lib/python3.10/dist-packages:${PYTHONPATH} /usr/bin/cmake --install /home/a/ws_moveit2/build/moveit_core
[12.427s] -- Install configuration: "Release"
[12.434s] -- Up-to-date: /home/a/ws_moveit2/install/moveit_core/include/moveit/version.h
[12.440s] -- Up-to-date: /home/a/ws_moveit2/install/moveit_core/include
[12.441s] -- Up-to-date: /home/a/ws_moveit2/install/moveit_core/include/moveit
[12.442s] -- Up-to-date: /home/a/ws_moveit2/install/moveit_core/include/moveit/collision_distance_field
[12.446s] -- Up-to-date: /home/a/ws_moveit2/install/moveit_core/include/moveit/collision_distance_field/collision_distance_field_types.h
[12.447s] -- Up-to-date: /home/a/ws_moveit2/install/moveit_core/include/moveit/collision_distance_field/collision_env_hybrid.h
[12.448s] -- Up-to-date: /home/a/ws_moveit2/install/moveit_core/include/moveit/collision_distance_field/collision_common_distance_field.h
[12.448s] -- Up-to-date: /home/a/ws_moveit2/install/moveit_core/include/moveit/collision_distance_field/collision_detector_allocator_distance_field.h
[12.448s] -- Up-to-date: /home/a/ws_moveit2/install/moveit_core/include/moveit/collision_distance_field/collision_env_distance_field.h
[12.453s] -- Up-to-date: /home/a/ws_moveit2/install/moveit_core/include/moveit/collision_distance_field/collision_detector_allocator_hybrid.h
[12.454s] -- Up-to-date: /home/a/ws_moveit2/install/moveit_core/include/moveit_collision_distance_field_export.h
[12.455s] -- Up-to-date: /home/a/ws_moveit2/install/moveit_core/include
[12.456s] -- Up-to-date: /home/a/ws_moveit2/install/moveit_core/include/moveit
[12.456s] -- Up-to-date: /home/a/ws_moveit2/install/moveit_core/include/moveit/constraint_samplers
[12.457s] -- Up-to-date: /home/a/ws_moveit2/install/moveit_core/include/moveit/constraint_samplers/union_constraint_sampler.h
[12.457s] -- Up-to-date: /home/a/ws_moveit2/install/moveit_core/include/moveit/constraint_samplers/default_constraint_samplers.h
[12.461s] -- Up-to-date: /home/a/ws_moveit2/install/moveit_core/include/moveit/constraint_samplers/constraint_sampler_tools.h
[12.463s] -- Up-to-date: /home/a/ws_moveit2/install/moveit_core/include/moveit/constraint_samplers/constraint_sampler_allocator.h
[12.464s] -- Up-to-date: /home/a/ws_moveit2/install/moveit_core/include/moveit/constraint_samplers/constraint_sampler.h
[12.465s] -- Up-to-date: /home/a/ws_moveit2/install/moveit_core/include/moveit/constraint_samplers/constraint_sampler_manager.h
[12.466s] -- Up-to-date: /home/a/ws_moveit2/install/moveit_core/include
[12.466s] -- Up-to-date: /home/a/ws_moveit2/install/moveit_core/include/moveit
[12.467s] -- Up-to-date: /home/a/ws_moveit2/install/moveit_core/include/moveit/controller_manager
[12.467s] -- Up-to-date: /home/a/ws_moveit2/install/moveit_core/include/moveit/controller_manager/controller_manager.h
[12.468s] -- Up-to-date: /home/a/ws_moveit2/install/moveit_core/include
[12.468s] -- Up-to-date: /home/a/ws_moveit2/install/moveit_core/include/moveit
[12.469s] -- Up-to-date: /home/a/ws_moveit2/install/moveit_core/include/moveit/distance_field
[12.469s] -- Up-to-date: /home/a/ws_moveit2/install/moveit_core/include/moveit/distance_field/voxel_grid.h
[12.470s] -- Up-to-date: /home/a/ws_moveit2/install/moveit_core/include/moveit/distance_field/propagation_distance_field.h
[12.470s] -- Up-to-date: /home/a/ws_moveit2/install/moveit_core/include/moveit/distance_field/find_internal_points.h
[12.471s] -- Up-to-date: /home/a/ws_moveit2/install/moveit_core/include/moveit/distance_field/distance_field.h
[12.472s] -- Up-to-date: /home/a/ws_moveit2/install/moveit_core/include
[12.473s] -- Up-to-date: /home/a/ws_moveit2/install/moveit_core/include/moveit
[12.473s] -- Up-to-date: /home/a/ws_moveit2/install/moveit_core/include/moveit/dynamics_solver
[12.473s] -- Up-to-date: /home/a/ws_moveit2/install/moveit_core/include/moveit/dynamics_solver/dynamics_solver.h
[12.482s] -- Up-to-date: /home/a/ws_moveit2/install/moveit_core/include
[12.483s] -- Up-to-date: /home/a/ws_moveit2/install/moveit_core/include/moveit
[12.483s] -- Up-to-date: /home/a/ws_moveit2/install/moveit_core/include/moveit/exceptions
[12.484s] -- Up-to-date: /home/a/ws_moveit2/install/moveit_core/include/moveit/exceptions/exceptions.h
[12.485s] -- Up-to-date: /home/a/ws_moveit2/install/moveit_core/include
[12.486s] -- Up-to-date: /home/a/ws_moveit2/install/moveit_core/include/moveit
[12.486s] -- Up-to-date: /home/a/ws_moveit2/install/moveit_core/include/moveit/kinematics_base
[12.491s] -- Up-to-date: /home/a/ws_moveit2/install/moveit_core/include/moveit/kinematics_base/kinematics_base.h
[12.495s] -- Up-to-date: /home/a/ws_moveit2/install/moveit_core/include/moveit_kinematics_base_export.h
[12.496s] -- Up-to-date: /home/a/ws_moveit2/install/moveit_core/include
[12.497s] -- Up-to-date: /home/a/ws_moveit2/install/moveit_core/include/moveit
[12.497s] -- Up-to-date: /home/a/ws_moveit2/install/moveit_core/include/moveit/kinematic_constraints
[12.497s] -- Up-to-date: /home/a/ws_moveit2/install/moveit_core/include/moveit/kinematic_constraints/utils.h
[12.499s] -- Up-to-date: /home/a/ws_moveit2/install/moveit_core/include/moveit/kinematic_constraints/kinematic_constraint.h
[12.499s] -- Up-to-date: /home/a/ws_moveit2/install/moveit_core/include
[12.500s] -- Up-to-date: /home/a/ws_moveit2/install/moveit_core/include/moveit
[12.500s] -- Up-to-date: /home/a/ws_moveit2/install/moveit_core/include/moveit/kinematics_metrics
[12.501s] -- Up-to-date: /home/a/ws_moveit2/install/moveit_core/include/moveit/kinematics_metrics/kinematics_metrics.h
[12.506s] -- Up-to-date: /home/a/ws_moveit2/install/moveit_core/include
[12.510s] -- Up-to-date: /home/a/ws_moveit2/install/moveit_core/include/moveit
[12.511s] -- Up-to-date: /home/a/ws_moveit2/install/moveit_core/include/moveit/macros
[12.511s] -- Up-to-date: /home/a/ws_moveit2/install/moveit_core/include/moveit/macros/declare_ptr.h
[12.512s] -- Up-to-date: /home/a/ws_moveit2/install/moveit_core/include/moveit/macros/deprecation.h
[12.512s] -- Up-to-date: /home/a/ws_moveit2/install/moveit_core/include/moveit/macros/class_forward.h
[12.513s] -- Up-to-date: /home/a/ws_moveit2/install/moveit_core/include/moveit/macros/console_colors.h
[12.518s] -- Up-to-date: /home/a/ws_moveit2/install/moveit_core/include/moveit_core
[12.519s] -- Up-to-date: /home/a/ws_moveit2/install/moveit_core/include/moveit_core/moveit_butterworth_parameters.hpp
[12.519s] -- Up-to-date: /home/a/ws_moveit2/install/moveit_core/include
[12.520s] -- Up-to-date: /home/a/ws_moveit2/install/moveit_core/include/moveit
[12.520s] -- Up-to-date: /home/a/ws_moveit2/install/moveit_core/include/moveit/online_signal_smoothing
[12.521s] -- Up-to-date: /home/a/ws_moveit2/install/moveit_core/include/moveit/online_signal_smoothing/smoothing_base_class.h
[12.521s] -- Up-to-date: /home/a/ws_moveit2/install/moveit_core/include/moveit/online_signal_smoothing/butterworth_filter.h
[12.526s] -- Up-to-date: /home/a/ws_moveit2/install/moveit_core/include/moveit_smoothing_base_export.h
[12.527s] -- Up-to-date: /home/a/ws_moveit2/install/moveit_core/include/moveit_butterworth_filter_export.h
[12.528s] -- Up-to-date: /home/a/ws_moveit2/install/moveit_core/include
[12.529s] -- Up-to-date: /home/a/ws_moveit2/install/moveit_core/include/moveit
[12.529s] -- Up-to-date: /home/a/ws_moveit2/install/moveit_core/include/moveit/planning_interface
[12.530s] -- Up-to-date: /home/a/ws_moveit2/install/moveit_core/include/moveit/planning_interface/planning_request.h
[12.530s] -- Up-to-date: /home/a/ws_moveit2/install/moveit_core/include/moveit/planning_interface/planning_interface.h
[12.535s] -- Up-to-date: /home/a/ws_moveit2/install/moveit_core/include/moveit/planning_interface/planning_response.h
[12.535s] -- Up-to-date: /home/a/ws_moveit2/install/moveit_core/include
[12.536s] -- Up-to-date: /home/a/ws_moveit2/install/moveit_core/include/moveit
[12.536s] -- Up-to-date: /home/a/ws_moveit2/install/moveit_core/include/moveit/planning_request_adapter
[12.537s] -- Up-to-date: /home/a/ws_moveit2/install/moveit_core/include/moveit/planning_request_adapter/planning_request_adapter.h
[12.538s] -- Up-to-date: /home/a/ws_moveit2/install/moveit_core/include
[12.538s] -- Up-to-date: /home/a/ws_moveit2/install/moveit_core/include/moveit
[12.538s] -- Up-to-date: /home/a/ws_moveit2/install/moveit_core/include/moveit/planning_scene
[12.539s] -- Up-to-date: /home/a/ws_moveit2/install/moveit_core/include/moveit/planning_scene/planning_scene.h
[12.539s] -- Up-to-date: /home/a/ws_moveit2/install/moveit_core/include/moveit_planning_scene_export.h
[12.542s] -- Up-to-date: /home/a/ws_moveit2/install/moveit_core/include
[12.544s] -- Up-to-date: /home/a/ws_moveit2/install/moveit_core/include/moveit
[12.544s] -- Up-to-date: /home/a/ws_moveit2/install/moveit_core/include/moveit/robot_model
[12.545s] -- Up-to-date: /home/a/ws_moveit2/install/moveit_core/include/moveit/robot_model/robot_model.h
[12.545s] -- Up-to-date: /home/a/ws_moveit2/install/moveit_core/include/moveit/robot_model/link_model.h
[12.545s] -- Up-to-date: /home/a/ws_moveit2/install/moveit_core/include/moveit/robot_model/floating_joint_model.h
[12.546s] -- Up-to-date: /home/a/ws_moveit2/install/moveit_core/include/moveit/robot_model/joint_model.h
[12.553s] -- Up-to-date: /home/a/ws_moveit2/install/moveit_core/include/moveit/robot_model/planar_joint_model.h
[12.554s] -- Up-to-date: /home/a/ws_moveit2/install/moveit_core/include/moveit/robot_model/aabb.h
[12.554s] -- Up-to-date: /home/a/ws_moveit2/install/moveit_core/include/moveit/robot_model/fixed_joint_model.h
[12.555s] -- Up-to-date: /home/a/ws_moveit2/install/moveit_core/include/moveit/robot_model/prismatic_joint_model.h
[12.555s] -- Up-to-date: /home/a/ws_moveit2/install/moveit_core/include/moveit/robot_model/revolute_joint_model.h
[12.560s] -- Up-to-date: /home/a/ws_moveit2/install/moveit_core/include/moveit/robot_model/joint_model_group.h
[12.561s] -- Up-to-date: /home/a/ws_moveit2/install/moveit_core/include
[12.561s] -- Up-to-date: /home/a/ws_moveit2/install/moveit_core/include/moveit
[12.563s] -- Up-to-date: /home/a/ws_moveit2/install/moveit_core/include/moveit/robot_state
[12.564s] -- Up-to-date: /home/a/ws_moveit2/install/moveit_core/include/moveit/robot_state/robot_state.h
[12.564s] -- Up-to-date: /home/a/ws_moveit2/install/moveit_core/include/moveit/robot_state/cartesian_interpolator.h
[12.565s] -- Up-to-date: /home/a/ws_moveit2/install/moveit_core/include/moveit/robot_state/conversions.h
[12.565s] -- Up-to-date: /home/a/ws_moveit2/install/moveit_core/include/moveit/robot_state/attached_body.h
[12.566s] -- Up-to-date: /home/a/ws_moveit2/install/moveit_core/include
[12.566s] -- Up-to-date: /home/a/ws_moveit2/install/moveit_core/include/moveit
[12.572s] -- Up-to-date: /home/a/ws_moveit2/install/moveit_core/include/moveit/robot_trajectory
[12.572s] -- Up-to-date: /home/a/ws_moveit2/install/moveit_core/include/moveit/robot_trajectory/robot_trajectory.h
[12.573s] -- Up-to-date: /home/a/ws_moveit2/install/moveit_core/include
[12.578s] -- Up-to-date: /home/a/ws_moveit2/install/moveit_core/include/moveit
[12.579s] -- Up-to-date: /home/a/ws_moveit2/install/moveit_core/include/moveit/sensor_manager
[12.580s] -- Up-to-date: /home/a/ws_moveit2/install/moveit_core/include/moveit/sensor_manager/sensor_manager.h
[12.581s] -- Up-to-date: /home/a/ws_moveit2/install/moveit_core/include
[12.581s] -- Up-to-date: /home/a/ws_moveit2/install/moveit_core/include/moveit
[12.585s] -- Up-to-date: /home/a/ws_moveit2/install/moveit_core/include/moveit/trajectory_processing
[12.586s] -- Up-to-date: /home/a/ws_moveit2/install/moveit_core/include/moveit/trajectory_processing/iterative_time_parameterization.h
[12.586s] -- Up-to-date: /home/a/ws_moveit2/install/moveit_core/include/moveit/trajectory_processing/time_parameterization.h
[12.587s] -- Up-to-date: /home/a/ws_moveit2/install/moveit_core/include/moveit/trajectory_processing/trajectory_tools.h
[12.587s] -- Up-to-date: /home/a/ws_moveit2/install/moveit_core/include/moveit/trajectory_processing/iterative_spline_parameterization.h
[12.588s] -- Up-to-date: /home/a/ws_moveit2/install/moveit_core/include/moveit/trajectory_processing/time_optimal_trajectory_generation.h
[12.588s] -- Up-to-date: /home/a/ws_moveit2/install/moveit_core/include/moveit/trajectory_processing/ruckig_traj_smoothing.h
[12.589s] -- Up-to-date: /home/a/ws_moveit2/install/moveit_core/include
[12.589s] -- Up-to-date: /home/a/ws_moveit2/install/moveit_core/include/moveit
[12.595s] -- Up-to-date: /home/a/ws_moveit2/install/moveit_core/include/moveit/transforms
[12.596s] -- Up-to-date: /home/a/ws_moveit2/install/moveit_core/include/moveit/transforms/transforms.h
[12.596s] -- Up-to-date: /home/a/ws_moveit2/install/moveit_core/include
[12.600s] -- Up-to-date: /home/a/ws_moveit2/install/moveit_core/include/moveit
[12.601s] -- Up-to-date: /home/a/ws_moveit2/install/moveit_core/include/moveit/utils
[12.603s] -- Up-to-date: /home/a/ws_moveit2/install/moveit_core/include/moveit/utils/robot_model_test_utils.h
[12.607s] -- Up-to-date: /home/a/ws_moveit2/install/moveit_core/include/moveit/utils/rclcpp_utils.h
[12.608s] -- Up-to-date: /home/a/ws_moveit2/install/moveit_core/include/moveit/utils/moveit_error_code.h
[12.608s] -- Up-to-date: /home/a/ws_moveit2/install/moveit_core/include/moveit/utils/message_checks.h
[12.609s] -- Up-to-date: /home/a/ws_moveit2/install/moveit_core/include/moveit/utils/lexical_casts.h
[12.609s] -- Up-to-date: /home/a/ws_moveit2/install/moveit_core/bin/moveit_version
[12.614s] -- Up-to-date: /home/a/ws_moveit2/install/moveit_core/include
[12.616s] -- Up-to-date: /home/a/ws_moveit2/install/moveit_core/include/moveit
[12.616s] -- Up-to-date: /home/a/ws_moveit2/install/moveit_core/include/moveit/collision_detection
[12.617s] -- Up-to-date: /home/a/ws_moveit2/install/moveit_core/include/moveit/collision_detection/collision_env.h
[12.617s] -- Up-to-date: /home/a/ws_moveit2/install/moveit_core/include/moveit/collision_detection/occupancy_map.h
[12.618s] -- Up-to-date: /home/a/ws_moveit2/install/moveit_core/include/moveit/collision_detection/collision_tools.h
[12.618s] -- Up-to-date: /home/a/ws_moveit2/install/moveit_core/include/moveit/collision_detection/collision_common.h
[12.618s] -- Up-to-date: /home/a/ws_moveit2/install/moveit_core/include/moveit/collision_detection/world_diff.h
[12.623s] -- Up-to-date: /home/a/ws_moveit2/install/moveit_core/include/moveit/collision_detection/collision_plugin_cache.h
[12.624s] -- Up-to-date: /home/a/ws_moveit2/install/moveit_core/include/moveit/collision_detection/collision_plugin.h
[12.624s] -- Up-to-date: /home/a/ws_moveit2/install/moveit_core/include/moveit/collision_detection/test_collision_common_panda.h
[12.625s] -- Up-to-date: /home/a/ws_moveit2/install/moveit_core/include/moveit/collision_detection/collision_detector_allocator.h
[12.625s] -- Up-to-date: /home/a/ws_moveit2/install/moveit_core/include/moveit/collision_detection/test_collision_common_pr2.h
[12.630s] -- Up-to-date: /home/a/ws_moveit2/install/moveit_core/include/moveit/collision_detection/allvalid
[12.631s] -- Up-to-date: /home/a/ws_moveit2/install/moveit_core/include/moveit/collision_detection/allvalid/collision_detector_allocator_allvalid.h
[12.631s] -- Up-to-date: /home/a/ws_moveit2/install/moveit_core/include/moveit/collision_detection/allvalid/collision_env_allvalid.h
[12.632s] -- Up-to-date: /home/a/ws_moveit2/install/moveit_core/include/moveit/collision_detection/collision_matrix.h
[12.632s] -- Up-to-date: /home/a/ws_moveit2/install/moveit_core/include/moveit/collision_detection/collision_octomap_filter.h
[12.633s] -- Up-to-date: /home/a/ws_moveit2/install/moveit_core/include/moveit/collision_detection/world.h
[12.633s] -- Up-to-date: /home/a/ws_moveit2/install/moveit_core/include/moveit_collision_detection_export.h
[12.638s] -- Up-to-date: /home/a/ws_moveit2/install/moveit_core/include
[12.639s] -- Up-to-date: /home/a/ws_moveit2/install/moveit_core/include/moveit
[12.639s] -- Up-to-date: /home/a/ws_moveit2/install/moveit_core/include/moveit/collision_detection_bullet
[12.640s] -- Up-to-date: /home/a/ws_moveit2/install/moveit_core/include/moveit/collision_detection_bullet/collision_detector_allocator_bullet.h
[12.640s] -- Up-to-date: /home/a/ws_moveit2/install/moveit_core/include/moveit/collision_detection_bullet/collision_env_bullet.h
[12.641s] -- Up-to-date: /home/a/ws_moveit2/install/moveit_core/include/moveit/collision_detection_bullet/bullet_integration
[12.641s] -- Up-to-date: /home/a/ws_moveit2/install/moveit_core/include/moveit/collision_detection_bullet/bullet_integration/ros_bullet_utils.h
[12.642s] -- Up-to-date: /home/a/ws_moveit2/install/moveit_core/include/moveit/collision_detection_bullet/bullet_integration/basic_types.h
[12.642s] -- Up-to-date: /home/a/ws_moveit2/install/moveit_core/include/moveit/collision_detection_bullet/bullet_integration/bullet_bvh_manager.h
[12.643s] -- Up-to-date: /home/a/ws_moveit2/install/moveit_core/include/moveit/collision_detection_bullet/bullet_integration/bullet_utils.h
[12.643s] -- Up-to-date: /home/a/ws_moveit2/install/moveit_core/include/moveit/collision_detection_bullet/bullet_integration/bullet_cast_bvh_manager.h
[12.644s] -- Up-to-date: /home/a/ws_moveit2/install/moveit_core/include/moveit/collision_detection_bullet/bullet_integration/bullet_discrete_bvh_manager.h
[12.652s] -- Up-to-date: /home/a/ws_moveit2/install/moveit_core/include/moveit/collision_detection_bullet/bullet_integration/contact_checker_common.h
[12.653s] -- Up-to-date: /home/a/ws_moveit2/install/moveit_core/include/moveit/collision_detection_bullet/collision_detector_bullet_plugin_loader.h
[12.653s] -- Up-to-date: /home/a/ws_moveit2/install/moveit_core/include/moveit_collision_detection_bullet_export.h
[12.654s] -- Up-to-date: /home/a/ws_moveit2/install/moveit_core/include
[12.655s] -- Up-to-date: /home/a/ws_moveit2/install/moveit_core/include/moveit
[12.655s] -- Up-to-date: /home/a/ws_moveit2/install/moveit_core/include/moveit/collision_detection_fcl
[12.660s] -- Up-to-date: /home/a/ws_moveit2/install/moveit_core/include/moveit/collision_detection_fcl/collision_common.h
[12.661s] -- Up-to-date: /home/a/ws_moveit2/install/moveit_core/include/moveit/collision_detection_fcl/fcl_compat.h
[12.661s] -- Up-to-date: /home/a/ws_moveit2/install/moveit_core/include/moveit/collision_detection_fcl/collision_env_fcl.h
[12.667s] -- Up-to-date: /home/a/ws_moveit2/install/moveit_core/include/moveit/collision_detection_fcl/collision_detector_fcl_plugin_loader.h
[12.668s] -- Up-to-date: /home/a/ws_moveit2/install/moveit_core/include/moveit/collision_detection_fcl/collision_detector_allocator_fcl.h
[12.673s] -- Up-to-date: /home/a/ws_moveit2/install/moveit_core/include/moveit_collision_detection_fcl_export.h
[12.674s] -- Up-to-date: /home/a/ws_moveit2/install/moveit_core/lib/libcollision_detector_bullet_plugin.so.2.5.9
[12.674s] -- Up-to-date: /home/a/ws_moveit2/install/moveit_core/lib/libcollision_detector_bullet_plugin.so
[12.675s] -- Up-to-date: /home/a/ws_moveit2/install/moveit_core/lib/libmoveit_butterworth_filter.so.2.5.9
[12.675s] -- Up-to-date: /home/a/ws_moveit2/install/moveit_core/lib/libmoveit_butterworth_filter.so
[12.676s] -- Up-to-date: /home/a/ws_moveit2/install/moveit_core/lib/libmoveit_collision_distance_field.so.2.5.9
[12.676s] -- Up-to-date: /home/a/ws_moveit2/install/moveit_core/lib/libmoveit_collision_distance_field.so
[12.688s] -- Up-to-date: /home/a/ws_moveit2/install/moveit_core/lib/libmoveit_collision_detection.so.2.5.9
[12.689s] -- Up-to-date: /home/a/ws_moveit2/install/moveit_core/lib/libmoveit_collision_detection.so
[12.690s] -- Up-to-date: /home/a/ws_moveit2/install/moveit_core/lib/libmoveit_collision_detection_fcl.so.2.5.9
[12.690s] -- Up-to-date: /home/a/ws_moveit2/install/moveit_core/lib/libmoveit_collision_detection_fcl.so
[12.690s] -- Up-to-date: /home/a/ws_moveit2/install/moveit_core/lib/libmoveit_collision_detection_bullet.so.2.5.9
[12.691s] -- Up-to-date: /home/a/ws_moveit2/install/moveit_core/lib/libmoveit_collision_detection_bullet.so
[12.691s] -- Up-to-date: /home/a/ws_moveit2/install/moveit_core/lib/libmoveit_dynamics_solver.so.2.5.9
[12.699s] -- Up-to-date: /home/a/ws_moveit2/install/moveit_core/lib/libmoveit_dynamics_solver.so
[12.700s] -- Up-to-date: /home/a/ws_moveit2/install/moveit_core/lib/libmoveit_constraint_samplers.so.2.5.9
[12.700s] -- Up-to-date: /home/a/ws_moveit2/install/moveit_core/lib/libmoveit_constraint_samplers.so
[12.701s] -- Up-to-date: /home/a/ws_moveit2/install/moveit_core/lib/libmoveit_distance_field.so.2.5.9
[12.701s] -- Up-to-date: /home/a/ws_moveit2/install/moveit_core/lib/libmoveit_distance_field.so
[12.706s] -- Up-to-date: /home/a/ws_moveit2/install/moveit_core/lib/libmoveit_exceptions.so.2.5.9
[12.707s] -- Up-to-date: /home/a/ws_moveit2/install/moveit_core/lib/libmoveit_exceptions.so
[12.707s] -- Up-to-date: /home/a/ws_moveit2/install/moveit_core/lib/libmoveit_kinematics_base.so
[12.719s] -- Up-to-date: /home/a/ws_moveit2/install/moveit_core/lib/libmoveit_kinematic_constraints.so.2.5.9
[12.720s] -- Up-to-date: /home/a/ws_moveit2/install/moveit_core/lib/libmoveit_kinematic_constraints.so
[12.721s] -- Up-to-date: /home/a/ws_moveit2/install/moveit_core/lib/libmoveit_kinematics_metrics.so.2.5.9
[12.724s] -- Up-to-date: /home/a/ws_moveit2/install/moveit_core/lib/libmoveit_kinematics_metrics.so
[12.726s] -- Up-to-date: /home/a/ws_moveit2/install/moveit_core/lib/libmoveit_planning_interface.so.2.5.9
[12.731s] -- Up-to-date: /home/a/ws_moveit2/install/moveit_core/lib/libmoveit_planning_interface.so
[12.734s] -- Up-to-date: /home/a/ws_moveit2/install/moveit_core/lib/libmoveit_planning_scene.so.2.5.9
[12.739s] -- Up-to-date: /home/a/ws_moveit2/install/moveit_core/lib/libmoveit_planning_scene.so
[12.745s] -- Up-to-date: /home/a/ws_moveit2/install/moveit_core/lib/libmoveit_planning_request_adapter.so.2.5.9
[12.747s] -- Up-to-date: /home/a/ws_moveit2/install/moveit_core/lib/libmoveit_planning_request_adapter.so
[12.753s] -- Up-to-date: /home/a/ws_moveit2/install/moveit_core/lib/libmoveit_robot_model.so.2.5.9
[12.755s] -- Up-to-date: /home/a/ws_moveit2/install/moveit_core/lib/libmoveit_robot_model.so
[12.760s] -- Up-to-date: /home/a/ws_moveit2/install/moveit_core/lib/libmoveit_robot_state.so.2.5.9
[12.770s] -- Up-to-date: /home/a/ws_moveit2/install/moveit_core/lib/libmoveit_robot_state.so
[12.771s] -- Up-to-date: /home/a/ws_moveit2/install/moveit_core/lib/libmoveit_robot_trajectory.so.2.5.9
[12.772s] -- Up-to-date: /home/a/ws_moveit2/install/moveit_core/lib/libmoveit_robot_trajectory.so
[12.775s] -- Up-to-date: /home/a/ws_moveit2/install/moveit_core/lib/libmoveit_smoothing_base.so.2.5.9
[12.776s] -- Up-to-date: /home/a/ws_moveit2/install/moveit_core/lib/libmoveit_smoothing_base.so
[12.782s] -- Up-to-date: /home/a/ws_moveit2/install/moveit_core/lib/libmoveit_test_utils.so.2.5.9
[12.783s] -- Up-to-date: /home/a/ws_moveit2/install/moveit_core/lib/libmoveit_test_utils.so
[12.789s] -- Up-to-date: /home/a/ws_moveit2/install/moveit_core/lib/libmoveit_trajectory_processing.so.2.5.9
[12.792s] -- Up-to-date: /home/a/ws_moveit2/install/moveit_core/lib/libmoveit_trajectory_processing.so
[12.793s] -- Up-to-date: /home/a/ws_moveit2/install/moveit_core/lib/libmoveit_transforms.so.2.5.9
[12.796s] -- Up-to-date: /home/a/ws_moveit2/install/moveit_core/lib/libmoveit_transforms.so
[12.797s] -- Up-to-date: /home/a/ws_moveit2/install/moveit_core/lib/libmoveit_utils.so.2.5.9
[12.803s] -- Up-to-date: /home/a/ws_moveit2/install/moveit_core/lib/libmoveit_utils.so
[12.803s] -- Up-to-date: /home/a/ws_moveit2/install/moveit_core/share/moveit_core/environment/library_path.sh
[12.808s] -- Up-to-date: /home/a/ws_moveit2/install/moveit_core/share/moveit_core/environment/library_path.dsv
[12.809s] -- Up-to-date: /home/a/ws_moveit2/install/moveit_core/share/moveit_core/collision_detector_fcl_description.xml
[12.810s] -- Up-to-date: /home/a/ws_moveit2/install/moveit_core/share/moveit_core/collision_detector_bullet_description.xml
[12.812s] -- Up-to-date: /home/a/ws_moveit2/install/moveit_core/share/moveit_core/filter_plugin_butterworth.xml
[12.813s] -- Up-to-date: /home/a/ws_moveit2/install/moveit_core/share/ament_index/resource_index/package_run_dependencies/moveit_core
[12.813s] -- Up-to-date: /home/a/ws_moveit2/install/moveit_core/share/ament_index/resource_index/parent_prefix_path/moveit_core
[12.814s] -- Up-to-date: /home/a/ws_moveit2/install/moveit_core/share/moveit_core/environment/ament_prefix_path.sh
[12.814s] -- Up-to-date: /home/a/ws_moveit2/install/moveit_core/share/moveit_core/environment/ament_prefix_path.dsv
[12.815s] -- Up-to-date: /home/a/ws_moveit2/install/moveit_core/share/moveit_core/environment/path.sh
[12.815s] -- Up-to-date: /home/a/ws_moveit2/install/moveit_core/share/moveit_core/environment/path.dsv
[12.815s] -- Up-to-date: /home/a/ws_moveit2/install/moveit_core/share/moveit_core/local_setup.bash
[12.822s] -- Up-to-date: /home/a/ws_moveit2/install/moveit_core/share/moveit_core/local_setup.sh
[12.823s] -- Up-to-date: /home/a/ws_moveit2/install/moveit_core/share/moveit_core/local_setup.zsh
[12.823s] -- Up-to-date: /home/a/ws_moveit2/install/moveit_core/share/moveit_core/local_setup.dsv
[12.823s] -- Installing: /home/a/ws_moveit2/install/moveit_core/share/moveit_core/package.dsv
[12.824s] -- Up-to-date: /home/a/ws_moveit2/install/moveit_core/share/ament_index/resource_index/packages/moveit_core
[12.824s] -- Up-to-date: /home/a/ws_moveit2/install/moveit_core/share/ament_index/resource_index/moveit_core__pluginlib__plugin/moveit_core
[12.827s] -- Up-to-date: /home/a/ws_moveit2/install/moveit_core/share/moveit_core/cmake/export_moveit_coreExport.cmake
[12.827s] -- Up-to-date: /home/a/ws_moveit2/install/moveit_core/share/moveit_core/cmake/export_moveit_coreExport-release.cmake
[12.828s] -- Up-to-date: /home/a/ws_moveit2/install/moveit_core/share/moveit_core/cmake/ConfigExtras.cmake
[12.828s] -- Up-to-date: /home/a/ws_moveit2/install/moveit_core/share/moveit_core/cmake/ament_cmake_export_targets-extras.cmake
[12.829s] -- Up-to-date: /home/a/ws_moveit2/install/moveit_core/share/moveit_core/cmake/ament_cmake_export_dependencies-extras.cmake
[12.829s] -- Up-to-date: /home/a/ws_moveit2/install/moveit_core/share/moveit_core/cmake/moveit_coreConfig.cmake
[12.835s] -- Up-to-date: /home/a/ws_moveit2/install/moveit_core/share/moveit_core/cmake/moveit_coreConfig-version.cmake
[12.836s] -- Up-to-date: /home/a/ws_moveit2/install/moveit_core/share/moveit_core/package.xml
[12.863s] Invoked command in '/home/a/ws_moveit2/build/moveit_core' returned '0': AMENT_PREFIX_PATH=/home/a/ws_moveit2/install/moveit_resources_panda_moveit_config:/home/a/ws_moveit2/install/srdfdom:/home/a/ws_moveit2/install/moveit_resources_pr2_description:/home/a/ws_moveit2/install/moveit_resources_panda_description:/home/a/ws_moveit2/install/moveit_common:${AMENT_PREFIX_PATH} CMAKE_PREFIX_PATH=/home/a/ws_moveit2/install/moveit_resources_panda_moveit_config:/home/a/ws_moveit2/install/srdfdom:/home/a/ws_moveit2/install/moveit_resources_pr2_description:/home/a/ws_moveit2/install/moveit_resources_panda_description:/home/a/ws_moveit2/install/moveit_common:/opt/ros/humble LD_LIBRARY_PATH=/home/a/ws_moveit2/install/srdfdom/lib:${LD_LIBRARY_PATH} PYTHONPATH=/home/a/ws_moveit2/install/srdfdom/local/lib/python3.10/dist-packages:${PYTHONPATH} /usr/bin/cmake --install /home/a/ws_moveit2/build/moveit_core
