-- Found ament_cmake: 1.3.11 (/opt/ros/humble/share/ament_cmake/cmake)
-- Override CMake install command with custom implementation using symlinks instead of copying resources
-- Found urdf: 2.6.1 (/opt/ros/humble/share/urdf/cmake)
-- Found TinyXML2 via Config file: TinyXML2_DIR-NOTFOUND
-- Found ament_cmake_gtest: 1.3.11 (/opt/ros/humble/share/ament_cmake_gtest/cmake)
-- Found ament_cmake_pytest: 1.3.11 (/opt/ros/humble/share/ament_cmake_pytest/cmake)
-- Found gtest sources under '/opt/ros/humble/src/gtest_vendor': C++ tests using 'Google Test' will be built
-- Found ament_lint_auto: 0.12.12 (/opt/ros/humble/share/ament_lint_auto/cmake)
-- Configuring done (8.5s)
-- Generating done (0.3s)
-- Build files have been written to: /home/a/ws_moveit2/build/srdfdom
[  0%] Built target ament_cmake_python_symlink_srdfdom
[  9%] [32mBuilding CXX object gtest/CMakeFiles/gtest_main.dir/src/gtest_main.cc.o[0m
[ 18%] [32mBuilding CXX object gtest/CMakeFiles/gtest.dir/src/gtest-all.cc.o[0m
[ 27%] [32mBuilding CXX object CMakeFiles/srdfdom.dir/src/model.cpp.o[0m
running egg_info
writing srdfdom.egg-info/PKG-INFO
writing dependency_links to srdfdom.egg-info/dependency_links.txt
writing top-level names to srdfdom.egg-info/top_level.txt
reading manifest file 'srdfdom.egg-info/SOURCES.txt'
writing manifest file 'srdfdom.egg-info/SOURCES.txt'
[ 27%] Built target ament_cmake_python_build_srdfdom_egg
[ 36%] [32mBuilding CXX object CMakeFiles/srdfdom.dir/src/srdf_writer.cpp.o[0m
[ 45%] [32m[1mLinking CXX static library libgtest_main.a[0m
[ 45%] Built target gtest_main
[ 54%] [32m[1mLinking CXX shared library libsrdfdom.so[0m
[ 54%] Built target srdfdom
[ 63%] [32m[1mLinking CXX static library libgtest.a[0m
[ 63%] Built target gtest
[ 72%] [32mBuilding CXX object CMakeFiles/test_cpp_C.dir/test/test_parser.cpp.o[0m
[ 81%] [32m[1mLinking CXX executable test_cpp_C[0m
[ 81%] Built target test_cpp_C
[ 90%] [32mBuilding CXX object CMakeFiles/test_cpp_nl_NL.UTF-8.dir/test/test_parser.cpp.o[0m
[100%] [32m[1mLinking CXX executable test_cpp_nl_NL.UTF-8[0m
[100%] Built target test_cpp_nl_NL.UTF-8
