[0.000000] (-) TimerEvent: {}
[0.000606] (-) JobUnselected: {'identifier': 'blue_seiretu_description'}
[0.000621] (-) JobUnselected: {'identifier': 'catch_gazebo_ros2_control'}
[0.000629] (-) JobUnselected: {'identifier': 'chomp_motion_planner'}
[0.000636] (-) JobUnselected: {'identifier': 'd415_rgb_depth_3d'}
[0.000643] (-) JobUnselected: {'identifier': 'dynamixel_controller'}
[0.000650] (-) JobUnselected: {'identifier': 'dynamixel_controller_client'}
[0.000657] (-) JobUnselected: {'identifier': 'dynamixel_controller_gui'}
[0.000663] (-) JobUnselected: {'identifier': 'dynamixel_sdk'}
[0.000670] (-) JobUnselected: {'identifier': 'dynamixel_sdk_custom_interfaces'}
[0.000677] (-) JobUnselected: {'identifier': 'dynamixel_sdk_examples'}
[0.000684] (-) JobUnselected: {'identifier': 'field_description'}
[0.000771] (-) JobUnselected: {'identifier': 'hello_moveit'}
[0.000780] (-) JobUnselected: {'identifier': 'launch_param_builder'}
[0.000787] (-) JobUnselected: {'identifier': 'mavlink_gui_tester'}
[0.000794] (-) JobUnselected: {'identifier': 'moveit'}
[0.000802] (-) JobUnselected: {'identifier': 'moveit2_tutorials'}
[0.000809] (-) JobUnselected: {'identifier': 'moveit_chomp_optimizer_adapter'}
[0.000817] (-) JobUnselected: {'identifier': 'moveit_common'}
[0.000824] (-) JobUnselected: {'identifier': 'moveit_configs_utils'}
[0.000832] (-) JobUnselected: {'identifier': 'moveit_core'}
[0.000839] (-) JobUnselected: {'identifier': 'moveit_hybrid_planning'}
[0.000846] (-) JobUnselected: {'identifier': 'moveit_kinematics'}
[0.000853] (-) JobUnselected: {'identifier': 'moveit_planners'}
[0.000861] (-) JobUnselected: {'identifier': 'moveit_planners_chomp'}
[0.000868] (-) JobUnselected: {'identifier': 'moveit_planners_ompl'}
[0.000875] (-) JobUnselected: {'identifier': 'moveit_plugins'}
[0.000883] (-) JobUnselected: {'identifier': 'moveit_resources'}
[0.000890] (-) JobUnselected: {'identifier': 'moveit_resources_fanuc_description'}
[0.000897] (-) JobUnselected: {'identifier': 'moveit_resources_fanuc_moveit_config'}
[0.000904] (-) JobUnselected: {'identifier': 'moveit_resources_panda_description'}
[0.000911] (-) JobUnselected: {'identifier': 'moveit_resources_panda_moveit_config'}
[0.000919] (-) JobUnselected: {'identifier': 'moveit_resources_pr2_description'}
[0.000926] (-) JobUnselected: {'identifier': 'moveit_resources_prbt_ikfast_manipulator_plugin'}
[0.000933] (-) JobUnselected: {'identifier': 'moveit_resources_prbt_moveit_config'}
[0.000940] (-) JobUnselected: {'identifier': 'moveit_resources_prbt_pg70_support'}
[0.000947] (-) JobUnselected: {'identifier': 'moveit_resources_prbt_support'}
[0.000954] (-) JobUnselected: {'identifier': 'moveit_ros'}
[0.000961] (-) JobUnselected: {'identifier': 'moveit_ros_benchmarks'}
[0.000969] (-) JobUnselected: {'identifier': 'moveit_ros_control_interface'}
[0.000976] (-) JobUnselected: {'identifier': 'moveit_ros_move_group'}
[0.000983] (-) JobUnselected: {'identifier': 'moveit_ros_occupancy_map_monitor'}
[0.000991] (-) JobUnselected: {'identifier': 'moveit_ros_perception'}
[0.000998] (-) JobUnselected: {'identifier': 'moveit_ros_planning'}
[0.001005] (-) JobUnselected: {'identifier': 'moveit_ros_planning_interface'}
[0.001012] (-) JobUnselected: {'identifier': 'moveit_ros_robot_interaction'}
[0.001019] (-) JobUnselected: {'identifier': 'moveit_ros_visualization'}
[0.001026] (-) JobUnselected: {'identifier': 'moveit_ros_warehouse'}
[0.001034] (-) JobUnselected: {'identifier': 'moveit_runtime'}
[0.001041] (-) JobUnselected: {'identifier': 'moveit_servo'}
[0.001048] (-) JobUnselected: {'identifier': 'moveit_setup_app_plugins'}
[0.001055] (-) JobUnselected: {'identifier': 'moveit_setup_assistant'}
[0.001062] (-) JobUnselected: {'identifier': 'moveit_setup_controllers'}
[0.001069] (-) JobUnselected: {'identifier': 'moveit_setup_core_plugins'}
[0.001076] (-) JobUnselected: {'identifier': 'moveit_setup_framework'}
[0.001083] (-) JobUnselected: {'identifier': 'moveit_setup_srdf_plugins'}
[0.001091] (-) JobUnselected: {'identifier': 'moveit_simple_controller_manager'}
[0.001098] (-) JobUnselected: {'identifier': 'moveit_task_constructor_capabilities'}
[0.001239] (-) JobUnselected: {'identifier': 'moveit_task_constructor_core'}
[0.001376] (-) JobUnselected: {'identifier': 'moveit_task_constructor_demo'}
[0.001384] (-) JobUnselected: {'identifier': 'moveit_task_constructor_msgs'}
[0.001392] (-) JobUnselected: {'identifier': 'moveit_task_constructor_visualization'}
[0.001399] (-) JobUnselected: {'identifier': 'moveit_visual_tools'}
[0.001406] (-) JobUnselected: {'identifier': 'mtc_tutorial'}
[0.001414] (-) JobUnselected: {'identifier': 'object_description'}
[0.001421] (-) JobUnselected: {'identifier': 'pilz_industrial_motion_planner'}
[0.001429] (-) JobUnselected: {'identifier': 'pilz_industrial_motion_planner_testutils'}
[0.001436] (-) JobUnselected: {'identifier': 'realsense2_camera'}
[0.001443] (-) JobUnselected: {'identifier': 'realsense2_camera_msgs'}
[0.001451] (-) JobUnselected: {'identifier': 'realsense2_description'}
[0.001458] (-) JobUnselected: {'identifier': 'realsense2_ros_mqtt_bridge'}
[0.001465] (-) JobUnselected: {'identifier': 'red_seiretu_description'}
[0.001472] (-) JobUnselected: {'identifier': 'robot_config'}
[0.001480] (-) JobUnselected: {'identifier': 'ros_tcp_endpoint'}
[0.001487] (-) JobUnselected: {'identifier': 'rosparam_shortcuts'}
[0.001495] (-) JobUnselected: {'identifier': 'rviz_marker_tools'}
[0.001502] (-) JobUnselected: {'identifier': 'srdfdom'}
[0.001511] (-) JobUnselected: {'identifier': 'stm32_mavlink_interface'}
[0.001522] (-) JobUnselected: {'identifier': 'trac_ik'}
[0.001529] (-) JobUnselected: {'identifier': 'trac_ik_kinematics_plugin'}
[0.001537] (-) JobUnselected: {'identifier': 'trac_ik_lib'}
[0.001544] (-) JobUnselected: {'identifier': 'urdf_0816_description'}
[0.001711] (-) EventReactorShutdown: {}
