[0.009s] Invoking command in '/home/a/ws_moveit2/build/srdfdom': CMAKE_PREFIX_PATH=${CMAKE_PREFIX_PATH}:/home/a/ws_moveit2/install/moveit_configs_utils:/home/a/ws_moveit2/install/launch_param_builder:/home/a/ws_moveit2/install/dynamixel_controller_client:/opt/ros/humble /usr/bin/cmake /home/a/ws_moveit2/src/srdfdom -DCMAKE_INSTALL_PREFIX=/home/a/ws_moveit2/install/srdfdom
[0.059s] -- The CXX compiler identification is GNU 11.4.0
[0.064s] -- Detecting CXX compiler ABI info
[0.121s] -- Detecting CXX compiler ABI info - done
[0.125s] -- Check for working CXX compiler: /usr/bin/c++ - skipped
[0.125s] -- Detecting CXX compile features
[0.126s] -- Detecting CXX compile features - done
[0.132s] -- Found Boost: /usr/lib/x86_64-linux-gnu/cmake/Boost-1.74.0/BoostConfig.cmake (found version "1.74.0")  
[0.138s] -- Found ament_cmake: 1.3.12 (/opt/ros/humble/share/ament_cmake/cmake)
[0.241s] -- Found Python3: /usr/bin/python3 (found version "3.10.12") found components: Interpreter 
[0.299s] -- Found urdf: 2.6.1 (/opt/ros/humble/share/urdf/cmake)
[0.321s] -- Found TinyXML2 via Config file: TinyXML2_DIR-NOTFOUND
[0.373s] -- Found ament_cmake_gtest: 1.3.12 (/opt/ros/humble/share/ament_cmake_gtest/cmake)
[0.374s] -- Found ament_cmake_pytest: 1.3.12 (/opt/ros/humble/share/ament_cmake_pytest/cmake)
[0.550s] -- Found gtest sources under '/opt/ros/humble/src/gtest_vendor': C++ tests using 'Google Test' will be built
[0.581s] -- The C compiler identification is GNU 11.4.0
[0.586s] -- Detecting C compiler ABI info
[0.645s] -- Detecting C compiler ABI info - done
[0.651s] -- Check for working C compiler: /usr/bin/cc - skipped
[0.651s] -- Detecting C compile features
[0.652s] -- Detecting C compile features - done
[0.653s] -- Looking for C++ include pthread.h
[0.723s] -- Looking for C++ include pthread.h - found
[0.723s] -- Performing Test CMAKE_HAVE_LIBC_PTHREAD
[0.785s] -- Performing Test CMAKE_HAVE_LIBC_PTHREAD - Success
[0.786s] -- Found Threads: TRUE  
[0.788s] -- Found ament_lint_auto: 0.12.14 (/opt/ros/humble/share/ament_lint_auto/cmake)
[0.796s] -- Configuring done
[0.802s] -- Generating done
[0.804s] -- Build files have been written to: /home/a/ws_moveit2/build/srdfdom
[0.809s] Invoked command in '/home/a/ws_moveit2/build/srdfdom' returned '0': CMAKE_PREFIX_PATH=${CMAKE_PREFIX_PATH}:/home/a/ws_moveit2/install/moveit_configs_utils:/home/a/ws_moveit2/install/launch_param_builder:/home/a/ws_moveit2/install/dynamixel_controller_client:/opt/ros/humble /usr/bin/cmake /home/a/ws_moveit2/src/srdfdom -DCMAKE_INSTALL_PREFIX=/home/a/ws_moveit2/install/srdfdom
[0.810s] Invoking command in '/home/a/ws_moveit2/build/srdfdom': CMAKE_PREFIX_PATH=${CMAKE_PREFIX_PATH}:/home/a/ws_moveit2/install/moveit_configs_utils:/home/a/ws_moveit2/install/launch_param_builder:/home/a/ws_moveit2/install/dynamixel_controller_client:/opt/ros/humble /usr/bin/cmake --build /home/a/ws_moveit2/build/srdfdom -- -j22 -l22
[0.852s] [  9%] [32mBuilding CXX object CMakeFiles/srdfdom.dir/src/model.cpp.o[0m
[0.852s] [ 18%] [32mBuilding CXX object CMakeFiles/srdfdom.dir/src/srdf_writer.cpp.o[0m
[0.853s] [ 27%] [32mBuilding CXX object gtest/CMakeFiles/gtest_main.dir/src/gtest_main.cc.o[0m
[0.854s] [ 36%] [32mBuilding CXX object gtest/CMakeFiles/gtest.dir/src/gtest-all.cc.o[0m
[0.861s] [ 36%] Built target ament_cmake_python_copy_srdfdom
[1.005s] running egg_info
[1.005s] creating srdfdom.egg-info
[1.006s] writing srdfdom.egg-info/PKG-INFO
[1.006s] writing dependency_links to srdfdom.egg-info/dependency_links.txt
[1.006s] writing top-level names to srdfdom.egg-info/top_level.txt
[1.006s] writing manifest file 'srdfdom.egg-info/SOURCES.txt'
[1.008s] reading manifest file 'srdfdom.egg-info/SOURCES.txt'
[1.008s] writing manifest file 'srdfdom.egg-info/SOURCES.txt'
[1.031s] [ 36%] Built target ament_cmake_python_build_srdfdom_egg
[1.429s] [ 45%] [32m[1mLinking CXX static library libgtest_main.a[0m
[1.461s] [ 45%] Built target gtest_main
[2.082s] [ 54%] [32m[1mLinking CXX shared library libsrdfdom.so[0m
[2.178s] [ 54%] Built target srdfdom
[2.729s] [ 63%] [32m[1mLinking CXX static library libgtest.a[0m
[2.775s] [ 63%] Built target gtest
[2.794s] [ 72%] [32mBuilding CXX object CMakeFiles/test_cpp_C.dir/test/test_parser.cpp.o[0m
[2.794s] [ 81%] [32mBuilding CXX object CMakeFiles/test_cpp_nl_NL.UTF-8.dir/test/test_parser.cpp.o[0m
[3.658s] [ 90%] [32m[1mLinking CXX executable test_cpp_C[0m
[3.673s] [100%] [32m[1mLinking CXX executable test_cpp_nl_NL.UTF-8[0m
[3.755s] [100%] Built target test_cpp_C
[3.763s] [100%] Built target test_cpp_nl_NL.UTF-8
[3.771s] Invoked command in '/home/a/ws_moveit2/build/srdfdom' returned '0': CMAKE_PREFIX_PATH=${CMAKE_PREFIX_PATH}:/home/a/ws_moveit2/install/moveit_configs_utils:/home/a/ws_moveit2/install/launch_param_builder:/home/a/ws_moveit2/install/dynamixel_controller_client:/opt/ros/humble /usr/bin/cmake --build /home/a/ws_moveit2/build/srdfdom -- -j22 -l22
[3.772s] Invoking command in '/home/a/ws_moveit2/build/srdfdom': CMAKE_PREFIX_PATH=${CMAKE_PREFIX_PATH}:/home/a/ws_moveit2/install/moveit_configs_utils:/home/a/ws_moveit2/install/launch_param_builder:/home/a/ws_moveit2/install/dynamixel_controller_client:/opt/ros/humble /usr/bin/cmake --install /home/a/ws_moveit2/build/srdfdom
[3.778s] -- Install configuration: ""
[3.778s] -- Installing: /home/a/ws_moveit2/install/srdfdom/lib/libsrdfdom.so.2.0.7
[3.779s] -- Set runtime path of "/home/a/ws_moveit2/install/srdfdom/lib/libsrdfdom.so.2.0.7" to ""
[3.779s] -- Installing: /home/a/ws_moveit2/install/srdfdom/lib/libsrdfdom.so
[3.779s] -- Installing: /home/a/ws_moveit2/install/srdfdom/include/srdfdom
[3.779s] -- Installing: /home/a/ws_moveit2/install/srdfdom/include/srdfdom/srdfdom
[3.779s] -- Installing: /home/a/ws_moveit2/install/srdfdom/include/srdfdom/srdfdom/srdf_writer.h
[3.779s] -- Installing: /home/a/ws_moveit2/install/srdfdom/include/srdfdom/srdfdom/model.h
[3.779s] -- Installing: /home/a/ws_moveit2/install/srdfdom/include/srdfdom/srdfdom/visibility_control.h
[3.779s] -- Installing: /home/a/ws_moveit2/install/srdfdom/lib/srdfdom/display_srdf
[3.779s] -- Installing: /home/a/ws_moveit2/install/srdfdom/share/srdfdom/environment/pythonpath.sh
[3.780s] -- Installing: /home/a/ws_moveit2/install/srdfdom/share/srdfdom/environment/pythonpath.dsv
[3.780s] -- Installing: /home/a/ws_moveit2/install/srdfdom/local/lib/python3.10/dist-packages/srdfdom-2.0.7-py3.10.egg-info
[3.780s] -- Installing: /home/a/ws_moveit2/install/srdfdom/local/lib/python3.10/dist-packages/srdfdom-2.0.7-py3.10.egg-info/top_level.txt
[3.780s] -- Installing: /home/a/ws_moveit2/install/srdfdom/local/lib/python3.10/dist-packages/srdfdom-2.0.7-py3.10.egg-info/SOURCES.txt
[3.780s] -- Installing: /home/a/ws_moveit2/install/srdfdom/local/lib/python3.10/dist-packages/srdfdom-2.0.7-py3.10.egg-info/PKG-INFO
[3.780s] -- Installing: /home/a/ws_moveit2/install/srdfdom/local/lib/python3.10/dist-packages/srdfdom-2.0.7-py3.10.egg-info/dependency_links.txt
[3.780s] -- Installing: /home/a/ws_moveit2/install/srdfdom/local/lib/python3.10/dist-packages/srdfdom
[3.780s] -- Installing: /home/a/ws_moveit2/install/srdfdom/local/lib/python3.10/dist-packages/srdfdom/srdf.py
[3.780s] -- Installing: /home/a/ws_moveit2/install/srdfdom/local/lib/python3.10/dist-packages/srdfdom/__init__.py
[3.802s] Listing '/home/a/ws_moveit2/install/srdfdom/local/lib/python3.10/dist-packages/srdfdom'...
[3.802s] Compiling '/home/a/ws_moveit2/install/srdfdom/local/lib/python3.10/dist-packages/srdfdom/__init__.py'...
[3.802s] Compiling '/home/a/ws_moveit2/install/srdfdom/local/lib/python3.10/dist-packages/srdfdom/srdf.py'...
[3.804s] -- Installing: /home/a/ws_moveit2/install/srdfdom/share/srdfdom/environment/library_path.sh
[3.804s] -- Installing: /home/a/ws_moveit2/install/srdfdom/share/srdfdom/environment/library_path.dsv
[3.804s] -- Installing: /home/a/ws_moveit2/install/srdfdom/share/ament_index/resource_index/package_run_dependencies/srdfdom
[3.804s] -- Installing: /home/a/ws_moveit2/install/srdfdom/share/ament_index/resource_index/parent_prefix_path/srdfdom
[3.805s] -- Installing: /home/a/ws_moveit2/install/srdfdom/share/srdfdom/environment/ament_prefix_path.sh
[3.805s] -- Installing: /home/a/ws_moveit2/install/srdfdom/share/srdfdom/environment/ament_prefix_path.dsv
[3.805s] -- Installing: /home/a/ws_moveit2/install/srdfdom/share/srdfdom/environment/path.sh
[3.805s] -- Installing: /home/a/ws_moveit2/install/srdfdom/share/srdfdom/environment/path.dsv
[3.805s] -- Installing: /home/a/ws_moveit2/install/srdfdom/share/srdfdom/local_setup.bash
[3.805s] -- Installing: /home/a/ws_moveit2/install/srdfdom/share/srdfdom/local_setup.sh
[3.805s] -- Installing: /home/a/ws_moveit2/install/srdfdom/share/srdfdom/local_setup.zsh
[3.805s] -- Installing: /home/a/ws_moveit2/install/srdfdom/share/srdfdom/local_setup.dsv
[3.805s] -- Installing: /home/a/ws_moveit2/install/srdfdom/share/srdfdom/package.dsv
[3.805s] -- Installing: /home/a/ws_moveit2/install/srdfdom/share/ament_index/resource_index/packages/srdfdom
[3.805s] -- Installing: /home/a/ws_moveit2/install/srdfdom/share/srdfdom/cmake/srdfdomTargetsExport.cmake
[3.805s] -- Installing: /home/a/ws_moveit2/install/srdfdom/share/srdfdom/cmake/srdfdomTargetsExport-noconfig.cmake
[3.805s] -- Installing: /home/a/ws_moveit2/install/srdfdom/share/srdfdom/cmake/ament_cmake_export_targets-extras.cmake
[3.805s] -- Installing: /home/a/ws_moveit2/install/srdfdom/share/srdfdom/cmake/ament_cmake_export_dependencies-extras.cmake
[3.805s] -- Installing: /home/a/ws_moveit2/install/srdfdom/share/srdfdom/cmake/srdfdomConfig.cmake
[3.806s] -- Installing: /home/a/ws_moveit2/install/srdfdom/share/srdfdom/cmake/srdfdomConfig-version.cmake
[3.806s] -- Installing: /home/a/ws_moveit2/install/srdfdom/share/srdfdom/package.xml
[3.807s] Invoked command in '/home/a/ws_moveit2/build/srdfdom' returned '0': CMAKE_PREFIX_PATH=${CMAKE_PREFIX_PATH}:/home/a/ws_moveit2/install/moveit_configs_utils:/home/a/ws_moveit2/install/launch_param_builder:/home/a/ws_moveit2/install/dynamixel_controller_client:/opt/ros/humble /usr/bin/cmake --install /home/a/ws_moveit2/build/srdfdom
