-- Install configuration: "Release"
-- Installing: /home/a/ws_moveit2/install/field_description/share/field_description/meshes
-- Installing: /home/a/ws_moveit2/install/field_description/share/field_description/meshes/base_link.stl
-- Installing: /home/a/ws_moveit2/install/field_description/share/field_description/urdf
-- Installing: /home/a/ws_moveit2/install/field_description/share/field_description/urdf/field.urdf
-- Installing: /home/a/ws_moveit2/install/field_description/share/field_description/urdf/materials.urdf
-- Installing: /home/a/ws_moveit2/install/field_description/share/field_description/urdf/field.trans
-- Installing: /home/a/ws_moveit2/install/field_description/share/field_description/launch
-- Installing: /home/a/ws_moveit2/install/field_description/share/field_description/launch/robot_description.launch.py
-- Installing: /home/a/ws_moveit2/install/field_description/share/ament_index/resource_index/package_run_dependencies/field_description
-- Installing: /home/a/ws_moveit2/install/field_description/share/ament_index/resource_index/parent_prefix_path/field_description
-- Installing: /home/a/ws_moveit2/install/field_description/share/field_description/environment/ament_prefix_path.sh
-- Installing: /home/a/ws_moveit2/install/field_description/share/field_description/environment/ament_prefix_path.dsv
-- Installing: /home/a/ws_moveit2/install/field_description/share/field_description/environment/path.sh
-- Installing: /home/a/ws_moveit2/install/field_description/share/field_description/environment/path.dsv
-- Installing: /home/a/ws_moveit2/install/field_description/share/field_description/local_setup.bash
-- Installing: /home/a/ws_moveit2/install/field_description/share/field_description/local_setup.sh
-- Installing: /home/a/ws_moveit2/install/field_description/share/field_description/local_setup.zsh
-- Installing: /home/a/ws_moveit2/install/field_description/share/field_description/local_setup.dsv
-- Installing: /home/a/ws_moveit2/install/field_description/share/field_description/package.dsv
-- Installing: /home/a/ws_moveit2/install/field_description/share/ament_index/resource_index/packages/field_description
-- Installing: /home/a/ws_moveit2/install/field_description/share/field_description/cmake/field_descriptionConfig.cmake
-- Installing: /home/a/ws_moveit2/install/field_description/share/field_description/cmake/field_descriptionConfig-version.cmake
-- Installing: /home/a/ws_moveit2/install/field_description/share/field_description/package.xml
