[1.874s] Invoking command in '/home/a/ws_moveit2/build/moveit_hybrid_planning': AMENT_PREFIX_PATH=/home/a/ws_moveit2/install/moveit_ros_planning_interface:/home/a/ws_moveit2/install/moveit_ros_move_group:/home/a/ws_moveit2/install/moveit_ros_warehouse:/home/a/ws_moveit2/install/moveit_planners_ompl:/home/a/ws_moveit2/install/moveit_kinematics:/home/a/ws_moveit2/install/moveit_ros_planning:/home/a/ws_moveit2/install/moveit_simple_controller_manager:/home/a/ws_moveit2/install/moveit_ros_occupancy_map_monitor:/home/a/ws_moveit2/install/moveit_core:/home/a/ws_moveit2/install/moveit_resources_panda_moveit_config:/home/a/ws_moveit2/install/moveit_resources_fanuc_moveit_config:/home/a/ws_moveit2/install/moveit_configs_utils:/home/a/ws_moveit2/install/srdfdom:/home/a/ws_moveit2/install/moveit_resources_pr2_description:/home/a/ws_moveit2/install/moveit_resources_panda_description:/home/a/ws_moveit2/install/moveit_resources_fanuc_description:/home/a/ws_moveit2/install/moveit_common:/home/a/ws_moveit2/install/launch_param_builder:${AMENT_PREFIX_PATH} CMAKE_PREFIX_PATH=/home/a/ws_moveit2/install/moveit_ros_planning_interface:/home/a/ws_moveit2/install/moveit_ros_move_group:/home/a/ws_moveit2/install/moveit_ros_warehouse:/home/a/ws_moveit2/install/moveit_planners_ompl:/home/a/ws_moveit2/install/moveit_kinematics:/home/a/ws_moveit2/install/moveit_ros_planning:/home/a/ws_moveit2/install/moveit_simple_controller_manager:/home/a/ws_moveit2/install/moveit_ros_occupancy_map_monitor:/home/a/ws_moveit2/install/moveit_core:/home/a/ws_moveit2/install/moveit_resources_panda_moveit_config:/home/a/ws_moveit2/install/moveit_resources_fanuc_moveit_config:/home/a/ws_moveit2/install/srdfdom:/home/a/ws_moveit2/install/moveit_resources_pr2_description:/home/a/ws_moveit2/install/moveit_resources_panda_description:/home/a/ws_moveit2/install/moveit_resources_fanuc_description:/home/a/ws_moveit2/install/moveit_common:/opt/ros/humble LD_LIBRARY_PATH=/home/a/ws_moveit2/install/moveit_ros_planning_interface/lib:/home/a/ws_moveit2/install/moveit_ros_move_group/lib:/home/a/ws_moveit2/install/moveit_ros_warehouse/lib:/home/a/ws_moveit2/install/moveit_planners_ompl/lib:/home/a/ws_moveit2/install/moveit_kinematics/lib:/home/a/ws_moveit2/install/moveit_ros_planning/lib:/home/a/ws_moveit2/install/moveit_simple_controller_manager/lib:/home/a/ws_moveit2/install/moveit_ros_occupancy_map_monitor/lib:/home/a/ws_moveit2/install/moveit_core/lib:/home/a/ws_moveit2/install/srdfdom/lib:${LD_LIBRARY_PATH} PATH=/home/a/ws_moveit2/install/moveit_core/bin:${PATH} PYTHONPATH=/home/a/ws_moveit2/install/moveit_configs_utils/lib/python3.10/site-packages:/home/a/ws_moveit2/install/srdfdom/local/lib/python3.10/dist-packages:/home/a/ws_moveit2/install/launch_param_builder/lib/python3.10/site-packages:${PYTHONPATH} /usr/bin/cmake --build /home/a/ws_moveit2/build/moveit_hybrid_planning -- -j22 -l22
[3.058s] [ 10%] Built target moveit_global_planner_component
[3.110s] [ 20%] Built target simple_sampler_plugin
[3.117s] [ 30%] Built target forward_trajectory_plugin
[3.163s] [ 40%] Built target moveit_hybrid_planning_manager
[3.320s] [ 50%] Built target moveit_local_planner_component
[3.373s] [ 60%] Built target motion_planning_pipeline_plugin
[4.039s] [ 70%] Built target single_plan_execution_plugin
[4.766s] [ 80%] Built target replan_invalidated_trajectory_plugin
[5.426s] [ 90%] Built target hybrid_planning_demo_node
[5.533s] [100%] Built target cancel_action
[5.644s] Invoked command in '/home/a/ws_moveit2/build/moveit_hybrid_planning' returned '0': AMENT_PREFIX_PATH=/home/a/ws_moveit2/install/moveit_ros_planning_interface:/home/a/ws_moveit2/install/moveit_ros_move_group:/home/a/ws_moveit2/install/moveit_ros_warehouse:/home/a/ws_moveit2/install/moveit_planners_ompl:/home/a/ws_moveit2/install/moveit_kinematics:/home/a/ws_moveit2/install/moveit_ros_planning:/home/a/ws_moveit2/install/moveit_simple_controller_manager:/home/a/ws_moveit2/install/moveit_ros_occupancy_map_monitor:/home/a/ws_moveit2/install/moveit_core:/home/a/ws_moveit2/install/moveit_resources_panda_moveit_config:/home/a/ws_moveit2/install/moveit_resources_fanuc_moveit_config:/home/a/ws_moveit2/install/moveit_configs_utils:/home/a/ws_moveit2/install/srdfdom:/home/a/ws_moveit2/install/moveit_resources_pr2_description:/home/a/ws_moveit2/install/moveit_resources_panda_description:/home/a/ws_moveit2/install/moveit_resources_fanuc_description:/home/a/ws_moveit2/install/moveit_common:/home/a/ws_moveit2/install/launch_param_builder:${AMENT_PREFIX_PATH} CMAKE_PREFIX_PATH=/home/a/ws_moveit2/install/moveit_ros_planning_interface:/home/a/ws_moveit2/install/moveit_ros_move_group:/home/a/ws_moveit2/install/moveit_ros_warehouse:/home/a/ws_moveit2/install/moveit_planners_ompl:/home/a/ws_moveit2/install/moveit_kinematics:/home/a/ws_moveit2/install/moveit_ros_planning:/home/a/ws_moveit2/install/moveit_simple_controller_manager:/home/a/ws_moveit2/install/moveit_ros_occupancy_map_monitor:/home/a/ws_moveit2/install/moveit_core:/home/a/ws_moveit2/install/moveit_resources_panda_moveit_config:/home/a/ws_moveit2/install/moveit_resources_fanuc_moveit_config:/home/a/ws_moveit2/install/srdfdom:/home/a/ws_moveit2/install/moveit_resources_pr2_description:/home/a/ws_moveit2/install/moveit_resources_panda_description:/home/a/ws_moveit2/install/moveit_resources_fanuc_description:/home/a/ws_moveit2/install/moveit_common:/opt/ros/humble LD_LIBRARY_PATH=/home/a/ws_moveit2/install/moveit_ros_planning_interface/lib:/home/a/ws_moveit2/install/moveit_ros_move_group/lib:/home/a/ws_moveit2/install/moveit_ros_warehouse/lib:/home/a/ws_moveit2/install/moveit_planners_ompl/lib:/home/a/ws_moveit2/install/moveit_kinematics/lib:/home/a/ws_moveit2/install/moveit_ros_planning/lib:/home/a/ws_moveit2/install/moveit_simple_controller_manager/lib:/home/a/ws_moveit2/install/moveit_ros_occupancy_map_monitor/lib:/home/a/ws_moveit2/install/moveit_core/lib:/home/a/ws_moveit2/install/srdfdom/lib:${LD_LIBRARY_PATH} PATH=/home/a/ws_moveit2/install/moveit_core/bin:${PATH} PYTHONPATH=/home/a/ws_moveit2/install/moveit_configs_utils/lib/python3.10/site-packages:/home/a/ws_moveit2/install/srdfdom/local/lib/python3.10/dist-packages:/home/a/ws_moveit2/install/launch_param_builder/lib/python3.10/site-packages:${PYTHONPATH} /usr/bin/cmake --build /home/a/ws_moveit2/build/moveit_hybrid_planning -- -j22 -l22
[5.657s] Invoking command in '/home/a/ws_moveit2/build/moveit_hybrid_planning': AMENT_PREFIX_PATH=/home/a/ws_moveit2/install/moveit_ros_planning_interface:/home/a/ws_moveit2/install/moveit_ros_move_group:/home/a/ws_moveit2/install/moveit_ros_warehouse:/home/a/ws_moveit2/install/moveit_planners_ompl:/home/a/ws_moveit2/install/moveit_kinematics:/home/a/ws_moveit2/install/moveit_ros_planning:/home/a/ws_moveit2/install/moveit_simple_controller_manager:/home/a/ws_moveit2/install/moveit_ros_occupancy_map_monitor:/home/a/ws_moveit2/install/moveit_core:/home/a/ws_moveit2/install/moveit_resources_panda_moveit_config:/home/a/ws_moveit2/install/moveit_resources_fanuc_moveit_config:/home/a/ws_moveit2/install/moveit_configs_utils:/home/a/ws_moveit2/install/srdfdom:/home/a/ws_moveit2/install/moveit_resources_pr2_description:/home/a/ws_moveit2/install/moveit_resources_panda_description:/home/a/ws_moveit2/install/moveit_resources_fanuc_description:/home/a/ws_moveit2/install/moveit_common:/home/a/ws_moveit2/install/launch_param_builder:${AMENT_PREFIX_PATH} CMAKE_PREFIX_PATH=/home/a/ws_moveit2/install/moveit_ros_planning_interface:/home/a/ws_moveit2/install/moveit_ros_move_group:/home/a/ws_moveit2/install/moveit_ros_warehouse:/home/a/ws_moveit2/install/moveit_planners_ompl:/home/a/ws_moveit2/install/moveit_kinematics:/home/a/ws_moveit2/install/moveit_ros_planning:/home/a/ws_moveit2/install/moveit_simple_controller_manager:/home/a/ws_moveit2/install/moveit_ros_occupancy_map_monitor:/home/a/ws_moveit2/install/moveit_core:/home/a/ws_moveit2/install/moveit_resources_panda_moveit_config:/home/a/ws_moveit2/install/moveit_resources_fanuc_moveit_config:/home/a/ws_moveit2/install/srdfdom:/home/a/ws_moveit2/install/moveit_resources_pr2_description:/home/a/ws_moveit2/install/moveit_resources_panda_description:/home/a/ws_moveit2/install/moveit_resources_fanuc_description:/home/a/ws_moveit2/install/moveit_common:/opt/ros/humble LD_LIBRARY_PATH=/home/a/ws_moveit2/install/moveit_ros_planning_interface/lib:/home/a/ws_moveit2/install/moveit_ros_move_group/lib:/home/a/ws_moveit2/install/moveit_ros_warehouse/lib:/home/a/ws_moveit2/install/moveit_planners_ompl/lib:/home/a/ws_moveit2/install/moveit_kinematics/lib:/home/a/ws_moveit2/install/moveit_ros_planning/lib:/home/a/ws_moveit2/install/moveit_simple_controller_manager/lib:/home/a/ws_moveit2/install/moveit_ros_occupancy_map_monitor/lib:/home/a/ws_moveit2/install/moveit_core/lib:/home/a/ws_moveit2/install/srdfdom/lib:${LD_LIBRARY_PATH} PATH=/home/a/ws_moveit2/install/moveit_core/bin:${PATH} PYTHONPATH=/home/a/ws_moveit2/install/moveit_configs_utils/lib/python3.10/site-packages:/home/a/ws_moveit2/install/srdfdom/local/lib/python3.10/dist-packages:/home/a/ws_moveit2/install/launch_param_builder/lib/python3.10/site-packages:${PYTHONPATH} /usr/bin/cmake --install /home/a/ws_moveit2/build/moveit_hybrid_planning
[5.890s] -- Install configuration: "Release"
[5.891s] -- Up-to-date: /home/a/ws_moveit2/install/moveit_hybrid_planning/lib/libmoveit_global_planner_component.so.2.5.9
[5.891s] -- Up-to-date: /home/a/ws_moveit2/install/moveit_hybrid_planning/lib/libmoveit_global_planner_component.so
[5.891s] -- Up-to-date: /home/a/ws_moveit2/install/moveit_hybrid_planning/lib/libmoveit_hybrid_planning_manager.so.2.5.9
[5.892s] -- Up-to-date: /home/a/ws_moveit2/install/moveit_hybrid_planning/lib/libmoveit_hybrid_planning_manager.so
[5.898s] -- Up-to-date: /home/a/ws_moveit2/install/moveit_hybrid_planning/lib/libmoveit_local_planner_component.so.2.5.9
[5.899s] -- Up-to-date: /home/a/ws_moveit2/install/moveit_hybrid_planning/lib/libmoveit_local_planner_component.so
[5.899s] -- Up-to-date: /home/a/ws_moveit2/install/moveit_hybrid_planning/lib/libforward_trajectory_plugin.so.2.5.9
[5.900s] -- Up-to-date: /home/a/ws_moveit2/install/moveit_hybrid_planning/lib/libforward_trajectory_plugin.so
[5.900s] -- Up-to-date: /home/a/ws_moveit2/install/moveit_hybrid_planning/lib/libmotion_planning_pipeline_plugin.so.2.5.9
[5.900s] -- Up-to-date: /home/a/ws_moveit2/install/moveit_hybrid_planning/lib/libmotion_planning_pipeline_plugin.so
[5.909s] -- Up-to-date: /home/a/ws_moveit2/install/moveit_hybrid_planning/lib/libreplan_invalidated_trajectory_plugin.so.2.5.9
[5.910s] -- Up-to-date: /home/a/ws_moveit2/install/moveit_hybrid_planning/lib/libreplan_invalidated_trajectory_plugin.so
[5.911s] -- Up-to-date: /home/a/ws_moveit2/install/moveit_hybrid_planning/lib/libsimple_sampler_plugin.so.2.5.9
[5.911s] -- Up-to-date: /home/a/ws_moveit2/install/moveit_hybrid_planning/lib/libsimple_sampler_plugin.so
[5.912s] -- Up-to-date: /home/a/ws_moveit2/install/moveit_hybrid_planning/lib/libsingle_plan_execution_plugin.so.2.5.9
[5.915s] -- Up-to-date: /home/a/ws_moveit2/install/moveit_hybrid_planning/lib/libsingle_plan_execution_plugin.so
[6.033s] -- Up-to-date: /home/a/ws_moveit2/install/moveit_hybrid_planning/lib/moveit_hybrid_planning/cancel_action
[6.231s] -- Up-to-date: /home/a/ws_moveit2/install/moveit_hybrid_planning/lib/moveit_hybrid_planning/hybrid_planning_demo_node
[6.232s] -- Up-to-date: /home/a/ws_moveit2/install/moveit_hybrid_planning/include
[6.232s] -- Up-to-date: /home/a/ws_moveit2/install/moveit_hybrid_planning/include/moveit
[6.233s] -- Up-to-date: /home/a/ws_moveit2/install/moveit_hybrid_planning/include/moveit/global_planner
[6.233s] -- Up-to-date: /home/a/ws_moveit2/install/moveit_hybrid_planning/include/moveit/global_planner/global_planner_component.h
[6.234s] -- Up-to-date: /home/a/ws_moveit2/install/moveit_hybrid_planning/include/moveit/global_planner/global_planner_interface.h
[6.234s] -- Up-to-date: /home/a/ws_moveit2/install/moveit_hybrid_planning/include
[6.242s] -- Up-to-date: /home/a/ws_moveit2/install/moveit_hybrid_planning/include/moveit
[6.243s] -- Up-to-date: /home/a/ws_moveit2/install/moveit_hybrid_planning/include/moveit/global_planner
[6.244s] -- Up-to-date: /home/a/ws_moveit2/install/moveit_hybrid_planning/include/moveit/global_planner/moveit_planning_pipeline.h
[6.244s] -- Up-to-date: /home/a/ws_moveit2/install/moveit_hybrid_planning/include
[6.245s] -- Up-to-date: /home/a/ws_moveit2/install/moveit_hybrid_planning/include/moveit
[6.248s] -- Up-to-date: /home/a/ws_moveit2/install/moveit_hybrid_planning/include/moveit/hybrid_planning_manager
[6.252s] -- Up-to-date: /home/a/ws_moveit2/install/moveit_hybrid_planning/include/moveit/hybrid_planning_manager/planner_logic_interface.h
[6.254s] -- Up-to-date: /home/a/ws_moveit2/install/moveit_hybrid_planning/include/moveit/hybrid_planning_manager/moveit_error_code_interface.h
[6.255s] -- Up-to-date: /home/a/ws_moveit2/install/moveit_hybrid_planning/include/moveit/hybrid_planning_manager/hybrid_planning_manager.h
[6.256s] -- Up-to-date: /home/a/ws_moveit2/install/moveit_hybrid_planning/include/moveit/hybrid_planning_manager/hybrid_planning_events.h
[6.256s] -- Up-to-date: /home/a/ws_moveit2/install/moveit_hybrid_planning/include
[6.262s] -- Up-to-date: /home/a/ws_moveit2/install/moveit_hybrid_planning/include/moveit
[6.262s] -- Up-to-date: /home/a/ws_moveit2/install/moveit_hybrid_planning/include/moveit/planner_logic_plugins
[6.263s] -- Up-to-date: /home/a/ws_moveit2/install/moveit_hybrid_planning/include/moveit/planner_logic_plugins/single_plan_execution.h
[6.267s] -- Up-to-date: /home/a/ws_moveit2/install/moveit_hybrid_planning/include/moveit/planner_logic_plugins/replan_invalidated_trajectory.h
[6.268s] -- Up-to-date: /home/a/ws_moveit2/install/moveit_hybrid_planning/include
[6.282s] -- Up-to-date: /home/a/ws_moveit2/install/moveit_hybrid_planning/include/moveit
[6.283s] -- Up-to-date: /home/a/ws_moveit2/install/moveit_hybrid_planning/include/moveit/local_planner
[6.283s] -- Up-to-date: /home/a/ws_moveit2/install/moveit_hybrid_planning/include/moveit/local_planner/local_planner_component.h
[6.308s] -- Up-to-date: /home/a/ws_moveit2/install/moveit_hybrid_planning/include/moveit/local_planner/trajectory_operator_interface.h
[6.308s] -- Up-to-date: /home/a/ws_moveit2/install/moveit_hybrid_planning/include/moveit/local_planner/feedback_types.h
[6.309s] -- Up-to-date: /home/a/ws_moveit2/install/moveit_hybrid_planning/include/moveit/local_planner/local_constraint_solver_interface.h
[6.310s] -- Up-to-date: /home/a/ws_moveit2/install/moveit_hybrid_planning/include
[6.310s] -- Up-to-date: /home/a/ws_moveit2/install/moveit_hybrid_planning/include/moveit
[6.310s] -- Up-to-date: /home/a/ws_moveit2/install/moveit_hybrid_planning/include/moveit/trajectory_operator_plugins
[6.311s] -- Up-to-date: /home/a/ws_moveit2/install/moveit_hybrid_planning/include/moveit/trajectory_operator_plugins/simple_sampler.h
[6.317s] -- Up-to-date: /home/a/ws_moveit2/install/moveit_hybrid_planning/include
[6.318s] -- Up-to-date: /home/a/ws_moveit2/install/moveit_hybrid_planning/include/moveit
[6.318s] -- Up-to-date: /home/a/ws_moveit2/install/moveit_hybrid_planning/include/moveit/local_constraint_solver_plugins
[6.319s] -- Up-to-date: /home/a/ws_moveit2/install/moveit_hybrid_planning/include/moveit/local_constraint_solver_plugins/forward_trajectory.h
[6.319s] -- Up-to-date: /home/a/ws_moveit2/install/moveit_hybrid_planning/share/moveit_hybrid_planning/launch
[6.320s] -- Up-to-date: /home/a/ws_moveit2/install/moveit_hybrid_planning/share/moveit_hybrid_planning/launch/test_basic_integration.test.py
[6.320s] -- Up-to-date: /home/a/ws_moveit2/install/moveit_hybrid_planning/share/moveit_hybrid_planning/launch/hybrid_planning_common.py
[6.321s] -- Up-to-date: /home/a/ws_moveit2/install/moveit_hybrid_planning/share/moveit_hybrid_planning/launch/hybrid_planning_demo.launch.py
[6.321s] -- Up-to-date: /home/a/ws_moveit2/install/moveit_hybrid_planning/share/moveit_hybrid_planning/config
[6.322s] -- Up-to-date: /home/a/ws_moveit2/install/moveit_hybrid_planning/share/moveit_hybrid_planning/config/global_planner.yaml
[6.323s] -- Up-to-date: /home/a/ws_moveit2/install/moveit_hybrid_planning/share/moveit_hybrid_planning/config/local_planner.yaml
[6.323s] -- Up-to-date: /home/a/ws_moveit2/install/moveit_hybrid_planning/share/moveit_hybrid_planning/config/hybrid_planning_demo.rviz
[6.327s] -- Up-to-date: /home/a/ws_moveit2/install/moveit_hybrid_planning/share/moveit_hybrid_planning/config/demo_controller.yaml
[6.328s] -- Up-to-date: /home/a/ws_moveit2/install/moveit_hybrid_planning/share/moveit_hybrid_planning/config/hybrid_planning_manager.yaml
[6.328s] -- Up-to-date: /home/a/ws_moveit2/install/moveit_hybrid_planning/share/moveit_hybrid_planning/config/common_hybrid_planning_params.yaml
[6.329s] -- Up-to-date: /home/a/ws_moveit2/install/moveit_hybrid_planning/share/moveit_hybrid_planning/single_plan_execution_plugin.xml
[6.329s] -- Up-to-date: /home/a/ws_moveit2/install/moveit_hybrid_planning/share/moveit_hybrid_planning/moveit_planning_pipeline_plugin.xml
[6.334s] -- Up-to-date: /home/a/ws_moveit2/install/moveit_hybrid_planning/share/moveit_hybrid_planning/simple_sampler_plugin.xml
[6.334s] -- Up-to-date: /home/a/ws_moveit2/install/moveit_hybrid_planning/share/moveit_hybrid_planning/replan_invalidated_trajectory_plugin.xml
[6.335s] -- Up-to-date: /home/a/ws_moveit2/install/moveit_hybrid_planning/share/moveit_hybrid_planning/forward_trajectory_plugin.xml
[6.336s] -- Up-to-date: /home/a/ws_moveit2/install/moveit_hybrid_planning/share/moveit_hybrid_planning/environment/library_path.sh
[6.336s] -- Up-to-date: /home/a/ws_moveit2/install/moveit_hybrid_planning/share/moveit_hybrid_planning/environment/library_path.dsv
[6.337s] -- Up-to-date: /home/a/ws_moveit2/install/moveit_hybrid_planning/share/ament_index/resource_index/package_run_dependencies/moveit_hybrid_planning
[6.340s] -- Up-to-date: /home/a/ws_moveit2/install/moveit_hybrid_planning/share/ament_index/resource_index/parent_prefix_path/moveit_hybrid_planning
[6.340s] -- Up-to-date: /home/a/ws_moveit2/install/moveit_hybrid_planning/share/moveit_hybrid_planning/environment/ament_prefix_path.sh
[6.341s] -- Up-to-date: /home/a/ws_moveit2/install/moveit_hybrid_planning/share/moveit_hybrid_planning/environment/ament_prefix_path.dsv
[6.341s] -- Up-to-date: /home/a/ws_moveit2/install/moveit_hybrid_planning/share/moveit_hybrid_planning/environment/path.sh
[6.342s] -- Up-to-date: /home/a/ws_moveit2/install/moveit_hybrid_planning/share/moveit_hybrid_planning/environment/path.dsv
[6.382s] -- Up-to-date: /home/a/ws_moveit2/install/moveit_hybrid_planning/share/moveit_hybrid_planning/local_setup.bash
[6.382s] -- Up-to-date: /home/a/ws_moveit2/install/moveit_hybrid_planning/share/moveit_hybrid_planning/local_setup.sh
[6.383s] -- Up-to-date: /home/a/ws_moveit2/install/moveit_hybrid_planning/share/moveit_hybrid_planning/local_setup.zsh
[6.383s] -- Up-to-date: /home/a/ws_moveit2/install/moveit_hybrid_planning/share/moveit_hybrid_planning/local_setup.dsv
[6.384s] -- Installing: /home/a/ws_moveit2/install/moveit_hybrid_planning/share/moveit_hybrid_planning/package.dsv
[6.384s] -- Up-to-date: /home/a/ws_moveit2/install/moveit_hybrid_planning/share/ament_index/resource_index/packages/moveit_hybrid_planning
[6.388s] -- Up-to-date: /home/a/ws_moveit2/install/moveit_hybrid_planning/share/ament_index/resource_index/moveit_hybrid_planning__pluginlib__plugin/moveit_hybrid_planning
[6.389s] -- Up-to-date: /home/a/ws_moveit2/install/moveit_hybrid_planning/share/ament_index/resource_index/rclcpp_components/moveit_hybrid_planning
[6.390s] -- Up-to-date: /home/a/ws_moveit2/install/moveit_hybrid_planning/share/moveit_hybrid_planning/cmake/export_moveit_hybrid_planningExport.cmake
[6.394s] -- Up-to-date: /home/a/ws_moveit2/install/moveit_hybrid_planning/share/moveit_hybrid_planning/cmake/export_moveit_hybrid_planningExport-release.cmake
[6.397s] -- Up-to-date: /home/a/ws_moveit2/install/moveit_hybrid_planning/share/moveit_hybrid_planning/cmake/ament_cmake_export_include_directories-extras.cmake
[6.400s] -- Up-to-date: /home/a/ws_moveit2/install/moveit_hybrid_planning/share/moveit_hybrid_planning/cmake/ament_cmake_export_libraries-extras.cmake
[6.400s] -- Up-to-date: /home/a/ws_moveit2/install/moveit_hybrid_planning/share/moveit_hybrid_planning/cmake/ament_cmake_export_dependencies-extras.cmake
[6.414s] -- Up-to-date: /home/a/ws_moveit2/install/moveit_hybrid_planning/share/moveit_hybrid_planning/cmake/ament_cmake_export_targets-extras.cmake
[6.415s] -- Up-to-date: /home/a/ws_moveit2/install/moveit_hybrid_planning/share/moveit_hybrid_planning/cmake/moveit_hybrid_planningConfig.cmake
[6.416s] -- Up-to-date: /home/a/ws_moveit2/install/moveit_hybrid_planning/share/moveit_hybrid_planning/cmake/moveit_hybrid_planningConfig-version.cmake
[6.435s] -- Up-to-date: /home/a/ws_moveit2/install/moveit_hybrid_planning/share/moveit_hybrid_planning/package.xml
[6.641s] Invoked command in '/home/a/ws_moveit2/build/moveit_hybrid_planning' returned '0': AMENT_PREFIX_PATH=/home/a/ws_moveit2/install/moveit_ros_planning_interface:/home/a/ws_moveit2/install/moveit_ros_move_group:/home/a/ws_moveit2/install/moveit_ros_warehouse:/home/a/ws_moveit2/install/moveit_planners_ompl:/home/a/ws_moveit2/install/moveit_kinematics:/home/a/ws_moveit2/install/moveit_ros_planning:/home/a/ws_moveit2/install/moveit_simple_controller_manager:/home/a/ws_moveit2/install/moveit_ros_occupancy_map_monitor:/home/a/ws_moveit2/install/moveit_core:/home/a/ws_moveit2/install/moveit_resources_panda_moveit_config:/home/a/ws_moveit2/install/moveit_resources_fanuc_moveit_config:/home/a/ws_moveit2/install/moveit_configs_utils:/home/a/ws_moveit2/install/srdfdom:/home/a/ws_moveit2/install/moveit_resources_pr2_description:/home/a/ws_moveit2/install/moveit_resources_panda_description:/home/a/ws_moveit2/install/moveit_resources_fanuc_description:/home/a/ws_moveit2/install/moveit_common:/home/a/ws_moveit2/install/launch_param_builder:${AMENT_PREFIX_PATH} CMAKE_PREFIX_PATH=/home/a/ws_moveit2/install/moveit_ros_planning_interface:/home/a/ws_moveit2/install/moveit_ros_move_group:/home/a/ws_moveit2/install/moveit_ros_warehouse:/home/a/ws_moveit2/install/moveit_planners_ompl:/home/a/ws_moveit2/install/moveit_kinematics:/home/a/ws_moveit2/install/moveit_ros_planning:/home/a/ws_moveit2/install/moveit_simple_controller_manager:/home/a/ws_moveit2/install/moveit_ros_occupancy_map_monitor:/home/a/ws_moveit2/install/moveit_core:/home/a/ws_moveit2/install/moveit_resources_panda_moveit_config:/home/a/ws_moveit2/install/moveit_resources_fanuc_moveit_config:/home/a/ws_moveit2/install/srdfdom:/home/a/ws_moveit2/install/moveit_resources_pr2_description:/home/a/ws_moveit2/install/moveit_resources_panda_description:/home/a/ws_moveit2/install/moveit_resources_fanuc_description:/home/a/ws_moveit2/install/moveit_common:/opt/ros/humble LD_LIBRARY_PATH=/home/a/ws_moveit2/install/moveit_ros_planning_interface/lib:/home/a/ws_moveit2/install/moveit_ros_move_group/lib:/home/a/ws_moveit2/install/moveit_ros_warehouse/lib:/home/a/ws_moveit2/install/moveit_planners_ompl/lib:/home/a/ws_moveit2/install/moveit_kinematics/lib:/home/a/ws_moveit2/install/moveit_ros_planning/lib:/home/a/ws_moveit2/install/moveit_simple_controller_manager/lib:/home/a/ws_moveit2/install/moveit_ros_occupancy_map_monitor/lib:/home/a/ws_moveit2/install/moveit_core/lib:/home/a/ws_moveit2/install/srdfdom/lib:${LD_LIBRARY_PATH} PATH=/home/a/ws_moveit2/install/moveit_core/bin:${PATH} PYTHONPATH=/home/a/ws_moveit2/install/moveit_configs_utils/lib/python3.10/site-packages:/home/a/ws_moveit2/install/srdfdom/local/lib/python3.10/dist-packages:/home/a/ws_moveit2/install/launch_param_builder/lib/python3.10/site-packages:${PYTHONPATH} /usr/bin/cmake --install /home/a/ws_moveit2/build/moveit_hybrid_planning
