[1.309s] Invoking command in '/home/a/ws_moveit2/src/dynamixel_ros2/dynamixel_controller_client': PYTHONPATH=/home/a/ws_moveit2/build/dynamixel_controller_client/prefix_override:/usr/lib/python3/dist-packages/colcon_core/task/python/colcon_distutils_commands:/home/a/ws_moveit2/install/dynamixel_controller_client/lib/python3.10/site-packages:${PYTHONPATH} /usr/bin/python3 -W ignore:setup.py install is deprecated -W ignore:easy_install command is deprecated setup.py egg_info --egg-base ../../../build/dynamixel_controller_client build --build-base /home/a/ws_moveit2/build/dynamixel_controller_client/build install --record /home/a/ws_moveit2/build/dynamixel_controller_client/install.log --single-version-externally-managed install_data
[1.920s] running egg_info
[1.921s] writing ../../../build/dynamixel_controller_client/dynamixel_controller_client.egg-info/PKG-INFO
[1.922s] writing dependency_links to ../../../build/dynamixel_controller_client/dynamixel_controller_client.egg-info/dependency_links.txt
[1.922s] writing entry points to ../../../build/dynamixel_controller_client/dynamixel_controller_client.egg-info/entry_points.txt
[1.922s] writing requirements to ../../../build/dynamixel_controller_client/dynamixel_controller_client.egg-info/requires.txt
[1.922s] writing top-level names to ../../../build/dynamixel_controller_client/dynamixel_controller_client.egg-info/top_level.txt
[1.928s] reading manifest file '../../../build/dynamixel_controller_client/dynamixel_controller_client.egg-info/SOURCES.txt'
[1.930s] writing manifest file '../../../build/dynamixel_controller_client/dynamixel_controller_client.egg-info/SOURCES.txt'
[1.930s] running build
[1.930s] running build_py
[1.930s] copying dynamixel_controller_client/dynamixel_controller_client_node.py -> /home/a/ws_moveit2/build/dynamixel_controller_client/build/lib/dynamixel_controller_client
[1.931s] running install
[1.932s] running install_lib
[1.934s] copying /home/a/ws_moveit2/build/dynamixel_controller_client/build/lib/dynamixel_controller_client/dynamixel_controller_client_node.py -> /home/a/ws_moveit2/install/dynamixel_controller_client/lib/python3.10/site-packages/dynamixel_controller_client
[1.935s] byte-compiling /home/a/ws_moveit2/install/dynamixel_controller_client/lib/python3.10/site-packages/dynamixel_controller_client/dynamixel_controller_client_node.py to dynamixel_controller_client_node.cpython-310.pyc
[1.940s] running install_data
[1.940s] running install_egg_info
[1.944s] removing '/home/a/ws_moveit2/install/dynamixel_controller_client/lib/python3.10/site-packages/dynamixel_controller_client-0.0.0-py3.10.egg-info' (and everything under it)
[1.945s] Copying ../../../build/dynamixel_controller_client/dynamixel_controller_client.egg-info to /home/a/ws_moveit2/install/dynamixel_controller_client/lib/python3.10/site-packages/dynamixel_controller_client-0.0.0-py3.10.egg-info
[1.947s] running install_scripts
[2.000s] Installing dynamixel_controller_client_node script to /home/a/ws_moveit2/install/dynamixel_controller_client/lib/dynamixel_controller_client
[2.000s] writing list of installed files to '/home/a/ws_moveit2/build/dynamixel_controller_client/install.log'
[2.049s] Invoked command in '/home/a/ws_moveit2/src/dynamixel_ros2/dynamixel_controller_client' returned '0': PYTHONPATH=/home/a/ws_moveit2/build/dynamixel_controller_client/prefix_override:/usr/lib/python3/dist-packages/colcon_core/task/python/colcon_distutils_commands:/home/a/ws_moveit2/install/dynamixel_controller_client/lib/python3.10/site-packages:${PYTHONPATH} /usr/bin/python3 -W ignore:setup.py install is deprecated -W ignore:easy_install command is deprecated setup.py egg_info --egg-base ../../../build/dynamixel_controller_client build --build-base /home/a/ws_moveit2/build/dynamixel_controller_client/build install --record /home/a/ws_moveit2/build/dynamixel_controller_client/install.log --single-version-externally-managed install_data
