[0.079s] Invoking command in '/home/a/ws_moveit2/build/0525_arm_description': CMAKE_PREFIX_PATH=${CMAKE_PREFIX_PATH}:/home/a/ws_moveit2/install/moveit_configs_utils:/home/a/ws_moveit2/install/launch_param_builder:/opt/ros/humble /opt/st/stm32cubeclt_1.17.0/CMake/bin/cmake --build /home/a/ws_moveit2/build/0525_arm_description -- -j4 -l4
[0.170s] Invoked command in '/home/a/ws_moveit2/build/0525_arm_description' returned '0': CMAKE_PREFIX_PATH=${CMAKE_PREFIX_PATH}:/home/a/ws_moveit2/install/moveit_configs_utils:/home/a/ws_moveit2/install/launch_param_builder:/opt/ros/humble /opt/st/stm32cubeclt_1.17.0/CMake/bin/cmake --build /home/a/ws_moveit2/build/0525_arm_description -- -j4 -l4
[0.195s] Invoking command in '/home/a/ws_moveit2/build/0525_arm_description': CMAKE_PREFIX_PATH=${CMAKE_PREFIX_PATH}:/home/a/ws_moveit2/install/moveit_configs_utils:/home/a/ws_moveit2/install/launch_param_builder:/opt/ros/humble /opt/st/stm32cubeclt_1.17.0/CMake/bin/cmake --install /home/a/ws_moveit2/build/0525_arm_description
[0.206s] -- Install configuration: ""
[0.207s] -- Up-to-date: /home/a/ws_moveit2/install/0525_arm_description/share/0525_arm_description/meshes
[0.208s] -- Up-to-date: /home/a/ws_moveit2/install/0525_arm_description/share/0525_arm_description/meshes/link1_1.stl
[0.209s] -- Up-to-date: /home/a/ws_moveit2/install/0525_arm_description/share/0525_arm_description/meshes/link3_1.stl
[0.210s] -- Up-to-date: /home/a/ws_moveit2/install/0525_arm_description/share/0525_arm_description/meshes/base_link.stl
[0.211s] -- Up-to-date: /home/a/ws_moveit2/install/0525_arm_description/share/0525_arm_description/meshes/left_finger_1.stl
[0.214s] -- Up-to-date: /home/a/ws_moveit2/install/0525_arm_description/share/0525_arm_description/meshes/link6_1.stl
[0.218s] -- Up-to-date: /home/a/ws_moveit2/install/0525_arm_description/share/0525_arm_description/meshes/link4_1.stl
[0.218s] -- Up-to-date: /home/a/ws_moveit2/install/0525_arm_description/share/0525_arm_description/meshes/EndEffector_1.stl
[0.223s] -- Up-to-date: /home/a/ws_moveit2/install/0525_arm_description/share/0525_arm_description/meshes/right_finger_1.stl
[0.224s] -- Up-to-date: /home/a/ws_moveit2/install/0525_arm_description/share/0525_arm_description/meshes/link5_1.stl
[0.224s] -- Up-to-date: /home/a/ws_moveit2/install/0525_arm_description/share/0525_arm_description/meshes/link2_1.stl
[0.225s] -- Up-to-date: /home/a/ws_moveit2/install/0525_arm_description/share/0525_arm_description/urdf
[0.231s] -- Up-to-date: /home/a/ws_moveit2/install/0525_arm_description/share/0525_arm_description/urdf/0525_arm.trans
[0.234s] -- Installing: /home/a/ws_moveit2/install/0525_arm_description/share/0525_arm_description/urdf/0525_arm.urdf
[0.236s] -- Up-to-date: /home/a/ws_moveit2/install/0525_arm_description/share/0525_arm_description/urdf/materials.urdf
[0.237s] -- Up-to-date: /home/a/ws_moveit2/install/0525_arm_description/share/0525_arm_description/launch
[0.237s] -- Up-to-date: /home/a/ws_moveit2/install/0525_arm_description/share/0525_arm_description/launch/robot_description.launch.py
[0.238s] -- Up-to-date: /home/a/ws_moveit2/install/0525_arm_description/share/ament_index/resource_index/package_run_dependencies/0525_arm_description
[0.238s] -- Up-to-date: /home/a/ws_moveit2/install/0525_arm_description/share/ament_index/resource_index/parent_prefix_path/0525_arm_description
[0.243s] -- Up-to-date: /home/a/ws_moveit2/install/0525_arm_description/share/0525_arm_description/environment/ament_prefix_path.sh
[0.245s] -- Up-to-date: /home/a/ws_moveit2/install/0525_arm_description/share/0525_arm_description/environment/ament_prefix_path.dsv
[0.247s] -- Up-to-date: /home/a/ws_moveit2/install/0525_arm_description/share/0525_arm_description/environment/path.sh
[0.254s] -- Up-to-date: /home/a/ws_moveit2/install/0525_arm_description/share/0525_arm_description/environment/path.dsv
[0.255s] -- Up-to-date: /home/a/ws_moveit2/install/0525_arm_description/share/0525_arm_description/local_setup.bash
[0.256s] -- Up-to-date: /home/a/ws_moveit2/install/0525_arm_description/share/0525_arm_description/local_setup.sh
[0.257s] -- Up-to-date: /home/a/ws_moveit2/install/0525_arm_description/share/0525_arm_description/local_setup.zsh
[0.259s] -- Up-to-date: /home/a/ws_moveit2/install/0525_arm_description/share/0525_arm_description/local_setup.dsv
[0.260s] -- Installing: /home/a/ws_moveit2/install/0525_arm_description/share/0525_arm_description/package.dsv
[0.261s] -- Up-to-date: /home/a/ws_moveit2/install/0525_arm_description/share/ament_index/resource_index/packages/0525_arm_description
[0.264s] -- Up-to-date: /home/a/ws_moveit2/install/0525_arm_description/share/0525_arm_description/cmake/0525_arm_descriptionConfig.cmake
[0.265s] -- Up-to-date: /home/a/ws_moveit2/install/0525_arm_description/share/0525_arm_description/cmake/0525_arm_descriptionConfig-version.cmake
[0.266s] -- Up-to-date: /home/a/ws_moveit2/install/0525_arm_description/share/0525_arm_description/package.xml
[0.271s] Invoked command in '/home/a/ws_moveit2/build/0525_arm_description' returned '0': CMAKE_PREFIX_PATH=${CMAKE_PREFIX_PATH}:/home/a/ws_moveit2/install/moveit_configs_utils:/home/a/ws_moveit2/install/launch_param_builder:/opt/ros/humble /opt/st/stm32cubeclt_1.17.0/CMake/bin/cmake --install /home/a/ws_moveit2/build/0525_arm_description
