[01m[K/home/a/ws_moveit2/src/robot_config/src/move_to_pose_dual_cpp.cpp:[m[K In member function ‘[01m[Kvoid MoveToPoseDualCpp::check_for_grasp_attachment(const string&)[m[K’:
[01m[K/home/a/ws_moveit2/src/robot_config/src/move_to_pose_dual_cpp.cpp:708:63:[m[K [01;31m[Kerror: [m[Kno matching function for call to ‘[01m[Kcollision_detection::World::addToObject(const string&, __gnu_cxx::__alloc_traits<std::allocator<shape_msgs::msg::SolidPrimitive_<std::allocator<void> > >, shape_msgs::msg::SolidPrimitive_<std::allocator<void> > >::value_type&, __gnu_cxx::__alloc_traits<std::allocator<geometry_msgs::msg::Pose_<std::allocator<void> > >, geometry_msgs::msg::Pose_<std::allocator<void> > >::value_type&)[m[K’
  708 |                 [01;31m[Kplanning_scene.getWorldNonConst()->addToObject(obj_name, collision_obj.primitives[0], collision_obj.primitive_poses[0])[m[K;
      |                 [01;31m[K~~~~~~~~~~~~~~~~~~~~~~~~~~~~~~~~~~~~~~~~~~~~~~^~~~~~~~~~~~~~~~~~~~~~~~~~~~~~~~~~~~~~~~~~~~~~~~~~~~~~~~~~~~~~~~~~~~~~~~~[m[K
In file included from [01m[K/home/a/ws_moveit2/install/moveit_core/include/moveit/collision_detection/collision_env.h:44[m[K,
                 from [01m[K/home/a/ws_moveit2/install/moveit_core/include/moveit/collision_detection/collision_detector_allocator.h:39[m[K,
                 from [01m[K/home/a/ws_moveit2/install/moveit_core/include/moveit/planning_scene/planning_scene.h:42[m[K,
                 from [01m[K/home/a/ws_moveit2/install/moveit_ros_planning/include/moveit/planning_scene_monitor/planning_scene_monitor.h:43[m[K,
                 from [01m[K/home/a/ws_moveit2/src/robot_config/src/move_to_pose_dual_cpp.cpp:11[m[K:
[01m[K/home/a/ws_moveit2/install/moveit_core/include/moveit/collision_detection/world.h:181:8:[m[K [01;36m[Knote: [m[Kcandidate: ‘[01m[Kvoid collision_detection::World::addToObject(const string&, const Isometry3d&, const std::vector<std::shared_ptr<const shapes::Shape> >&, const vector_Isometry3d&)[m[K’
  181 |   void [01;36m[KaddToObject[m[K(const std::string& object_id, const Eigen::Isometry3d& pose,
      |        [01;36m[K^~~~~~~~~~~[m[K
[01m[K/home/a/ws_moveit2/install/moveit_core/include/moveit/collision_detection/world.h:181:8:[m[K [01;36m[Knote: [m[K  candidate expects 4 arguments, 3 provided
[01m[K/home/a/ws_moveit2/install/moveit_core/include/moveit/collision_detection/world.h:187:8:[m[K [01;36m[Knote: [m[Kcandidate: ‘[01m[Kvoid collision_detection::World::addToObject(const string&, const std::vector<std::shared_ptr<const shapes::Shape> >&, const vector_Isometry3d&)[m[K’
  187 |   void [01;36m[KaddToObject[m[K(const std::string& object_id, const std::vector<shapes::ShapeConstPtr>& shapes,
      |        [01;36m[K^~~~~~~~~~~[m[K
[01m[K/home/a/ws_moveit2/install/moveit_core/include/moveit/collision_detection/world.h:187:92:[m[K [01;36m[Knote: [m[K  no known conversion for argument 2 from ‘[01m[K__gnu_cxx::__alloc_traits<std::allocator<shape_msgs::msg::SolidPrimitive_<std::allocator<void> > >, shape_msgs::msg::SolidPrimitive_<std::allocator<void> > >::value_type[m[K’ {aka ‘[01m[Kshape_msgs::msg::SolidPrimitive_<std::allocator<void> >[m[K’} to ‘[01m[Kconst std::vector<std::shared_ptr<const shapes::Shape> >&[m[K’
  187 |   void addToObject(const std::string& object_id, [01;36m[Kconst std::vector<shapes::ShapeConstPtr>& shapes[m[K,
      |                                                  [01;36m[K~~~~~~~~~~~~~~~~~~~~~~~~~~~~~~~~~~~~~~~~~~^~~~~~[m[K
[01m[K/home/a/ws_moveit2/install/moveit_core/include/moveit/collision_detection/world.h:198:8:[m[K [01;36m[Knote: [m[Kcandidate: ‘[01m[Kvoid collision_detection::World::addToObject(const string&, const Isometry3d&, const ShapeConstPtr&, const Isometry3d&)[m[K’
  198 |   void [01;36m[KaddToObject[m[K(const std::string& object_id, const Eigen::Isometry3d& pose, const shapes::ShapeConstPtr& shape,
      |        [01;36m[K^~~~~~~~~~~[m[K
[01m[K/home/a/ws_moveit2/install/moveit_core/include/moveit/collision_detection/world.h:198:8:[m[K [01;36m[Knote: [m[K  candidate expects 4 arguments, 3 provided
[01m[K/home/a/ws_moveit2/install/moveit_core/include/moveit/collision_detection/world.h:209:8:[m[K [01;36m[Knote: [m[Kcandidate: ‘[01m[Kvoid collision_detection::World::addToObject(const string&, const ShapeConstPtr&, const Isometry3d&)[m[K’
  209 |   void [01;36m[KaddToObject[m[K(const std::string& object_id, const shapes::ShapeConstPtr& shape, const Eigen::Isometry3d& shape_pose)
      |        [01;36m[K^~~~~~~~~~~[m[K
[01m[K/home/a/ws_moveit2/install/moveit_core/include/moveit/collision_detection/world.h:209:79:[m[K [01;36m[Knote: [m[K  no known conversion for argument 2 from ‘[01m[K__gnu_cxx::__alloc_traits<std::allocator<shape_msgs::msg::SolidPrimitive_<std::allocator<void> > >, shape_msgs::msg::SolidPrimitive_<std::allocator<void> > >::value_type[m[K’ {aka ‘[01m[Kshape_msgs::msg::SolidPrimitive_<std::allocator<void> >[m[K’} to ‘[01m[Kconst ShapeConstPtr&[m[K’ {aka ‘[01m[Kconst std::shared_ptr<const shapes::Shape>&[m[K’}
  209 |   void addToObject(const std::string& object_id, [01;36m[Kconst shapes::ShapeConstPtr& shape[m[K, const Eigen::Isometry3d& shape_pose)
      |                                                  [01;36m[K~~~~~~~~~~~~~~~~~~~~~~~~~~~~~^~~~~[m[K
gmake[2]: *** [CMakeFiles/move_to_pose_dual_cpp.dir/build.make:76: CMakeFiles/move_to_pose_dual_cpp.dir/src/move_to_pose_dual_cpp.cpp.o] Error 1
gmake[1]: *** [CMakeFiles/Makefile2:193: CMakeFiles/move_to_pose_dual_cpp.dir/all] Error 2
gmake: *** [Makefile:146: all] Error 2
