[0.047s] Invoking command in '/home/a/ws_moveit2/build/moveit_common': CMAKE_PREFIX_PATH=/opt/ros/humble /usr/bin/cmake --build /home/a/ws_moveit2/build/moveit_common -- -j22 -l22
[0.992s] Invoked command in '/home/a/ws_moveit2/build/moveit_common' returned '0': CMAKE_PREFIX_PATH=/opt/ros/humble /usr/bin/cmake --build /home/a/ws_moveit2/build/moveit_common -- -j22 -l22
[0.999s] Invoking command in '/home/a/ws_moveit2/build/moveit_common': CMAKE_PREFIX_PATH=/opt/ros/humble /usr/bin/cmake --install /home/a/ws_moveit2/build/moveit_common
[1.042s] -- Install configuration: "Release"
[1.043s] -- Up-to-date: /home/a/ws_moveit2/install/moveit_common/share/ament_index/resource_index/package_run_dependencies/moveit_common
[1.045s] -- Up-to-date: /home/a/ws_moveit2/install/moveit_common/share/ament_index/resource_index/parent_prefix_path/moveit_common
[1.045s] -- Up-to-date: /home/a/ws_moveit2/install/moveit_common/share/moveit_common/environment/ament_prefix_path.sh
[1.045s] -- Up-to-date: /home/a/ws_moveit2/install/moveit_common/share/moveit_common/environment/ament_prefix_path.dsv
[1.045s] -- Up-to-date: /home/a/ws_moveit2/install/moveit_common/share/moveit_common/environment/path.sh
[1.045s] -- Up-to-date: /home/a/ws_moveit2/install/moveit_common/share/moveit_common/environment/path.dsv
[1.045s] -- Up-to-date: /home/a/ws_moveit2/install/moveit_common/share/moveit_common/local_setup.bash
[1.045s] -- Up-to-date: /home/a/ws_moveit2/install/moveit_common/share/moveit_common/local_setup.sh
[1.045s] -- Up-to-date: /home/a/ws_moveit2/install/moveit_common/share/moveit_common/local_setup.zsh
[1.045s] -- Up-to-date: /home/a/ws_moveit2/install/moveit_common/share/moveit_common/local_setup.dsv
[1.046s] -- Installing: /home/a/ws_moveit2/install/moveit_common/share/moveit_common/package.dsv
[1.046s] -- Up-to-date: /home/a/ws_moveit2/install/moveit_common/share/ament_index/resource_index/packages/moveit_common
[1.046s] -- Up-to-date: /home/a/ws_moveit2/install/moveit_common/share/moveit_common/cmake/moveit_common-extras.cmake
[1.046s] -- Up-to-date: /home/a/ws_moveit2/install/moveit_common/share/moveit_common/cmake/moveit_commonConfig.cmake
[1.046s] -- Up-to-date: /home/a/ws_moveit2/install/moveit_common/share/moveit_common/cmake/moveit_commonConfig-version.cmake
[1.046s] -- Up-to-date: /home/a/ws_moveit2/install/moveit_common/share/moveit_common/package.xml
[1.046s] -- Up-to-date: /home/a/ws_moveit2/install/moveit_common/share/moveit_common/cmake
[1.046s] -- Up-to-date: /home/a/ws_moveit2/install/moveit_common/share/moveit_common/cmake/moveit_package.cmake
[1.160s] Invoked command in '/home/a/ws_moveit2/build/moveit_common' returned '0': CMAKE_PREFIX_PATH=/opt/ros/humble /usr/bin/cmake --install /home/a/ws_moveit2/build/moveit_common
