-- Install configuration: ""
-- Up-to-date: /home/a/ws_moveit2/install/catch_gazebo_control/share/catch_gazebo_control//urdf
-- Up-to-date: /home/a/ws_moveit2/install/catch_gazebo_control/share/catch_gazebo_control//urdf/0525_arm.trans
-- Up-to-date: /home/a/ws_moveit2/install/catch_gazebo_control/share/catch_gazebo_control//urdf/0525_arm.urdf
-- Up-to-date: /home/a/ws_moveit2/install/catch_gazebo_control/share/catch_gazebo_control//urdf/materials.urdf
-- Up-to-date: /home/a/ws_moveit2/install/catch_gazebo_control/share/catch_gazebo_control//launch
-- Installing: /home/a/ws_moveit2/install/catch_gazebo_control/share/catch_gazebo_control//launch/gazebo.launch.py
-- Up-to-date: /home/a/ws_moveit2/install/catch_gazebo_control/share/catch_gazebo_control//worlds
-- Up-to-date: /home/a/ws_moveit2/install/catch_gazebo_control/share/catch_gazebo_control//worlds/basic.world
-- Up-to-date: /home/a/ws_moveit2/install/catch_gazebo_control/share/catch_gazebo_control//config
-- Up-to-date: /home/a/ws_moveit2/install/catch_gazebo_control/share/catch_gazebo_control//config/ros2_controllers.yaml
-- Up-to-date: /home/a/ws_moveit2/install/catch_gazebo_control/share/ament_index/resource_index/package_run_dependencies/catch_gazebo_control
-- Up-to-date: /home/a/ws_moveit2/install/catch_gazebo_control/share/ament_index/resource_index/parent_prefix_path/catch_gazebo_control
-- Up-to-date: /home/a/ws_moveit2/install/catch_gazebo_control/share/catch_gazebo_control/environment/ament_prefix_path.sh
-- Up-to-date: /home/a/ws_moveit2/install/catch_gazebo_control/share/catch_gazebo_control/environment/ament_prefix_path.dsv
-- Up-to-date: /home/a/ws_moveit2/install/catch_gazebo_control/share/catch_gazebo_control/environment/path.sh
-- Up-to-date: /home/a/ws_moveit2/install/catch_gazebo_control/share/catch_gazebo_control/environment/path.dsv
-- Up-to-date: /home/a/ws_moveit2/install/catch_gazebo_control/share/catch_gazebo_control/local_setup.bash
-- Up-to-date: /home/a/ws_moveit2/install/catch_gazebo_control/share/catch_gazebo_control/local_setup.sh
-- Up-to-date: /home/a/ws_moveit2/install/catch_gazebo_control/share/catch_gazebo_control/local_setup.zsh
-- Up-to-date: /home/a/ws_moveit2/install/catch_gazebo_control/share/catch_gazebo_control/local_setup.dsv
-- Installing: /home/a/ws_moveit2/install/catch_gazebo_control/share/catch_gazebo_control/package.dsv
-- Up-to-date: /home/a/ws_moveit2/install/catch_gazebo_control/share/ament_index/resource_index/packages/catch_gazebo_control
-- Up-to-date: /home/a/ws_moveit2/install/catch_gazebo_control/share/catch_gazebo_control/cmake/catch_gazebo_controlConfig.cmake
-- Up-to-date: /home/a/ws_moveit2/install/catch_gazebo_control/share/catch_gazebo_control/cmake/catch_gazebo_controlConfig-version.cmake
-- Up-to-date: /home/a/ws_moveit2/install/catch_gazebo_control/share/catch_gazebo_control/package.xml
