[0.085s] Invoking command in '/home/a/ws_moveit2/build/catch_gazebo_control': CMAKE_PREFIX_PATH=${CMAKE_PREFIX_PATH}:/home/a/ws_moveit2/install/moveit_configs_utils:/home/a/ws_moveit2/install/launch_param_builder:/opt/ros/humble /opt/st/stm32cubeclt_1.17.0/CMake/bin/cmake --build /home/a/ws_moveit2/build/catch_gazebo_control -- -j4 -l4
[0.197s] Invoked command in '/home/a/ws_moveit2/build/catch_gazebo_control' returned '0': CMAKE_PREFIX_PATH=${CMAKE_PREFIX_PATH}:/home/a/ws_moveit2/install/moveit_configs_utils:/home/a/ws_moveit2/install/launch_param_builder:/opt/ros/humble /opt/st/stm32cubeclt_1.17.0/CMake/bin/cmake --build /home/a/ws_moveit2/build/catch_gazebo_control -- -j4 -l4
[0.230s] Invoking command in '/home/a/ws_moveit2/build/catch_gazebo_control': CMAKE_PREFIX_PATH=${CMAKE_PREFIX_PATH}:/home/a/ws_moveit2/install/moveit_configs_utils:/home/a/ws_moveit2/install/launch_param_builder:/opt/ros/humble /opt/st/stm32cubeclt_1.17.0/CMake/bin/cmake --install /home/a/ws_moveit2/build/catch_gazebo_control
[0.242s] -- Install configuration: ""
[0.244s] -- Up-to-date: /home/a/ws_moveit2/install/catch_gazebo_control/share/catch_gazebo_control//urdf
[0.244s] -- Up-to-date: /home/a/ws_moveit2/install/catch_gazebo_control/share/catch_gazebo_control//urdf/0525_arm.trans
[0.244s] -- Up-to-date: /home/a/ws_moveit2/install/catch_gazebo_control/share/catch_gazebo_control//urdf/0525_arm.urdf
[0.245s] -- Up-to-date: /home/a/ws_moveit2/install/catch_gazebo_control/share/catch_gazebo_control//urdf/materials.urdf
[0.245s] -- Up-to-date: /home/a/ws_moveit2/install/catch_gazebo_control/share/catch_gazebo_control//launch
[0.247s] -- Installing: /home/a/ws_moveit2/install/catch_gazebo_control/share/catch_gazebo_control//launch/gazebo.launch.py
[0.248s] -- Up-to-date: /home/a/ws_moveit2/install/catch_gazebo_control/share/catch_gazebo_control//worlds
[0.249s] -- Up-to-date: /home/a/ws_moveit2/install/catch_gazebo_control/share/catch_gazebo_control//worlds/basic.world
[0.250s] -- Up-to-date: /home/a/ws_moveit2/install/catch_gazebo_control/share/catch_gazebo_control//config
[0.251s] -- Up-to-date: /home/a/ws_moveit2/install/catch_gazebo_control/share/catch_gazebo_control//config/ros2_controllers.yaml
[0.252s] -- Up-to-date: /home/a/ws_moveit2/install/catch_gazebo_control/share/ament_index/resource_index/package_run_dependencies/catch_gazebo_control
[0.252s] -- Up-to-date: /home/a/ws_moveit2/install/catch_gazebo_control/share/ament_index/resource_index/parent_prefix_path/catch_gazebo_control
[0.252s] -- Up-to-date: /home/a/ws_moveit2/install/catch_gazebo_control/share/catch_gazebo_control/environment/ament_prefix_path.sh
[0.253s] -- Up-to-date: /home/a/ws_moveit2/install/catch_gazebo_control/share/catch_gazebo_control/environment/ament_prefix_path.dsv
[0.253s] -- Up-to-date: /home/a/ws_moveit2/install/catch_gazebo_control/share/catch_gazebo_control/environment/path.sh
[0.255s] -- Up-to-date: /home/a/ws_moveit2/install/catch_gazebo_control/share/catch_gazebo_control/environment/path.dsv
[0.255s] -- Up-to-date: /home/a/ws_moveit2/install/catch_gazebo_control/share/catch_gazebo_control/local_setup.bash
[0.256s] -- Up-to-date: /home/a/ws_moveit2/install/catch_gazebo_control/share/catch_gazebo_control/local_setup.sh
[0.256s] -- Up-to-date: /home/a/ws_moveit2/install/catch_gazebo_control/share/catch_gazebo_control/local_setup.zsh
[0.256s] -- Up-to-date: /home/a/ws_moveit2/install/catch_gazebo_control/share/catch_gazebo_control/local_setup.dsv
[0.256s] -- Installing: /home/a/ws_moveit2/install/catch_gazebo_control/share/catch_gazebo_control/package.dsv
[0.256s] -- Up-to-date: /home/a/ws_moveit2/install/catch_gazebo_control/share/ament_index/resource_index/packages/catch_gazebo_control
[0.257s] -- Up-to-date: /home/a/ws_moveit2/install/catch_gazebo_control/share/catch_gazebo_control/cmake/catch_gazebo_controlConfig.cmake
[0.258s] -- Up-to-date: /home/a/ws_moveit2/install/catch_gazebo_control/share/catch_gazebo_control/cmake/catch_gazebo_controlConfig-version.cmake
[0.259s] -- Up-to-date: /home/a/ws_moveit2/install/catch_gazebo_control/share/catch_gazebo_control/package.xml
[0.262s] Invoked command in '/home/a/ws_moveit2/build/catch_gazebo_control' returned '0': CMAKE_PREFIX_PATH=${CMAKE_PREFIX_PATH}:/home/a/ws_moveit2/install/moveit_configs_utils:/home/a/ws_moveit2/install/launch_param_builder:/opt/ros/humble /opt/st/stm32cubeclt_1.17.0/CMake/bin/cmake --install /home/a/ws_moveit2/build/catch_gazebo_control
