In file included from [01m[K/opt/ros/humble/include/rclcpp/rclcpp/logging.hpp:24[m[K,
                 from [01m[K/opt/ros/humble/include/rclcpp/rclcpp/client.hpp:40[m[K,
                 from [01m[K/opt/ros/humble/include/rclcpp/rclcpp/callback_group.hpp:24[m[K,
                 from [01m[K/opt/ros/humble/include/rclcpp/rclcpp/any_executable.hpp:20[m[K,
                 from [01m[K/opt/ros/humble/include/rclcpp/rclcpp/memory_strategy.hpp:25[m[K,
                 from [01m[K/opt/ros/humble/include/rclcpp/rclcpp/memory_strategies.hpp:18[m[K,
                 from [01m[K/opt/ros/humble/include/rclcpp/rclcpp/executor_options.hpp:20[m[K,
                 from [01m[K/opt/ros/humble/include/rclcpp/rclcpp/executor.hpp:37[m[K,
                 from [01m[K/opt/ros/humble/include/rclcpp/rclcpp/executors/multi_threaded_executor.hpp:25[m[K,
                 from [01m[K/opt/ros/humble/include/rclcpp/rclcpp/executors.hpp:21[m[K,
                 from [01m[K/opt/ros/humble/include/rclcpp/rclcpp/rclcpp.hpp:155[m[K,
                 from [01m[K/home/a/ws_moveit2/src/robot_config/src/move_to_pose_dual_cpp.cpp:1[m[K:
[01m[K/home/a/ws_moveit2/src/robot_config/src/move_to_pose_dual_cpp.cpp:[m[K In lambda function:
[01m[K/home/a/ws_moveit2/src/robot_config/src/move_to_pose_dual_cpp.cpp:1272:99:[m[K [01;31m[Kerror: [m[K‘[01m[Kmovement_type[m[K’ is not captured
 1272 | LCPP_INFO(this->get_logger(), "%s arm planning successful for %s", arm.c_str(), [01;31m[Kmovement_type[m[K.c_str());
      |                                                                                 [01;31m[K^~~~~~~~~~~~~[m[K

[01m[K/home/a/ws_moveit2/src/robot_config/src/move_to_pose_dual_cpp.cpp:1261:30:[m[K [01;36m[Knote: [m[Kthe lambda has no capture-default
 1261 |         auto plan_one = [this[01;36m[K][m[K(std::shared_ptr<moveit::planning_interface::MoveGroupInterface> mgi,
      |                              [01;36m[K^[m[K
[01m[K/home/a/ws_moveit2/src/robot_config/src/move_to_pose_dual_cpp.cpp:1246:57:[m[K [01;36m[Knote: [m[K‘[01m[Kconst string& movement_type[m[K’ declared here
 1246 |                                      [01;36m[Kconst std::string& movement_type[m[K)
      |                                      [01;36m[K~~~~~~~~~~~~~~~~~~~^~~~~~~~~~~~~[m[K
In file included from [01m[K/opt/ros/humble/include/rclcpp/rclcpp/logging.hpp:24[m[K,
                 from [01m[K/opt/ros/humble/include/rclcpp/rclcpp/client.hpp:40[m[K,
                 from [01m[K/opt/ros/humble/include/rclcpp/rclcpp/callback_group.hpp:24[m[K,
                 from [01m[K/opt/ros/humble/include/rclcpp/rclcpp/any_executable.hpp:20[m[K,
                 from [01m[K/opt/ros/humble/include/rclcpp/rclcpp/memory_strategy.hpp:25[m[K,
                 from [01m[K/opt/ros/humble/include/rclcpp/rclcpp/memory_strategies.hpp:18[m[K,
                 from [01m[K/opt/ros/humble/include/rclcpp/rclcpp/executor_options.hpp:20[m[K,
                 from [01m[K/opt/ros/humble/include/rclcpp/rclcpp/executor.hpp:37[m[K,
                 from [01m[K/opt/ros/humble/include/rclcpp/rclcpp/executors/multi_threaded_executor.hpp:25[m[K,
                 from [01m[K/opt/ros/humble/include/rclcpp/rclcpp/executors.hpp:21[m[K,
                 from [01m[K/opt/ros/humble/include/rclcpp/rclcpp/rclcpp.hpp:155[m[K,
                 from [01m[K/home/a/ws_moveit2/src/robot_config/src/move_to_pose_dual_cpp.cpp:1[m[K:
[01m[K/home/a/ws_moveit2/src/robot_config/src/move_to_pose_dual_cpp.cpp:1275:95:[m[K [01;31m[Kerror: [m[K‘[01m[Kmovement_type[m[K’ is not captured
 1275 |   RCLCPP_WARN(this->get_logger(), "%s arm planning failed for %s", arm.c_str(), [01;31m[Kmovement_type[m[K.c_str());
      |                                                                                 [01;31m[K^~~~~~~~~~~~~[m[K

[01m[K/home/a/ws_moveit2/src/robot_config/src/move_to_pose_dual_cpp.cpp:1261:30:[m[K [01;36m[Knote: [m[Kthe lambda has no capture-default
 1261 |         auto plan_one = [this[01;36m[K][m[K(std::shared_ptr<moveit::planning_interface::MoveGroupInterface> mgi,
      |                              [01;36m[K^[m[K
[01m[K/home/a/ws_moveit2/src/robot_config/src/move_to_pose_dual_cpp.cpp:1246:57:[m[K [01;36m[Knote: [m[K‘[01m[Kconst string& movement_type[m[K’ declared here
 1246 |                                      [01;36m[Kconst std::string& movement_type[m[K)
      |                                      [01;36m[K~~~~~~~~~~~~~~~~~~~^~~~~~~~~~~~~[m[K
gmake[2]: *** [CMakeFiles/move_to_pose_dual_cpp.dir/build.make:76: CMakeFiles/move_to_pose_dual_cpp.dir/src/move_to_pose_dual_cpp.cpp.o] Error 1
gmake[1]: *** [CMakeFiles/Makefile2:141: CMakeFiles/move_to_pose_dual_cpp.dir/all] Error 2
gmake: *** [Makefile:146: all] Error 2
