[0.061s] Invoking command in '/home/a/ws_moveit2/build/0525_arm_description': CMAKE_PREFIX_PATH=${CMAKE_PREFIX_PATH}:/home/a/ws_moveit2/install/moveit_configs_utils:/home/a/ws_moveit2/install/launch_param_builder:/opt/ros/humble /opt/st/stm32cubeclt_1.17.0/CMake/bin/cmake --build /home/a/ws_moveit2/build/0525_arm_description -- -j4 -l4
[0.158s] Invoked command in '/home/a/ws_moveit2/build/0525_arm_description' returned '0': CMAKE_PREFIX_PATH=${CMAKE_PREFIX_PATH}:/home/a/ws_moveit2/install/moveit_configs_utils:/home/a/ws_moveit2/install/launch_param_builder:/opt/ros/humble /opt/st/stm32cubeclt_1.17.0/CMake/bin/cmake --build /home/a/ws_moveit2/build/0525_arm_description -- -j4 -l4
[0.179s] Invoking command in '/home/a/ws_moveit2/build/0525_arm_description': CMAKE_PREFIX_PATH=${CMAKE_PREFIX_PATH}:/home/a/ws_moveit2/install/moveit_configs_utils:/home/a/ws_moveit2/install/launch_param_builder:/opt/ros/humble /opt/st/stm32cubeclt_1.17.0/CMake/bin/cmake --install /home/a/ws_moveit2/build/0525_arm_description
[0.192s] -- Install configuration: ""
[0.193s] -- Up-to-date: /home/a/ws_moveit2/install/0525_arm_description/share/0525_arm_description/meshes
[0.194s] -- Up-to-date: /home/a/ws_moveit2/install/0525_arm_description/share/0525_arm_description/meshes/link1_1.stl
[0.196s] -- Up-to-date: /home/a/ws_moveit2/install/0525_arm_description/share/0525_arm_description/meshes/link3_1.stl
[0.197s] -- Up-to-date: /home/a/ws_moveit2/install/0525_arm_description/share/0525_arm_description/meshes/base_link.stl
[0.197s] -- Up-to-date: /home/a/ws_moveit2/install/0525_arm_description/share/0525_arm_description/meshes/left_finger_1.stl
[0.198s] -- Up-to-date: /home/a/ws_moveit2/install/0525_arm_description/share/0525_arm_description/meshes/link6_1.stl
[0.199s] -- Up-to-date: /home/a/ws_moveit2/install/0525_arm_description/share/0525_arm_description/meshes/link4_1.stl
[0.199s] -- Up-to-date: /home/a/ws_moveit2/install/0525_arm_description/share/0525_arm_description/meshes/EndEffector_1.stl
[0.200s] -- Up-to-date: /home/a/ws_moveit2/install/0525_arm_description/share/0525_arm_description/meshes/right_finger_1.stl
[0.200s] -- Up-to-date: /home/a/ws_moveit2/install/0525_arm_description/share/0525_arm_description/meshes/link5_1.stl
[0.200s] -- Up-to-date: /home/a/ws_moveit2/install/0525_arm_description/share/0525_arm_description/meshes/link2_1.stl
[0.201s] -- Up-to-date: /home/a/ws_moveit2/install/0525_arm_description/share/0525_arm_description/urdf
[0.202s] -- Up-to-date: /home/a/ws_moveit2/install/0525_arm_description/share/0525_arm_description/urdf/0525_arm.trans
[0.202s] -- Installing: /home/a/ws_moveit2/install/0525_arm_description/share/0525_arm_description/urdf/0525_arm.urdf
[0.204s] -- Up-to-date: /home/a/ws_moveit2/install/0525_arm_description/share/0525_arm_description/urdf/materials.urdf
[0.206s] -- Up-to-date: /home/a/ws_moveit2/install/0525_arm_description/share/0525_arm_description/launch
[0.206s] -- Up-to-date: /home/a/ws_moveit2/install/0525_arm_description/share/0525_arm_description/launch/robot_description.launch.py
[0.209s] -- Up-to-date: /home/a/ws_moveit2/install/0525_arm_description/share/ament_index/resource_index/package_run_dependencies/0525_arm_description
[0.209s] -- Up-to-date: /home/a/ws_moveit2/install/0525_arm_description/share/ament_index/resource_index/parent_prefix_path/0525_arm_description
[0.210s] -- Up-to-date: /home/a/ws_moveit2/install/0525_arm_description/share/0525_arm_description/environment/ament_prefix_path.sh
[0.211s] -- Up-to-date: /home/a/ws_moveit2/install/0525_arm_description/share/0525_arm_description/environment/ament_prefix_path.dsv
[0.212s] -- Up-to-date: /home/a/ws_moveit2/install/0525_arm_description/share/0525_arm_description/environment/path.sh
[0.212s] -- Up-to-date: /home/a/ws_moveit2/install/0525_arm_description/share/0525_arm_description/environment/path.dsv
[0.213s] -- Up-to-date: /home/a/ws_moveit2/install/0525_arm_description/share/0525_arm_description/local_setup.bash
[0.214s] -- Up-to-date: /home/a/ws_moveit2/install/0525_arm_description/share/0525_arm_description/local_setup.sh
[0.215s] -- Up-to-date: /home/a/ws_moveit2/install/0525_arm_description/share/0525_arm_description/local_setup.zsh
[0.218s] -- Up-to-date: /home/a/ws_moveit2/install/0525_arm_description/share/0525_arm_description/local_setup.dsv
[0.219s] -- Installing: /home/a/ws_moveit2/install/0525_arm_description/share/0525_arm_description/package.dsv
[0.220s] -- Up-to-date: /home/a/ws_moveit2/install/0525_arm_description/share/ament_index/resource_index/packages/0525_arm_description
[0.220s] -- Up-to-date: /home/a/ws_moveit2/install/0525_arm_description/share/0525_arm_description/cmake/0525_arm_descriptionConfig.cmake
[0.221s] -- Up-to-date: /home/a/ws_moveit2/install/0525_arm_description/share/0525_arm_description/cmake/0525_arm_descriptionConfig-version.cmake
[0.222s] -- Up-to-date: /home/a/ws_moveit2/install/0525_arm_description/share/0525_arm_description/package.xml
[0.223s] Invoked command in '/home/a/ws_moveit2/build/0525_arm_description' returned '0': CMAKE_PREFIX_PATH=${CMAKE_PREFIX_PATH}:/home/a/ws_moveit2/install/moveit_configs_utils:/home/a/ws_moveit2/install/launch_param_builder:/opt/ros/humble /opt/st/stm32cubeclt_1.17.0/CMake/bin/cmake --install /home/a/ws_moveit2/build/0525_arm_description
