[0.207s] Invoking command in '/home/a/ws_moveit2/build/0525_arm_description': CMAKE_PREFIX_PATH=/opt/ros/humble /usr/bin/cmake /home/a/ws_moveit2/src/0525_arm_description-20250707T055749Z-1-001/0525_arm_description -DCMAKE_INSTALL_PREFIX=/home/a/ws_moveit2/install/0525_arm_description
[0.575s] -- Found ament_cmake: 1.3.12 (/opt/ros/humble/share/ament_cmake/cmake)
[0.575s] -- Found urdf: 2.6.1 (/opt/ros/humble/share/urdf/cmake)
[0.575s] -- Configuring done
[0.575s] -- Generating done
[0.575s] -- Build files have been written to: /home/a/ws_moveit2/build/0525_arm_description
[0.575s] WARNING: Package name "0525_arm_description" does not follow the naming conventions. It should start with a lower case letter and only contain lower case letters, digits, underscores, and dashes.
[0.598s] Invoked command in '/home/a/ws_moveit2/build/0525_arm_description' returned '0': CMAKE_PREFIX_PATH=/opt/ros/humble /usr/bin/cmake /home/a/ws_moveit2/src/0525_arm_description-20250707T055749Z-1-001/0525_arm_description -DCMAKE_INSTALL_PREFIX=/home/a/ws_moveit2/install/0525_arm_description
[0.599s] Invoking command in '/home/a/ws_moveit2/build/0525_arm_description': CMAKE_PREFIX_PATH=/opt/ros/humble /usr/bin/cmake --build /home/a/ws_moveit2/build/0525_arm_description -- -j22 -l22
[0.705s] Invoked command in '/home/a/ws_moveit2/build/0525_arm_description' returned '0': CMAKE_PREFIX_PATH=/opt/ros/humble /usr/bin/cmake --build /home/a/ws_moveit2/build/0525_arm_description -- -j22 -l22
[0.707s] Invoking command in '/home/a/ws_moveit2/build/0525_arm_description': CMAKE_PREFIX_PATH=/opt/ros/humble /usr/bin/cmake --install /home/a/ws_moveit2/build/0525_arm_description
[0.712s] -- Install configuration: "Release"
[0.712s] -- Up-to-date: /home/a/ws_moveit2/install/0525_arm_description/share/0525_arm_description/meshes
[0.712s] -- Up-to-date: /home/a/ws_moveit2/install/0525_arm_description/share/0525_arm_description/urdf
[0.712s] -- Up-to-date: /home/a/ws_moveit2/install/0525_arm_description/share/0525_arm_description/launch
[0.712s] -- Up-to-date: /home/a/ws_moveit2/install/0525_arm_description/share/0525_arm_description/launch/robot_description.launch.py
[0.712s] -- Up-to-date: /home/a/ws_moveit2/install/0525_arm_description/share/ament_index/resource_index/package_run_dependencies/0525_arm_description
[0.712s] -- Installing: /home/a/ws_moveit2/install/0525_arm_description/share/ament_index/resource_index/parent_prefix_path/0525_arm_description
[0.712s] -- Up-to-date: /home/a/ws_moveit2/install/0525_arm_description/share/0525_arm_description/environment/ament_prefix_path.sh
[0.712s] -- Installing: /home/a/ws_moveit2/install/0525_arm_description/share/0525_arm_description/environment/ament_prefix_path.dsv
[0.713s] -- Up-to-date: /home/a/ws_moveit2/install/0525_arm_description/share/0525_arm_description/environment/path.sh
[0.713s] -- Installing: /home/a/ws_moveit2/install/0525_arm_description/share/0525_arm_description/environment/path.dsv
[0.713s] -- Up-to-date: /home/a/ws_moveit2/install/0525_arm_description/share/0525_arm_description/local_setup.bash
[0.713s] -- Up-to-date: /home/a/ws_moveit2/install/0525_arm_description/share/0525_arm_description/local_setup.sh
[0.713s] -- Up-to-date: /home/a/ws_moveit2/install/0525_arm_description/share/0525_arm_description/local_setup.zsh
[0.713s] -- Installing: /home/a/ws_moveit2/install/0525_arm_description/share/0525_arm_description/local_setup.dsv
[0.713s] -- Installing: /home/a/ws_moveit2/install/0525_arm_description/share/0525_arm_description/package.dsv
[0.713s] -- Up-to-date: /home/a/ws_moveit2/install/0525_arm_description/share/ament_index/resource_index/packages/0525_arm_description
[0.713s] -- Up-to-date: /home/a/ws_moveit2/install/0525_arm_description/share/0525_arm_description/cmake/0525_arm_descriptionConfig.cmake
[0.713s] -- Up-to-date: /home/a/ws_moveit2/install/0525_arm_description/share/0525_arm_description/cmake/0525_arm_descriptionConfig-version.cmake
[0.713s] -- Up-to-date: /home/a/ws_moveit2/install/0525_arm_description/share/0525_arm_description/package.xml
[0.770s] Invoked command in '/home/a/ws_moveit2/build/0525_arm_description' returned '0': CMAKE_PREFIX_PATH=/opt/ros/humble /usr/bin/cmake --install /home/a/ws_moveit2/build/0525_arm_description
