[0.000000] (-) TimerEvent: {}
[0.002029] (-) JobUnselected: {'identifier': '0525_arm_description'}
[0.002391] (-) JobUnselected: {'identifier': 'cacth_gazebo_control'}
[0.002526] (-) JobUnselected: {'identifier': 'chomp_motion_planner'}
[0.002628] (-) JobUnselected: {'identifier': 'hello_moveit'}
[0.002743] (-) JobUnselected: {'identifier': 'launch_param_builder'}
[0.002806] (-) JobUnselected: {'identifier': 'moveit'}
[0.002847] (-) JobUnselected: {'identifier': 'moveit2_tutorials'}
[0.002921] (-) JobUnselected: {'identifier': 'moveit_chomp_optimizer_adapter'}
[0.003040] (-) JobUnselected: {'identifier': 'moveit_common'}
[0.003159] (-) JobUnselected: {'identifier': 'moveit_configs_utils'}
[0.003410] (-) JobUnselected: {'identifier': 'moveit_core'}
[0.003627] (-) JobUnselected: {'identifier': 'moveit_hybrid_planning'}
[0.005729] (-) JobUnselected: {'identifier': 'moveit_kinematics'}
[0.006298] (-) JobUnselected: {'identifier': 'moveit_planners'}
[0.006737] (-) JobUnselected: {'identifier': 'moveit_planners_chomp'}
[0.007032] (-) JobUnselected: {'identifier': 'moveit_planners_ompl'}
[0.007279] (-) JobUnselected: {'identifier': 'moveit_plugins'}
[0.007484] (-) JobUnselected: {'identifier': 'moveit_resources'}
[0.007690] (-) JobUnselected: {'identifier': 'moveit_resources_fanuc_description'}
[0.008013] (-) JobUnselected: {'identifier': 'moveit_resources_fanuc_moveit_config'}
[0.008264] (-) JobUnselected: {'identifier': 'moveit_resources_panda_description'}
[0.008478] (-) JobUnselected: {'identifier': 'moveit_resources_panda_moveit_config'}
[0.008680] (-) JobUnselected: {'identifier': 'moveit_resources_pr2_description'}
[0.009540] (-) JobUnselected: {'identifier': 'moveit_resources_prbt_ikfast_manipulator_plugin'}
[0.010044] (-) JobUnselected: {'identifier': 'moveit_resources_prbt_moveit_config'}
[0.010332] (-) JobUnselected: {'identifier': 'moveit_resources_prbt_pg70_support'}
[0.010450] (-) JobUnselected: {'identifier': 'moveit_resources_prbt_support'}
[0.010540] (-) JobUnselected: {'identifier': 'moveit_ros'}
[0.010641] (-) JobUnselected: {'identifier': 'moveit_ros_benchmarks'}
[0.010906] (-) JobUnselected: {'identifier': 'moveit_ros_control_interface'}
[0.011035] (-) JobUnselected: {'identifier': 'moveit_ros_move_group'}
[0.011357] (-) JobUnselected: {'identifier': 'moveit_ros_occupancy_map_monitor'}
[0.011608] (-) JobUnselected: {'identifier': 'moveit_ros_perception'}
[0.011967] (-) JobUnselected: {'identifier': 'moveit_ros_planning'}
[0.012373] (-) JobUnselected: {'identifier': 'moveit_ros_planning_interface'}
[0.012648] (-) JobUnselected: {'identifier': 'moveit_ros_robot_interaction'}
[0.012763] (-) JobUnselected: {'identifier': 'moveit_ros_visualization'}
[0.012840] (-) JobUnselected: {'identifier': 'moveit_ros_warehouse'}
[0.012956] (-) JobUnselected: {'identifier': 'moveit_runtime'}
[0.013066] (-) JobUnselected: {'identifier': 'moveit_servo'}
[0.013138] (-) JobUnselected: {'identifier': 'moveit_setup_app_plugins'}
[0.013207] (-) JobUnselected: {'identifier': 'moveit_setup_assistant'}
[0.013306] (-) JobUnselected: {'identifier': 'moveit_setup_controllers'}
[0.013388] (-) JobUnselected: {'identifier': 'moveit_setup_core_plugins'}
[0.013472] (-) JobUnselected: {'identifier': 'moveit_setup_framework'}
[0.013535] (-) JobUnselected: {'identifier': 'moveit_setup_srdf_plugins'}
[0.013684] (-) JobUnselected: {'identifier': 'moveit_simple_controller_manager'}
[0.013782] (-) JobUnselected: {'identifier': 'moveit_task_constructor_capabilities'}
[0.014101] (-) JobUnselected: {'identifier': 'moveit_task_constructor_core'}
[0.014855] (-) JobUnselected: {'identifier': 'moveit_task_constructor_demo'}
[0.016746] (-) JobUnselected: {'identifier': 'moveit_task_constructor_msgs'}
[0.017146] (-) JobUnselected: {'identifier': 'moveit_task_constructor_visualization'}
[0.017424] (-) JobUnselected: {'identifier': 'moveit_visual_tools'}
[0.017771] (-) JobUnselected: {'identifier': 'mtc_tutorial'}
[0.018005] (-) JobUnselected: {'identifier': 'pilz_industrial_motion_planner'}
[0.018167] (-) JobUnselected: {'identifier': 'pilz_industrial_motion_planner_testutils'}
[0.018334] (-) JobUnselected: {'identifier': 'robot_config'}
[0.018557] (-) JobUnselected: {'identifier': 'rosparam_shortcuts'}
[0.018688] (-) JobUnselected: {'identifier': 'rviz_marker_tools'}
[0.018756] (-) JobUnselected: {'identifier': 'srdfdom'}
[0.018820] (-) EventReactorShutdown: {}
