[0.054s] Invoking command in '/home/a/ws_moveit2/build/moveit_servo': AMENT_PREFIX_PATH=/home/a/ws_moveit2/install/moveit_ros_planning_interface:/home/a/ws_moveit2/install/moveit_ros_move_group:/home/a/ws_moveit2/install/moveit_ros_warehouse:/home/a/ws_moveit2/install/moveit_planners_ompl:/home/a/ws_moveit2/install/moveit_kinematics:/home/a/ws_moveit2/install/moveit_ros_planning:/home/a/ws_moveit2/install/moveit_simple_controller_manager:/home/a/ws_moveit2/install/moveit_ros_occupancy_map_monitor:/home/a/ws_moveit2/install/moveit_core:/home/a/ws_moveit2/install/moveit_resources_panda_moveit_config:/home/a/ws_moveit2/install/moveit_resources_fanuc_moveit_config:/home/a/ws_moveit2/install/moveit_configs_utils:/home/a/ws_moveit2/install/srdfdom:/home/a/ws_moveit2/install/moveit_resources_pr2_description:/home/a/ws_moveit2/install/moveit_resources_panda_description:/home/a/ws_moveit2/install/moveit_resources_fanuc_description:/home/a/ws_moveit2/install/moveit_common:/home/a/ws_moveit2/install/launch_param_builder:${AMENT_PREFIX_PATH} CMAKE_PREFIX_PATH=/home/a/ws_moveit2/install/moveit_ros_planning_interface:/home/a/ws_moveit2/install/moveit_ros_move_group:/home/a/ws_moveit2/install/moveit_ros_warehouse:/home/a/ws_moveit2/install/moveit_planners_ompl:/home/a/ws_moveit2/install/moveit_kinematics:/home/a/ws_moveit2/install/moveit_ros_planning:/home/a/ws_moveit2/install/moveit_simple_controller_manager:/home/a/ws_moveit2/install/moveit_ros_occupancy_map_monitor:/home/a/ws_moveit2/install/moveit_core:/home/a/ws_moveit2/install/moveit_resources_panda_moveit_config:/home/a/ws_moveit2/install/moveit_resources_fanuc_moveit_config:/home/a/ws_moveit2/install/srdfdom:/home/a/ws_moveit2/install/moveit_resources_pr2_description:/home/a/ws_moveit2/install/moveit_resources_panda_description:/home/a/ws_moveit2/install/moveit_resources_fanuc_description:/home/a/ws_moveit2/install/moveit_common:/opt/ros/humble LD_LIBRARY_PATH=/home/a/ws_moveit2/install/moveit_ros_planning_interface/lib:/home/a/ws_moveit2/install/moveit_ros_move_group/lib:/home/a/ws_moveit2/install/moveit_ros_warehouse/lib:/home/a/ws_moveit2/install/moveit_planners_ompl/lib:/home/a/ws_moveit2/install/moveit_kinematics/lib:/home/a/ws_moveit2/install/moveit_ros_planning/lib:/home/a/ws_moveit2/install/moveit_simple_controller_manager/lib:/home/a/ws_moveit2/install/moveit_ros_occupancy_map_monitor/lib:/home/a/ws_moveit2/install/moveit_core/lib:/home/a/ws_moveit2/install/srdfdom/lib:${LD_LIBRARY_PATH} PATH=/home/a/ws_moveit2/install/moveit_core/bin:${PATH} PYTHONPATH=/home/a/ws_moveit2/install/moveit_configs_utils/lib/python3.10/site-packages:/home/a/ws_moveit2/install/srdfdom/local/lib/python3.10/dist-packages:/home/a/ws_moveit2/install/launch_param_builder/lib/python3.10/site-packages:${PYTHONPATH} /usr/bin/cmake --build /home/a/ws_moveit2/build/moveit_servo -- -j22 -l22
[0.126s] [  6%] Built target gtest_main
[0.128s] [ 12%] Built target fake_command_publisher
[0.133s] [ 18%] Built target gtest
[0.134s] [ 24%] Built target servo_controller_input
[0.147s] [ 33%] Built target moveit_servo_lib_parameters
[0.200s] [ 39%] Built target test_servo_integration
[0.206s] [ 45%] Built target test_servo_collision
[0.245s] [ 63%] Built target moveit_servo_lib
[0.294s] [ 69%] Built target pose_tracking
[0.296s] [ 75%] Built target servo_calcs_unit_tests
[0.300s] [ 81%] Built target servo_node
[0.354s] [ 87%] Built target servo_pose_tracking_demo
[0.367s] [ 93%] Built target servo_node_main
[0.401s] [100%] Built target test_servo_pose_tracking
[0.405s] Invoked command in '/home/a/ws_moveit2/build/moveit_servo' returned '0': AMENT_PREFIX_PATH=/home/a/ws_moveit2/install/moveit_ros_planning_interface:/home/a/ws_moveit2/install/moveit_ros_move_group:/home/a/ws_moveit2/install/moveit_ros_warehouse:/home/a/ws_moveit2/install/moveit_planners_ompl:/home/a/ws_moveit2/install/moveit_kinematics:/home/a/ws_moveit2/install/moveit_ros_planning:/home/a/ws_moveit2/install/moveit_simple_controller_manager:/home/a/ws_moveit2/install/moveit_ros_occupancy_map_monitor:/home/a/ws_moveit2/install/moveit_core:/home/a/ws_moveit2/install/moveit_resources_panda_moveit_config:/home/a/ws_moveit2/install/moveit_resources_fanuc_moveit_config:/home/a/ws_moveit2/install/moveit_configs_utils:/home/a/ws_moveit2/install/srdfdom:/home/a/ws_moveit2/install/moveit_resources_pr2_description:/home/a/ws_moveit2/install/moveit_resources_panda_description:/home/a/ws_moveit2/install/moveit_resources_fanuc_description:/home/a/ws_moveit2/install/moveit_common:/home/a/ws_moveit2/install/launch_param_builder:${AMENT_PREFIX_PATH} CMAKE_PREFIX_PATH=/home/a/ws_moveit2/install/moveit_ros_planning_interface:/home/a/ws_moveit2/install/moveit_ros_move_group:/home/a/ws_moveit2/install/moveit_ros_warehouse:/home/a/ws_moveit2/install/moveit_planners_ompl:/home/a/ws_moveit2/install/moveit_kinematics:/home/a/ws_moveit2/install/moveit_ros_planning:/home/a/ws_moveit2/install/moveit_simple_controller_manager:/home/a/ws_moveit2/install/moveit_ros_occupancy_map_monitor:/home/a/ws_moveit2/install/moveit_core:/home/a/ws_moveit2/install/moveit_resources_panda_moveit_config:/home/a/ws_moveit2/install/moveit_resources_fanuc_moveit_config:/home/a/ws_moveit2/install/srdfdom:/home/a/ws_moveit2/install/moveit_resources_pr2_description:/home/a/ws_moveit2/install/moveit_resources_panda_description:/home/a/ws_moveit2/install/moveit_resources_fanuc_description:/home/a/ws_moveit2/install/moveit_common:/opt/ros/humble LD_LIBRARY_PATH=/home/a/ws_moveit2/install/moveit_ros_planning_interface/lib:/home/a/ws_moveit2/install/moveit_ros_move_group/lib:/home/a/ws_moveit2/install/moveit_ros_warehouse/lib:/home/a/ws_moveit2/install/moveit_planners_ompl/lib:/home/a/ws_moveit2/install/moveit_kinematics/lib:/home/a/ws_moveit2/install/moveit_ros_planning/lib:/home/a/ws_moveit2/install/moveit_simple_controller_manager/lib:/home/a/ws_moveit2/install/moveit_ros_occupancy_map_monitor/lib:/home/a/ws_moveit2/install/moveit_core/lib:/home/a/ws_moveit2/install/srdfdom/lib:${LD_LIBRARY_PATH} PATH=/home/a/ws_moveit2/install/moveit_core/bin:${PATH} PYTHONPATH=/home/a/ws_moveit2/install/moveit_configs_utils/lib/python3.10/site-packages:/home/a/ws_moveit2/install/srdfdom/local/lib/python3.10/dist-packages:/home/a/ws_moveit2/install/launch_param_builder/lib/python3.10/site-packages:${PYTHONPATH} /usr/bin/cmake --build /home/a/ws_moveit2/build/moveit_servo -- -j22 -l22
[0.407s] Invoking command in '/home/a/ws_moveit2/build/moveit_servo': AMENT_PREFIX_PATH=/home/a/ws_moveit2/install/moveit_ros_planning_interface:/home/a/ws_moveit2/install/moveit_ros_move_group:/home/a/ws_moveit2/install/moveit_ros_warehouse:/home/a/ws_moveit2/install/moveit_planners_ompl:/home/a/ws_moveit2/install/moveit_kinematics:/home/a/ws_moveit2/install/moveit_ros_planning:/home/a/ws_moveit2/install/moveit_simple_controller_manager:/home/a/ws_moveit2/install/moveit_ros_occupancy_map_monitor:/home/a/ws_moveit2/install/moveit_core:/home/a/ws_moveit2/install/moveit_resources_panda_moveit_config:/home/a/ws_moveit2/install/moveit_resources_fanuc_moveit_config:/home/a/ws_moveit2/install/moveit_configs_utils:/home/a/ws_moveit2/install/srdfdom:/home/a/ws_moveit2/install/moveit_resources_pr2_description:/home/a/ws_moveit2/install/moveit_resources_panda_description:/home/a/ws_moveit2/install/moveit_resources_fanuc_description:/home/a/ws_moveit2/install/moveit_common:/home/a/ws_moveit2/install/launch_param_builder:${AMENT_PREFIX_PATH} CMAKE_PREFIX_PATH=/home/a/ws_moveit2/install/moveit_ros_planning_interface:/home/a/ws_moveit2/install/moveit_ros_move_group:/home/a/ws_moveit2/install/moveit_ros_warehouse:/home/a/ws_moveit2/install/moveit_planners_ompl:/home/a/ws_moveit2/install/moveit_kinematics:/home/a/ws_moveit2/install/moveit_ros_planning:/home/a/ws_moveit2/install/moveit_simple_controller_manager:/home/a/ws_moveit2/install/moveit_ros_occupancy_map_monitor:/home/a/ws_moveit2/install/moveit_core:/home/a/ws_moveit2/install/moveit_resources_panda_moveit_config:/home/a/ws_moveit2/install/moveit_resources_fanuc_moveit_config:/home/a/ws_moveit2/install/srdfdom:/home/a/ws_moveit2/install/moveit_resources_pr2_description:/home/a/ws_moveit2/install/moveit_resources_panda_description:/home/a/ws_moveit2/install/moveit_resources_fanuc_description:/home/a/ws_moveit2/install/moveit_common:/opt/ros/humble LD_LIBRARY_PATH=/home/a/ws_moveit2/install/moveit_ros_planning_interface/lib:/home/a/ws_moveit2/install/moveit_ros_move_group/lib:/home/a/ws_moveit2/install/moveit_ros_warehouse/lib:/home/a/ws_moveit2/install/moveit_planners_ompl/lib:/home/a/ws_moveit2/install/moveit_kinematics/lib:/home/a/ws_moveit2/install/moveit_ros_planning/lib:/home/a/ws_moveit2/install/moveit_simple_controller_manager/lib:/home/a/ws_moveit2/install/moveit_ros_occupancy_map_monitor/lib:/home/a/ws_moveit2/install/moveit_core/lib:/home/a/ws_moveit2/install/srdfdom/lib:${LD_LIBRARY_PATH} PATH=/home/a/ws_moveit2/install/moveit_core/bin:${PATH} PYTHONPATH=/home/a/ws_moveit2/install/moveit_configs_utils/lib/python3.10/site-packages:/home/a/ws_moveit2/install/srdfdom/local/lib/python3.10/dist-packages:/home/a/ws_moveit2/install/launch_param_builder/lib/python3.10/site-packages:${PYTHONPATH} /usr/bin/cmake --install /home/a/ws_moveit2/build/moveit_servo
[0.418s] -- Install configuration: "Release"
[0.419s] -- Up-to-date: /home/a/ws_moveit2/install/moveit_servo/lib/libmoveit_servo_lib.so.2.5.9
[0.419s] -- Up-to-date: /home/a/ws_moveit2/install/moveit_servo/lib/libmoveit_servo_lib.so
[0.420s] -- Up-to-date: /home/a/ws_moveit2/install/moveit_servo/lib/libmoveit_servo_lib_parameters.so.2.5.9
[0.420s] -- Up-to-date: /home/a/ws_moveit2/install/moveit_servo/lib/libmoveit_servo_lib_parameters.so
[0.421s] -- Up-to-date: /home/a/ws_moveit2/install/moveit_servo/lib/libpose_tracking.so
[0.421s] -- Up-to-date: /home/a/ws_moveit2/install/moveit_servo/lib/libservo_node.so
[0.423s] -- Up-to-date: /home/a/ws_moveit2/install/moveit_servo/lib/libservo_controller_input.so
[0.428s] -- Up-to-date: /home/a/ws_moveit2/install/moveit_servo/lib/moveit_servo/servo_node_main
[0.430s] -- Up-to-date: /home/a/ws_moveit2/install/moveit_servo/lib/moveit_servo/servo_pose_tracking_demo
[0.430s] -- Up-to-date: /home/a/ws_moveit2/install/moveit_servo/lib/moveit_servo/fake_command_publisher
[0.430s] -- Up-to-date: /home/a/ws_moveit2/install/moveit_servo/include
[0.430s] -- Up-to-date: /home/a/ws_moveit2/install/moveit_servo/include/moveit_servo
[0.430s] -- Up-to-date: /home/a/ws_moveit2/install/moveit_servo/include/moveit_servo/servo_calcs.h
[0.430s] -- Up-to-date: /home/a/ws_moveit2/install/moveit_servo/include/moveit_servo/status_codes.h
[0.430s] -- Up-to-date: /home/a/ws_moveit2/install/moveit_servo/include/moveit_servo/servo_node.h
[0.430s] -- Up-to-date: /home/a/ws_moveit2/install/moveit_servo/include/moveit_servo/servo_parameters.h
[0.431s] -- Up-to-date: /home/a/ws_moveit2/install/moveit_servo/include/moveit_servo/enforce_limits.hpp
[0.431s] -- Up-to-date: /home/a/ws_moveit2/install/moveit_servo/include/moveit_servo/utilities.h
[0.431s] -- Up-to-date: /home/a/ws_moveit2/install/moveit_servo/include/moveit_servo/parameter_descriptor_builder.hpp
[0.431s] -- Up-to-date: /home/a/ws_moveit2/install/moveit_servo/include/moveit_servo/collision_check.h
[0.431s] -- Up-to-date: /home/a/ws_moveit2/install/moveit_servo/include/moveit_servo/servo.h
[0.431s] -- Up-to-date: /home/a/ws_moveit2/install/moveit_servo/include/moveit_servo/pose_tracking.h
[0.431s] -- Up-to-date: /home/a/ws_moveit2/install/moveit_servo/include/moveit_servo/make_shared_from_pool.h
[0.431s] -- Up-to-date: /home/a/ws_moveit2/install/moveit_servo/include/moveit_servo/servo_server.h
[0.431s] -- Up-to-date: /home/a/ws_moveit2/install/moveit_servo/share/moveit_servo/launch
[0.431s] -- Up-to-date: /home/a/ws_moveit2/install/moveit_servo/share/moveit_servo/launch/pose_tracking_example.launch.py
[0.431s] -- Up-to-date: /home/a/ws_moveit2/install/moveit_servo/share/moveit_servo/launch/servo_example.launch.py
[0.432s] -- Up-to-date: /home/a/ws_moveit2/install/moveit_servo/share/moveit_servo/config
[0.432s] -- Up-to-date: /home/a/ws_moveit2/install/moveit_servo/share/moveit_servo/config/panda_simulated_config_pose_tracking.yaml
[0.432s] -- Up-to-date: /home/a/ws_moveit2/install/moveit_servo/share/moveit_servo/config/pose_tracking_settings.yaml
[0.432s] -- Up-to-date: /home/a/ws_moveit2/install/moveit_servo/share/moveit_servo/config/demo_rviz_config.rviz
[0.432s] -- Up-to-date: /home/a/ws_moveit2/install/moveit_servo/share/moveit_servo/config/panda_simulated_config.yaml
[0.432s] -- Up-to-date: /home/a/ws_moveit2/install/moveit_servo/share/moveit_servo/config/demo_rviz_pose_tracking.rviz
[0.432s] -- Up-to-date: /home/a/ws_moveit2/install/moveit_servo/share/moveit_servo/environment/library_path.sh
[0.433s] -- Up-to-date: /home/a/ws_moveit2/install/moveit_servo/share/moveit_servo/environment/library_path.dsv
[0.433s] -- Up-to-date: /home/a/ws_moveit2/install/moveit_servo/share/ament_index/resource_index/package_run_dependencies/moveit_servo
[0.433s] -- Up-to-date: /home/a/ws_moveit2/install/moveit_servo/share/ament_index/resource_index/parent_prefix_path/moveit_servo
[0.433s] -- Up-to-date: /home/a/ws_moveit2/install/moveit_servo/share/moveit_servo/environment/ament_prefix_path.sh
[0.433s] -- Up-to-date: /home/a/ws_moveit2/install/moveit_servo/share/moveit_servo/environment/ament_prefix_path.dsv
[0.433s] -- Up-to-date: /home/a/ws_moveit2/install/moveit_servo/share/moveit_servo/environment/path.sh
[0.433s] -- Up-to-date: /home/a/ws_moveit2/install/moveit_servo/share/moveit_servo/environment/path.dsv
[0.433s] -- Up-to-date: /home/a/ws_moveit2/install/moveit_servo/share/moveit_servo/local_setup.bash
[0.433s] -- Up-to-date: /home/a/ws_moveit2/install/moveit_servo/share/moveit_servo/local_setup.sh
[0.433s] -- Up-to-date: /home/a/ws_moveit2/install/moveit_servo/share/moveit_servo/local_setup.zsh
[0.434s] -- Up-to-date: /home/a/ws_moveit2/install/moveit_servo/share/moveit_servo/local_setup.dsv
[0.434s] -- Installing: /home/a/ws_moveit2/install/moveit_servo/share/moveit_servo/package.dsv
[0.434s] -- Up-to-date: /home/a/ws_moveit2/install/moveit_servo/share/ament_index/resource_index/packages/moveit_servo
[0.434s] -- Up-to-date: /home/a/ws_moveit2/install/moveit_servo/share/ament_index/resource_index/rclcpp_components/moveit_servo
[0.434s] -- Up-to-date: /home/a/ws_moveit2/install/moveit_servo/share/moveit_servo/cmake/export_moveit_servoExport.cmake
[0.434s] -- Up-to-date: /home/a/ws_moveit2/install/moveit_servo/share/moveit_servo/cmake/export_moveit_servoExport-release.cmake
[0.434s] -- Up-to-date: /home/a/ws_moveit2/install/moveit_servo/share/moveit_servo/cmake/ament_cmake_export_targets-extras.cmake
[0.435s] -- Up-to-date: /home/a/ws_moveit2/install/moveit_servo/share/moveit_servo/cmake/ament_cmake_export_dependencies-extras.cmake
[0.435s] -- Up-to-date: /home/a/ws_moveit2/install/moveit_servo/share/moveit_servo/cmake/moveit_servoConfig.cmake
[0.435s] -- Up-to-date: /home/a/ws_moveit2/install/moveit_servo/share/moveit_servo/cmake/moveit_servoConfig-version.cmake
[0.435s] -- Up-to-date: /home/a/ws_moveit2/install/moveit_servo/share/moveit_servo/package.xml
[0.435s] Invoked command in '/home/a/ws_moveit2/build/moveit_servo' returned '0': AMENT_PREFIX_PATH=/home/a/ws_moveit2/install/moveit_ros_planning_interface:/home/a/ws_moveit2/install/moveit_ros_move_group:/home/a/ws_moveit2/install/moveit_ros_warehouse:/home/a/ws_moveit2/install/moveit_planners_ompl:/home/a/ws_moveit2/install/moveit_kinematics:/home/a/ws_moveit2/install/moveit_ros_planning:/home/a/ws_moveit2/install/moveit_simple_controller_manager:/home/a/ws_moveit2/install/moveit_ros_occupancy_map_monitor:/home/a/ws_moveit2/install/moveit_core:/home/a/ws_moveit2/install/moveit_resources_panda_moveit_config:/home/a/ws_moveit2/install/moveit_resources_fanuc_moveit_config:/home/a/ws_moveit2/install/moveit_configs_utils:/home/a/ws_moveit2/install/srdfdom:/home/a/ws_moveit2/install/moveit_resources_pr2_description:/home/a/ws_moveit2/install/moveit_resources_panda_description:/home/a/ws_moveit2/install/moveit_resources_fanuc_description:/home/a/ws_moveit2/install/moveit_common:/home/a/ws_moveit2/install/launch_param_builder:${AMENT_PREFIX_PATH} CMAKE_PREFIX_PATH=/home/a/ws_moveit2/install/moveit_ros_planning_interface:/home/a/ws_moveit2/install/moveit_ros_move_group:/home/a/ws_moveit2/install/moveit_ros_warehouse:/home/a/ws_moveit2/install/moveit_planners_ompl:/home/a/ws_moveit2/install/moveit_kinematics:/home/a/ws_moveit2/install/moveit_ros_planning:/home/a/ws_moveit2/install/moveit_simple_controller_manager:/home/a/ws_moveit2/install/moveit_ros_occupancy_map_monitor:/home/a/ws_moveit2/install/moveit_core:/home/a/ws_moveit2/install/moveit_resources_panda_moveit_config:/home/a/ws_moveit2/install/moveit_resources_fanuc_moveit_config:/home/a/ws_moveit2/install/srdfdom:/home/a/ws_moveit2/install/moveit_resources_pr2_description:/home/a/ws_moveit2/install/moveit_resources_panda_description:/home/a/ws_moveit2/install/moveit_resources_fanuc_description:/home/a/ws_moveit2/install/moveit_common:/opt/ros/humble LD_LIBRARY_PATH=/home/a/ws_moveit2/install/moveit_ros_planning_interface/lib:/home/a/ws_moveit2/install/moveit_ros_move_group/lib:/home/a/ws_moveit2/install/moveit_ros_warehouse/lib:/home/a/ws_moveit2/install/moveit_planners_ompl/lib:/home/a/ws_moveit2/install/moveit_kinematics/lib:/home/a/ws_moveit2/install/moveit_ros_planning/lib:/home/a/ws_moveit2/install/moveit_simple_controller_manager/lib:/home/a/ws_moveit2/install/moveit_ros_occupancy_map_monitor/lib:/home/a/ws_moveit2/install/moveit_core/lib:/home/a/ws_moveit2/install/srdfdom/lib:${LD_LIBRARY_PATH} PATH=/home/a/ws_moveit2/install/moveit_core/bin:${PATH} PYTHONPATH=/home/a/ws_moveit2/install/moveit_configs_utils/lib/python3.10/site-packages:/home/a/ws_moveit2/install/srdfdom/local/lib/python3.10/dist-packages:/home/a/ws_moveit2/install/launch_param_builder/lib/python3.10/site-packages:${PYTHONPATH} /usr/bin/cmake --install /home/a/ws_moveit2/build/moveit_servo
