[0.542s] Invoking command in '/home/a/ws_moveit2/build/rosparam_shortcuts': CMAKE_PREFIX_PATH=/opt/ros/humble /usr/bin/cmake /home/a/ws_moveit2/src/rosparam_shortcuts -DCMAKE_INSTALL_PREFIX=/home/a/ws_moveit2/install/rosparam_shortcuts
[0.563s] -- Found ament_cmake: 1.3.12 (/opt/ros/humble/share/ament_cmake/cmake)
[0.647s] -- Found eigen3_cmake_module: 0.1.1 (/opt/ros/humble/share/eigen3_cmake_module/cmake)
[0.651s] -- Found geometry_msgs: 4.9.0 (/opt/ros/humble/share/geometry_msgs/cmake)
[0.682s] -- Found rosidl_generator_c: 3.1.7 (/opt/ros/humble/share/rosidl_generator_c/cmake)
[0.685s] -- Found rosidl_adapter: 3.1.7 (/opt/ros/humble/share/rosidl_adapter/cmake)
[0.691s] -- Found rosidl_generator_cpp: 3.1.7 (/opt/ros/humble/share/rosidl_generator_cpp/cmake)
[0.692s] -- Using all available rosidl_typesupport_c: rosidl_typesupport_fastrtps_c;rosidl_typesupport_introspection_c
[0.698s] -- Using all available rosidl_typesupport_cpp: rosidl_typesupport_fastrtps_cpp;rosidl_typesupport_introspection_cpp
[0.716s] -- Found rclcpp: 16.0.14 (/opt/ros/humble/share/rclcpp/cmake)
[0.765s] -- Found rmw_implementation_cmake: 6.1.2 (/opt/ros/humble/share/rmw_implementation_cmake/cmake)
[0.769s] -- Found rmw_fastrtps_cpp: 6.2.8 (/opt/ros/humble/share/rmw_fastrtps_cpp/cmake)
[0.884s] -- Using RMW implementation 'rmw_fastrtps_cpp' as default
[0.943s] -- Found tf2_eigen: 0.25.16 (/opt/ros/humble/share/tf2_eigen/cmake)
[1.038s] -- Found ament_lint_auto: 0.12.14 (/opt/ros/humble/share/ament_lint_auto/cmake)
[1.038s] -- Found ament_cmake_gtest: 1.3.12 (/opt/ros/humble/share/ament_cmake_gtest/cmake)
[1.040s] -- Found ros_testing: 0.4.0 (/opt/ros/humble/share/ros_testing/cmake)
[1.042s] -- Found launch_testing_ament_cmake: 1.0.10 (/opt/ros/humble/share/launch_testing_ament_cmake/cmake)
[1.042s] -- Found python_cmake_module: 0.10.0 (/opt/ros/humble/share/python_cmake_module/cmake)
[1.063s] -- Using PYTHON_EXECUTABLE: /usr/bin/python3
[1.063s] -- Using PYTHON_INCLUDE_DIRS: /usr/include/python3.10
[1.063s] -- Using PYTHON_LIBRARIES: /usr/lib/x86_64-linux-gnu/libpython3.10.so
[1.142s] -- Found gtest sources under '/opt/ros/humble/src/gtest_vendor': C++ tests using 'Google Test' will be built
[1.154s] -- Added test 'copyright' to check source files copyright and LICENSE
[1.157s] -- Added test 'lint_cmake' to check CMake code style
[1.157s] -- Added test 'pep257' to check Python code against some of the docstring style conventions in PEP 257
[1.157s] -- Added test 'xmllint' to check XML markup files
[1.160s] -- Configuring done
[1.206s] -- Generating done
[1.219s] -- Build files have been written to: /home/a/ws_moveit2/build/rosparam_shortcuts
[1.238s] Invoked command in '/home/a/ws_moveit2/build/rosparam_shortcuts' returned '0': CMAKE_PREFIX_PATH=/opt/ros/humble /usr/bin/cmake /home/a/ws_moveit2/src/rosparam_shortcuts -DCMAKE_INSTALL_PREFIX=/home/a/ws_moveit2/install/rosparam_shortcuts
[1.240s] Invoking command in '/home/a/ws_moveit2/build/rosparam_shortcuts': CMAKE_PREFIX_PATH=/opt/ros/humble /usr/bin/cmake --build /home/a/ws_moveit2/build/rosparam_shortcuts -- -j22 -l22
[1.280s] [35m[1mConsolidate compiler generated dependencies of target gtest[0m
[1.282s] [35m[1mConsolidate compiler generated dependencies of target gtest_main[0m
[1.284s] [35m[1mConsolidate compiler generated dependencies of target rosparam_shortcuts[0m
[1.290s] [ 15%] Built target gtest_main
[1.290s] [ 30%] Built target gtest
[1.314s] [ 53%] Built target rosparam_shortcuts
[1.324s] [35m[1mConsolidate compiler generated dependencies of target test_node_parameters[0m
[1.324s] [35m[1mConsolidate compiler generated dependencies of target rosparam_shortcuts_example[0m
[1.324s] [35m[1mConsolidate compiler generated dependencies of target rosparam_shortcuts_node_parameters_example[0m
[1.335s] [ 69%] Built target rosparam_shortcuts_example
[1.338s] [ 84%] Built target test_node_parameters
[1.339s] [100%] Built target rosparam_shortcuts_node_parameters_example
[1.423s] Invoked command in '/home/a/ws_moveit2/build/rosparam_shortcuts' returned '0': CMAKE_PREFIX_PATH=/opt/ros/humble /usr/bin/cmake --build /home/a/ws_moveit2/build/rosparam_shortcuts -- -j22 -l22
[1.424s] Invoking command in '/home/a/ws_moveit2/build/rosparam_shortcuts': CMAKE_PREFIX_PATH=/opt/ros/humble /usr/bin/cmake --install /home/a/ws_moveit2/build/rosparam_shortcuts
[1.434s] -- Install configuration: "Release"
[1.434s] -- Up-to-date: /home/a/ws_moveit2/install/rosparam_shortcuts/lib/librosparam_shortcuts.so
[1.437s] -- Up-to-date: /home/a/ws_moveit2/install/rosparam_shortcuts/lib/rosparam_shortcuts/example
[1.437s] -- Up-to-date: /home/a/ws_moveit2/install/rosparam_shortcuts/lib/rosparam_shortcuts/node_parameters_example
[1.437s] -- Up-to-date: /home/a/ws_moveit2/install/rosparam_shortcuts/include
[1.438s] -- Up-to-date: /home/a/ws_moveit2/install/rosparam_shortcuts/include/rosparam_shortcuts
[1.438s] -- Up-to-date: /home/a/ws_moveit2/install/rosparam_shortcuts/include/rosparam_shortcuts/rosparam_shortcuts.h
[1.438s] -- Up-to-date: /home/a/ws_moveit2/install/rosparam_shortcuts/include/rosparam_shortcuts/node_parameters.h
[1.438s] -- Up-to-date: /home/a/ws_moveit2/install/rosparam_shortcuts/share/rosparam_shortcuts/launch
[1.438s] -- Up-to-date: /home/a/ws_moveit2/install/rosparam_shortcuts/share/rosparam_shortcuts/launch/example.launch.py
[1.439s] -- Up-to-date: /home/a/ws_moveit2/install/rosparam_shortcuts/share/rosparam_shortcuts/config
[1.439s] -- Up-to-date: /home/a/ws_moveit2/install/rosparam_shortcuts/share/rosparam_shortcuts/config/example.yaml
[1.439s] -- Up-to-date: /home/a/ws_moveit2/install/rosparam_shortcuts/share/rosparam_shortcuts/environment/library_path.sh
[1.439s] -- Installing: /home/a/ws_moveit2/install/rosparam_shortcuts/share/rosparam_shortcuts/environment/library_path.dsv
[1.439s] -- Up-to-date: /home/a/ws_moveit2/install/rosparam_shortcuts/share/ament_index/resource_index/package_run_dependencies/rosparam_shortcuts
[1.439s] -- Installing: /home/a/ws_moveit2/install/rosparam_shortcuts/share/ament_index/resource_index/parent_prefix_path/rosparam_shortcuts
[1.439s] -- Up-to-date: /home/a/ws_moveit2/install/rosparam_shortcuts/share/rosparam_shortcuts/environment/ament_prefix_path.sh
[1.439s] -- Installing: /home/a/ws_moveit2/install/rosparam_shortcuts/share/rosparam_shortcuts/environment/ament_prefix_path.dsv
[1.439s] -- Up-to-date: /home/a/ws_moveit2/install/rosparam_shortcuts/share/rosparam_shortcuts/environment/path.sh
[1.440s] -- Installing: /home/a/ws_moveit2/install/rosparam_shortcuts/share/rosparam_shortcuts/environment/path.dsv
[1.441s] -- Up-to-date: /home/a/ws_moveit2/install/rosparam_shortcuts/share/rosparam_shortcuts/local_setup.bash
[1.441s] -- Up-to-date: /home/a/ws_moveit2/install/rosparam_shortcuts/share/rosparam_shortcuts/local_setup.sh
[1.441s] -- Up-to-date: /home/a/ws_moveit2/install/rosparam_shortcuts/share/rosparam_shortcuts/local_setup.zsh
[1.441s] -- Installing: /home/a/ws_moveit2/install/rosparam_shortcuts/share/rosparam_shortcuts/local_setup.dsv
[1.441s] -- Installing: /home/a/ws_moveit2/install/rosparam_shortcuts/share/rosparam_shortcuts/package.dsv
[1.441s] -- Up-to-date: /home/a/ws_moveit2/install/rosparam_shortcuts/share/ament_index/resource_index/packages/rosparam_shortcuts
[1.441s] -- Up-to-date: /home/a/ws_moveit2/install/rosparam_shortcuts/share/rosparam_shortcuts/cmake/export_rosparam_shortcutsExport.cmake
[1.442s] -- Up-to-date: /home/a/ws_moveit2/install/rosparam_shortcuts/share/rosparam_shortcuts/cmake/export_rosparam_shortcutsExport-release.cmake
[1.442s] -- Up-to-date: /home/a/ws_moveit2/install/rosparam_shortcuts/share/rosparam_shortcuts/cmake/ament_cmake_export_targets-extras.cmake
[1.442s] -- Up-to-date: /home/a/ws_moveit2/install/rosparam_shortcuts/share/rosparam_shortcuts/cmake/ament_cmake_export_dependencies-extras.cmake
[1.442s] -- Up-to-date: /home/a/ws_moveit2/install/rosparam_shortcuts/share/rosparam_shortcuts/cmake/rosparam_shortcutsConfig.cmake
[1.442s] -- Up-to-date: /home/a/ws_moveit2/install/rosparam_shortcuts/share/rosparam_shortcuts/cmake/rosparam_shortcutsConfig-version.cmake
[1.442s] -- Up-to-date: /home/a/ws_moveit2/install/rosparam_shortcuts/share/rosparam_shortcuts/package.xml
[1.469s] Invoked command in '/home/a/ws_moveit2/build/rosparam_shortcuts' returned '0': CMAKE_PREFIX_PATH=/opt/ros/humble /usr/bin/cmake --install /home/a/ws_moveit2/build/rosparam_shortcuts
