[0.059s] Invoking command in '/home/a/ws_moveit2/build/moveit_common': CMAKE_PREFIX_PATH=${CMAKE_PREFIX_PATH}:/home/a/ws_moveit2/install/moveit_configs_utils:/home/a/ws_moveit2/install/launch_param_builder:/opt/ros/humble /opt/st/stm32cubeclt_1.17.0/CMake/bin/cmake --build /home/a/ws_moveit2/build/moveit_common -- -j4 -l4
[0.135s] Invoked command in '/home/a/ws_moveit2/build/moveit_common' returned '0': CMAKE_PREFIX_PATH=${CMAKE_PREFIX_PATH}:/home/a/ws_moveit2/install/moveit_configs_utils:/home/a/ws_moveit2/install/launch_param_builder:/opt/ros/humble /opt/st/stm32cubeclt_1.17.0/CMake/bin/cmake --build /home/a/ws_moveit2/build/moveit_common -- -j4 -l4
[0.156s] Invoking command in '/home/a/ws_moveit2/build/moveit_common': CMAKE_PREFIX_PATH=${CMAKE_PREFIX_PATH}:/home/a/ws_moveit2/install/moveit_configs_utils:/home/a/ws_moveit2/install/launch_param_builder:/opt/ros/humble /opt/st/stm32cubeclt_1.17.0/CMake/bin/cmake --install /home/a/ws_moveit2/build/moveit_common
[0.166s] -- Install configuration: "Release"
[0.169s] -- Execute custom install script
[0.173s] -- Up-to-date symlink: /home/a/ws_moveit2/install/moveit_common/share/ament_index/resource_index/package_run_dependencies/moveit_common
[0.174s] -- Up-to-date symlink: /home/a/ws_moveit2/install/moveit_common/share/ament_index/resource_index/parent_prefix_path/moveit_common
[0.177s] -- Up-to-date symlink: /home/a/ws_moveit2/install/moveit_common/share/moveit_common/environment/ament_prefix_path.sh
[0.180s] -- Up-to-date symlink: /home/a/ws_moveit2/install/moveit_common/share/moveit_common/environment/ament_prefix_path.dsv
[0.181s] -- Up-to-date symlink: /home/a/ws_moveit2/install/moveit_common/share/moveit_common/environment/path.sh
[0.183s] -- Up-to-date symlink: /home/a/ws_moveit2/install/moveit_common/share/moveit_common/environment/path.dsv
[0.183s] -- Up-to-date symlink: /home/a/ws_moveit2/install/moveit_common/share/moveit_common/local_setup.bash
[0.184s] -- Up-to-date symlink: /home/a/ws_moveit2/install/moveit_common/share/moveit_common/local_setup.sh
[0.185s] -- Up-to-date symlink: /home/a/ws_moveit2/install/moveit_common/share/moveit_common/local_setup.zsh
[0.185s] -- Up-to-date symlink: /home/a/ws_moveit2/install/moveit_common/share/moveit_common/local_setup.dsv
[0.186s] -- Symlinking: /home/a/ws_moveit2/install/moveit_common/share/moveit_common/package.dsv
[0.196s] -- Up-to-date symlink: /home/a/ws_moveit2/install/moveit_common/share/ament_index/resource_index/packages/moveit_common
[0.197s] -- Up-to-date symlink: /home/a/ws_moveit2/install/moveit_common/share/moveit_common/cmake/moveit_common-extras.cmake
[0.198s] -- Up-to-date symlink: /home/a/ws_moveit2/install/moveit_common/share/moveit_common/cmake/moveit_commonConfig.cmake
[0.199s] -- Up-to-date symlink: /home/a/ws_moveit2/install/moveit_common/share/moveit_common/cmake/moveit_commonConfig-version.cmake
[0.200s] -- Up-to-date symlink: /home/a/ws_moveit2/install/moveit_common/share/moveit_common/package.xml
[0.201s] -- Up-to-date symlink: /home/a/ws_moveit2/install/moveit_common/share/moveit_common/cmake/moveit_package.cmake
[0.206s] Invoked command in '/home/a/ws_moveit2/build/moveit_common' returned '0': CMAKE_PREFIX_PATH=${CMAKE_PREFIX_PATH}:/home/a/ws_moveit2/install/moveit_configs_utils:/home/a/ws_moveit2/install/launch_param_builder:/opt/ros/humble /opt/st/stm32cubeclt_1.17.0/CMake/bin/cmake --install /home/a/ws_moveit2/build/moveit_common
