[0.236s] Invoking command in '/home/a/ws_moveit2/build/catch_gazebo_ros2_control': CMAKE_PREFIX_PATH=/opt/ros/humble /usr/bin/cmake --build /home/a/ws_moveit2/build/catch_gazebo_ros2_control -- -j22 -l22
[0.959s] [100%] Built target gazebo_node
[0.992s] Invoked command in '/home/a/ws_moveit2/build/catch_gazebo_ros2_control' returned '0': CMAKE_PREFIX_PATH=/opt/ros/humble /usr/bin/cmake --build /home/a/ws_moveit2/build/catch_gazebo_ros2_control -- -j22 -l22
[0.996s] Invoking command in '/home/a/ws_moveit2/build/catch_gazebo_ros2_control': CMAKE_PREFIX_PATH=/opt/ros/humble /usr/bin/cmake --install /home/a/ws_moveit2/build/catch_gazebo_ros2_control
[1.054s] -- Install configuration: ""
[1.054s] -- Up-to-date: /home/a/ws_moveit2/install/catch_gazebo_ros2_control/lib/catch_gazebo_ros2_control/gazebo_node
[1.054s] -- Up-to-date: /home/a/ws_moveit2/install/catch_gazebo_ros2_control/share/ament_index/resource_index/package_run_dependencies/catch_gazebo_ros2_control
[1.054s] -- Up-to-date: /home/a/ws_moveit2/install/catch_gazebo_ros2_control/share/ament_index/resource_index/parent_prefix_path/catch_gazebo_ros2_control
[1.054s] -- Up-to-date: /home/a/ws_moveit2/install/catch_gazebo_ros2_control/share/catch_gazebo_ros2_control/environment/ament_prefix_path.sh
[1.054s] -- Up-to-date: /home/a/ws_moveit2/install/catch_gazebo_ros2_control/share/catch_gazebo_ros2_control/environment/ament_prefix_path.dsv
[1.054s] -- Up-to-date: /home/a/ws_moveit2/install/catch_gazebo_ros2_control/share/catch_gazebo_ros2_control/environment/path.sh
[1.054s] -- Up-to-date: /home/a/ws_moveit2/install/catch_gazebo_ros2_control/share/catch_gazebo_ros2_control/environment/path.dsv
[1.054s] -- Up-to-date: /home/a/ws_moveit2/install/catch_gazebo_ros2_control/share/catch_gazebo_ros2_control/local_setup.bash
[1.055s] -- Up-to-date: /home/a/ws_moveit2/install/catch_gazebo_ros2_control/share/catch_gazebo_ros2_control/local_setup.sh
[1.055s] -- Up-to-date: /home/a/ws_moveit2/install/catch_gazebo_ros2_control/share/catch_gazebo_ros2_control/local_setup.zsh
[1.055s] -- Up-to-date: /home/a/ws_moveit2/install/catch_gazebo_ros2_control/share/catch_gazebo_ros2_control/local_setup.dsv
[1.055s] -- Installing: /home/a/ws_moveit2/install/catch_gazebo_ros2_control/share/catch_gazebo_ros2_control/package.dsv
[1.055s] -- Up-to-date: /home/a/ws_moveit2/install/catch_gazebo_ros2_control/share/ament_index/resource_index/packages/catch_gazebo_ros2_control
[1.055s] -- Up-to-date: /home/a/ws_moveit2/install/catch_gazebo_ros2_control/share/catch_gazebo_ros2_control/cmake/catch_gazebo_ros2_controlConfig.cmake
[1.055s] -- Up-to-date: /home/a/ws_moveit2/install/catch_gazebo_ros2_control/share/catch_gazebo_ros2_control/cmake/catch_gazebo_ros2_controlConfig-version.cmake
[1.055s] -- Up-to-date: /home/a/ws_moveit2/install/catch_gazebo_ros2_control/share/catch_gazebo_ros2_control/package.xml
[1.204s] Invoked command in '/home/a/ws_moveit2/build/catch_gazebo_ros2_control' returned '0': CMAKE_PREFIX_PATH=/opt/ros/humble /usr/bin/cmake --install /home/a/ws_moveit2/build/catch_gazebo_ros2_control
