-- Found ament_cmake: 1.3.12 (/opt/ros/humble/share/ament_cmake/cmake)
-- Override CMake install command with custom implementation using symlinks instead of copying resources
-- Found rclcpp: 16.0.14 (/opt/ros/humble/share/rclcpp/cmake)
-- Found rosidl_generator_c: 3.1.7 (/opt/ros/humble/share/rosidl_generator_c/cmake)
-- Found rosidl_adapter: 3.1.7 (/opt/ros/humble/share/rosidl_adapter/cmake)
-- Found rosidl_generator_cpp: 3.1.7 (/opt/ros/humble/share/rosidl_generator_cpp/cmake)
-- Using all available rosidl_typesupport_c: rosidl_typesupport_fastrtps_c;rosidl_typesupport_introspection_c
-- Using all available rosidl_typesupport_cpp: rosidl_typesupport_fastrtps_cpp;rosidl_typesupport_introspection_cpp
-- Found rmw_implementation_cmake: 6.1.2 (/opt/ros/humble/share/rmw_implementation_cmake/cmake)
-- Found rmw_fastrtps_cpp: 6.2.8 (/opt/ros/humble/share/rmw_fastrtps_cpp/cmake)
-- Using RMW implementation 'rmw_fastrtps_cpp' as default
-- Found moveit_servo: 2.5.9 (/home/a/ws_moveit2/install/moveit_servo/share/moveit_servo/cmake)
-- Found Boost: /usr/lib/x86_64-linux-gnu/cmake/Boost-1.74.0/BoostConfig.cmake (found version "1.74.0") found components: chrono date_time filesystem iostreams program_options regex serialization system thread 
-- Found Boost: /usr/lib/x86_64-linux-gnu/cmake/Boost-1.74.0/BoostConfig.cmake (found version "1.74.0") found components: filesystem 
-- library: /usr/lib/x86_64-linux-gnu/libcurl.so
-- Ensuring Eigen3 include directory is part of orocos-kdl CMake target
-- Found Boost: /usr/lib/x86_64-linux-gnu/cmake/Boost-1.74.0/BoostConfig.cmake (found version "1.74.0") found components: system filesystem date_time program_options thread chrono 
-- Found moveit_ros_planning_interface: 2.5.9 (/home/a/ws_moveit2/install/moveit_ros_planning_interface/share/moveit_ros_planning_interface/cmake)
-- Found Boost: /usr/lib/x86_64-linux-gnu/cmake/Boost-1.74.0/BoostConfig.cmake (found version "1.74.0") found components: date_time filesystem program_options system thread 
-- Found Boost: /usr/lib/x86_64-linux-gnu/cmake/Boost-1.74.0/BoostConfig.cmake (found version "1.74.0") found components: thread system filesystem regex date_time program_options 
-- Found Boost: /usr/lib/x86_64-linux-gnu/cmake/Boost-1.74.0/BoostConfig.cmake (found version "1.74.0") found components: system filesystem date_time program_options thread 
-- Configuring done
-- Generating done
-- Build files have been written to: /home/a/ws_moveit2/build/robot_config
[35m[1mConsolidate compiler generated dependencies of target move_to_pose_cpp[0m
[35m[1mConsolidate compiler generated dependencies of target move_to_pose_dual_cpp[0m
[35m[1mConsolidate compiler generated dependencies of target joystick_servo[0m
[35m[1mConsolidate compiler generated dependencies of target pose_command_publisher[0m
[ 25%] Built target joystick_servo
[ 62%] [32mBuilding CXX object CMakeFiles/pose_command_publisher.dir/src/pose_command_publisher.cpp.o[0m
[ 62%] Built target move_to_pose_cpp
[ 87%] Built target move_to_pose_dual_cpp
[100%] [32m[1mLinking CXX executable pose_command_publisher[0m
[100%] Built target pose_command_publisher
-- Install configuration: "Release"
-- Execute custom install script
-- Up-to-date symlink: /home/a/ws_moveit2/install/robot_config/share/ament_index/resource_index/package_run_dependencies/robot_config
-- Up-to-date symlink: /home/a/ws_moveit2/install/robot_config/share/ament_index/resource_index/parent_prefix_path/robot_config
-- Up-to-date symlink: /home/a/ws_moveit2/install/robot_config/share/robot_config/environment/ament_prefix_path.sh
-- Up-to-date symlink: /home/a/ws_moveit2/install/robot_config/share/robot_config/environment/ament_prefix_path.dsv
-- Up-to-date symlink: /home/a/ws_moveit2/install/robot_config/share/robot_config/environment/path.sh
-- Up-to-date symlink: /home/a/ws_moveit2/install/robot_config/share/robot_config/environment/path.dsv
-- Up-to-date symlink: /home/a/ws_moveit2/install/robot_config/share/robot_config/local_setup.bash
-- Up-to-date symlink: /home/a/ws_moveit2/install/robot_config/share/robot_config/local_setup.sh
-- Up-to-date symlink: /home/a/ws_moveit2/install/robot_config/share/robot_config/local_setup.zsh
-- Up-to-date symlink: /home/a/ws_moveit2/install/robot_config/share/robot_config/local_setup.dsv
-- Symlinking: /home/a/ws_moveit2/install/robot_config/share/robot_config/package.dsv
-- Up-to-date symlink: /home/a/ws_moveit2/install/robot_config/share/ament_index/resource_index/packages/robot_config
-- Up-to-date symlink: /home/a/ws_moveit2/install/robot_config/share/robot_config/cmake/robot_configConfig.cmake
-- Up-to-date symlink: /home/a/ws_moveit2/install/robot_config/share/robot_config/cmake/robot_configConfig-version.cmake
-- Up-to-date symlink: /home/a/ws_moveit2/install/robot_config/share/robot_config/package.xml
-- Up-to-date symlink: /home/a/ws_moveit2/install/robot_config/share/robot_config/launch/demo.launch.py
-- Up-to-date symlink: /home/a/ws_moveit2/install/robot_config/share/robot_config/launch/dual_arm_demo.launch.py
-- Up-to-date symlink: /home/a/ws_moveit2/install/robot_config/share/robot_config/launch/dual_arm_gazebo.launch.py
-- Up-to-date symlink: /home/a/ws_moveit2/install/robot_config/share/robot_config/launch/move_group.launch.py
-- Up-to-date symlink: /home/a/ws_moveit2/install/robot_config/share/robot_config/launch/moveit_rviz.launch.py
-- Up-to-date symlink: /home/a/ws_moveit2/install/robot_config/share/robot_config/launch/rsp.launch.py
-- Up-to-date symlink: /home/a/ws_moveit2/install/robot_config/share/robot_config/launch/setup_assistant.launch.py
-- Up-to-date symlink: /home/a/ws_moveit2/install/robot_config/share/robot_config/launch/spawn_controllers.launch.py
-- Up-to-date symlink: /home/a/ws_moveit2/install/robot_config/share/robot_config/launch/static_virtual_joint_tfs.launch.py
-- Up-to-date symlink: /home/a/ws_moveit2/install/robot_config/share/robot_config/launch/warehouse_db.launch.py
-- Up-to-date symlink: /home/a/ws_moveit2/install/robot_config/share/robot_config/config/0525_arm.ros2_control.xacro
-- Up-to-date symlink: /home/a/ws_moveit2/install/robot_config/share/robot_config/config/0525_arm.srdf
-- Up-to-date symlink: /home/a/ws_moveit2/install/robot_config/share/robot_config/config/0525_arm.urdf.xacro
-- Up-to-date symlink: /home/a/ws_moveit2/install/robot_config/share/robot_config/config/0525_arm.urdf.xacro.bak
-- Up-to-date symlink: /home/a/ws_moveit2/install/robot_config/share/robot_config/config/dual_arm.dae
-- Up-to-date symlink: /home/a/ws_moveit2/install/robot_config/share/robot_config/config/dual_arm.rounded.dae
-- Up-to-date symlink: /home/a/ws_moveit2/install/robot_config/share/robot_config/config/dual_arm.srdf
-- Up-to-date symlink: /home/a/ws_moveit2/install/robot_config/share/robot_config/config/dual_arm.urdf
-- Up-to-date symlink: /home/a/ws_moveit2/install/robot_config/share/robot_config/config/dual_arm.urdf.xacro
-- Up-to-date symlink: /home/a/ws_moveit2/install/robot_config/share/robot_config/config/dual_arm_controllers.yaml
-- Up-to-date symlink: /home/a/ws_moveit2/install/robot_config/share/robot_config/config/dual_arm_gazebo.urdf.xacro
-- Up-to-date symlink: /home/a/ws_moveit2/install/robot_config/share/robot_config/config/dual_arm_gazebo_controllers.yaml
-- Up-to-date symlink: /home/a/ws_moveit2/install/robot_config/share/robot_config/config/dual_arm_joint_limits.yaml
-- Up-to-date symlink: /home/a/ws_moveit2/install/robot_config/share/robot_config/config/dual_arm_kinematics.yaml
-- Up-to-date symlink: /home/a/ws_moveit2/install/robot_config/share/robot_config/config/dual_arm_moveit_controllers.yaml
-- Up-to-date symlink: /home/a/ws_moveit2/install/robot_config/share/robot_config/config/dual_arm_ompl_planning.yaml
-- Up-to-date symlink: /home/a/ws_moveit2/install/robot_config/share/robot_config/config/initial_positions.yaml
-- Up-to-date symlink: /home/a/ws_moveit2/install/robot_config/share/robot_config/config/joint_limits.yaml
-- Up-to-date symlink: /home/a/ws_moveit2/install/robot_config/share/robot_config/config/kinematics.yaml
-- Up-to-date symlink: /home/a/ws_moveit2/install/robot_config/share/robot_config/config/left_initial_positions.yaml
-- Up-to-date symlink: /home/a/ws_moveit2/install/robot_config/share/robot_config/config/moveit.rviz
-- Up-to-date symlink: /home/a/ws_moveit2/install/robot_config/share/robot_config/config/moveit_controllers.yaml
-- Up-to-date symlink: /home/a/ws_moveit2/install/robot_config/share/robot_config/config/ompl_planning.yaml
-- Up-to-date symlink: /home/a/ws_moveit2/install/robot_config/share/robot_config/config/pilz_cartesian_limits.yaml
-- Up-to-date symlink: /home/a/ws_moveit2/install/robot_config/share/robot_config/config/pilz_planning.yaml
-- Up-to-date symlink: /home/a/ws_moveit2/install/robot_config/share/robot_config/config/pose_commands.yaml
-- Up-to-date symlink: /home/a/ws_moveit2/install/robot_config/share/robot_config/config/right_initial_positions.yaml
-- Up-to-date symlink: /home/a/ws_moveit2/install/robot_config/share/robot_config/config/ros2_controllers.yaml
-- Up-to-date symlink: /home/a/ws_moveit2/install/robot_config/share/robot_config/config/servo.yaml
-- Up-to-date symlink: /home/a/ws_moveit2/install/robot_config/share/robot_config/.setup_assistant
-- Up-to-date symlink: /home/a/ws_moveit2/install/robot_config/lib/robot_config/joystick_servo
-- Up-to-date symlink: /home/a/ws_moveit2/install/robot_config/lib/robot_config/gui.py
-- Up-to-date symlink: /home/a/ws_moveit2/install/robot_config/lib/robot_config/publish_collision_mesh.py
-- Up-to-date symlink: /home/a/ws_moveit2/install/robot_config/lib/robot_config/joint_states_sorter.py
-- Up-to-date symlink: /home/a/ws_moveit2/install/robot_config/lib/robot_config/set_initial_pose.py
-- Up-to-date symlink: /home/a/ws_moveit2/install/robot_config/lib/robot_config/set_initial_pose_fixed.py
-- Up-to-date symlink: /home/a/ws_moveit2/install/robot_config/lib/robot_config/move_to_pose_cpp
-- Up-to-date symlink: /home/a/ws_moveit2/install/robot_config/lib/robot_config/move_to_pose_dual_cpp
-- Up-to-date symlink: /home/a/ws_moveit2/install/robot_config/lib/robot_config/pose_command_publisher
