[0.000000] (-) TimerEvent: {}
[0.000118] (-) JobUnselected: {'identifier': 'blue_seiretu_description'}
[0.000134] (-) JobUnselected: {'identifier': 'catch_gazebo_ros2_control'}
[0.000143] (-) JobUnselected: {'identifier': 'chomp_motion_planner'}
[0.000150] (-) JobUnselected: {'identifier': 'd415_rgb_depth_3d'}
[0.000157] (-) JobUnselected: {'identifier': 'dynamixel_controller'}
[0.000164] (-) JobUnselected: {'identifier': 'dynamixel_controller_client'}
[0.000170] (-) JobUnselected: {'identifier': 'dynamixel_controller_gui'}
[0.000177] (-) JobUnselected: {'identifier': 'dynamixel_sdk'}
[0.000184] (-) JobUnselected: {'identifier': 'dynamixel_sdk_custom_interfaces'}
[0.000191] (-) JobUnselected: {'identifier': 'dynamixel_sdk_examples'}
[0.000198] (-) JobUnselected: {'identifier': 'field_description'}
[0.000205] (-) JobUnselected: {'identifier': 'hello_moveit'}
[0.000211] (-) JobUnselected: {'identifier': 'launch_param_builder'}
[0.000219] (-) JobUnselected: {'identifier': 'mavlink_gui_tester'}
[0.000225] (-) JobUnselected: {'identifier': 'moveit'}
[0.000232] (-) JobUnselected: {'identifier': 'moveit2_tutorials'}
[0.000241] (-) JobUnselected: {'identifier': 'moveit_chomp_optimizer_adapter'}
[0.000249] (-) JobUnselected: {'identifier': 'moveit_common'}
[0.000343] (-) JobUnselected: {'identifier': 'moveit_configs_utils'}
[0.000352] (-) JobUnselected: {'identifier': 'moveit_core'}
[0.000359] (-) JobUnselected: {'identifier': 'moveit_hybrid_planning'}
[0.000367] (-) JobUnselected: {'identifier': 'moveit_kinematics'}
[0.000374] (-) JobUnselected: {'identifier': 'moveit_planners'}
[0.000524] (-) JobUnselected: {'identifier': 'moveit_planners_chomp'}
[0.000532] (-) JobUnselected: {'identifier': 'moveit_planners_ompl'}
[0.000540] (-) JobUnselected: {'identifier': 'moveit_plugins'}
[0.000549] (-) JobUnselected: {'identifier': 'moveit_resources'}
[0.000557] (-) JobUnselected: {'identifier': 'moveit_resources_fanuc_description'}
[0.000566] (-) JobUnselected: {'identifier': 'moveit_resources_fanuc_moveit_config'}
[0.000574] (-) JobUnselected: {'identifier': 'moveit_resources_panda_description'}
[0.000582] (-) JobUnselected: {'identifier': 'moveit_resources_panda_moveit_config'}
[0.000590] (-) JobUnselected: {'identifier': 'moveit_resources_pr2_description'}
[0.000598] (-) JobUnselected: {'identifier': 'moveit_resources_prbt_ikfast_manipulator_plugin'}
[0.000605] (-) JobUnselected: {'identifier': 'moveit_resources_prbt_moveit_config'}
[0.000613] (-) JobUnselected: {'identifier': 'moveit_resources_prbt_pg70_support'}
[0.000621] (-) JobUnselected: {'identifier': 'moveit_resources_prbt_support'}
[0.000628] (-) JobUnselected: {'identifier': 'moveit_ros'}
[0.000636] (-) JobUnselected: {'identifier': 'moveit_ros_benchmarks'}
[0.000644] (-) JobUnselected: {'identifier': 'moveit_ros_control_interface'}
[0.000652] (-) JobUnselected: {'identifier': 'moveit_ros_move_group'}
[0.000659] (-) JobUnselected: {'identifier': 'moveit_ros_occupancy_map_monitor'}
[0.000667] (-) JobUnselected: {'identifier': 'moveit_ros_perception'}
[0.000674] (-) JobUnselected: {'identifier': 'moveit_ros_planning'}
[0.000681] (-) JobUnselected: {'identifier': 'moveit_ros_planning_interface'}
[0.000688] (-) JobUnselected: {'identifier': 'moveit_ros_robot_interaction'}
[0.000697] (-) JobUnselected: {'identifier': 'moveit_ros_visualization'}
[0.000704] (-) JobUnselected: {'identifier': 'moveit_ros_warehouse'}
[0.000712] (-) JobUnselected: {'identifier': 'moveit_runtime'}
[0.000719] (-) JobUnselected: {'identifier': 'moveit_servo'}
[0.000727] (-) JobUnselected: {'identifier': 'moveit_setup_app_plugins'}
[0.000734] (-) JobUnselected: {'identifier': 'moveit_setup_assistant'}
[0.000741] (-) JobUnselected: {'identifier': 'moveit_setup_controllers'}
[0.000748] (-) JobUnselected: {'identifier': 'moveit_setup_core_plugins'}
[0.000755] (-) JobUnselected: {'identifier': 'moveit_setup_framework'}
[0.000763] (-) JobUnselected: {'identifier': 'moveit_setup_srdf_plugins'}
[0.000770] (-) JobUnselected: {'identifier': 'moveit_simple_controller_manager'}
[0.000777] (-) JobUnselected: {'identifier': 'moveit_task_constructor_capabilities'}
[0.000919] (-) JobUnselected: {'identifier': 'moveit_task_constructor_core'}
[0.000929] (-) JobUnselected: {'identifier': 'moveit_task_constructor_demo'}
[0.000937] (-) JobUnselected: {'identifier': 'moveit_task_constructor_msgs'}
[0.000945] (-) JobUnselected: {'identifier': 'moveit_task_constructor_visualization'}
[0.000953] (-) JobUnselected: {'identifier': 'moveit_visual_tools'}
[0.000961] (-) JobUnselected: {'identifier': 'mtc_tutorial'}
[0.000968] (-) JobUnselected: {'identifier': 'object_description'}
[0.000976] (-) JobUnselected: {'identifier': 'pilz_industrial_motion_planner'}
[0.000983] (-) JobUnselected: {'identifier': 'pilz_industrial_motion_planner_testutils'}
[0.000991] (-) JobUnselected: {'identifier': 'realsense2_camera'}
[0.000998] (-) JobUnselected: {'identifier': 'realsense2_camera_msgs'}
[0.001005] (-) JobUnselected: {'identifier': 'realsense2_description'}
[0.001012] (-) JobUnselected: {'identifier': 'realsense2_ros_mqtt_bridge'}
[0.001019] (-) JobUnselected: {'identifier': 'red_seiretu_description'}
[0.001026] (-) JobUnselected: {'identifier': 'robot_config'}
[0.001033] (-) JobUnselected: {'identifier': 'ros_tcp_endpoint'}
[0.001041] (-) JobUnselected: {'identifier': 'rosparam_shortcuts'}
[0.001048] (-) JobUnselected: {'identifier': 'rviz_marker_tools'}
[0.001055] (-) JobUnselected: {'identifier': 'srdfdom'}
[0.001063] (-) JobUnselected: {'identifier': 'stm32_mavlink_interface'}
[0.001075] (-) JobUnselected: {'identifier': 'trac_ik'}
[0.001082] (-) JobUnselected: {'identifier': 'trac_ik_kinematics_plugin'}
[0.001089] (-) JobUnselected: {'identifier': 'trac_ik_lib'}
[0.001096] (-) JobUnselected: {'identifier': 'urdf_0816_description'}
[0.001302] (-) EventReactorShutdown: {}
