[0.211s] Invoking command in '/home/a/ws_moveit2/build/realsense2_camera_msgs': CMAKE_PREFIX_PATH=/opt/ros/humble /usr/bin/cmake --build /home/a/ws_moveit2/build/realsense2_camera_msgs -- -j22 -l22
[0.788s] [35m[1mConsolidate compiler generated dependencies of target realsense2_camera_msgs__rosidl_generator_c[0m
[0.788s] [  0%] Built target realsense2_camera_msgs__cpp
[0.788s] [  0%] Built target ament_cmake_python_copy_realsense2_camera_msgs
[0.788s] [ 12%] Built target realsense2_camera_msgs__rosidl_generator_c
[0.788s] [35m[1mConsolidate compiler generated dependencies of target realsense2_camera_msgs__rosidl_typesupport_fastrtps_cpp[0m
[0.788s] [35m[1mConsolidate compiler generated dependencies of target realsense2_camera_msgs__rosidl_typesupport_introspection_cpp[0m
[0.788s] [35m[1mConsolidate compiler generated dependencies of target realsense2_camera_msgs__rosidl_typesupport_introspection_c[0m
[0.788s] [35m[1mConsolidate compiler generated dependencies of target realsense2_camera_msgs__rosidl_typesupport_c[0m
[0.788s] [35m[1mConsolidate compiler generated dependencies of target realsense2_camera_msgs__rosidl_typesupport_fastrtps_c[0m
[0.788s] [35m[1mConsolidate compiler generated dependencies of target realsense2_camera_msgs__rosidl_typesupport_cpp[0m
[0.788s] [ 35%] Built target realsense2_camera_msgs__rosidl_typesupport_introspection_c
[0.788s] [ 36%] Built target realsense2_camera_msgs__rosidl_typesupport_c
[0.788s] [ 48%] Built target realsense2_camera_msgs__rosidl_typesupport_fastrtps_cpp
[0.788s] [ 60%] Built target realsense2_camera_msgs__rosidl_typesupport_introspection_cpp
[0.788s] [ 72%] Built target realsense2_camera_msgs__rosidl_typesupport_cpp
[0.788s] [ 84%] Built target realsense2_camera_msgs__rosidl_typesupport_fastrtps_c
[0.789s] [ 84%] Built target realsense2_camera_msgs
[0.789s] [ 85%] Built target realsense2_camera_msgs__py
[0.789s] [35m[1mConsolidate compiler generated dependencies of target realsense2_camera_msgs__rosidl_generator_py[0m
[0.789s] [ 96%] Built target realsense2_camera_msgs__rosidl_generator_py
[0.789s] [35m[1mConsolidate compiler generated dependencies of target realsense2_camera_msgs__rosidl_typesupport_introspection_c__pyext[0m
[0.789s] [35m[1mConsolidate compiler generated dependencies of target realsense2_camera_msgs__rosidl_typesupport_c__pyext[0m
[0.789s] [35m[1mConsolidate compiler generated dependencies of target realsense2_camera_msgs__rosidl_typesupport_fastrtps_c__pyext[0m
[0.789s] [ 98%] Built target realsense2_camera_msgs__rosidl_typesupport_introspection_c__pyext
[0.789s] [100%] Built target realsense2_camera_msgs__rosidl_typesupport_c__pyext
[0.789s] [100%] Built target realsense2_camera_msgs__rosidl_typesupport_fastrtps_c__pyext
[0.789s] running egg_info
[0.789s] writing realsense2_camera_msgs.egg-info/PKG-INFO
[0.789s] writing dependency_links to realsense2_camera_msgs.egg-info/dependency_links.txt
[0.789s] writing top-level names to realsense2_camera_msgs.egg-info/top_level.txt
[0.789s] reading manifest file 'realsense2_camera_msgs.egg-info/SOURCES.txt'
[0.789s] writing manifest file 'realsense2_camera_msgs.egg-info/SOURCES.txt'
[0.789s] [100%] Built target ament_cmake_python_build_realsense2_camera_msgs_egg
[0.825s] Invoked command in '/home/a/ws_moveit2/build/realsense2_camera_msgs' returned '0': CMAKE_PREFIX_PATH=/opt/ros/humble /usr/bin/cmake --build /home/a/ws_moveit2/build/realsense2_camera_msgs -- -j22 -l22
[0.827s] Invoking command in '/home/a/ws_moveit2/build/realsense2_camera_msgs': CMAKE_PREFIX_PATH=/opt/ros/humble /usr/bin/cmake --install /home/a/ws_moveit2/build/realsense2_camera_msgs
