[0.235s] Invoking command in '/home/a/ws_moveit2/build/moveit_common': CMAKE_PREFIX_PATH=${CMAKE_PREFIX_PATH}:/home/a/ws_moveit2/install/moveit_configs_utils:/home/a/ws_moveit2/install/launch_param_builder:/opt/ros/humble /opt/st/stm32cubeclt_1.17.0/CMake/bin/cmake --build /home/a/ws_moveit2/build/moveit_common -- -j4 -l4
[0.554s] Invoked command in '/home/a/ws_moveit2/build/moveit_common' returned '0': CMAKE_PREFIX_PATH=${CMAKE_PREFIX_PATH}:/home/a/ws_moveit2/install/moveit_configs_utils:/home/a/ws_moveit2/install/launch_param_builder:/opt/ros/humble /opt/st/stm32cubeclt_1.17.0/CMake/bin/cmake --build /home/a/ws_moveit2/build/moveit_common -- -j4 -l4
[0.598s] Invoking command in '/home/a/ws_moveit2/build/moveit_common': CMAKE_PREFIX_PATH=${CMAKE_PREFIX_PATH}:/home/a/ws_moveit2/install/moveit_configs_utils:/home/a/ws_moveit2/install/launch_param_builder:/opt/ros/humble /opt/st/stm32cubeclt_1.17.0/CMake/bin/cmake --install /home/a/ws_moveit2/build/moveit_common
[0.711s] -- Install configuration: "Debug"
[0.712s] -- Execute custom install script
[0.712s] -- Up-to-date symlink: /home/a/ws_moveit2/install/moveit_common/share/ament_index/resource_index/package_run_dependencies/moveit_common
[0.717s] -- Up-to-date symlink: /home/a/ws_moveit2/install/moveit_common/share/ament_index/resource_index/parent_prefix_path/moveit_common
[0.722s] -- Up-to-date symlink: /home/a/ws_moveit2/install/moveit_common/share/moveit_common/environment/ament_prefix_path.sh
[0.723s] -- Up-to-date symlink: /home/a/ws_moveit2/install/moveit_common/share/moveit_common/environment/ament_prefix_path.dsv
[0.733s] -- Up-to-date symlink: /home/a/ws_moveit2/install/moveit_common/share/moveit_common/environment/path.sh
[0.734s] -- Up-to-date symlink: /home/a/ws_moveit2/install/moveit_common/share/moveit_common/environment/path.dsv
[0.741s] -- Up-to-date symlink: /home/a/ws_moveit2/install/moveit_common/share/moveit_common/local_setup.bash
[0.749s] -- Up-to-date symlink: /home/a/ws_moveit2/install/moveit_common/share/moveit_common/local_setup.sh
[0.750s] -- Up-to-date symlink: /home/a/ws_moveit2/install/moveit_common/share/moveit_common/local_setup.zsh
[0.757s] -- Up-to-date symlink: /home/a/ws_moveit2/install/moveit_common/share/moveit_common/local_setup.dsv
[0.760s] -- Symlinking: /home/a/ws_moveit2/install/moveit_common/share/moveit_common/package.dsv
[0.777s] -- Up-to-date symlink: /home/a/ws_moveit2/install/moveit_common/share/ament_index/resource_index/packages/moveit_common
[0.777s] -- Up-to-date symlink: /home/a/ws_moveit2/install/moveit_common/share/moveit_common/cmake/moveit_common-extras.cmake
[0.778s] -- Up-to-date symlink: /home/a/ws_moveit2/install/moveit_common/share/moveit_common/cmake/moveit_commonConfig.cmake
[0.787s] -- Up-to-date symlink: /home/a/ws_moveit2/install/moveit_common/share/moveit_common/cmake/moveit_commonConfig-version.cmake
[0.788s] -- Up-to-date symlink: /home/a/ws_moveit2/install/moveit_common/share/moveit_common/package.xml
[0.788s] -- Up-to-date symlink: /home/a/ws_moveit2/install/moveit_common/share/moveit_common/cmake/moveit_package.cmake
[1.270s] Invoked command in '/home/a/ws_moveit2/build/moveit_common' returned '0': CMAKE_PREFIX_PATH=${CMAKE_PREFIX_PATH}:/home/a/ws_moveit2/install/moveit_configs_utils:/home/a/ws_moveit2/install/launch_param_builder:/opt/ros/humble /opt/st/stm32cubeclt_1.17.0/CMake/bin/cmake --install /home/a/ws_moveit2/build/moveit_common
