[0.122s] Invoking command in '/home/a/ws_moveit2/build/robot_config': AMENT_PREFIX_PATH=/home/a/ws_moveit2/install/moveit_configs_utils:/home/a/ws_moveit2/install/launch_param_builder:/home/a/ws_moveit2/install/urdf_0816_description:/home/a/ws_moveit2/install/trac_ik:/home/a/ws_moveit2/install/robot_config:/home/a/ws_moveit2/install/trac_ik_kinematics_plugin:/home/a/ws_moveit2/install/trac_ik_lib:/home/a/ws_moveit2/install/right_arm_ikfast_plugin:/home/a/ws_moveit2/install/pilz_industrial_motion_planner_testutils:/home/a/ws_moveit2/install/moveit_runtime:/home/a/ws_moveit2/install/moveit2_tutorials:/home/a/ws_moveit2/install/moveit:/home/a/ws_moveit2/install/moveit_planners:/home/a/ws_moveit2/install/pilz_industrial_motion_planner:/home/a/ws_moveit2/install/mtc_tutorial:/home/a/ws_moveit2/install/hello_moveit:/home/a/ws_moveit2/install/moveit_visual_tools:/home/a/ws_moveit2/install/moveit_task_constructor_visualization:/home/a/ws_moveit2/install/moveit_task_constructor_demo:/home/a/ws_moveit2/install/moveit_task_constructor_capabilities:/home/a/ws_moveit2/install/moveit_task_constructor_core:/home/a/ws_moveit2/install/moveit_ros_control_interface:/home/a/ws_moveit2/install/moveit_plugins:/home/a/ws_moveit2/install/moveit_simple_controller_manager:/home/a/ws_moveit2/install/moveit_setup_assistant:/home/a/ws_moveit2/install/moveit_setup_srdf_plugins:/home/a/ws_moveit2/install/moveit_setup_core_plugins:/home/a/ws_moveit2/install/moveit_setup_controllers:/home/a/ws_moveit2/install/moveit_setup_app_plugins:/home/a/ws_moveit2/install/moveit_setup_framework:/home/a/ws_moveit2/install/moveit_servo:/home/a/ws_moveit2/install/moveit_ros:/home/a/ws_moveit2/install/moveit_ros_visualization:/home/a/ws_moveit2/install/moveit_hybrid_planning:/home/a/ws_moveit2/install/moveit_ros_planning_interface:/home/a/ws_moveit2/install/moveit_ros_benchmarks:/home/a/ws_moveit2/install/moveit_ros_warehouse:/home/a/ws_moveit2/install/moveit_ros_robot_interaction:/home/a/ws_moveit2/install/moveit_ros_perception:/home/a/ws_moveit2/install/moveit_resources_prbt_pg70_support:/home/a/ws_moveit2/install/moveit_resources_prbt_moveit_config:/home/a/ws_moveit2/install/moveit_ros_move_group:/home/a/ws_moveit2/install/moveit_planners_ompl:/home/a/ws_moveit2/install/left_arm_ikfast_plugin:/home/a/ws_moveit2/install/moveit_ros_planning:/home/a/ws_moveit2/install/moveit_ros_occupancy_map_monitor:/home/a/ws_moveit2/install/moveit_resources_prbt_ikfast_manipulator_plugin:/home/a/ws_moveit2/install/moveit_planners_chomp:/home/a/ws_moveit2/install/moveit_kinematics:/home/a/ws_moveit2/install/moveit_chomp_optimizer_adapter:/home/a/ws_moveit2/install/chomp_motion_planner:/home/a/ws_moveit2/install/moveit_core:/home/a/ws_moveit2/install/srdfdom:/home/a/ws_moveit2/install/rviz_marker_tools:/home/a/ws_moveit2/install/rosparam_shortcuts:/home/a/ws_moveit2/install/ros_tcp_endpoint:/home/a/ws_moveit2/install/realsense2_ros_mqtt_bridge:/home/a/ws_moveit2/install/realsense2_description:/home/a/ws_moveit2/install/realsense2_camera:/home/a/ws_moveit2/install/realsense2_camera_msgs:/home/a/ws_moveit2/install/object_description:/home/a/ws_moveit2/install/moveit_task_constructor_msgs:/home/a/ws_moveit2/install/moveit_resources_prbt_support:/home/a/ws_moveit2/install/moveit_resources:/home/a/ws_moveit2/install/moveit_resources_pr2_description:/home/a/ws_moveit2/install/moveit_resources_panda_moveit_config:/home/a/ws_moveit2/install/moveit_resources_panda_description:/home/a/ws_moveit2/install/moveit_resources_fanuc_moveit_config:/home/a/ws_moveit2/install/moveit_resources_fanuc_description:/home/a/ws_moveit2/install/moveit_common:/home/a/ws_moveit2/install/field_description_test:/home/a/ws_moveit2/install/field_description:/home/a/ws_moveit2/install/dynamixel_sdk_examples:/home/a/ws_moveit2/install/dynamixel_sdk_custom_interfaces:/home/a/ws_moveit2/install/dynamixel_controller_gui:/home/a/ws_moveit2/install/dynamixel_controller:/home/a/ws_moveit2/install/dynamixel_sdk:/home/a/ws_moveit2/install/dynamixel_controller_client:/home/a/ws_moveit2/install/catch_gazebo_ros2_control:/home/a/ws_moveit2/install/0525_arm_description:/opt/ros/humble CMAKE_PREFIX_PATH=/home/a/ws_moveit2/install/moveit_setup_assistant:/home/a/ws_moveit2/install/moveit_setup_srdf_plugins:/home/a/ws_moveit2/install/moveit_setup_core_plugins:/home/a/ws_moveit2/install/moveit_setup_controllers:/home/a/ws_moveit2/install/moveit_setup_app_plugins:/home/a/ws_moveit2/install/moveit_planners:/home/a/ws_moveit2/install/pilz_industrial_motion_planner:/home/a/ws_moveit2/install/moveit_setup_framework:/home/a/ws_moveit2/install/moveit_servo:/home/a/ws_moveit2/install/moveit_ros_visualization:/home/a/ws_moveit2/install/moveit_resources_prbt_pg70_support:/home/a/ws_moveit2/install/moveit_ros_planning_interface:/home/a/ws_moveit2/install/moveit_resources_prbt_moveit_config:/home/a/ws_moveit2/install/moveit_ros_move_group:/home/a/ws_moveit2/install/moveit_ros_warehouse:/home/a/ws_moveit2/install/moveit_ros_robot_interaction:/home/a/ws_moveit2/install/moveit_planners_ompl:/home/a/ws_moveit2/install/moveit_kinematics:/home/a/ws_moveit2/install/moveit_ros_planning:/home/a/ws_moveit2/install/moveit_planners_chomp:/home/a/ws_moveit2/install/trac_ik_kinematics_plugin:/home/a/ws_moveit2/install/pilz_industrial_motion_planner_testutils:/home/a/ws_moveit2/install/moveit_simple_controller_manager:/home/a/ws_moveit2/install/moveit_ros_occupancy_map_monitor:/home/a/ws_moveit2/install/moveit_resources_prbt_ikfast_manipulator_plugin:/home/a/ws_moveit2/install/chomp_motion_planner:/home/a/ws_moveit2/install/moveit_core:/home/a/ws_moveit2/install/moveit_resources_panda_moveit_config:/home/a/ws_moveit2/install/moveit_resources_fanuc_moveit_config:/home/a/ws_moveit2/install/trac_ik_lib:/home/a/ws_moveit2/install/srdfdom:/home/a/ws_moveit2/install/moveit_resources_prbt_support:/home/a/ws_moveit2/install/moveit_resources_pr2_description:/home/a/ws_moveit2/install/moveit_resources_panda_description:/home/a/ws_moveit2/install/moveit_resources_fanuc_description:/home/a/ws_moveit2/install/moveit_common:/home/a/ws_moveit2/install/urdf_0816_description:/home/a/ws_moveit2/install/trac_ik:/home/a/ws_moveit2/install/robot_config:/home/a/ws_moveit2/install/right_arm_ikfast_plugin:/home/a/ws_moveit2/install/moveit_runtime:/home/a/ws_moveit2/install/moveit2_tutorials:/home/a/ws_moveit2/install/moveit:/home/a/ws_moveit2/install/mtc_tutorial:/home/a/ws_moveit2/install/hello_moveit:/home/a/ws_moveit2/install/moveit_visual_tools:/home/a/ws_moveit2/install/moveit_task_constructor_visualization:/home/a/ws_moveit2/install/moveit_task_constructor_demo:/home/a/ws_moveit2/install/moveit_task_constructor_capabilities:/home/a/ws_moveit2/install/moveit_task_constructor_core:/home/a/ws_moveit2/install/moveit_ros_control_interface:/home/a/ws_moveit2/install/moveit_plugins:/home/a/ws_moveit2/install/moveit_ros:/home/a/ws_moveit2/install/moveit_hybrid_planning:/home/a/ws_moveit2/install/moveit_ros_benchmarks:/home/a/ws_moveit2/install/moveit_ros_perception:/home/a/ws_moveit2/install/left_arm_ikfast_plugin:/home/a/ws_moveit2/install/moveit_chomp_optimizer_adapter:/home/a/ws_moveit2/install/rviz_marker_tools:/home/a/ws_moveit2/install/rosparam_shortcuts:/home/a/ws_moveit2/install/realsense2_description:/home/a/ws_moveit2/install/realsense2_camera:/home/a/ws_moveit2/install/realsense2_camera_msgs:/home/a/ws_moveit2/install/object_description:/home/a/ws_moveit2/install/moveit_task_constructor_msgs:/home/a/ws_moveit2/install/moveit_resources:/home/a/ws_moveit2/install/field_description_test:/home/a/ws_moveit2/install/field_description:/home/a/ws_moveit2/install/dynamixel_sdk_examples:/home/a/ws_moveit2/install/dynamixel_sdk_custom_interfaces:/home/a/ws_moveit2/install/dynamixel_controller:/home/a/ws_moveit2/install/dynamixel_sdk:/home/a/ws_moveit2/install/catch_gazebo_ros2_control:/home/a/ws_moveit2/install/0525_arm_description:/home/a/ws_moveit2/install/moveit_configs_utils:/home/a/ws_moveit2/install/ros_tcp_endpoint:/home/a/ws_moveit2/install/realsense2_ros_mqtt_bridge:/home/a/ws_moveit2/install/launch_param_builder:/home/a/ws_moveit2/install/dynamixel_controller_gui:/home/a/ws_moveit2/install/dynamixel_controller_client:/opt/ros/humble LD_LIBRARY_PATH=/home/a/ws_moveit2/install/moveit_setup_srdf_plugins/lib:/home/a/ws_moveit2/install/moveit_setup_core_plugins/lib:/home/a/ws_moveit2/install/moveit_setup_controllers/lib:/home/a/ws_moveit2/install/moveit_setup_app_plugins/lib:/home/a/ws_moveit2/install/pilz_industrial_motion_planner/lib:/home/a/ws_moveit2/install/moveit_setup_framework/lib:/home/a/ws_moveit2/install/moveit_servo/lib:/home/a/ws_moveit2/install/moveit_ros_visualization/lib:/home/a/ws_moveit2/install/moveit_ros_planning_interface/lib:/home/a/ws_moveit2/install/moveit_ros_move_group/lib:/home/a/ws_moveit2/install/moveit_ros_warehouse/lib:/home/a/ws_moveit2/install/moveit_ros_robot_interaction/lib:/home/a/ws_moveit2/install/moveit_planners_ompl/lib:/home/a/ws_moveit2/install/moveit_kinematics/lib:/home/a/ws_moveit2/install/moveit_ros_planning/lib:/home/a/ws_moveit2/install/moveit_planners_chomp/lib:/home/a/ws_moveit2/install/trac_ik_kinematics_plugin/lib:/home/a/ws_moveit2/install/pilz_industrial_motion_planner_testutils/lib:/home/a/ws_moveit2/install/moveit_simple_controller_manager/lib:/home/a/ws_moveit2/install/moveit_ros_occupancy_map_monitor/lib:/home/a/ws_moveit2/install/moveit_resources_prbt_ikfast_manipulator_plugin/lib:/home/a/ws_moveit2/install/chomp_motion_planner/lib:/home/a/ws_moveit2/install/moveit_core/lib:/home/a/ws_moveit2/install/trac_ik_lib/lib:/home/a/ws_moveit2/install/srdfdom/lib:/home/a/ws_moveit2/install/right_arm_ikfast_plugin/lib:/home/a/ws_moveit2/install/moveit_visual_tools/lib:/home/a/ws_moveit2/install/moveit_task_constructor_visualization/lib:/home/a/ws_moveit2/install/moveit_task_constructor_demo/lib:/home/a/ws_moveit2/install/moveit_task_constructor_capabilities/lib:/home/a/ws_moveit2/install/moveit_task_constructor_core/lib:/home/a/ws_moveit2/install/moveit_ros_control_interface/lib:/home/a/ws_moveit2/install/moveit_setup_assistant/lib:/home/a/ws_moveit2/install/moveit_hybrid_planning/lib:/home/a/ws_moveit2/install/moveit_ros_benchmarks/lib:/home/a/ws_moveit2/install/moveit_ros_perception/lib:/home/a/ws_moveit2/install/left_arm_ikfast_plugin/lib:/home/a/ws_moveit2/install/moveit_chomp_optimizer_adapter/lib:/home/a/ws_moveit2/install/rviz_marker_tools/lib:/home/a/ws_moveit2/install/rosparam_shortcuts/lib:/home/a/ws_moveit2/install/realsense2_camera/lib:/home/a/ws_moveit2/install/realsense2_camera_msgs/lib:/home/a/ws_moveit2/install/moveit_task_constructor_msgs/lib:/home/a/ws_moveit2/install/dynamixel_sdk_custom_interfaces/lib:/home/a/ws_moveit2/install/dynamixel_controller/lib:/home/a/ws_moveit2/install/dynamixel_sdk/lib:/usr/lib/x86_64-linux-gnu/gazebo-11/plugins:/opt/ros/humble/opt/rviz_ogre_vendor/lib:/opt/ros/humble/lib/x86_64-linux-gnu:/opt/ros/humble/lib PYTHONPATH=/home/a/ws_moveit2/install/moveit_configs_utils/lib/python3.10/site-packages:/home/a/ws_moveit2/install/launch_param_builder/lib/python3.10/site-packages:/home/a/ws_moveit2/install/moveit_task_constructor_core/local/lib/python3.10/dist-packages:/home/a/ws_moveit2/install/srdfdom/local/lib/python3.10/dist-packages:/home/a/ws_moveit2/install/ros_tcp_endpoint/lib/python3.10/site-packages:/home/a/ws_moveit2/install/realsense2_ros_mqtt_bridge/lib/python3.10/site-packages:/home/a/ws_moveit2/install/realsense2_camera_msgs/local/lib/python3.10/dist-packages:/home/a/ws_moveit2/install/moveit_task_constructor_msgs/local/lib/python3.10/dist-packages:/home/a/ws_moveit2/install/dynamixel_sdk_custom_interfaces/local/lib/python3.10/dist-packages:/home/a/ws_moveit2/install/dynamixel_controller_gui/lib/python3.10/site-packages:/home/a/ws_moveit2/install/dynamixel_controller/local/lib/python3.10/dist-packages:/home/a/ws_moveit2/install/dynamixel_controller_client/lib/python3.10/site-packages:/opt/ros/humble/lib/python3.10/site-packages:/opt/ros/humble/local/lib/python3.10/dist-packages /usr/bin/cmake --build /home/a/ws_moveit2/build/robot_config -- -j22 -l22
[0.174s] [35m[1mConsolidate compiler generated dependencies of target move_to_pose_dual_cpp[0m
[0.180s] [ 14%] Built target joystick_servo
[0.180s] [ 28%] Built target pose_command_publisher
[0.183s] [ 42%] Built target dual_arm_servo_controller
[0.183s] [ 57%] Built target dual_arm_realtime_control
[0.185s] [ 71%] Built target simple_dual_arm_control
[0.185s] [ 85%] Built target dual_arm_cartesian_control
[0.194s] [ 92%] [32mBuilding CXX object CMakeFiles/move_to_pose_dual_cpp.dir/src/move_to_pose_dual_cpp.cpp.o[0m
[3.288s] [01m[K/home/a/ws_moveit2/src/robot_config/src/move_to_pose_dual_cpp.cpp:263:9:[m[K [01;31m[Kerror: [m[K‘[01m[Kstd::shared_pGoalPositionTolerancetr[m[K’ has not been declared
[3.288s]   263 |         [01;31m[Kstd[m[K::shared_pGoalPositionTolerancetr<moveit::planning_interface::MoveGroupInterface> move_group_interface,
[3.288s]       |         [01;31m[K^~~[m[K
[3.288s] [01m[K/home/a/ws_moveit2/src/robot_config/src/move_to_pose_dual_cpp.cpp:263:45:[m[K [01;31m[Kerror: [m[Kexpected ‘[01m[K,[m[K’ or ‘[01m[K...[m[K’ before ‘[01m[K<[m[K’ token
[3.288s]   263 |         std::shared_pGoalPositionTolerancetr[01;31m[K<[m[Kmoveit::planning_interface::MoveGroupInterface> move_group_interface,
[3.288s]       |                                             [01;31m[K^[m[K
[3.350s] [01m[K/home/a/ws_moveit2/src/robot_config/src/move_to_pose_dual_cpp.cpp:[m[K In lambda function:
[3.350s] [01m[K/home/a/ws_moveit2/src/robot_config/src/move_to_pose_dual_cpp.cpp:248:44:[m[K [01;31m[Kerror: [m[Kno matching function for call to ‘[01m[KMoveToPoseDualCpp::execute_trajectory_directly(const std::shared_ptr<moveit::planning_interface::MoveGroupInterface>&, moveit::planning_interface::MoveGroupInterface::Plan&, const string&)[m[K’
[3.350s]   248 |                 [01;31m[Kexecute_trajectory_directly(move_group_interface, my_plan, arm_name)[m[K;  // 直接軌道送信
[3.350s]       |                 [01;31m[K~~~~~~~~~~~~~~~~~~~~~~~~~~~^~~~~~~~~~~~~~~~~~~~~~~~~~~~~~~~~~~~~~~~~[m[K
[3.350s] [01m[K/home/a/ws_moveit2/src/robot_config/src/move_to_pose_dual_cpp.cpp:262:10:[m[K [01;36m[Knote: [m[Kcandidate: ‘[01m[Kvoid MoveToPoseDualCpp::execute_trajectory_directly(int)[m[K’
[3.350s]   262 |     void [01;36m[Kexecute_trajectory_directly[m[K(
[3.350s]       |          [01;36m[K^~~~~~~~~~~~~~~~~~~~~~~~~~~[m[K
[3.350s] [01m[K/home/a/ws_moveit2/src/robot_config/src/move_to_pose_dual_cpp.cpp:262:10:[m[K [01;36m[Knote: [m[K  candidate expects 1 argument, 3 provided
[3.357s] [01m[K/home/a/ws_moveit2/src/robot_config/src/move_to_pose_dual_cpp.cpp:[m[K In member function ‘[01m[Kvoid MoveToPoseDualCpp::execute_trajectory_directly(int)[m[K’:
[3.357s] [01m[K/home/a/ws_moveit2/src/robot_config/src/move_to_pose_dual_cpp.cpp:268:31:[m[K [01;31m[Kerror: [m[K‘[01m[Karm_name[m[K’ was not declared in this scope; did you mean ‘[01m[Krename[m[K’?
[3.357s]   268 |         auto action_client = ([01;31m[Karm_name[m[K == "left") ? left_arm_action_client_ : right_arm_action_client_;
[3.357s]       |                               [01;31m[K^~~~~~~~[m[K
[3.357s]       |                               [32m[Krename[m[K
[3.362s] [01m[K/home/a/ws_moveit2/src/robot_config/src/move_to_pose_dual_cpp.cpp:283:31:[m[K [01;31m[Kerror: [m[K‘[01m[Kplan[m[K’ was not declared in this scope
[3.362s]   283 |         goal_msg.trajectory = [01;31m[Kplan[m[K.trajectory_.joint_trajectory;
[3.362s]       |                               [01;31m[K^~~~[m[K
[3.364s] In file included from [01m[K/opt/ros/humble/include/rclcpp/rclcpp/logging.hpp:24[m[K,
[3.364s]                  from [01m[K/opt/ros/humble/include/rclcpp/rclcpp/client.hpp:40[m[K,
[3.364s]                  from [01m[K/opt/ros/humble/include/rclcpp/rclcpp/callback_group.hpp:24[m[K,
[3.364s]                  from [01m[K/opt/ros/humble/include/rclcpp/rclcpp/any_executable.hpp:20[m[K,
[3.365s]                  from [01m[K/opt/ros/humble/include/rclcpp/rclcpp/memory_strategy.hpp:25[m[K,
[3.365s]                  from [01m[K/opt/ros/humble/include/rclcpp/rclcpp/memory_strategies.hpp:18[m[K,
[3.365s]                  from [01m[K/opt/ros/humble/include/rclcpp/rclcpp/executor_options.hpp:20[m[K,
[3.365s]                  from [01m[K/opt/ros/humble/include/rclcpp/rclcpp/executor.hpp:37[m[K,
[3.365s]                  from [01m[K/opt/ros/humble/include/rclcpp/rclcpp/executors/multi_threaded_executor.hpp:25[m[K,
[3.365s]                  from [01m[K/opt/ros/humble/include/rclcpp/rclcpp/executors.hpp:21[m[K,
[3.365s]                  from [01m[K/opt/ros/humble/include/rclcpp/rclcpp/rclcpp.hpp:155[m[K,
[3.365s]                  from [01m[K/home/a/ws_moveit2/src/robot_config/src/move_to_pose_dual_cpp.cpp:1[m[K:
[3.365s] [01m[K/home/a/ws_moveit2/src/robot_config/src/move_to_pose_dual_cpp.cpp:[m[K In lambda function:
[3.365s] [01m[K/home/a/ws_moveit2/src/robot_config/src/move_to_pose_dual_cpp.cpp:318:87:[m[K [01;31m[Kerror: [m[K‘[01m[Karm_name[m[K’ is not captured
[3.365s]   318 |                 RCLCPP_INFO(this->get_logger(), "Goal accepted by %s arm controller", [01;31m[Karm_name[m[K.c_str());
[3.365s]       |                                                                                       [01;31m[K^~~~~~~~[m[K
[3.365s] [01m[K/home/a/ws_moveit2/src/robot_config/src/move_to_pose_dual_cpp.cpp:317:28:[m[K [01;36m[Knote: [m[Kthe lambda has no capture-default
[3.365s]   317 |             [this, arm_name[01;36m[K][m[K(auto) {
[3.365s]       |                            [01;36m[K^[m[K
[3.365s] [01m[K/home/a/ws_moveit2/src/robot_config/src/move_to_pose_dual_cpp.cpp:268:31:[m[K [01;36m[Knote: [m[K‘[01m[K<typeprefixerror>arm_name[m[K’ declared here
[3.365s]   268 |         auto action_client = ([01;36m[Karm_name[m[K == "left") ? left_arm_action_client_ : right_arm_action_client_;
[3.365s]       |                               [01;36m[K^~~~~~~~[m[K
[3.369s] In file included from [01m[K/opt/ros/humble/include/rclcpp/rclcpp/logging.hpp:24[m[K,
[3.369s]                  from [01m[K/opt/ros/humble/include/rclcpp/rclcpp/client.hpp:40[m[K,
[3.370s]                  from [01m[K/opt/ros/humble/include/rclcpp/rclcpp/callback_group.hpp:24[m[K,
[3.370s]                  from [01m[K/opt/ros/humble/include/rclcpp/rclcpp/any_executable.hpp:20[m[K,
[3.370s]                  from [01m[K/opt/ros/humble/include/rclcpp/rclcpp/memory_strategy.hpp:25[m[K,
[3.370s]                  from [01m[K/opt/ros/humble/include/rclcpp/rclcpp/memory_strategies.hpp:18[m[K,
[3.370s]                  from [01m[K/opt/ros/humble/include/rclcpp/rclcpp/executor_options.hpp:20[m[K,
[3.370s]                  from [01m[K/opt/ros/humble/include/rclcpp/rclcpp/executor.hpp:37[m[K,
[3.370s]                  from [01m[K/opt/ros/humble/include/rclcpp/rclcpp/executors/multi_threaded_executor.hpp:25[m[K,
[3.370s]                  from [01m[K/opt/ros/humble/include/rclcpp/rclcpp/executors.hpp:21[m[K,
[3.370s]                  from [01m[K/opt/ros/humble/include/rclcpp/rclcpp/rclcpp.hpp:155[m[K,
[3.371s]                  from [01m[K/home/a/ws_moveit2/src/robot_config/src/move_to_pose_dual_cpp.cpp:1[m[K:
[3.371s] [01m[K/home/a/ws_moveit2/src/robot_config/src/move_to_pose_dual_cpp.cpp:[m[K In lambda function:
[3.371s] [01m[K/home/a/ws_moveit2/src/robot_config/src/move_to_pose_dual_cpp.cpp:329:36:[m[K [01;31m[Kerror: [m[K‘[01m[Karm_name[m[K’ is not captured
[3.371s]   329 |                                    [01;31m[Karm_name[m[K.c_str(), trajectory_duration, actual_duration);
[3.371s]       |                                    [01;31m[K^~~~~~~~[m[K
[3.371s] [01m[K/home/a/ws_moveit2/src/robot_config/src/move_to_pose_dual_cpp.cpp:321:49:[m[K [01;36m[Knote: [m[Kthe lambda has no capture-default
[3.371s]   321 |             [this, arm_name, trajectory_duration[01;36m[K][m[K(const rclcpp_action::ClientGoalHandle<FollowJointTrajectory>::WrappedResult & result) {
[3.371s]       |                                                 [01;36m[K^[m[K
[3.371s] [01m[K/home/a/ws_moveit2/src/robot_config/src/move_to_pose_dual_cpp.cpp:268:31:[m[K [01;36m[Knote: [m[K‘[01m[K<typeprefixerror>arm_name[m[K’ declared here
[3.372s]   268 |         auto action_client = ([01;36m[Karm_name[m[K == "left") ? left_arm_action_client_ : right_arm_action_client_;
[3.372s]       |                               [01;36m[K^~~~~~~~[m[K
[3.372s] In file included from [01m[K/opt/ros/humble/include/rclcpp/rclcpp/logging.hpp:24[m[K,
[3.372s]                  from [01m[K/opt/ros/humble/include/rclcpp/rclcpp/client.hpp:40[m[K,
[3.372s]                  from [01m[K/opt/ros/humble/include/rclcpp/rclcpp/callback_group.hpp:24[m[K,
[3.373s]                  from [01m[K/opt/ros/humble/include/rclcpp/rclcpp/any_executable.hpp:20[m[K,
[3.373s]                  from [01m[K/opt/ros/humble/include/rclcpp/rclcpp/memory_strategy.hpp:25[m[K,
[3.373s]                  from [01m[K/opt/ros/humble/include/rclcpp/rclcpp/memory_strategies.hpp:18[m[K,
[3.373s]                  from [01m[K/opt/ros/humble/include/rclcpp/rclcpp/executor_options.hpp:20[m[K,
[3.373s]                  from [01m[K/opt/ros/humble/include/rclcpp/rclcpp/executor.hpp:37[m[K,
[3.373s]                  from [01m[K/opt/ros/humble/include/rclcpp/rclcpp/executors/multi_threaded_executor.hpp:25[m[K,
[3.374s]                  from [01m[K/opt/ros/humble/include/rclcpp/rclcpp/executors.hpp:21[m[K,
[3.374s]                  from [01m[K/opt/ros/humble/include/rclcpp/rclcpp/rclcpp.hpp:155[m[K,
[3.374s]                  from [01m[K/home/a/ws_moveit2/src/robot_config/src/move_to_pose_dual_cpp.cpp:1[m[K:
[3.374s] [01m[K/home/a/ws_moveit2/src/robot_config/src/move_to_pose_dual_cpp.cpp:333:36:[m[K [01;31m[Kerror: [m[K‘[01m[Karm_name[m[K’ is not captured
[3.374s]   333 |                                    [01;31m[Karm_name[m[K.c_str(), actual_duration, result.result->error_string.c_str());
[3.374s]       |                                    [01;31m[K^~~~~~~~[m[K
[3.374s] [01m[K/home/a/ws_moveit2/src/robot_config/src/move_to_pose_dual_cpp.cpp:321:49:[m[K [01;36m[Knote: [m[Kthe lambda has no capture-default
[3.374s]   321 |             [this, arm_name, trajectory_duration[01;36m[K][m[K(const rclcpp_action::ClientGoalHandle<FollowJointTrajectory>::WrappedResult & result) {
[3.374s]       |                                                 [01;36m[K^[m[K
[3.374s] [01m[K/home/a/ws_moveit2/src/robot_config/src/move_to_pose_dual_cpp.cpp:268:31:[m[K [01;36m[Knote: [m[K‘[01m[K<typeprefixerror>arm_name[m[K’ declared here
[3.374s]   268 |         auto action_client = ([01;36m[Karm_name[m[K == "left") ? left_arm_action_client_ : right_arm_action_client_;
[3.374s]       |                               [01;36m[K^~~~~~~~[m[K
[3.374s] In file included from [01m[K/opt/ros/humble/include/rclcpp/rclcpp/logging.hpp:24[m[K,
[3.374s]                  from [01m[K/opt/ros/humble/include/rclcpp/rclcpp/client.hpp:40[m[K,
[3.374s]                  from [01m[K/opt/ros/humble/include/rclcpp/rclcpp/callback_group.hpp:24[m[K,
[3.375s]                  from [01m[K/opt/ros/humble/include/rclcpp/rclcpp/any_executable.hpp:20[m[K,
[3.375s]                  from [01m[K/opt/ros/humble/include/rclcpp/rclcpp/memory_strategy.hpp:25[m[K,
[3.375s]                  from [01m[K/opt/ros/humble/include/rclcpp/rclcpp/memory_strategies.hpp:18[m[K,
[3.375s]                  from [01m[K/opt/ros/humble/include/rclcpp/rclcpp/executor_options.hpp:20[m[K,
[3.375s]                  from [01m[K/opt/ros/humble/include/rclcpp/rclcpp/executor.hpp:37[m[K,
[3.375s]                  from [01m[K/opt/ros/humble/include/rclcpp/rclcpp/executors/multi_threaded_executor.hpp:25[m[K,
[3.375s]                  from [01m[K/opt/ros/humble/include/rclcpp/rclcpp/executors.hpp:21[m[K,
[3.375s]                  from [01m[K/opt/ros/humble/include/rclcpp/rclcpp/rclcpp.hpp:155[m[K,
[3.375s]                  from [01m[K/home/a/ws_moveit2/src/robot_config/src/move_to_pose_dual_cpp.cpp:1[m[K:
[3.375s] [01m[K/home/a/ws_moveit2/src/robot_config/src/move_to_pose_dual_cpp.cpp:337:36:[m[K [01;31m[Kerror: [m[K‘[01m[Karm_name[m[K’ is not captured
[3.375s]   337 |                                    [01;31m[Karm_name[m[K.c_str(), actual_duration);
[3.375s]       |                                    [01;31m[K^~~~~~~~[m[K
[3.375s] [01m[K/home/a/ws_moveit2/src/robot_config/src/move_to_pose_dual_cpp.cpp:321:49:[m[K [01;36m[Knote: [m[Kthe lambda has no capture-default
[3.375s]   321 |             [this, arm_name, trajectory_duration[01;36m[K][m[K(const rclcpp_action::ClientGoalHandle<FollowJointTrajectory>::WrappedResult & result) {
[3.375s]       |                                                 [01;36m[K^[m[K
[3.375s] [01m[K/home/a/ws_moveit2/src/robot_config/src/move_to_pose_dual_cpp.cpp:268:31:[m[K [01;36m[Knote: [m[K‘[01m[K<typeprefixerror>arm_name[m[K’ declared here
[3.375s]   268 |         auto action_client = ([01;36m[Karm_name[m[K == "left") ? left_arm_action_client_ : right_arm_action_client_;
[3.375s]       |                               [01;36m[K^~~~~~~~[m[K
[3.375s] In file included from [01m[K/opt/ros/humble/include/rclcpp/rclcpp/logging.hpp:24[m[K,
[3.375s]                  from [01m[K/opt/ros/humble/include/rclcpp/rclcpp/client.hpp:40[m[K,
[3.375s]                  from [01m[K/opt/ros/humble/include/rclcpp/rclcpp/callback_group.hpp:24[m[K,
[3.375s]                  from [01m[K/opt/ros/humble/include/rclcpp/rclcpp/any_executable.hpp:20[m[K,
[3.375s]                  from [01m[K/opt/ros/humble/include/rclcpp/rclcpp/memory_strategy.hpp:25[m[K,
[3.376s]                  from [01m[K/opt/ros/humble/include/rclcpp/rclcpp/memory_strategies.hpp:18[m[K,
[3.376s]                  from [01m[K/opt/ros/humble/include/rclcpp/rclcpp/executor_options.hpp:20[m[K,
[3.376s]                  from [01m[K/opt/ros/humble/include/rclcpp/rclcpp/executor.hpp:37[m[K,
[3.376s]                  from [01m[K/opt/ros/humble/include/rclcpp/rclcpp/executors/multi_threaded_executor.hpp:25[m[K,
[3.376s]                  from [01m[K/opt/ros/humble/include/rclcpp/rclcpp/executors.hpp:21[m[K,
[3.376s]                  from [01m[K/opt/ros/humble/include/rclcpp/rclcpp/rclcpp.hpp:155[m[K,
[3.376s]                  from [01m[K/home/a/ws_moveit2/src/robot_config/src/move_to_pose_dual_cpp.cpp:1[m[K:
[3.376s] [01m[K/home/a/ws_moveit2/src/robot_config/src/move_to_pose_dual_cpp.cpp:341:36:[m[K [01;31m[Kerror: [m[K‘[01m[Karm_name[m[K’ is not captured
[3.376s]   341 |                                    [01;31m[Karm_name[m[K.c_str(), actual_duration);
[3.376s]       |                                    [01;31m[K^~~~~~~~[m[K
[3.376s] [01m[K/home/a/ws_moveit2/src/robot_config/src/move_to_pose_dual_cpp.cpp:321:49:[m[K [01;36m[Knote: [m[Kthe lambda has no capture-default
[3.376s]   321 |             [this, arm_name, trajectory_duration[01;36m[K][m[K(const rclcpp_action::ClientGoalHandle<FollowJointTrajectory>::WrappedResult & result) {
[3.376s]       |                                                 [01;36m[K^[m[K
[3.376s] [01m[K/home/a/ws_moveit2/src/robot_config/src/move_to_pose_dual_cpp.cpp:268:31:[m[K [01;36m[Knote: [m[K‘[01m[K<typeprefixerror>arm_name[m[K’ declared here
[3.376s]   268 |         auto action_client = ([01;36m[Karm_name[m[K == "left") ? left_arm_action_client_ : right_arm_action_client_;
[3.376s]       |                               [01;36m[K^~~~~~~~[m[K
[3.376s] [01m[K/home/a/ws_moveit2/src/robot_config/src/move_to_pose_dual_cpp.cpp:344:40:[m[K [01;31m[Kerror: [m[K‘[01m[Karm_name[m[K’ is not captured
[3.376s]   344 |                 stopTrajectoryTracking([01;31m[Karm_name[m[K);
[3.376s]       |                                        [01;31m[K^~~~~~~~[m[K
[3.376s] [01m[K/home/a/ws_moveit2/src/robot_config/src/move_to_pose_dual_cpp.cpp:321:49:[m[K [01;36m[Knote: [m[Kthe lambda has no capture-default
[3.376s]   321 |             [this, arm_name, trajectory_duration[01;36m[K][m[K(const rclcpp_action::ClientGoalHandle<FollowJointTrajectory>::WrappedResult & result) {
[3.376s]       |                                                 [01;36m[K^[m[K
[3.376s] [01m[K/home/a/ws_moveit2/src/robot_config/src/move_to_pose_dual_cpp.cpp:268:31:[m[K [01;36m[Knote: [m[K‘[01m[K<typeprefixerror>arm_name[m[K’ declared here
[3.376s]   268 |         auto action_client = ([01;36m[Karm_name[m[K == "left") ? left_arm_action_client_ : right_arm_action_client_;
[3.376s]       |                               [01;36m[K^~~~~~~~[m[K
[3.376s] [01m[K/home/a/ws_moveit2/src/robot_config/src/move_to_pose_dual_cpp.cpp:[m[K In lambda function:
[3.376s] [01m[K/home/a/ws_moveit2/src/robot_config/src/move_to_pose_dual_cpp.cpp:350:49:[m[K [01;31m[Kerror: [m[K‘[01m[Karm_name[m[K’ is not captured
[3.376s]   350 |                 auto feedback_callback = [this, [01;31m[Karm_name[m[K, trajectory_duration](
[3.376s]       |                                                 [01;31m[K^~~~~~~~[m[K
[3.376s] [01m[K/home/a/ws_moveit2/src/robot_config/src/move_to_pose_dual_cpp.cpp:348:49:[m[K [01;36m[Knote: [m[Kthe lambda has no capture-default
[3.376s]   348 |             [this, arm_name, trajectory_duration[01;36m[K][m[K(auto, const std::shared_ptr<const FollowJointTrajectory::Feedback> feedback) {
[3.376s]       |                                                 [01;36m[K^[m[K
[3.376s] [01m[K/home/a/ws_moveit2/src/robot_config/src/move_to_pose_dual_cpp.cpp:268:31:[m[K [01;36m[Knote: [m[K‘[01m[K<typeprefixerror>arm_name[m[K’ declared here
[3.376s]   268 |         auto action_client = ([01;36m[Karm_name[m[K == "left") ? left_arm_action_client_ : right_arm_action_client_;
[3.376s]       |                               [01;36m[K^~~~~~~~[m[K
[3.377s] In file included from [01m[K/opt/ros/humble/include/rclcpp/rclcpp/logging.hpp:24[m[K,
[3.377s]                  from [01m[K/opt/ros/humble/include/rclcpp/rclcpp/client.hpp:40[m[K,
[3.377s]                  from [01m[K/opt/ros/humble/include/rclcpp/rclcpp/callback_group.hpp:24[m[K,
[3.377s]                  from [01m[K/opt/ros/humble/include/rclcpp/rclcpp/any_executable.hpp:20[m[K,
[3.377s]                  from [01m[K/opt/ros/humble/include/rclcpp/rclcpp/memory_strategy.hpp:25[m[K,
[3.377s]                  from [01m[K/opt/ros/humble/include/rclcpp/rclcpp/memory_strategies.hpp:18[m[K,
[3.377s]                  from [01m[K/opt/ros/humble/include/rclcpp/rclcpp/executor_options.hpp:20[m[K,
[3.377s]                  from [01m[K/opt/ros/humble/include/rclcpp/rclcpp/executor.hpp:37[m[K,
[3.377s]                  from [01m[K/opt/ros/humble/include/rclcpp/rclcpp/executors/multi_threaded_executor.hpp:25[m[K,
[3.377s]                  from [01m[K/opt/ros/humble/include/rclcpp/rclcpp/executors.hpp:21[m[K,
[3.377s]                  from [01m[K/opt/ros/humble/include/rclcpp/rclcpp/rclcpp.hpp:155[m[K,
[3.377s]                  from [01m[K/home/a/ws_moveit2/src/robot_config/src/move_to_pose_dual_cpp.cpp:1[m[K:
[3.377s] [01m[K/home/a/ws_moveit2/src/robot_config/src/move_to_pose_dual_cpp.cpp:[m[K In lambda function:
[3.377s] [01m[K/home/a/ws_moveit2/src/robot_config/src/move_to_pose_dual_cpp.cpp:363:31:[m[K [01;31m[Kerror: [m[K‘[01m[Karm_name[m[K’ is not captured
[3.377s]   363 |                               [01;31m[Karm_name[m[K.c_str(), elapsed_seconds, trajectory_duration, progress_percentage, remaining_time);
[3.377s]       |                               [01;31m[K^~~~~~~~[m[K
[3.377s] [01m[K/home/a/ws_moveit2/src/robot_config/src/move_to_pose_dual_cpp.cpp:350:78:[m[K [01;36m[Knote: [m[Kthe lambda has no capture-default
[3.377s]   350 |                 auto feedback_callback = [this, arm_name, trajectory_duration[01;36m[K][m[K(
[3.377s]       |                                                                              [01;36m[K^[m[K
[3.377s] [01m[K/home/a/ws_moveit2/src/robot_config/src/move_to_pose_dual_cpp.cpp:268:31:[m[K [01;36m[Knote: [m[K‘[01m[K<typeprefixerror>arm_name[m[K’ declared here
[3.377s]   268 |         auto action_client = ([01;36m[Karm_name[m[K == "left") ? left_arm_action_client_ : right_arm_action_client_;
[3.377s]       |                               [01;36m[K^~~~~~~~[m[K
[3.377s] In file included from [01m[K/opt/ros/humble/include/rclcpp/rclcpp/logging.hpp:24[m[K,
[3.377s]                  from [01m[K/opt/ros/humble/include/rclcpp/rclcpp/client.hpp:40[m[K,
[3.377s]                  from [01m[K/opt/ros/humble/include/rclcpp/rclcpp/callback_group.hpp:24[m[K,
[3.377s]                  from [01m[K/opt/ros/humble/include/rclcpp/rclcpp/any_executable.hpp:20[m[K,
[3.377s]                  from [01m[K/opt/ros/humble/include/rclcpp/rclcpp/memory_strategy.hpp:25[m[K,
[3.377s]                  from [01m[K/opt/ros/humble/include/rclcpp/rclcpp/memory_strategies.hpp:18[m[K,
[3.377s]                  from [01m[K/opt/ros/humble/include/rclcpp/rclcpp/executor_options.hpp:20[m[K,
[3.377s]                  from [01m[K/opt/ros/humble/include/rclcpp/rclcpp/executor.hpp:37[m[K,
[3.377s]                  from [01m[K/opt/ros/humble/include/rclcpp/rclcpp/executors/multi_threaded_executor.hpp:25[m[K,
[3.377s]                  from [01m[K/opt/ros/humble/include/rclcpp/rclcpp/executors.hpp:21[m[K,
[3.377s]                  from [01m[K/opt/ros/humble/include/rclcpp/rclcpp/rclcpp.hpp:155[m[K,
[3.377s]                  from [01m[K/home/a/ws_moveit2/src/robot_config/src/move_to_pose_dual_cpp.cpp:1[m[K:
[3.377s] [01m[K/home/a/ws_moveit2/src/robot_config/src/move_to_pose_dual_cpp.cpp:368:124:[m[K [01;31m[Kerror: [m[K‘[01m[Karm_name[m[K’ is not captured
[3.377s]   368 |                         RCLCPP_WARN(this->get_logger(), "Trajectory execution for %s arm is taking longer than expected!", [01;31m[Karm_name[m[K.c_str());
[3.377s]       |                                                                                                                            [01;31m[K^~~~~~~~[m[K
[3.377s] [01m[K/home/a/ws_moveit2/src/robot_config/src/move_to_pose_dual_cpp.cpp:350:78:[m[K [01;36m[Knote: [m[Kthe lambda has no capture-default
[3.377s]   350 |                 auto feedback_callback = [this, arm_name, trajectory_duration[01;36m[K][m[K(
[3.377s]       |                                                                              [01;36m[K^[m[K
[3.377s] [01m[K/home/a/ws_moveit2/src/robot_config/src/move_to_pose_dual_cpp.cpp:268:31:[m[K [01;36m[Knote: [m[K‘[01m[K<typeprefixerror>arm_name[m[K’ declared here
[3.377s]   268 |         auto action_client = ([01;36m[Karm_name[m[K == "left") ? left_arm_action_client_ : right_arm_action_client_;
[3.378s]       |                               [01;36m[K^~~~~~~~[m[K
[3.386s] [01m[K/home/a/ws_moveit2/src/robot_config/src/move_to_pose_dual_cpp.cpp:[m[K In lambda function:
[3.386s] [01m[K/home/a/ws_moveit2/src/robot_config/src/move_to_pose_dual_cpp.cpp:652:44:[m[K [01;31m[Kerror: [m[Kno matching function for call to ‘[01m[KMoveToPoseDualCpp::execute_trajectory_directly(const std::shared_ptr<moveit::planning_interface::MoveGroupInterface>&, moveit::planning_interface::MoveGroupInterface::Plan&, const string&)[m[K’
[3.386s]   652 |                 [01;31m[Kexecute_trajectory_directly(move_group_interface, my_plan, arm_name)[m[K;  // 直接軌道送信
[3.386s]       |                 [01;31m[K~~~~~~~~~~~~~~~~~~~~~~~~~~~^~~~~~~~~~~~~~~~~~~~~~~~~~~~~~~~~~~~~~~~~[m[K
[3.386s] [01m[K/home/a/ws_moveit2/src/robot_config/src/move_to_pose_dual_cpp.cpp:262:10:[m[K [01;36m[Knote: [m[Kcandidate: ‘[01m[Kvoid MoveToPoseDualCpp::execute_trajectory_directly(int)[m[K’
[3.386s]   262 |     void [01;36m[Kexecute_trajectory_directly[m[K(
[3.387s]       |          [01;36m[K^~~~~~~~~~~~~~~~~~~~~~~~~~~[m[K
[3.387s] [01m[K/home/a/ws_moveit2/src/robot_config/src/move_to_pose_dual_cpp.cpp:262:10:[m[K [01;36m[Knote: [m[K  candidate expects 1 argument, 3 provided
[7.042s] gmake[2]: *** [CMakeFiles/move_to_pose_dual_cpp.dir/build.make:76: CMakeFiles/move_to_pose_dual_cpp.dir/src/move_to_pose_dual_cpp.cpp.o] Error 1
[7.042s] gmake[1]: *** [CMakeFiles/Makefile2:175: CMakeFiles/move_to_pose_dual_cpp.dir/all] Error 2
[7.042s] gmake: *** [Makefile:146: all] Error 2
[7.046s] Invoked command in '/home/a/ws_moveit2/build/robot_config' returned '2': AMENT_PREFIX_PATH=/home/a/ws_moveit2/install/moveit_configs_utils:/home/a/ws_moveit2/install/launch_param_builder:/home/a/ws_moveit2/install/urdf_0816_description:/home/a/ws_moveit2/install/trac_ik:/home/a/ws_moveit2/install/robot_config:/home/a/ws_moveit2/install/trac_ik_kinematics_plugin:/home/a/ws_moveit2/install/trac_ik_lib:/home/a/ws_moveit2/install/right_arm_ikfast_plugin:/home/a/ws_moveit2/install/pilz_industrial_motion_planner_testutils:/home/a/ws_moveit2/install/moveit_runtime:/home/a/ws_moveit2/install/moveit2_tutorials:/home/a/ws_moveit2/install/moveit:/home/a/ws_moveit2/install/moveit_planners:/home/a/ws_moveit2/install/pilz_industrial_motion_planner:/home/a/ws_moveit2/install/mtc_tutorial:/home/a/ws_moveit2/install/hello_moveit:/home/a/ws_moveit2/install/moveit_visual_tools:/home/a/ws_moveit2/install/moveit_task_constructor_visualization:/home/a/ws_moveit2/install/moveit_task_constructor_demo:/home/a/ws_moveit2/install/moveit_task_constructor_capabilities:/home/a/ws_moveit2/install/moveit_task_constructor_core:/home/a/ws_moveit2/install/moveit_ros_control_interface:/home/a/ws_moveit2/install/moveit_plugins:/home/a/ws_moveit2/install/moveit_simple_controller_manager:/home/a/ws_moveit2/install/moveit_setup_assistant:/home/a/ws_moveit2/install/moveit_setup_srdf_plugins:/home/a/ws_moveit2/install/moveit_setup_core_plugins:/home/a/ws_moveit2/install/moveit_setup_controllers:/home/a/ws_moveit2/install/moveit_setup_app_plugins:/home/a/ws_moveit2/install/moveit_setup_framework:/home/a/ws_moveit2/install/moveit_servo:/home/a/ws_moveit2/install/moveit_ros:/home/a/ws_moveit2/install/moveit_ros_visualization:/home/a/ws_moveit2/install/moveit_hybrid_planning:/home/a/ws_moveit2/install/moveit_ros_planning_interface:/home/a/ws_moveit2/install/moveit_ros_benchmarks:/home/a/ws_moveit2/install/moveit_ros_warehouse:/home/a/ws_moveit2/install/moveit_ros_robot_interaction:/home/a/ws_moveit2/install/moveit_ros_perception:/home/a/ws_moveit2/install/moveit_resources_prbt_pg70_support:/home/a/ws_moveit2/install/moveit_resources_prbt_moveit_config:/home/a/ws_moveit2/install/moveit_ros_move_group:/home/a/ws_moveit2/install/moveit_planners_ompl:/home/a/ws_moveit2/install/left_arm_ikfast_plugin:/home/a/ws_moveit2/install/moveit_ros_planning:/home/a/ws_moveit2/install/moveit_ros_occupancy_map_monitor:/home/a/ws_moveit2/install/moveit_resources_prbt_ikfast_manipulator_plugin:/home/a/ws_moveit2/install/moveit_planners_chomp:/home/a/ws_moveit2/install/moveit_kinematics:/home/a/ws_moveit2/install/moveit_chomp_optimizer_adapter:/home/a/ws_moveit2/install/chomp_motion_planner:/home/a/ws_moveit2/install/moveit_core:/home/a/ws_moveit2/install/srdfdom:/home/a/ws_moveit2/install/rviz_marker_tools:/home/a/ws_moveit2/install/rosparam_shortcuts:/home/a/ws_moveit2/install/ros_tcp_endpoint:/home/a/ws_moveit2/install/realsense2_ros_mqtt_bridge:/home/a/ws_moveit2/install/realsense2_description:/home/a/ws_moveit2/install/realsense2_camera:/home/a/ws_moveit2/install/realsense2_camera_msgs:/home/a/ws_moveit2/install/object_description:/home/a/ws_moveit2/install/moveit_task_constructor_msgs:/home/a/ws_moveit2/install/moveit_resources_prbt_support:/home/a/ws_moveit2/install/moveit_resources:/home/a/ws_moveit2/install/moveit_resources_pr2_description:/home/a/ws_moveit2/install/moveit_resources_panda_moveit_config:/home/a/ws_moveit2/install/moveit_resources_panda_description:/home/a/ws_moveit2/install/moveit_resources_fanuc_moveit_config:/home/a/ws_moveit2/install/moveit_resources_fanuc_description:/home/a/ws_moveit2/install/moveit_common:/home/a/ws_moveit2/install/field_description_test:/home/a/ws_moveit2/install/field_description:/home/a/ws_moveit2/install/dynamixel_sdk_examples:/home/a/ws_moveit2/install/dynamixel_sdk_custom_interfaces:/home/a/ws_moveit2/install/dynamixel_controller_gui:/home/a/ws_moveit2/install/dynamixel_controller:/home/a/ws_moveit2/install/dynamixel_sdk:/home/a/ws_moveit2/install/dynamixel_controller_client:/home/a/ws_moveit2/install/catch_gazebo_ros2_control:/home/a/ws_moveit2/install/0525_arm_description:/opt/ros/humble CMAKE_PREFIX_PATH=/home/a/ws_moveit2/install/moveit_setup_assistant:/home/a/ws_moveit2/install/moveit_setup_srdf_plugins:/home/a/ws_moveit2/install/moveit_setup_core_plugins:/home/a/ws_moveit2/install/moveit_setup_controllers:/home/a/ws_moveit2/install/moveit_setup_app_plugins:/home/a/ws_moveit2/install/moveit_planners:/home/a/ws_moveit2/install/pilz_industrial_motion_planner:/home/a/ws_moveit2/install/moveit_setup_framework:/home/a/ws_moveit2/install/moveit_servo:/home/a/ws_moveit2/install/moveit_ros_visualization:/home/a/ws_moveit2/install/moveit_resources_prbt_pg70_support:/home/a/ws_moveit2/install/moveit_ros_planning_interface:/home/a/ws_moveit2/install/moveit_resources_prbt_moveit_config:/home/a/ws_moveit2/install/moveit_ros_move_group:/home/a/ws_moveit2/install/moveit_ros_warehouse:/home/a/ws_moveit2/install/moveit_ros_robot_interaction:/home/a/ws_moveit2/install/moveit_planners_ompl:/home/a/ws_moveit2/install/moveit_kinematics:/home/a/ws_moveit2/install/moveit_ros_planning:/home/a/ws_moveit2/install/moveit_planners_chomp:/home/a/ws_moveit2/install/trac_ik_kinematics_plugin:/home/a/ws_moveit2/install/pilz_industrial_motion_planner_testutils:/home/a/ws_moveit2/install/moveit_simple_controller_manager:/home/a/ws_moveit2/install/moveit_ros_occupancy_map_monitor:/home/a/ws_moveit2/install/moveit_resources_prbt_ikfast_manipulator_plugin:/home/a/ws_moveit2/install/chomp_motion_planner:/home/a/ws_moveit2/install/moveit_core:/home/a/ws_moveit2/install/moveit_resources_panda_moveit_config:/home/a/ws_moveit2/install/moveit_resources_fanuc_moveit_config:/home/a/ws_moveit2/install/trac_ik_lib:/home/a/ws_moveit2/install/srdfdom:/home/a/ws_moveit2/install/moveit_resources_prbt_support:/home/a/ws_moveit2/install/moveit_resources_pr2_description:/home/a/ws_moveit2/install/moveit_resources_panda_description:/home/a/ws_moveit2/install/moveit_resources_fanuc_description:/home/a/ws_moveit2/install/moveit_common:/home/a/ws_moveit2/install/urdf_0816_description:/home/a/ws_moveit2/install/trac_ik:/home/a/ws_moveit2/install/robot_config:/home/a/ws_moveit2/install/right_arm_ikfast_plugin:/home/a/ws_moveit2/install/moveit_runtime:/home/a/ws_moveit2/install/moveit2_tutorials:/home/a/ws_moveit2/install/moveit:/home/a/ws_moveit2/install/mtc_tutorial:/home/a/ws_moveit2/install/hello_moveit:/home/a/ws_moveit2/install/moveit_visual_tools:/home/a/ws_moveit2/install/moveit_task_constructor_visualization:/home/a/ws_moveit2/install/moveit_task_constructor_demo:/home/a/ws_moveit2/install/moveit_task_constructor_capabilities:/home/a/ws_moveit2/install/moveit_task_constructor_core:/home/a/ws_moveit2/install/moveit_ros_control_interface:/home/a/ws_moveit2/install/moveit_plugins:/home/a/ws_moveit2/install/moveit_ros:/home/a/ws_moveit2/install/moveit_hybrid_planning:/home/a/ws_moveit2/install/moveit_ros_benchmarks:/home/a/ws_moveit2/install/moveit_ros_perception:/home/a/ws_moveit2/install/left_arm_ikfast_plugin:/home/a/ws_moveit2/install/moveit_chomp_optimizer_adapter:/home/a/ws_moveit2/install/rviz_marker_tools:/home/a/ws_moveit2/install/rosparam_shortcuts:/home/a/ws_moveit2/install/realsense2_description:/home/a/ws_moveit2/install/realsense2_camera:/home/a/ws_moveit2/install/realsense2_camera_msgs:/home/a/ws_moveit2/install/object_description:/home/a/ws_moveit2/install/moveit_task_constructor_msgs:/home/a/ws_moveit2/install/moveit_resources:/home/a/ws_moveit2/install/field_description_test:/home/a/ws_moveit2/install/field_description:/home/a/ws_moveit2/install/dynamixel_sdk_examples:/home/a/ws_moveit2/install/dynamixel_sdk_custom_interfaces:/home/a/ws_moveit2/install/dynamixel_controller:/home/a/ws_moveit2/install/dynamixel_sdk:/home/a/ws_moveit2/install/catch_gazebo_ros2_control:/home/a/ws_moveit2/install/0525_arm_description:/home/a/ws_moveit2/install/moveit_configs_utils:/home/a/ws_moveit2/install/ros_tcp_endpoint:/home/a/ws_moveit2/install/realsense2_ros_mqtt_bridge:/home/a/ws_moveit2/install/launch_param_builder:/home/a/ws_moveit2/install/dynamixel_controller_gui:/home/a/ws_moveit2/install/dynamixel_controller_client:/opt/ros/humble LD_LIBRARY_PATH=/home/a/ws_moveit2/install/moveit_setup_srdf_plugins/lib:/home/a/ws_moveit2/install/moveit_setup_core_plugins/lib:/home/a/ws_moveit2/install/moveit_setup_controllers/lib:/home/a/ws_moveit2/install/moveit_setup_app_plugins/lib:/home/a/ws_moveit2/install/pilz_industrial_motion_planner/lib:/home/a/ws_moveit2/install/moveit_setup_framework/lib:/home/a/ws_moveit2/install/moveit_servo/lib:/home/a/ws_moveit2/install/moveit_ros_visualization/lib:/home/a/ws_moveit2/install/moveit_ros_planning_interface/lib:/home/a/ws_moveit2/install/moveit_ros_move_group/lib:/home/a/ws_moveit2/install/moveit_ros_warehouse/lib:/home/a/ws_moveit2/install/moveit_ros_robot_interaction/lib:/home/a/ws_moveit2/install/moveit_planners_ompl/lib:/home/a/ws_moveit2/install/moveit_kinematics/lib:/home/a/ws_moveit2/install/moveit_ros_planning/lib:/home/a/ws_moveit2/install/moveit_planners_chomp/lib:/home/a/ws_moveit2/install/trac_ik_kinematics_plugin/lib:/home/a/ws_moveit2/install/pilz_industrial_motion_planner_testutils/lib:/home/a/ws_moveit2/install/moveit_simple_controller_manager/lib:/home/a/ws_moveit2/install/moveit_ros_occupancy_map_monitor/lib:/home/a/ws_moveit2/install/moveit_resources_prbt_ikfast_manipulator_plugin/lib:/home/a/ws_moveit2/install/chomp_motion_planner/lib:/home/a/ws_moveit2/install/moveit_core/lib:/home/a/ws_moveit2/install/trac_ik_lib/lib:/home/a/ws_moveit2/install/srdfdom/lib:/home/a/ws_moveit2/install/right_arm_ikfast_plugin/lib:/home/a/ws_moveit2/install/moveit_visual_tools/lib:/home/a/ws_moveit2/install/moveit_task_constructor_visualization/lib:/home/a/ws_moveit2/install/moveit_task_constructor_demo/lib:/home/a/ws_moveit2/install/moveit_task_constructor_capabilities/lib:/home/a/ws_moveit2/install/moveit_task_constructor_core/lib:/home/a/ws_moveit2/install/moveit_ros_control_interface/lib:/home/a/ws_moveit2/install/moveit_setup_assistant/lib:/home/a/ws_moveit2/install/moveit_hybrid_planning/lib:/home/a/ws_moveit2/install/moveit_ros_benchmarks/lib:/home/a/ws_moveit2/install/moveit_ros_perception/lib:/home/a/ws_moveit2/install/left_arm_ikfast_plugin/lib:/home/a/ws_moveit2/install/moveit_chomp_optimizer_adapter/lib:/home/a/ws_moveit2/install/rviz_marker_tools/lib:/home/a/ws_moveit2/install/rosparam_shortcuts/lib:/home/a/ws_moveit2/install/realsense2_camera/lib:/home/a/ws_moveit2/install/realsense2_camera_msgs/lib:/home/a/ws_moveit2/install/moveit_task_constructor_msgs/lib:/home/a/ws_moveit2/install/dynamixel_sdk_custom_interfaces/lib:/home/a/ws_moveit2/install/dynamixel_controller/lib:/home/a/ws_moveit2/install/dynamixel_sdk/lib:/usr/lib/x86_64-linux-gnu/gazebo-11/plugins:/opt/ros/humble/opt/rviz_ogre_vendor/lib:/opt/ros/humble/lib/x86_64-linux-gnu:/opt/ros/humble/lib PYTHONPATH=/home/a/ws_moveit2/install/moveit_configs_utils/lib/python3.10/site-packages:/home/a/ws_moveit2/install/launch_param_builder/lib/python3.10/site-packages:/home/a/ws_moveit2/install/moveit_task_constructor_core/local/lib/python3.10/dist-packages:/home/a/ws_moveit2/install/srdfdom/local/lib/python3.10/dist-packages:/home/a/ws_moveit2/install/ros_tcp_endpoint/lib/python3.10/site-packages:/home/a/ws_moveit2/install/realsense2_ros_mqtt_bridge/lib/python3.10/site-packages:/home/a/ws_moveit2/install/realsense2_camera_msgs/local/lib/python3.10/dist-packages:/home/a/ws_moveit2/install/moveit_task_constructor_msgs/local/lib/python3.10/dist-packages:/home/a/ws_moveit2/install/dynamixel_sdk_custom_interfaces/local/lib/python3.10/dist-packages:/home/a/ws_moveit2/install/dynamixel_controller_gui/lib/python3.10/site-packages:/home/a/ws_moveit2/install/dynamixel_controller/local/lib/python3.10/dist-packages:/home/a/ws_moveit2/install/dynamixel_controller_client/lib/python3.10/site-packages:/opt/ros/humble/lib/python3.10/site-packages:/opt/ros/humble/local/lib/python3.10/dist-packages /usr/bin/cmake --build /home/a/ws_moveit2/build/robot_config -- -j22 -l22
