[0.011s] Invoking command in '/home/a/ws_moveit2/build/urdf_0816_description': CMAKE_PREFIX_PATH=/opt/ros/humble /usr/bin/cmake /home/a/ws_moveit2/src/urdf_0816_description-20250818T025130Z-1-001/urdf_0816_description -DCMAKE_INSTALL_PREFIX=/home/a/ws_moveit2/install/urdf_0816_description
[0.022s] -- Found ament_cmake: 1.3.12 (/opt/ros/humble/share/ament_cmake/cmake)
[0.096s] -- Found urdf: 2.6.1 (/opt/ros/humble/share/urdf/cmake)
[0.155s] -- Configuring done
[0.158s] -- Generating done
[0.159s] -- Build files have been written to: /home/a/ws_moveit2/build/urdf_0816_description
[0.162s] Invoked command in '/home/a/ws_moveit2/build/urdf_0816_description' returned '0': CMAKE_PREFIX_PATH=/opt/ros/humble /usr/bin/cmake /home/a/ws_moveit2/src/urdf_0816_description-20250818T025130Z-1-001/urdf_0816_description -DCMAKE_INSTALL_PREFIX=/home/a/ws_moveit2/install/urdf_0816_description
[0.165s] Invoking command in '/home/a/ws_moveit2/build/urdf_0816_description': CMAKE_PREFIX_PATH=/opt/ros/humble /usr/bin/cmake --build /home/a/ws_moveit2/build/urdf_0816_description -- -j22 -l22
[0.197s] Invoked command in '/home/a/ws_moveit2/build/urdf_0816_description' returned '0': CMAKE_PREFIX_PATH=/opt/ros/humble /usr/bin/cmake --build /home/a/ws_moveit2/build/urdf_0816_description -- -j22 -l22
[0.205s] Invoking command in '/home/a/ws_moveit2/build/urdf_0816_description': CMAKE_PREFIX_PATH=/opt/ros/humble /usr/bin/cmake --install /home/a/ws_moveit2/build/urdf_0816_description
[0.210s] -- Install configuration: "Release"
[0.211s] -- Up-to-date: /home/a/ws_moveit2/install/urdf_0816_description/share/urdf_0816_description/meshes
[0.211s] -- Up-to-date: /home/a/ws_moveit2/install/urdf_0816_description/share/urdf_0816_description/meshes/link5_1.stl
[0.211s] -- Up-to-date: /home/a/ws_moveit2/install/urdf_0816_description/share/urdf_0816_description/meshes/base_link.stl
[0.211s] -- Up-to-date: /home/a/ws_moveit2/install/urdf_0816_description/share/urdf_0816_description/meshes/left_finger_1.stl
[0.211s] -- Up-to-date: /home/a/ws_moveit2/install/urdf_0816_description/share/urdf_0816_description/meshes/link6_1.stl
[0.211s] -- Up-to-date: /home/a/ws_moveit2/install/urdf_0816_description/share/urdf_0816_description/meshes/link1_1.stl
[0.211s] -- Up-to-date: /home/a/ws_moveit2/install/urdf_0816_description/share/urdf_0816_description/meshes/link4_1.stl
[0.211s] -- Up-to-date: /home/a/ws_moveit2/install/urdf_0816_description/share/urdf_0816_description/meshes/right_finger_1.stl
[0.211s] -- Up-to-date: /home/a/ws_moveit2/install/urdf_0816_description/share/urdf_0816_description/meshes/EndEffector_1.stl
[0.211s] -- Up-to-date: /home/a/ws_moveit2/install/urdf_0816_description/share/urdf_0816_description/meshes/link2_1.stl
[0.211s] -- Up-to-date: /home/a/ws_moveit2/install/urdf_0816_description/share/urdf_0816_description/meshes/link3_1.stl
[0.211s] -- Up-to-date: /home/a/ws_moveit2/install/urdf_0816_description/share/urdf_0816_description/urdf
[0.211s] -- Up-to-date: /home/a/ws_moveit2/install/urdf_0816_description/share/urdf_0816_description/urdf/urdf_0816.trans
[0.211s] -- Up-to-date: /home/a/ws_moveit2/install/urdf_0816_description/share/urdf_0816_description/urdf/materials.xacro
[0.211s] -- Up-to-date: /home/a/ws_moveit2/install/urdf_0816_description/share/urdf_0816_description/urdf/urdf_0816.xacro
[0.211s] -- Up-to-date: /home/a/ws_moveit2/install/urdf_0816_description/share/urdf_0816_description/launch
[0.211s] -- Up-to-date: /home/a/ws_moveit2/install/urdf_0816_description/share/urdf_0816_description/launch/robot_description.launch.py
[0.211s] -- Up-to-date: /home/a/ws_moveit2/install/urdf_0816_description/share/ament_index/resource_index/package_run_dependencies/urdf_0816_description
[0.211s] -- Installing: /home/a/ws_moveit2/install/urdf_0816_description/share/ament_index/resource_index/parent_prefix_path/urdf_0816_description
[0.211s] -- Up-to-date: /home/a/ws_moveit2/install/urdf_0816_description/share/urdf_0816_description/environment/ament_prefix_path.sh
[0.211s] -- Installing: /home/a/ws_moveit2/install/urdf_0816_description/share/urdf_0816_description/environment/ament_prefix_path.dsv
[0.211s] -- Up-to-date: /home/a/ws_moveit2/install/urdf_0816_description/share/urdf_0816_description/environment/path.sh
[0.211s] -- Installing: /home/a/ws_moveit2/install/urdf_0816_description/share/urdf_0816_description/environment/path.dsv
[0.211s] -- Up-to-date: /home/a/ws_moveit2/install/urdf_0816_description/share/urdf_0816_description/local_setup.bash
[0.211s] -- Up-to-date: /home/a/ws_moveit2/install/urdf_0816_description/share/urdf_0816_description/local_setup.sh
[0.211s] -- Up-to-date: /home/a/ws_moveit2/install/urdf_0816_description/share/urdf_0816_description/local_setup.zsh
[0.211s] -- Installing: /home/a/ws_moveit2/install/urdf_0816_description/share/urdf_0816_description/local_setup.dsv
[0.212s] -- Installing: /home/a/ws_moveit2/install/urdf_0816_description/share/urdf_0816_description/package.dsv
[0.212s] -- Up-to-date: /home/a/ws_moveit2/install/urdf_0816_description/share/ament_index/resource_index/packages/urdf_0816_description
[0.212s] -- Up-to-date: /home/a/ws_moveit2/install/urdf_0816_description/share/urdf_0816_description/cmake/urdf_0816_descriptionConfig.cmake
[0.212s] -- Up-to-date: /home/a/ws_moveit2/install/urdf_0816_description/share/urdf_0816_description/cmake/urdf_0816_descriptionConfig-version.cmake
[0.212s] -- Up-to-date: /home/a/ws_moveit2/install/urdf_0816_description/share/urdf_0816_description/package.xml
[0.213s] Invoked command in '/home/a/ws_moveit2/build/urdf_0816_description' returned '0': CMAKE_PREFIX_PATH=/opt/ros/humble /usr/bin/cmake --install /home/a/ws_moveit2/build/urdf_0816_description
