[0.259s] Invoking command in '/home/a/ws_moveit2/build/moveit_task_constructor_msgs': CMAKE_PREFIX_PATH=${CMAKE_PREFIX_PATH}:/home/a/ws_moveit2/install/moveit_configs_utils:/home/a/ws_moveit2/install/ros_tcp_endpoint:/home/a/ws_moveit2/install/realsense2_ros_mqtt_bridge:/home/a/ws_moveit2/install/launch_param_builder:/home/a/ws_moveit2/install/dynamixel_controller_gui:/home/a/ws_moveit2/install/dynamixel_controller_client:/home/a/ws_moveit2/install/d415_rgb_depth_3d:/opt/ros/humble /usr/bin/cmake --build /home/a/ws_moveit2/build/moveit_task_constructor_msgs -- -j22 -l22
[1.045s] [  0%] Built target moveit_task_constructor_msgs__cpp
[1.046s] [ 12%] Built target moveit_task_constructor_msgs__rosidl_generator_c
[1.046s] [ 12%] Built target ament_cmake_python_copy_moveit_task_constructor_msgs
[1.046s] [ 24%] Built target moveit_task_constructor_msgs__rosidl_typesupport_introspection_c
[1.046s] [ 36%] Built target moveit_task_constructor_msgs__rosidl_typesupport_cpp
[1.046s] [ 58%] Built target moveit_task_constructor_msgs__rosidl_typesupport_introspection_cpp
[1.046s] [ 59%] Built target moveit_task_constructor_msgs__rosidl_typesupport_fastrtps_cpp
[1.046s] [ 71%] Built target moveit_task_constructor_msgs__rosidl_typesupport_c
[1.046s] [ 83%] Built target moveit_task_constructor_msgs__rosidl_typesupport_fastrtps_c
[1.046s] [ 83%] Built target moveit_task_constructor_msgs
[1.047s] [ 84%] Built target moveit_task_constructor_msgs__py
[1.047s] [ 95%] Built target moveit_task_constructor_msgs__rosidl_generator_py
[1.047s] [ 96%] Built target moveit_task_constructor_msgs__rosidl_typesupport_c__pyext
[1.047s] [ 99%] Built target moveit_task_constructor_msgs__rosidl_typesupport_fastrtps_c__pyext
[1.047s] [100%] Built target moveit_task_constructor_msgs__rosidl_typesupport_introspection_c__pyext
[1.047s] running egg_info
[1.047s] writing moveit_task_constructor_msgs.egg-info/PKG-INFO
[1.047s] writing dependency_links to moveit_task_constructor_msgs.egg-info/dependency_links.txt
[1.047s] writing top-level names to moveit_task_constructor_msgs.egg-info/top_level.txt
[1.047s] reading manifest file 'moveit_task_constructor_msgs.egg-info/SOURCES.txt'
[1.047s] writing manifest file 'moveit_task_constructor_msgs.egg-info/SOURCES.txt'
[1.047s] [100%] Built target ament_cmake_python_build_moveit_task_constructor_msgs_egg
[1.101s] Invoked command in '/home/a/ws_moveit2/build/moveit_task_constructor_msgs' returned '0': CMAKE_PREFIX_PATH=${CMAKE_PREFIX_PATH}:/home/a/ws_moveit2/install/moveit_configs_utils:/home/a/ws_moveit2/install/ros_tcp_endpoint:/home/a/ws_moveit2/install/realsense2_ros_mqtt_bridge:/home/a/ws_moveit2/install/launch_param_builder:/home/a/ws_moveit2/install/dynamixel_controller_gui:/home/a/ws_moveit2/install/dynamixel_controller_client:/home/a/ws_moveit2/install/d415_rgb_depth_3d:/opt/ros/humble /usr/bin/cmake --build /home/a/ws_moveit2/build/moveit_task_constructor_msgs -- -j22 -l22
[1.103s] Invoking command in '/home/a/ws_moveit2/build/moveit_task_constructor_msgs': CMAKE_PREFIX_PATH=${CMAKE_PREFIX_PATH}:/home/a/ws_moveit2/install/moveit_configs_utils:/home/a/ws_moveit2/install/ros_tcp_endpoint:/home/a/ws_moveit2/install/realsense2_ros_mqtt_bridge:/home/a/ws_moveit2/install/launch_param_builder:/home/a/ws_moveit2/install/dynamixel_controller_gui:/home/a/ws_moveit2/install/dynamixel_controller_client:/home/a/ws_moveit2/install/d415_rgb_depth_3d:/opt/ros/humble /usr/bin/cmake --install /home/a/ws_moveit2/build/moveit_task_constructor_msgs
