[0.078s] Invoking command in '/home/a/ws_moveit2/build/0525_arm_description': CMAKE_PREFIX_PATH=${CMAKE_PREFIX_PATH}:/home/a/ws_moveit2/install/moveit_configs_utils:/home/a/ws_moveit2/install/launch_param_builder:/opt/ros/humble /opt/st/stm32cubeclt_1.17.0/CMake/bin/cmake /home/a/ws_moveit2/src/0525_arm_description-20250707T055749Z-1-001/0525_arm_description -DCMAKE_INSTALL_PREFIX=/home/a/ws_moveit2/install/0525_arm_description
[0.347s] -- The C compiler identification is GNU 11.4.0
[0.599s] -- The CXX compiler identification is GNU 11.4.0
[0.701s] -- Detecting C compiler ABI info
[1.049s] -- Detecting C compiler ABI info - done
[1.084s] -- Check for working C compiler: /usr/bin/cc - skipped
[1.085s] -- Detecting C compile features
[1.086s] -- Detecting C compile features - done
[1.142s] -- Detecting CXX compiler ABI info
[1.521s] -- Detecting CXX compiler ABI info - done
[1.567s] -- Check for working CXX compiler: /usr/bin/c++ - skipped
[1.567s] -- Detecting CXX compile features
[1.570s] -- Detecting CXX compile features - done
[1.593s] -- Found ament_cmake: 1.3.11 (/opt/ros/humble/share/ament_cmake/cmake)
[2.176s] -- Found Python3: /usr/bin/python3 (found version "3.10.12") found components: Interpreter 
[2.830s] -- Found urdf: 2.6.1 (/opt/ros/humble/share/urdf/cmake)
[3.594s] WARNING: Package name "0525_arm_description" does not follow the naming conventions. It should start with a lower case letter and only contain lower case letters, digits, underscores, and dashes.
[3.645s] -- Configuring done (3.6s)
[3.667s] -- Generating done (0.0s)
[3.677s] -- Build files have been written to: /home/a/ws_moveit2/build/0525_arm_description
[3.703s] Invoked command in '/home/a/ws_moveit2/build/0525_arm_description' returned '0': CMAKE_PREFIX_PATH=${CMAKE_PREFIX_PATH}:/home/a/ws_moveit2/install/moveit_configs_utils:/home/a/ws_moveit2/install/launch_param_builder:/opt/ros/humble /opt/st/stm32cubeclt_1.17.0/CMake/bin/cmake /home/a/ws_moveit2/src/0525_arm_description-20250707T055749Z-1-001/0525_arm_description -DCMAKE_INSTALL_PREFIX=/home/a/ws_moveit2/install/0525_arm_description
[3.713s] Invoking command in '/home/a/ws_moveit2/build/0525_arm_description': CMAKE_PREFIX_PATH=${CMAKE_PREFIX_PATH}:/home/a/ws_moveit2/install/moveit_configs_utils:/home/a/ws_moveit2/install/launch_param_builder:/opt/ros/humble /opt/st/stm32cubeclt_1.17.0/CMake/bin/cmake --build /home/a/ws_moveit2/build/0525_arm_description -- -j4 -l4
[3.819s] Invoked command in '/home/a/ws_moveit2/build/0525_arm_description' returned '0': CMAKE_PREFIX_PATH=${CMAKE_PREFIX_PATH}:/home/a/ws_moveit2/install/moveit_configs_utils:/home/a/ws_moveit2/install/launch_param_builder:/opt/ros/humble /opt/st/stm32cubeclt_1.17.0/CMake/bin/cmake --build /home/a/ws_moveit2/build/0525_arm_description -- -j4 -l4
[3.843s] Invoking command in '/home/a/ws_moveit2/build/0525_arm_description': CMAKE_PREFIX_PATH=${CMAKE_PREFIX_PATH}:/home/a/ws_moveit2/install/moveit_configs_utils:/home/a/ws_moveit2/install/launch_param_builder:/opt/ros/humble /opt/st/stm32cubeclt_1.17.0/CMake/bin/cmake --install /home/a/ws_moveit2/build/0525_arm_description
[3.865s] -- Install configuration: ""
[3.868s] -- Installing: /home/a/ws_moveit2/install/0525_arm_description/share/0525_arm_description/meshes
[3.873s] -- Installing: /home/a/ws_moveit2/install/0525_arm_description/share/0525_arm_description/meshes/link1_1.stl
[3.897s] -- Installing: /home/a/ws_moveit2/install/0525_arm_description/share/0525_arm_description/meshes/link3_1.stl
[3.910s] -- Installing: /home/a/ws_moveit2/install/0525_arm_description/share/0525_arm_description/meshes/base_link.stl
[3.937s] -- Installing: /home/a/ws_moveit2/install/0525_arm_description/share/0525_arm_description/meshes/left_finger_1.stl
[3.965s] -- Installing: /home/a/ws_moveit2/install/0525_arm_description/share/0525_arm_description/meshes/link6_1.stl
[3.987s] -- Installing: /home/a/ws_moveit2/install/0525_arm_description/share/0525_arm_description/meshes/link4_1.stl
[4.012s] -- Installing: /home/a/ws_moveit2/install/0525_arm_description/share/0525_arm_description/meshes/EndEffector_1.stl
[4.026s] -- Installing: /home/a/ws_moveit2/install/0525_arm_description/share/0525_arm_description/meshes/right_finger_1.stl
[4.043s] -- Installing: /home/a/ws_moveit2/install/0525_arm_description/share/0525_arm_description/meshes/link5_1.stl
[4.070s] -- Installing: /home/a/ws_moveit2/install/0525_arm_description/share/0525_arm_description/meshes/link2_1.stl
[4.081s] -- Installing: /home/a/ws_moveit2/install/0525_arm_description/share/0525_arm_description/urdf
[4.083s] -- Installing: /home/a/ws_moveit2/install/0525_arm_description/share/0525_arm_description/urdf/0525_arm.trans
[4.084s] -- Installing: /home/a/ws_moveit2/install/0525_arm_description/share/0525_arm_description/urdf/0525_arm.urdf
[4.085s] -- Installing: /home/a/ws_moveit2/install/0525_arm_description/share/0525_arm_description/urdf/materials.urdf
[4.087s] -- Installing: /home/a/ws_moveit2/install/0525_arm_description/share/0525_arm_description/launch
[4.089s] -- Installing: /home/a/ws_moveit2/install/0525_arm_description/share/0525_arm_description/launch/robot_description.launch.py
[4.091s] -- Installing: /home/a/ws_moveit2/install/0525_arm_description/share/ament_index/resource_index/package_run_dependencies/0525_arm_description
[4.094s] -- Installing: /home/a/ws_moveit2/install/0525_arm_description/share/ament_index/resource_index/parent_prefix_path/0525_arm_description
[4.095s] -- Installing: /home/a/ws_moveit2/install/0525_arm_description/share/0525_arm_description/environment/ament_prefix_path.sh
[4.095s] -- Installing: /home/a/ws_moveit2/install/0525_arm_description/share/0525_arm_description/environment/ament_prefix_path.dsv
[4.096s] -- Installing: /home/a/ws_moveit2/install/0525_arm_description/share/0525_arm_description/environment/path.sh
[4.097s] -- Installing: /home/a/ws_moveit2/install/0525_arm_description/share/0525_arm_description/environment/path.dsv
[4.098s] -- Installing: /home/a/ws_moveit2/install/0525_arm_description/share/0525_arm_description/local_setup.bash
[4.099s] -- Installing: /home/a/ws_moveit2/install/0525_arm_description/share/0525_arm_description/local_setup.sh
[4.100s] -- Installing: /home/a/ws_moveit2/install/0525_arm_description/share/0525_arm_description/local_setup.zsh
[4.101s] -- Installing: /home/a/ws_moveit2/install/0525_arm_description/share/0525_arm_description/local_setup.dsv
[4.102s] -- Installing: /home/a/ws_moveit2/install/0525_arm_description/share/0525_arm_description/package.dsv
[4.102s] -- Installing: /home/a/ws_moveit2/install/0525_arm_description/share/ament_index/resource_index/packages/0525_arm_description
[4.103s] -- Installing: /home/a/ws_moveit2/install/0525_arm_description/share/0525_arm_description/cmake/0525_arm_descriptionConfig.cmake
[4.104s] -- Installing: /home/a/ws_moveit2/install/0525_arm_description/share/0525_arm_description/cmake/0525_arm_descriptionConfig-version.cmake
[4.104s] -- Installing: /home/a/ws_moveit2/install/0525_arm_description/share/0525_arm_description/package.xml
[4.110s] Invoked command in '/home/a/ws_moveit2/build/0525_arm_description' returned '0': CMAKE_PREFIX_PATH=${CMAKE_PREFIX_PATH}:/home/a/ws_moveit2/install/moveit_configs_utils:/home/a/ws_moveit2/install/launch_param_builder:/opt/ros/humble /opt/st/stm32cubeclt_1.17.0/CMake/bin/cmake --install /home/a/ws_moveit2/build/0525_arm_description
