[0.057s] Invoking command in '/home/a/ws_moveit2/build/field_description': CMAKE_PREFIX_PATH=${CMAKE_PREFIX_PATH}:/home/a/ws_moveit2/install/moveit_configs_utils:/home/a/ws_moveit2/install/launch_param_builder:/opt/ros/humble /opt/st/stm32cubeclt_1.17.0/CMake/bin/cmake --build /home/a/ws_moveit2/build/field_description -- -j4 -l4
[0.153s] Invoked command in '/home/a/ws_moveit2/build/field_description' returned '0': CMAKE_PREFIX_PATH=${CMAKE_PREFIX_PATH}:/home/a/ws_moveit2/install/moveit_configs_utils:/home/a/ws_moveit2/install/launch_param_builder:/opt/ros/humble /opt/st/stm32cubeclt_1.17.0/CMake/bin/cmake --build /home/a/ws_moveit2/build/field_description -- -j4 -l4
[0.176s] Invoking command in '/home/a/ws_moveit2/build/field_description': CMAKE_PREFIX_PATH=${CMAKE_PREFIX_PATH}:/home/a/ws_moveit2/install/moveit_configs_utils:/home/a/ws_moveit2/install/launch_param_builder:/opt/ros/humble /opt/st/stm32cubeclt_1.17.0/CMake/bin/cmake --install /home/a/ws_moveit2/build/field_description
[0.187s] -- Install configuration: ""
[0.189s] -- Up-to-date: /home/a/ws_moveit2/install/field_description/share/field_description/meshes
[0.190s] -- Up-to-date: /home/a/ws_moveit2/install/field_description/share/field_description/meshes/base_link.stl
[0.191s] -- Up-to-date: /home/a/ws_moveit2/install/field_description/share/field_description/urdf
[0.191s] -- Installing: /home/a/ws_moveit2/install/field_description/share/field_description/urdf/field.urdf
[0.192s] -- Up-to-date: /home/a/ws_moveit2/install/field_description/share/field_description/urdf/field.trans
[0.193s] -- Up-to-date: /home/a/ws_moveit2/install/field_description/share/field_description/urdf/materials.urdf
[0.194s] -- Up-to-date: /home/a/ws_moveit2/install/field_description/share/field_description/launch
[0.195s] -- Up-to-date: /home/a/ws_moveit2/install/field_description/share/field_description/launch/robot_description.launch.py
[0.196s] -- Up-to-date: /home/a/ws_moveit2/install/field_description/share/ament_index/resource_index/package_run_dependencies/field_description
[0.196s] -- Up-to-date: /home/a/ws_moveit2/install/field_description/share/ament_index/resource_index/parent_prefix_path/field_description
[0.197s] -- Up-to-date: /home/a/ws_moveit2/install/field_description/share/field_description/environment/ament_prefix_path.sh
[0.198s] -- Up-to-date: /home/a/ws_moveit2/install/field_description/share/field_description/environment/ament_prefix_path.dsv
[0.199s] -- Up-to-date: /home/a/ws_moveit2/install/field_description/share/field_description/environment/path.sh
[0.200s] -- Up-to-date: /home/a/ws_moveit2/install/field_description/share/field_description/environment/path.dsv
[0.201s] -- Up-to-date: /home/a/ws_moveit2/install/field_description/share/field_description/local_setup.bash
[0.202s] -- Up-to-date: /home/a/ws_moveit2/install/field_description/share/field_description/local_setup.sh
[0.202s] -- Up-to-date: /home/a/ws_moveit2/install/field_description/share/field_description/local_setup.zsh
[0.203s] -- Up-to-date: /home/a/ws_moveit2/install/field_description/share/field_description/local_setup.dsv
[0.204s] -- Up-to-date: /home/a/ws_moveit2/install/field_description/share/field_description/package.dsv
[0.205s] -- Up-to-date: /home/a/ws_moveit2/install/field_description/share/ament_index/resource_index/packages/field_description
[0.205s] -- Up-to-date: /home/a/ws_moveit2/install/field_description/share/field_description/cmake/field_descriptionConfig.cmake
[0.207s] -- Up-to-date: /home/a/ws_moveit2/install/field_description/share/field_description/cmake/field_descriptionConfig-version.cmake
[0.207s] -- Up-to-date: /home/a/ws_moveit2/install/field_description/share/field_description/package.xml
[0.210s] Invoked command in '/home/a/ws_moveit2/build/field_description' returned '0': CMAKE_PREFIX_PATH=${CMAKE_PREFIX_PATH}:/home/a/ws_moveit2/install/moveit_configs_utils:/home/a/ws_moveit2/install/launch_param_builder:/opt/ros/humble /opt/st/stm32cubeclt_1.17.0/CMake/bin/cmake --install /home/a/ws_moveit2/build/field_description
