[0.000000] (-) TimerEvent: {}
[0.000469] (-) JobUnselected: {'identifier': '0525_arm_description'}
[0.000630] (-) JobUnselected: {'identifier': 'chomp_motion_planner'}
[0.000767] (-) JobUnselected: {'identifier': 'dynamixel_controller'}
[0.000880] (-) JobUnselected: {'identifier': 'dynamixel_controller_client'}
[0.000906] (-) JobUnselected: {'identifier': 'dynamixel_sdk'}
[0.000929] (-) JobUnselected: {'identifier': 'dynamixel_sdk_custom_interfaces'}
[0.000953] (-) JobUnselected: {'identifier': 'dynamixel_sdk_examples'}
[0.000975] (-) JobUnselected: {'identifier': 'field_description'}
[0.000996] (-) JobUnselected: {'identifier': 'field_description'}
[0.001018] (-) JobUnselected: {'identifier': 'hello_moveit'}
[0.001040] (-) JobUnselected: {'identifier': 'launch_param_builder'}
[0.001061] (-) JobUnselected: {'identifier': 'moveit'}
[0.001083] (-) JobUnselected: {'identifier': 'moveit2_tutorials'}
[0.001104] (-) JobUnselected: {'identifier': 'moveit_chomp_optimizer_adapter'}
[0.001125] (-) JobUnselected: {'identifier': 'moveit_common'}
[0.001146] (-) JobUnselected: {'identifier': 'moveit_configs_utils'}
[0.001172] (-) JobUnselected: {'identifier': 'moveit_core'}
[0.001194] (-) JobUnselected: {'identifier': 'moveit_hybrid_planning'}
[0.001216] (-) JobUnselected: {'identifier': 'moveit_kinematics'}
[0.001238] (-) JobUnselected: {'identifier': 'moveit_planners'}
[0.001261] (-) JobUnselected: {'identifier': 'moveit_planners_chomp'}
[0.001282] (-) JobUnselected: {'identifier': 'moveit_planners_ompl'}
[0.001304] (-) JobUnselected: {'identifier': 'moveit_plugins'}
[0.001326] (-) JobUnselected: {'identifier': 'moveit_resources'}
[0.001347] (-) JobUnselected: {'identifier': 'moveit_resources_fanuc_description'}
[0.001369] (-) JobUnselected: {'identifier': 'moveit_resources_fanuc_moveit_config'}
[0.001390] (-) JobUnselected: {'identifier': 'moveit_resources_panda_description'}
[0.001413] (-) JobUnselected: {'identifier': 'moveit_resources_panda_moveit_config'}
[0.001434] (-) JobUnselected: {'identifier': 'moveit_resources_pr2_description'}
[0.001456] (-) JobUnselected: {'identifier': 'moveit_resources_prbt_ikfast_manipulator_plugin'}
[0.001479] (-) JobUnselected: {'identifier': 'moveit_resources_prbt_moveit_config'}
[0.001500] (-) JobUnselected: {'identifier': 'moveit_resources_prbt_pg70_support'}
[0.001522] (-) JobUnselected: {'identifier': 'moveit_resources_prbt_support'}
[0.001544] (-) JobUnselected: {'identifier': 'moveit_ros'}
[0.001565] (-) JobUnselected: {'identifier': 'moveit_ros_benchmarks'}
[0.001586] (-) JobUnselected: {'identifier': 'moveit_ros_control_interface'}
[0.001607] (-) JobUnselected: {'identifier': 'moveit_ros_move_group'}
[0.001628] (-) JobUnselected: {'identifier': 'moveit_ros_occupancy_map_monitor'}
[0.001655] (-) JobUnselected: {'identifier': 'moveit_ros_perception'}
[0.001678] (-) JobUnselected: {'identifier': 'moveit_ros_planning'}
[0.001700] (-) JobUnselected: {'identifier': 'moveit_ros_planning_interface'}
[0.001721] (-) JobUnselected: {'identifier': 'moveit_ros_robot_interaction'}
[0.001742] (-) JobUnselected: {'identifier': 'moveit_ros_visualization'}
[0.001763] (-) JobUnselected: {'identifier': 'moveit_ros_warehouse'}
[0.001784] (-) JobUnselected: {'identifier': 'moveit_runtime'}
[0.001805] (-) JobUnselected: {'identifier': 'moveit_servo'}
[0.001826] (-) JobUnselected: {'identifier': 'moveit_setup_app_plugins'}
[0.001847] (-) JobUnselected: {'identifier': 'moveit_setup_assistant'}
[0.001867] (-) JobUnselected: {'identifier': 'moveit_setup_controllers'}
[0.001888] (-) JobUnselected: {'identifier': 'moveit_setup_core_plugins'}
[0.001909] (-) JobUnselected: {'identifier': 'moveit_setup_framework'}
[0.001930] (-) JobUnselected: {'identifier': 'moveit_setup_srdf_plugins'}
[0.001952] (-) JobUnselected: {'identifier': 'moveit_simple_controller_manager'}
[0.001974] (-) JobUnselected: {'identifier': 'moveit_task_constructor_capabilities'}
[0.001997] (-) JobUnselected: {'identifier': 'moveit_task_constructor_core'}
[0.002031] (-) JobUnselected: {'identifier': 'moveit_task_constructor_demo'}
[0.002060] (-) JobUnselected: {'identifier': 'moveit_task_constructor_msgs'}
[0.002103] (-) JobUnselected: {'identifier': 'moveit_task_constructor_visualization'}
[0.002131] (-) JobUnselected: {'identifier': 'moveit_visual_tools'}
[0.002161] (-) JobUnselected: {'identifier': 'mtc_tutorial'}
[0.002190] (-) JobUnselected: {'identifier': 'pilz_industrial_motion_planner'}
[0.002219] (-) JobUnselected: {'identifier': 'pilz_industrial_motion_planner_testutils'}
[0.002249] (-) JobUnselected: {'identifier': 'robot_config'}
[0.002271] (-) JobUnselected: {'identifier': 'rosparam_shortcuts'}
[0.002293] (-) JobUnselected: {'identifier': 'rviz_marker_tools'}
[0.002314] (-) JobUnselected: {'identifier': 'srdfdom'}
[0.002334] (-) JobUnselected: {'identifier': 'urdf_0816_description'}
[0.002356] (-) EventReactorShutdown: {}
