[0.000000] (-) TimerEvent: {}
[0.000178] (-) JobUnselected: {'identifier': 'catch_gazebo_ros2_control'}
[0.000212] (-) JobUnselected: {'identifier': 'chomp_motion_planner'}
[0.000236] (-) JobUnselected: {'identifier': 'com'}
[0.000255] (-) JobUnselected: {'identifier': 'dynamixel_controller'}
[0.000274] (-) JobUnselected: {'identifier': 'dynamixel_controller_client'}
[0.000292] (-) JobUnselected: {'identifier': 'dynamixel_controller_gui'}
[0.000310] (-) JobUnselected: {'identifier': 'dynamixel_sdk'}
[0.000339] (-) JobUnselected: {'identifier': 'dynamixel_sdk_custom_interfaces'}
[0.000361] (-) JobUnselected: {'identifier': 'dynamixel_sdk_examples'}
[0.000383] (-) JobUnselected: {'identifier': 'field_description'}
[0.000402] (-) JobUnselected: {'identifier': 'field_description'}
[0.000419] (-) JobUnselected: {'identifier': 'hello_moveit'}
[0.000435] (-) JobUnselected: {'identifier': 'launch_param_builder'}
[0.000452] (-) JobUnselected: {'identifier': 'moveit'}
[0.000468] (-) JobUnselected: {'identifier': 'moveit2_tutorials'}
[0.000484] (-) JobUnselected: {'identifier': 'moveit_chomp_optimizer_adapter'}
[0.000501] (-) JobUnselected: {'identifier': 'moveit_common'}
[0.000517] (-) JobUnselected: {'identifier': 'moveit_configs_utils'}
[0.000533] (-) JobUnselected: {'identifier': 'moveit_core'}
[0.000550] (-) JobUnselected: {'identifier': 'moveit_hybrid_planning'}
[0.000567] (-) JobUnselected: {'identifier': 'moveit_kinematics'}
[0.000583] (-) JobUnselected: {'identifier': 'moveit_planners'}
[0.000599] (-) JobUnselected: {'identifier': 'moveit_planners_chomp'}
[0.000616] (-) JobUnselected: {'identifier': 'moveit_planners_ompl'}
[0.000632] (-) JobUnselected: {'identifier': 'moveit_plugins'}
[0.000649] (-) JobUnselected: {'identifier': 'moveit_resources'}
[0.000665] (-) JobUnselected: {'identifier': 'moveit_resources_fanuc_description'}
[0.000681] (-) JobUnselected: {'identifier': 'moveit_resources_fanuc_moveit_config'}
[0.000698] (-) JobUnselected: {'identifier': 'moveit_resources_panda_description'}
[0.000714] (-) JobUnselected: {'identifier': 'moveit_resources_panda_moveit_config'}
[0.000731] (-) JobUnselected: {'identifier': 'moveit_resources_pr2_description'}
[0.000747] (-) JobUnselected: {'identifier': 'moveit_resources_prbt_ikfast_manipulator_plugin'}
[0.000764] (-) JobUnselected: {'identifier': 'moveit_resources_prbt_moveit_config'}
[0.000781] (-) JobUnselected: {'identifier': 'moveit_resources_prbt_pg70_support'}
[0.000798] (-) JobUnselected: {'identifier': 'moveit_resources_prbt_support'}
[0.000815] (-) JobUnselected: {'identifier': 'moveit_ros'}
[0.000831] (-) JobUnselected: {'identifier': 'moveit_ros_benchmarks'}
[0.000847] (-) JobUnselected: {'identifier': 'moveit_ros_control_interface'}
[0.000863] (-) JobUnselected: {'identifier': 'moveit_ros_move_group'}
[0.000879] (-) JobUnselected: {'identifier': 'moveit_ros_occupancy_map_monitor'}
[0.000902] (-) JobUnselected: {'identifier': 'moveit_ros_perception'}
[0.000923] (-) JobUnselected: {'identifier': 'moveit_ros_planning'}
[0.000940] (-) JobUnselected: {'identifier': 'moveit_ros_planning_interface'}
[0.000956] (-) JobUnselected: {'identifier': 'moveit_ros_robot_interaction'}
[0.000972] (-) JobUnselected: {'identifier': 'moveit_ros_visualization'}
[0.000988] (-) JobUnselected: {'identifier': 'moveit_ros_warehouse'}
[0.001005] (-) JobUnselected: {'identifier': 'moveit_runtime'}
[0.001021] (-) JobUnselected: {'identifier': 'moveit_servo'}
[0.001037] (-) JobUnselected: {'identifier': 'moveit_setup_app_plugins'}
[0.001053] (-) JobUnselected: {'identifier': 'moveit_setup_assistant'}
[0.001069] (-) JobUnselected: {'identifier': 'moveit_setup_controllers'}
[0.001086] (-) JobUnselected: {'identifier': 'moveit_setup_core_plugins'}
[0.001102] (-) JobUnselected: {'identifier': 'moveit_setup_framework'}
[0.001118] (-) JobUnselected: {'identifier': 'moveit_setup_srdf_plugins'}
[0.001134] (-) JobUnselected: {'identifier': 'moveit_simple_controller_manager'}
[0.001150] (-) JobUnselected: {'identifier': 'moveit_task_constructor_capabilities'}
[0.001167] (-) JobUnselected: {'identifier': 'moveit_task_constructor_core'}
[0.001368] (-) JobUnselected: {'identifier': 'moveit_task_constructor_demo'}
[0.001403] (-) JobUnselected: {'identifier': 'moveit_task_constructor_msgs'}
[0.001421] (-) JobUnselected: {'identifier': 'moveit_task_constructor_visualization'}
[0.001438] (-) JobUnselected: {'identifier': 'moveit_visual_tools'}
[0.001454] (-) JobUnselected: {'identifier': 'mtc_tutorial'}
[0.001469] (-) JobUnselected: {'identifier': 'object_description'}
[0.001486] (-) JobUnselected: {'identifier': 'object_description'}
[0.001503] (-) JobUnselected: {'identifier': 'pilz_industrial_motion_planner'}
[0.001519] (-) JobUnselected: {'identifier': 'pilz_industrial_motion_planner_testutils'}
[0.001535] (-) JobUnselected: {'identifier': 'realsense2_camera_msgs'}
[0.001551] (-) JobUnselected: {'identifier': 'realsense2_description'}
[0.001567] (-) JobUnselected: {'identifier': 'realsense2_ros_mqtt_bridge'}
[0.001583] (-) JobUnselected: {'identifier': 'robot_config'}
[0.001599] (-) JobUnselected: {'identifier': 'ros_tcp_endpoint'}
[0.001618] (-) JobUnselected: {'identifier': 'rosparam_shortcuts'}
[0.001634] (-) JobUnselected: {'identifier': 'rviz_marker_tools'}
[0.001651] (-) JobUnselected: {'identifier': 'srdfdom'}
[0.001667] (-) JobUnselected: {'identifier': 'trac_ik'}
[0.001683] (-) JobUnselected: {'identifier': 'trac_ik_kinematics_plugin'}
[0.001699] (-) JobUnselected: {'identifier': 'trac_ik_lib'}
[0.001714] (-) JobUnselected: {'identifier': 'urdf_0816_description'}
[0.001731] (-) JobUnselected: {'identifier': 'urdf_0816_description'}
[0.001751] (realsense2_camera) JobQueued: {'identifier': 'realsense2_camera', 'dependencies': OrderedDict([('realsense2_camera_msgs', '/home/a/ws_moveit2/install/realsense2_camera_msgs')])}
[0.001788] (realsense2_camera) JobStarted: {'identifier': 'realsense2_camera'}
[0.021991] (realsense2_camera) JobEnded: {'identifier': 'realsense2_camera', 'rc': 1}
[0.032222] (-) EventReactorShutdown: {}
