[0.821s] Invoking command in '/home/a/ws_moveit2/build/red_seiretu_description': CMAKE_PREFIX_PATH=${CMAKE_PREFIX_PATH}:/home/a/ws_moveit2/install/moveit_configs_utils:/home/a/ws_moveit2/install/ros_tcp_endpoint:/home/a/ws_moveit2/install/realsense2_ros_mqtt_bridge:/home/a/ws_moveit2/install/launch_param_builder:/home/a/ws_moveit2/install/dynamixel_controller_gui:/home/a/ws_moveit2/install/dynamixel_controller_client:/home/a/ws_moveit2/install/d415_rgb_depth_3d:/opt/ros/humble /usr/bin/cmake /home/a/ws_moveit2/src/red_seiretu_description-20250907T180457Z-1-001/red_seiretu_description -DCMAKE_INSTALL_PREFIX=/home/a/ws_moveit2/install/red_seiretu_description
[1.011s] -- The C compiler identification is GNU 11.4.0
[1.011s] -- The CXX compiler identification is GNU 11.4.0
[1.011s] -- Detecting C compiler ABI info
[1.012s] -- Detecting C compiler ABI info - done
[1.012s] -- Check for working C compiler: /usr/bin/cc - skipped
[1.012s] -- Detecting C compile features
[1.012s] -- Detecting C compile features - done
[1.012s] -- Detecting CXX compiler ABI info
[1.132s] -- Detecting CXX compiler ABI info - done
[1.144s] -- Check for working CXX compiler: /usr/bin/c++ - skipped
[1.159s] -- Detecting CXX compile features
[1.159s] -- Detecting CXX compile features - done
[1.163s] -- Found ament_cmake: 1.3.12 (/opt/ros/humble/share/ament_cmake/cmake)
[1.241s] -- Found Python3: /usr/bin/python3 (found version "3.10.12") found components: Interpreter 
[1.361s] -- Found urdf: 2.6.1 (/opt/ros/humble/share/urdf/cmake)
[1.520s] -- Configuring done
[1.523s] -- Generating done
[1.523s] -- Build files have been written to: /home/a/ws_moveit2/build/red_seiretu_description
[1.570s] Invoked command in '/home/a/ws_moveit2/build/red_seiretu_description' returned '0': CMAKE_PREFIX_PATH=${CMAKE_PREFIX_PATH}:/home/a/ws_moveit2/install/moveit_configs_utils:/home/a/ws_moveit2/install/ros_tcp_endpoint:/home/a/ws_moveit2/install/realsense2_ros_mqtt_bridge:/home/a/ws_moveit2/install/launch_param_builder:/home/a/ws_moveit2/install/dynamixel_controller_gui:/home/a/ws_moveit2/install/dynamixel_controller_client:/home/a/ws_moveit2/install/d415_rgb_depth_3d:/opt/ros/humble /usr/bin/cmake /home/a/ws_moveit2/src/red_seiretu_description-20250907T180457Z-1-001/red_seiretu_description -DCMAKE_INSTALL_PREFIX=/home/a/ws_moveit2/install/red_seiretu_description
[1.571s] Invoking command in '/home/a/ws_moveit2/build/red_seiretu_description': CMAKE_PREFIX_PATH=${CMAKE_PREFIX_PATH}:/home/a/ws_moveit2/install/moveit_configs_utils:/home/a/ws_moveit2/install/ros_tcp_endpoint:/home/a/ws_moveit2/install/realsense2_ros_mqtt_bridge:/home/a/ws_moveit2/install/launch_param_builder:/home/a/ws_moveit2/install/dynamixel_controller_gui:/home/a/ws_moveit2/install/dynamixel_controller_client:/home/a/ws_moveit2/install/d415_rgb_depth_3d:/opt/ros/humble /usr/bin/cmake --build /home/a/ws_moveit2/build/red_seiretu_description -- -j22 -l22
[1.658s] Invoked command in '/home/a/ws_moveit2/build/red_seiretu_description' returned '0': CMAKE_PREFIX_PATH=${CMAKE_PREFIX_PATH}:/home/a/ws_moveit2/install/moveit_configs_utils:/home/a/ws_moveit2/install/ros_tcp_endpoint:/home/a/ws_moveit2/install/realsense2_ros_mqtt_bridge:/home/a/ws_moveit2/install/launch_param_builder:/home/a/ws_moveit2/install/dynamixel_controller_gui:/home/a/ws_moveit2/install/dynamixel_controller_client:/home/a/ws_moveit2/install/d415_rgb_depth_3d:/opt/ros/humble /usr/bin/cmake --build /home/a/ws_moveit2/build/red_seiretu_description -- -j22 -l22
[1.660s] Invoking command in '/home/a/ws_moveit2/build/red_seiretu_description': CMAKE_PREFIX_PATH=${CMAKE_PREFIX_PATH}:/home/a/ws_moveit2/install/moveit_configs_utils:/home/a/ws_moveit2/install/ros_tcp_endpoint:/home/a/ws_moveit2/install/realsense2_ros_mqtt_bridge:/home/a/ws_moveit2/install/launch_param_builder:/home/a/ws_moveit2/install/dynamixel_controller_gui:/home/a/ws_moveit2/install/dynamixel_controller_client:/home/a/ws_moveit2/install/d415_rgb_depth_3d:/opt/ros/humble /usr/bin/cmake --install /home/a/ws_moveit2/build/red_seiretu_description
[1.670s] -- Install configuration: ""
[1.671s] -- Installing: /home/a/ws_moveit2/install/red_seiretu_description/share/red_seiretu_description/meshes
[1.671s] -- Installing: /home/a/ws_moveit2/install/red_seiretu_description/share/red_seiretu_description/meshes/base_link.stl
[1.682s] -- Installing: /home/a/ws_moveit2/install/red_seiretu_description/share/red_seiretu_description/meshes/red_seiretu_2.stl
[1.687s] -- Installing: /home/a/ws_moveit2/install/red_seiretu_description/share/red_seiretu_description/urdf
[1.688s] -- Installing: /home/a/ws_moveit2/install/red_seiretu_description/share/red_seiretu_description/urdf/red_seiretu.trans
[1.689s] -- Installing: /home/a/ws_moveit2/install/red_seiretu_description/share/red_seiretu_description/urdf/materials.xacro
[1.689s] -- Installing: /home/a/ws_moveit2/install/red_seiretu_description/share/red_seiretu_description/urdf/red_seiretu.xacro
[1.689s] -- Installing: /home/a/ws_moveit2/install/red_seiretu_description/share/red_seiretu_description/launch
[1.689s] -- Installing: /home/a/ws_moveit2/install/red_seiretu_description/share/red_seiretu_description/launch/robot_description.launch.py
[1.690s] -- Installing: /home/a/ws_moveit2/install/red_seiretu_description/share/ament_index/resource_index/package_run_dependencies/red_seiretu_description
[1.690s] -- Installing: /home/a/ws_moveit2/install/red_seiretu_description/share/ament_index/resource_index/parent_prefix_path/red_seiretu_description
[1.690s] -- Installing: /home/a/ws_moveit2/install/red_seiretu_description/share/red_seiretu_description/environment/ament_prefix_path.sh
[1.690s] -- Installing: /home/a/ws_moveit2/install/red_seiretu_description/share/red_seiretu_description/environment/ament_prefix_path.dsv
[1.690s] -- Installing: /home/a/ws_moveit2/install/red_seiretu_description/share/red_seiretu_description/environment/path.sh
[1.690s] -- Installing: /home/a/ws_moveit2/install/red_seiretu_description/share/red_seiretu_description/environment/path.dsv
[1.691s] -- Installing: /home/a/ws_moveit2/install/red_seiretu_description/share/red_seiretu_description/local_setup.bash
[1.691s] -- Installing: /home/a/ws_moveit2/install/red_seiretu_description/share/red_seiretu_description/local_setup.sh
[1.691s] -- Installing: /home/a/ws_moveit2/install/red_seiretu_description/share/red_seiretu_description/local_setup.zsh
[1.691s] -- Installing: /home/a/ws_moveit2/install/red_seiretu_description/share/red_seiretu_description/local_setup.dsv
[1.691s] -- Installing: /home/a/ws_moveit2/install/red_seiretu_description/share/red_seiretu_description/package.dsv
[1.692s] -- Installing: /home/a/ws_moveit2/install/red_seiretu_description/share/ament_index/resource_index/packages/red_seiretu_description
[1.692s] -- Installing: /home/a/ws_moveit2/install/red_seiretu_description/share/red_seiretu_description/cmake/red_seiretu_descriptionConfig.cmake
[1.692s] -- Installing: /home/a/ws_moveit2/install/red_seiretu_description/share/red_seiretu_description/cmake/red_seiretu_descriptionConfig-version.cmake
[1.692s] -- Installing: /home/a/ws_moveit2/install/red_seiretu_description/share/red_seiretu_description/package.xml
[1.704s] Invoked command in '/home/a/ws_moveit2/build/red_seiretu_description' returned '0': CMAKE_PREFIX_PATH=${CMAKE_PREFIX_PATH}:/home/a/ws_moveit2/install/moveit_configs_utils:/home/a/ws_moveit2/install/ros_tcp_endpoint:/home/a/ws_moveit2/install/realsense2_ros_mqtt_bridge:/home/a/ws_moveit2/install/launch_param_builder:/home/a/ws_moveit2/install/dynamixel_controller_gui:/home/a/ws_moveit2/install/dynamixel_controller_client:/home/a/ws_moveit2/install/d415_rgb_depth_3d:/opt/ros/humble /usr/bin/cmake --install /home/a/ws_moveit2/build/red_seiretu_description
