[0.000000] (-) TimerEvent: {}
[0.001312] (-) JobUnselected: {'identifier': '0525_arm_description'}
[0.003204] (-) JobUnselected: {'identifier': 'chomp_motion_planner'}
[0.003494] (-) JobUnselected: {'identifier': 'hello_moveit'}
[0.003696] (-) JobUnselected: {'identifier': 'launch_param_builder'}
[0.003886] (-) JobUnselected: {'identifier': 'moveit'}
[0.004067] (-) JobUnselected: {'identifier': 'moveit2_tutorials'}
[0.004248] (-) JobUnselected: {'identifier': 'moveit_chomp_optimizer_adapter'}
[0.004739] (-) JobUnselected: {'identifier': 'moveit_common'}
[0.004990] (-) JobUnselected: {'identifier': 'moveit_configs_utils'}
[0.005193] (-) JobUnselected: {'identifier': 'moveit_core'}
[0.005440] (-) JobUnselected: {'identifier': 'moveit_hybrid_planning'}
[0.005741] (-) JobUnselected: {'identifier': 'moveit_kinematics'}
[0.005945] (-) JobUnselected: {'identifier': 'moveit_planners'}
[0.006139] (-) JobUnselected: {'identifier': 'moveit_planners_chomp'}
[0.006851] (-) JobUnselected: {'identifier': 'moveit_planners_ompl'}
[0.007085] (-) JobUnselected: {'identifier': 'moveit_plugins'}
[0.007273] (-) JobUnselected: {'identifier': 'moveit_resources'}
[0.007923] (-) JobUnselected: {'identifier': 'moveit_resources_fanuc_description'}
[0.008150] (-) JobUnselected: {'identifier': 'moveit_resources_fanuc_moveit_config'}
[0.008398] (-) JobUnselected: {'identifier': 'moveit_resources_panda_description'}
[0.008625] (-) JobUnselected: {'identifier': 'moveit_resources_panda_moveit_config'}
[0.008839] (-) JobUnselected: {'identifier': 'moveit_resources_pr2_description'}
[0.009035] (-) JobUnselected: {'identifier': 'moveit_resources_prbt_ikfast_manipulator_plugin'}
[0.009229] (-) JobUnselected: {'identifier': 'moveit_resources_prbt_moveit_config'}
[0.009492] (-) JobUnselected: {'identifier': 'moveit_resources_prbt_pg70_support'}
[0.009712] (-) JobUnselected: {'identifier': 'moveit_resources_prbt_support'}
[0.009906] (-) JobUnselected: {'identifier': 'moveit_ros'}
[0.010100] (-) JobUnselected: {'identifier': 'moveit_ros_benchmarks'}
[0.010292] (-) JobUnselected: {'identifier': 'moveit_ros_control_interface'}
[0.010537] (-) JobUnselected: {'identifier': 'moveit_ros_move_group'}
[0.010747] (-) JobUnselected: {'identifier': 'moveit_ros_occupancy_map_monitor'}
[0.010970] (-) JobUnselected: {'identifier': 'moveit_ros_perception'}
[0.011194] (-) JobUnselected: {'identifier': 'moveit_ros_planning'}
[0.011568] (-) JobUnselected: {'identifier': 'moveit_ros_planning_interface'}
[0.011867] (-) JobUnselected: {'identifier': 'moveit_ros_robot_interaction'}
[0.012086] (-) JobUnselected: {'identifier': 'moveit_ros_visualization'}
[0.012280] (-) JobUnselected: {'identifier': 'moveit_ros_warehouse'}
[0.012915] (-) JobUnselected: {'identifier': 'moveit_runtime'}
[0.013133] (-) JobUnselected: {'identifier': 'moveit_servo'}
[0.013420] (-) JobUnselected: {'identifier': 'moveit_setup_app_plugins'}
[0.013652] (-) JobUnselected: {'identifier': 'moveit_setup_assistant'}
[0.013859] (-) JobUnselected: {'identifier': 'moveit_setup_controllers'}
[0.014053] (-) JobUnselected: {'identifier': 'moveit_setup_core_plugins'}
[0.014243] (-) JobUnselected: {'identifier': 'moveit_setup_framework'}
[0.014521] (-) JobUnselected: {'identifier': 'moveit_setup_srdf_plugins'}
[0.014742] (-) JobUnselected: {'identifier': 'moveit_simple_controller_manager'}
[0.014941] (-) JobUnselected: {'identifier': 'moveit_task_constructor_capabilities'}
[0.015516] (-) JobUnselected: {'identifier': 'moveit_task_constructor_core'}
[0.015614] (-) JobUnselected: {'identifier': 'moveit_task_constructor_demo'}
[0.015659] (-) JobUnselected: {'identifier': 'moveit_task_constructor_msgs'}
[0.015697] (-) JobUnselected: {'identifier': 'moveit_task_constructor_visualization'}
[0.015732] (-) JobUnselected: {'identifier': 'moveit_visual_tools'}
[0.015769] (-) JobUnselected: {'identifier': 'mtc_tutorial'}
[0.015803] (-) JobUnselected: {'identifier': 'pilz_industrial_motion_planner'}
[0.015837] (-) JobUnselected: {'identifier': 'pilz_industrial_motion_planner_testutils'}
[0.015871] (-) JobUnselected: {'identifier': 'robot_config'}
[0.015944] (-) JobUnselected: {'identifier': 'rosparam_shortcuts'}
[0.016023] (-) JobUnselected: {'identifier': 'rviz_marker_tools'}
[0.016133] (-) JobUnselected: {'identifier': 'srdfdom'}
[0.016190] (-) EventReactorShutdown: {}
