[0.401s] Invoking command in '/home/a/ws_moveit2/build/object_description': CMAKE_PREFIX_PATH=/opt/ros/humble /usr/bin/cmake --build /home/a/ws_moveit2/build/object_description -- -j22 -l22
[0.785s] Invoked command in '/home/a/ws_moveit2/build/object_description' returned '0': CMAKE_PREFIX_PATH=/opt/ros/humble /usr/bin/cmake --build /home/a/ws_moveit2/build/object_description -- -j22 -l22
[0.835s] Invoking command in '/home/a/ws_moveit2/build/object_description': CMAKE_PREFIX_PATH=/opt/ros/humble /usr/bin/cmake --install /home/a/ws_moveit2/build/object_description
[0.890s] -- Install configuration: ""
[0.890s] -- Up-to-date: /home/a/ws_moveit2/install/object_description/share/object_description/meshes
[0.891s] -- Up-to-date: /home/a/ws_moveit2/install/object_description/share/object_description/meshes/base_link.stl
[0.891s] -- Up-to-date: /home/a/ws_moveit2/install/object_description/share/object_description/urdf
[0.891s] -- Up-to-date: /home/a/ws_moveit2/install/object_description/share/object_description/urdf/object.urdf
[0.891s] -- Up-to-date: /home/a/ws_moveit2/install/object_description/share/object_description/urdf/materials.xacro
[0.891s] -- Up-to-date: /home/a/ws_moveit2/install/object_description/share/object_description/urdf/object.xacro
[0.891s] -- Up-to-date: /home/a/ws_moveit2/install/object_description/share/object_description/urdf/materials.urdf
[0.891s] -- Up-to-date: /home/a/ws_moveit2/install/object_description/share/object_description/urdf/object.trans
[0.891s] -- Up-to-date: /home/a/ws_moveit2/install/object_description/share/object_description/launch
[0.891s] -- Up-to-date: /home/a/ws_moveit2/install/object_description/share/object_description/launch/robot_description.launch.py
[0.891s] -- Up-to-date: /home/a/ws_moveit2/install/object_description/share/ament_index/resource_index/package_run_dependencies/object_description
[0.891s] -- Up-to-date: /home/a/ws_moveit2/install/object_description/share/ament_index/resource_index/parent_prefix_path/object_description
[0.891s] -- Up-to-date: /home/a/ws_moveit2/install/object_description/share/object_description/environment/ament_prefix_path.sh
[0.891s] -- Up-to-date: /home/a/ws_moveit2/install/object_description/share/object_description/environment/ament_prefix_path.dsv
[0.891s] -- Up-to-date: /home/a/ws_moveit2/install/object_description/share/object_description/environment/path.sh
[0.891s] -- Up-to-date: /home/a/ws_moveit2/install/object_description/share/object_description/environment/path.dsv
[0.891s] -- Up-to-date: /home/a/ws_moveit2/install/object_description/share/object_description/local_setup.bash
[0.891s] -- Up-to-date: /home/a/ws_moveit2/install/object_description/share/object_description/local_setup.sh
[0.891s] -- Up-to-date: /home/a/ws_moveit2/install/object_description/share/object_description/local_setup.zsh
[0.892s] -- Up-to-date: /home/a/ws_moveit2/install/object_description/share/object_description/local_setup.dsv
[0.892s] -- Installing: /home/a/ws_moveit2/install/object_description/share/object_description/package.dsv
[0.892s] -- Up-to-date: /home/a/ws_moveit2/install/object_description/share/ament_index/resource_index/packages/object_description
[0.892s] -- Up-to-date: /home/a/ws_moveit2/install/object_description/share/object_description/cmake/object_descriptionConfig.cmake
[0.892s] -- Up-to-date: /home/a/ws_moveit2/install/object_description/share/object_description/cmake/object_descriptionConfig-version.cmake
[0.892s] -- Up-to-date: /home/a/ws_moveit2/install/object_description/share/object_description/package.xml
[0.987s] Invoked command in '/home/a/ws_moveit2/build/object_description' returned '0': CMAKE_PREFIX_PATH=/opt/ros/humble /usr/bin/cmake --install /home/a/ws_moveit2/build/object_description
