[  4%] Built target moveit_rdf_loader
[  7%] Built target moveit_collision_plugin_loader
[ 10%] Built target moveit_planning_pipeline
[ 13%] Built target gmock_main
[ 17%] Built target gmock
[ 20%] Built target moveit_list_request_adapter_plugins
[ 23%] Built target gtest_main
[ 26%] Built target gtest
[ 29%] Built target moveit_kinematics_plugin_loader
[ 45%] Built target moveit_default_planning_request_adapter_plugins
[ 48%] Built target moveit_constraint_sampler_manager_loader
[ 51%] Built target moveit_robot_model_loader
[ 54%] Built target moveit_print_planning_model_info
[ 63%] Built target moveit_planning_scene_monitor
[ 64%] [32mBuilding CXX object planning_scene_monitor/CMakeFiles/demo_scene.dir/demos/demo_scene.cpp.o[0m
[ 66%] [32mBuilding CXX object planning_scene_monitor/CMakeFiles/current_state_monitor_tests.dir/test/current_state_monitor_tests.cpp.o[0m
[ 67%] [32mBuilding CXX object planning_scene_monitor/CMakeFiles/planning_scene_monitor_test.dir/test/planning_scene_monitor_test.cpp.o[0m
[ 69%] [32mBuilding CXX object planning_scene_monitor/CMakeFiles/trajectory_monitor_tests.dir/test/trajectory_monitor_tests.cpp.o[0m
gmake[2]: *** [planning_scene_monitor/CMakeFiles/demo_scene.dir/build.make:76: planning_scene_monitor/CMakeFiles/demo_scene.dir/demos/demo_scene.cpp.o] å‰²ã‚Šè¾¼ã¿
gmake[2]: *** [planning_scene_monitor/CMakeFiles/current_state_monitor_tests.dir/build.make:76: planning_scene_monitor/CMakeFiles/current_state_monitor_tests.dir/test/current_state_monitor_tests.cpp.o] å‰²ã‚Šè¾¼ã¿
gmake[2]: *** [planning_scene_monitor/CMakeFiles/trajectory_monitor_tests.dir/build.make:76: planning_scene_monitor/CMakeFiles/trajectory_monitor_tests.dir/test/trajectory_monitor_tests.cpp.o] å‰²ã‚Šè¾¼ã¿
gmake[2]: *** [planning_scene_monitor/CMakeFiles/planning_scene_monitor_test.dir/build.make:76: planning_scene_monitor/CMakeFiles/planning_scene_monitor_test.dir/test/planning_scene_monitor_test.cpp.o] å‰²ã‚Šè¾¼ã¿
gmake[1]: *** [CMakeFiles/Makefile2:713: planning_scene_monitor/CMakeFiles/trajectory_monitor_tests.dir/all] å‰²ã‚Šè¾¼ã¿
gmake[1]: *** [CMakeFiles/Makefile2:681: planning_scene_monitor/CMakeFiles/current_state_monitor_tests.dir/all] å‰²ã‚Šè¾¼ã¿
gmake[1]: *** [CMakeFiles/Makefile2:649: planning_scene_monitor/CMakeFiles/demo_scene.dir/all] å‰²ã‚Šè¾¼ã¿
gmake[1]: *** [CMakeFiles/Makefile2:745: planning_scene_monitor/CMakeFiles/planning_scene_monitor_test.dir/all] å‰²ã‚Šè¾¼ã¿
gmake: *** [Makefile:146: all] å‰²ã‚Šè¾¼ã¿
