-- Install configuration: ""
-- Up-to-date: /home/a/ws_moveit2/install/0525_arm_description/share/0525_arm_description/meshes
-- Up-to-date: /home/a/ws_moveit2/install/0525_arm_description/share/0525_arm_description/meshes/link1_1.stl
-- Up-to-date: /home/a/ws_moveit2/install/0525_arm_description/share/0525_arm_description/meshes/link3_1.stl
-- Up-to-date: /home/a/ws_moveit2/install/0525_arm_description/share/0525_arm_description/meshes/base_link.stl
-- Up-to-date: /home/a/ws_moveit2/install/0525_arm_description/share/0525_arm_description/meshes/left_finger_1.stl
-- Up-to-date: /home/a/ws_moveit2/install/0525_arm_description/share/0525_arm_description/meshes/link6_1.stl
-- Up-to-date: /home/a/ws_moveit2/install/0525_arm_description/share/0525_arm_description/meshes/link4_1.stl
-- Up-to-date: /home/a/ws_moveit2/install/0525_arm_description/share/0525_arm_description/meshes/EndEffector_1.stl
-- Up-to-date: /home/a/ws_moveit2/install/0525_arm_description/share/0525_arm_description/meshes/right_finger_1.stl
-- Up-to-date: /home/a/ws_moveit2/install/0525_arm_description/share/0525_arm_description/meshes/link5_1.stl
-- Up-to-date: /home/a/ws_moveit2/install/0525_arm_description/share/0525_arm_description/meshes/link2_1.stl
-- Up-to-date: /home/a/ws_moveit2/install/0525_arm_description/share/0525_arm_description/urdf
-- Up-to-date: /home/a/ws_moveit2/install/0525_arm_description/share/0525_arm_description/urdf/0525_arm.trans
-- Installing: /home/a/ws_moveit2/install/0525_arm_description/share/0525_arm_description/urdf/0525_arm.urdf
-- Up-to-date: /home/a/ws_moveit2/install/0525_arm_description/share/0525_arm_description/urdf/materials.urdf
-- Up-to-date: /home/a/ws_moveit2/install/0525_arm_description/share/0525_arm_description/launch
-- Up-to-date: /home/a/ws_moveit2/install/0525_arm_description/share/0525_arm_description/launch/robot_description.launch.py
-- Up-to-date: /home/a/ws_moveit2/install/0525_arm_description/share/ament_index/resource_index/package_run_dependencies/0525_arm_description
-- Up-to-date: /home/a/ws_moveit2/install/0525_arm_description/share/ament_index/resource_index/parent_prefix_path/0525_arm_description
-- Up-to-date: /home/a/ws_moveit2/install/0525_arm_description/share/0525_arm_description/environment/ament_prefix_path.sh
-- Up-to-date: /home/a/ws_moveit2/install/0525_arm_description/share/0525_arm_description/environment/ament_prefix_path.dsv
-- Up-to-date: /home/a/ws_moveit2/install/0525_arm_description/share/0525_arm_description/environment/path.sh
-- Up-to-date: /home/a/ws_moveit2/install/0525_arm_description/share/0525_arm_description/environment/path.dsv
-- Up-to-date: /home/a/ws_moveit2/install/0525_arm_description/share/0525_arm_description/local_setup.bash
-- Up-to-date: /home/a/ws_moveit2/install/0525_arm_description/share/0525_arm_description/local_setup.sh
-- Up-to-date: /home/a/ws_moveit2/install/0525_arm_description/share/0525_arm_description/local_setup.zsh
-- Up-to-date: /home/a/ws_moveit2/install/0525_arm_description/share/0525_arm_description/local_setup.dsv
-- Up-to-date: /home/a/ws_moveit2/install/0525_arm_description/share/0525_arm_description/package.dsv
-- Up-to-date: /home/a/ws_moveit2/install/0525_arm_description/share/ament_index/resource_index/packages/0525_arm_description
-- Up-to-date: /home/a/ws_moveit2/install/0525_arm_description/share/0525_arm_description/cmake/0525_arm_descriptionConfig.cmake
-- Up-to-date: /home/a/ws_moveit2/install/0525_arm_description/share/0525_arm_description/cmake/0525_arm_descriptionConfig-version.cmake
-- Up-to-date: /home/a/ws_moveit2/install/0525_arm_description/share/0525_arm_description/package.xml
