[0.195s] Invoking command in '/home/a/ws_moveit2/build/srdfdom': CMAKE_PREFIX_PATH=${CMAKE_PREFIX_PATH}:/home/a/ws_moveit2/install/moveit_configs_utils:/home/a/ws_moveit2/install/launch_param_builder:/opt/ros/humble /opt/st/stm32cubeclt_1.17.0/CMake/bin/cmake --build /home/a/ws_moveit2/build/srdfdom -- -j4 -l4
[0.983s] [  0%] Built target ament_cmake_python_symlink_srdfdom
[1.325s] [ 18%] Built target gtest
[1.354s] [ 36%] Built target gtest_main
[1.601s] [ 63%] Built target srdfdom
[1.808s] [100%] Built target test_cpp_C
[1.809s] [100%] Built target test_cpp_nl_NL.UTF-8
[3.208s] running egg_info
[3.212s] writing srdfdom.egg-info/PKG-INFO
[3.213s] writing dependency_links to srdfdom.egg-info/dependency_links.txt
[3.216s] writing top-level names to srdfdom.egg-info/top_level.txt
[3.233s] reading manifest file 'srdfdom.egg-info/SOURCES.txt'
[3.237s] writing manifest file 'srdfdom.egg-info/SOURCES.txt'
[3.320s] [100%] Built target ament_cmake_python_build_srdfdom_egg
[3.900s] Invoked command in '/home/a/ws_moveit2/build/srdfdom' returned '0': CMAKE_PREFIX_PATH=${CMAKE_PREFIX_PATH}:/home/a/ws_moveit2/install/moveit_configs_utils:/home/a/ws_moveit2/install/launch_param_builder:/opt/ros/humble /opt/st/stm32cubeclt_1.17.0/CMake/bin/cmake --build /home/a/ws_moveit2/build/srdfdom -- -j4 -l4
[3.925s] Invoking command in '/home/a/ws_moveit2/build/srdfdom': CMAKE_PREFIX_PATH=${CMAKE_PREFIX_PATH}:/home/a/ws_moveit2/install/moveit_configs_utils:/home/a/ws_moveit2/install/launch_param_builder:/opt/ros/humble /opt/st/stm32cubeclt_1.17.0/CMake/bin/cmake --install /home/a/ws_moveit2/build/srdfdom
[3.968s] -- Install configuration: "Debug"
[3.973s] -- Execute custom install script
[3.988s] -- Up-to-date symlink: /home/a/ws_moveit2/install/srdfdom/include/srdfdom/srdfdom/model.h
[3.989s] -- Up-to-date symlink: /home/a/ws_moveit2/install/srdfdom/include/srdfdom/srdfdom/srdf_writer.h
[3.996s] -- Up-to-date symlink: /home/a/ws_moveit2/install/srdfdom/include/srdfdom/srdfdom/visibility_control.h
[4.014s] -- Up-to-date symlink: /home/a/ws_moveit2/install/srdfdom/lib/srdfdom/display_srdf
[4.025s] -- Up-to-date symlink: /home/a/ws_moveit2/install/srdfdom/share/srdfdom/environment/pythonpath.sh
[4.025s] -- Up-to-date symlink: /home/a/ws_moveit2/install/srdfdom/share/srdfdom/environment/pythonpath.dsv
[4.026s] -- Up-to-date symlink: /home/a/ws_moveit2/install/srdfdom/local/lib/python3.10/dist-packages/srdfdom-2.0.7-py3.10.egg-info/PKG-INFO
[4.062s] -- Up-to-date symlink: /home/a/ws_moveit2/install/srdfdom/local/lib/python3.10/dist-packages/srdfdom-2.0.7-py3.10.egg-info/SOURCES.txt
[4.064s] -- Up-to-date symlink: /home/a/ws_moveit2/install/srdfdom/local/lib/python3.10/dist-packages/srdfdom-2.0.7-py3.10.egg-info/dependency_links.txt
[4.064s] -- Up-to-date symlink: /home/a/ws_moveit2/install/srdfdom/local/lib/python3.10/dist-packages/srdfdom-2.0.7-py3.10.egg-info/top_level.txt
[4.065s] -- Up-to-date symlink: /home/a/ws_moveit2/install/srdfdom/local/lib/python3.10/dist-packages/srdfdom/__init__.py
[4.065s] -- Up-to-date symlink: /home/a/ws_moveit2/install/srdfdom/local/lib/python3.10/dist-packages/srdfdom/srdf.py
[4.074s] -- Up-to-date symlink: /home/a/ws_moveit2/install/srdfdom/share/srdfdom/environment/library_path.sh
[4.076s] -- Up-to-date symlink: /home/a/ws_moveit2/install/srdfdom/share/srdfdom/environment/library_path.dsv
[4.076s] -- Up-to-date symlink: /home/a/ws_moveit2/install/srdfdom/share/ament_index/resource_index/package_run_dependencies/srdfdom
[4.077s] -- Up-to-date symlink: /home/a/ws_moveit2/install/srdfdom/share/ament_index/resource_index/parent_prefix_path/srdfdom
[4.077s] -- Up-to-date symlink: /home/a/ws_moveit2/install/srdfdom/share/srdfdom/environment/ament_prefix_path.sh
[4.080s] -- Up-to-date symlink: /home/a/ws_moveit2/install/srdfdom/share/srdfdom/environment/ament_prefix_path.dsv
[4.080s] -- Up-to-date symlink: /home/a/ws_moveit2/install/srdfdom/share/srdfdom/environment/path.sh
[4.080s] -- Up-to-date symlink: /home/a/ws_moveit2/install/srdfdom/share/srdfdom/environment/path.dsv
[4.082s] -- Up-to-date symlink: /home/a/ws_moveit2/install/srdfdom/share/srdfdom/local_setup.bash
[4.083s] -- Up-to-date symlink: /home/a/ws_moveit2/install/srdfdom/share/srdfdom/local_setup.sh
[4.083s] -- Up-to-date symlink: /home/a/ws_moveit2/install/srdfdom/share/srdfdom/local_setup.zsh
[4.084s] -- Up-to-date symlink: /home/a/ws_moveit2/install/srdfdom/share/srdfdom/local_setup.dsv
[4.084s] -- Symlinking: /home/a/ws_moveit2/install/srdfdom/share/srdfdom/package.dsv
[4.086s] -- Up-to-date symlink: /home/a/ws_moveit2/install/srdfdom/share/ament_index/resource_index/packages/srdfdom
[4.089s] -- Up-to-date symlink: /home/a/ws_moveit2/install/srdfdom/share/srdfdom/cmake/ament_cmake_export_targets-extras.cmake
[4.089s] -- Up-to-date symlink: /home/a/ws_moveit2/install/srdfdom/share/srdfdom/cmake/ament_cmake_export_dependencies-extras.cmake
[4.093s] -- Up-to-date symlink: /home/a/ws_moveit2/install/srdfdom/share/srdfdom/cmake/srdfdomConfig.cmake
[4.106s] -- Up-to-date symlink: /home/a/ws_moveit2/install/srdfdom/share/srdfdom/cmake/srdfdomConfig-version.cmake
[4.107s] -- Up-to-date symlink: /home/a/ws_moveit2/install/srdfdom/share/srdfdom/package.xml
[4.116s] -- Up-to-date: /home/a/ws_moveit2/install/srdfdom/lib/libsrdfdom.so.2.0.7
[4.118s] -- Up-to-date: /home/a/ws_moveit2/install/srdfdom/lib/libsrdfdom.so
[4.432s] Listing '/home/a/ws_moveit2/install/srdfdom/local/lib/python3.10/dist-packages/srdfdom'...
[4.468s] -- Up-to-date: /home/a/ws_moveit2/install/srdfdom/share/srdfdom/cmake/srdfdomTargetsExport.cmake
[4.469s] -- Up-to-date: /home/a/ws_moveit2/install/srdfdom/share/srdfdom/cmake/srdfdomTargetsExport-debug.cmake
[4.480s] Invoked command in '/home/a/ws_moveit2/build/srdfdom' returned '0': CMAKE_PREFIX_PATH=${CMAKE_PREFIX_PATH}:/home/a/ws_moveit2/install/moveit_configs_utils:/home/a/ws_moveit2/install/launch_param_builder:/opt/ros/humble /opt/st/stm32cubeclt_1.17.0/CMake/bin/cmake --install /home/a/ws_moveit2/build/srdfdom
