[0.051s] Invoking command in '/home/a/ws_moveit2/build/srdfdom': CMAKE_PREFIX_PATH=${CMAKE_PREFIX_PATH}:/home/a/ws_moveit2/install/moveit_configs_utils:/home/a/ws_moveit2/install/launch_param_builder:/opt/ros/humble /opt/st/stm32cubeclt_1.17.0/CMake/bin/cmake /home/a/ws_moveit2/src/srdfdom -DCMAKE_BUILD_TYPE=Debug -DAMENT_CMAKE_SYMLINK_INSTALL=1 -DCMAKE_INSTALL_PREFIX=/home/a/ws_moveit2/install/srdfdom
[0.318s] -- The CXX compiler identification is GNU 11.4.0
[0.400s] -- Detecting CXX compiler ABI info
[0.760s] -- Detecting CXX compiler ABI info - done
[0.800s] -- Check for working CXX compiler: /usr/bin/c++ - skipped
[0.801s] -- Detecting CXX compile features
[0.805s] -- Detecting CXX compile features - done
[0.835s] -- Found Boost: /usr/lib/x86_64-linux-gnu/cmake/Boost-1.74.0/BoostConfig.cmake (found version "1.74.0")  
[0.868s] -- Found ament_cmake: 1.3.11 (/opt/ros/humble/share/ament_cmake/cmake)
[1.327s] -- Found Python3: /usr/bin/python3 (found version "3.10.12") found components: Interpreter 
[1.540s] -- Override CMake install command with custom implementation using symlinks instead of copying resources
[1.645s] -- Found urdf: 2.6.1 (/opt/ros/humble/share/urdf/cmake)
[1.811s] -- Found TinyXML2 via Config file: TinyXML2_DIR-NOTFOUND
[2.163s] -- Found ament_cmake_gtest: 1.3.11 (/opt/ros/humble/share/ament_cmake_gtest/cmake)
[2.180s] -- Found ament_cmake_pytest: 1.3.11 (/opt/ros/humble/share/ament_cmake_pytest/cmake)
[3.677s] -- Found gtest sources under '/opt/ros/humble/src/gtest_vendor': C++ tests using 'Google Test' will be built
[3.887s] -- The C compiler identification is GNU 11.4.0
[3.949s] -- Detecting C compiler ABI info
[4.241s] -- Detecting C compiler ABI info - done
[4.273s] -- Check for working C compiler: /usr/bin/cc - skipped
[4.274s] -- Detecting C compile features
[4.276s] -- Detecting C compile features - done
[4.287s] -- Performing Test CMAKE_HAVE_LIBC_PTHREAD
[4.676s] -- Performing Test CMAKE_HAVE_LIBC_PTHREAD - Success
[4.681s] -- Found Threads: TRUE  
[4.700s] -- Found ament_lint_auto: 0.12.12 (/opt/ros/humble/share/ament_lint_auto/cmake)
[4.772s] -- Configuring done (4.7s)
[4.838s] -- Generating done (0.1s)
[4.864s] -- Build files have been written to: /home/a/ws_moveit2/build/srdfdom
[4.895s] Invoked command in '/home/a/ws_moveit2/build/srdfdom' returned '0': CMAKE_PREFIX_PATH=${CMAKE_PREFIX_PATH}:/home/a/ws_moveit2/install/moveit_configs_utils:/home/a/ws_moveit2/install/launch_param_builder:/opt/ros/humble /opt/st/stm32cubeclt_1.17.0/CMake/bin/cmake /home/a/ws_moveit2/src/srdfdom -DCMAKE_BUILD_TYPE=Debug -DAMENT_CMAKE_SYMLINK_INSTALL=1 -DCMAKE_INSTALL_PREFIX=/home/a/ws_moveit2/install/srdfdom
[4.909s] Invoking command in '/home/a/ws_moveit2/build/srdfdom': CMAKE_PREFIX_PATH=${CMAKE_PREFIX_PATH}:/home/a/ws_moveit2/install/moveit_configs_utils:/home/a/ws_moveit2/install/launch_param_builder:/opt/ros/humble /opt/st/stm32cubeclt_1.17.0/CMake/bin/cmake --build /home/a/ws_moveit2/build/srdfdom -- -j4 -l4
[5.093s] [  9%] [32mBuilding CXX object gtest/CMakeFiles/gtest_main.dir/src/gtest_main.cc.o[0m
[5.113s] [  9%] Built target ament_cmake_python_symlink_srdfdom
[5.120s] [ 18%] [32mBuilding CXX object CMakeFiles/srdfdom.dir/src/model.cpp.o[0m
[5.142s] [ 27%] [32mBuilding CXX object gtest/CMakeFiles/gtest.dir/src/gtest-all.cc.o[0m
[8.593s] running egg_info
[8.602s] creating srdfdom.egg-info
[8.603s] writing srdfdom.egg-info/PKG-INFO
[8.604s] writing dependency_links to srdfdom.egg-info/dependency_links.txt
[8.604s] writing top-level names to srdfdom.egg-info/top_level.txt
[8.608s] writing manifest file 'srdfdom.egg-info/SOURCES.txt'
[8.637s] reading manifest file 'srdfdom.egg-info/SOURCES.txt'
[8.646s] writing manifest file 'srdfdom.egg-info/SOURCES.txt'
[8.866s] [ 27%] Built target ament_cmake_python_build_srdfdom_egg
[9.032s] [ 36%] [32mBuilding CXX object CMakeFiles/srdfdom.dir/src/srdf_writer.cpp.o[0m
[19.739s] [ 45%] [32m[1mLinking CXX static library libgtest_main.a[0m
[19.885s] [ 45%] Built target gtest_main
[26.171s] [ 54%] [32m[1mLinking CXX shared library libsrdfdom.so[0m
[26.820s] [ 54%] Built target srdfdom
[32.408s] [ 63%] [32m[1mLinking CXX static library libgtest.a[0m
[32.628s] [ 63%] Built target gtest
[32.703s] [ 72%] [32mBuilding CXX object CMakeFiles/test_cpp_C.dir/test/test_parser.cpp.o[0m
[32.704s] [ 81%] [32mBuilding CXX object CMakeFiles/test_cpp_nl_NL.UTF-8.dir/test/test_parser.cpp.o[0m
[41.648s] [ 90%] [32m[1mLinking CXX executable test_cpp_C[0m
[41.712s] [100%] [32m[1mLinking CXX executable test_cpp_nl_NL.UTF-8[0m
[42.431s] [100%] Built target test_cpp_C
[42.455s] [100%] Built target test_cpp_nl_NL.UTF-8
[42.484s] Invoked command in '/home/a/ws_moveit2/build/srdfdom' returned '0': CMAKE_PREFIX_PATH=${CMAKE_PREFIX_PATH}:/home/a/ws_moveit2/install/moveit_configs_utils:/home/a/ws_moveit2/install/launch_param_builder:/opt/ros/humble /opt/st/stm32cubeclt_1.17.0/CMake/bin/cmake --build /home/a/ws_moveit2/build/srdfdom -- -j4 -l4
[42.488s] Invoking command in '/home/a/ws_moveit2/build/srdfdom': CMAKE_PREFIX_PATH=${CMAKE_PREFIX_PATH}:/home/a/ws_moveit2/install/moveit_configs_utils:/home/a/ws_moveit2/install/launch_param_builder:/opt/ros/humble /opt/st/stm32cubeclt_1.17.0/CMake/bin/cmake --install /home/a/ws_moveit2/build/srdfdom
[42.494s] -- Install configuration: "Debug"
[42.496s] -- Execute custom install script
[42.498s] -- Symlinking: /home/a/ws_moveit2/install/srdfdom/include/srdfdom/srdfdom/model.h
[42.510s] -- Symlinking: /home/a/ws_moveit2/install/srdfdom/include/srdfdom/srdfdom/srdf_writer.h
[42.523s] -- Symlinking: /home/a/ws_moveit2/install/srdfdom/include/srdfdom/srdfdom/visibility_control.h
[42.536s] -- Symlinking: /home/a/ws_moveit2/install/srdfdom/lib/srdfdom/display_srdf
[42.548s] -- Symlinking: /home/a/ws_moveit2/install/srdfdom/share/srdfdom/environment/pythonpath.sh
[42.560s] -- Symlinking: /home/a/ws_moveit2/install/srdfdom/share/srdfdom/environment/pythonpath.dsv
[42.579s] -- Symlinking: /home/a/ws_moveit2/install/srdfdom/local/lib/python3.10/dist-packages/srdfdom-2.0.7-py3.10.egg-info/PKG-INFO
[42.591s] -- Symlinking: /home/a/ws_moveit2/install/srdfdom/local/lib/python3.10/dist-packages/srdfdom-2.0.7-py3.10.egg-info/SOURCES.txt
[42.603s] -- Symlinking: /home/a/ws_moveit2/install/srdfdom/local/lib/python3.10/dist-packages/srdfdom-2.0.7-py3.10.egg-info/dependency_links.txt
[42.615s] -- Symlinking: /home/a/ws_moveit2/install/srdfdom/local/lib/python3.10/dist-packages/srdfdom-2.0.7-py3.10.egg-info/top_level.txt
[42.628s] -- Symlinking: /home/a/ws_moveit2/install/srdfdom/local/lib/python3.10/dist-packages/srdfdom/__init__.py
[42.640s] -- Symlinking: /home/a/ws_moveit2/install/srdfdom/local/lib/python3.10/dist-packages/srdfdom/srdf.py
[42.652s] -- Symlinking: /home/a/ws_moveit2/install/srdfdom/share/srdfdom/environment/library_path.sh
[42.665s] -- Symlinking: /home/a/ws_moveit2/install/srdfdom/share/srdfdom/environment/library_path.dsv
[42.677s] -- Symlinking: /home/a/ws_moveit2/install/srdfdom/share/ament_index/resource_index/package_run_dependencies/srdfdom
[42.694s] -- Symlinking: /home/a/ws_moveit2/install/srdfdom/share/ament_index/resource_index/parent_prefix_path/srdfdom
[42.709s] -- Symlinking: /home/a/ws_moveit2/install/srdfdom/share/srdfdom/environment/ament_prefix_path.sh
[42.725s] -- Symlinking: /home/a/ws_moveit2/install/srdfdom/share/srdfdom/environment/ament_prefix_path.dsv
[42.740s] -- Symlinking: /home/a/ws_moveit2/install/srdfdom/share/srdfdom/environment/path.sh
[42.754s] -- Symlinking: /home/a/ws_moveit2/install/srdfdom/share/srdfdom/environment/path.dsv
[42.766s] -- Symlinking: /home/a/ws_moveit2/install/srdfdom/share/srdfdom/local_setup.bash
[42.778s] -- Symlinking: /home/a/ws_moveit2/install/srdfdom/share/srdfdom/local_setup.sh
[42.790s] -- Symlinking: /home/a/ws_moveit2/install/srdfdom/share/srdfdom/local_setup.zsh
[42.802s] -- Symlinking: /home/a/ws_moveit2/install/srdfdom/share/srdfdom/local_setup.dsv
[42.814s] -- Symlinking: /home/a/ws_moveit2/install/srdfdom/share/srdfdom/package.dsv
[42.827s] -- Symlinking: /home/a/ws_moveit2/install/srdfdom/share/ament_index/resource_index/packages/srdfdom
[42.839s] -- Symlinking: /home/a/ws_moveit2/install/srdfdom/share/srdfdom/cmake/ament_cmake_export_targets-extras.cmake
[42.853s] -- Symlinking: /home/a/ws_moveit2/install/srdfdom/share/srdfdom/cmake/ament_cmake_export_dependencies-extras.cmake
[42.868s] -- Symlinking: /home/a/ws_moveit2/install/srdfdom/share/srdfdom/cmake/srdfdomConfig.cmake
[42.890s] -- Symlinking: /home/a/ws_moveit2/install/srdfdom/share/srdfdom/cmake/srdfdomConfig-version.cmake
[42.915s] -- Symlinking: /home/a/ws_moveit2/install/srdfdom/share/srdfdom/package.xml
[42.931s] -- Installing: /home/a/ws_moveit2/install/srdfdom/lib/libsrdfdom.so.2.0.7
[42.942s] -- Set non-toolchain portion of runtime path of "/home/a/ws_moveit2/install/srdfdom/lib/libsrdfdom.so.2.0.7" to ""
[42.943s] -- Installing: /home/a/ws_moveit2/install/srdfdom/lib/libsrdfdom.so
[43.068s] Listing '/home/a/ws_moveit2/install/srdfdom/local/lib/python3.10/dist-packages/srdfdom'...
[43.069s] Compiling '/home/a/ws_moveit2/install/srdfdom/local/lib/python3.10/dist-packages/srdfdom/__init__.py'...
[43.069s] Compiling '/home/a/ws_moveit2/install/srdfdom/local/lib/python3.10/dist-packages/srdfdom/srdf.py'...
[43.084s] -- Installing: /home/a/ws_moveit2/install/srdfdom/share/srdfdom/cmake/srdfdomTargetsExport.cmake
[43.084s] -- Installing: /home/a/ws_moveit2/install/srdfdom/share/srdfdom/cmake/srdfdomTargetsExport-debug.cmake
[43.092s] Invoked command in '/home/a/ws_moveit2/build/srdfdom' returned '0': CMAKE_PREFIX_PATH=${CMAKE_PREFIX_PATH}:/home/a/ws_moveit2/install/moveit_configs_utils:/home/a/ws_moveit2/install/launch_param_builder:/opt/ros/humble /opt/st/stm32cubeclt_1.17.0/CMake/bin/cmake --install /home/a/ws_moveit2/build/srdfdom
