[35m[1mConsolidate compiler generated dependencies of target move_to_pose_dual_cpp[0m
[ 33%] Built target dual_arm_servo_controller
[ 66%] Built target pose_command_publisher
[ 83%] [32mBuilding CXX object CMakeFiles/move_to_pose_dual_cpp.dir/src/move_to_pose_dual_cpp.cpp.o[0m
[100%] [32m[1mLinking CXX executable move_to_pose_dual_cpp[0m
[100%] Built target move_to_pose_dual_cpp
-- Install configuration: ""
-- Up-to-date: /home/a/ws_moveit2/install/robot_config/share/robot_config/launch
-- Up-to-date: /home/a/ws_moveit2/install/robot_config/share/robot_config/launch/spawn_controllers.launch.py
-- Up-to-date: /home/a/ws_moveit2/install/robot_config/share/robot_config/launch/warehouse_db.launch.py
-- Up-to-date: /home/a/ws_moveit2/install/robot_config/share/robot_config/launch/dual_arm_demo.launch.py
-- Up-to-date: /home/a/ws_moveit2/install/robot_config/share/robot_config/launch/moveit_rviz.launch.py
-- Up-to-date: /home/a/ws_moveit2/install/robot_config/share/robot_config/launch/rsp.launch.py
-- Up-to-date: /home/a/ws_moveit2/install/robot_config/share/robot_config/launch/move_group.launch.py
-- Up-to-date: /home/a/ws_moveit2/install/robot_config/share/robot_config/launch/static_virtual_joint_tfs.launch.py
-- Up-to-date: /home/a/ws_moveit2/install/robot_config/share/robot_config/launch/setup_assistant.launch.py
-- Up-to-date: /home/a/ws_moveit2/install/robot_config/share/robot_config/config
-- Up-to-date: /home/a/ws_moveit2/install/robot_config/share/robot_config/config/ompl_planning.yaml
-- Up-to-date: /home/a/ws_moveit2/install/robot_config/share/robot_config/config/dual_arm_realtime_control.yaml
-- Up-to-date: /home/a/ws_moveit2/install/robot_config/share/robot_config/config/dual_arm.srdf
-- Up-to-date: /home/a/ws_moveit2/install/robot_config/share/robot_config/config/dual_arm_controllers.yaml
-- Up-to-date: /home/a/ws_moveit2/install/robot_config/share/robot_config/config/pilz_cartesian_limits.yaml
-- Up-to-date: /home/a/ws_moveit2/install/robot_config/share/robot_config/config/dual_arm.urdf.xacro.backup
-- Up-to-date: /home/a/ws_moveit2/install/robot_config/share/robot_config/config/dual_arm_joint_limits.yaml
-- Up-to-date: /home/a/ws_moveit2/install/robot_config/share/robot_config/config/0525_arm.urdf.xacro.bak
-- Up-to-date: /home/a/ws_moveit2/install/robot_config/share/robot_config/config/right_initial_positions.yaml
-- Up-to-date: /home/a/ws_moveit2/install/robot_config/share/robot_config/config/kinematics.yaml
-- Up-to-date: /home/a/ws_moveit2/install/robot_config/share/robot_config/config/dual_arm_kinematics.yaml
-- Up-to-date: /home/a/ws_moveit2/install/robot_config/share/robot_config/config/dual_arm_gazebo.urdf.xacro
-- Up-to-date: /home/a/ws_moveit2/install/robot_config/share/robot_config/config/ros2_controllers.yaml
-- Up-to-date: /home/a/ws_moveit2/install/robot_config/share/robot_config/config/0525_arm.urdf.xacro
-- Up-to-date: /home/a/ws_moveit2/install/robot_config/share/robot_config/config/dual_arm_moveit_controllers.yaml
-- Up-to-date: /home/a/ws_moveit2/install/robot_config/share/robot_config/config/dual_arm_ompl_planning.yaml
-- Up-to-date: /home/a/ws_moveit2/install/robot_config/share/robot_config/config/dual_arm.urdf
-- Up-to-date: /home/a/ws_moveit2/install/robot_config/share/robot_config/config/0525_arm.ros2_control.xacro
-- Up-to-date: /home/a/ws_moveit2/install/robot_config/share/robot_config/config/joint_limits.yaml
-- Up-to-date: /home/a/ws_moveit2/install/robot_config/share/robot_config/config/pilz_planning.yaml
-- Up-to-date: /home/a/ws_moveit2/install/robot_config/share/robot_config/config/dual_arm_gazebo_controllers.yaml
-- Up-to-date: /home/a/ws_moveit2/install/robot_config/share/robot_config/config/left_initial_positions.yaml
-- Up-to-date: /home/a/ws_moveit2/install/robot_config/share/robot_config/config/0525_arm.srdf
-- Up-to-date: /home/a/ws_moveit2/install/robot_config/share/robot_config/config/moveit_controllers.yaml
-- Up-to-date: /home/a/ws_moveit2/install/robot_config/share/robot_config/config/servo.yaml
-- Up-to-date: /home/a/ws_moveit2/install/robot_config/share/robot_config/config/moveit.rviz
-- Up-to-date: /home/a/ws_moveit2/install/robot_config/share/robot_config/config/stomp_planning.yaml
-- Up-to-date: /home/a/ws_moveit2/install/robot_config/share/robot_config/config/dual_arm.urdf.xacro
-- Up-to-date: /home/a/ws_moveit2/install/robot_config/share/robot_config/config/chomp_planning.yaml
-- Up-to-date: /home/a/ws_moveit2/install/robot_config/share/robot_config/config/trajectory_library.yaml
-- Up-to-date: /home/a/ws_moveit2/install/robot_config/share/robot_config/config/pose_commands.yaml
-- Up-to-date: /home/a/ws_moveit2/install/robot_config/share/robot_config/config/initial_positions.yaml
-- Up-to-date: /home/a/ws_moveit2/install/robot_config/share/robot_config/path
-- Up-to-date: /home/a/ws_moveit2/install/robot_config/share/robot_config/path/individual_right_20250908_234934.yaml
-- Up-to-date: /home/a/ws_moveit2/install/robot_config/share/robot_config/path/trajectory_20250908_235523.yaml
-- Up-to-date: /home/a/ws_moveit2/install/robot_config/share/robot_config/path/individual_left_20250908_235546.yaml
-- Up-to-date: /home/a/ws_moveit2/install/robot_config/share/robot_config/path/trajectory_20250908_235535.yaml
-- Up-to-date: /home/a/ws_moveit2/install/robot_config/share/robot_config/path/individual_right_20250908_235025.yaml
-- Up-to-date: /home/a/ws_moveit2/install/robot_config/share/robot_config/path/individual_left_20250908_234923.yaml
-- Up-to-date: /home/a/ws_moveit2/install/robot_config/share/robot_config/path/individual_right_20250908_235302.yaml
-- Up-to-date: /home/a/ws_moveit2/install/robot_config/share/robot_config/path/trajectory_20250908_235735.yaml
-- Up-to-date: /home/a/ws_moveit2/install/robot_config/share/robot_config/path/trajectory_20250908_235550.yaml
-- Up-to-date: /home/a/ws_moveit2/install/robot_config/share/robot_config/path/individual_left_20250908_235551.yaml
-- Up-to-date: /home/a/ws_moveit2/install/robot_config/share/robot_config/path/individual_right_20250908_235546.yaml
-- Up-to-date: /home/a/ws_moveit2/install/robot_config/share/robot_config/path/individual_left_20250908_235728.yaml
-- Up-to-date: /home/a/ws_moveit2/install/robot_config/share/robot_config/path/individual_left_20250908_235549.yaml
-- Up-to-date: /home/a/ws_moveit2/install/robot_config/share/robot_config/path/individual_right_20250908_235031.yaml
-- Up-to-date: /home/a/ws_moveit2/install/robot_config/share/robot_config/path/trajectory_20250908_234858.yaml
-- Up-to-date: /home/a/ws_moveit2/install/robot_config/share/robot_config/path/individual_right_20250908_235522.yaml
-- Up-to-date: /home/a/ws_moveit2/install/robot_config/share/robot_config/path/trajectory_20250908_234922.yaml
-- Up-to-date: /home/a/ws_moveit2/install/robot_config/share/robot_config/path/trajectory_20250908_234933.yaml
-- Up-to-date: /home/a/ws_moveit2/install/robot_config/share/robot_config/path/trajectory_20250908_235542.yaml
-- Up-to-date: /home/a/ws_moveit2/install/robot_config/share/robot_config/path/individual_left_20250908_235530.yaml
-- Up-to-date: /home/a/ws_moveit2/install/robot_config/share/robot_config/path/trajectory_20250908_235623.yaml
-- Up-to-date: /home/a/ws_moveit2/install/robot_config/share/robot_config/path/individual_left_20250908_235533.yaml
-- Up-to-date: /home/a/ws_moveit2/install/robot_config/share/robot_config/path/individual_left_20250908_234931.yaml
-- Up-to-date: /home/a/ws_moveit2/install/robot_config/share/robot_config/path/individual_left_20250908_234926.yaml
-- Up-to-date: /home/a/ws_moveit2/install/robot_config/share/robot_config/path/individual_right_20250908_235028.yaml
-- Up-to-date: /home/a/ws_moveit2/install/robot_config/share/robot_config/path/trajectory_20250908_235024.yaml
-- Up-to-date: /home/a/ws_moveit2/install/robot_config/share/robot_config/path/individual_right_20250908_235725.yaml
-- Up-to-date: /home/a/ws_moveit2/install/robot_config/share/robot_config/path/trajectory_20250908_235547.yaml
-- Up-to-date: /home/a/ws_moveit2/install/robot_config/share/robot_config/path/individual_right_20250908_234914.yaml
-- Up-to-date: /home/a/ws_moveit2/install/robot_config/share/robot_config/path/individual_right_20250908_234920.yaml
-- Up-to-date: /home/a/ws_moveit2/install/robot_config/share/robot_config/path/individual_right_20250908_234926.yaml
-- Up-to-date: /home/a/ws_moveit2/install/robot_config/share/robot_config/path/trajectory_20250908_234929.yaml
-- Up-to-date: /home/a/ws_moveit2/install/robot_config/share/robot_config/path/individual_right_20250908_234937.yaml
-- Up-to-date: /home/a/ws_moveit2/install/robot_config/share/robot_config/path/individual_right_20250908_235020.yaml
-- Up-to-date: /home/a/ws_moveit2/install/robot_config/share/robot_config/path/trajectory_20250908_235732.yaml
-- Up-to-date: /home/a/ws_moveit2/install/robot_config/share/robot_config/path/individual_left_20250908_234914.yaml
-- Up-to-date: /home/a/ws_moveit2/install/robot_config/share/robot_config/path/individual_right_20250908_235540.yaml
-- Up-to-date: /home/a/ws_moveit2/install/robot_config/share/robot_config/path/individual_left_20250908_234917.yaml
-- Up-to-date: /home/a/ws_moveit2/install/robot_config/share/robot_config/path/trajectory_20250908_235714.yaml
-- Up-to-date: /home/a/ws_moveit2/install/robot_config/share/robot_config/path/individual_right_20250908_234857.yaml
-- Up-to-date: /home/a/ws_moveit2/install/robot_config/share/robot_config/path/trajectory_20250908_235520.yaml
-- Up-to-date: /home/a/ws_moveit2/install/robot_config/share/robot_config/path/individual_left_20250908_234934.yaml
-- Up-to-date: /home/a/ws_moveit2/install/robot_config/share/robot_config/path/individual_right_20250908_234918.yaml
-- Up-to-date: /home/a/ws_moveit2/install/robot_config/share/robot_config/path/trajectory_20250908_235017.yaml
-- Up-to-date: /home/a/ws_moveit2/install/robot_config/share/robot_config/path/individual_right_20250908_235517.yaml
-- Up-to-date: /home/a/ws_moveit2/install/robot_config/share/robot_config/path/trajectory_20250908_235515.yaml
-- Up-to-date: /home/a/ws_moveit2/install/robot_config/share/robot_config/path/trajectory_20250908_235619.yaml
-- Up-to-date: /home/a/ws_moveit2/install/robot_config/share/robot_config/path/individual_right_20250908_235525.yaml
-- Up-to-date: /home/a/ws_moveit2/install/robot_config/share/robot_config/path/trajectory_20250908_235729.yaml
-- Up-to-date: /home/a/ws_moveit2/install/robot_config/share/robot_config/path/individual_left_20250908_235507.yaml
-- Up-to-date: /home/a/ws_moveit2/install/robot_config/share/robot_config/path/individual_right_20250908_235618.yaml
-- Up-to-date: /home/a/ws_moveit2/install/robot_config/share/robot_config/path/individual_left_20250908_235543.yaml
-- Up-to-date: /home/a/ws_moveit2/install/robot_config/share/robot_config/path/trajectory_20250908_234924.yaml
-- Up-to-date: /home/a/ws_moveit2/install/robot_config/share/robot_config/path/individual_left_20250908_235514.yaml
-- Up-to-date: /home/a/ws_moveit2/install/robot_config/share/robot_config/path/trajectory_20250908_235512.yaml
-- Up-to-date: /home/a/ws_moveit2/install/robot_config/share/robot_config/path/individual_right_20250908_234911.yaml
-- Up-to-date: /home/a/ws_moveit2/install/robot_config/share/robot_config/path/individual_left_20250908_235517.yaml
-- Up-to-date: /home/a/ws_moveit2/install/robot_config/share/robot_config/path/trajectory_20250908_235726.yaml
-- Up-to-date: /home/a/ws_moveit2/install/robot_config/share/robot_config/path/trajectory_20250908_234942.yaml
-- Up-to-date: /home/a/ws_moveit2/install/robot_config/share/robot_config/path/individual_left_20250908_235519.yaml
-- Up-to-date: /home/a/ws_moveit2/install/robot_config/share/robot_config/path/individual_left_20250908_235731.yaml
-- Up-to-date: /home/a/ws_moveit2/install/robot_config/share/robot_config/path/individual_right_20250908_235731.yaml
-- Up-to-date: /home/a/ws_moveit2/install/robot_config/share/robot_config/path/trajectory_20250908_235029.yaml
-- Up-to-date: /home/a/ws_moveit2/install/robot_config/share/robot_config/path/individual_right_20250908_235728.yaml
-- Up-to-date: /home/a/ws_moveit2/install/robot_config/share/robot_config/path/trajectory_20250908_234935.yaml
-- Up-to-date: /home/a/ws_moveit2/install/robot_config/share/robot_config/path/trajectory_20250908_235532.yaml
-- Up-to-date: /home/a/ws_moveit2/install/robot_config/share/robot_config/path/individual_left_20250908_235557.yaml
-- Up-to-date: /home/a/ws_moveit2/install/robot_config/share/robot_config/path/individual_left_20250908_234928.yaml
-- Up-to-date: /home/a/ws_moveit2/install/robot_config/share/robot_config/path/individual_right_20250908_235511.yaml
-- Up-to-date: /home/a/ws_moveit2/install/robot_config/share/robot_config/path/trajectory_20250908_234906.yaml
-- Up-to-date: /home/a/ws_moveit2/install/robot_config/share/robot_config/path/individual_left_20250908_235721.yaml
-- Up-to-date: /home/a/ws_moveit2/install/robot_config/share/robot_config/path/individual_right_20250908_234905.yaml
-- Up-to-date: /home/a/ws_moveit2/install/robot_config/share/robot_config/path/trajectory_20250908_235526.yaml
-- Up-to-date: /home/a/ws_moveit2/install/robot_config/share/robot_config/path/individual_right_20250908_235450.yaml
-- Up-to-date: /home/a/ws_moveit2/install/robot_config/share/robot_config/path/individual_right_20250908_234941.yaml
-- Up-to-date: /home/a/ws_moveit2/install/robot_config/share/robot_config/path/trajectory_20250908_234927.yaml
-- Up-to-date: /home/a/ws_moveit2/install/robot_config/share/robot_config/path/individual_right_20250908_235722.yaml
-- Up-to-date: /home/a/ws_moveit2/install/robot_config/share/robot_config/path/individual_left_20250908_235018.yaml
-- Up-to-date: /home/a/ws_moveit2/install/robot_config/share/robot_config/path/individual_right_20250908_235519.yaml
-- Up-to-date: /home/a/ws_moveit2/install/robot_config/share/robot_config/path/trajectory_20250908_235509.yaml
-- Up-to-date: /home/a/ws_moveit2/install/robot_config/share/robot_config/path/individual_right_20250908_235537.yaml
-- Up-to-date: /home/a/ws_moveit2/install/robot_config/share/robot_config/path/trajectory_20250908_234912.yaml
-- Up-to-date: /home/a/ws_moveit2/install/robot_config/share/robot_config/path/individual_right_20250908_235714.yaml
-- Up-to-date: /home/a/ws_moveit2/install/robot_config/share/robot_config/path/trajectory_20250908_235553.yaml
-- Up-to-date: /home/a/ws_moveit2/install/robot_config/share/robot_config/path/individual_right_20250908_235551.yaml
-- Up-to-date: /home/a/ws_moveit2/install/robot_config/share/robot_config/path/individual_right_20250908_235022.yaml
-- Up-to-date: /home/a/ws_moveit2/install/robot_config/share/robot_config/path/individual_left_20250908_235305.yaml
-- Up-to-date: /home/a/ws_moveit2/install/robot_config/share/robot_config/path/trajectory_20250908_235019.yaml
-- Up-to-date: /home/a/ws_moveit2/install/robot_config/share/robot_config/path/individual_left_20250908_235540.yaml
-- Up-to-date: /home/a/ws_moveit2/install/robot_config/share/robot_config/path/trajectory_20250908_235529.yaml
-- Up-to-date: /home/a/ws_moveit2/install/robot_config/share/robot_config/path/individual_right_20250908_235557.yaml
-- Up-to-date: /home/a/ws_moveit2/install/robot_config/share/robot_config/path/individual_right_20250908_234929.yaml
-- Up-to-date: /home/a/ws_moveit2/install/robot_config/share/robot_config/path/individual_left_20250908_234920.yaml
-- Up-to-date: /home/a/ws_moveit2/install/robot_config/share/robot_config/path/individual_right_20250908_234931.yaml
-- Up-to-date: /home/a/ws_moveit2/install/robot_config/share/robot_config/path/trajectory_20250908_235617.yaml
-- Up-to-date: /home/a/ws_moveit2/install/robot_config/share/robot_config/path/individual_left_20250908_235020.yaml
-- Up-to-date: /home/a/ws_moveit2/install/robot_config/share/robot_config/path/individual_left_20250908_234937.yaml
-- Up-to-date: /home/a/ws_moveit2/install/robot_config/share/robot_config/path/trajectory_20250908_235021.yaml
-- Up-to-date: /home/a/ws_moveit2/install/robot_config/share/robot_config/path/individual_left_20250908_235734.yaml
-- Up-to-date: /home/a/ws_moveit2/install/robot_config/share/robot_config/path/trajectory_20250908_235544.yaml
-- Up-to-date: /home/a/ws_moveit2/install/robot_config/share/robot_config/path/trajectory_20250908_234919.yaml
-- Up-to-date: /home/a/ws_moveit2/install/robot_config/share/robot_config/path/trajectory_20250908_234938.yaml
-- Up-to-date: /home/a/ws_moveit2/install/robot_config/share/robot_config/path/individual_right_20250908_235615.yaml
-- Up-to-date: /home/a/ws_moveit2/install/robot_config/share/robot_config/path/trajectory_20250908_235538.yaml
-- Up-to-date: /home/a/ws_moveit2/install/robot_config/share/robot_config/path/trajectory_20250908_235719.yaml
-- Up-to-date: /home/a/ws_moveit2/install/robot_config/share/robot_config/path/trajectory_20250908_234909.yaml
-- Up-to-date: /home/a/ws_moveit2/install/robot_config/share/robot_config/path/individual_left_20250908_235618.yaml
-- Up-to-date: /home/a/ws_moveit2/install/robot_config/share/robot_config/path/individual_right_20250908_235457.yaml
-- Up-to-date: /home/a/ws_moveit2/install/robot_config/share/robot_config/path/individual_right_20250908_235507.yaml
-- Up-to-date: /home/a/ws_moveit2/install/robot_config/share/robot_config/path/trajectory_20250908_235026.yaml
-- Up-to-date: /home/a/ws_moveit2/install/robot_config/share/robot_config/path/individual_right_20250908_234902.yaml
-- Up-to-date: /home/a/ws_moveit2/install/robot_config/share/robot_config/path/trajectory_20250908_234915.yaml
-- Up-to-date: /home/a/ws_moveit2/install/robot_config/share/robot_config/path/individual_left_20250908_234907.yaml
-- Up-to-date: /home/a/ws_moveit2/install/robot_config/share/robot_config/path/trajectory_20250908_235032.yaml
-- Up-to-date: /home/a/ws_moveit2/install/robot_config/share/robot_config/path/individual_left_20250908_235457.yaml
-- Up-to-date: /home/a/ws_moveit2/install/robot_config/share/robot_config/path/individual_left_20250908_234941.yaml
-- Up-to-date: /home/a/ws_moveit2/install/robot_config/share/robot_config/path/individual_left_20250908_235025.yaml
-- Up-to-date: /home/a/ws_moveit2/install/robot_config/share/robot_config/path/individual_right_20250908_235528.yaml
-- Up-to-date: /home/a/ws_moveit2/install/robot_config/share/robot_config/path/individual_right_20250908_235513.yaml
-- Up-to-date: /home/a/ws_moveit2/install/robot_config/share/robot_config/path/trajectory_20250908_235303.yaml
-- Up-to-date: /home/a/ws_moveit2/install/robot_config/share/robot_config/path/individual_left_20250908_234904.yaml
-- Up-to-date: /home/a/ws_moveit2/install/robot_config/share/robot_config/path/individual_right_20250908_235502.yaml
-- Up-to-date: /home/a/ws_moveit2/install/robot_config/share/robot_config/path/trajectory_20250908_235558.yaml
-- Up-to-date: /home/a/ws_moveit2/install/robot_config/share/robot_config/path/individual_right_20250908_235549.yaml
-- Up-to-date: /home/a/ws_moveit2/install/robot_config/share/robot_config/path/trajectory_20250908_234903.yaml
-- Up-to-date: /home/a/ws_moveit2/install/robot_config/share/robot_config/path/individual_left_20250908_235015.yaml
-- Up-to-date: /home/a/ws_moveit2/install/robot_config/share/robot_config/path/individual_left_20250908_234857.yaml
-- Up-to-date: /home/a/ws_moveit2/install/robot_config/share/robot_config/path/individual_right_20250908_235533.yaml
-- Up-to-date: /home/a/ws_moveit2/install/robot_config/share/robot_config/path/trajectory_20250908_235518.yaml
-- Up-to-date: /home/a/ws_moveit2/install/robot_config/share/robot_config/path/individual_left_20250908_234911.yaml
-- Up-to-date: /home/a/ws_moveit2/install/robot_config/share/robot_config/path/individual_left_20250908_235022.yaml
-- Up-to-date: /home/a/ws_moveit2/install/robot_config/share/robot_config/path/individual_right_20250908_235719.yaml
-- Up-to-date: /home/a/ws_moveit2/install/robot_config/share/robot_config/path/individual_left_20250908_235031.yaml
-- Up-to-date: /home/a/ws_moveit2/install/robot_config/share/robot_config/path/trajectory_20250908_235458.yaml
-- Up-to-date: /home/a/ws_moveit2/install/robot_config/share/robot_config/path/individual_left_20250908_235615.yaml
-- Up-to-date: /home/a/ws_moveit2/install/robot_config/share/robot_config/path/individual_left_20250908_235724.yaml
-- Up-to-date: /home/a/ws_moveit2/install/robot_config/share/robot_config/path/individual_left_20250908_235714.yaml
-- Up-to-date: /home/a/ws_moveit2/install/robot_config/share/robot_config/path/trajectory_20250908_235722.yaml
-- Up-to-date: /home/a/ws_moveit2/install/robot_config/share/robot_config/path/individual_left_20250908_234902.yaml
-- Up-to-date: /home/a/ws_moveit2/install/robot_config/share/robot_config/path/trajectory_20250908_235452.yaml
-- Up-to-date: /home/a/ws_moveit2/install/robot_config/share/robot_config/path/individual_left_20250908_235537.yaml
-- Up-to-date: /home/a/ws_moveit2/install/robot_config/share/robot_config/path/individual_left_20250908_235621.yaml
-- Up-to-date: /home/a/ws_moveit2/install/robot_config/share/robot_config/path/individual_left_20250908_235718.yaml
-- Up-to-date: /home/a/ws_moveit2/install/robot_config/share/robot_config/path/individual_right_20250908_235018.yaml
-- Up-to-date: /home/a/ws_moveit2/install/robot_config/share/robot_config/path/individual_left_20250908_235524.yaml
-- Up-to-date: /home/a/ws_moveit2/install/robot_config/share/robot_config/path/individual_right_20250908_234907.yaml
-- Up-to-date: /home/a/ws_moveit2/install/robot_config/share/robot_config/path/individual_left_20250908_235505.yaml
-- Up-to-date: /home/a/ws_moveit2/install/robot_config/share/robot_config/path/individual_left_20250908_235450.yaml
-- Up-to-date: /home/a/ws_moveit2/install/robot_config/share/robot_config/path/individual_right_20250908_234923.yaml
-- Up-to-date: /home/a/ws_moveit2/install/robot_config/share/robot_config/path/trajectory_20250908_235306.yaml
-- Up-to-date: /home/a/ws_moveit2/install/robot_config/share/robot_config/path/trajectory_20250908_235503.yaml
-- Up-to-date: /home/a/ws_moveit2/install/robot_config/share/robot_config/path/individual_left_20250908_235528.yaml
-- Up-to-date: /home/a/ws_moveit2/install/robot_config/share/robot_config/path/individual_left_20250908_235522.yaml
-- Up-to-date: /home/a/ws_moveit2/install/robot_config/share/robot_config/path/trajectory_20250908_235506.yaml
-- Up-to-date: /home/a/ws_moveit2/install/robot_config/share/robot_config/path/individual_right_20250908_235504.yaml
-- Up-to-date: /home/a/ws_moveit2/install/robot_config/share/robot_config/path/individual_left_20250908_235302.yaml
-- Up-to-date: /home/a/ws_moveit2/install/robot_config/share/robot_config/path/individual_right_20250908_235622.yaml
-- Up-to-date: /home/a/ws_moveit2/install/robot_config/share/robot_config/path/individual_right_20250908_235543.yaml
-- Up-to-date: /home/a/ws_moveit2/install/robot_config/share/robot_config/path/individual_left_20250908_235510.yaml
-- Up-to-date: /home/a/ws_moveit2/install/robot_config/share/robot_config/path/individual_right_20250908_235734.yaml
-- Up-to-date: /home/a/ws_moveit2/install/robot_config/share/robot_config/path/individual_right_20250908_235305.yaml
-- Up-to-date: /home/a/ws_moveit2/install/robot_config/share/robot_config/path/individual_left_20250908_235027.yaml
-- Up-to-date: /home/a/ws_moveit2/install/robot_config/share/robot_config/path/individual_left_20250908_235502.yaml
-- Up-to-date: /home/a/ws_moveit2/install/robot_config/share/robot_config/path/individual_right_20250908_235531.yaml
-- Up-to-date: /home/a/ws_moveit2/install/robot_config/share/robot_config/path/individual_right_20250908_235016.yaml
-- Up-to-date: /home/a/ws_moveit2/install/robot_config/share/robot_config/.setup_assistant
-- Up-to-date: /home/a/ws_moveit2/install/robot_config/lib/robot_config/publish_collision_mesh.py
-- Up-to-date: /home/a/ws_moveit2/install/robot_config/lib/robot_config/target_pose_router.py
-- Installing: /home/a/ws_moveit2/install/robot_config/lib/robot_config/move_to_pose_dual_cpp
-- Set runtime path of "/home/a/ws_moveit2/install/robot_config/lib/robot_config/move_to_pose_dual_cpp" to ""
-- Up-to-date: /home/a/ws_moveit2/install/robot_config/lib/robot_config/pose_command_publisher
-- Up-to-date: /home/a/ws_moveit2/install/robot_config/lib/robot_config/dual_arm_servo_controller
-- Up-to-date: /home/a/ws_moveit2/install/robot_config/share/ament_index/resource_index/package_run_dependencies/robot_config
-- Up-to-date: /home/a/ws_moveit2/install/robot_config/share/ament_index/resource_index/parent_prefix_path/robot_config
-- Up-to-date: /home/a/ws_moveit2/install/robot_config/share/robot_config/environment/ament_prefix_path.sh
-- Up-to-date: /home/a/ws_moveit2/install/robot_config/share/robot_config/environment/ament_prefix_path.dsv
-- Up-to-date: /home/a/ws_moveit2/install/robot_config/share/robot_config/environment/path.sh
-- Up-to-date: /home/a/ws_moveit2/install/robot_config/share/robot_config/environment/path.dsv
-- Up-to-date: /home/a/ws_moveit2/install/robot_config/share/robot_config/local_setup.bash
-- Up-to-date: /home/a/ws_moveit2/install/robot_config/share/robot_config/local_setup.sh
-- Up-to-date: /home/a/ws_moveit2/install/robot_config/share/robot_config/local_setup.zsh
-- Up-to-date: /home/a/ws_moveit2/install/robot_config/share/robot_config/local_setup.dsv
-- Installing: /home/a/ws_moveit2/install/robot_config/share/robot_config/package.dsv
-- Up-to-date: /home/a/ws_moveit2/install/robot_config/share/ament_index/resource_index/packages/robot_config
-- Up-to-date: /home/a/ws_moveit2/install/robot_config/share/robot_config/cmake/ament_cmake_export_dependencies-extras.cmake
-- Up-to-date: /home/a/ws_moveit2/install/robot_config/share/robot_config/cmake/robot_configConfig.cmake
-- Up-to-date: /home/a/ws_moveit2/install/robot_config/share/robot_config/cmake/robot_configConfig-version.cmake
-- Up-to-date: /home/a/ws_moveit2/install/robot_config/share/robot_config/package.xml
