[0.093s] Invoking command in '/home/a/ws_moveit2/build/gazebo_ros2_control': CMAKE_PREFIX_PATH=${CMAKE_PREFIX_PATH}:/home/a/ws_moveit2/install/moveit_configs_utils:/home/a/ws_moveit2/install/launch_param_builder:/opt/ros/humble /opt/st/stm32cubeclt_1.17.0/CMake/bin/cmake /home/a/ws_moveit2/src/gazebo_ros2_control -DCMAKE_INSTALL_PREFIX=/home/a/ws_moveit2/install/gazebo_ros2_control
[0.175s] -- Found ament_cmake: 1.3.12 (/opt/ros/humble/share/ament_cmake/cmake)
[1.160s] -- Found gazebo_ros: 3.9.0 (/opt/ros/humble/share/gazebo_ros/cmake)
[1.349s] -- Found rosidl_generator_c: 3.1.7 (/opt/ros/humble/share/rosidl_generator_c/cmake)
[1.368s] -- Found rosidl_adapter: 3.1.7 (/opt/ros/humble/share/rosidl_adapter/cmake)
[1.412s] -- Found rosidl_generator_cpp: 3.1.7 (/opt/ros/humble/share/rosidl_generator_cpp/cmake)
[1.507s] -- Using all available rosidl_typesupport_c: rosidl_typesupport_fastrtps_c;rosidl_typesupport_introspection_c
[1.597s] -- Using all available rosidl_typesupport_cpp: rosidl_typesupport_fastrtps_cpp;rosidl_typesupport_introspection_cpp
[1.819s] -- Found rmw_implementation_cmake: 6.1.2 (/opt/ros/humble/share/rmw_implementation_cmake/cmake)
[1.836s] -- Found rmw_fastrtps_cpp: 6.2.8 (/opt/ros/humble/share/rmw_fastrtps_cpp/cmake)
[2.506s] -- Using RMW implementation 'rmw_fastrtps_cpp' as default
[3.159s] -- Found DART: /usr/include (Required is at least version "6.6") found components: dart 
[3.375s] -- Found Protobuf: /usr/lib/x86_64-linux-gnu/libprotobuf.so (found version "3.12.4") 
[3.381s] -- Looking for ignition-math6 -- found version 6.15.1
[3.410s] -- Searching for dependencies of ignition-math6
[3.422s] -- Looking for OGRE...
[3.460s] -- Found Ogre Ghadamon (1.9.0)
[3.464s] -- Found OGRE: optimized;/usr/lib/x86_64-linux-gnu/libOgreMain.so;debug;/usr/lib/x86_64-linux-gnu/libOgreMain.so
[3.537s] -- Looking for OGRE_Paging...
[3.539s] -- Found OGRE_Paging: optimized;/usr/lib/x86_64-linux-gnu/libOgrePaging.so;debug;/usr/lib/x86_64-linux-gnu/libOgrePaging.so
[3.542s] -- Looking for OGRE_Terrain...
[3.543s] -- Found OGRE_Terrain: optimized;/usr/lib/x86_64-linux-gnu/libOgreTerrain.so;debug;/usr/lib/x86_64-linux-gnu/libOgreTerrain.so
[3.548s] -- Looking for OGRE_Property...
[3.550s] -- Found OGRE_Property: optimized;/usr/lib/x86_64-linux-gnu/libOgreProperty.so;debug;/usr/lib/x86_64-linux-gnu/libOgreProperty.so
[3.551s] -- Looking for OGRE_RTShaderSystem...
[3.551s] -- Found OGRE_RTShaderSystem: optimized;/usr/lib/x86_64-linux-gnu/libOgreRTShaderSystem.so;debug;/usr/lib/x86_64-linux-gnu/libOgreRTShaderSystem.so
[3.551s] -- Looking for OGRE_Volume...
[3.552s] -- Found OGRE_Volume: optimized;/usr/lib/x86_64-linux-gnu/libOgreVolume.so;debug;/usr/lib/x86_64-linux-gnu/libOgreVolume.so
[3.552s] -- Looking for OGRE_Overlay...
[3.553s] -- Found OGRE_Overlay: optimized;/usr/lib/x86_64-linux-gnu/libOgreOverlay.so;debug;/usr/lib/x86_64-linux-gnu/libOgreOverlay.so
[5.405s] -- Looking for ignition-math6 -- found version 6.15.1
[5.410s] -- Looking for ignition-transport8 -- found version 8.2.1
[5.411s] -- Searching for dependencies of ignition-transport8
[5.531s] -- Found Protobuf: /usr/lib/x86_64-linux-gnu/libprotobuf.so (found suitable version "3.12.4", minimum required is "3") 
[5.611s] -- Config-file not installed for ZeroMQ -- checking for pkg-config
[5.649s] -- Checking for module 'libzmq >= 4'
[5.792s] --   Found libzmq, version 4.3.4
[6.184s] -- Checking for module 'uuid'
[6.331s] --   Found uuid, version 2.37.2
[6.609s] -- Looking for ignition-msgs5 -- found version 5.8.1
[6.609s] -- Searching for dependencies of ignition-msgs5
[6.765s] -- Looking for ignition-math6 -- found version 6.15.1
[6.807s] -- Checking for module 'tinyxml2'
[6.964s] --   Found tinyxml2, version 9.0.0
[7.220s] -- Looking for ignition-msgs5 -- found version 5.8.1
[7.225s] -- Looking for ignition-common3 -- found version 3.14.0
[7.226s] -- Searching for dependencies of ignition-common3
[7.228s] -- Looking for dlfcn.h - found
[7.229s] -- Looking for libdl - found
[7.293s] -- Searching for <ignition-common3> component [graphics]
[7.295s] -- Looking for ignition-common3-graphics -- found version 3.14.0
[7.296s] -- Searching for dependencies of ignition-common3-graphics
[7.298s] -- Looking for ignition-math6 -- found version 6.15.1
[7.305s] -- Looking for ignition-fuel_tools4 -- found version 4.4.0
[7.306s] -- Searching for dependencies of ignition-fuel_tools4
[7.556s] [0mCMake Deprecation Warning at /usr/lib/x86_64-linux-gnu/cmake/jsoncpp/jsoncppConfig.cmake:2 (cmake_policy):
[7.557s]   Compatibility with CMake < 3.5 will be removed from a future version of
[7.557s]   CMake.
[7.558s] 
[7.558s]   Update the VERSION argument <min> value or use a ...<max> suffix to tell
[7.558s]   CMake that the project does not need compatibility with older versions.
[7.559s] Call Stack (most recent call first):
[7.559s]   /usr/share/cmake/ignition-cmake2/cmake2/FindJSONCPP.cmake:34 (find_package)
[7.560s]   /usr/lib/x86_64-linux-gnu/cmake/ignition-fuel_tools4/ignition-fuel_tools4-config.cmake:94 (find_package)
[7.560s]   /usr/lib/x86_64-linux-gnu/cmake/gazebo/gazebo-config.cmake:251 (find_package)
[7.560s]   /opt/ros/humble/share/gazebo_dev/cmake/gazebo_dev-extras.cmake:3 (find_package)
[7.561s]   /opt/ros/humble/share/gazebo_dev/cmake/gazebo_devConfig.cmake:41 (include)
[7.561s]   /opt/ros/humble/share/gazebo_ros/cmake/ament_cmake_export_dependencies-extras.cmake:21 (find_package)
[7.562s]   /opt/ros/humble/share/gazebo_ros/cmake/gazebo_rosConfig.cmake:41 (include)
[7.562s]   CMakeLists.txt:10 (find_package)
[7.562s] 
[7.563s] [0m
[7.587s] -- Checking for module 'jsoncpp'
[7.701s] --   Found jsoncpp, version 1.9.5
[7.970s] -- Checking for module 'libzip'
[8.064s] --   Found libzip, version 1.7.3
[8.287s] -- Looking for ignition-common3 -- found version 3.14.0
[8.291s] -- Looking for ignition-math6 -- found version 6.15.1
[8.291s] -- Looking for ignition-msgs5 -- found version 5.8.1
[8.300s] -- Gazebo version: 11.10
[8.306s] -- Found gazebo_ros2_control: 0.4.10 (/opt/ros/humble/share/gazebo_ros2_control/cmake)
[9.787s] -- Found robot_state_publisher: 3.0.3 (/opt/ros/humble/share/robot_state_publisher/cmake)
[9.817s] -- Found eigen3_cmake_module: 0.1.1 (/opt/ros/humble/share/eigen3_cmake_module/cmake)
[9.825s] -- Ensuring Eigen3 include directory is part of orocos-kdl CMake target
[10.270s] -- Found ros2_control: 2.51.0 (/opt/ros/humble/share/ros2_control/cmake)
[10.272s] -- Found ament_lint_auto: 0.12.14 (/opt/ros/humble/share/ament_lint_auto/cmake)
[10.678s] -- Added test 'cppcheck' to perform static code analysis on C / C++ code
[10.682s] -- Configured cppcheck include dirs: 
[10.684s] -- Configured cppcheck exclude dirs and/or files: 
[10.687s] -- Added test 'flake8' to check Python code syntax and style conventions
[10.698s] -- Added test 'lint_cmake' to check CMake code style
[10.705s] -- Added test 'pep257' to check Python code against some of the docstring style conventions in PEP 257
[10.733s] -- Added test 'uncrustify' to check C / C++ code style
[10.734s] -- Configured uncrustify additional arguments: 
[10.739s] -- Added test 'xmllint' to check XML markup files
[10.745s] -- Configuring done (10.6s)
[10.780s] -- Generating done (0.0s)
[10.835s] -- Build files have been written to: /home/a/ws_moveit2/src/gazebo_ros2_control
[10.893s] Invoked command in '/home/a/ws_moveit2/build/gazebo_ros2_control' returned '0': CMAKE_PREFIX_PATH=${CMAKE_PREFIX_PATH}:/home/a/ws_moveit2/install/moveit_configs_utils:/home/a/ws_moveit2/install/launch_param_builder:/opt/ros/humble /opt/st/stm32cubeclt_1.17.0/CMake/bin/cmake /home/a/ws_moveit2/src/gazebo_ros2_control -DCMAKE_INSTALL_PREFIX=/home/a/ws_moveit2/install/gazebo_ros2_control
[10.899s] Traceback (most recent call last):
  File "/usr/lib/python3/dist-packages/colcon_core/executor/__init__.py", line 91, in __call__
    rc = await self.task(*args, **kwargs)
  File "/usr/lib/python3/dist-packages/colcon_core/task/__init__.py", line 93, in __call__
    return await task_method(*args, **kwargs)
  File "/usr/lib/python3/dist-packages/colcon_ros/task/ament_cmake/build.py", line 65, in build
    has_install_target = await has_target(args.build_base, 'install')
  File "/usr/lib/python3/dist-packages/colcon_cmake/task/cmake/__init__.py", line 128, in has_target
    if 'Unix Makefiles' in generator:
TypeError: argument of type 'NoneType' is not iterable
