[0.091s] Invoking command in '/home/a/ws_moveit2/build/moveit_core': CMAKE_PREFIX_PATH=/home/a/ws_moveit2/install/moveit_resources_panda_moveit_config:/home/a/ws_moveit2/install/srdfdom:/home/a/ws_moveit2/install/moveit_resources_pr2_description:/home/a/ws_moveit2/install/moveit_resources_panda_description:/home/a/ws_moveit2/install/moveit_common:/home/a/ws_moveit2/install/hello_moveit:/home/a/ws_moveit2/install/pilz_industrial_motion_planner_testutils:/home/a/ws_moveit2/install/moveit_runtime:/home/a/ws_moveit2/install/moveit2_tutorials:/home/a/ws_moveit2/install/moveit:/home/a/ws_moveit2/install/moveit_planners:/home/a/ws_moveit2/install/pilz_industrial_motion_planner:/home/a/ws_moveit2/install/moveit_visual_tools:/home/a/ws_moveit2/install/moveit_task_constructor_visualization:/home/a/ws_moveit2/install/moveit_task_constructor_demo:/home/a/ws_moveit2/install/moveit_task_constructor_capabilities:/home/a/ws_moveit2/install/moveit_task_constructor_core:/home/a/ws_moveit2/install/moveit_ros_control_interface:/home/a/ws_moveit2/install/moveit_plugins:/home/a/ws_moveit2/install/moveit_simple_controller_manager:/home/a/ws_moveit2/install/moveit_setup_assistant:/home/a/ws_moveit2/install/moveit_setup_srdf_plugins:/home/a/ws_moveit2/install/moveit_setup_core_plugins:/home/a/ws_moveit2/install/moveit_setup_controllers:/home/a/ws_moveit2/install/moveit_setup_app_plugins:/home/a/ws_moveit2/install/moveit_setup_framework:/home/a/ws_moveit2/install/moveit_servo:/home/a/ws_moveit2/install/moveit_ros:/home/a/ws_moveit2/install/moveit_ros_visualization:/home/a/ws_moveit2/install/moveit_hybrid_planning:/home/a/ws_moveit2/install/moveit_ros_planning_interface:/home/a/ws_moveit2/install/moveit_ros_benchmarks:/home/a/ws_moveit2/install/moveit_ros_warehouse:/home/a/ws_moveit2/install/moveit_ros_robot_interaction:/home/a/ws_moveit2/install/moveit_ros_perception:/home/a/ws_moveit2/install/moveit_resources_prbt_pg70_support:/home/a/ws_moveit2/install/moveit_resources_prbt_moveit_config:/home/a/ws_moveit2/install/moveit_ros_move_group:/home/a/ws_moveit2/install/moveit_planners_ompl:/home/a/ws_moveit2/install/moveit_ros_planning:/home/a/ws_moveit2/install/moveit_ros_occupancy_map_monitor:/home/a/ws_moveit2/install/moveit_resources_prbt_ikfast_manipulator_plugin:/home/a/ws_moveit2/install/moveit_planners_chomp:/home/a/ws_moveit2/install/moveit_kinematics:/home/a/ws_moveit2/install/moveit_chomp_optimizer_adapter:/home/a/ws_moveit2/install/chomp_motion_planner:/home/a/ws_moveit2/install/moveit_core:/home/a/ws_moveit2/install/rviz_marker_tools:/home/a/ws_moveit2/install/rosparam_shortcuts:/home/a/ws_moveit2/install/moveit_task_constructor_msgs:/home/a/ws_moveit2/install/moveit_resources_prbt_support:/home/a/ws_moveit2/install/moveit_resources:/home/a/ws_moveit2/install/moveit_resources_fanuc_moveit_config:/home/a/ws_moveit2/install/moveit_resources_fanuc_description:/home/a/ws_moveit2/install/moveit_configs_utils:/home/a/ws_moveit2/install/launch_param_builder:/opt/ros/humble LD_LIBRARY_PATH=/home/a/ws_moveit2/install/srdfdom/lib:/home/a/ws_moveit2/install/pilz_industrial_motion_planner_testutils/lib:/home/a/ws_moveit2/install/pilz_industrial_motion_planner/lib:/home/a/ws_moveit2/install/moveit_visual_tools/lib:/home/a/ws_moveit2/install/moveit_task_constructor_visualization/lib:/home/a/ws_moveit2/install/moveit_task_constructor_demo/lib:/home/a/ws_moveit2/install/moveit_task_constructor_capabilities/lib:/home/a/ws_moveit2/install/moveit_task_constructor_core/lib:/home/a/ws_moveit2/install/moveit_ros_control_interface/lib:/home/a/ws_moveit2/install/moveit_simple_controller_manager/lib:/home/a/ws_moveit2/install/moveit_setup_assistant/lib:/home/a/ws_moveit2/install/moveit_setup_srdf_plugins/lib:/home/a/ws_moveit2/install/moveit_setup_core_plugins/lib:/home/a/ws_moveit2/install/moveit_setup_controllers/lib:/home/a/ws_moveit2/install/moveit_setup_app_plugins/lib:/home/a/ws_moveit2/install/moveit_setup_framework/lib:/home/a/ws_moveit2/install/moveit_servo/lib:/home/a/ws_moveit2/install/moveit_ros_visualization/lib:/home/a/ws_moveit2/install/moveit_hybrid_planning/lib:/home/a/ws_moveit2/install/moveit_ros_planning_interface/lib:/home/a/ws_moveit2/install/moveit_ros_benchmarks/lib:/home/a/ws_moveit2/install/moveit_ros_warehouse/lib:/home/a/ws_moveit2/install/moveit_ros_robot_interaction/lib:/home/a/ws_moveit2/install/moveit_ros_perception/lib:/home/a/ws_moveit2/install/moveit_ros_move_group/lib:/home/a/ws_moveit2/install/moveit_planners_ompl/lib:/home/a/ws_moveit2/install/moveit_ros_planning/lib:/home/a/ws_moveit2/install/moveit_ros_occupancy_map_monitor/lib:/home/a/ws_moveit2/install/moveit_resources_prbt_ikfast_manipulator_plugin/lib:/home/a/ws_moveit2/install/moveit_planners_chomp/lib:/home/a/ws_moveit2/install/moveit_kinematics/lib:/home/a/ws_moveit2/install/moveit_chomp_optimizer_adapter/lib:/home/a/ws_moveit2/install/chomp_motion_planner/lib:/home/a/ws_moveit2/install/moveit_core/lib:/home/a/ws_moveit2/install/rviz_marker_tools/lib:/home/a/ws_moveit2/install/rosparam_shortcuts/lib:/home/a/ws_moveit2/install/moveit_task_constructor_msgs/lib:/opt/ros/humble/opt/rviz_ogre_vendor/lib:/opt/ros/humble/lib/x86_64-linux-gnu:/opt/ros/humble/lib /opt/st/stm32cubeclt_1.17.0/CMake/bin/cmake --build /home/a/ws_moveit2/build/moveit_core -- -j4 -l4
[0.272s] [  1%] [32mBuilding CXX object transforms/CMakeFiles/moveit_transforms.dir/src/transforms.cpp.o[0m
[12.369s] [  2%] [32mBuilding CXX object distance_field/CMakeFiles/moveit_distance_field.dir/src/distance_field.cpp.o[0m
[13.445s] [  3%] [32mBuilding CXX object kinematics_base/CMakeFiles/moveit_kinematics_base.dir/src/kinematics_base.cpp.o[0m
[14.515s] [  4%] Built target moveit_exceptions
[14.641s] [  5%] [32m[1mLinking CXX shared library libmoveit_utils.so[0m
[20.652s] [  7%] Built target moveit_utils
[68.182s] [  7%] [32m[1mLinking CXX shared library libmoveit_kinematics_base.so[0m
[69.580s] [  7%] Built target moveit_kinematics_base
[69.652s] [  7%] [32m[1mLinking CXX shared library libmoveit_transforms.so[0m
[71.212s] [  7%] Built target moveit_transforms
[78.529s] [  8%] [32mBuilding CXX object distance_field/CMakeFiles/moveit_distance_field.dir/src/find_internal_points.cpp.o[0m
[84.722s] [  8%] [32mBuilding CXX object distance_field/CMakeFiles/moveit_distance_field.dir/src/propagation_distance_field.cpp.o[0m
[111.650s] [  9%] [32m[1mLinking CXX shared library libmoveit_distance_field.so[0m
[112.759s] [  9%] Built target moveit_distance_field
[112.823s] [  9%] [32mBuilding CXX object gmock/CMakeFiles/gmock.dir/opt/ros/humble/src/gtest_vendor/src/gtest-all.cc.o[0m
[126.566s] [ 10%] [32mBuilding CXX object gmock/CMakeFiles/gmock.dir/src/gmock-all.cc.o[0m
[126.923s] [ 10%] [32mBuilding CXX object gmock/CMakeFiles/gmock_main.dir/src/gmock_main.cc.o[0m
[129.013s] [ 11%] [32mBuilding CXX object gtest/CMakeFiles/gtest_main.dir/src/gtest_main.cc.o[0m
[131.114s] [ 11%] [32mBuilding CXX object gtest/CMakeFiles/gtest.dir/src/gtest-all.cc.o[0m
[137.442s] [ 12%] [32m[1mLinking CXX static library libgmock_main.a[0m
[137.591s] [ 12%] Built target gmock_main
[137.709s] [ 12%] [32m[1mLinking CXX static library libgtest_main.a[0m
[137.903s] [ 12%] Built target gtest_main
[141.674s] [ 13%] [32m[1mLinking CXX static library libgmock.a[0m
[142.158s] [ 13%] Built target gmock
[151.295s] [ 14%] [32m[1mLinking CXX static library libgtest.a[0m
[151.560s] [ 14%] Built target gtest
[151.633s] [ 14%] [32mBuilding CXX object version/CMakeFiles/moveit_version.dir/version.cpp.o[0m
[151.816s] [ 15%] [32m[1mLinking CXX executable moveit_version[0m
[152.122s] [ 15%] Built target moveit_version
[152.191s] [ 15%] [32mBuilding CXX object robot_model/CMakeFiles/moveit_robot_model.dir/src/aabb.cpp.o[0m
[166.576s] [ 16%] [32mBuilding CXX object robot_model/CMakeFiles/moveit_robot_model.dir/src/fixed_joint_model.cpp.o[0m
[172.679s] [ 16%] [32mBuilding CXX object robot_model/CMakeFiles/moveit_robot_model.dir/src/floating_joint_model.cpp.o[0m
[177.297s] [ 17%] [32mBuilding CXX object distance_field/CMakeFiles/test_voxel_grid.dir/test/test_voxel_grid.cpp.o[0m
[178.403s] [ 18%] [34m[1mRunning `/opt/ros/humble/bin/generate_parameter_library_cpp /home/a/ws_moveit2/build/moveit_core/online_signal_smoothing/include/moveit_core/moveit_butterworth_parameters.hpp /home/a/ws_moveit2/src/moveit2/moveit_core/online_signal_smoothing/src/butterworth_parameters.yaml `[0m
[179.519s] [ 19%] [32mBuilding CXX object online_signal_smoothing/CMakeFiles/moveit_smoothing_base.dir/src/smoothing_base_class.cpp.o[0m
[179.779s] [ 20%] [34m[1mCreating deprecated header file /home/a/ws_moveit2/build/moveit_core/online_signal_smoothing/include/moveit_butterworth_parameters.hpp[0m
[180.340s] [ 20%] Built target moveit_butterworth_parameters
[180.667s] [ 21%] [32mBuilding CXX object distance_field/CMakeFiles/test_distance_field.dir/test/test_distance_field.cpp.o[0m
[212.285s] [ 21%] [32m[1mLinking CXX shared library libmoveit_smoothing_base.so[0m
[212.825s] [ 22%] [32mBuilding CXX object robot_model/CMakeFiles/moveit_robot_model.dir/src/joint_model.cpp.o[0m
[213.189s] [ 22%] Built target moveit_smoothing_base
[222.446s] [ 22%] [32m[1mLinking CXX executable test_voxel_grid[0m
[224.446s] [ 22%] Built target test_voxel_grid
[234.933s] [ 22%] [32mBuilding CXX object robot_model/CMakeFiles/moveit_robot_model.dir/src/joint_model_group.cpp.o[0m
[252.352s] [ 22%] [32m[1mLinking CXX executable test_distance_field[0m
[255.038s] [ 22%] Built target test_distance_field
[268.565s] [ 23%] [32mBuilding CXX object robot_model/CMakeFiles/moveit_robot_model.dir/src/planar_joint_model.cpp.o[0m
[288.756s] [ 23%] [32mBuilding CXX object robot_model/CMakeFiles/moveit_robot_model.dir/src/prismatic_joint_model.cpp.o[0m
[291.782s] [ 24%] [32mBuilding CXX object robot_model/CMakeFiles/moveit_robot_model.dir/src/revolute_joint_model.cpp.o[0m
[292.828s] [ 25%] [32mBuilding CXX object robot_model/CMakeFiles/moveit_robot_model.dir/src/link_model.cpp.o[0m
[299.170s] [ 25%] [32mBuilding CXX object robot_model/CMakeFiles/moveit_robot_model.dir/src/robot_model.cpp.o[0m
[351.012s] [ 26%] [32m[1mLinking CXX shared library libmoveit_robot_model.so[0m
[354.855s] [ 26%] Built target moveit_robot_model
[354.952s] [ 26%] [32mBuilding CXX object transforms/CMakeFiles/test_transforms.dir/test/test_transforms.cpp.o[0m
[368.844s] [ 27%] [32m[1mLinking CXX executable test_transforms[0m
[370.271s] [ 27%] Built target test_transforms
[370.341s] [ 28%] [32mBuilding CXX object online_signal_smoothing/CMakeFiles/moveit_butterworth_filter.dir/src/butterworth_filter.cpp.o[0m
[398.358s] [ 28%] [32m[1mLinking CXX shared library libmoveit_butterworth_filter.so[0m
[399.159s] [ 28%] Built target moveit_butterworth_filter
[399.298s] [ 28%] [32mBuilding CXX object robot_state/CMakeFiles/moveit_robot_state.dir/src/conversions.cpp.o[0m
[399.301s] [ 29%] [32mBuilding CXX object utils/CMakeFiles/moveit_test_utils.dir/src/robot_model_test_utils.cpp.o[0m
[399.306s] [ 29%] [32mBuilding CXX object online_signal_smoothing/CMakeFiles/test_butterworth_filter.dir/test/test_butterworth_filter.cpp.o[0m
[399.347s] [ 30%] [32mBuilding CXX object robot_state/CMakeFiles/moveit_robot_state.dir/src/attached_body.cpp.o[0m
[476.266s] [ 31%] [32m[1mLinking CXX shared library libmoveit_test_utils.so[0m
[478.761s] [ 32%] [32m[1mLinking CXX executable test_butterworth_filter[0m
[485.666s] [ 32%] Built target test_butterworth_filter
[487.234s] [ 32%] Built target moveit_test_utils
[506.046s] [ 32%] [32mBuilding CXX object robot_state/CMakeFiles/moveit_robot_state.dir/src/cartesian_interpolator.cpp.o[0m
[563.394s] [ 33%] [32mBuilding CXX object robot_state/CMakeFiles/moveit_robot_state.dir/src/robot_state.cpp.o[0m
[686.655s] [ 34%] [32m[1mLinking CXX shared library libmoveit_robot_state.so[0m
[692.820s] [ 34%] Built target moveit_robot_state
[692.961s] [ 34%] [32mBuilding CXX object collision_detection/CMakeFiles/moveit_collision_detection.dir/src/allvalid/collision_env_allvalid.cpp.o[0m
[692.961s] [ 35%] [32mBuilding CXX object robot_trajectory/CMakeFiles/moveit_robot_trajectory.dir/src/robot_trajectory.cpp.o[0m
[692.962s] [ 35%] [32mBuilding CXX object dynamics_solver/CMakeFiles/moveit_dynamics_solver.dir/src/dynamics_solver.cpp.o[0m
[692.993s] [ 36%] [32mBuilding CXX object robot_model/CMakeFiles/test_robot_model.dir/test/test.cpp.o[0m
[755.842s] [ 36%] [32m[1mLinking CXX executable test_robot_model[0m
[767.381s] [ 37%] [32mBuilding CXX object collision_detection/CMakeFiles/moveit_collision_detection.dir/src/collision_common.cpp.o[0m
[768.115s] [ 37%] Built target test_robot_model
[779.168s] [ 38%] [32m[1mLinking CXX shared library libmoveit_dynamics_solver.so[0m
[784.861s] [ 38%] Built target moveit_dynamics_solver
[796.760s] [ 38%] [32m[1mLinking CXX shared library libmoveit_robot_trajectory.so[0m
[801.668s] [ 38%] Built target moveit_robot_trajectory
[802.914s] [ 38%] [32mBuilding CXX object collision_detection/CMakeFiles/moveit_collision_detection.dir/src/collision_matrix.cpp.o[0m
[825.283s] [ 39%] [32mBuilding CXX object collision_detection/CMakeFiles/moveit_collision_detection.dir/src/collision_octomap_filter.cpp.o[0m
[847.073s] [ 39%] [32mBuilding CXX object robot_state/CMakeFiles/test_robot_state_benchmark.dir/test/robot_state_benchmark.cpp.o[0m
[848.151s] [ 40%] [32mBuilding CXX object robot_state/CMakeFiles/test_robot_state.dir/test/robot_state_test.cpp.o[0m
[849.293s] [ 41%] [32mBuilding CXX object kinematics_metrics/CMakeFiles/moveit_kinematics_metrics.dir/src/kinematics_metrics.cpp.o[0m
[856.436s] [ 42%] [32mBuilding CXX object collision_detection/CMakeFiles/moveit_collision_detection.dir/src/collision_tools.cpp.o[0m
[939.416s] [ 43%] [32m[1mLinking CXX executable test_robot_state_benchmark[0m
[942.085s] [ 43%] [32mBuilding CXX object collision_detection/CMakeFiles/moveit_collision_detection.dir/src/world.cpp.o[0m
[947.773s] [ 43%] Built target test_robot_state_benchmark
[955.086s] [ 44%] [32m[1mLinking CXX executable test_robot_state[0m
[963.357s] [ 44%] Built target test_robot_state
[978.559s] [ 45%] [32mBuilding CXX object collision_detection/CMakeFiles/moveit_collision_detection.dir/src/world_diff.cpp.o[0m
[992.109s] [ 45%] [32mBuilding CXX object collision_detection/CMakeFiles/moveit_collision_detection.dir/src/collision_env.cpp.o[0m
[1011.672s] [ 45%] [32m[1mLinking CXX shared library libmoveit_kinematics_metrics.so[0m
[1017.949s] [ 45%] Built target moveit_kinematics_metrics
[1022.528s] [ 46%] [32mBuilding CXX object collision_detection/CMakeFiles/moveit_collision_detection.dir/src/collision_plugin_cache.cpp.o[0m
[1068.761s] [ 46%] [32m[1mLinking CXX shared library libmoveit_collision_detection.so[0m
[1072.724s] [ 46%] Built target moveit_collision_detection
[1072.844s] [ 47%] [32mBuilding CXX object robot_state/CMakeFiles/test_cartesian_interpolator.dir/test/test_cartesian_interpolator.cpp.o[0m
[1102.698s] [ 47%] [32m[1mLinking CXX executable test_cartesian_interpolator[0m
[1107.018s] [ 48%] [32mBuilding CXX object robot_trajectory/CMakeFiles/test_robot_trajectory.dir/test/test_robot_trajectory.cpp.o[0m
[1108.076s] [ 48%] [32mBuilding CXX object robot_state/CMakeFiles/test_aabb.dir/test/test_aabb.cpp.o[0m
[1108.934s] [ 48%] Built target test_cartesian_interpolator
[1109.046s] [ 48%] [32mBuilding CXX object robot_state/CMakeFiles/test_robot_state_complex.dir/test/test_kinematic_complex.cpp.o[0m
[1109.119s] [ 49%] [32mBuilding CXX object collision_detection/CMakeFiles/test_world.dir/test/test_world.cpp.o[0m
[1143.989s] [ 49%] [32m[1mLinking CXX executable test_world[0m
[1149.971s] [ 49%] Built target test_world
[1178.419s] [ 49%] [32m[1mLinking CXX executable test_robot_trajectory[0m
[1179.423s] [ 50%] [32m[1mLinking CXX executable test_aabb[0m
[1183.734s] [ 51%] [32m[1mLinking CXX executable test_robot_state_complex[0m
[1186.178s] [ 51%] Built target test_robot_trajectory
[1186.896s] [ 51%] Built target test_aabb
[1189.491s] [ 51%] Built target test_robot_state_complex
[1189.577s] [ 52%] [32mBuilding CXX object collision_detection_bullet/CMakeFiles/moveit_collision_detection_bullet.dir/src/bullet_integration/bullet_utils.cpp.o[0m
[1220.732s] [ 53%] [32mBuilding CXX object collision_detection_bullet/CMakeFiles/moveit_collision_detection_bullet.dir/src/bullet_integration/bullet_discrete_bvh_manager.cpp.o[0m
[1237.733s] [ 54%] [32mBuilding CXX object collision_detection_fcl/CMakeFiles/moveit_collision_detection_fcl.dir/src/collision_common.cpp.o[0m
[1239.825s] [ 55%] [32mBuilding CXX object collision_detection/CMakeFiles/test_all_valid.dir/test/test_all_valid.cpp.o[0m
[1241.944s] [ 56%] [32mBuilding CXX object collision_detection/CMakeFiles/test_world_diff.dir/test/test_world_diff.cpp.o[0m
[1245.317s] [ 56%] [32mBuilding CXX object collision_detection_bullet/CMakeFiles/moveit_collision_detection_bullet.dir/src/bullet_integration/bullet_cast_bvh_manager.cpp.o[0m
[1282.887s] [ 57%] [32m[1mLinking CXX executable test_world_diff[0m
[1287.574s] [ 57%] Built target test_world_diff
[1291.079s] [ 58%] [32mBuilding CXX object collision_detection_bullet/CMakeFiles/moveit_collision_detection_bullet.dir/src/collision_env_bullet.cpp.o[0m
[1298.585s] [ 58%] [32m[1mLinking CXX executable test_all_valid[0m
[1304.016s] [ 58%] Built target test_all_valid
[1311.070s] [ 58%] [32mBuilding CXX object collision_detection_fcl/CMakeFiles/moveit_collision_detection_fcl.dir/src/collision_env_fcl.cpp.o[0m
[1334.467s] [ 58%] [32mBuilding CXX object collision_detection_bullet/CMakeFiles/moveit_collision_detection_bullet.dir/src/bullet_integration/bullet_bvh_manager.cpp.o[0m
[1365.672s] [ 59%] [32m[1mLinking CXX shared library libmoveit_collision_detection_fcl.so[0m
[1365.963s] [ 60%] [32mBuilding CXX object collision_detection_bullet/CMakeFiles/moveit_collision_detection_bullet.dir/src/bullet_integration/contact_checker_common.cpp.o[0m
[1371.915s] [ 60%] Built target moveit_collision_detection_fcl
[1388.651s] [ 61%] [32mBuilding CXX object collision_detection_bullet/CMakeFiles/moveit_collision_detection_bullet.dir/src/bullet_integration/ros_bullet_utils.cpp.o[0m
[1411.417s] [ 61%] [32m[1mLinking CXX shared library libmoveit_collision_detection_bullet.so[0m
[1416.121s] [ 61%] Built target moveit_collision_detection_bullet
[1416.197s] [ 62%] [32mBuilding CXX object kinematic_constraints/CMakeFiles/moveit_kinematic_constraints.dir/src/kinematic_constraint.cpp.o[0m
[1442.348s] [ 62%] [32mBuilding CXX object collision_detection_fcl/CMakeFiles/test_fcl_collision_env.dir/test/test_fcl_env.cpp.o[0m
[1443.448s] [ 63%] [32mBuilding CXX object planning_interface/CMakeFiles/moveit_planning_interface.dir/src/planning_interface.cpp.o[0m
[1444.617s] [ 63%] [32mBuilding CXX object trajectory_processing/CMakeFiles/moveit_trajectory_processing.dir/src/iterative_time_parameterization.cpp.o[0m
[1543.705s] [ 64%] [32mBuilding CXX object trajectory_processing/CMakeFiles/moveit_trajectory_processing.dir/src/iterative_spline_parameterization.cpp.o[0m
[1553.881s] [ 65%] [32mBuilding CXX object planning_interface/CMakeFiles/moveit_planning_interface.dir/src/planning_response.cpp.o[0m
[1572.151s] [ 66%] [32m[1mLinking CXX executable test_fcl_collision_env[0m
[1577.444s] [ 66%] [32mBuilding CXX object kinematic_constraints/CMakeFiles/moveit_kinematic_constraints.dir/src/utils.cpp.o[0m
[1591.540s] [ 66%] Built target test_fcl_collision_env
[1628.294s] [ 66%] [32mBuilding CXX object trajectory_processing/CMakeFiles/moveit_trajectory_processing.dir/src/ruckig_traj_smoothing.cpp.o[0m
[1632.706s] [ 66%] [32m[1mLinking CXX shared library libmoveit_planning_interface.so[0m
[1637.895s] [ 66%] Built target moveit_planning_interface
[1664.533s] [ 67%] [32m[1mLinking CXX shared library libmoveit_kinematic_constraints.so[0m
[1672.248s] [ 67%] Built target moveit_kinematic_constraints
[1676.143s] [ 68%] [32mBuilding CXX object trajectory_processing/CMakeFiles/moveit_trajectory_processing.dir/src/trajectory_tools.cpp.o[0m
[1679.239s] [ 68%] [32mBuilding CXX object trajectory_processing/CMakeFiles/moveit_trajectory_processing.dir/src/time_optimal_trajectory_generation.cpp.o[0m
[1723.653s] [ 69%] [32m[1mLinking CXX shared library libmoveit_trajectory_processing.so[0m
[1727.256s] [ 69%] Built target moveit_trajectory_processing
[1727.374s] [ 70%] [32mBuilding CXX object collision_detection_fcl/CMakeFiles/test_fcl_collision_detection_panda.dir/test/test_fcl_collision_detection_panda.cpp.o[0m
[1767.591s] [ 70%] [32mBuilding CXX object kinematic_constraints/CMakeFiles/test_constraints.dir/test/test_constraints.cpp.o[0m
[1768.620s] [ 71%] [32mBuilding CXX object planning_scene/CMakeFiles/moveit_planning_scene.dir/src/planning_scene.cpp.o[0m
[1769.767s] [ 72%] [32mBuilding CXX object collision_detection_fcl/CMakeFiles/test_fcl_collision_detection.dir/test/test_fcl_collision_detection_pr2.cpp.o[0m
[1772.649s] [ 73%] [32m[1mLinking CXX executable test_fcl_collision_detection_panda[0m
[1786.792s] [ 73%] Built target test_fcl_collision_detection_panda
[1860.556s] [ 74%] [32m[1mLinking CXX executable test_constraints[0m
[1863.784s] [ 74%] [32m[1mLinking CXX executable test_fcl_collision_detection[0m
[1868.410s] [ 74%] Built target test_constraints
[1872.264s] [ 74%] Built target test_fcl_collision_detection
[1896.486s] [ 75%] [32m[1mLinking CXX shared library libmoveit_planning_scene.so[0m
[1902.089s] [ 75%] Built target moveit_planning_scene
[1902.179s] [ 76%] [32mBuilding CXX object trajectory_processing/CMakeFiles/test_time_optimal_trajectory_generation.dir/test/test_time_optimal_trajectory_generation.cpp.o[0m
[1917.257s] [ 77%] [32mBuilding CXX object trajectory_processing/CMakeFiles/test_ruckig_traj_smoothing.dir/test/test_ruckig_traj_smoothing.cpp.o[0m
[1918.346s] [ 77%] [32mBuilding CXX object trajectory_processing/CMakeFiles/test_time_parameterization.dir/test/test_time_parameterization.cpp.o[0m
[1919.546s] [ 78%] [32mBuilding CXX object kinematic_constraints/CMakeFiles/test_orientation_constraints.dir/test/test_orientation_constraints.cpp.o[0m
[1970.775s] [ 79%] [32m[1mLinking CXX executable test_time_optimal_trajectory_generation[0m
[1979.975s] [ 79%] Built target test_time_optimal_trajectory_generation
[1993.838s] [ 80%] [32m[1mLinking CXX executable test_time_parameterization[0m
[1994.236s] [ 80%] [32m[1mLinking CXX executable test_ruckig_traj_smoothing[0m
[2001.413s] [ 80%] Built target test_time_parameterization
[2001.835s] [ 80%] Built target test_ruckig_traj_smoothing
[2005.923s] [ 80%] [32m[1mLinking CXX executable test_orientation_constraints[0m
[2010.276s] [ 80%] Built target test_orientation_constraints
[2010.361s] [ 81%] [32mBuilding CXX object collision_detection_bullet/CMakeFiles/test_bullet_collision_detection_panda.dir/test/test_bullet_collision_detection_panda.cpp.o[0m
[2048.549s] [ 82%] [32m[1mLinking CXX executable test_bullet_collision_detection_panda[0m
[2053.674s] [ 82%] Built target test_bullet_collision_detection_panda
[2053.749s] [ 82%] [32mBuilding CXX object collision_detection_bullet/CMakeFiles/test_bullet_continuous_collision_checking.dir/test/test_bullet_continuous_collision_checking.cpp.o[0m
[2096.125s] [ 83%] [32m[1mLinking CXX executable test_bullet_continuous_collision_checking[0m
[2100.697s] [ 83%] Built target test_bullet_continuous_collision_checking
[2100.833s] [ 84%] [32mBuilding CXX object collision_detection_bullet/CMakeFiles/test_bullet_collision_detection.dir/test/test_bullet_collision_detection_pr2.cpp.o[0m
[2100.844s] [ 84%] [32mBuilding CXX object collision_detection_fcl/CMakeFiles/collision_detector_fcl_plugin.dir/src/collision_detector_fcl_plugin_loader.cpp.o[0m
[2100.895s] [ 84%] [32mBuilding CXX object collision_detection_bullet/CMakeFiles/collision_detector_bullet_plugin.dir/src/collision_detector_bullet_plugin_loader.cpp.o[0m
[2100.907s] [ 85%] [32mBuilding CXX object collision_distance_field/CMakeFiles/moveit_collision_distance_field.dir/src/collision_distance_field_types.cpp.o[0m
[2166.858s] [ 85%] [32mBuilding CXX object collision_distance_field/CMakeFiles/moveit_collision_distance_field.dir/src/collision_common_distance_field.cpp.o[0m
[2186.474s] [ 86%] [32m[1mLinking CXX shared library libcollision_detector_bullet_plugin.so[0m
[2190.644s] [ 86%] Built target collision_detector_bullet_plugin
[2190.726s] [ 87%] [32m[1mLinking CXX shared library libcollision_detector_fcl_plugin.so[0m
[2193.134s] [ 87%] [32m[1mLinking CXX executable test_bullet_collision_detection[0m
[2196.181s] [ 87%] Built target collision_detector_fcl_plugin
[2200.459s] [ 87%] Built target test_bullet_collision_detection
[2223.600s] [ 88%] [32mBuilding CXX object collision_distance_field/CMakeFiles/moveit_collision_distance_field.dir/src/collision_env_distance_field.cpp.o[0m
[2257.750s] [ 89%] [32mBuilding CXX object planning_scene/CMakeFiles/test_planning_scene.dir/test/test_planning_scene.cpp.o[0m
[2258.881s] [ 90%] [32mBuilding CXX object planning_request_adapter/CMakeFiles/moveit_planning_request_adapter.dir/src/planning_request_adapter.cpp.o[0m
[2260.076s] [ 91%] [32mBuilding CXX object constraint_samplers/CMakeFiles/moveit_constraint_samplers.dir/src/constraint_sampler.cpp.o[0m
[2301.940s] [ 91%] [32mBuilding CXX object collision_distance_field/CMakeFiles/moveit_collision_distance_field.dir/src/collision_env_hybrid.cpp.o[0m
[2329.799s] [ 91%] [32m[1mLinking CXX shared library libmoveit_planning_request_adapter.so[0m
[2331.766s] [ 91%] [32mBuilding CXX object constraint_samplers/CMakeFiles/moveit_constraint_samplers.dir/src/constraint_sampler_manager.cpp.o[0m
[2332.323s] [ 91%] Built target moveit_planning_request_adapter
[2382.312s] [ 91%] [32m[1mLinking CXX executable test_planning_scene[0m
[2386.856s] [ 92%] [32m[1mLinking CXX shared library libmoveit_collision_distance_field.so[0m
[2393.612s] [ 92%] Built target test_planning_scene
[2397.087s] [ 92%] Built target moveit_collision_distance_field
[2399.620s] [ 92%] [32mBuilding CXX object constraint_samplers/CMakeFiles/moveit_constraint_samplers.dir/src/default_constraint_samplers.cpp.o[0m
[2437.729s] [ 93%] [32mBuilding CXX object constraint_samplers/CMakeFiles/moveit_constraint_samplers.dir/src/constraint_sampler_tools.cpp.o[0m
[2446.848s] [ 94%] [32mBuilding CXX object constraint_samplers/CMakeFiles/moveit_constraint_samplers.dir/src/union_constraint_sampler.cpp.o[0m
[2487.010s] [ 94%] [32m[1mLinking CXX shared library libmoveit_constraint_samplers.so[0m
[2492.104s] [ 94%] Built target moveit_constraint_samplers
[2492.193s] [ 94%] [32mBuilding CXX object planning_scene/CMakeFiles/test_multi_threaded.dir/test/test_multi_threaded.cpp.o[0m
[2492.194s] [ 95%] [32mBuilding CXX object planning_scene/CMakeFiles/test_collision_objects.dir/test/test_collision_objects.cpp.o[0m
[2544.419s] [ 96%] [32m[1mLinking CXX executable test_multi_threaded[0m
[2549.991s] [ 96%] Built target test_multi_threaded
[2552.826s] [ 96%] [32m[1mLinking CXX executable test_collision_objects[0m
[2556.451s] [ 96%] Built target test_collision_objects
[2556.556s] [ 97%] [32mBuilding CXX object constraint_samplers/CMakeFiles/test_constraint_samplers.dir/test/test_constraint_samplers.cpp.o[0m
[2608.643s] [ 97%] [32mBuilding CXX object constraint_samplers/CMakeFiles/test_constraint_samplers.dir/test/pr2_arm_ik.cpp.o[0m
[2608.648s] [ 98%] [32mBuilding CXX object constraint_samplers/CMakeFiles/test_constraint_samplers.dir/test/pr2_arm_kinematics_plugin.cpp.o[0m
[2649.621s] [ 99%] [32m[1mLinking CXX executable test_constraint_samplers[0m
[2656.769s] [ 99%] Built target test_constraint_samplers
[2656.852s] [100%] [32mBuilding CXX object collision_distance_field/CMakeFiles/test_collision_distance_field.dir/test/test_collision_distance_field.cpp.o[0m
[2700.598s] [100%] [32m[1mLinking CXX executable test_collision_distance_field[0m
[2705.560s] [100%] Built target test_collision_distance_field
[2705.995s] Invoked command in '/home/a/ws_moveit2/build/moveit_core' returned '0': CMAKE_PREFIX_PATH=/home/a/ws_moveit2/install/moveit_resources_panda_moveit_config:/home/a/ws_moveit2/install/srdfdom:/home/a/ws_moveit2/install/moveit_resources_pr2_description:/home/a/ws_moveit2/install/moveit_resources_panda_description:/home/a/ws_moveit2/install/moveit_common:/home/a/ws_moveit2/install/hello_moveit:/home/a/ws_moveit2/install/pilz_industrial_motion_planner_testutils:/home/a/ws_moveit2/install/moveit_runtime:/home/a/ws_moveit2/install/moveit2_tutorials:/home/a/ws_moveit2/install/moveit:/home/a/ws_moveit2/install/moveit_planners:/home/a/ws_moveit2/install/pilz_industrial_motion_planner:/home/a/ws_moveit2/install/moveit_visual_tools:/home/a/ws_moveit2/install/moveit_task_constructor_visualization:/home/a/ws_moveit2/install/moveit_task_constructor_demo:/home/a/ws_moveit2/install/moveit_task_constructor_capabilities:/home/a/ws_moveit2/install/moveit_task_constructor_core:/home/a/ws_moveit2/install/moveit_ros_control_interface:/home/a/ws_moveit2/install/moveit_plugins:/home/a/ws_moveit2/install/moveit_simple_controller_manager:/home/a/ws_moveit2/install/moveit_setup_assistant:/home/a/ws_moveit2/install/moveit_setup_srdf_plugins:/home/a/ws_moveit2/install/moveit_setup_core_plugins:/home/a/ws_moveit2/install/moveit_setup_controllers:/home/a/ws_moveit2/install/moveit_setup_app_plugins:/home/a/ws_moveit2/install/moveit_setup_framework:/home/a/ws_moveit2/install/moveit_servo:/home/a/ws_moveit2/install/moveit_ros:/home/a/ws_moveit2/install/moveit_ros_visualization:/home/a/ws_moveit2/install/moveit_hybrid_planning:/home/a/ws_moveit2/install/moveit_ros_planning_interface:/home/a/ws_moveit2/install/moveit_ros_benchmarks:/home/a/ws_moveit2/install/moveit_ros_warehouse:/home/a/ws_moveit2/install/moveit_ros_robot_interaction:/home/a/ws_moveit2/install/moveit_ros_perception:/home/a/ws_moveit2/install/moveit_resources_prbt_pg70_support:/home/a/ws_moveit2/install/moveit_resources_prbt_moveit_config:/home/a/ws_moveit2/install/moveit_ros_move_group:/home/a/ws_moveit2/install/moveit_planners_ompl:/home/a/ws_moveit2/install/moveit_ros_planning:/home/a/ws_moveit2/install/moveit_ros_occupancy_map_monitor:/home/a/ws_moveit2/install/moveit_resources_prbt_ikfast_manipulator_plugin:/home/a/ws_moveit2/install/moveit_planners_chomp:/home/a/ws_moveit2/install/moveit_kinematics:/home/a/ws_moveit2/install/moveit_chomp_optimizer_adapter:/home/a/ws_moveit2/install/chomp_motion_planner:/home/a/ws_moveit2/install/moveit_core:/home/a/ws_moveit2/install/rviz_marker_tools:/home/a/ws_moveit2/install/rosparam_shortcuts:/home/a/ws_moveit2/install/moveit_task_constructor_msgs:/home/a/ws_moveit2/install/moveit_resources_prbt_support:/home/a/ws_moveit2/install/moveit_resources:/home/a/ws_moveit2/install/moveit_resources_fanuc_moveit_config:/home/a/ws_moveit2/install/moveit_resources_fanuc_description:/home/a/ws_moveit2/install/moveit_configs_utils:/home/a/ws_moveit2/install/launch_param_builder:/opt/ros/humble LD_LIBRARY_PATH=/home/a/ws_moveit2/install/srdfdom/lib:/home/a/ws_moveit2/install/pilz_industrial_motion_planner_testutils/lib:/home/a/ws_moveit2/install/pilz_industrial_motion_planner/lib:/home/a/ws_moveit2/install/moveit_visual_tools/lib:/home/a/ws_moveit2/install/moveit_task_constructor_visualization/lib:/home/a/ws_moveit2/install/moveit_task_constructor_demo/lib:/home/a/ws_moveit2/install/moveit_task_constructor_capabilities/lib:/home/a/ws_moveit2/install/moveit_task_constructor_core/lib:/home/a/ws_moveit2/install/moveit_ros_control_interface/lib:/home/a/ws_moveit2/install/moveit_simple_controller_manager/lib:/home/a/ws_moveit2/install/moveit_setup_assistant/lib:/home/a/ws_moveit2/install/moveit_setup_srdf_plugins/lib:/home/a/ws_moveit2/install/moveit_setup_core_plugins/lib:/home/a/ws_moveit2/install/moveit_setup_controllers/lib:/home/a/ws_moveit2/install/moveit_setup_app_plugins/lib:/home/a/ws_moveit2/install/moveit_setup_framework/lib:/home/a/ws_moveit2/install/moveit_servo/lib:/home/a/ws_moveit2/install/moveit_ros_visualization/lib:/home/a/ws_moveit2/install/moveit_hybrid_planning/lib:/home/a/ws_moveit2/install/moveit_ros_planning_interface/lib:/home/a/ws_moveit2/install/moveit_ros_benchmarks/lib:/home/a/ws_moveit2/install/moveit_ros_warehouse/lib:/home/a/ws_moveit2/install/moveit_ros_robot_interaction/lib:/home/a/ws_moveit2/install/moveit_ros_perception/lib:/home/a/ws_moveit2/install/moveit_ros_move_group/lib:/home/a/ws_moveit2/install/moveit_planners_ompl/lib:/home/a/ws_moveit2/install/moveit_ros_planning/lib:/home/a/ws_moveit2/install/moveit_ros_occupancy_map_monitor/lib:/home/a/ws_moveit2/install/moveit_resources_prbt_ikfast_manipulator_plugin/lib:/home/a/ws_moveit2/install/moveit_planners_chomp/lib:/home/a/ws_moveit2/install/moveit_kinematics/lib:/home/a/ws_moveit2/install/moveit_chomp_optimizer_adapter/lib:/home/a/ws_moveit2/install/chomp_motion_planner/lib:/home/a/ws_moveit2/install/moveit_core/lib:/home/a/ws_moveit2/install/rviz_marker_tools/lib:/home/a/ws_moveit2/install/rosparam_shortcuts/lib:/home/a/ws_moveit2/install/moveit_task_constructor_msgs/lib:/opt/ros/humble/opt/rviz_ogre_vendor/lib:/opt/ros/humble/lib/x86_64-linux-gnu:/opt/ros/humble/lib /opt/st/stm32cubeclt_1.17.0/CMake/bin/cmake --build /home/a/ws_moveit2/build/moveit_core -- -j4 -l4
[2706.175s] Invoking command in '/home/a/ws_moveit2/build/moveit_core': CMAKE_PREFIX_PATH=/home/a/ws_moveit2/install/moveit_resources_panda_moveit_config:/home/a/ws_moveit2/install/srdfdom:/home/a/ws_moveit2/install/moveit_resources_pr2_description:/home/a/ws_moveit2/install/moveit_resources_panda_description:/home/a/ws_moveit2/install/moveit_common:/home/a/ws_moveit2/install/hello_moveit:/home/a/ws_moveit2/install/pilz_industrial_motion_planner_testutils:/home/a/ws_moveit2/install/moveit_runtime:/home/a/ws_moveit2/install/moveit2_tutorials:/home/a/ws_moveit2/install/moveit:/home/a/ws_moveit2/install/moveit_planners:/home/a/ws_moveit2/install/pilz_industrial_motion_planner:/home/a/ws_moveit2/install/moveit_visual_tools:/home/a/ws_moveit2/install/moveit_task_constructor_visualization:/home/a/ws_moveit2/install/moveit_task_constructor_demo:/home/a/ws_moveit2/install/moveit_task_constructor_capabilities:/home/a/ws_moveit2/install/moveit_task_constructor_core:/home/a/ws_moveit2/install/moveit_ros_control_interface:/home/a/ws_moveit2/install/moveit_plugins:/home/a/ws_moveit2/install/moveit_simple_controller_manager:/home/a/ws_moveit2/install/moveit_setup_assistant:/home/a/ws_moveit2/install/moveit_setup_srdf_plugins:/home/a/ws_moveit2/install/moveit_setup_core_plugins:/home/a/ws_moveit2/install/moveit_setup_controllers:/home/a/ws_moveit2/install/moveit_setup_app_plugins:/home/a/ws_moveit2/install/moveit_setup_framework:/home/a/ws_moveit2/install/moveit_servo:/home/a/ws_moveit2/install/moveit_ros:/home/a/ws_moveit2/install/moveit_ros_visualization:/home/a/ws_moveit2/install/moveit_hybrid_planning:/home/a/ws_moveit2/install/moveit_ros_planning_interface:/home/a/ws_moveit2/install/moveit_ros_benchmarks:/home/a/ws_moveit2/install/moveit_ros_warehouse:/home/a/ws_moveit2/install/moveit_ros_robot_interaction:/home/a/ws_moveit2/install/moveit_ros_perception:/home/a/ws_moveit2/install/moveit_resources_prbt_pg70_support:/home/a/ws_moveit2/install/moveit_resources_prbt_moveit_config:/home/a/ws_moveit2/install/moveit_ros_move_group:/home/a/ws_moveit2/install/moveit_planners_ompl:/home/a/ws_moveit2/install/moveit_ros_planning:/home/a/ws_moveit2/install/moveit_ros_occupancy_map_monitor:/home/a/ws_moveit2/install/moveit_resources_prbt_ikfast_manipulator_plugin:/home/a/ws_moveit2/install/moveit_planners_chomp:/home/a/ws_moveit2/install/moveit_kinematics:/home/a/ws_moveit2/install/moveit_chomp_optimizer_adapter:/home/a/ws_moveit2/install/chomp_motion_planner:/home/a/ws_moveit2/install/moveit_core:/home/a/ws_moveit2/install/rviz_marker_tools:/home/a/ws_moveit2/install/rosparam_shortcuts:/home/a/ws_moveit2/install/moveit_task_constructor_msgs:/home/a/ws_moveit2/install/moveit_resources_prbt_support:/home/a/ws_moveit2/install/moveit_resources:/home/a/ws_moveit2/install/moveit_resources_fanuc_moveit_config:/home/a/ws_moveit2/install/moveit_resources_fanuc_description:/home/a/ws_moveit2/install/moveit_configs_utils:/home/a/ws_moveit2/install/launch_param_builder:/opt/ros/humble LD_LIBRARY_PATH=/home/a/ws_moveit2/install/srdfdom/lib:/home/a/ws_moveit2/install/pilz_industrial_motion_planner_testutils/lib:/home/a/ws_moveit2/install/pilz_industrial_motion_planner/lib:/home/a/ws_moveit2/install/moveit_visual_tools/lib:/home/a/ws_moveit2/install/moveit_task_constructor_visualization/lib:/home/a/ws_moveit2/install/moveit_task_constructor_demo/lib:/home/a/ws_moveit2/install/moveit_task_constructor_capabilities/lib:/home/a/ws_moveit2/install/moveit_task_constructor_core/lib:/home/a/ws_moveit2/install/moveit_ros_control_interface/lib:/home/a/ws_moveit2/install/moveit_simple_controller_manager/lib:/home/a/ws_moveit2/install/moveit_setup_assistant/lib:/home/a/ws_moveit2/install/moveit_setup_srdf_plugins/lib:/home/a/ws_moveit2/install/moveit_setup_core_plugins/lib:/home/a/ws_moveit2/install/moveit_setup_controllers/lib:/home/a/ws_moveit2/install/moveit_setup_app_plugins/lib:/home/a/ws_moveit2/install/moveit_setup_framework/lib:/home/a/ws_moveit2/install/moveit_servo/lib:/home/a/ws_moveit2/install/moveit_ros_visualization/lib:/home/a/ws_moveit2/install/moveit_hybrid_planning/lib:/home/a/ws_moveit2/install/moveit_ros_planning_interface/lib:/home/a/ws_moveit2/install/moveit_ros_benchmarks/lib:/home/a/ws_moveit2/install/moveit_ros_warehouse/lib:/home/a/ws_moveit2/install/moveit_ros_robot_interaction/lib:/home/a/ws_moveit2/install/moveit_ros_perception/lib:/home/a/ws_moveit2/install/moveit_ros_move_group/lib:/home/a/ws_moveit2/install/moveit_planners_ompl/lib:/home/a/ws_moveit2/install/moveit_ros_planning/lib:/home/a/ws_moveit2/install/moveit_ros_occupancy_map_monitor/lib:/home/a/ws_moveit2/install/moveit_resources_prbt_ikfast_manipulator_plugin/lib:/home/a/ws_moveit2/install/moveit_planners_chomp/lib:/home/a/ws_moveit2/install/moveit_kinematics/lib:/home/a/ws_moveit2/install/moveit_chomp_optimizer_adapter/lib:/home/a/ws_moveit2/install/chomp_motion_planner/lib:/home/a/ws_moveit2/install/moveit_core/lib:/home/a/ws_moveit2/install/rviz_marker_tools/lib:/home/a/ws_moveit2/install/rosparam_shortcuts/lib:/home/a/ws_moveit2/install/moveit_task_constructor_msgs/lib:/opt/ros/humble/opt/rviz_ogre_vendor/lib:/opt/ros/humble/lib/x86_64-linux-gnu:/opt/ros/humble/lib /opt/st/stm32cubeclt_1.17.0/CMake/bin/cmake --install /home/a/ws_moveit2/build/moveit_core
[2706.265s] -- Install configuration: "Debug"
[2706.271s] -- Execute custom install script
[2706.277s] -- Symlinking: /home/a/ws_moveit2/install/moveit_core/include/moveit/version.h
[2706.316s] -- Symlinking: /home/a/ws_moveit2/install/moveit_core/include/moveit/collision_distance_field/collision_common_distance_field.h
[2706.335s] -- Symlinking: /home/a/ws_moveit2/install/moveit_core/include/moveit/collision_distance_field/collision_detector_allocator_distance_field.h
[2706.348s] -- Symlinking: /home/a/ws_moveit2/install/moveit_core/include/moveit/collision_distance_field/collision_detector_allocator_hybrid.h
[2706.366s] -- Symlinking: /home/a/ws_moveit2/install/moveit_core/include/moveit/collision_distance_field/collision_distance_field_types.h
[2706.379s] -- Symlinking: /home/a/ws_moveit2/install/moveit_core/include/moveit/collision_distance_field/collision_env_distance_field.h
[2706.394s] -- Symlinking: /home/a/ws_moveit2/install/moveit_core/include/moveit/collision_distance_field/collision_env_hybrid.h
[2706.406s] -- Symlinking: /home/a/ws_moveit2/install/moveit_core/include/moveit_collision_distance_field_export.h
[2706.426s] -- Symlinking: /home/a/ws_moveit2/install/moveit_core/include/moveit/constraint_samplers/constraint_sampler.h
[2706.443s] -- Symlinking: /home/a/ws_moveit2/install/moveit_core/include/moveit/constraint_samplers/constraint_sampler_allocator.h
[2706.462s] -- Symlinking: /home/a/ws_moveit2/install/moveit_core/include/moveit/constraint_samplers/constraint_sampler_manager.h
[2706.475s] -- Symlinking: /home/a/ws_moveit2/install/moveit_core/include/moveit/constraint_samplers/constraint_sampler_tools.h
[2706.491s] -- Symlinking: /home/a/ws_moveit2/install/moveit_core/include/moveit/constraint_samplers/default_constraint_samplers.h
[2706.503s] -- Symlinking: /home/a/ws_moveit2/install/moveit_core/include/moveit/constraint_samplers/union_constraint_sampler.h
[2706.528s] -- Symlinking: /home/a/ws_moveit2/install/moveit_core/include/moveit/controller_manager/controller_manager.h
[2706.556s] -- Symlinking: /home/a/ws_moveit2/install/moveit_core/include/moveit/distance_field/distance_field.h
[2706.569s] -- Symlinking: /home/a/ws_moveit2/install/moveit_core/include/moveit/distance_field/find_internal_points.h
[2706.584s] -- Symlinking: /home/a/ws_moveit2/install/moveit_core/include/moveit/distance_field/propagation_distance_field.h
[2706.597s] -- Symlinking: /home/a/ws_moveit2/install/moveit_core/include/moveit/distance_field/voxel_grid.h
[2706.613s] -- Symlinking: /home/a/ws_moveit2/install/moveit_core/include/moveit/dynamics_solver/dynamics_solver.h
[2706.634s] -- Symlinking: /home/a/ws_moveit2/install/moveit_core/include/moveit/exceptions/exceptions.h
[2706.652s] -- Symlinking: /home/a/ws_moveit2/install/moveit_core/include/moveit/kinematics_base/kinematics_base.h
[2706.666s] -- Symlinking: /home/a/ws_moveit2/install/moveit_core/include/moveit_kinematics_base_export.h
[2706.682s] -- Symlinking: /home/a/ws_moveit2/install/moveit_core/include/moveit/kinematic_constraints/kinematic_constraint.h
[2706.695s] -- Symlinking: /home/a/ws_moveit2/install/moveit_core/include/moveit/kinematic_constraints/utils.h
[2706.713s] -- Symlinking: /home/a/ws_moveit2/install/moveit_core/include/moveit/kinematics_metrics/kinematics_metrics.h
[2706.737s] -- Symlinking: /home/a/ws_moveit2/install/moveit_core/include/moveit/macros/class_forward.h
[2706.755s] -- Symlinking: /home/a/ws_moveit2/install/moveit_core/include/moveit/macros/console_colors.h
[2706.777s] -- Symlinking: /home/a/ws_moveit2/install/moveit_core/include/moveit/macros/declare_ptr.h
[2706.798s] -- Symlinking: /home/a/ws_moveit2/install/moveit_core/include/moveit/macros/deprecation.h
[2706.819s] -- Symlinking: /home/a/ws_moveit2/install/moveit_core/include/moveit_core/moveit_butterworth_parameters.hpp
[2706.849s] -- Symlinking: /home/a/ws_moveit2/install/moveit_core/include/moveit/online_signal_smoothing/butterworth_filter.h
[2706.870s] -- Symlinking: /home/a/ws_moveit2/install/moveit_core/include/moveit/online_signal_smoothing/smoothing_base_class.h
[2706.884s] -- Symlinking: /home/a/ws_moveit2/install/moveit_core/include/moveit_smoothing_base_export.h
[2706.901s] -- Symlinking: /home/a/ws_moveit2/install/moveit_core/include/moveit_butterworth_filter_export.h
[2706.917s] -- Symlinking: /home/a/ws_moveit2/install/moveit_core/include/moveit/planning_interface/planning_interface.h
[2706.937s] -- Symlinking: /home/a/ws_moveit2/install/moveit_core/include/moveit/planning_interface/planning_request.h
[2706.959s] -- Symlinking: /home/a/ws_moveit2/install/moveit_core/include/moveit/planning_interface/planning_response.h
[2706.977s] -- Symlinking: /home/a/ws_moveit2/install/moveit_core/include/moveit/planning_request_adapter/planning_request_adapter.h
[2706.993s] -- Symlinking: /home/a/ws_moveit2/install/moveit_core/include/moveit/planning_scene/planning_scene.h
[2707.005s] -- Symlinking: /home/a/ws_moveit2/install/moveit_core/include/moveit_planning_scene_export.h
[2707.021s] -- Symlinking: /home/a/ws_moveit2/install/moveit_core/include/moveit/robot_model/aabb.h
[2707.042s] -- Symlinking: /home/a/ws_moveit2/install/moveit_core/include/moveit/robot_model/fixed_joint_model.h
[2707.053s] -- Symlinking: /home/a/ws_moveit2/install/moveit_core/include/moveit/robot_model/floating_joint_model.h
[2707.069s] -- Symlinking: /home/a/ws_moveit2/install/moveit_core/include/moveit/robot_model/joint_model.h
[2707.081s] -- Symlinking: /home/a/ws_moveit2/install/moveit_core/include/moveit/robot_model/joint_model_group.h
[2707.098s] -- Symlinking: /home/a/ws_moveit2/install/moveit_core/include/moveit/robot_model/link_model.h
[2707.110s] -- Symlinking: /home/a/ws_moveit2/install/moveit_core/include/moveit/robot_model/planar_joint_model.h
[2707.127s] -- Symlinking: /home/a/ws_moveit2/install/moveit_core/include/moveit/robot_model/prismatic_joint_model.h
[2707.145s] -- Symlinking: /home/a/ws_moveit2/install/moveit_core/include/moveit/robot_model/revolute_joint_model.h
[2707.162s] -- Symlinking: /home/a/ws_moveit2/install/moveit_core/include/moveit/robot_model/robot_model.h
[2707.175s] -- Symlinking: /home/a/ws_moveit2/install/moveit_core/include/moveit/robot_state/attached_body.h
[2707.191s] -- Symlinking: /home/a/ws_moveit2/install/moveit_core/include/moveit/robot_state/cartesian_interpolator.h
[2707.204s] -- Symlinking: /home/a/ws_moveit2/install/moveit_core/include/moveit/robot_state/conversions.h
[2707.220s] -- Symlinking: /home/a/ws_moveit2/install/moveit_core/include/moveit/robot_state/robot_state.h
[2707.238s] -- Symlinking: /home/a/ws_moveit2/install/moveit_core/include/moveit/robot_trajectory/robot_trajectory.h
[2707.261s] -- Symlinking: /home/a/ws_moveit2/install/moveit_core/include/moveit/sensor_manager/sensor_manager.h
[2707.274s] -- Symlinking: /home/a/ws_moveit2/install/moveit_core/include/moveit/trajectory_processing/iterative_spline_parameterization.h
[2707.291s] -- Symlinking: /home/a/ws_moveit2/install/moveit_core/include/moveit/trajectory_processing/iterative_time_parameterization.h
[2707.304s] -- Symlinking: /home/a/ws_moveit2/install/moveit_core/include/moveit/trajectory_processing/ruckig_traj_smoothing.h
[2707.319s] -- Symlinking: /home/a/ws_moveit2/install/moveit_core/include/moveit/trajectory_processing/time_optimal_trajectory_generation.h
[2707.346s] -- Symlinking: /home/a/ws_moveit2/install/moveit_core/include/moveit/trajectory_processing/time_parameterization.h
[2707.367s] -- Symlinking: /home/a/ws_moveit2/install/moveit_core/include/moveit/trajectory_processing/trajectory_tools.h
[2707.390s] -- Symlinking: /home/a/ws_moveit2/install/moveit_core/include/moveit/transforms/transforms.h
[2707.418s] -- Symlinking: /home/a/ws_moveit2/install/moveit_core/include/moveit/utils/lexical_casts.h
[2707.438s] -- Symlinking: /home/a/ws_moveit2/install/moveit_core/include/moveit/utils/message_checks.h
[2707.463s] -- Symlinking: /home/a/ws_moveit2/install/moveit_core/include/moveit/utils/moveit_error_code.h
[2707.476s] -- Symlinking: /home/a/ws_moveit2/install/moveit_core/include/moveit/utils/rclcpp_utils.h
[2707.492s] -- Symlinking: /home/a/ws_moveit2/install/moveit_core/include/moveit/utils/robot_model_test_utils.h
[2707.509s] -- Symlinking: /home/a/ws_moveit2/install/moveit_core/bin/moveit_version
[2707.534s] -- Symlinking: /home/a/ws_moveit2/install/moveit_core/include/moveit/collision_detection/allvalid/collision_detector_allocator_allvalid.h
[2707.549s] -- Symlinking: /home/a/ws_moveit2/install/moveit_core/include/moveit/collision_detection/allvalid/collision_env_allvalid.h
[2707.573s] -- Symlinking: /home/a/ws_moveit2/install/moveit_core/include/moveit/collision_detection/collision_common.h
[2707.585s] -- Symlinking: /home/a/ws_moveit2/install/moveit_core/include/moveit/collision_detection/collision_detector_allocator.h
[2707.600s] -- Symlinking: /home/a/ws_moveit2/install/moveit_core/include/moveit/collision_detection/collision_env.h
[2707.612s] -- Symlinking: /home/a/ws_moveit2/install/moveit_core/include/moveit/collision_detection/collision_matrix.h
[2707.627s] -- Symlinking: /home/a/ws_moveit2/install/moveit_core/include/moveit/collision_detection/collision_octomap_filter.h
[2707.650s] -- Symlinking: /home/a/ws_moveit2/install/moveit_core/include/moveit/collision_detection/collision_plugin.h
[2707.666s] -- Symlinking: /home/a/ws_moveit2/install/moveit_core/include/moveit/collision_detection/collision_plugin_cache.h
[2707.680s] -- Symlinking: /home/a/ws_moveit2/install/moveit_core/include/moveit/collision_detection/collision_tools.h
[2707.694s] -- Symlinking: /home/a/ws_moveit2/install/moveit_core/include/moveit/collision_detection/occupancy_map.h
[2707.708s] -- Symlinking: /home/a/ws_moveit2/install/moveit_core/include/moveit/collision_detection/test_collision_common_panda.h
[2707.722s] -- Symlinking: /home/a/ws_moveit2/install/moveit_core/include/moveit/collision_detection/test_collision_common_pr2.h
[2707.747s] -- Symlinking: /home/a/ws_moveit2/install/moveit_core/include/moveit/collision_detection/world.h
[2707.767s] -- Symlinking: /home/a/ws_moveit2/install/moveit_core/include/moveit/collision_detection/world_diff.h
[2707.780s] -- Symlinking: /home/a/ws_moveit2/install/moveit_core/include/moveit_collision_detection_export.h
[2707.799s] -- Symlinking: /home/a/ws_moveit2/install/moveit_core/include/moveit/collision_detection_bullet/bullet_integration/basic_types.h
[2707.812s] -- Symlinking: /home/a/ws_moveit2/install/moveit_core/include/moveit/collision_detection_bullet/bullet_integration/bullet_bvh_manager.h
[2707.828s] -- Symlinking: /home/a/ws_moveit2/install/moveit_core/include/moveit/collision_detection_bullet/bullet_integration/bullet_cast_bvh_manager.h
[2707.848s] -- Symlinking: /home/a/ws_moveit2/install/moveit_core/include/moveit/collision_detection_bullet/bullet_integration/bullet_discrete_bvh_manager.h
[2707.862s] -- Symlinking: /home/a/ws_moveit2/install/moveit_core/include/moveit/collision_detection_bullet/bullet_integration/bullet_utils.h
[2707.877s] -- Symlinking: /home/a/ws_moveit2/install/moveit_core/include/moveit/collision_detection_bullet/bullet_integration/contact_checker_common.h
[2707.890s] -- Symlinking: /home/a/ws_moveit2/install/moveit_core/include/moveit/collision_detection_bullet/bullet_integration/ros_bullet_utils.h
[2707.903s] -- Symlinking: /home/a/ws_moveit2/install/moveit_core/include/moveit/collision_detection_bullet/collision_detector_allocator_bullet.h
[2707.919s] -- Symlinking: /home/a/ws_moveit2/install/moveit_core/include/moveit/collision_detection_bullet/collision_detector_bullet_plugin_loader.h
[2707.940s] -- Symlinking: /home/a/ws_moveit2/install/moveit_core/include/moveit/collision_detection_bullet/collision_env_bullet.h
[2707.971s] -- Symlinking: /home/a/ws_moveit2/install/moveit_core/include/moveit_collision_detection_bullet_export.h
[2708.001s] -- Symlinking: /home/a/ws_moveit2/install/moveit_core/include/moveit/collision_detection_fcl/collision_common.h
[2708.017s] -- Symlinking: /home/a/ws_moveit2/install/moveit_core/include/moveit/collision_detection_fcl/collision_detector_allocator_fcl.h
[2708.033s] -- Symlinking: /home/a/ws_moveit2/install/moveit_core/include/moveit/collision_detection_fcl/collision_detector_fcl_plugin_loader.h
[2708.057s] -- Symlinking: /home/a/ws_moveit2/install/moveit_core/include/moveit/collision_detection_fcl/collision_env_fcl.h
[2708.069s] -- Symlinking: /home/a/ws_moveit2/install/moveit_core/include/moveit/collision_detection_fcl/fcl_compat.h
[2708.084s] -- Symlinking: /home/a/ws_moveit2/install/moveit_core/include/moveit_collision_detection_fcl_export.h
[2708.107s] -- Symlinking: /home/a/ws_moveit2/install/moveit_core/share/moveit_core/environment/library_path.sh
[2708.122s] -- Symlinking: /home/a/ws_moveit2/install/moveit_core/share/moveit_core/environment/library_path.dsv
[2708.147s] -- Symlinking: /home/a/ws_moveit2/install/moveit_core/share/moveit_core//collision_detector_fcl_description.xml
[2708.168s] -- Symlinking: /home/a/ws_moveit2/install/moveit_core/share/moveit_core//collision_detector_bullet_description.xml
[2708.181s] -- Symlinking: /home/a/ws_moveit2/install/moveit_core/share/moveit_core//filter_plugin_butterworth.xml
[2708.198s] -- Symlinking: /home/a/ws_moveit2/install/moveit_core/share/ament_index/resource_index/package_run_dependencies/moveit_core
[2708.216s] -- Symlinking: /home/a/ws_moveit2/install/moveit_core/share/ament_index/resource_index/parent_prefix_path/moveit_core
[2708.240s] -- Symlinking: /home/a/ws_moveit2/install/moveit_core/share/moveit_core/environment/ament_prefix_path.sh
[2708.266s] -- Symlinking: /home/a/ws_moveit2/install/moveit_core/share/moveit_core/environment/ament_prefix_path.dsv
[2708.279s] -- Symlinking: /home/a/ws_moveit2/install/moveit_core/share/moveit_core/environment/path.sh
[2708.296s] -- Symlinking: /home/a/ws_moveit2/install/moveit_core/share/moveit_core/environment/path.dsv
[2708.308s] -- Symlinking: /home/a/ws_moveit2/install/moveit_core/share/moveit_core/local_setup.bash
[2708.323s] -- Symlinking: /home/a/ws_moveit2/install/moveit_core/share/moveit_core/local_setup.sh
[2708.343s] -- Symlinking: /home/a/ws_moveit2/install/moveit_core/share/moveit_core/local_setup.zsh
[2708.367s] -- Symlinking: /home/a/ws_moveit2/install/moveit_core/share/moveit_core/local_setup.dsv
[2708.380s] -- Symlinking: /home/a/ws_moveit2/install/moveit_core/share/moveit_core/package.dsv
[2708.396s] -- Symlinking: /home/a/ws_moveit2/install/moveit_core/share/ament_index/resource_index/packages/moveit_core
[2708.410s] -- Symlinking: /home/a/ws_moveit2/install/moveit_core/share/ament_index/resource_index/moveit_core__pluginlib__plugin/moveit_core
[2708.428s] -- Symlinking: /home/a/ws_moveit2/install/moveit_core/share/moveit_core/cmake/ConfigExtras.cmake
[2708.443s] -- Symlinking: /home/a/ws_moveit2/install/moveit_core/share/moveit_core/cmake/ament_cmake_export_targets-extras.cmake
[2708.464s] -- Symlinking: /home/a/ws_moveit2/install/moveit_core/share/moveit_core/cmake/ament_cmake_export_dependencies-extras.cmake
[2708.481s] -- Symlinking: /home/a/ws_moveit2/install/moveit_core/share/moveit_core/cmake/moveit_coreConfig.cmake
[2708.495s] -- Symlinking: /home/a/ws_moveit2/install/moveit_core/share/moveit_core/cmake/moveit_coreConfig-version.cmake
[2708.510s] -- Symlinking: /home/a/ws_moveit2/install/moveit_core/share/moveit_core/package.xml
[2708.599s] -- Installing: /home/a/ws_moveit2/install/moveit_core/lib/libcollision_detector_bullet_plugin.so.2.5.9
[2708.633s] -- Set non-toolchain portion of runtime path of "/home/a/ws_moveit2/install/moveit_core/lib/libcollision_detector_bullet_plugin.so.2.5.9" to ""
[2708.634s] -- Installing: /home/a/ws_moveit2/install/moveit_core/lib/libcollision_detector_bullet_plugin.so
[2708.634s] -- Installing: /home/a/ws_moveit2/install/moveit_core/lib/libmoveit_butterworth_filter.so.2.5.9
[2708.915s] -- Set non-toolchain portion of runtime path of "/home/a/ws_moveit2/install/moveit_core/lib/libmoveit_butterworth_filter.so.2.5.9" to ""
[2708.916s] -- Installing: /home/a/ws_moveit2/install/moveit_core/lib/libmoveit_butterworth_filter.so
[2708.916s] -- Installing: /home/a/ws_moveit2/install/moveit_core/lib/libmoveit_collision_distance_field.so.2.5.9
[2708.993s] -- Set non-toolchain portion of runtime path of "/home/a/ws_moveit2/install/moveit_core/lib/libmoveit_collision_distance_field.so.2.5.9" to ""
[2708.993s] -- Installing: /home/a/ws_moveit2/install/moveit_core/lib/libmoveit_collision_distance_field.so
[2708.993s] -- Installing: /home/a/ws_moveit2/install/moveit_core/lib/libmoveit_collision_detection.so.2.5.9
[2710.745s] -- Set non-toolchain portion of runtime path of "/home/a/ws_moveit2/install/moveit_core/lib/libmoveit_collision_detection.so.2.5.9" to ""
[2710.745s] -- Installing: /home/a/ws_moveit2/install/moveit_core/lib/libmoveit_collision_detection.so
[2710.746s] -- Installing: /home/a/ws_moveit2/install/moveit_core/lib/libmoveit_collision_detection_fcl.so.2.5.9
[2711.585s] -- Set non-toolchain portion of runtime path of "/home/a/ws_moveit2/install/moveit_core/lib/libmoveit_collision_detection_fcl.so.2.5.9" to ""
[2711.585s] -- Installing: /home/a/ws_moveit2/install/moveit_core/lib/libmoveit_collision_detection_fcl.so
[2711.586s] -- Installing: /home/a/ws_moveit2/install/moveit_core/lib/libmoveit_collision_detection_bullet.so.2.5.9
[2712.486s] -- Set non-toolchain portion of runtime path of "/home/a/ws_moveit2/install/moveit_core/lib/libmoveit_collision_detection_bullet.so.2.5.9" to ""
[2712.486s] -- Installing: /home/a/ws_moveit2/install/moveit_core/lib/libmoveit_collision_detection_bullet.so
[2712.488s] -- Installing: /home/a/ws_moveit2/install/moveit_core/lib/libmoveit_dynamics_solver.so.2.5.9
[2713.086s] -- Set non-toolchain portion of runtime path of "/home/a/ws_moveit2/install/moveit_core/lib/libmoveit_dynamics_solver.so.2.5.9" to ""
[2713.086s] -- Installing: /home/a/ws_moveit2/install/moveit_core/lib/libmoveit_dynamics_solver.so
[2713.087s] -- Installing: /home/a/ws_moveit2/install/moveit_core/lib/libmoveit_constraint_samplers.so.2.5.9
[2713.182s] -- Set non-toolchain portion of runtime path of "/home/a/ws_moveit2/install/moveit_core/lib/libmoveit_constraint_samplers.so.2.5.9" to ""
[2713.183s] -- Installing: /home/a/ws_moveit2/install/moveit_core/lib/libmoveit_constraint_samplers.so
[2713.183s] -- Installing: /home/a/ws_moveit2/install/moveit_core/lib/libmoveit_distance_field.so.2.5.9
[2713.559s] -- Set non-toolchain portion of runtime path of "/home/a/ws_moveit2/install/moveit_core/lib/libmoveit_distance_field.so.2.5.9" to ""
[2713.560s] -- Installing: /home/a/ws_moveit2/install/moveit_core/lib/libmoveit_distance_field.so
[2713.561s] -- Installing: /home/a/ws_moveit2/install/moveit_core/lib/libmoveit_exceptions.so.2.5.9
[2713.568s] -- Set non-toolchain portion of runtime path of "/home/a/ws_moveit2/install/moveit_core/lib/libmoveit_exceptions.so.2.5.9" to ""
[2713.569s] -- Installing: /home/a/ws_moveit2/install/moveit_core/lib/libmoveit_exceptions.so
[2713.572s] -- Installing: /home/a/ws_moveit2/install/moveit_core/lib/libmoveit_kinematics_base.so
[2713.770s] -- Set non-toolchain portion of runtime path of "/home/a/ws_moveit2/install/moveit_core/lib/libmoveit_kinematics_base.so" to ""
[2713.771s] -- Installing: /home/a/ws_moveit2/install/moveit_core/lib/libmoveit_kinematic_constraints.so.2.5.9
[2713.974s] -- Set non-toolchain portion of runtime path of "/home/a/ws_moveit2/install/moveit_core/lib/libmoveit_kinematic_constraints.so.2.5.9" to ""
[2713.976s] -- Installing: /home/a/ws_moveit2/install/moveit_core/lib/libmoveit_kinematic_constraints.so
[2713.977s] -- Installing: /home/a/ws_moveit2/install/moveit_core/lib/libmoveit_kinematics_metrics.so.2.5.9
[2715.796s] -- Set non-toolchain portion of runtime path of "/home/a/ws_moveit2/install/moveit_core/lib/libmoveit_kinematics_metrics.so.2.5.9" to ""
[2715.827s] -- Installing: /home/a/ws_moveit2/install/moveit_core/lib/libmoveit_kinematics_metrics.so
[2715.828s] -- Installing: /home/a/ws_moveit2/install/moveit_core/lib/libmoveit_planning_interface.so.2.5.9
[2715.933s] -- Set non-toolchain portion of runtime path of "/home/a/ws_moveit2/install/moveit_core/lib/libmoveit_planning_interface.so.2.5.9" to ""
[2715.934s] -- Installing: /home/a/ws_moveit2/install/moveit_core/lib/libmoveit_planning_interface.so
[2715.935s] -- Installing: /home/a/ws_moveit2/install/moveit_core/lib/libmoveit_planning_scene.so.2.5.9
[2716.013s] -- Set non-toolchain portion of runtime path of "/home/a/ws_moveit2/install/moveit_core/lib/libmoveit_planning_scene.so.2.5.9" to ""
[2716.029s] -- Installing: /home/a/ws_moveit2/install/moveit_core/lib/libmoveit_planning_scene.so
[2716.030s] -- Installing: /home/a/ws_moveit2/install/moveit_core/lib/libmoveit_planning_request_adapter.so.2.5.9
[2716.059s] -- Set non-toolchain portion of runtime path of "/home/a/ws_moveit2/install/moveit_core/lib/libmoveit_planning_request_adapter.so.2.5.9" to ""
[2716.061s] -- Installing: /home/a/ws_moveit2/install/moveit_core/lib/libmoveit_planning_request_adapter.so
[2716.062s] -- Installing: /home/a/ws_moveit2/install/moveit_core/lib/libmoveit_robot_model.so.2.5.9
[2718.238s] -- Set non-toolchain portion of runtime path of "/home/a/ws_moveit2/install/moveit_core/lib/libmoveit_robot_model.so.2.5.9" to ""
[2718.239s] -- Installing: /home/a/ws_moveit2/install/moveit_core/lib/libmoveit_robot_model.so
[2718.240s] -- Installing: /home/a/ws_moveit2/install/moveit_core/lib/libmoveit_robot_state.so.2.5.9
[2721.595s] -- Set non-toolchain portion of runtime path of "/home/a/ws_moveit2/install/moveit_core/lib/libmoveit_robot_state.so.2.5.9" to ""
[2721.595s] -- Installing: /home/a/ws_moveit2/install/moveit_core/lib/libmoveit_robot_state.so
[2721.595s] -- Installing: /home/a/ws_moveit2/install/moveit_core/lib/libmoveit_robot_trajectory.so.2.5.9
[2722.460s] -- Set non-toolchain portion of runtime path of "/home/a/ws_moveit2/install/moveit_core/lib/libmoveit_robot_trajectory.so.2.5.9" to ""
[2722.460s] -- Installing: /home/a/ws_moveit2/install/moveit_core/lib/libmoveit_robot_trajectory.so
[2722.462s] -- Installing: /home/a/ws_moveit2/install/moveit_core/lib/libmoveit_smoothing_base.so.2.5.9
[2722.490s] -- Set non-toolchain portion of runtime path of "/home/a/ws_moveit2/install/moveit_core/lib/libmoveit_smoothing_base.so.2.5.9" to ""
[2722.490s] -- Installing: /home/a/ws_moveit2/install/moveit_core/lib/libmoveit_smoothing_base.so
[2722.497s] -- Installing: /home/a/ws_moveit2/install/moveit_core/lib/libmoveit_test_utils.so.2.5.9
[2723.333s] -- Set non-toolchain portion of runtime path of "/home/a/ws_moveit2/install/moveit_core/lib/libmoveit_test_utils.so.2.5.9" to ""
[2723.333s] -- Installing: /home/a/ws_moveit2/install/moveit_core/lib/libmoveit_test_utils.so
[2723.334s] -- Installing: /home/a/ws_moveit2/install/moveit_core/lib/libmoveit_trajectory_processing.so.2.5.9
[2723.475s] -- Set non-toolchain portion of runtime path of "/home/a/ws_moveit2/install/moveit_core/lib/libmoveit_trajectory_processing.so.2.5.9" to ""
[2723.476s] -- Installing: /home/a/ws_moveit2/install/moveit_core/lib/libmoveit_trajectory_processing.so
[2723.476s] -- Installing: /home/a/ws_moveit2/install/moveit_core/lib/libmoveit_transforms.so.2.5.9
[2723.870s] -- Set non-toolchain portion of runtime path of "/home/a/ws_moveit2/install/moveit_core/lib/libmoveit_transforms.so.2.5.9" to ""
[2723.870s] -- Installing: /home/a/ws_moveit2/install/moveit_core/lib/libmoveit_transforms.so
[2723.872s] -- Installing: /home/a/ws_moveit2/install/moveit_core/lib/libmoveit_utils.so.2.5.9
[2723.897s] -- Set non-toolchain portion of runtime path of "/home/a/ws_moveit2/install/moveit_core/lib/libmoveit_utils.so.2.5.9" to ""
[2723.897s] -- Installing: /home/a/ws_moveit2/install/moveit_core/lib/libmoveit_utils.so
[2723.900s] -- Installing: /home/a/ws_moveit2/install/moveit_core/share/moveit_core/cmake/export_moveit_coreExport.cmake
[2723.903s] -- Installing: /home/a/ws_moveit2/install/moveit_core/share/moveit_core/cmake/export_moveit_coreExport-debug.cmake
[2723.923s] Invoked command in '/home/a/ws_moveit2/build/moveit_core' returned '0': CMAKE_PREFIX_PATH=/home/a/ws_moveit2/install/moveit_resources_panda_moveit_config:/home/a/ws_moveit2/install/srdfdom:/home/a/ws_moveit2/install/moveit_resources_pr2_description:/home/a/ws_moveit2/install/moveit_resources_panda_description:/home/a/ws_moveit2/install/moveit_common:/home/a/ws_moveit2/install/hello_moveit:/home/a/ws_moveit2/install/pilz_industrial_motion_planner_testutils:/home/a/ws_moveit2/install/moveit_runtime:/home/a/ws_moveit2/install/moveit2_tutorials:/home/a/ws_moveit2/install/moveit:/home/a/ws_moveit2/install/moveit_planners:/home/a/ws_moveit2/install/pilz_industrial_motion_planner:/home/a/ws_moveit2/install/moveit_visual_tools:/home/a/ws_moveit2/install/moveit_task_constructor_visualization:/home/a/ws_moveit2/install/moveit_task_constructor_demo:/home/a/ws_moveit2/install/moveit_task_constructor_capabilities:/home/a/ws_moveit2/install/moveit_task_constructor_core:/home/a/ws_moveit2/install/moveit_ros_control_interface:/home/a/ws_moveit2/install/moveit_plugins:/home/a/ws_moveit2/install/moveit_simple_controller_manager:/home/a/ws_moveit2/install/moveit_setup_assistant:/home/a/ws_moveit2/install/moveit_setup_srdf_plugins:/home/a/ws_moveit2/install/moveit_setup_core_plugins:/home/a/ws_moveit2/install/moveit_setup_controllers:/home/a/ws_moveit2/install/moveit_setup_app_plugins:/home/a/ws_moveit2/install/moveit_setup_framework:/home/a/ws_moveit2/install/moveit_servo:/home/a/ws_moveit2/install/moveit_ros:/home/a/ws_moveit2/install/moveit_ros_visualization:/home/a/ws_moveit2/install/moveit_hybrid_planning:/home/a/ws_moveit2/install/moveit_ros_planning_interface:/home/a/ws_moveit2/install/moveit_ros_benchmarks:/home/a/ws_moveit2/install/moveit_ros_warehouse:/home/a/ws_moveit2/install/moveit_ros_robot_interaction:/home/a/ws_moveit2/install/moveit_ros_perception:/home/a/ws_moveit2/install/moveit_resources_prbt_pg70_support:/home/a/ws_moveit2/install/moveit_resources_prbt_moveit_config:/home/a/ws_moveit2/install/moveit_ros_move_group:/home/a/ws_moveit2/install/moveit_planners_ompl:/home/a/ws_moveit2/install/moveit_ros_planning:/home/a/ws_moveit2/install/moveit_ros_occupancy_map_monitor:/home/a/ws_moveit2/install/moveit_resources_prbt_ikfast_manipulator_plugin:/home/a/ws_moveit2/install/moveit_planners_chomp:/home/a/ws_moveit2/install/moveit_kinematics:/home/a/ws_moveit2/install/moveit_chomp_optimizer_adapter:/home/a/ws_moveit2/install/chomp_motion_planner:/home/a/ws_moveit2/install/moveit_core:/home/a/ws_moveit2/install/rviz_marker_tools:/home/a/ws_moveit2/install/rosparam_shortcuts:/home/a/ws_moveit2/install/moveit_task_constructor_msgs:/home/a/ws_moveit2/install/moveit_resources_prbt_support:/home/a/ws_moveit2/install/moveit_resources:/home/a/ws_moveit2/install/moveit_resources_fanuc_moveit_config:/home/a/ws_moveit2/install/moveit_resources_fanuc_description:/home/a/ws_moveit2/install/moveit_configs_utils:/home/a/ws_moveit2/install/launch_param_builder:/opt/ros/humble LD_LIBRARY_PATH=/home/a/ws_moveit2/install/srdfdom/lib:/home/a/ws_moveit2/install/pilz_industrial_motion_planner_testutils/lib:/home/a/ws_moveit2/install/pilz_industrial_motion_planner/lib:/home/a/ws_moveit2/install/moveit_visual_tools/lib:/home/a/ws_moveit2/install/moveit_task_constructor_visualization/lib:/home/a/ws_moveit2/install/moveit_task_constructor_demo/lib:/home/a/ws_moveit2/install/moveit_task_constructor_capabilities/lib:/home/a/ws_moveit2/install/moveit_task_constructor_core/lib:/home/a/ws_moveit2/install/moveit_ros_control_interface/lib:/home/a/ws_moveit2/install/moveit_simple_controller_manager/lib:/home/a/ws_moveit2/install/moveit_setup_assistant/lib:/home/a/ws_moveit2/install/moveit_setup_srdf_plugins/lib:/home/a/ws_moveit2/install/moveit_setup_core_plugins/lib:/home/a/ws_moveit2/install/moveit_setup_controllers/lib:/home/a/ws_moveit2/install/moveit_setup_app_plugins/lib:/home/a/ws_moveit2/install/moveit_setup_framework/lib:/home/a/ws_moveit2/install/moveit_servo/lib:/home/a/ws_moveit2/install/moveit_ros_visualization/lib:/home/a/ws_moveit2/install/moveit_hybrid_planning/lib:/home/a/ws_moveit2/install/moveit_ros_planning_interface/lib:/home/a/ws_moveit2/install/moveit_ros_benchmarks/lib:/home/a/ws_moveit2/install/moveit_ros_warehouse/lib:/home/a/ws_moveit2/install/moveit_ros_robot_interaction/lib:/home/a/ws_moveit2/install/moveit_ros_perception/lib:/home/a/ws_moveit2/install/moveit_ros_move_group/lib:/home/a/ws_moveit2/install/moveit_planners_ompl/lib:/home/a/ws_moveit2/install/moveit_ros_planning/lib:/home/a/ws_moveit2/install/moveit_ros_occupancy_map_monitor/lib:/home/a/ws_moveit2/install/moveit_resources_prbt_ikfast_manipulator_plugin/lib:/home/a/ws_moveit2/install/moveit_planners_chomp/lib:/home/a/ws_moveit2/install/moveit_kinematics/lib:/home/a/ws_moveit2/install/moveit_chomp_optimizer_adapter/lib:/home/a/ws_moveit2/install/chomp_motion_planner/lib:/home/a/ws_moveit2/install/moveit_core/lib:/home/a/ws_moveit2/install/rviz_marker_tools/lib:/home/a/ws_moveit2/install/rosparam_shortcuts/lib:/home/a/ws_moveit2/install/moveit_task_constructor_msgs/lib:/opt/ros/humble/opt/rviz_ogre_vendor/lib:/opt/ros/humble/lib/x86_64-linux-gnu:/opt/ros/humble/lib /opt/st/stm32cubeclt_1.17.0/CMake/bin/cmake --install /home/a/ws_moveit2/build/moveit_core
