[0.016s] Invoking command in '/home/a/ws_moveit2/src/robot_config/build/robot_config': CMAKE_PREFIX_PATH=/opt/ros/humble /usr/bin/cmake --build /home/a/ws_moveit2/src/robot_config/build/robot_config -- -j22 -l22
[0.101s] [ 33%] Built target dual_arm_servo_controller
[0.101s] [ 66%] Built target pose_command_publisher
[0.102s] Consolidate compiler generated dependencies of target move_to_pose_dual_cpp
[0.136s] [ 83%] Building CXX object CMakeFiles/move_to_pose_dual_cpp.dir/src/move_to_pose_dual_cpp.cpp.o
[23.916s] [100%] Linking CXX executable move_to_pose_dual_cpp
[25.037s] [100%] Built target move_to_pose_dual_cpp
[25.050s] Invoked command in '/home/a/ws_moveit2/src/robot_config/build/robot_config' returned '0': CMAKE_PREFIX_PATH=/opt/ros/humble /usr/bin/cmake --build /home/a/ws_moveit2/src/robot_config/build/robot_config -- -j22 -l22
[25.062s] Invoking command in '/home/a/ws_moveit2/src/robot_config/build/robot_config': CMAKE_PREFIX_PATH=/opt/ros/humble /usr/bin/cmake --install /home/a/ws_moveit2/src/robot_config/build/robot_config
[25.069s] -- Install configuration: ""
[25.069s] -- Up-to-date: /home/a/ws_moveit2/src/robot_config/install/robot_config/share/robot_config/launch
[25.069s] -- Up-to-date: /home/a/ws_moveit2/src/robot_config/install/robot_config/share/robot_config/launch/spawn_controllers.launch.py
[25.069s] -- Up-to-date: /home/a/ws_moveit2/src/robot_config/install/robot_config/share/robot_config/launch/warehouse_db.launch.py
[25.069s] -- Installing: /home/a/ws_moveit2/src/robot_config/install/robot_config/share/robot_config/launch/dual_arm_demo.launch.py
[25.069s] -- Up-to-date: /home/a/ws_moveit2/src/robot_config/install/robot_config/share/robot_config/launch/moveit_rviz.launch.py
[25.069s] -- Up-to-date: /home/a/ws_moveit2/src/robot_config/install/robot_config/share/robot_config/launch/rsp.launch.py
[25.069s] -- Up-to-date: /home/a/ws_moveit2/src/robot_config/install/robot_config/share/robot_config/launch/move_group.launch.py
[25.070s] -- Up-to-date: /home/a/ws_moveit2/src/robot_config/install/robot_config/share/robot_config/launch/static_virtual_joint_tfs.launch.py
[25.070s] -- Up-to-date: /home/a/ws_moveit2/src/robot_config/install/robot_config/share/robot_config/launch/setup_assistant.launch.py
[25.070s] -- Up-to-date: /home/a/ws_moveit2/src/robot_config/install/robot_config/share/robot_config/config
[25.070s] -- Up-to-date: /home/a/ws_moveit2/src/robot_config/install/robot_config/share/robot_config/config/ompl_planning.yaml
[25.070s] -- Up-to-date: /home/a/ws_moveit2/src/robot_config/install/robot_config/share/robot_config/config/dual_arm_realtime_control.yaml
[25.070s] -- Up-to-date: /home/a/ws_moveit2/src/robot_config/install/robot_config/share/robot_config/config/dual_arm.srdf
[25.070s] -- Installing: /home/a/ws_moveit2/src/robot_config/install/robot_config/share/robot_config/config/dual_arm_controllers.yaml
[25.070s] -- Up-to-date: /home/a/ws_moveit2/src/robot_config/install/robot_config/share/robot_config/config/pilz_cartesian_limits.yaml
[25.070s] -- Up-to-date: /home/a/ws_moveit2/src/robot_config/install/robot_config/share/robot_config/config/dual_arm_joint_limits.yaml
[25.070s] -- Up-to-date: /home/a/ws_moveit2/src/robot_config/install/robot_config/share/robot_config/config/0525_arm.urdf.xacro.bak
[25.070s] -- Up-to-date: /home/a/ws_moveit2/src/robot_config/install/robot_config/share/robot_config/config/right_initial_positions.yaml
[25.070s] -- Up-to-date: /home/a/ws_moveit2/src/robot_config/install/robot_config/share/robot_config/config/kinematics.yaml
[25.070s] -- Installing: /home/a/ws_moveit2/src/robot_config/install/robot_config/share/robot_config/config/dual_arm_kinematics.yaml
[25.070s] -- Up-to-date: /home/a/ws_moveit2/src/robot_config/install/robot_config/share/robot_config/config/dual_arm_gazebo.urdf.xacro
[25.070s] -- Up-to-date: /home/a/ws_moveit2/src/robot_config/install/robot_config/share/robot_config/config/ros2_controllers.yaml
[25.070s] -- Up-to-date: /home/a/ws_moveit2/src/robot_config/install/robot_config/share/robot_config/config/0525_arm.urdf.xacro
[25.070s] -- Up-to-date: /home/a/ws_moveit2/src/robot_config/install/robot_config/share/robot_config/config/dual_arm_moveit_controllers.yaml
[25.070s] -- Up-to-date: /home/a/ws_moveit2/src/robot_config/install/robot_config/share/robot_config/config/dual_arm_ompl_planning.yaml
[25.071s] -- Up-to-date: /home/a/ws_moveit2/src/robot_config/install/robot_config/share/robot_config/config/dual_arm.urdf
[25.071s] -- Up-to-date: /home/a/ws_moveit2/src/robot_config/install/robot_config/share/robot_config/config/0525_arm.ros2_control.xacro
[25.071s] -- Up-to-date: /home/a/ws_moveit2/src/robot_config/install/robot_config/share/robot_config/config/joint_limits.yaml
[25.071s] -- Up-to-date: /home/a/ws_moveit2/src/robot_config/install/robot_config/share/robot_config/config/pilz_planning.yaml
[25.071s] -- Up-to-date: /home/a/ws_moveit2/src/robot_config/install/robot_config/share/robot_config/config/dual_arm_gazebo_controllers.yaml
[25.071s] -- Up-to-date: /home/a/ws_moveit2/src/robot_config/install/robot_config/share/robot_config/config/left_initial_positions.yaml
[25.071s] -- Up-to-date: /home/a/ws_moveit2/src/robot_config/install/robot_config/share/robot_config/config/0525_arm.srdf
[25.071s] -- Up-to-date: /home/a/ws_moveit2/src/robot_config/install/robot_config/share/robot_config/config/moveit_controllers.yaml
[25.071s] -- Up-to-date: /home/a/ws_moveit2/src/robot_config/install/robot_config/share/robot_config/config/servo.yaml
[25.071s] -- Up-to-date: /home/a/ws_moveit2/src/robot_config/install/robot_config/share/robot_config/config/moveit.rviz
[25.071s] -- Up-to-date: /home/a/ws_moveit2/src/robot_config/install/robot_config/share/robot_config/config/stomp_planning.yaml
[25.071s] -- Up-to-date: /home/a/ws_moveit2/src/robot_config/install/robot_config/share/robot_config/config/dual_arm.urdf.xacro
[25.071s] -- Up-to-date: /home/a/ws_moveit2/src/robot_config/install/robot_config/share/robot_config/config/chomp_planning.yaml
[25.071s] -- Up-to-date: /home/a/ws_moveit2/src/robot_config/install/robot_config/share/robot_config/config/pose_commands.yaml
[25.071s] -- Up-to-date: /home/a/ws_moveit2/src/robot_config/install/robot_config/share/robot_config/config/initial_positions.yaml
[25.071s] -- Up-to-date: /home/a/ws_moveit2/src/robot_config/install/robot_config/share/robot_config/path
[25.071s] -- Up-to-date: /home/a/ws_moveit2/src/robot_config/install/robot_config/share/robot_config/.setup_assistant
[25.071s] -- Up-to-date: /home/a/ws_moveit2/src/robot_config/install/robot_config/lib/robot_config/publish_collision_mesh.py
[25.071s] -- Up-to-date: /home/a/ws_moveit2/src/robot_config/install/robot_config/lib/robot_config/target_pose_router.py
[25.071s] -- Installing: /home/a/ws_moveit2/src/robot_config/install/robot_config/lib/robot_config/move_to_pose_dual_cpp
[25.077s] -- Set runtime path of "/home/a/ws_moveit2/src/robot_config/install/robot_config/lib/robot_config/move_to_pose_dual_cpp" to ""
[25.077s] -- Up-to-date: /home/a/ws_moveit2/src/robot_config/install/robot_config/lib/robot_config/pose_command_publisher
[25.077s] -- Up-to-date: /home/a/ws_moveit2/src/robot_config/install/robot_config/lib/robot_config/dual_arm_servo_controller
[25.078s] -- Up-to-date: /home/a/ws_moveit2/src/robot_config/install/robot_config/share/ament_index/resource_index/package_run_dependencies/robot_config
[25.078s] -- Up-to-date: /home/a/ws_moveit2/src/robot_config/install/robot_config/share/ament_index/resource_index/parent_prefix_path/robot_config
[25.078s] -- Up-to-date: /home/a/ws_moveit2/src/robot_config/install/robot_config/share/robot_config/environment/ament_prefix_path.sh
[25.078s] -- Up-to-date: /home/a/ws_moveit2/src/robot_config/install/robot_config/share/robot_config/environment/ament_prefix_path.dsv
[25.078s] -- Up-to-date: /home/a/ws_moveit2/src/robot_config/install/robot_config/share/robot_config/environment/path.sh
[25.078s] -- Up-to-date: /home/a/ws_moveit2/src/robot_config/install/robot_config/share/robot_config/environment/path.dsv
[25.078s] -- Up-to-date: /home/a/ws_moveit2/src/robot_config/install/robot_config/share/robot_config/local_setup.bash
[25.078s] -- Up-to-date: /home/a/ws_moveit2/src/robot_config/install/robot_config/share/robot_config/local_setup.sh
[25.078s] -- Up-to-date: /home/a/ws_moveit2/src/robot_config/install/robot_config/share/robot_config/local_setup.zsh
[25.078s] -- Up-to-date: /home/a/ws_moveit2/src/robot_config/install/robot_config/share/robot_config/local_setup.dsv
[25.078s] -- Installing: /home/a/ws_moveit2/src/robot_config/install/robot_config/share/robot_config/package.dsv
[25.078s] -- Up-to-date: /home/a/ws_moveit2/src/robot_config/install/robot_config/share/ament_index/resource_index/packages/robot_config
[25.078s] -- Up-to-date: /home/a/ws_moveit2/src/robot_config/install/robot_config/share/robot_config/cmake/ament_cmake_export_dependencies-extras.cmake
[25.078s] -- Up-to-date: /home/a/ws_moveit2/src/robot_config/install/robot_config/share/robot_config/cmake/robot_configConfig.cmake
[25.079s] -- Up-to-date: /home/a/ws_moveit2/src/robot_config/install/robot_config/share/robot_config/cmake/robot_configConfig-version.cmake
[25.079s] -- Up-to-date: /home/a/ws_moveit2/src/robot_config/install/robot_config/share/robot_config/package.xml
[25.080s] Invoked command in '/home/a/ws_moveit2/src/robot_config/build/robot_config' returned '0': CMAKE_PREFIX_PATH=/opt/ros/humble /usr/bin/cmake --install /home/a/ws_moveit2/src/robot_config/build/robot_config
