[0.202s] Invoking command in '/home/a/ws_moveit2/build/catch_unity_field_description': CMAKE_PREFIX_PATH=/opt/ros/humble /usr/bin/cmake /home/a/ws_moveit2/src/catch_unity/Assets/catch_unity/field -DCMAKE_INSTALL_PREFIX=/home/a/ws_moveit2/install/catch_unity_field_description
[0.963s] -- The C compiler identification is GNU 11.4.0
[0.963s] -- The CXX compiler identification is GNU 11.4.0
[0.963s] -- Detecting C compiler ABI info
[0.963s] -- Detecting C compiler ABI info - done
[0.963s] -- Check for working C compiler: /usr/bin/cc - skipped
[0.963s] -- Detecting C compile features
[0.963s] -- Detecting C compile features - done
[0.963s] -- Detecting CXX compiler ABI info
[0.963s] -- Detecting CXX compiler ABI info - done
[0.963s] -- Check for working CXX compiler: /usr/bin/c++ - skipped
[0.963s] -- Detecting CXX compile features
[0.963s] -- Detecting CXX compile features - done
[0.963s] -- Found ament_cmake: 1.3.12 (/opt/ros/humble/share/ament_cmake/cmake)
[0.963s] -- Found Python3: /usr/bin/python3 (found version "3.10.12") found components: Interpreter 
[0.963s] -- Found urdf: 2.6.1 (/opt/ros/humble/share/urdf/cmake)
[0.964s] -- Configuring incomplete, errors occurred!
[0.964s] See also "/home/a/ws_moveit2/build/catch_unity_field_description/CMakeFiles/CMakeOutput.log".
[0.964s] [31mCMake Error at /opt/ros/humble/share/ament_cmake_core/cmake/core/ament_package_xml.cmake:53 (message):
[0.964s]   ament_package_xml() package name 'catch_unity_field_description' in
[0.964s]   '/package.xml' does not match current PROJECT_NAME 'field_description'.
[0.964s]   You must call project() with the same package name before.
[0.964s] Call Stack (most recent call first):
[0.964s]   /opt/ros/humble/share/ament_cmake_core/cmake/core/ament_package.cmake:63 (ament_package_xml)
[0.964s]   CMakeLists.txt:31 (ament_package)
[0.964s] 
[0.964s] [0m
[1.009s] Invoked command in '/home/a/ws_moveit2/build/catch_unity_field_description' returned '1': CMAKE_PREFIX_PATH=/opt/ros/humble /usr/bin/cmake /home/a/ws_moveit2/src/catch_unity/Assets/catch_unity/field -DCMAKE_INSTALL_PREFIX=/home/a/ws_moveit2/install/catch_unity_field_description
