-- The C compiler identification is GNU 11.4.0
-- The CXX compiler identification is GNU 11.4.0
-- Detecting C compiler ABI info
-- Detecting C compiler ABI info - done
-- Check for working C compiler: /usr/bin/cc - skipped
-- Detecting C compile features
-- Detecting C compile features - done
-- Detecting CXX compiler ABI info
-- Detecting CXX compiler ABI info - done
-- Check for working CXX compiler: /usr/bin/c++ - skipped
-- Detecting CXX compile features
-- Detecting CXX compile features - done
-- Found ament_cmake: 1.3.12 (/opt/ros/humble/share/ament_cmake/cmake)
-- Found Python3: /usr/bin/python3 (found version "3.10.12") found components: Interpreter 
-- Found rclcpp: 16.0.14 (/opt/ros/humble/share/rclcpp/cmake)
-- Found rosidl_generator_c: 3.1.7 (/opt/ros/humble/share/rosidl_generator_c/cmake)
-- Found rosidl_adapter: 3.1.7 (/opt/ros/humble/share/rosidl_adapter/cmake)
-- Found rosidl_generator_cpp: 3.1.7 (/opt/ros/humble/share/rosidl_generator_cpp/cmake)
-- Using all available rosidl_typesupport_c: rosidl_typesupport_fastrtps_c;rosidl_typesupport_introspection_c
-- Using all available rosidl_typesupport_cpp: rosidl_typesupport_fastrtps_cpp;rosidl_typesupport_introspection_cpp
-- Found rmw_implementation_cmake: 6.1.2 (/opt/ros/humble/share/rmw_implementation_cmake/cmake)
-- Found rmw_fastrtps_cpp: 6.2.8 (/opt/ros/humble/share/rmw_fastrtps_cpp/cmake)
-- Found OpenSSL: /usr/lib/x86_64-linux-gnu/libcrypto.so (found version "3.0.2")  
-- Found FastRTPS: /opt/ros/humble/include  
-- Using RMW implementation 'rmw_fastrtps_cpp' as default
-- Performing Test CMAKE_HAVE_LIBC_PTHREAD
-- Performing Test CMAKE_HAVE_LIBC_PTHREAD - Success
-- Found Threads: TRUE  
-- Found moveit_servo: 2.5.9 (/home/a/ws_moveit2/install/moveit_servo/share/moveit_servo/cmake)
-- Found Boost: /usr/lib/x86_64-linux-gnu/cmake/Boost-1.74.0/BoostConfig.cmake (found version "1.74.0") found components: chrono date_time filesystem iostreams program_options regex serialization system thread 
-- Found Boost: /usr/lib/x86_64-linux-gnu/cmake/Boost-1.74.0/BoostConfig.cmake (found version "1.74.0") found components: filesystem 
-- library: /usr/lib/x86_64-linux-gnu/libcurl.so
-- Found Eigen3: TRUE (found version "3.4.0") 
-- Ensuring Eigen3 include directory is part of orocos-kdl CMake target
-- Found Boost: /usr/lib/x86_64-linux-gnu/cmake/Boost-1.74.0/BoostConfig.cmake (found version "1.74.0") found components: system filesystem date_time program_options thread chrono 
-- Configuring done (10.7s)
-- Generating done (0.1s)
-- Build files have been written to: /home/a/ws_moveit2/build/robot_config
[ 50%] [32mBuilding CXX object CMakeFiles/joystick_servo.dir/src/joystick_servo.cpp.o[0m
[100%] [32m[1mLinking CXX executable joystick_servo[0m
[100%] Built target joystick_servo
-- Install configuration: ""
-- Installing: /home/a/ws_moveit2/install/robot_config/share/ament_index/resource_index/package_run_dependencies/robot_config
-- Installing: /home/a/ws_moveit2/install/robot_config/share/ament_index/resource_index/parent_prefix_path/robot_config
-- Installing: /home/a/ws_moveit2/install/robot_config/share/robot_config/environment/ament_prefix_path.sh
-- Installing: /home/a/ws_moveit2/install/robot_config/share/robot_config/environment/ament_prefix_path.dsv
-- Installing: /home/a/ws_moveit2/install/robot_config/share/robot_config/environment/path.sh
-- Installing: /home/a/ws_moveit2/install/robot_config/share/robot_config/environment/path.dsv
-- Installing: /home/a/ws_moveit2/install/robot_config/share/robot_config/local_setup.bash
-- Installing: /home/a/ws_moveit2/install/robot_config/share/robot_config/local_setup.sh
-- Installing: /home/a/ws_moveit2/install/robot_config/share/robot_config/local_setup.zsh
-- Installing: /home/a/ws_moveit2/install/robot_config/share/robot_config/local_setup.dsv
-- Installing: /home/a/ws_moveit2/install/robot_config/share/robot_config/package.dsv
-- Installing: /home/a/ws_moveit2/install/robot_config/share/ament_index/resource_index/packages/robot_config
-- Installing: /home/a/ws_moveit2/install/robot_config/share/robot_config/cmake/robot_configConfig.cmake
-- Installing: /home/a/ws_moveit2/install/robot_config/share/robot_config/cmake/robot_configConfig-version.cmake
-- Installing: /home/a/ws_moveit2/install/robot_config/share/robot_config/package.xml
-- Installing: /home/a/ws_moveit2/install/robot_config/share/robot_config/launch
-- Installing: /home/a/ws_moveit2/install/robot_config/share/robot_config/launch/static_virtual_joint_tfs.launch.py
-- Installing: /home/a/ws_moveit2/install/robot_config/share/robot_config/launch/setup_assistant.launch.py
-- Installing: /home/a/ws_moveit2/install/robot_config/share/robot_config/launch/spawn_controllers.launch.py
-- Installing: /home/a/ws_moveit2/install/robot_config/share/robot_config/launch/moveit_rviz.launch.py
-- Installing: /home/a/ws_moveit2/install/robot_config/share/robot_config/launch/warehouse_db.launch.py
-- Installing: /home/a/ws_moveit2/install/robot_config/share/robot_config/launch/demo.launch.py
-- Installing: /home/a/ws_moveit2/install/robot_config/share/robot_config/launch/move_group.launch.py
-- Installing: /home/a/ws_moveit2/install/robot_config/share/robot_config/launch/rsp.launch.py
-- Installing: /home/a/ws_moveit2/install/robot_config/share/robot_config/config
-- Installing: /home/a/ws_moveit2/install/robot_config/share/robot_config/config/kinematics.yaml
-- Installing: /home/a/ws_moveit2/install/robot_config/share/robot_config/config/ros2_controllers.yaml
-- Installing: /home/a/ws_moveit2/install/robot_config/share/robot_config/config/0525_arm.urdf.xacro
-- Installing: /home/a/ws_moveit2/install/robot_config/share/robot_config/config/servo.yaml
-- Installing: /home/a/ws_moveit2/install/robot_config/share/robot_config/config/joint_limits.yaml
-- Installing: /home/a/ws_moveit2/install/robot_config/share/robot_config/config/moveit.rviz
-- Installing: /home/a/ws_moveit2/install/robot_config/share/robot_config/config/0525_arm.srdf
-- Installing: /home/a/ws_moveit2/install/robot_config/share/robot_config/config/pilz_cartesian_limits.yaml
-- Installing: /home/a/ws_moveit2/install/robot_config/share/robot_config/config/0525_arm.ros2_control.xacro
-- Installing: /home/a/ws_moveit2/install/robot_config/share/robot_config/config/initial_positions.yaml
-- Installing: /home/a/ws_moveit2/install/robot_config/share/robot_config/config/moveit_controllers.yaml
-- Installing: /home/a/ws_moveit2/install/robot_config/share/robot_config/config/0525_arm.urdf.xacro.bak
-- Installing: /home/a/ws_moveit2/install/robot_config/share/robot_config/.setup_assistant
-- Installing: /home/a/ws_moveit2/install/robot_config/lib/robot_config/joystick_servo
-- Set non-toolchain portion of runtime path of "/home/a/ws_moveit2/install/robot_config/lib/robot_config/joystick_servo" to ""
