-- Install configuration: "Release"
-- Up-to-date: /home/a/ws_moveit2/install/field_description/share/field_description/meshes
-- Up-to-date: /home/a/ws_moveit2/install/field_description/share/field_description/meshes/base_link.stl
-- Up-to-date: /home/a/ws_moveit2/install/field_description/share/field_description/urdf
-- Up-to-date: /home/a/ws_moveit2/install/field_description/share/field_description/urdf/field.urdf
-- Up-to-date: /home/a/ws_moveit2/install/field_description/share/field_description/urdf/materials.urdf
-- Up-to-date: /home/a/ws_moveit2/install/field_description/share/field_description/urdf/field.trans
-- Up-to-date: /home/a/ws_moveit2/install/field_description/share/field_description/launch
-- Up-to-date: /home/a/ws_moveit2/install/field_description/share/field_description/launch/robot_description.launch.py
-- Up-to-date: /home/a/ws_moveit2/install/field_description/share/ament_index/resource_index/package_run_dependencies/field_description
-- Up-to-date: /home/a/ws_moveit2/install/field_description/share/ament_index/resource_index/parent_prefix_path/field_description
-- Up-to-date: /home/a/ws_moveit2/install/field_description/share/field_description/environment/ament_prefix_path.sh
-- Up-to-date: /home/a/ws_moveit2/install/field_description/share/field_description/environment/ament_prefix_path.dsv
-- Up-to-date: /home/a/ws_moveit2/install/field_description/share/field_description/environment/path.sh
-- Up-to-date: /home/a/ws_moveit2/install/field_description/share/field_description/environment/path.dsv
-- Up-to-date: /home/a/ws_moveit2/install/field_description/share/field_description/local_setup.bash
-- Up-to-date: /home/a/ws_moveit2/install/field_description/share/field_description/local_setup.sh
-- Up-to-date: /home/a/ws_moveit2/install/field_description/share/field_description/local_setup.zsh
-- Up-to-date: /home/a/ws_moveit2/install/field_description/share/field_description/local_setup.dsv
-- Installing: /home/a/ws_moveit2/install/field_description/share/field_description/package.dsv
-- Up-to-date: /home/a/ws_moveit2/install/field_description/share/ament_index/resource_index/packages/field_description
-- Up-to-date: /home/a/ws_moveit2/install/field_description/share/field_description/cmake/field_descriptionConfig.cmake
-- Up-to-date: /home/a/ws_moveit2/install/field_description/share/field_description/cmake/field_descriptionConfig-version.cmake
-- Up-to-date: /home/a/ws_moveit2/install/field_description/share/field_description/package.xml
