[0.196s] Invoking command in '/home/a/ws_moveit2/build/dynamixel_sdk': CMAKE_PREFIX_PATH=${CMAKE_PREFIX_PATH}:/home/a/ws_moveit2/install/moveit_configs_utils:/home/a/ws_moveit2/install/launch_param_builder:/home/a/ws_moveit2/install/dynamixel_controller_client:/opt/ros/humble /usr/bin/cmake --build /home/a/ws_moveit2/build/dynamixel_sdk -- -j22 -l22
[0.436s] [  7%] [32mBuilding CXX object CMakeFiles/dynamixel_sdk.dir/src/dynamixel_sdk/packet_handler.cpp.o[0m
[0.436s] [ 15%] [32mBuilding CXX object CMakeFiles/dynamixel_sdk.dir/src/dynamixel_sdk/protocol1_packet_handler.cpp.o[0m
[0.436s] [ 23%] [32mBuilding CXX object CMakeFiles/dynamixel_sdk.dir/src/dynamixel_sdk/protocol2_packet_handler.cpp.o[0m
[0.436s] [ 30%] [32mBuilding CXX object CMakeFiles/dynamixel_sdk.dir/src/dynamixel_sdk/group_bulk_read.cpp.o[0m
[0.436s] [ 38%] [32mBuilding CXX object CMakeFiles/dynamixel_sdk.dir/src/dynamixel_sdk/group_sync_read.cpp.o[0m
[0.436s] [ 46%] [32mBuilding CXX object CMakeFiles/dynamixel_sdk.dir/src/dynamixel_sdk/group_sync_write.cpp.o[0m
[0.436s] [ 53%] [32mBuilding CXX object CMakeFiles/dynamixel_sdk.dir/src/dynamixel_sdk/group_fast_sync_read.cpp.o[0m
[0.436s] [ 61%] [32mBuilding CXX object CMakeFiles/dynamixel_sdk.dir/src/dynamixel_sdk/group_handler.cpp.o[0m
[0.436s] [ 69%] [32mBuilding CXX object CMakeFiles/dynamixel_sdk.dir/src/dynamixel_sdk/port_handler.cpp.o[0m
[0.436s] [ 76%] [32mBuilding CXX object CMakeFiles/dynamixel_sdk.dir/src/dynamixel_sdk/port_handler_linux.cpp.o[0m
[0.436s] [ 84%] [32mBuilding CXX object CMakeFiles/dynamixel_sdk.dir/src/dynamixel_sdk/group_bulk_write.cpp.o[0m
[0.436s] [ 92%] [32mBuilding CXX object CMakeFiles/dynamixel_sdk.dir/src/dynamixel_sdk/group_fast_bulk_read.cpp.o[0m
[0.436s] [ 92%] Built target ament_cmake_python_copy_dynamixel_sdk
[0.601s] running egg_info
[0.601s] creating dynamixel_sdk.egg-info
[0.601s] writing dynamixel_sdk.egg-info/PKG-INFO
[0.601s] writing dependency_links to dynamixel_sdk.egg-info/dependency_links.txt
[0.601s] writing top-level names to dynamixel_sdk.egg-info/top_level.txt
[0.601s] writing manifest file 'dynamixel_sdk.egg-info/SOURCES.txt'
[0.605s] reading manifest file 'dynamixel_sdk.egg-info/SOURCES.txt'
[0.605s] writing manifest file 'dynamixel_sdk.egg-info/SOURCES.txt'
[0.661s] [ 92%] Built target ament_cmake_python_build_dynamixel_sdk_egg
[1.090s] [100%] [32m[1mLinking CXX shared library libdynamixel_sdk.so[0m
[1.230s] [100%] Built target dynamixel_sdk
[1.297s] Invoked command in '/home/a/ws_moveit2/build/dynamixel_sdk' returned '0': CMAKE_PREFIX_PATH=${CMAKE_PREFIX_PATH}:/home/a/ws_moveit2/install/moveit_configs_utils:/home/a/ws_moveit2/install/launch_param_builder:/home/a/ws_moveit2/install/dynamixel_controller_client:/opt/ros/humble /usr/bin/cmake --build /home/a/ws_moveit2/build/dynamixel_sdk -- -j22 -l22
[1.298s] Invoking command in '/home/a/ws_moveit2/build/dynamixel_sdk': CMAKE_PREFIX_PATH=${CMAKE_PREFIX_PATH}:/home/a/ws_moveit2/install/moveit_configs_utils:/home/a/ws_moveit2/install/launch_param_builder:/home/a/ws_moveit2/install/dynamixel_controller_client:/opt/ros/humble /usr/bin/cmake --install /home/a/ws_moveit2/build/dynamixel_sdk
[1.324s] -- Install configuration: "Release"
[1.324s] -- Installing: /home/a/ws_moveit2/install/dynamixel_sdk/include/
[1.324s] -- Installing: /home/a/ws_moveit2/install/dynamixel_sdk/include//dynamixel_sdk
[1.324s] -- Installing: /home/a/ws_moveit2/install/dynamixel_sdk/include//dynamixel_sdk/port_handler_mac.h
[1.325s] -- Installing: /home/a/ws_moveit2/install/dynamixel_sdk/include//dynamixel_sdk/group_fast_sync_read.h
[1.326s] -- Installing: /home/a/ws_moveit2/install/dynamixel_sdk/include//dynamixel_sdk/protocol2_packet_handler.h
[1.326s] -- Installing: /home/a/ws_moveit2/install/dynamixel_sdk/include//dynamixel_sdk/packet_handler.h
[1.327s] -- Installing: /home/a/ws_moveit2/install/dynamixel_sdk/include//dynamixel_sdk/group_sync_read.h
[1.327s] -- Installing: /home/a/ws_moveit2/install/dynamixel_sdk/include//dynamixel_sdk/dynamixel_sdk.h
[1.329s] -- Installing: /home/a/ws_moveit2/install/dynamixel_sdk/include//dynamixel_sdk/port_handler.h
[1.331s] -- Installing: /home/a/ws_moveit2/install/dynamixel_sdk/include//dynamixel_sdk/group_bulk_read.h
[1.331s] -- Installing: /home/a/ws_moveit2/install/dynamixel_sdk/include//dynamixel_sdk/group_bulk_write.h
[1.331s] -- Installing: /home/a/ws_moveit2/install/dynamixel_sdk/include//dynamixel_sdk/group_handler.h
[1.332s] -- Installing: /home/a/ws_moveit2/install/dynamixel_sdk/include//dynamixel_sdk/port_handler_windows.h
[1.332s] -- Installing: /home/a/ws_moveit2/install/dynamixel_sdk/include//dynamixel_sdk/port_handler_arduino.h
[1.332s] -- Installing: /home/a/ws_moveit2/install/dynamixel_sdk/include//dynamixel_sdk/group_fast_bulk_read.h
[1.332s] -- Installing: /home/a/ws_moveit2/install/dynamixel_sdk/include//dynamixel_sdk/protocol1_packet_handler.h
[1.333s] -- Installing: /home/a/ws_moveit2/install/dynamixel_sdk/include//dynamixel_sdk/port_handler_linux.h
[1.333s] -- Installing: /home/a/ws_moveit2/install/dynamixel_sdk/include//dynamixel_sdk/group_sync_write.h
[1.333s] -- Installing: /home/a/ws_moveit2/install/dynamixel_sdk/lib/libdynamixel_sdk.so
[1.333s] -- Installing: /home/a/ws_moveit2/install/dynamixel_sdk/share/dynamixel_sdk/environment/pythonpath.sh
[1.334s] -- Installing: /home/a/ws_moveit2/install/dynamixel_sdk/share/dynamixel_sdk/environment/pythonpath.dsv
[1.334s] -- Installing: /home/a/ws_moveit2/install/dynamixel_sdk/local/lib/python3.10/dist-packages/dynamixel_sdk-3.8.4-py3.10.egg-info
[1.334s] -- Installing: /home/a/ws_moveit2/install/dynamixel_sdk/local/lib/python3.10/dist-packages/dynamixel_sdk-3.8.4-py3.10.egg-info/top_level.txt
[1.335s] -- Installing: /home/a/ws_moveit2/install/dynamixel_sdk/local/lib/python3.10/dist-packages/dynamixel_sdk-3.8.4-py3.10.egg-info/SOURCES.txt
[1.336s] -- Installing: /home/a/ws_moveit2/install/dynamixel_sdk/local/lib/python3.10/dist-packages/dynamixel_sdk-3.8.4-py3.10.egg-info/PKG-INFO
[1.336s] -- Installing: /home/a/ws_moveit2/install/dynamixel_sdk/local/lib/python3.10/dist-packages/dynamixel_sdk-3.8.4-py3.10.egg-info/dependency_links.txt
[1.337s] -- Installing: /home/a/ws_moveit2/install/dynamixel_sdk/local/lib/python3.10/dist-packages/dynamixel_sdk
[1.338s] -- Installing: /home/a/ws_moveit2/install/dynamixel_sdk/local/lib/python3.10/dist-packages/dynamixel_sdk/group_fast_sync_read.cpp
[1.338s] -- Installing: /home/a/ws_moveit2/install/dynamixel_sdk/local/lib/python3.10/dist-packages/dynamixel_sdk/protocol2_packet_handler.py
[1.338s] -- Installing: /home/a/ws_moveit2/install/dynamixel_sdk/local/lib/python3.10/dist-packages/dynamixel_sdk/group_sync_write.cpp
[1.338s] -- Installing: /home/a/ws_moveit2/install/dynamixel_sdk/local/lib/python3.10/dist-packages/dynamixel_sdk/protocol2_packet_handler.cpp
[1.338s] -- Installing: /home/a/ws_moveit2/install/dynamixel_sdk/local/lib/python3.10/dist-packages/dynamixel_sdk/group_bulk_read.py
[1.338s] -- Installing: /home/a/ws_moveit2/install/dynamixel_sdk/local/lib/python3.10/dist-packages/dynamixel_sdk/port_handler_mac.cpp
[1.339s] -- Installing: /home/a/ws_moveit2/install/dynamixel_sdk/local/lib/python3.10/dist-packages/dynamixel_sdk/port_handler_linux.cpp
[1.339s] -- Installing: /home/a/ws_moveit2/install/dynamixel_sdk/local/lib/python3.10/dist-packages/dynamixel_sdk/packet_handler.cpp
[1.339s] -- Installing: /home/a/ws_moveit2/install/dynamixel_sdk/local/lib/python3.10/dist-packages/dynamixel_sdk/group_bulk_write.py
[1.339s] -- Installing: /home/a/ws_moveit2/install/dynamixel_sdk/local/lib/python3.10/dist-packages/dynamixel_sdk/port_handler.cpp
[1.339s] -- Installing: /home/a/ws_moveit2/install/dynamixel_sdk/local/lib/python3.10/dist-packages/dynamixel_sdk/__init__.py
[1.339s] -- Installing: /home/a/ws_moveit2/install/dynamixel_sdk/local/lib/python3.10/dist-packages/dynamixel_sdk/protocol1_packet_handler.cpp
[1.339s] -- Installing: /home/a/ws_moveit2/install/dynamixel_sdk/local/lib/python3.10/dist-packages/dynamixel_sdk/group_sync_write.py
[1.339s] -- Installing: /home/a/ws_moveit2/install/dynamixel_sdk/local/lib/python3.10/dist-packages/dynamixel_sdk/port_handler_windows.cpp
[1.339s] -- Installing: /home/a/ws_moveit2/install/dynamixel_sdk/local/lib/python3.10/dist-packages/dynamixel_sdk/group_bulk_write.cpp
[1.339s] -- Installing: /home/a/ws_moveit2/install/dynamixel_sdk/local/lib/python3.10/dist-packages/dynamixel_sdk/group_bulk_read.cpp
[1.339s] -- Installing: /home/a/ws_moveit2/install/dynamixel_sdk/local/lib/python3.10/dist-packages/dynamixel_sdk/port_handler_arduino.cpp
[1.339s] -- Installing: /home/a/ws_moveit2/install/dynamixel_sdk/local/lib/python3.10/dist-packages/dynamixel_sdk/group_handler.cpp
[1.339s] -- Installing: /home/a/ws_moveit2/install/dynamixel_sdk/local/lib/python3.10/dist-packages/dynamixel_sdk/group_sync_read.cpp
[1.339s] -- Installing: /home/a/ws_moveit2/install/dynamixel_sdk/local/lib/python3.10/dist-packages/dynamixel_sdk/group_fast_bulk_read.cpp
[1.340s] -- Installing: /home/a/ws_moveit2/install/dynamixel_sdk/local/lib/python3.10/dist-packages/dynamixel_sdk/protocol1_packet_handler.py
[1.340s] -- Installing: /home/a/ws_moveit2/install/dynamixel_sdk/local/lib/python3.10/dist-packages/dynamixel_sdk/packet_handler.py
[1.340s] -- Installing: /home/a/ws_moveit2/install/dynamixel_sdk/local/lib/python3.10/dist-packages/dynamixel_sdk/robotis_def.py
[1.342s] -- Installing: /home/a/ws_moveit2/install/dynamixel_sdk/local/lib/python3.10/dist-packages/dynamixel_sdk/port_handler.py
[1.342s] -- Installing: /home/a/ws_moveit2/install/dynamixel_sdk/local/lib/python3.10/dist-packages/dynamixel_sdk/group_sync_read.py
[1.417s] Listing '/home/a/ws_moveit2/install/dynamixel_sdk/local/lib/python3.10/dist-packages/dynamixel_sdk'...
[1.418s] Compiling '/home/a/ws_moveit2/install/dynamixel_sdk/local/lib/python3.10/dist-packages/dynamixel_sdk/__init__.py'...
[1.418s] Compiling '/home/a/ws_moveit2/install/dynamixel_sdk/local/lib/python3.10/dist-packages/dynamixel_sdk/group_bulk_read.py'...
[1.418s] Compiling '/home/a/ws_moveit2/install/dynamixel_sdk/local/lib/python3.10/dist-packages/dynamixel_sdk/group_bulk_write.py'...
[1.418s] Compiling '/home/a/ws_moveit2/install/dynamixel_sdk/local/lib/python3.10/dist-packages/dynamixel_sdk/group_sync_read.py'...
[1.418s] Compiling '/home/a/ws_moveit2/install/dynamixel_sdk/local/lib/python3.10/dist-packages/dynamixel_sdk/group_sync_write.py'...
[1.418s] Compiling '/home/a/ws_moveit2/install/dynamixel_sdk/local/lib/python3.10/dist-packages/dynamixel_sdk/packet_handler.py'...
[1.418s] Compiling '/home/a/ws_moveit2/install/dynamixel_sdk/local/lib/python3.10/dist-packages/dynamixel_sdk/port_handler.py'...
[1.422s] Compiling '/home/a/ws_moveit2/install/dynamixel_sdk/local/lib/python3.10/dist-packages/dynamixel_sdk/protocol1_packet_handler.py'...
[1.422s] Compiling '/home/a/ws_moveit2/install/dynamixel_sdk/local/lib/python3.10/dist-packages/dynamixel_sdk/protocol2_packet_handler.py'...
[1.423s] Compiling '/home/a/ws_moveit2/install/dynamixel_sdk/local/lib/python3.10/dist-packages/dynamixel_sdk/robotis_def.py'...
[1.449s] -- Installing: /home/a/ws_moveit2/install/dynamixel_sdk/share/dynamixel_sdk/environment/library_path.sh
[1.449s] -- Installing: /home/a/ws_moveit2/install/dynamixel_sdk/share/dynamixel_sdk/environment/library_path.dsv
[1.449s] -- Installing: /home/a/ws_moveit2/install/dynamixel_sdk/share/ament_index/resource_index/package_run_dependencies/dynamixel_sdk
[1.450s] -- Installing: /home/a/ws_moveit2/install/dynamixel_sdk/share/ament_index/resource_index/parent_prefix_path/dynamixel_sdk
[1.450s] -- Installing: /home/a/ws_moveit2/install/dynamixel_sdk/share/dynamixel_sdk/environment/ament_prefix_path.sh
[1.451s] -- Installing: /home/a/ws_moveit2/install/dynamixel_sdk/share/dynamixel_sdk/environment/ament_prefix_path.dsv
[1.451s] -- Installing: /home/a/ws_moveit2/install/dynamixel_sdk/share/dynamixel_sdk/environment/path.sh
[1.452s] -- Installing: /home/a/ws_moveit2/install/dynamixel_sdk/share/dynamixel_sdk/environment/path.dsv
[1.453s] -- Installing: /home/a/ws_moveit2/install/dynamixel_sdk/share/dynamixel_sdk/local_setup.bash
[1.453s] -- Installing: /home/a/ws_moveit2/install/dynamixel_sdk/share/dynamixel_sdk/local_setup.sh
[1.453s] -- Installing: /home/a/ws_moveit2/install/dynamixel_sdk/share/dynamixel_sdk/local_setup.zsh
[1.454s] -- Installing: /home/a/ws_moveit2/install/dynamixel_sdk/share/dynamixel_sdk/local_setup.dsv
[1.454s] -- Installing: /home/a/ws_moveit2/install/dynamixel_sdk/share/dynamixel_sdk/package.dsv
[1.455s] -- Installing: /home/a/ws_moveit2/install/dynamixel_sdk/share/ament_index/resource_index/packages/dynamixel_sdk
[1.455s] -- Installing: /home/a/ws_moveit2/install/dynamixel_sdk/share/dynamixel_sdk/cmake/dynamixel_sdkExport.cmake
[1.456s] -- Installing: /home/a/ws_moveit2/install/dynamixel_sdk/share/dynamixel_sdk/cmake/dynamixel_sdkExport-release.cmake
[1.456s] -- Installing: /home/a/ws_moveit2/install/dynamixel_sdk/share/dynamixel_sdk/cmake/ament_cmake_export_targets-extras.cmake
[1.456s] -- Installing: /home/a/ws_moveit2/install/dynamixel_sdk/share/dynamixel_sdk/cmake/ament_cmake_export_include_directories-extras.cmake
[1.457s] -- Installing: /home/a/ws_moveit2/install/dynamixel_sdk/share/dynamixel_sdk/cmake/ament_cmake_export_libraries-extras.cmake
[1.457s] -- Installing: /home/a/ws_moveit2/install/dynamixel_sdk/share/dynamixel_sdk/cmake/dynamixel_sdkConfig.cmake
[1.458s] -- Installing: /home/a/ws_moveit2/install/dynamixel_sdk/share/dynamixel_sdk/cmake/dynamixel_sdkConfig-version.cmake
[1.459s] -- Installing: /home/a/ws_moveit2/install/dynamixel_sdk/share/dynamixel_sdk/package.xml
[1.463s] Invoked command in '/home/a/ws_moveit2/build/dynamixel_sdk' returned '0': CMAKE_PREFIX_PATH=${CMAKE_PREFIX_PATH}:/home/a/ws_moveit2/install/moveit_configs_utils:/home/a/ws_moveit2/install/launch_param_builder:/home/a/ws_moveit2/install/dynamixel_controller_client:/opt/ros/humble /usr/bin/cmake --install /home/a/ws_moveit2/build/dynamixel_sdk
