[0.256s] Invoking command in '/home/a/ws_moveit2/build/moveit_common': CMAKE_PREFIX_PATH=${CMAKE_PREFIX_PATH}:/home/a/ws_moveit2/install/moveit_configs_utils:/home/a/ws_moveit2/install/launch_param_builder:/opt/ros/humble /opt/st/stm32cubeclt_1.17.0/CMake/bin/cmake /home/a/ws_moveit2/src/moveit2/moveit_common -DCMAKE_INSTALL_PREFIX=/home/a/ws_moveit2/install/moveit_common
[0.479s] -- Found ament_cmake: 1.3.11 (/opt/ros/humble/share/ament_cmake/cmake)
[1.708s] -- Override CMake install command with custom implementation using symlinks instead of copying resources
[1.892s] -- Found ament_lint_auto: 0.12.12 (/opt/ros/humble/share/ament_lint_auto/cmake)
[2.896s] -- Added test 'copyright' to check source files copyright and LICENSE
[2.922s] -- Added test 'lint_cmake' to check CMake code style
[2.930s] -- Added test 'xmllint' to check XML markup files
[3.006s] -- Configuring done (2.6s)
[3.406s] -- Generating done (0.2s)
[3.451s] -- Build files have been written to: /home/a/ws_moveit2/build/moveit_common
[3.522s] Invoked command in '/home/a/ws_moveit2/build/moveit_common' returned '0': CMAKE_PREFIX_PATH=${CMAKE_PREFIX_PATH}:/home/a/ws_moveit2/install/moveit_configs_utils:/home/a/ws_moveit2/install/launch_param_builder:/opt/ros/humble /opt/st/stm32cubeclt_1.17.0/CMake/bin/cmake /home/a/ws_moveit2/src/moveit2/moveit_common -DCMAKE_INSTALL_PREFIX=/home/a/ws_moveit2/install/moveit_common
[3.529s] Invoking command in '/home/a/ws_moveit2/build/moveit_common': CMAKE_PREFIX_PATH=${CMAKE_PREFIX_PATH}:/home/a/ws_moveit2/install/moveit_configs_utils:/home/a/ws_moveit2/install/launch_param_builder:/opt/ros/humble /opt/st/stm32cubeclt_1.17.0/CMake/bin/cmake --build /home/a/ws_moveit2/build/moveit_common -- -j4 -l4
[3.791s] Invoked command in '/home/a/ws_moveit2/build/moveit_common' returned '0': CMAKE_PREFIX_PATH=${CMAKE_PREFIX_PATH}:/home/a/ws_moveit2/install/moveit_configs_utils:/home/a/ws_moveit2/install/launch_param_builder:/opt/ros/humble /opt/st/stm32cubeclt_1.17.0/CMake/bin/cmake --build /home/a/ws_moveit2/build/moveit_common -- -j4 -l4
[3.803s] Invoking command in '/home/a/ws_moveit2/build/moveit_common': CMAKE_PREFIX_PATH=${CMAKE_PREFIX_PATH}:/home/a/ws_moveit2/install/moveit_configs_utils:/home/a/ws_moveit2/install/launch_param_builder:/opt/ros/humble /opt/st/stm32cubeclt_1.17.0/CMake/bin/cmake --install /home/a/ws_moveit2/build/moveit_common
[3.855s] -- Install configuration: "Debug"
[3.858s] -- Execute custom install script
[3.872s] -- Up-to-date symlink: /home/a/ws_moveit2/install/moveit_common/share/ament_index/resource_index/package_run_dependencies/moveit_common
[3.887s] -- Up-to-date symlink: /home/a/ws_moveit2/install/moveit_common/share/ament_index/resource_index/parent_prefix_path/moveit_common
[3.890s] -- Up-to-date symlink: /home/a/ws_moveit2/install/moveit_common/share/moveit_common/environment/ament_prefix_path.sh
[3.893s] -- Up-to-date symlink: /home/a/ws_moveit2/install/moveit_common/share/moveit_common/environment/ament_prefix_path.dsv
[3.895s] -- Up-to-date symlink: /home/a/ws_moveit2/install/moveit_common/share/moveit_common/environment/path.sh
[3.898s] -- Up-to-date symlink: /home/a/ws_moveit2/install/moveit_common/share/moveit_common/environment/path.dsv
[3.900s] -- Up-to-date symlink: /home/a/ws_moveit2/install/moveit_common/share/moveit_common/local_setup.bash
[3.909s] -- Up-to-date symlink: /home/a/ws_moveit2/install/moveit_common/share/moveit_common/local_setup.sh
[3.912s] -- Up-to-date symlink: /home/a/ws_moveit2/install/moveit_common/share/moveit_common/local_setup.zsh
[3.912s] -- Up-to-date symlink: /home/a/ws_moveit2/install/moveit_common/share/moveit_common/local_setup.dsv
[3.913s] -- Symlinking: /home/a/ws_moveit2/install/moveit_common/share/moveit_common/package.dsv
[3.996s] -- Up-to-date symlink: /home/a/ws_moveit2/install/moveit_common/share/ament_index/resource_index/packages/moveit_common
[4.029s] -- Up-to-date symlink: /home/a/ws_moveit2/install/moveit_common/share/moveit_common/cmake/moveit_common-extras.cmake
[4.033s] -- Up-to-date symlink: /home/a/ws_moveit2/install/moveit_common/share/moveit_common/cmake/moveit_commonConfig.cmake
[4.033s] -- Up-to-date symlink: /home/a/ws_moveit2/install/moveit_common/share/moveit_common/cmake/moveit_commonConfig-version.cmake
[4.056s] -- Up-to-date symlink: /home/a/ws_moveit2/install/moveit_common/share/moveit_common/package.xml
[4.057s] -- Up-to-date symlink: /home/a/ws_moveit2/install/moveit_common/share/moveit_common/cmake/moveit_package.cmake
[4.079s] Invoked command in '/home/a/ws_moveit2/build/moveit_common' returned '0': CMAKE_PREFIX_PATH=${CMAKE_PREFIX_PATH}:/home/a/ws_moveit2/install/moveit_configs_utils:/home/a/ws_moveit2/install/launch_param_builder:/opt/ros/humble /opt/st/stm32cubeclt_1.17.0/CMake/bin/cmake --install /home/a/ws_moveit2/build/moveit_common
