[0.006s] Invoking command in '/home/a/ws_moveit2/build/srdfdom': CMAKE_PREFIX_PATH=/opt/ros/humble /usr/bin/cmake --build /home/a/ws_moveit2/build/srdfdom -- -j22 -l22
[0.060s] [  0%] Built target ament_cmake_python_copy_srdfdom
[0.065s] [ 18%] Built target gtest_main
[0.066s] [ 36%] Built target gtest
[0.093s] [ 63%] Built target srdfdom
[0.117s] [100%] Built target test_cpp_C
[0.117s] [100%] Built target test_cpp_nl_NL.UTF-8
[0.195s] running egg_info
[0.195s] writing srdfdom.egg-info/PKG-INFO
[0.195s] writing dependency_links to srdfdom.egg-info/dependency_links.txt
[0.195s] writing top-level names to srdfdom.egg-info/top_level.txt
[0.197s] reading manifest file 'srdfdom.egg-info/SOURCES.txt'
[0.198s] writing manifest file 'srdfdom.egg-info/SOURCES.txt'
[0.216s] [100%] Built target ament_cmake_python_build_srdfdom_egg
[0.225s] Invoked command in '/home/a/ws_moveit2/build/srdfdom' returned '0': CMAKE_PREFIX_PATH=/opt/ros/humble /usr/bin/cmake --build /home/a/ws_moveit2/build/srdfdom -- -j22 -l22
[0.228s] Invoking command in '/home/a/ws_moveit2/build/srdfdom': CMAKE_PREFIX_PATH=/opt/ros/humble /usr/bin/cmake --install /home/a/ws_moveit2/build/srdfdom
[0.231s] -- Install configuration: "Release"
[0.233s] -- Up-to-date: /home/a/ws_moveit2/install/srdfdom/lib/libsrdfdom.so.2.0.7
[0.233s] -- Up-to-date: /home/a/ws_moveit2/install/srdfdom/lib/libsrdfdom.so
[0.234s] -- Up-to-date: /home/a/ws_moveit2/install/srdfdom/include/srdfdom
[0.234s] -- Up-to-date: /home/a/ws_moveit2/install/srdfdom/include/srdfdom/srdfdom
[0.234s] -- Up-to-date: /home/a/ws_moveit2/install/srdfdom/include/srdfdom/srdfdom/srdf_writer.h
[0.234s] -- Up-to-date: /home/a/ws_moveit2/install/srdfdom/include/srdfdom/srdfdom/model.h
[0.234s] -- Up-to-date: /home/a/ws_moveit2/install/srdfdom/include/srdfdom/srdfdom/visibility_control.h
[0.234s] -- Up-to-date: /home/a/ws_moveit2/install/srdfdom/lib/srdfdom/display_srdf
[0.235s] -- Up-to-date: /home/a/ws_moveit2/install/srdfdom/share/srdfdom/environment/pythonpath.sh
[0.235s] -- Up-to-date: /home/a/ws_moveit2/install/srdfdom/share/srdfdom/environment/pythonpath.dsv
[0.236s] -- Up-to-date: /home/a/ws_moveit2/install/srdfdom/local/lib/python3.10/dist-packages/srdfdom-2.0.7-py3.10.egg-info
[0.236s] -- Installing: /home/a/ws_moveit2/install/srdfdom/local/lib/python3.10/dist-packages/srdfdom-2.0.7-py3.10.egg-info/top_level.txt
[0.237s] -- Installing: /home/a/ws_moveit2/install/srdfdom/local/lib/python3.10/dist-packages/srdfdom-2.0.7-py3.10.egg-info/SOURCES.txt
[0.238s] -- Installing: /home/a/ws_moveit2/install/srdfdom/local/lib/python3.10/dist-packages/srdfdom-2.0.7-py3.10.egg-info/PKG-INFO
[0.238s] -- Installing: /home/a/ws_moveit2/install/srdfdom/local/lib/python3.10/dist-packages/srdfdom-2.0.7-py3.10.egg-info/dependency_links.txt
[0.238s] -- Up-to-date: /home/a/ws_moveit2/install/srdfdom/local/lib/python3.10/dist-packages/srdfdom
[0.239s] -- Up-to-date: /home/a/ws_moveit2/install/srdfdom/local/lib/python3.10/dist-packages/srdfdom/srdf.py
[0.239s] -- Up-to-date: /home/a/ws_moveit2/install/srdfdom/local/lib/python3.10/dist-packages/srdfdom/__init__.py
[0.261s] Listing '/home/a/ws_moveit2/install/srdfdom/local/lib/python3.10/dist-packages/srdfdom'...
[0.263s] -- Up-to-date: /home/a/ws_moveit2/install/srdfdom/share/srdfdom/environment/library_path.sh
[0.264s] -- Up-to-date: /home/a/ws_moveit2/install/srdfdom/share/srdfdom/environment/library_path.dsv
[0.264s] -- Up-to-date: /home/a/ws_moveit2/install/srdfdom/share/ament_index/resource_index/package_run_dependencies/srdfdom
[0.265s] -- Up-to-date: /home/a/ws_moveit2/install/srdfdom/share/ament_index/resource_index/parent_prefix_path/srdfdom
[0.265s] -- Up-to-date: /home/a/ws_moveit2/install/srdfdom/share/srdfdom/environment/ament_prefix_path.sh
[0.265s] -- Up-to-date: /home/a/ws_moveit2/install/srdfdom/share/srdfdom/environment/ament_prefix_path.dsv
[0.265s] -- Up-to-date: /home/a/ws_moveit2/install/srdfdom/share/srdfdom/environment/path.sh
[0.265s] -- Up-to-date: /home/a/ws_moveit2/install/srdfdom/share/srdfdom/environment/path.dsv
[0.265s] -- Up-to-date: /home/a/ws_moveit2/install/srdfdom/share/srdfdom/local_setup.bash
[0.265s] -- Up-to-date: /home/a/ws_moveit2/install/srdfdom/share/srdfdom/local_setup.sh
[0.265s] -- Up-to-date: /home/a/ws_moveit2/install/srdfdom/share/srdfdom/local_setup.zsh
[0.265s] -- Up-to-date: /home/a/ws_moveit2/install/srdfdom/share/srdfdom/local_setup.dsv
[0.265s] -- Installing: /home/a/ws_moveit2/install/srdfdom/share/srdfdom/package.dsv
[0.266s] -- Up-to-date: /home/a/ws_moveit2/install/srdfdom/share/ament_index/resource_index/packages/srdfdom
[0.267s] -- Up-to-date: /home/a/ws_moveit2/install/srdfdom/share/srdfdom/cmake/srdfdomTargetsExport.cmake
[0.267s] -- Up-to-date: /home/a/ws_moveit2/install/srdfdom/share/srdfdom/cmake/srdfdomTargetsExport-release.cmake
[0.267s] -- Up-to-date: /home/a/ws_moveit2/install/srdfdom/share/srdfdom/cmake/ament_cmake_export_targets-extras.cmake
[0.267s] -- Up-to-date: /home/a/ws_moveit2/install/srdfdom/share/srdfdom/cmake/ament_cmake_export_dependencies-extras.cmake
[0.267s] -- Up-to-date: /home/a/ws_moveit2/install/srdfdom/share/srdfdom/cmake/srdfdomConfig.cmake
[0.267s] -- Up-to-date: /home/a/ws_moveit2/install/srdfdom/share/srdfdom/cmake/srdfdomConfig-version.cmake
[0.267s] -- Up-to-date: /home/a/ws_moveit2/install/srdfdom/share/srdfdom/package.xml
[0.270s] Invoked command in '/home/a/ws_moveit2/build/srdfdom' returned '0': CMAKE_PREFIX_PATH=/opt/ros/humble /usr/bin/cmake --install /home/a/ws_moveit2/build/srdfdom
