[0.008s] Invoking command in '/home/a/ws_moveit2/build/dynamixel_sdk': CMAKE_PREFIX_PATH=/opt/ros/humble /usr/bin/cmake /home/a/ws_moveit2/src/dynamixel_ros2/DynamixelSDK/dynamixel_sdk -DCMAKE_INSTALL_PREFIX=/home/a/ws_moveit2/install/dynamixel_sdk
[0.137s] -- The C compiler identification is GNU 11.4.0
[0.254s] -- The CXX compiler identification is GNU 11.4.0
[0.264s] -- Detecting C compiler ABI info
[0.325s] -- Detecting C compiler ABI info - done
[0.329s] -- Check for working C compiler: /usr/bin/cc - skipped
[0.330s] -- Detecting C compile features
[0.331s] -- Detecting C compile features - done
[0.334s] -- Detecting CXX compiler ABI info
[0.392s] -- Detecting CXX compiler ABI info - done
[0.396s] -- Check for working CXX compiler: /usr/bin/c++ - skipped
[0.396s] -- Detecting CXX compile features
[0.397s] -- Detecting CXX compile features - done
[0.405s] -- Found ament_cmake: 1.3.12 (/opt/ros/humble/share/ament_cmake/cmake)
[0.510s] -- Found Python3: /usr/bin/python3 (found version "3.10.12") found components: Interpreter 
[0.642s] -- Configuring done
[0.644s] -- Generating done
[0.645s] -- Build files have been written to: /home/a/ws_moveit2/build/dynamixel_sdk
[0.648s] Invoked command in '/home/a/ws_moveit2/build/dynamixel_sdk' returned '0': CMAKE_PREFIX_PATH=/opt/ros/humble /usr/bin/cmake /home/a/ws_moveit2/src/dynamixel_ros2/DynamixelSDK/dynamixel_sdk -DCMAKE_INSTALL_PREFIX=/home/a/ws_moveit2/install/dynamixel_sdk
[0.651s] Invoking command in '/home/a/ws_moveit2/build/dynamixel_sdk': CMAKE_PREFIX_PATH=/opt/ros/humble /usr/bin/cmake --build /home/a/ws_moveit2/build/dynamixel_sdk -- -j22 -l22
[0.687s] [ 30%] [32mBuilding CXX object CMakeFiles/dynamixel_sdk.dir/src/dynamixel_sdk/port_handler.cpp.o[0m
[0.688s] [ 30%] [32mBuilding CXX object CMakeFiles/dynamixel_sdk.dir/src/dynamixel_sdk/group_bulk_read.cpp.o[0m
[0.688s] [ 30%] [32mBuilding CXX object CMakeFiles/dynamixel_sdk.dir/src/dynamixel_sdk/protocol1_packet_handler.cpp.o[0m
[0.688s] [ 40%] [32mBuilding CXX object CMakeFiles/dynamixel_sdk.dir/src/dynamixel_sdk/group_sync_write.cpp.o[0m
[0.688s] [ 50%] [32mBuilding CXX object CMakeFiles/dynamixel_sdk.dir/src/dynamixel_sdk/group_bulk_write.cpp.o[0m
[0.689s] [ 60%] [32mBuilding CXX object CMakeFiles/dynamixel_sdk.dir/src/dynamixel_sdk/protocol2_packet_handler.cpp.o[0m
[0.689s] [ 70%] [32mBuilding CXX object CMakeFiles/dynamixel_sdk.dir/src/dynamixel_sdk/group_sync_read.cpp.o[0m
[0.689s] [ 80%] [32mBuilding CXX object CMakeFiles/dynamixel_sdk.dir/src/dynamixel_sdk/packet_handler.cpp.o[0m
[0.690s] [ 90%] [32mBuilding CXX object CMakeFiles/dynamixel_sdk.dir/src/dynamixel_sdk/port_handler_linux.cpp.o[0m
[0.978s] [100%] [32m[1mLinking CXX shared library libdynamixel_sdk.so[0m
[1.034s] [100%] Built target dynamixel_sdk
[1.045s] Invoked command in '/home/a/ws_moveit2/build/dynamixel_sdk' returned '0': CMAKE_PREFIX_PATH=/opt/ros/humble /usr/bin/cmake --build /home/a/ws_moveit2/build/dynamixel_sdk -- -j22 -l22
[1.054s] Invoking command in '/home/a/ws_moveit2/build/dynamixel_sdk': CMAKE_PREFIX_PATH=/opt/ros/humble /usr/bin/cmake --install /home/a/ws_moveit2/build/dynamixel_sdk
[1.061s] -- Install configuration: ""
[1.061s] -- Installing: /home/a/ws_moveit2/install/dynamixel_sdk/include/
[1.061s] -- Installing: /home/a/ws_moveit2/install/dynamixel_sdk/include//dynamixel_sdk
[1.061s] -- Installing: /home/a/ws_moveit2/install/dynamixel_sdk/include//dynamixel_sdk/port_handler_mac.h
[1.061s] -- Installing: /home/a/ws_moveit2/install/dynamixel_sdk/include//dynamixel_sdk/protocol2_packet_handler.h
[1.062s] -- Installing: /home/a/ws_moveit2/install/dynamixel_sdk/include//dynamixel_sdk/packet_handler.h
[1.062s] -- Installing: /home/a/ws_moveit2/install/dynamixel_sdk/include//dynamixel_sdk/group_sync_read.h
[1.062s] -- Installing: /home/a/ws_moveit2/install/dynamixel_sdk/include//dynamixel_sdk/dynamixel_sdk.h
[1.062s] -- Installing: /home/a/ws_moveit2/install/dynamixel_sdk/include//dynamixel_sdk/port_handler.h
[1.062s] -- Installing: /home/a/ws_moveit2/install/dynamixel_sdk/include//dynamixel_sdk/group_bulk_read.h
[1.062s] -- Installing: /home/a/ws_moveit2/install/dynamixel_sdk/include//dynamixel_sdk/group_bulk_write.h
[1.062s] -- Installing: /home/a/ws_moveit2/install/dynamixel_sdk/include//dynamixel_sdk/port_handler_windows.h
[1.062s] -- Installing: /home/a/ws_moveit2/install/dynamixel_sdk/include//dynamixel_sdk/port_handler_arduino.h
[1.062s] -- Installing: /home/a/ws_moveit2/install/dynamixel_sdk/include//dynamixel_sdk/protocol1_packet_handler.h
[1.062s] -- Installing: /home/a/ws_moveit2/install/dynamixel_sdk/include//dynamixel_sdk/port_handler_linux.h
[1.062s] -- Installing: /home/a/ws_moveit2/install/dynamixel_sdk/include//dynamixel_sdk/group_sync_write.h
[1.063s] -- Installing: /home/a/ws_moveit2/install/dynamixel_sdk/lib/libdynamixel_sdk.so
[1.063s] -- Installing: /home/a/ws_moveit2/install/dynamixel_sdk/share/dynamixel_sdk/environment/library_path.sh
[1.063s] -- Installing: /home/a/ws_moveit2/install/dynamixel_sdk/share/dynamixel_sdk/environment/library_path.dsv
[1.063s] -- Installing: /home/a/ws_moveit2/install/dynamixel_sdk/share/ament_index/resource_index/package_run_dependencies/dynamixel_sdk
[1.063s] -- Installing: /home/a/ws_moveit2/install/dynamixel_sdk/share/ament_index/resource_index/parent_prefix_path/dynamixel_sdk
[1.063s] -- Installing: /home/a/ws_moveit2/install/dynamixel_sdk/share/dynamixel_sdk/environment/ament_prefix_path.sh
[1.064s] -- Installing: /home/a/ws_moveit2/install/dynamixel_sdk/share/dynamixel_sdk/environment/ament_prefix_path.dsv
[1.064s] -- Installing: /home/a/ws_moveit2/install/dynamixel_sdk/share/dynamixel_sdk/environment/path.sh
[1.064s] -- Installing: /home/a/ws_moveit2/install/dynamixel_sdk/share/dynamixel_sdk/environment/path.dsv
[1.064s] -- Installing: /home/a/ws_moveit2/install/dynamixel_sdk/share/dynamixel_sdk/local_setup.bash
[1.064s] -- Installing: /home/a/ws_moveit2/install/dynamixel_sdk/share/dynamixel_sdk/local_setup.sh
[1.064s] -- Installing: /home/a/ws_moveit2/install/dynamixel_sdk/share/dynamixel_sdk/local_setup.zsh
[1.064s] -- Installing: /home/a/ws_moveit2/install/dynamixel_sdk/share/dynamixel_sdk/local_setup.dsv
[1.064s] -- Installing: /home/a/ws_moveit2/install/dynamixel_sdk/share/dynamixel_sdk/package.dsv
[1.064s] -- Installing: /home/a/ws_moveit2/install/dynamixel_sdk/share/ament_index/resource_index/packages/dynamixel_sdk
[1.064s] -- Installing: /home/a/ws_moveit2/install/dynamixel_sdk/share/dynamixel_sdk/cmake/ament_cmake_export_include_directories-extras.cmake
[1.065s] -- Installing: /home/a/ws_moveit2/install/dynamixel_sdk/share/dynamixel_sdk/cmake/ament_cmake_export_libraries-extras.cmake
[1.065s] -- Installing: /home/a/ws_moveit2/install/dynamixel_sdk/share/dynamixel_sdk/cmake/dynamixel_sdkConfig.cmake
[1.065s] -- Installing: /home/a/ws_moveit2/install/dynamixel_sdk/share/dynamixel_sdk/cmake/dynamixel_sdkConfig-version.cmake
[1.065s] -- Installing: /home/a/ws_moveit2/install/dynamixel_sdk/share/dynamixel_sdk/package.xml
[1.066s] Invoked command in '/home/a/ws_moveit2/build/dynamixel_sdk' returned '0': CMAKE_PREFIX_PATH=/opt/ros/humble /usr/bin/cmake --install /home/a/ws_moveit2/build/dynamixel_sdk
