[2.112s] Invoking command in '/home/a/ws_moveit2/src/d415_rgb_depth_3d': PYTHONPATH=/home/a/ws_moveit2/build/d415_rgb_depth_3d/prefix_override:/usr/lib/python3/dist-packages/colcon_core/task/python/colcon_distutils_commands:/home/a/ws_moveit2/install/d415_rgb_depth_3d/lib/python3.10/site-packages:${PYTHONPATH} /usr/bin/python3 -W ignore:setup.py install is deprecated -W ignore:easy_install command is deprecated setup.py egg_info --egg-base ../../build/d415_rgb_depth_3d build --build-base /home/a/ws_moveit2/build/d415_rgb_depth_3d/build install --record /home/a/ws_moveit2/build/d415_rgb_depth_3d/install.log --single-version-externally-managed install_data
[3.431s] running egg_info
[3.438s] writing ../../build/d415_rgb_depth_3d/d415_rgb_depth_3d.egg-info/PKG-INFO
[3.439s] writing dependency_links to ../../build/d415_rgb_depth_3d/d415_rgb_depth_3d.egg-info/dependency_links.txt
[3.439s] writing entry points to ../../build/d415_rgb_depth_3d/d415_rgb_depth_3d.egg-info/entry_points.txt
[3.440s] writing requirements to ../../build/d415_rgb_depth_3d/d415_rgb_depth_3d.egg-info/requires.txt
[3.441s] writing top-level names to ../../build/d415_rgb_depth_3d/d415_rgb_depth_3d.egg-info/top_level.txt
[3.447s] reading manifest file '../../build/d415_rgb_depth_3d/d415_rgb_depth_3d.egg-info/SOURCES.txt'
[3.451s] writing manifest file '../../build/d415_rgb_depth_3d/d415_rgb_depth_3d.egg-info/SOURCES.txt'
[3.452s] running build
[3.453s] running build_py
[3.453s] running install
[3.459s] running install_lib
[3.466s] running install_data
[3.467s] running install_egg_info
[3.477s] removing '/home/a/ws_moveit2/install/d415_rgb_depth_3d/lib/python3.10/site-packages/d415_rgb_depth_3d-0.0.0-py3.10.egg-info' (and everything under it)
[3.480s] Copying ../../build/d415_rgb_depth_3d/d415_rgb_depth_3d.egg-info to /home/a/ws_moveit2/install/d415_rgb_depth_3d/lib/python3.10/site-packages/d415_rgb_depth_3d-0.0.0-py3.10.egg-info
[3.481s] running install_scripts
[3.586s] Installing d415_rgb_depth_3d_node script to /home/a/ws_moveit2/install/d415_rgb_depth_3d/lib/d415_rgb_depth_3d
[3.587s] writing list of installed files to '/home/a/ws_moveit2/build/d415_rgb_depth_3d/install.log'
[4.720s] Invoked command in '/home/a/ws_moveit2/src/d415_rgb_depth_3d' returned '0': PYTHONPATH=/home/a/ws_moveit2/build/d415_rgb_depth_3d/prefix_override:/usr/lib/python3/dist-packages/colcon_core/task/python/colcon_distutils_commands:/home/a/ws_moveit2/install/d415_rgb_depth_3d/lib/python3.10/site-packages:${PYTHONPATH} /usr/bin/python3 -W ignore:setup.py install is deprecated -W ignore:easy_install command is deprecated setup.py egg_info --egg-base ../../build/d415_rgb_depth_3d build --build-base /home/a/ws_moveit2/build/d415_rgb_depth_3d/build install --record /home/a/ws_moveit2/build/d415_rgb_depth_3d/install.log --single-version-externally-managed install_data
