[0.450s] Invoking command in '/home/a/ws_moveit2/src/dynamixel_controller_client': PYTHONPATH=/home/a/ws_moveit2/build/dynamixel_controller_client/prefix_override:/usr/lib/python3/dist-packages/colcon_core/task/python/colcon_distutils_commands:/home/a/ws_moveit2/install/dynamixel_controller_client/lib/python3.10/site-packages:${PYTHONPATH} /usr/bin/python3 -W ignore:setup.py install is deprecated -W ignore:easy_install command is deprecated setup.py egg_info --egg-base ../../build/dynamixel_controller_client build --build-base /home/a/ws_moveit2/build/dynamixel_controller_client/build install --record /home/a/ws_moveit2/build/dynamixel_controller_client/install.log --single-version-externally-managed install_data
[0.625s] running egg_info
[0.625s] writing ../../build/dynamixel_controller_client/dynamixel_controller_client.egg-info/PKG-INFO
[0.629s] writing dependency_links to ../../build/dynamixel_controller_client/dynamixel_controller_client.egg-info/dependency_links.txt
[0.629s] writing entry points to ../../build/dynamixel_controller_client/dynamixel_controller_client.egg-info/entry_points.txt
[0.630s] writing requirements to ../../build/dynamixel_controller_client/dynamixel_controller_client.egg-info/requires.txt
[0.630s] writing top-level names to ../../build/dynamixel_controller_client/dynamixel_controller_client.egg-info/top_level.txt
[0.631s] reading manifest file '../../build/dynamixel_controller_client/dynamixel_controller_client.egg-info/SOURCES.txt'
[0.632s] adding license file 'LICENSE'
[0.632s] writing manifest file '../../build/dynamixel_controller_client/dynamixel_controller_client.egg-info/SOURCES.txt'
[0.632s] running build
[0.632s] running build_py
[0.633s] running install
[0.633s] running install_lib
[0.635s] running install_data
[0.635s] running install_egg_info
[0.636s] removing '/home/a/ws_moveit2/install/dynamixel_controller_client/lib/python3.10/site-packages/dynamixel_controller_client-0.0.0-py3.10.egg-info' (and everything under it)
[0.637s] Copying ../../build/dynamixel_controller_client/dynamixel_controller_client.egg-info to /home/a/ws_moveit2/install/dynamixel_controller_client/lib/python3.10/site-packages/dynamixel_controller_client-0.0.0-py3.10.egg-info
[0.637s] running install_scripts
[0.651s] Installing dynamixel_controller_client_node script to /home/a/ws_moveit2/install/dynamixel_controller_client/lib/dynamixel_controller_client
[0.652s] writing list of installed files to '/home/a/ws_moveit2/build/dynamixel_controller_client/install.log'
[0.672s] Invoked command in '/home/a/ws_moveit2/src/dynamixel_controller_client' returned '0': PYTHONPATH=/home/a/ws_moveit2/build/dynamixel_controller_client/prefix_override:/usr/lib/python3/dist-packages/colcon_core/task/python/colcon_distutils_commands:/home/a/ws_moveit2/install/dynamixel_controller_client/lib/python3.10/site-packages:${PYTHONPATH} /usr/bin/python3 -W ignore:setup.py install is deprecated -W ignore:easy_install command is deprecated setup.py egg_info --egg-base ../../build/dynamixel_controller_client build --build-base /home/a/ws_moveit2/build/dynamixel_controller_client/build install --record /home/a/ws_moveit2/build/dynamixel_controller_client/install.log --single-version-externally-managed install_data
