[0.069s] Invoking command in '/home/a/ws_moveit2/build/rviz_marker_tools': AMENT_PREFIX_PATH=/home/a/ws_moveit2/install/moveit_common:${AMENT_PREFIX_PATH} CMAKE_PREFIX_PATH=/home/a/ws_moveit2/install/moveit_common:/opt/ros/humble /usr/bin/cmake /home/a/ws_moveit2/src/moveit_task_constructor/rviz_marker_tools -DCMAKE_INSTALL_PREFIX=/home/a/ws_moveit2/install/rviz_marker_tools
[0.077s] -- Found ament_cmake: 1.3.12 (/opt/ros/humble/share/ament_cmake/cmake)
[0.195s] -- Found moveit_common: 2.5.9 (/home/a/ws_moveit2/install/moveit_common/share/moveit_common/cmake)
[0.240s] -- Found eigen3_cmake_module: 0.1.1 (/opt/ros/humble/share/eigen3_cmake_module/cmake)
[0.242s] -- Found geometry_msgs: 4.9.0 (/opt/ros/humble/share/geometry_msgs/cmake)
[0.259s] -- Found rosidl_generator_c: 3.1.7 (/opt/ros/humble/share/rosidl_generator_c/cmake)
[0.261s] -- Found rosidl_adapter: 3.1.7 (/opt/ros/humble/share/rosidl_adapter/cmake)
[0.265s] -- Found rosidl_generator_cpp: 3.1.7 (/opt/ros/humble/share/rosidl_generator_cpp/cmake)
[0.271s] -- Using all available rosidl_typesupport_c: rosidl_typesupport_fastrtps_c;rosidl_typesupport_introspection_c
[0.279s] -- Using all available rosidl_typesupport_cpp: rosidl_typesupport_fastrtps_cpp;rosidl_typesupport_introspection_cpp
[0.301s] -- Found rclcpp: 16.0.14 (/opt/ros/humble/share/rclcpp/cmake)
[0.316s] -- Found rmw_implementation_cmake: 6.1.2 (/opt/ros/humble/share/rmw_implementation_cmake/cmake)
[0.317s] -- Found rmw_fastrtps_cpp: 6.2.8 (/opt/ros/humble/share/rmw_fastrtps_cpp/cmake)
[0.383s] -- Using RMW implementation 'rmw_fastrtps_cpp' as default
[0.409s] -- Found tf2_eigen: 0.25.16 (/opt/ros/humble/share/tf2_eigen/cmake)
[0.461s] -- Found visualization_msgs: 4.9.0 (/opt/ros/humble/share/visualization_msgs/cmake)
[0.494s] -- Configuring done
[0.514s] -- Generating done
[0.518s] -- Build files have been written to: /home/a/ws_moveit2/build/rviz_marker_tools
[0.531s] Invoked command in '/home/a/ws_moveit2/build/rviz_marker_tools' returned '0': AMENT_PREFIX_PATH=/home/a/ws_moveit2/install/moveit_common:${AMENT_PREFIX_PATH} CMAKE_PREFIX_PATH=/home/a/ws_moveit2/install/moveit_common:/opt/ros/humble /usr/bin/cmake /home/a/ws_moveit2/src/moveit_task_constructor/rviz_marker_tools -DCMAKE_INSTALL_PREFIX=/home/a/ws_moveit2/install/rviz_marker_tools
[0.533s] Invoking command in '/home/a/ws_moveit2/build/rviz_marker_tools': AMENT_PREFIX_PATH=/home/a/ws_moveit2/install/moveit_common:${AMENT_PREFIX_PATH} CMAKE_PREFIX_PATH=/home/a/ws_moveit2/install/moveit_common:/opt/ros/humble /usr/bin/cmake --build /home/a/ws_moveit2/build/rviz_marker_tools -- -j22 -l22
[0.569s] [35m[1mConsolidate compiler generated dependencies of target rviz_marker_tools[0m
[0.593s] [100%] Built target rviz_marker_tools
[0.691s] Invoked command in '/home/a/ws_moveit2/build/rviz_marker_tools' returned '0': AMENT_PREFIX_PATH=/home/a/ws_moveit2/install/moveit_common:${AMENT_PREFIX_PATH} CMAKE_PREFIX_PATH=/home/a/ws_moveit2/install/moveit_common:/opt/ros/humble /usr/bin/cmake --build /home/a/ws_moveit2/build/rviz_marker_tools -- -j22 -l22
[0.693s] Invoking command in '/home/a/ws_moveit2/build/rviz_marker_tools': AMENT_PREFIX_PATH=/home/a/ws_moveit2/install/moveit_common:${AMENT_PREFIX_PATH} CMAKE_PREFIX_PATH=/home/a/ws_moveit2/install/moveit_common:/opt/ros/humble /usr/bin/cmake --install /home/a/ws_moveit2/build/rviz_marker_tools
[0.702s] -- Install configuration: "Release"
[0.702s] -- Up-to-date: /home/a/ws_moveit2/install/rviz_marker_tools/include
[0.703s] -- Up-to-date: /home/a/ws_moveit2/install/rviz_marker_tools/include/rviz_marker_tools
[0.703s] -- Up-to-date: /home/a/ws_moveit2/install/rviz_marker_tools/include/rviz_marker_tools/marker_creation.h
[0.703s] -- Up-to-date: /home/a/ws_moveit2/install/rviz_marker_tools/lib/librviz_marker_tools.so
[0.703s] -- Up-to-date: /home/a/ws_moveit2/install/rviz_marker_tools/share/rviz_marker_tools/environment/library_path.sh
[0.703s] -- Installing: /home/a/ws_moveit2/install/rviz_marker_tools/share/rviz_marker_tools/environment/library_path.dsv
[0.703s] -- Up-to-date: /home/a/ws_moveit2/install/rviz_marker_tools/share/ament_index/resource_index/package_run_dependencies/rviz_marker_tools
[0.704s] -- Installing: /home/a/ws_moveit2/install/rviz_marker_tools/share/ament_index/resource_index/parent_prefix_path/rviz_marker_tools
[0.704s] -- Up-to-date: /home/a/ws_moveit2/install/rviz_marker_tools/share/rviz_marker_tools/environment/ament_prefix_path.sh
[0.704s] -- Installing: /home/a/ws_moveit2/install/rviz_marker_tools/share/rviz_marker_tools/environment/ament_prefix_path.dsv
[0.704s] -- Up-to-date: /home/a/ws_moveit2/install/rviz_marker_tools/share/rviz_marker_tools/environment/path.sh
[0.704s] -- Installing: /home/a/ws_moveit2/install/rviz_marker_tools/share/rviz_marker_tools/environment/path.dsv
[0.704s] -- Up-to-date: /home/a/ws_moveit2/install/rviz_marker_tools/share/rviz_marker_tools/local_setup.bash
[0.704s] -- Up-to-date: /home/a/ws_moveit2/install/rviz_marker_tools/share/rviz_marker_tools/local_setup.sh
[0.704s] -- Up-to-date: /home/a/ws_moveit2/install/rviz_marker_tools/share/rviz_marker_tools/local_setup.zsh
[0.704s] -- Installing: /home/a/ws_moveit2/install/rviz_marker_tools/share/rviz_marker_tools/local_setup.dsv
[0.704s] -- Installing: /home/a/ws_moveit2/install/rviz_marker_tools/share/rviz_marker_tools/package.dsv
[0.704s] -- Up-to-date: /home/a/ws_moveit2/install/rviz_marker_tools/share/ament_index/resource_index/packages/rviz_marker_tools
[0.705s] -- Up-to-date: /home/a/ws_moveit2/install/rviz_marker_tools/share/rviz_marker_tools/cmake/rviz_marker_toolsTargetsExport.cmake
[0.706s] -- Up-to-date: /home/a/ws_moveit2/install/rviz_marker_tools/share/rviz_marker_tools/cmake/rviz_marker_toolsTargetsExport-release.cmake
[0.706s] -- Up-to-date: /home/a/ws_moveit2/install/rviz_marker_tools/share/rviz_marker_tools/cmake/ament_cmake_export_targets-extras.cmake
[0.706s] -- Up-to-date: /home/a/ws_moveit2/install/rviz_marker_tools/share/rviz_marker_tools/cmake/ament_cmake_export_dependencies-extras.cmake
[0.706s] -- Up-to-date: /home/a/ws_moveit2/install/rviz_marker_tools/share/rviz_marker_tools/cmake/rviz_marker_toolsConfig.cmake
[0.707s] -- Up-to-date: /home/a/ws_moveit2/install/rviz_marker_tools/share/rviz_marker_tools/cmake/rviz_marker_toolsConfig-version.cmake
[0.707s] -- Up-to-date: /home/a/ws_moveit2/install/rviz_marker_tools/share/rviz_marker_tools/package.xml
[0.714s] Invoked command in '/home/a/ws_moveit2/build/rviz_marker_tools' returned '0': AMENT_PREFIX_PATH=/home/a/ws_moveit2/install/moveit_common:${AMENT_PREFIX_PATH} CMAKE_PREFIX_PATH=/home/a/ws_moveit2/install/moveit_common:/opt/ros/humble /usr/bin/cmake --install /home/a/ws_moveit2/build/rviz_marker_tools
