[0.067s] Invoking command in '/home/a/ws_moveit2/build/moveit_common': CMAKE_PREFIX_PATH=${CMAKE_PREFIX_PATH}:/home/a/ws_moveit2/install/moveit_configs_utils:/home/a/ws_moveit2/install/launch_param_builder:/opt/ros/humble /opt/st/stm32cubeclt_1.17.0/CMake/bin/cmake --build /home/a/ws_moveit2/build/moveit_common -- -j4 -l4
[0.193s] Invoked command in '/home/a/ws_moveit2/build/moveit_common' returned '0': CMAKE_PREFIX_PATH=${CMAKE_PREFIX_PATH}:/home/a/ws_moveit2/install/moveit_configs_utils:/home/a/ws_moveit2/install/launch_param_builder:/opt/ros/humble /opt/st/stm32cubeclt_1.17.0/CMake/bin/cmake --build /home/a/ws_moveit2/build/moveit_common -- -j4 -l4
[0.209s] Invoking command in '/home/a/ws_moveit2/build/moveit_common': CMAKE_PREFIX_PATH=${CMAKE_PREFIX_PATH}:/home/a/ws_moveit2/install/moveit_configs_utils:/home/a/ws_moveit2/install/launch_param_builder:/opt/ros/humble /opt/st/stm32cubeclt_1.17.0/CMake/bin/cmake --install /home/a/ws_moveit2/build/moveit_common
[0.221s] -- Install configuration: "Release"
[0.224s] -- Execute custom install script
[0.225s] -- Up-to-date symlink: /home/a/ws_moveit2/install/moveit_common/share/ament_index/resource_index/package_run_dependencies/moveit_common
[0.228s] -- Up-to-date symlink: /home/a/ws_moveit2/install/moveit_common/share/ament_index/resource_index/parent_prefix_path/moveit_common
[0.229s] -- Up-to-date symlink: /home/a/ws_moveit2/install/moveit_common/share/moveit_common/environment/ament_prefix_path.sh
[0.230s] -- Up-to-date symlink: /home/a/ws_moveit2/install/moveit_common/share/moveit_common/environment/ament_prefix_path.dsv
[0.232s] -- Up-to-date symlink: /home/a/ws_moveit2/install/moveit_common/share/moveit_common/environment/path.sh
[0.232s] -- Up-to-date symlink: /home/a/ws_moveit2/install/moveit_common/share/moveit_common/environment/path.dsv
[0.235s] -- Up-to-date symlink: /home/a/ws_moveit2/install/moveit_common/share/moveit_common/local_setup.bash
[0.237s] -- Up-to-date symlink: /home/a/ws_moveit2/install/moveit_common/share/moveit_common/local_setup.sh
[0.239s] -- Up-to-date symlink: /home/a/ws_moveit2/install/moveit_common/share/moveit_common/local_setup.zsh
[0.239s] -- Up-to-date symlink: /home/a/ws_moveit2/install/moveit_common/share/moveit_common/local_setup.dsv
[0.240s] -- Symlinking: /home/a/ws_moveit2/install/moveit_common/share/moveit_common/package.dsv
[0.259s] -- Up-to-date symlink: /home/a/ws_moveit2/install/moveit_common/share/ament_index/resource_index/packages/moveit_common
[0.262s] -- Up-to-date symlink: /home/a/ws_moveit2/install/moveit_common/share/moveit_common/cmake/moveit_common-extras.cmake
[0.263s] -- Up-to-date symlink: /home/a/ws_moveit2/install/moveit_common/share/moveit_common/cmake/moveit_commonConfig.cmake
[0.265s] -- Up-to-date symlink: /home/a/ws_moveit2/install/moveit_common/share/moveit_common/cmake/moveit_commonConfig-version.cmake
[0.266s] -- Up-to-date symlink: /home/a/ws_moveit2/install/moveit_common/share/moveit_common/package.xml
[0.271s] -- Up-to-date symlink: /home/a/ws_moveit2/install/moveit_common/share/moveit_common/cmake/moveit_package.cmake
[0.277s] Invoked command in '/home/a/ws_moveit2/build/moveit_common' returned '0': CMAKE_PREFIX_PATH=${CMAKE_PREFIX_PATH}:/home/a/ws_moveit2/install/moveit_configs_utils:/home/a/ws_moveit2/install/launch_param_builder:/opt/ros/humble /opt/st/stm32cubeclt_1.17.0/CMake/bin/cmake --install /home/a/ws_moveit2/build/moveit_common
