[0.023s] Invoking command in '/home/a/ws_moveit2/build/moveit_core': CMAKE_PREFIX_PATH=/home/a/ws_moveit2/install/moveit_resources_panda_moveit_config:/home/a/ws_moveit2/install/srdfdom:/home/a/ws_moveit2/install/moveit_resources_pr2_description:/home/a/ws_moveit2/install/moveit_resources_panda_description:/home/a/ws_moveit2/install/moveit_common:/home/a/ws_moveit2/install/robot_config:/home/a/ws_moveit2/install/pilz_industrial_motion_planner_testutils:/home/a/ws_moveit2/install/my_robot_config:/home/a/ws_moveit2/install/moveit_runtime:/home/a/ws_moveit2/install/moveit2_tutorials:/home/a/ws_moveit2/install/moveit:/home/a/ws_moveit2/install/moveit_planners:/home/a/ws_moveit2/install/pilz_industrial_motion_planner:/home/a/ws_moveit2/install/mtc_tutorial:/home/a/ws_moveit2/install/hello_moveit:/home/a/ws_moveit2/install/moveit_visual_tools:/home/a/ws_moveit2/install/moveit_task_constructor_visualization:/home/a/ws_moveit2/install/moveit_task_constructor_demo:/home/a/ws_moveit2/install/moveit_task_constructor_capabilities:/home/a/ws_moveit2/install/moveit_task_constructor_core:/home/a/ws_moveit2/install/moveit_ros_control_interface:/home/a/ws_moveit2/install/moveit_plugins:/home/a/ws_moveit2/install/moveit_simple_controller_manager:/home/a/ws_moveit2/install/moveit_setup_assistant:/home/a/ws_moveit2/install/moveit_setup_srdf_plugins:/home/a/ws_moveit2/install/moveit_setup_core_plugins:/home/a/ws_moveit2/install/moveit_setup_controllers:/home/a/ws_moveit2/install/moveit_setup_app_plugins:/home/a/ws_moveit2/install/moveit_setup_framework:/home/a/ws_moveit2/install/moveit_servo:/home/a/ws_moveit2/install/moveit_ros:/home/a/ws_moveit2/install/moveit_ros_visualization:/home/a/ws_moveit2/install/moveit_hybrid_planning:/home/a/ws_moveit2/install/moveit_ros_planning_interface:/home/a/ws_moveit2/install/moveit_ros_benchmarks:/home/a/ws_moveit2/install/moveit_ros_warehouse:/home/a/ws_moveit2/install/moveit_ros_robot_interaction:/home/a/ws_moveit2/install/moveit_ros_perception:/home/a/ws_moveit2/install/moveit_resources_prbt_pg70_support:/home/a/ws_moveit2/install/moveit_resources_prbt_moveit_config:/home/a/ws_moveit2/install/moveit_ros_move_group:/home/a/ws_moveit2/install/moveit_planners_ompl:/home/a/ws_moveit2/install/moveit_ros_planning:/home/a/ws_moveit2/install/moveit_ros_occupancy_map_monitor:/home/a/ws_moveit2/install/moveit_resources_prbt_ikfast_manipulator_plugin:/home/a/ws_moveit2/install/moveit_planners_chomp:/home/a/ws_moveit2/install/moveit_kinematics:/home/a/ws_moveit2/install/moveit_chomp_optimizer_adapter:/home/a/ws_moveit2/install/chomp_motion_planner:/home/a/ws_moveit2/install/moveit_core:/home/a/ws_moveit2/install/rviz_marker_tools:/home/a/ws_moveit2/install/rosparam_shortcuts:/home/a/ws_moveit2/install/moveit_task_constructor_msgs:/home/a/ws_moveit2/install/moveit_resources_prbt_support:/home/a/ws_moveit2/install/moveit_resources:/home/a/ws_moveit2/install/moveit_resources_fanuc_moveit_config:/home/a/ws_moveit2/install/moveit_resources_fanuc_description:/home/a/ws_moveit2/install/field_description:/home/a/ws_moveit2/install/dynamixel_controller:/home/a/ws_moveit2/install/dynamixel_sdk:/home/a/ws_moveit2/install/catch_gazebo_control:/home/a/ws_moveit2/install/0525_arm_description:/home/a/ws_moveit2/install/moveit_configs_utils:/home/a/ws_moveit2/install/launch_param_builder:/home/a/ws_moveit2/install/dynamixel_controller_client:/opt/ros/humble LD_LIBRARY_PATH=/home/a/ws_moveit2/install/srdfdom/lib:/home/a/ws_moveit2/install/pilz_industrial_motion_planner_testutils/lib:/home/a/ws_moveit2/install/pilz_industrial_motion_planner/lib:/home/a/ws_moveit2/install/moveit_visual_tools/lib:/home/a/ws_moveit2/install/moveit_task_constructor_visualization/lib:/home/a/ws_moveit2/install/moveit_task_constructor_demo/lib:/home/a/ws_moveit2/install/moveit_task_constructor_capabilities/lib:/home/a/ws_moveit2/install/moveit_task_constructor_core/lib:/home/a/ws_moveit2/install/moveit_ros_control_interface/lib:/home/a/ws_moveit2/install/moveit_simple_controller_manager/lib:/home/a/ws_moveit2/install/moveit_setup_assistant/lib:/home/a/ws_moveit2/install/moveit_setup_srdf_plugins/lib:/home/a/ws_moveit2/install/moveit_setup_core_plugins/lib:/home/a/ws_moveit2/install/moveit_setup_controllers/lib:/home/a/ws_moveit2/install/moveit_setup_app_plugins/lib:/home/a/ws_moveit2/install/moveit_setup_framework/lib:/home/a/ws_moveit2/install/moveit_servo/lib:/home/a/ws_moveit2/install/moveit_ros_visualization/lib:/home/a/ws_moveit2/install/moveit_hybrid_planning/lib:/home/a/ws_moveit2/install/moveit_ros_planning_interface/lib:/home/a/ws_moveit2/install/moveit_ros_benchmarks/lib:/home/a/ws_moveit2/install/moveit_ros_warehouse/lib:/home/a/ws_moveit2/install/moveit_ros_robot_interaction/lib:/home/a/ws_moveit2/install/moveit_ros_perception/lib:/home/a/ws_moveit2/install/moveit_ros_move_group/lib:/home/a/ws_moveit2/install/moveit_planners_ompl/lib:/home/a/ws_moveit2/install/moveit_ros_planning/lib:/home/a/ws_moveit2/install/moveit_ros_occupancy_map_monitor/lib:/home/a/ws_moveit2/install/moveit_resources_prbt_ikfast_manipulator_plugin/lib:/home/a/ws_moveit2/install/moveit_planners_chomp/lib:/home/a/ws_moveit2/install/moveit_kinematics/lib:/home/a/ws_moveit2/install/moveit_chomp_optimizer_adapter/lib:/home/a/ws_moveit2/install/chomp_motion_planner/lib:/home/a/ws_moveit2/install/moveit_core/lib:/home/a/ws_moveit2/install/rviz_marker_tools/lib:/home/a/ws_moveit2/install/rosparam_shortcuts/lib:/home/a/ws_moveit2/install/moveit_task_constructor_msgs/lib:/home/a/ws_moveit2/install/dynamixel_controller/lib:/home/a/ws_moveit2/install/dynamixel_sdk/lib:/opt/ros/humble/opt/rviz_ogre_vendor/lib:/opt/ros/humble/lib/x86_64-linux-gnu:/opt/ros/humble/lib /usr/bin/cmake --build /home/a/ws_moveit2/build/moveit_core -- -j22 -l22
[0.121s] [  1%] Built target moveit_transforms
[0.122s] [  2%] Built target moveit_kinematics_base
[0.123s] [  3%] Built target moveit_exceptions
[0.125s] [  4%] Built target gtest
[0.126s] [  7%] Built target moveit_utils
[0.128s] [  9%] Built target gtest_main
[0.128s] [ 11%] Built target moveit_distance_field
[0.135s] [ 12%] Built target moveit_smoothing_base
[0.135s] [ 14%] Built target gmock_main
[0.136s] [ 15%] Built target moveit_butterworth_parameters
[0.136s] [ 17%] Built target gmock
[0.167s] [ 18%] Built target moveit_version
[0.176s] [ 19%] Built target test_transforms
[0.184s] [ 20%] Built target test_voxel_grid
[0.194s] [ 21%] Built target test_distance_field
[0.195s] [ 27%] Built target moveit_robot_model
[0.244s] [ 28%] Built target moveit_butterworth_filter
[0.244s] [ 30%] Built target moveit_test_utils
[0.277s] [ 33%] Built target moveit_robot_state
[0.294s] [ 34%] Built target test_butterworth_filter
[0.319s] [ 35%] Built target test_robot_model
[0.373s] [ 36%] Built target moveit_dynamics_solver
[0.381s] [ 38%] Built target test_robot_state
[0.384s] [ 39%] Built target moveit_robot_trajectory
[0.389s] [ 40%] Built target test_aabb
[0.399s] [ 41%] Built target test_robot_state_complex
[0.420s] [ 46%] Built target moveit_collision_detection
[0.463s] [ 47%] Built target test_cartesian_interpolator
[0.477s] [ 48%] Built target test_robot_state_benchmark
[0.484s] [ 49%] Built target moveit_kinematics_metrics
[0.515s] [ 50%] Built target test_all_valid
[0.531s] [ 51%] Built target test_robot_trajectory
[0.532s] [ 54%] Built target moveit_trajectory_processing
[0.538s] [ 55%] Built target test_world
[0.539s] [ 57%] Built target moveit_collision_detection_fcl
[0.554s] [ 59%] Built target test_world_diff
[0.554s] [ 61%] Built target moveit_planning_interface
[0.583s] [ 66%] Built target moveit_collision_detection_bullet
[0.665s] [ 67%] Built target test_bullet_collision_detection
[0.665s] [ 68%] Built target test_fcl_collision_env
[0.665s] [ 69%] Built target test_bullet_continuous_collision_checking
[0.666s] [ 70%] Built target test_time_parameterization
[0.666s] [ 72%] Built target test_time_optimal_trajectory_generation
[0.668s] [ 74%] Built target test_bullet_collision_detection_panda
[0.678s] [ 76%] Built target test_fcl_collision_detection_panda
[0.678s] [ 77%] Built target test_fcl_collision_detection
[0.686s] [ 78%] Built target test_ruckig_traj_smoothing
[0.689s] [ 80%] Built target moveit_kinematic_constraints
[0.797s] [ 81%] Built target test_constraints
[0.808s] [ 82%] Built target test_orientation_constraints
[0.808s] [ 84%] Built target moveit_planning_scene
[0.908s] [ 85%] Built target moveit_planning_request_adapter
[0.925s] [ 86%] Built target collision_detector_fcl_plugin
[0.932s] [ 89%] Built target moveit_constraint_samplers
[0.937s] [ 92%] Built target moveit_collision_distance_field
[0.945s] [ 93%] Built target test_multi_threaded
[0.950s] [ 94%] Built target test_planning_scene
[0.960s] [ 95%] Built target test_collision_objects
[0.962s] [ 96%] Built target collision_detector_bullet_plugin
[1.027s] [ 99%] Built target test_constraint_samplers
[1.035s] [100%] Built target test_collision_distance_field
[1.581s] Invoked command in '/home/a/ws_moveit2/build/moveit_core' returned '0': CMAKE_PREFIX_PATH=/home/a/ws_moveit2/install/moveit_resources_panda_moveit_config:/home/a/ws_moveit2/install/srdfdom:/home/a/ws_moveit2/install/moveit_resources_pr2_description:/home/a/ws_moveit2/install/moveit_resources_panda_description:/home/a/ws_moveit2/install/moveit_common:/home/a/ws_moveit2/install/robot_config:/home/a/ws_moveit2/install/pilz_industrial_motion_planner_testutils:/home/a/ws_moveit2/install/my_robot_config:/home/a/ws_moveit2/install/moveit_runtime:/home/a/ws_moveit2/install/moveit2_tutorials:/home/a/ws_moveit2/install/moveit:/home/a/ws_moveit2/install/moveit_planners:/home/a/ws_moveit2/install/pilz_industrial_motion_planner:/home/a/ws_moveit2/install/mtc_tutorial:/home/a/ws_moveit2/install/hello_moveit:/home/a/ws_moveit2/install/moveit_visual_tools:/home/a/ws_moveit2/install/moveit_task_constructor_visualization:/home/a/ws_moveit2/install/moveit_task_constructor_demo:/home/a/ws_moveit2/install/moveit_task_constructor_capabilities:/home/a/ws_moveit2/install/moveit_task_constructor_core:/home/a/ws_moveit2/install/moveit_ros_control_interface:/home/a/ws_moveit2/install/moveit_plugins:/home/a/ws_moveit2/install/moveit_simple_controller_manager:/home/a/ws_moveit2/install/moveit_setup_assistant:/home/a/ws_moveit2/install/moveit_setup_srdf_plugins:/home/a/ws_moveit2/install/moveit_setup_core_plugins:/home/a/ws_moveit2/install/moveit_setup_controllers:/home/a/ws_moveit2/install/moveit_setup_app_plugins:/home/a/ws_moveit2/install/moveit_setup_framework:/home/a/ws_moveit2/install/moveit_servo:/home/a/ws_moveit2/install/moveit_ros:/home/a/ws_moveit2/install/moveit_ros_visualization:/home/a/ws_moveit2/install/moveit_hybrid_planning:/home/a/ws_moveit2/install/moveit_ros_planning_interface:/home/a/ws_moveit2/install/moveit_ros_benchmarks:/home/a/ws_moveit2/install/moveit_ros_warehouse:/home/a/ws_moveit2/install/moveit_ros_robot_interaction:/home/a/ws_moveit2/install/moveit_ros_perception:/home/a/ws_moveit2/install/moveit_resources_prbt_pg70_support:/home/a/ws_moveit2/install/moveit_resources_prbt_moveit_config:/home/a/ws_moveit2/install/moveit_ros_move_group:/home/a/ws_moveit2/install/moveit_planners_ompl:/home/a/ws_moveit2/install/moveit_ros_planning:/home/a/ws_moveit2/install/moveit_ros_occupancy_map_monitor:/home/a/ws_moveit2/install/moveit_resources_prbt_ikfast_manipulator_plugin:/home/a/ws_moveit2/install/moveit_planners_chomp:/home/a/ws_moveit2/install/moveit_kinematics:/home/a/ws_moveit2/install/moveit_chomp_optimizer_adapter:/home/a/ws_moveit2/install/chomp_motion_planner:/home/a/ws_moveit2/install/moveit_core:/home/a/ws_moveit2/install/rviz_marker_tools:/home/a/ws_moveit2/install/rosparam_shortcuts:/home/a/ws_moveit2/install/moveit_task_constructor_msgs:/home/a/ws_moveit2/install/moveit_resources_prbt_support:/home/a/ws_moveit2/install/moveit_resources:/home/a/ws_moveit2/install/moveit_resources_fanuc_moveit_config:/home/a/ws_moveit2/install/moveit_resources_fanuc_description:/home/a/ws_moveit2/install/field_description:/home/a/ws_moveit2/install/dynamixel_controller:/home/a/ws_moveit2/install/dynamixel_sdk:/home/a/ws_moveit2/install/catch_gazebo_control:/home/a/ws_moveit2/install/0525_arm_description:/home/a/ws_moveit2/install/moveit_configs_utils:/home/a/ws_moveit2/install/launch_param_builder:/home/a/ws_moveit2/install/dynamixel_controller_client:/opt/ros/humble LD_LIBRARY_PATH=/home/a/ws_moveit2/install/srdfdom/lib:/home/a/ws_moveit2/install/pilz_industrial_motion_planner_testutils/lib:/home/a/ws_moveit2/install/pilz_industrial_motion_planner/lib:/home/a/ws_moveit2/install/moveit_visual_tools/lib:/home/a/ws_moveit2/install/moveit_task_constructor_visualization/lib:/home/a/ws_moveit2/install/moveit_task_constructor_demo/lib:/home/a/ws_moveit2/install/moveit_task_constructor_capabilities/lib:/home/a/ws_moveit2/install/moveit_task_constructor_core/lib:/home/a/ws_moveit2/install/moveit_ros_control_interface/lib:/home/a/ws_moveit2/install/moveit_simple_controller_manager/lib:/home/a/ws_moveit2/install/moveit_setup_assistant/lib:/home/a/ws_moveit2/install/moveit_setup_srdf_plugins/lib:/home/a/ws_moveit2/install/moveit_setup_core_plugins/lib:/home/a/ws_moveit2/install/moveit_setup_controllers/lib:/home/a/ws_moveit2/install/moveit_setup_app_plugins/lib:/home/a/ws_moveit2/install/moveit_setup_framework/lib:/home/a/ws_moveit2/install/moveit_servo/lib:/home/a/ws_moveit2/install/moveit_ros_visualization/lib:/home/a/ws_moveit2/install/moveit_hybrid_planning/lib:/home/a/ws_moveit2/install/moveit_ros_planning_interface/lib:/home/a/ws_moveit2/install/moveit_ros_benchmarks/lib:/home/a/ws_moveit2/install/moveit_ros_warehouse/lib:/home/a/ws_moveit2/install/moveit_ros_robot_interaction/lib:/home/a/ws_moveit2/install/moveit_ros_perception/lib:/home/a/ws_moveit2/install/moveit_ros_move_group/lib:/home/a/ws_moveit2/install/moveit_planners_ompl/lib:/home/a/ws_moveit2/install/moveit_ros_planning/lib:/home/a/ws_moveit2/install/moveit_ros_occupancy_map_monitor/lib:/home/a/ws_moveit2/install/moveit_resources_prbt_ikfast_manipulator_plugin/lib:/home/a/ws_moveit2/install/moveit_planners_chomp/lib:/home/a/ws_moveit2/install/moveit_kinematics/lib:/home/a/ws_moveit2/install/moveit_chomp_optimizer_adapter/lib:/home/a/ws_moveit2/install/chomp_motion_planner/lib:/home/a/ws_moveit2/install/moveit_core/lib:/home/a/ws_moveit2/install/rviz_marker_tools/lib:/home/a/ws_moveit2/install/rosparam_shortcuts/lib:/home/a/ws_moveit2/install/moveit_task_constructor_msgs/lib:/home/a/ws_moveit2/install/dynamixel_controller/lib:/home/a/ws_moveit2/install/dynamixel_sdk/lib:/opt/ros/humble/opt/rviz_ogre_vendor/lib:/opt/ros/humble/lib/x86_64-linux-gnu:/opt/ros/humble/lib /usr/bin/cmake --build /home/a/ws_moveit2/build/moveit_core -- -j22 -l22
[1.584s] Invoking command in '/home/a/ws_moveit2/build/moveit_core': CMAKE_PREFIX_PATH=/home/a/ws_moveit2/install/moveit_resources_panda_moveit_config:/home/a/ws_moveit2/install/srdfdom:/home/a/ws_moveit2/install/moveit_resources_pr2_description:/home/a/ws_moveit2/install/moveit_resources_panda_description:/home/a/ws_moveit2/install/moveit_common:/home/a/ws_moveit2/install/robot_config:/home/a/ws_moveit2/install/pilz_industrial_motion_planner_testutils:/home/a/ws_moveit2/install/my_robot_config:/home/a/ws_moveit2/install/moveit_runtime:/home/a/ws_moveit2/install/moveit2_tutorials:/home/a/ws_moveit2/install/moveit:/home/a/ws_moveit2/install/moveit_planners:/home/a/ws_moveit2/install/pilz_industrial_motion_planner:/home/a/ws_moveit2/install/mtc_tutorial:/home/a/ws_moveit2/install/hello_moveit:/home/a/ws_moveit2/install/moveit_visual_tools:/home/a/ws_moveit2/install/moveit_task_constructor_visualization:/home/a/ws_moveit2/install/moveit_task_constructor_demo:/home/a/ws_moveit2/install/moveit_task_constructor_capabilities:/home/a/ws_moveit2/install/moveit_task_constructor_core:/home/a/ws_moveit2/install/moveit_ros_control_interface:/home/a/ws_moveit2/install/moveit_plugins:/home/a/ws_moveit2/install/moveit_simple_controller_manager:/home/a/ws_moveit2/install/moveit_setup_assistant:/home/a/ws_moveit2/install/moveit_setup_srdf_plugins:/home/a/ws_moveit2/install/moveit_setup_core_plugins:/home/a/ws_moveit2/install/moveit_setup_controllers:/home/a/ws_moveit2/install/moveit_setup_app_plugins:/home/a/ws_moveit2/install/moveit_setup_framework:/home/a/ws_moveit2/install/moveit_servo:/home/a/ws_moveit2/install/moveit_ros:/home/a/ws_moveit2/install/moveit_ros_visualization:/home/a/ws_moveit2/install/moveit_hybrid_planning:/home/a/ws_moveit2/install/moveit_ros_planning_interface:/home/a/ws_moveit2/install/moveit_ros_benchmarks:/home/a/ws_moveit2/install/moveit_ros_warehouse:/home/a/ws_moveit2/install/moveit_ros_robot_interaction:/home/a/ws_moveit2/install/moveit_ros_perception:/home/a/ws_moveit2/install/moveit_resources_prbt_pg70_support:/home/a/ws_moveit2/install/moveit_resources_prbt_moveit_config:/home/a/ws_moveit2/install/moveit_ros_move_group:/home/a/ws_moveit2/install/moveit_planners_ompl:/home/a/ws_moveit2/install/moveit_ros_planning:/home/a/ws_moveit2/install/moveit_ros_occupancy_map_monitor:/home/a/ws_moveit2/install/moveit_resources_prbt_ikfast_manipulator_plugin:/home/a/ws_moveit2/install/moveit_planners_chomp:/home/a/ws_moveit2/install/moveit_kinematics:/home/a/ws_moveit2/install/moveit_chomp_optimizer_adapter:/home/a/ws_moveit2/install/chomp_motion_planner:/home/a/ws_moveit2/install/moveit_core:/home/a/ws_moveit2/install/rviz_marker_tools:/home/a/ws_moveit2/install/rosparam_shortcuts:/home/a/ws_moveit2/install/moveit_task_constructor_msgs:/home/a/ws_moveit2/install/moveit_resources_prbt_support:/home/a/ws_moveit2/install/moveit_resources:/home/a/ws_moveit2/install/moveit_resources_fanuc_moveit_config:/home/a/ws_moveit2/install/moveit_resources_fanuc_description:/home/a/ws_moveit2/install/field_description:/home/a/ws_moveit2/install/dynamixel_controller:/home/a/ws_moveit2/install/dynamixel_sdk:/home/a/ws_moveit2/install/catch_gazebo_control:/home/a/ws_moveit2/install/0525_arm_description:/home/a/ws_moveit2/install/moveit_configs_utils:/home/a/ws_moveit2/install/launch_param_builder:/home/a/ws_moveit2/install/dynamixel_controller_client:/opt/ros/humble LD_LIBRARY_PATH=/home/a/ws_moveit2/install/srdfdom/lib:/home/a/ws_moveit2/install/pilz_industrial_motion_planner_testutils/lib:/home/a/ws_moveit2/install/pilz_industrial_motion_planner/lib:/home/a/ws_moveit2/install/moveit_visual_tools/lib:/home/a/ws_moveit2/install/moveit_task_constructor_visualization/lib:/home/a/ws_moveit2/install/moveit_task_constructor_demo/lib:/home/a/ws_moveit2/install/moveit_task_constructor_capabilities/lib:/home/a/ws_moveit2/install/moveit_task_constructor_core/lib:/home/a/ws_moveit2/install/moveit_ros_control_interface/lib:/home/a/ws_moveit2/install/moveit_simple_controller_manager/lib:/home/a/ws_moveit2/install/moveit_setup_assistant/lib:/home/a/ws_moveit2/install/moveit_setup_srdf_plugins/lib:/home/a/ws_moveit2/install/moveit_setup_core_plugins/lib:/home/a/ws_moveit2/install/moveit_setup_controllers/lib:/home/a/ws_moveit2/install/moveit_setup_app_plugins/lib:/home/a/ws_moveit2/install/moveit_setup_framework/lib:/home/a/ws_moveit2/install/moveit_servo/lib:/home/a/ws_moveit2/install/moveit_ros_visualization/lib:/home/a/ws_moveit2/install/moveit_hybrid_planning/lib:/home/a/ws_moveit2/install/moveit_ros_planning_interface/lib:/home/a/ws_moveit2/install/moveit_ros_benchmarks/lib:/home/a/ws_moveit2/install/moveit_ros_warehouse/lib:/home/a/ws_moveit2/install/moveit_ros_robot_interaction/lib:/home/a/ws_moveit2/install/moveit_ros_perception/lib:/home/a/ws_moveit2/install/moveit_ros_move_group/lib:/home/a/ws_moveit2/install/moveit_planners_ompl/lib:/home/a/ws_moveit2/install/moveit_ros_planning/lib:/home/a/ws_moveit2/install/moveit_ros_occupancy_map_monitor/lib:/home/a/ws_moveit2/install/moveit_resources_prbt_ikfast_manipulator_plugin/lib:/home/a/ws_moveit2/install/moveit_planners_chomp/lib:/home/a/ws_moveit2/install/moveit_kinematics/lib:/home/a/ws_moveit2/install/moveit_chomp_optimizer_adapter/lib:/home/a/ws_moveit2/install/chomp_motion_planner/lib:/home/a/ws_moveit2/install/moveit_core/lib:/home/a/ws_moveit2/install/rviz_marker_tools/lib:/home/a/ws_moveit2/install/rosparam_shortcuts/lib:/home/a/ws_moveit2/install/moveit_task_constructor_msgs/lib:/home/a/ws_moveit2/install/dynamixel_controller/lib:/home/a/ws_moveit2/install/dynamixel_sdk/lib:/opt/ros/humble/opt/rviz_ogre_vendor/lib:/opt/ros/humble/lib/x86_64-linux-gnu:/opt/ros/humble/lib /usr/bin/cmake --install /home/a/ws_moveit2/build/moveit_core
[1.629s] -- Install configuration: "Release"
[1.631s] -- Up-to-date: /home/a/ws_moveit2/install/moveit_core/include/moveit/version.h
[1.631s] -- Up-to-date: /home/a/ws_moveit2/install/moveit_core/include
[1.632s] -- Up-to-date: /home/a/ws_moveit2/install/moveit_core/include/moveit
[1.632s] -- Up-to-date: /home/a/ws_moveit2/install/moveit_core/include/moveit/collision_distance_field
[1.633s] -- Up-to-date: /home/a/ws_moveit2/install/moveit_core/include/moveit/collision_distance_field/collision_distance_field_types.h
[1.633s] -- Up-to-date: /home/a/ws_moveit2/install/moveit_core/include/moveit/collision_distance_field/collision_env_hybrid.h
[1.633s] -- Up-to-date: /home/a/ws_moveit2/install/moveit_core/include/moveit/collision_distance_field/collision_common_distance_field.h
[1.634s] -- Up-to-date: /home/a/ws_moveit2/install/moveit_core/include/moveit/collision_distance_field/collision_detector_allocator_distance_field.h
[1.634s] -- Up-to-date: /home/a/ws_moveit2/install/moveit_core/include/moveit/collision_distance_field/collision_env_distance_field.h
[1.635s] -- Up-to-date: /home/a/ws_moveit2/install/moveit_core/include/moveit/collision_distance_field/collision_detector_allocator_hybrid.h
[1.636s] -- Up-to-date: /home/a/ws_moveit2/install/moveit_core/include/moveit_collision_distance_field_export.h
[1.636s] -- Up-to-date: /home/a/ws_moveit2/install/moveit_core/include
[1.637s] -- Up-to-date: /home/a/ws_moveit2/install/moveit_core/include/moveit
[1.637s] -- Up-to-date: /home/a/ws_moveit2/install/moveit_core/include/moveit/constraint_samplers
[1.638s] -- Up-to-date: /home/a/ws_moveit2/install/moveit_core/include/moveit/constraint_samplers/union_constraint_sampler.h
[1.639s] -- Up-to-date: /home/a/ws_moveit2/install/moveit_core/include/moveit/constraint_samplers/default_constraint_samplers.h
[1.639s] -- Up-to-date: /home/a/ws_moveit2/install/moveit_core/include/moveit/constraint_samplers/constraint_sampler_tools.h
[1.640s] -- Up-to-date: /home/a/ws_moveit2/install/moveit_core/include/moveit/constraint_samplers/constraint_sampler_allocator.h
[1.640s] -- Up-to-date: /home/a/ws_moveit2/install/moveit_core/include/moveit/constraint_samplers/constraint_sampler.h
[1.641s] -- Up-to-date: /home/a/ws_moveit2/install/moveit_core/include/moveit/constraint_samplers/constraint_sampler_manager.h
[1.642s] -- Up-to-date: /home/a/ws_moveit2/install/moveit_core/include
[1.642s] -- Up-to-date: /home/a/ws_moveit2/install/moveit_core/include/moveit
[1.643s] -- Up-to-date: /home/a/ws_moveit2/install/moveit_core/include/moveit/controller_manager
[1.643s] -- Up-to-date: /home/a/ws_moveit2/install/moveit_core/include/moveit/controller_manager/controller_manager.h
[1.644s] -- Up-to-date: /home/a/ws_moveit2/install/moveit_core/include
[1.644s] -- Up-to-date: /home/a/ws_moveit2/install/moveit_core/include/moveit
[1.644s] -- Up-to-date: /home/a/ws_moveit2/install/moveit_core/include/moveit/distance_field
[1.645s] -- Up-to-date: /home/a/ws_moveit2/install/moveit_core/include/moveit/distance_field/voxel_grid.h
[1.645s] -- Up-to-date: /home/a/ws_moveit2/install/moveit_core/include/moveit/distance_field/propagation_distance_field.h
[1.645s] -- Up-to-date: /home/a/ws_moveit2/install/moveit_core/include/moveit/distance_field/find_internal_points.h
[1.646s] -- Up-to-date: /home/a/ws_moveit2/install/moveit_core/include/moveit/distance_field/distance_field.h
[1.646s] -- Up-to-date: /home/a/ws_moveit2/install/moveit_core/include
[1.646s] -- Up-to-date: /home/a/ws_moveit2/install/moveit_core/include/moveit
[1.647s] -- Up-to-date: /home/a/ws_moveit2/install/moveit_core/include/moveit/dynamics_solver
[1.647s] -- Up-to-date: /home/a/ws_moveit2/install/moveit_core/include/moveit/dynamics_solver/dynamics_solver.h
[1.648s] -- Up-to-date: /home/a/ws_moveit2/install/moveit_core/include
[1.648s] -- Up-to-date: /home/a/ws_moveit2/install/moveit_core/include/moveit
[1.649s] -- Up-to-date: /home/a/ws_moveit2/install/moveit_core/include/moveit/exceptions
[1.650s] -- Up-to-date: /home/a/ws_moveit2/install/moveit_core/include/moveit/exceptions/exceptions.h
[1.650s] -- Up-to-date: /home/a/ws_moveit2/install/moveit_core/include
[1.650s] -- Up-to-date: /home/a/ws_moveit2/install/moveit_core/include/moveit
[1.651s] -- Up-to-date: /home/a/ws_moveit2/install/moveit_core/include/moveit/kinematics_base
[1.651s] -- Up-to-date: /home/a/ws_moveit2/install/moveit_core/include/moveit/kinematics_base/kinematics_base.h
[1.652s] -- Up-to-date: /home/a/ws_moveit2/install/moveit_core/include/moveit_kinematics_base_export.h
[1.652s] -- Up-to-date: /home/a/ws_moveit2/install/moveit_core/include
[1.652s] -- Up-to-date: /home/a/ws_moveit2/install/moveit_core/include/moveit
[1.652s] -- Up-to-date: /home/a/ws_moveit2/install/moveit_core/include/moveit/kinematic_constraints
[1.653s] -- Up-to-date: /home/a/ws_moveit2/install/moveit_core/include/moveit/kinematic_constraints/utils.h
[1.653s] -- Up-to-date: /home/a/ws_moveit2/install/moveit_core/include/moveit/kinematic_constraints/kinematic_constraint.h
[1.653s] -- Up-to-date: /home/a/ws_moveit2/install/moveit_core/include
[1.654s] -- Up-to-date: /home/a/ws_moveit2/install/moveit_core/include/moveit
[1.654s] -- Up-to-date: /home/a/ws_moveit2/install/moveit_core/include/moveit/kinematics_metrics
[1.655s] -- Up-to-date: /home/a/ws_moveit2/install/moveit_core/include/moveit/kinematics_metrics/kinematics_metrics.h
[1.657s] -- Up-to-date: /home/a/ws_moveit2/install/moveit_core/include
[1.658s] -- Up-to-date: /home/a/ws_moveit2/install/moveit_core/include/moveit
[1.659s] -- Up-to-date: /home/a/ws_moveit2/install/moveit_core/include/moveit/macros
[1.659s] -- Up-to-date: /home/a/ws_moveit2/install/moveit_core/include/moveit/macros/declare_ptr.h
[1.660s] -- Up-to-date: /home/a/ws_moveit2/install/moveit_core/include/moveit/macros/deprecation.h
[1.660s] -- Up-to-date: /home/a/ws_moveit2/install/moveit_core/include/moveit/macros/class_forward.h
[1.660s] -- Up-to-date: /home/a/ws_moveit2/install/moveit_core/include/moveit/macros/console_colors.h
[1.661s] -- Up-to-date: /home/a/ws_moveit2/install/moveit_core/include/moveit_core
[1.661s] -- Up-to-date: /home/a/ws_moveit2/install/moveit_core/include/moveit_core/moveit_butterworth_parameters.hpp
[1.661s] -- Up-to-date: /home/a/ws_moveit2/install/moveit_core/include
[1.662s] -- Up-to-date: /home/a/ws_moveit2/install/moveit_core/include/moveit
[1.662s] -- Up-to-date: /home/a/ws_moveit2/install/moveit_core/include/moveit/online_signal_smoothing
[1.663s] -- Up-to-date: /home/a/ws_moveit2/install/moveit_core/include/moveit/online_signal_smoothing/smoothing_base_class.h
[1.663s] -- Up-to-date: /home/a/ws_moveit2/install/moveit_core/include/moveit/online_signal_smoothing/butterworth_filter.h
[1.663s] -- Up-to-date: /home/a/ws_moveit2/install/moveit_core/include/moveit_smoothing_base_export.h
[1.665s] -- Up-to-date: /home/a/ws_moveit2/install/moveit_core/include/moveit_butterworth_filter_export.h
[1.665s] -- Up-to-date: /home/a/ws_moveit2/install/moveit_core/include
[1.665s] -- Up-to-date: /home/a/ws_moveit2/install/moveit_core/include/moveit
[1.666s] -- Up-to-date: /home/a/ws_moveit2/install/moveit_core/include/moveit/planning_interface
[1.666s] -- Up-to-date: /home/a/ws_moveit2/install/moveit_core/include/moveit/planning_interface/planning_request.h
[1.666s] -- Up-to-date: /home/a/ws_moveit2/install/moveit_core/include/moveit/planning_interface/planning_interface.h
[1.667s] -- Up-to-date: /home/a/ws_moveit2/install/moveit_core/include/moveit/planning_interface/planning_response.h
[1.671s] -- Up-to-date: /home/a/ws_moveit2/install/moveit_core/include
[1.672s] -- Up-to-date: /home/a/ws_moveit2/install/moveit_core/include/moveit
[1.672s] -- Up-to-date: /home/a/ws_moveit2/install/moveit_core/include/moveit/planning_request_adapter
[1.672s] -- Up-to-date: /home/a/ws_moveit2/install/moveit_core/include/moveit/planning_request_adapter/planning_request_adapter.h
[1.673s] -- Up-to-date: /home/a/ws_moveit2/install/moveit_core/include
[1.673s] -- Up-to-date: /home/a/ws_moveit2/install/moveit_core/include/moveit
[1.673s] -- Up-to-date: /home/a/ws_moveit2/install/moveit_core/include/moveit/planning_scene
[1.673s] -- Up-to-date: /home/a/ws_moveit2/install/moveit_core/include/moveit/planning_scene/planning_scene.h
[1.674s] -- Up-to-date: /home/a/ws_moveit2/install/moveit_core/include/moveit_planning_scene_export.h
[1.674s] -- Up-to-date: /home/a/ws_moveit2/install/moveit_core/include
[1.674s] -- Up-to-date: /home/a/ws_moveit2/install/moveit_core/include/moveit
[1.675s] -- Up-to-date: /home/a/ws_moveit2/install/moveit_core/include/moveit/robot_model
[1.675s] -- Up-to-date: /home/a/ws_moveit2/install/moveit_core/include/moveit/robot_model/robot_model.h
[1.676s] -- Up-to-date: /home/a/ws_moveit2/install/moveit_core/include/moveit/robot_model/link_model.h
[1.676s] -- Up-to-date: /home/a/ws_moveit2/install/moveit_core/include/moveit/robot_model/floating_joint_model.h
[1.676s] -- Up-to-date: /home/a/ws_moveit2/install/moveit_core/include/moveit/robot_model/joint_model.h
[1.677s] -- Up-to-date: /home/a/ws_moveit2/install/moveit_core/include/moveit/robot_model/planar_joint_model.h
[1.677s] -- Up-to-date: /home/a/ws_moveit2/install/moveit_core/include/moveit/robot_model/aabb.h
[1.678s] -- Up-to-date: /home/a/ws_moveit2/install/moveit_core/include/moveit/robot_model/fixed_joint_model.h
[1.679s] -- Up-to-date: /home/a/ws_moveit2/install/moveit_core/include/moveit/robot_model/prismatic_joint_model.h
[1.680s] -- Up-to-date: /home/a/ws_moveit2/install/moveit_core/include/moveit/robot_model/revolute_joint_model.h
[1.680s] -- Up-to-date: /home/a/ws_moveit2/install/moveit_core/include/moveit/robot_model/joint_model_group.h
[1.681s] -- Up-to-date: /home/a/ws_moveit2/install/moveit_core/include
[1.681s] -- Up-to-date: /home/a/ws_moveit2/install/moveit_core/include/moveit
[1.681s] -- Up-to-date: /home/a/ws_moveit2/install/moveit_core/include/moveit/robot_state
[1.682s] -- Up-to-date: /home/a/ws_moveit2/install/moveit_core/include/moveit/robot_state/robot_state.h
[1.683s] -- Up-to-date: /home/a/ws_moveit2/install/moveit_core/include/moveit/robot_state/cartesian_interpolator.h
[1.684s] -- Up-to-date: /home/a/ws_moveit2/install/moveit_core/include/moveit/robot_state/conversions.h
[1.684s] -- Up-to-date: /home/a/ws_moveit2/install/moveit_core/include/moveit/robot_state/attached_body.h
[1.685s] -- Up-to-date: /home/a/ws_moveit2/install/moveit_core/include
[1.725s] -- Up-to-date: /home/a/ws_moveit2/install/moveit_core/include/moveit
[1.725s] -- Up-to-date: /home/a/ws_moveit2/install/moveit_core/include/moveit/robot_trajectory
[1.726s] -- Up-to-date: /home/a/ws_moveit2/install/moveit_core/include/moveit/robot_trajectory/robot_trajectory.h
[1.727s] -- Up-to-date: /home/a/ws_moveit2/install/moveit_core/include
[1.727s] -- Up-to-date: /home/a/ws_moveit2/install/moveit_core/include/moveit
[1.727s] -- Up-to-date: /home/a/ws_moveit2/install/moveit_core/include/moveit/sensor_manager
[1.728s] -- Up-to-date: /home/a/ws_moveit2/install/moveit_core/include/moveit/sensor_manager/sensor_manager.h
[1.732s] -- Up-to-date: /home/a/ws_moveit2/install/moveit_core/include
[1.733s] -- Up-to-date: /home/a/ws_moveit2/install/moveit_core/include/moveit
[1.733s] -- Up-to-date: /home/a/ws_moveit2/install/moveit_core/include/moveit/trajectory_processing
[1.734s] -- Up-to-date: /home/a/ws_moveit2/install/moveit_core/include/moveit/trajectory_processing/iterative_time_parameterization.h
[1.734s] -- Up-to-date: /home/a/ws_moveit2/install/moveit_core/include/moveit/trajectory_processing/time_parameterization.h
[1.735s] -- Up-to-date: /home/a/ws_moveit2/install/moveit_core/include/moveit/trajectory_processing/trajectory_tools.h
[1.735s] -- Up-to-date: /home/a/ws_moveit2/install/moveit_core/include/moveit/trajectory_processing/iterative_spline_parameterization.h
[1.736s] -- Up-to-date: /home/a/ws_moveit2/install/moveit_core/include/moveit/trajectory_processing/time_optimal_trajectory_generation.h
[1.736s] -- Up-to-date: /home/a/ws_moveit2/install/moveit_core/include/moveit/trajectory_processing/ruckig_traj_smoothing.h
[1.742s] -- Up-to-date: /home/a/ws_moveit2/install/moveit_core/include
[1.742s] -- Up-to-date: /home/a/ws_moveit2/install/moveit_core/include/moveit
[1.743s] -- Up-to-date: /home/a/ws_moveit2/install/moveit_core/include/moveit/transforms
[1.745s] -- Up-to-date: /home/a/ws_moveit2/install/moveit_core/include/moveit/transforms/transforms.h
[1.745s] -- Up-to-date: /home/a/ws_moveit2/install/moveit_core/include
[1.749s] -- Up-to-date: /home/a/ws_moveit2/install/moveit_core/include/moveit
[1.749s] -- Up-to-date: /home/a/ws_moveit2/install/moveit_core/include/moveit/utils
[1.749s] -- Up-to-date: /home/a/ws_moveit2/install/moveit_core/include/moveit/utils/robot_model_test_utils.h
[1.750s] -- Up-to-date: /home/a/ws_moveit2/install/moveit_core/include/moveit/utils/rclcpp_utils.h
[1.750s] -- Up-to-date: /home/a/ws_moveit2/install/moveit_core/include/moveit/utils/moveit_error_code.h
[1.751s] -- Up-to-date: /home/a/ws_moveit2/install/moveit_core/include/moveit/utils/message_checks.h
[1.751s] -- Up-to-date: /home/a/ws_moveit2/install/moveit_core/include/moveit/utils/lexical_casts.h
[1.751s] -- Up-to-date: /home/a/ws_moveit2/install/moveit_core/bin/moveit_version
[1.752s] -- Up-to-date: /home/a/ws_moveit2/install/moveit_core/include
[1.757s] -- Up-to-date: /home/a/ws_moveit2/install/moveit_core/include/moveit
[1.760s] -- Up-to-date: /home/a/ws_moveit2/install/moveit_core/include/moveit/collision_detection
[1.761s] -- Up-to-date: /home/a/ws_moveit2/install/moveit_core/include/moveit/collision_detection/collision_env.h
[1.765s] -- Up-to-date: /home/a/ws_moveit2/install/moveit_core/include/moveit/collision_detection/occupancy_map.h
[1.766s] -- Up-to-date: /home/a/ws_moveit2/install/moveit_core/include/moveit/collision_detection/collision_tools.h
[1.766s] -- Up-to-date: /home/a/ws_moveit2/install/moveit_core/include/moveit/collision_detection/collision_common.h
[1.767s] -- Up-to-date: /home/a/ws_moveit2/install/moveit_core/include/moveit/collision_detection/world_diff.h
[1.767s] -- Up-to-date: /home/a/ws_moveit2/install/moveit_core/include/moveit/collision_detection/collision_plugin_cache.h
[1.768s] -- Up-to-date: /home/a/ws_moveit2/install/moveit_core/include/moveit/collision_detection/collision_plugin.h
[1.768s] -- Up-to-date: /home/a/ws_moveit2/install/moveit_core/include/moveit/collision_detection/test_collision_common_panda.h
[1.770s] -- Up-to-date: /home/a/ws_moveit2/install/moveit_core/include/moveit/collision_detection/collision_detector_allocator.h
[1.778s] -- Up-to-date: /home/a/ws_moveit2/install/moveit_core/include/moveit/collision_detection/test_collision_common_pr2.h
[1.778s] -- Up-to-date: /home/a/ws_moveit2/install/moveit_core/include/moveit/collision_detection/allvalid
[1.779s] -- Up-to-date: /home/a/ws_moveit2/install/moveit_core/include/moveit/collision_detection/allvalid/collision_detector_allocator_allvalid.h
[1.779s] -- Up-to-date: /home/a/ws_moveit2/install/moveit_core/include/moveit/collision_detection/allvalid/collision_env_allvalid.h
[1.780s] -- Up-to-date: /home/a/ws_moveit2/install/moveit_core/include/moveit/collision_detection/collision_matrix.h
[1.784s] -- Up-to-date: /home/a/ws_moveit2/install/moveit_core/include/moveit/collision_detection/collision_octomap_filter.h
[1.785s] -- Up-to-date: /home/a/ws_moveit2/install/moveit_core/include/moveit/collision_detection/world.h
[1.785s] -- Up-to-date: /home/a/ws_moveit2/install/moveit_core/include/moveit_collision_detection_export.h
[1.786s] -- Up-to-date: /home/a/ws_moveit2/install/moveit_core/include
[1.786s] -- Up-to-date: /home/a/ws_moveit2/install/moveit_core/include/moveit
[1.787s] -- Up-to-date: /home/a/ws_moveit2/install/moveit_core/include/moveit/collision_detection_bullet
[1.787s] -- Up-to-date: /home/a/ws_moveit2/install/moveit_core/include/moveit/collision_detection_bullet/collision_detector_allocator_bullet.h
[1.787s] -- Up-to-date: /home/a/ws_moveit2/install/moveit_core/include/moveit/collision_detection_bullet/collision_env_bullet.h
[1.788s] -- Up-to-date: /home/a/ws_moveit2/install/moveit_core/include/moveit/collision_detection_bullet/bullet_integration
[1.799s] -- Up-to-date: /home/a/ws_moveit2/install/moveit_core/include/moveit/collision_detection_bullet/bullet_integration/ros_bullet_utils.h
[1.800s] -- Up-to-date: /home/a/ws_moveit2/install/moveit_core/include/moveit/collision_detection_bullet/bullet_integration/basic_types.h
[1.800s] -- Up-to-date: /home/a/ws_moveit2/install/moveit_core/include/moveit/collision_detection_bullet/bullet_integration/bullet_bvh_manager.h
[1.801s] -- Up-to-date: /home/a/ws_moveit2/install/moveit_core/include/moveit/collision_detection_bullet/bullet_integration/bullet_utils.h
[1.801s] -- Up-to-date: /home/a/ws_moveit2/install/moveit_core/include/moveit/collision_detection_bullet/bullet_integration/bullet_cast_bvh_manager.h
[1.801s] -- Up-to-date: /home/a/ws_moveit2/install/moveit_core/include/moveit/collision_detection_bullet/bullet_integration/bullet_discrete_bvh_manager.h
[1.802s] -- Up-to-date: /home/a/ws_moveit2/install/moveit_core/include/moveit/collision_detection_bullet/bullet_integration/contact_checker_common.h
[1.802s] -- Up-to-date: /home/a/ws_moveit2/install/moveit_core/include/moveit/collision_detection_bullet/collision_detector_bullet_plugin_loader.h
[1.803s] -- Up-to-date: /home/a/ws_moveit2/install/moveit_core/include/moveit_collision_detection_bullet_export.h
[1.803s] -- Up-to-date: /home/a/ws_moveit2/install/moveit_core/include
[1.803s] -- Up-to-date: /home/a/ws_moveit2/install/moveit_core/include/moveit
[1.804s] -- Up-to-date: /home/a/ws_moveit2/install/moveit_core/include/moveit/collision_detection_fcl
[1.804s] -- Up-to-date: /home/a/ws_moveit2/install/moveit_core/include/moveit/collision_detection_fcl/collision_common.h
[1.805s] -- Up-to-date: /home/a/ws_moveit2/install/moveit_core/include/moveit/collision_detection_fcl/fcl_compat.h
[1.805s] -- Up-to-date: /home/a/ws_moveit2/install/moveit_core/include/moveit/collision_detection_fcl/collision_env_fcl.h
[1.806s] -- Up-to-date: /home/a/ws_moveit2/install/moveit_core/include/moveit/collision_detection_fcl/collision_detector_fcl_plugin_loader.h
[1.806s] -- Up-to-date: /home/a/ws_moveit2/install/moveit_core/include/moveit/collision_detection_fcl/collision_detector_allocator_fcl.h
[1.806s] -- Up-to-date: /home/a/ws_moveit2/install/moveit_core/include/moveit_collision_detection_fcl_export.h
[1.807s] -- Up-to-date: /home/a/ws_moveit2/install/moveit_core/lib/libcollision_detector_bullet_plugin.so.2.5.9
[1.807s] -- Up-to-date: /home/a/ws_moveit2/install/moveit_core/lib/libcollision_detector_bullet_plugin.so
[1.809s] -- Up-to-date: /home/a/ws_moveit2/install/moveit_core/lib/libmoveit_butterworth_filter.so.2.5.9
[1.810s] -- Up-to-date: /home/a/ws_moveit2/install/moveit_core/lib/libmoveit_butterworth_filter.so
[1.810s] -- Up-to-date: /home/a/ws_moveit2/install/moveit_core/lib/libmoveit_collision_distance_field.so.2.5.9
[1.811s] -- Up-to-date: /home/a/ws_moveit2/install/moveit_core/lib/libmoveit_collision_distance_field.so
[1.811s] -- Up-to-date: /home/a/ws_moveit2/install/moveit_core/lib/libmoveit_collision_detection.so.2.5.9
[1.812s] -- Up-to-date: /home/a/ws_moveit2/install/moveit_core/lib/libmoveit_collision_detection.so
[1.812s] -- Up-to-date: /home/a/ws_moveit2/install/moveit_core/lib/libmoveit_collision_detection_fcl.so.2.5.9
[1.812s] -- Up-to-date: /home/a/ws_moveit2/install/moveit_core/lib/libmoveit_collision_detection_fcl.so
[1.813s] -- Up-to-date: /home/a/ws_moveit2/install/moveit_core/lib/libmoveit_collision_detection_bullet.so.2.5.9
[1.814s] -- Up-to-date: /home/a/ws_moveit2/install/moveit_core/lib/libmoveit_collision_detection_bullet.so
[1.814s] -- Up-to-date: /home/a/ws_moveit2/install/moveit_core/lib/libmoveit_dynamics_solver.so.2.5.9
[1.815s] -- Up-to-date: /home/a/ws_moveit2/install/moveit_core/lib/libmoveit_dynamics_solver.so
[1.815s] -- Up-to-date: /home/a/ws_moveit2/install/moveit_core/lib/libmoveit_constraint_samplers.so.2.5.9
[1.815s] -- Up-to-date: /home/a/ws_moveit2/install/moveit_core/lib/libmoveit_constraint_samplers.so
[1.816s] -- Up-to-date: /home/a/ws_moveit2/install/moveit_core/lib/libmoveit_distance_field.so.2.5.9
[1.817s] -- Up-to-date: /home/a/ws_moveit2/install/moveit_core/lib/libmoveit_distance_field.so
[1.817s] -- Up-to-date: /home/a/ws_moveit2/install/moveit_core/lib/libmoveit_exceptions.so.2.5.9
[1.822s] -- Up-to-date: /home/a/ws_moveit2/install/moveit_core/lib/libmoveit_exceptions.so
[1.822s] -- Up-to-date: /home/a/ws_moveit2/install/moveit_core/lib/libmoveit_kinematics_base.so
[1.823s] -- Up-to-date: /home/a/ws_moveit2/install/moveit_core/lib/libmoveit_kinematic_constraints.so.2.5.9
[1.823s] -- Up-to-date: /home/a/ws_moveit2/install/moveit_core/lib/libmoveit_kinematic_constraints.so
[1.831s] -- Up-to-date: /home/a/ws_moveit2/install/moveit_core/lib/libmoveit_kinematics_metrics.so.2.5.9
[1.832s] -- Up-to-date: /home/a/ws_moveit2/install/moveit_core/lib/libmoveit_kinematics_metrics.so
[1.834s] -- Up-to-date: /home/a/ws_moveit2/install/moveit_core/lib/libmoveit_planning_interface.so.2.5.9
[1.835s] -- Up-to-date: /home/a/ws_moveit2/install/moveit_core/lib/libmoveit_planning_interface.so
[1.836s] -- Up-to-date: /home/a/ws_moveit2/install/moveit_core/lib/libmoveit_planning_scene.so.2.5.9
[1.836s] -- Up-to-date: /home/a/ws_moveit2/install/moveit_core/lib/libmoveit_planning_scene.so
[1.837s] -- Up-to-date: /home/a/ws_moveit2/install/moveit_core/lib/libmoveit_planning_request_adapter.so.2.5.9
[1.837s] -- Up-to-date: /home/a/ws_moveit2/install/moveit_core/lib/libmoveit_planning_request_adapter.so
[1.850s] -- Up-to-date: /home/a/ws_moveit2/install/moveit_core/lib/libmoveit_robot_model.so.2.5.9
[1.851s] -- Up-to-date: /home/a/ws_moveit2/install/moveit_core/lib/libmoveit_robot_model.so
[1.851s] -- Up-to-date: /home/a/ws_moveit2/install/moveit_core/lib/libmoveit_robot_state.so.2.5.9
[1.852s] -- Up-to-date: /home/a/ws_moveit2/install/moveit_core/lib/libmoveit_robot_state.so
[1.852s] -- Up-to-date: /home/a/ws_moveit2/install/moveit_core/lib/libmoveit_robot_trajectory.so.2.5.9
[1.856s] -- Up-to-date: /home/a/ws_moveit2/install/moveit_core/lib/libmoveit_robot_trajectory.so
[1.856s] -- Up-to-date: /home/a/ws_moveit2/install/moveit_core/lib/libmoveit_smoothing_base.so.2.5.9
[1.857s] -- Up-to-date: /home/a/ws_moveit2/install/moveit_core/lib/libmoveit_smoothing_base.so
[1.857s] -- Up-to-date: /home/a/ws_moveit2/install/moveit_core/lib/libmoveit_test_utils.so.2.5.9
[1.864s] -- Up-to-date: /home/a/ws_moveit2/install/moveit_core/lib/libmoveit_test_utils.so
[1.865s] -- Up-to-date: /home/a/ws_moveit2/install/moveit_core/lib/libmoveit_trajectory_processing.so.2.5.9
[1.865s] -- Up-to-date: /home/a/ws_moveit2/install/moveit_core/lib/libmoveit_trajectory_processing.so
[1.865s] -- Up-to-date: /home/a/ws_moveit2/install/moveit_core/lib/libmoveit_transforms.so.2.5.9
[1.866s] -- Up-to-date: /home/a/ws_moveit2/install/moveit_core/lib/libmoveit_transforms.so
[1.866s] -- Up-to-date: /home/a/ws_moveit2/install/moveit_core/lib/libmoveit_utils.so.2.5.9
[1.867s] -- Up-to-date: /home/a/ws_moveit2/install/moveit_core/lib/libmoveit_utils.so
[1.867s] -- Up-to-date: /home/a/ws_moveit2/install/moveit_core/share/moveit_core/environment/library_path.sh
[1.868s] -- Up-to-date: /home/a/ws_moveit2/install/moveit_core/share/moveit_core/environment/library_path.dsv
[1.868s] -- Up-to-date: /home/a/ws_moveit2/install/moveit_core/share/moveit_core/collision_detector_fcl_description.xml
[1.869s] -- Up-to-date: /home/a/ws_moveit2/install/moveit_core/share/moveit_core/collision_detector_bullet_description.xml
[1.873s] -- Up-to-date: /home/a/ws_moveit2/install/moveit_core/share/moveit_core/filter_plugin_butterworth.xml
[1.880s] -- Up-to-date: /home/a/ws_moveit2/install/moveit_core/share/ament_index/resource_index/package_run_dependencies/moveit_core
[1.881s] -- Up-to-date: /home/a/ws_moveit2/install/moveit_core/share/ament_index/resource_index/parent_prefix_path/moveit_core
[1.881s] -- Up-to-date: /home/a/ws_moveit2/install/moveit_core/share/moveit_core/environment/ament_prefix_path.sh
[1.882s] -- Up-to-date: /home/a/ws_moveit2/install/moveit_core/share/moveit_core/environment/ament_prefix_path.dsv
[1.887s] -- Up-to-date: /home/a/ws_moveit2/install/moveit_core/share/moveit_core/environment/path.sh
[1.888s] -- Up-to-date: /home/a/ws_moveit2/install/moveit_core/share/moveit_core/environment/path.dsv
[1.888s] -- Up-to-date: /home/a/ws_moveit2/install/moveit_core/share/moveit_core/local_setup.bash
[1.889s] -- Up-to-date: /home/a/ws_moveit2/install/moveit_core/share/moveit_core/local_setup.sh
[1.889s] -- Up-to-date: /home/a/ws_moveit2/install/moveit_core/share/moveit_core/local_setup.zsh
[1.890s] -- Up-to-date: /home/a/ws_moveit2/install/moveit_core/share/moveit_core/local_setup.dsv
[1.890s] -- Installing: /home/a/ws_moveit2/install/moveit_core/share/moveit_core/package.dsv
[1.897s] -- Up-to-date: /home/a/ws_moveit2/install/moveit_core/share/ament_index/resource_index/packages/moveit_core
[1.898s] -- Up-to-date: /home/a/ws_moveit2/install/moveit_core/share/ament_index/resource_index/moveit_core__pluginlib__plugin/moveit_core
[1.898s] -- Up-to-date: /home/a/ws_moveit2/install/moveit_core/share/moveit_core/cmake/export_moveit_coreExport.cmake
[1.899s] -- Up-to-date: /home/a/ws_moveit2/install/moveit_core/share/moveit_core/cmake/export_moveit_coreExport-release.cmake
[1.899s] -- Up-to-date: /home/a/ws_moveit2/install/moveit_core/share/moveit_core/cmake/ConfigExtras.cmake
[1.900s] -- Up-to-date: /home/a/ws_moveit2/install/moveit_core/share/moveit_core/cmake/ament_cmake_export_targets-extras.cmake
[1.900s] -- Up-to-date: /home/a/ws_moveit2/install/moveit_core/share/moveit_core/cmake/ament_cmake_export_dependencies-extras.cmake
[1.901s] -- Up-to-date: /home/a/ws_moveit2/install/moveit_core/share/moveit_core/cmake/moveit_coreConfig.cmake
[1.901s] -- Up-to-date: /home/a/ws_moveit2/install/moveit_core/share/moveit_core/cmake/moveit_coreConfig-version.cmake
[1.902s] -- Up-to-date: /home/a/ws_moveit2/install/moveit_core/share/moveit_core/package.xml
[1.903s] Invoked command in '/home/a/ws_moveit2/build/moveit_core' returned '0': CMAKE_PREFIX_PATH=/home/a/ws_moveit2/install/moveit_resources_panda_moveit_config:/home/a/ws_moveit2/install/srdfdom:/home/a/ws_moveit2/install/moveit_resources_pr2_description:/home/a/ws_moveit2/install/moveit_resources_panda_description:/home/a/ws_moveit2/install/moveit_common:/home/a/ws_moveit2/install/robot_config:/home/a/ws_moveit2/install/pilz_industrial_motion_planner_testutils:/home/a/ws_moveit2/install/my_robot_config:/home/a/ws_moveit2/install/moveit_runtime:/home/a/ws_moveit2/install/moveit2_tutorials:/home/a/ws_moveit2/install/moveit:/home/a/ws_moveit2/install/moveit_planners:/home/a/ws_moveit2/install/pilz_industrial_motion_planner:/home/a/ws_moveit2/install/mtc_tutorial:/home/a/ws_moveit2/install/hello_moveit:/home/a/ws_moveit2/install/moveit_visual_tools:/home/a/ws_moveit2/install/moveit_task_constructor_visualization:/home/a/ws_moveit2/install/moveit_task_constructor_demo:/home/a/ws_moveit2/install/moveit_task_constructor_capabilities:/home/a/ws_moveit2/install/moveit_task_constructor_core:/home/a/ws_moveit2/install/moveit_ros_control_interface:/home/a/ws_moveit2/install/moveit_plugins:/home/a/ws_moveit2/install/moveit_simple_controller_manager:/home/a/ws_moveit2/install/moveit_setup_assistant:/home/a/ws_moveit2/install/moveit_setup_srdf_plugins:/home/a/ws_moveit2/install/moveit_setup_core_plugins:/home/a/ws_moveit2/install/moveit_setup_controllers:/home/a/ws_moveit2/install/moveit_setup_app_plugins:/home/a/ws_moveit2/install/moveit_setup_framework:/home/a/ws_moveit2/install/moveit_servo:/home/a/ws_moveit2/install/moveit_ros:/home/a/ws_moveit2/install/moveit_ros_visualization:/home/a/ws_moveit2/install/moveit_hybrid_planning:/home/a/ws_moveit2/install/moveit_ros_planning_interface:/home/a/ws_moveit2/install/moveit_ros_benchmarks:/home/a/ws_moveit2/install/moveit_ros_warehouse:/home/a/ws_moveit2/install/moveit_ros_robot_interaction:/home/a/ws_moveit2/install/moveit_ros_perception:/home/a/ws_moveit2/install/moveit_resources_prbt_pg70_support:/home/a/ws_moveit2/install/moveit_resources_prbt_moveit_config:/home/a/ws_moveit2/install/moveit_ros_move_group:/home/a/ws_moveit2/install/moveit_planners_ompl:/home/a/ws_moveit2/install/moveit_ros_planning:/home/a/ws_moveit2/install/moveit_ros_occupancy_map_monitor:/home/a/ws_moveit2/install/moveit_resources_prbt_ikfast_manipulator_plugin:/home/a/ws_moveit2/install/moveit_planners_chomp:/home/a/ws_moveit2/install/moveit_kinematics:/home/a/ws_moveit2/install/moveit_chomp_optimizer_adapter:/home/a/ws_moveit2/install/chomp_motion_planner:/home/a/ws_moveit2/install/moveit_core:/home/a/ws_moveit2/install/rviz_marker_tools:/home/a/ws_moveit2/install/rosparam_shortcuts:/home/a/ws_moveit2/install/moveit_task_constructor_msgs:/home/a/ws_moveit2/install/moveit_resources_prbt_support:/home/a/ws_moveit2/install/moveit_resources:/home/a/ws_moveit2/install/moveit_resources_fanuc_moveit_config:/home/a/ws_moveit2/install/moveit_resources_fanuc_description:/home/a/ws_moveit2/install/field_description:/home/a/ws_moveit2/install/dynamixel_controller:/home/a/ws_moveit2/install/dynamixel_sdk:/home/a/ws_moveit2/install/catch_gazebo_control:/home/a/ws_moveit2/install/0525_arm_description:/home/a/ws_moveit2/install/moveit_configs_utils:/home/a/ws_moveit2/install/launch_param_builder:/home/a/ws_moveit2/install/dynamixel_controller_client:/opt/ros/humble LD_LIBRARY_PATH=/home/a/ws_moveit2/install/srdfdom/lib:/home/a/ws_moveit2/install/pilz_industrial_motion_planner_testutils/lib:/home/a/ws_moveit2/install/pilz_industrial_motion_planner/lib:/home/a/ws_moveit2/install/moveit_visual_tools/lib:/home/a/ws_moveit2/install/moveit_task_constructor_visualization/lib:/home/a/ws_moveit2/install/moveit_task_constructor_demo/lib:/home/a/ws_moveit2/install/moveit_task_constructor_capabilities/lib:/home/a/ws_moveit2/install/moveit_task_constructor_core/lib:/home/a/ws_moveit2/install/moveit_ros_control_interface/lib:/home/a/ws_moveit2/install/moveit_simple_controller_manager/lib:/home/a/ws_moveit2/install/moveit_setup_assistant/lib:/home/a/ws_moveit2/install/moveit_setup_srdf_plugins/lib:/home/a/ws_moveit2/install/moveit_setup_core_plugins/lib:/home/a/ws_moveit2/install/moveit_setup_controllers/lib:/home/a/ws_moveit2/install/moveit_setup_app_plugins/lib:/home/a/ws_moveit2/install/moveit_setup_framework/lib:/home/a/ws_moveit2/install/moveit_servo/lib:/home/a/ws_moveit2/install/moveit_ros_visualization/lib:/home/a/ws_moveit2/install/moveit_hybrid_planning/lib:/home/a/ws_moveit2/install/moveit_ros_planning_interface/lib:/home/a/ws_moveit2/install/moveit_ros_benchmarks/lib:/home/a/ws_moveit2/install/moveit_ros_warehouse/lib:/home/a/ws_moveit2/install/moveit_ros_robot_interaction/lib:/home/a/ws_moveit2/install/moveit_ros_perception/lib:/home/a/ws_moveit2/install/moveit_ros_move_group/lib:/home/a/ws_moveit2/install/moveit_planners_ompl/lib:/home/a/ws_moveit2/install/moveit_ros_planning/lib:/home/a/ws_moveit2/install/moveit_ros_occupancy_map_monitor/lib:/home/a/ws_moveit2/install/moveit_resources_prbt_ikfast_manipulator_plugin/lib:/home/a/ws_moveit2/install/moveit_planners_chomp/lib:/home/a/ws_moveit2/install/moveit_kinematics/lib:/home/a/ws_moveit2/install/moveit_chomp_optimizer_adapter/lib:/home/a/ws_moveit2/install/chomp_motion_planner/lib:/home/a/ws_moveit2/install/moveit_core/lib:/home/a/ws_moveit2/install/rviz_marker_tools/lib:/home/a/ws_moveit2/install/rosparam_shortcuts/lib:/home/a/ws_moveit2/install/moveit_task_constructor_msgs/lib:/home/a/ws_moveit2/install/dynamixel_controller/lib:/home/a/ws_moveit2/install/dynamixel_sdk/lib:/opt/ros/humble/opt/rviz_ogre_vendor/lib:/opt/ros/humble/lib/x86_64-linux-gnu:/opt/ros/humble/lib /usr/bin/cmake --install /home/a/ws_moveit2/build/moveit_core
