[0.136s] Invoking command in '/home/a/ws_moveit2/build/urdf_0816_description': CMAKE_PREFIX_PATH=${CMAKE_PREFIX_PATH}:/home/a/ws_moveit2/install/moveit_configs_utils:/home/a/ws_moveit2/install/ros_tcp_endpoint:/home/a/ws_moveit2/install/realsense2_ros_mqtt_bridge:/home/a/ws_moveit2/install/launch_param_builder:/home/a/ws_moveit2/install/dynamixel_controller_gui:/home/a/ws_moveit2/install/dynamixel_controller_client:/home/a/ws_moveit2/install/d415_rgb_depth_3d:/opt/ros/humble /usr/bin/cmake --build /home/a/ws_moveit2/build/urdf_0816_description -- -j22 -l22
[0.191s] Invoked command in '/home/a/ws_moveit2/build/urdf_0816_description' returned '0': CMAKE_PREFIX_PATH=${CMAKE_PREFIX_PATH}:/home/a/ws_moveit2/install/moveit_configs_utils:/home/a/ws_moveit2/install/ros_tcp_endpoint:/home/a/ws_moveit2/install/realsense2_ros_mqtt_bridge:/home/a/ws_moveit2/install/launch_param_builder:/home/a/ws_moveit2/install/dynamixel_controller_gui:/home/a/ws_moveit2/install/dynamixel_controller_client:/home/a/ws_moveit2/install/d415_rgb_depth_3d:/opt/ros/humble /usr/bin/cmake --build /home/a/ws_moveit2/build/urdf_0816_description -- -j22 -l22
[0.198s] Invoking command in '/home/a/ws_moveit2/build/urdf_0816_description': CMAKE_PREFIX_PATH=${CMAKE_PREFIX_PATH}:/home/a/ws_moveit2/install/moveit_configs_utils:/home/a/ws_moveit2/install/ros_tcp_endpoint:/home/a/ws_moveit2/install/realsense2_ros_mqtt_bridge:/home/a/ws_moveit2/install/launch_param_builder:/home/a/ws_moveit2/install/dynamixel_controller_gui:/home/a/ws_moveit2/install/dynamixel_controller_client:/home/a/ws_moveit2/install/d415_rgb_depth_3d:/opt/ros/humble /usr/bin/cmake --install /home/a/ws_moveit2/build/urdf_0816_description
[0.204s] -- Install configuration: "Release"
[0.204s] -- Up-to-date: /home/a/ws_moveit2/install/urdf_0816_description/share/urdf_0816_description/meshes
[0.204s] -- Up-to-date: /home/a/ws_moveit2/install/urdf_0816_description/share/urdf_0816_description/meshes/left_finger_1_decimate.stl
[0.204s] -- Up-to-date: /home/a/ws_moveit2/install/urdf_0816_description/share/urdf_0816_description/meshes/EndEffector_1_decimate.stl
[0.205s] -- Up-to-date: /home/a/ws_moveit2/install/urdf_0816_description/share/urdf_0816_description/meshes/link5_1.stl
[0.205s] -- Up-to-date: /home/a/ws_moveit2/install/urdf_0816_description/share/urdf_0816_description/meshes/base_link.stl
[0.205s] -- Up-to-date: /home/a/ws_moveit2/install/urdf_0816_description/share/urdf_0816_description/meshes/left_finger_1.stl
[0.205s] -- Up-to-date: /home/a/ws_moveit2/install/urdf_0816_description/share/urdf_0816_description/meshes/base_link_decimate.stl
[0.205s] -- Up-to-date: /home/a/ws_moveit2/install/urdf_0816_description/share/urdf_0816_description/meshes/link1_1_decimate.stl
[0.205s] -- Up-to-date: /home/a/ws_moveit2/install/urdf_0816_description/share/urdf_0816_description/meshes/link3_1_decimate.stl
[0.205s] -- Up-to-date: /home/a/ws_moveit2/install/urdf_0816_description/share/urdf_0816_description/meshes/link6_1.stl
[0.205s] -- Up-to-date: /home/a/ws_moveit2/install/urdf_0816_description/share/urdf_0816_description/meshes/link1_1.stl
[0.205s] -- Up-to-date: /home/a/ws_moveit2/install/urdf_0816_description/share/urdf_0816_description/meshes/link2_1_decimate.stl
[0.205s] -- Up-to-date: /home/a/ws_moveit2/install/urdf_0816_description/share/urdf_0816_description/meshes/link4_1_decimate.stl
[0.205s] -- Up-to-date: /home/a/ws_moveit2/install/urdf_0816_description/share/urdf_0816_description/meshes/link4_1.stl
[0.205s] -- Up-to-date: /home/a/ws_moveit2/install/urdf_0816_description/share/urdf_0816_description/meshes/right_finger_1_decimate.stl
[0.205s] -- Up-to-date: /home/a/ws_moveit2/install/urdf_0816_description/share/urdf_0816_description/meshes/right_finger_1.stl
[0.205s] -- Up-to-date: /home/a/ws_moveit2/install/urdf_0816_description/share/urdf_0816_description/meshes/link6_1_decimate.stl
[0.205s] -- Up-to-date: /home/a/ws_moveit2/install/urdf_0816_description/share/urdf_0816_description/meshes/EndEffector_1.stl
[0.205s] -- Up-to-date: /home/a/ws_moveit2/install/urdf_0816_description/share/urdf_0816_description/meshes/link2_1.stl
[0.205s] -- Up-to-date: /home/a/ws_moveit2/install/urdf_0816_description/share/urdf_0816_description/meshes/link5_1_decimate.stl
[0.205s] -- Up-to-date: /home/a/ws_moveit2/install/urdf_0816_description/share/urdf_0816_description/meshes/link3_1.stl
[0.205s] -- Up-to-date: /home/a/ws_moveit2/install/urdf_0816_description/share/urdf_0816_description/urdf
[0.206s] -- Up-to-date: /home/a/ws_moveit2/install/urdf_0816_description/share/urdf_0816_description/urdf/urdf_0816_unity.urdf
[0.206s] -- Up-to-date: /home/a/ws_moveit2/install/urdf_0816_description/share/urdf_0816_description/urdf/urdf_0816.trans
[0.206s] -- Up-to-date: /home/a/ws_moveit2/install/urdf_0816_description/share/urdf_0816_description/urdf/materials.xacro
[0.206s] -- Up-to-date: /home/a/ws_moveit2/install/urdf_0816_description/share/urdf_0816_description/urdf/materials.urdf
[0.206s] -- Up-to-date: /home/a/ws_moveit2/install/urdf_0816_description/share/urdf_0816_description/urdf/urdf_0816.xacro
[0.206s] -- Up-to-date: /home/a/ws_moveit2/install/urdf_0816_description/share/urdf_0816_description/urdf/urdf_0816.urdf
[0.206s] -- Up-to-date: /home/a/ws_moveit2/install/urdf_0816_description/share/urdf_0816_description/launch
[0.206s] -- Up-to-date: /home/a/ws_moveit2/install/urdf_0816_description/share/urdf_0816_description/launch/robot_description.launch.py
[0.206s] -- Up-to-date: /home/a/ws_moveit2/install/urdf_0816_description/share/ament_index/resource_index/package_run_dependencies/urdf_0816_description
[0.206s] -- Up-to-date: /home/a/ws_moveit2/install/urdf_0816_description/share/ament_index/resource_index/parent_prefix_path/urdf_0816_description
[0.206s] -- Up-to-date: /home/a/ws_moveit2/install/urdf_0816_description/share/urdf_0816_description/environment/ament_prefix_path.sh
[0.206s] -- Up-to-date: /home/a/ws_moveit2/install/urdf_0816_description/share/urdf_0816_description/environment/ament_prefix_path.dsv
[0.206s] -- Up-to-date: /home/a/ws_moveit2/install/urdf_0816_description/share/urdf_0816_description/environment/path.sh
[0.206s] -- Up-to-date: /home/a/ws_moveit2/install/urdf_0816_description/share/urdf_0816_description/environment/path.dsv
[0.206s] -- Up-to-date: /home/a/ws_moveit2/install/urdf_0816_description/share/urdf_0816_description/local_setup.bash
[0.206s] -- Up-to-date: /home/a/ws_moveit2/install/urdf_0816_description/share/urdf_0816_description/local_setup.sh
[0.206s] -- Up-to-date: /home/a/ws_moveit2/install/urdf_0816_description/share/urdf_0816_description/local_setup.zsh
[0.206s] -- Up-to-date: /home/a/ws_moveit2/install/urdf_0816_description/share/urdf_0816_description/local_setup.dsv
[0.206s] -- Installing: /home/a/ws_moveit2/install/urdf_0816_description/share/urdf_0816_description/package.dsv
[0.207s] -- Up-to-date: /home/a/ws_moveit2/install/urdf_0816_description/share/ament_index/resource_index/packages/urdf_0816_description
[0.207s] -- Up-to-date: /home/a/ws_moveit2/install/urdf_0816_description/share/urdf_0816_description/cmake/urdf_0816_descriptionConfig.cmake
[0.207s] -- Up-to-date: /home/a/ws_moveit2/install/urdf_0816_description/share/urdf_0816_description/cmake/urdf_0816_descriptionConfig-version.cmake
[0.207s] -- Up-to-date: /home/a/ws_moveit2/install/urdf_0816_description/share/urdf_0816_description/package.xml
[0.237s] Invoked command in '/home/a/ws_moveit2/build/urdf_0816_description' returned '0': CMAKE_PREFIX_PATH=${CMAKE_PREFIX_PATH}:/home/a/ws_moveit2/install/moveit_configs_utils:/home/a/ws_moveit2/install/ros_tcp_endpoint:/home/a/ws_moveit2/install/realsense2_ros_mqtt_bridge:/home/a/ws_moveit2/install/launch_param_builder:/home/a/ws_moveit2/install/dynamixel_controller_gui:/home/a/ws_moveit2/install/dynamixel_controller_client:/home/a/ws_moveit2/install/d415_rgb_depth_3d:/opt/ros/humble /usr/bin/cmake --install /home/a/ws_moveit2/build/urdf_0816_description
