[0.766s] Invoking command in '/home/a/ws_moveit2/build/urdf_0816_description': CMAKE_PREFIX_PATH=/opt/ros/humble /usr/bin/cmake --build /home/a/ws_moveit2/build/urdf_0816_description -- -j22 -l22
[0.826s] Invoked command in '/home/a/ws_moveit2/build/urdf_0816_description' returned '0': CMAKE_PREFIX_PATH=/opt/ros/humble /usr/bin/cmake --build /home/a/ws_moveit2/build/urdf_0816_description -- -j22 -l22
[0.827s] Invoking command in '/home/a/ws_moveit2/build/urdf_0816_description': CMAKE_PREFIX_PATH=/opt/ros/humble /usr/bin/cmake --install /home/a/ws_moveit2/build/urdf_0816_description
[1.006s] -- Install configuration: "Release"
[1.006s] -- Up-to-date: /home/a/ws_moveit2/install/urdf_0816_description/share/urdf_0816_description/meshes
[1.006s] -- Up-to-date: /home/a/ws_moveit2/install/urdf_0816_description/share/urdf_0816_description/meshes/left_finger_1_decimate.stl
[1.006s] -- Up-to-date: /home/a/ws_moveit2/install/urdf_0816_description/share/urdf_0816_description/meshes/EndEffector_1_decimate.stl
[1.006s] -- Up-to-date: /home/a/ws_moveit2/install/urdf_0816_description/share/urdf_0816_description/meshes/link5_1.stl
[1.006s] -- Up-to-date: /home/a/ws_moveit2/install/urdf_0816_description/share/urdf_0816_description/meshes/base_link.stl
[1.006s] -- Up-to-date: /home/a/ws_moveit2/install/urdf_0816_description/share/urdf_0816_description/meshes/left_finger_1.stl
[1.006s] -- Up-to-date: /home/a/ws_moveit2/install/urdf_0816_description/share/urdf_0816_description/meshes/base_link_decimate.stl
[1.006s] -- Up-to-date: /home/a/ws_moveit2/install/urdf_0816_description/share/urdf_0816_description/meshes/link1_1_decimate.stl
[1.006s] -- Up-to-date: /home/a/ws_moveit2/install/urdf_0816_description/share/urdf_0816_description/meshes/link3_1_decimate.stl
[1.006s] -- Up-to-date: /home/a/ws_moveit2/install/urdf_0816_description/share/urdf_0816_description/meshes/link6_1.stl
[1.006s] -- Up-to-date: /home/a/ws_moveit2/install/urdf_0816_description/share/urdf_0816_description/meshes/link1_1.stl
[1.007s] -- Up-to-date: /home/a/ws_moveit2/install/urdf_0816_description/share/urdf_0816_description/meshes/link2_1_decimate.stl
[1.007s] -- Up-to-date: /home/a/ws_moveit2/install/urdf_0816_description/share/urdf_0816_description/meshes/link4_1_decimate.stl
[1.007s] -- Up-to-date: /home/a/ws_moveit2/install/urdf_0816_description/share/urdf_0816_description/meshes/link4_1.stl
[1.007s] -- Up-to-date: /home/a/ws_moveit2/install/urdf_0816_description/share/urdf_0816_description/meshes/right_finger_1_decimate.stl
[1.007s] -- Up-to-date: /home/a/ws_moveit2/install/urdf_0816_description/share/urdf_0816_description/meshes/right_finger_1.stl
[1.007s] -- Up-to-date: /home/a/ws_moveit2/install/urdf_0816_description/share/urdf_0816_description/meshes/link6_1_decimate.stl
[1.007s] -- Up-to-date: /home/a/ws_moveit2/install/urdf_0816_description/share/urdf_0816_description/meshes/EndEffector_1.stl
[1.007s] -- Up-to-date: /home/a/ws_moveit2/install/urdf_0816_description/share/urdf_0816_description/meshes/link2_1.stl
[1.007s] -- Up-to-date: /home/a/ws_moveit2/install/urdf_0816_description/share/urdf_0816_description/meshes/link5_1_decimate.stl
[1.007s] -- Up-to-date: /home/a/ws_moveit2/install/urdf_0816_description/share/urdf_0816_description/meshes/link3_1.stl
[1.007s] -- Up-to-date: /home/a/ws_moveit2/install/urdf_0816_description/share/urdf_0816_description/urdf
[1.007s] -- Up-to-date: /home/a/ws_moveit2/install/urdf_0816_description/share/urdf_0816_description/urdf/urdf_0816_unity.urdf
[1.007s] -- Up-to-date: /home/a/ws_moveit2/install/urdf_0816_description/share/urdf_0816_description/urdf/urdf_0816.trans
[1.007s] -- Up-to-date: /home/a/ws_moveit2/install/urdf_0816_description/share/urdf_0816_description/urdf/materials.xacro
[1.007s] -- Up-to-date: /home/a/ws_moveit2/install/urdf_0816_description/share/urdf_0816_description/urdf/materials.urdf
[1.007s] -- Up-to-date: /home/a/ws_moveit2/install/urdf_0816_description/share/urdf_0816_description/urdf/urdf_0816.xacro
[1.007s] -- Up-to-date: /home/a/ws_moveit2/install/urdf_0816_description/share/urdf_0816_description/urdf/urdf_0816.urdf
[1.007s] -- Up-to-date: /home/a/ws_moveit2/install/urdf_0816_description/share/urdf_0816_description/launch
[1.008s] -- Up-to-date: /home/a/ws_moveit2/install/urdf_0816_description/share/urdf_0816_description/launch/robot_description.launch.py
[1.008s] -- Up-to-date: /home/a/ws_moveit2/install/urdf_0816_description/share/ament_index/resource_index/package_run_dependencies/urdf_0816_description
[1.008s] -- Up-to-date: /home/a/ws_moveit2/install/urdf_0816_description/share/ament_index/resource_index/parent_prefix_path/urdf_0816_description
[1.008s] -- Up-to-date: /home/a/ws_moveit2/install/urdf_0816_description/share/urdf_0816_description/environment/ament_prefix_path.sh
[1.008s] -- Up-to-date: /home/a/ws_moveit2/install/urdf_0816_description/share/urdf_0816_description/environment/ament_prefix_path.dsv
[1.008s] -- Up-to-date: /home/a/ws_moveit2/install/urdf_0816_description/share/urdf_0816_description/environment/path.sh
[1.008s] -- Up-to-date: /home/a/ws_moveit2/install/urdf_0816_description/share/urdf_0816_description/environment/path.dsv
[1.008s] -- Up-to-date: /home/a/ws_moveit2/install/urdf_0816_description/share/urdf_0816_description/local_setup.bash
[1.008s] -- Up-to-date: /home/a/ws_moveit2/install/urdf_0816_description/share/urdf_0816_description/local_setup.sh
[1.008s] -- Up-to-date: /home/a/ws_moveit2/install/urdf_0816_description/share/urdf_0816_description/local_setup.zsh
[1.008s] -- Up-to-date: /home/a/ws_moveit2/install/urdf_0816_description/share/urdf_0816_description/local_setup.dsv
[1.008s] -- Installing: /home/a/ws_moveit2/install/urdf_0816_description/share/urdf_0816_description/package.dsv
[1.008s] -- Up-to-date: /home/a/ws_moveit2/install/urdf_0816_description/share/ament_index/resource_index/packages/urdf_0816_description
[1.008s] -- Up-to-date: /home/a/ws_moveit2/install/urdf_0816_description/share/urdf_0816_description/cmake/urdf_0816_descriptionConfig.cmake
[1.008s] -- Up-to-date: /home/a/ws_moveit2/install/urdf_0816_description/share/urdf_0816_description/cmake/urdf_0816_descriptionConfig-version.cmake
[1.008s] -- Up-to-date: /home/a/ws_moveit2/install/urdf_0816_description/share/urdf_0816_description/package.xml
[1.035s] Invoked command in '/home/a/ws_moveit2/build/urdf_0816_description' returned '0': CMAKE_PREFIX_PATH=/opt/ros/humble /usr/bin/cmake --install /home/a/ws_moveit2/build/urdf_0816_description
