[1.078s] Invoking command in '/home/a/ws_moveit2/src/ROS-TCP-Endpoint': PYTHONPATH=/home/a/ws_moveit2/build/ros_tcp_endpoint/prefix_override:/usr/lib/python3/dist-packages/colcon_core/task/python/colcon_distutils_commands:/home/a/ws_moveit2/install/ros_tcp_endpoint/lib/python3.10/site-packages:${PYTHONPATH} /usr/bin/python3 -W ignore:setup.py install is deprecated -W ignore:easy_install command is deprecated setup.py egg_info --egg-base ../../build/ros_tcp_endpoint build --build-base /home/a/ws_moveit2/build/ros_tcp_endpoint/build install --record /home/a/ws_moveit2/build/ros_tcp_endpoint/install.log --single-version-externally-managed install_data
[1.310s] running egg_info
[1.310s] writing ../../build/ros_tcp_endpoint/ros_tcp_endpoint.egg-info/PKG-INFO
[1.311s] writing dependency_links to ../../build/ros_tcp_endpoint/ros_tcp_endpoint.egg-info/dependency_links.txt
[1.311s] writing entry points to ../../build/ros_tcp_endpoint/ros_tcp_endpoint.egg-info/entry_points.txt
[1.311s] writing requirements to ../../build/ros_tcp_endpoint/ros_tcp_endpoint.egg-info/requires.txt
[1.311s] writing top-level names to ../../build/ros_tcp_endpoint/ros_tcp_endpoint.egg-info/top_level.txt
[1.312s] reading manifest file '../../build/ros_tcp_endpoint/ros_tcp_endpoint.egg-info/SOURCES.txt'
[1.312s] adding license file 'LICENSE'
[1.313s] writing manifest file '../../build/ros_tcp_endpoint/ros_tcp_endpoint.egg-info/SOURCES.txt'
[1.313s] running build
[1.313s] running build_py
[1.314s] running install
[1.314s] running install_lib
[1.316s] running install_data
[1.316s] running install_egg_info
[1.319s] removing '/home/a/ws_moveit2/install/ros_tcp_endpoint/lib/python3.10/site-packages/ros_tcp_endpoint-0.0.1-py3.10.egg-info' (and everything under it)
[1.319s] error removing /home/a/ws_moveit2/install/ros_tcp_endpoint/lib/python3.10/site-packages/ros_tcp_endpoint-0.0.1-py3.10.egg-info: [Errno 13] Permission denied: '/home/a/ws_moveit2/install/ros_tcp_endpoint/lib/python3.10/site-packages/ros_tcp_endpoint-0.0.1-py3.10.egg-info/top_level.txt'
[1.319s] error removing /home/a/ws_moveit2/install/ros_tcp_endpoint/lib/python3.10/site-packages/ros_tcp_endpoint-0.0.1-py3.10.egg-info: [Errno 13] Permission denied: '/home/a/ws_moveit2/install/ros_tcp_endpoint/lib/python3.10/site-packages/ros_tcp_endpoint-0.0.1-py3.10.egg-info/SOURCES.txt'
[1.319s] Copying ../../build/ros_tcp_endpoint/ros_tcp_endpoint.egg-info to /home/a/ws_moveit2/install/ros_tcp_endpoint/lib/python3.10/site-packages/ros_tcp_endpoint-0.0.1-py3.10.egg-info
[1.319s] error removing /home/a/ws_moveit2/install/ros_tcp_endpoint/lib/python3.10/site-packages/ros_tcp_endpoint-0.0.1-py3.10.egg-info: [Errno 13] Permission denied: '/home/a/ws_moveit2/install/ros_tcp_endpoint/lib/python3.10/site-packages/ros_tcp_endpoint-0.0.1-py3.10.egg-info/zip-safe'
[1.319s] error removing /home/a/ws_moveit2/install/ros_tcp_endpoint/lib/python3.10/site-packages/ros_tcp_endpoint-0.0.1-py3.10.egg-info: [Errno 13] Permission denied: '/home/a/ws_moveit2/install/ros_tcp_endpoint/lib/python3.10/site-packages/ros_tcp_endpoint-0.0.1-py3.10.egg-info/PKG-INFO'
[1.319s] error removing /home/a/ws_moveit2/install/ros_tcp_endpoint/lib/python3.10/site-packages/ros_tcp_endpoint-0.0.1-py3.10.egg-info: [Errno 13] Permission denied: '/home/a/ws_moveit2/install/ros_tcp_endpoint/lib/python3.10/site-packages/ros_tcp_endpoint-0.0.1-py3.10.egg-info/dependency_links.txt'
[1.319s] error removing /home/a/ws_moveit2/install/ros_tcp_endpoint/lib/python3.10/site-packages/ros_tcp_endpoint-0.0.1-py3.10.egg-info: [Errno 13] Permission denied: '/home/a/ws_moveit2/install/ros_tcp_endpoint/lib/python3.10/site-packages/ros_tcp_endpoint-0.0.1-py3.10.egg-info/entry_points.txt'
[1.319s] error removing /home/a/ws_moveit2/install/ros_tcp_endpoint/lib/python3.10/site-packages/ros_tcp_endpoint-0.0.1-py3.10.egg-info: [Errno 13] Permission denied: '/home/a/ws_moveit2/install/ros_tcp_endpoint/lib/python3.10/site-packages/ros_tcp_endpoint-0.0.1-py3.10.egg-info/requires.txt'
[1.319s] error removing /home/a/ws_moveit2/install/ros_tcp_endpoint/lib/python3.10/site-packages/ros_tcp_endpoint-0.0.1-py3.10.egg-info: [Errno 39] Directory not empty: '/home/a/ws_moveit2/install/ros_tcp_endpoint/lib/python3.10/site-packages/ros_tcp_endpoint-0.0.1-py3.10.egg-info'
[1.320s] error: [Errno 13] Permission denied: '/home/a/ws_moveit2/install/ros_tcp_endpoint/lib/python3.10/site-packages/ros_tcp_endpoint-0.0.1-py3.10.egg-info/top_level.txt'
[1.342s] Invoked command in '/home/a/ws_moveit2/src/ROS-TCP-Endpoint' returned '1': PYTHONPATH=/home/a/ws_moveit2/build/ros_tcp_endpoint/prefix_override:/usr/lib/python3/dist-packages/colcon_core/task/python/colcon_distutils_commands:/home/a/ws_moveit2/install/ros_tcp_endpoint/lib/python3.10/site-packages:${PYTHONPATH} /usr/bin/python3 -W ignore:setup.py install is deprecated -W ignore:easy_install command is deprecated setup.py egg_info --egg-base ../../build/ros_tcp_endpoint build --build-base /home/a/ws_moveit2/build/ros_tcp_endpoint/build install --record /home/a/ws_moveit2/build/ros_tcp_endpoint/install.log --single-version-externally-managed install_data
