[2.493s] Invoking command in '/home/a/ws_moveit2/src/dynamixel_ros2/dynamixel_controller_gui': AMENT_PREFIX_PATH=/home/a/ws_moveit2/install/dynamixel_controller:/home/a/ws_moveit2/install/dynamixel_sdk:${AMENT_PREFIX_PATH} CMAKE_PREFIX_PATH=/home/a/ws_moveit2/install/dynamixel_controller:/home/a/ws_moveit2/install/dynamixel_sdk LD_LIBRARY_PATH=/home/a/ws_moveit2/install/dynamixel_controller/lib:/home/a/ws_moveit2/install/dynamixel_sdk/lib:${LD_LIBRARY_PATH} PYTHONPATH=/home/a/ws_moveit2/build/dynamixel_controller_gui/prefix_override:/usr/lib/python3/dist-packages/colcon_core/task/python/colcon_distutils_commands:/home/a/ws_moveit2/install/dynamixel_controller_gui/lib/python3.10/site-packages:/home/a/ws_moveit2/install/dynamixel_controller/local/lib/python3.10/dist-packages:${PYTHONPATH} /usr/bin/python3 -W ignore:setup.py install is deprecated -W ignore:easy_install command is deprecated setup.py egg_info --egg-base ../../../build/dynamixel_controller_gui build --build-base /home/a/ws_moveit2/build/dynamixel_controller_gui/build install --record /home/a/ws_moveit2/build/dynamixel_controller_gui/install.log --single-version-externally-managed install_data
[3.016s] running egg_info
[3.018s] writing ../../../build/dynamixel_controller_gui/dynamixel_controller_gui.egg-info/PKG-INFO
[3.018s] writing dependency_links to ../../../build/dynamixel_controller_gui/dynamixel_controller_gui.egg-info/dependency_links.txt
[3.018s] writing entry points to ../../../build/dynamixel_controller_gui/dynamixel_controller_gui.egg-info/entry_points.txt
[3.019s] writing requirements to ../../../build/dynamixel_controller_gui/dynamixel_controller_gui.egg-info/requires.txt
[3.019s] writing top-level names to ../../../build/dynamixel_controller_gui/dynamixel_controller_gui.egg-info/top_level.txt
[3.021s] reading manifest file '../../../build/dynamixel_controller_gui/dynamixel_controller_gui.egg-info/SOURCES.txt'
[3.023s] writing manifest file '../../../build/dynamixel_controller_gui/dynamixel_controller_gui.egg-info/SOURCES.txt'
[3.024s] running build
[3.024s] running build_py
[3.024s] copying dynamixel_controller_gui/dynamixel_gui.py -> /home/a/ws_moveit2/build/dynamixel_controller_gui/build/lib/dynamixel_controller_gui
[3.024s] running install
[3.025s] running install_lib
[3.026s] copying /home/a/ws_moveit2/build/dynamixel_controller_gui/build/lib/dynamixel_controller_gui/dynamixel_gui.py -> /home/a/ws_moveit2/install/dynamixel_controller_gui/lib/python3.10/site-packages/dynamixel_controller_gui
[3.027s] byte-compiling /home/a/ws_moveit2/install/dynamixel_controller_gui/lib/python3.10/site-packages/dynamixel_controller_gui/dynamixel_gui.py to dynamixel_gui.cpython-310.pyc
[3.038s] running install_data
[3.038s] running install_egg_info
[3.042s] removing '/home/a/ws_moveit2/install/dynamixel_controller_gui/lib/python3.10/site-packages/dynamixel_controller_gui-0.0.0-py3.10.egg-info' (and everything under it)
[3.042s] Copying ../../../build/dynamixel_controller_gui/dynamixel_controller_gui.egg-info to /home/a/ws_moveit2/install/dynamixel_controller_gui/lib/python3.10/site-packages/dynamixel_controller_gui-0.0.0-py3.10.egg-info
[3.044s] running install_scripts
[3.084s] Installing dynamixel_gui script to /home/a/ws_moveit2/install/dynamixel_controller_gui/lib/dynamixel_controller_gui
[3.085s] writing list of installed files to '/home/a/ws_moveit2/build/dynamixel_controller_gui/install.log'
[3.126s] Invoked command in '/home/a/ws_moveit2/src/dynamixel_ros2/dynamixel_controller_gui' returned '0': AMENT_PREFIX_PATH=/home/a/ws_moveit2/install/dynamixel_controller:/home/a/ws_moveit2/install/dynamixel_sdk:${AMENT_PREFIX_PATH} CMAKE_PREFIX_PATH=/home/a/ws_moveit2/install/dynamixel_controller:/home/a/ws_moveit2/install/dynamixel_sdk LD_LIBRARY_PATH=/home/a/ws_moveit2/install/dynamixel_controller/lib:/home/a/ws_moveit2/install/dynamixel_sdk/lib:${LD_LIBRARY_PATH} PYTHONPATH=/home/a/ws_moveit2/build/dynamixel_controller_gui/prefix_override:/usr/lib/python3/dist-packages/colcon_core/task/python/colcon_distutils_commands:/home/a/ws_moveit2/install/dynamixel_controller_gui/lib/python3.10/site-packages:/home/a/ws_moveit2/install/dynamixel_controller/local/lib/python3.10/dist-packages:${PYTHONPATH} /usr/bin/python3 -W ignore:setup.py install is deprecated -W ignore:easy_install command is deprecated setup.py egg_info --egg-base ../../../build/dynamixel_controller_gui build --build-base /home/a/ws_moveit2/build/dynamixel_controller_gui/build install --record /home/a/ws_moveit2/build/dynamixel_controller_gui/install.log --single-version-externally-managed install_data
