[0.410s] Invoking command in '/home/a/ws_moveit2/build/chomp_motion_planner': AMENT_PREFIX_PATH=/home/a/ws_moveit2/install/moveit_core:/home/a/ws_moveit2/install/moveit_resources_panda_moveit_config:/home/a/ws_moveit2/install/srdfdom:/home/a/ws_moveit2/install/moveit_resources_pr2_description:/home/a/ws_moveit2/install/moveit_resources_panda_description:/home/a/ws_moveit2/install/moveit_common:${AMENT_PREFIX_PATH} CMAKE_PREFIX_PATH=/home/a/ws_moveit2/install/moveit_core:/home/a/ws_moveit2/install/moveit_resources_panda_moveit_config:/home/a/ws_moveit2/install/srdfdom:/home/a/ws_moveit2/install/moveit_resources_pr2_description:/home/a/ws_moveit2/install/moveit_resources_panda_description:/home/a/ws_moveit2/install/moveit_common:/opt/ros/humble LD_LIBRARY_PATH=/home/a/ws_moveit2/install/moveit_core/lib:/home/a/ws_moveit2/install/srdfdom/lib:${LD_LIBRARY_PATH} PATH=/home/a/ws_moveit2/install/moveit_core/bin:${PATH} PYTHONPATH=/home/a/ws_moveit2/install/srdfdom/local/lib/python3.10/dist-packages:${PYTHONPATH} /usr/bin/cmake --build /home/a/ws_moveit2/build/chomp_motion_planner -- -j22 -l22
[2.078s] [100%] Built target chomp_motion_planner
[2.745s] Invoked command in '/home/a/ws_moveit2/build/chomp_motion_planner' returned '0': AMENT_PREFIX_PATH=/home/a/ws_moveit2/install/moveit_core:/home/a/ws_moveit2/install/moveit_resources_panda_moveit_config:/home/a/ws_moveit2/install/srdfdom:/home/a/ws_moveit2/install/moveit_resources_pr2_description:/home/a/ws_moveit2/install/moveit_resources_panda_description:/home/a/ws_moveit2/install/moveit_common:${AMENT_PREFIX_PATH} CMAKE_PREFIX_PATH=/home/a/ws_moveit2/install/moveit_core:/home/a/ws_moveit2/install/moveit_resources_panda_moveit_config:/home/a/ws_moveit2/install/srdfdom:/home/a/ws_moveit2/install/moveit_resources_pr2_description:/home/a/ws_moveit2/install/moveit_resources_panda_description:/home/a/ws_moveit2/install/moveit_common:/opt/ros/humble LD_LIBRARY_PATH=/home/a/ws_moveit2/install/moveit_core/lib:/home/a/ws_moveit2/install/srdfdom/lib:${LD_LIBRARY_PATH} PATH=/home/a/ws_moveit2/install/moveit_core/bin:${PATH} PYTHONPATH=/home/a/ws_moveit2/install/srdfdom/local/lib/python3.10/dist-packages:${PYTHONPATH} /usr/bin/cmake --build /home/a/ws_moveit2/build/chomp_motion_planner -- -j22 -l22
[2.769s] Invoking command in '/home/a/ws_moveit2/build/chomp_motion_planner': AMENT_PREFIX_PATH=/home/a/ws_moveit2/install/moveit_core:/home/a/ws_moveit2/install/moveit_resources_panda_moveit_config:/home/a/ws_moveit2/install/srdfdom:/home/a/ws_moveit2/install/moveit_resources_pr2_description:/home/a/ws_moveit2/install/moveit_resources_panda_description:/home/a/ws_moveit2/install/moveit_common:${AMENT_PREFIX_PATH} CMAKE_PREFIX_PATH=/home/a/ws_moveit2/install/moveit_core:/home/a/ws_moveit2/install/moveit_resources_panda_moveit_config:/home/a/ws_moveit2/install/srdfdom:/home/a/ws_moveit2/install/moveit_resources_pr2_description:/home/a/ws_moveit2/install/moveit_resources_panda_description:/home/a/ws_moveit2/install/moveit_common:/opt/ros/humble LD_LIBRARY_PATH=/home/a/ws_moveit2/install/moveit_core/lib:/home/a/ws_moveit2/install/srdfdom/lib:${LD_LIBRARY_PATH} PATH=/home/a/ws_moveit2/install/moveit_core/bin:${PATH} PYTHONPATH=/home/a/ws_moveit2/install/srdfdom/local/lib/python3.10/dist-packages:${PYTHONPATH} /usr/bin/cmake --install /home/a/ws_moveit2/build/chomp_motion_planner
[3.152s] -- Install configuration: "Release"
[3.154s] -- Up-to-date: /home/a/ws_moveit2/install/chomp_motion_planner/lib/libchomp_motion_planner.so.2.5.9
[3.155s] -- Up-to-date: /home/a/ws_moveit2/install/chomp_motion_planner/lib/libchomp_motion_planner.so
[3.180s] -- Up-to-date: /home/a/ws_moveit2/install/chomp_motion_planner/include
[3.200s] -- Up-to-date: /home/a/ws_moveit2/install/chomp_motion_planner/include/chomp_motion_planner
[3.200s] -- Up-to-date: /home/a/ws_moveit2/install/chomp_motion_planner/include/chomp_motion_planner/multivariate_gaussian.h
[3.204s] -- Up-to-date: /home/a/ws_moveit2/install/chomp_motion_planner/include/chomp_motion_planner/chomp_utils.h
[3.205s] -- Up-to-date: /home/a/ws_moveit2/install/chomp_motion_planner/include/chomp_motion_planner/chomp_parameters.h
[3.206s] -- Up-to-date: /home/a/ws_moveit2/install/chomp_motion_planner/include/chomp_motion_planner/chomp_optimizer.h
[3.206s] -- Up-to-date: /home/a/ws_moveit2/install/chomp_motion_planner/include/chomp_motion_planner/chomp_cost.h
[3.207s] -- Up-to-date: /home/a/ws_moveit2/install/chomp_motion_planner/include/chomp_motion_planner/chomp_trajectory.h
[3.207s] -- Up-to-date: /home/a/ws_moveit2/install/chomp_motion_planner/include/chomp_motion_planner/chomp_planner.h
[3.208s] -- Up-to-date: /home/a/ws_moveit2/install/chomp_motion_planner/share/chomp_motion_planner/environment/library_path.sh
[3.208s] -- Up-to-date: /home/a/ws_moveit2/install/chomp_motion_planner/share/chomp_motion_planner/environment/library_path.dsv
[3.208s] -- Up-to-date: /home/a/ws_moveit2/install/chomp_motion_planner/share/ament_index/resource_index/package_run_dependencies/chomp_motion_planner
[3.233s] -- Up-to-date: /home/a/ws_moveit2/install/chomp_motion_planner/share/ament_index/resource_index/parent_prefix_path/chomp_motion_planner
[3.234s] -- Up-to-date: /home/a/ws_moveit2/install/chomp_motion_planner/share/chomp_motion_planner/environment/ament_prefix_path.sh
[3.234s] -- Up-to-date: /home/a/ws_moveit2/install/chomp_motion_planner/share/chomp_motion_planner/environment/ament_prefix_path.dsv
[3.235s] -- Up-to-date: /home/a/ws_moveit2/install/chomp_motion_planner/share/chomp_motion_planner/environment/path.sh
[3.236s] -- Up-to-date: /home/a/ws_moveit2/install/chomp_motion_planner/share/chomp_motion_planner/environment/path.dsv
[3.236s] -- Up-to-date: /home/a/ws_moveit2/install/chomp_motion_planner/share/chomp_motion_planner/local_setup.bash
[3.237s] -- Up-to-date: /home/a/ws_moveit2/install/chomp_motion_planner/share/chomp_motion_planner/local_setup.sh
[3.237s] -- Up-to-date: /home/a/ws_moveit2/install/chomp_motion_planner/share/chomp_motion_planner/local_setup.zsh
[3.238s] -- Up-to-date: /home/a/ws_moveit2/install/chomp_motion_planner/share/chomp_motion_planner/local_setup.dsv
[3.238s] -- Up-to-date: /home/a/ws_moveit2/install/chomp_motion_planner/share/chomp_motion_planner/package.dsv
[3.243s] -- Up-to-date: /home/a/ws_moveit2/install/chomp_motion_planner/share/ament_index/resource_index/packages/chomp_motion_planner
[3.244s] -- Up-to-date: /home/a/ws_moveit2/install/chomp_motion_planner/share/chomp_motion_planner/cmake/chomp_motion_plannerTargetsExport.cmake
[3.244s] -- Up-to-date: /home/a/ws_moveit2/install/chomp_motion_planner/share/chomp_motion_planner/cmake/chomp_motion_plannerTargetsExport-release.cmake
[3.264s] -- Up-to-date: /home/a/ws_moveit2/install/chomp_motion_planner/share/chomp_motion_planner/cmake/ament_cmake_export_targets-extras.cmake
[3.265s] -- Up-to-date: /home/a/ws_moveit2/install/chomp_motion_planner/share/chomp_motion_planner/cmake/chomp_motion_plannerConfig.cmake
[3.265s] -- Up-to-date: /home/a/ws_moveit2/install/chomp_motion_planner/share/chomp_motion_planner/cmake/chomp_motion_plannerConfig-version.cmake
[3.266s] -- Up-to-date: /home/a/ws_moveit2/install/chomp_motion_planner/share/chomp_motion_planner/package.xml
[4.099s] Invoked command in '/home/a/ws_moveit2/build/chomp_motion_planner' returned '0': AMENT_PREFIX_PATH=/home/a/ws_moveit2/install/moveit_core:/home/a/ws_moveit2/install/moveit_resources_panda_moveit_config:/home/a/ws_moveit2/install/srdfdom:/home/a/ws_moveit2/install/moveit_resources_pr2_description:/home/a/ws_moveit2/install/moveit_resources_panda_description:/home/a/ws_moveit2/install/moveit_common:${AMENT_PREFIX_PATH} CMAKE_PREFIX_PATH=/home/a/ws_moveit2/install/moveit_core:/home/a/ws_moveit2/install/moveit_resources_panda_moveit_config:/home/a/ws_moveit2/install/srdfdom:/home/a/ws_moveit2/install/moveit_resources_pr2_description:/home/a/ws_moveit2/install/moveit_resources_panda_description:/home/a/ws_moveit2/install/moveit_common:/opt/ros/humble LD_LIBRARY_PATH=/home/a/ws_moveit2/install/moveit_core/lib:/home/a/ws_moveit2/install/srdfdom/lib:${LD_LIBRARY_PATH} PATH=/home/a/ws_moveit2/install/moveit_core/bin:${PATH} PYTHONPATH=/home/a/ws_moveit2/install/srdfdom/local/lib/python3.10/dist-packages:${PYTHONPATH} /usr/bin/cmake --install /home/a/ws_moveit2/build/chomp_motion_planner
