[0.127s] Invoking command in '/home/a/ws_moveit2/build/moveit_core': CMAKE_PREFIX_PATH=/home/a/ws_moveit2/install/moveit_resources_panda_moveit_config:/home/a/ws_moveit2/install/srdfdom:/home/a/ws_moveit2/install/moveit_resources_pr2_description:/home/a/ws_moveit2/install/moveit_resources_panda_description:/home/a/ws_moveit2/install/moveit_common:/home/a/ws_moveit2/install/my_robot_config:/home/a/ws_moveit2/install/pilz_industrial_motion_planner_testutils:/home/a/ws_moveit2/install/moveit_runtime:/home/a/ws_moveit2/install/moveit2_tutorials:/home/a/ws_moveit2/install/moveit:/home/a/ws_moveit2/install/moveit_planners:/home/a/ws_moveit2/install/pilz_industrial_motion_planner:/home/a/ws_moveit2/install/hello_moveit:/home/a/ws_moveit2/install/moveit_visual_tools:/home/a/ws_moveit2/install/moveit_task_constructor_visualization:/home/a/ws_moveit2/install/moveit_task_constructor_demo:/home/a/ws_moveit2/install/moveit_task_constructor_capabilities:/home/a/ws_moveit2/install/moveit_task_constructor_core:/home/a/ws_moveit2/install/moveit_ros_control_interface:/home/a/ws_moveit2/install/moveit_plugins:/home/a/ws_moveit2/install/moveit_simple_controller_manager:/home/a/ws_moveit2/install/moveit_setup_assistant:/home/a/ws_moveit2/install/moveit_setup_srdf_plugins:/home/a/ws_moveit2/install/moveit_setup_core_plugins:/home/a/ws_moveit2/install/moveit_setup_controllers:/home/a/ws_moveit2/install/moveit_setup_app_plugins:/home/a/ws_moveit2/install/moveit_setup_framework:/home/a/ws_moveit2/install/moveit_servo:/home/a/ws_moveit2/install/moveit_ros:/home/a/ws_moveit2/install/moveit_ros_visualization:/home/a/ws_moveit2/install/moveit_hybrid_planning:/home/a/ws_moveit2/install/moveit_ros_planning_interface:/home/a/ws_moveit2/install/moveit_ros_benchmarks:/home/a/ws_moveit2/install/moveit_ros_warehouse:/home/a/ws_moveit2/install/moveit_ros_robot_interaction:/home/a/ws_moveit2/install/moveit_ros_perception:/home/a/ws_moveit2/install/moveit_resources_prbt_pg70_support:/home/a/ws_moveit2/install/moveit_resources_prbt_moveit_config:/home/a/ws_moveit2/install/moveit_ros_move_group:/home/a/ws_moveit2/install/moveit_planners_ompl:/home/a/ws_moveit2/install/moveit_ros_planning:/home/a/ws_moveit2/install/moveit_ros_occupancy_map_monitor:/home/a/ws_moveit2/install/moveit_resources_prbt_ikfast_manipulator_plugin:/home/a/ws_moveit2/install/moveit_planners_chomp:/home/a/ws_moveit2/install/moveit_kinematics:/home/a/ws_moveit2/install/moveit_chomp_optimizer_adapter:/home/a/ws_moveit2/install/chomp_motion_planner:/home/a/ws_moveit2/install/moveit_core:/home/a/ws_moveit2/install/rviz_marker_tools:/home/a/ws_moveit2/install/rosparam_shortcuts:/home/a/ws_moveit2/install/moveit_task_constructor_msgs:/home/a/ws_moveit2/install/moveit_resources_prbt_support:/home/a/ws_moveit2/install/moveit_resources:/home/a/ws_moveit2/install/moveit_resources_fanuc_moveit_config:/home/a/ws_moveit2/install/moveit_resources_fanuc_description:/home/a/ws_moveit2/install/moveit_configs_utils:/home/a/ws_moveit2/install/launch_param_builder:/opt/ros/humble LD_LIBRARY_PATH=/home/a/ws_moveit2/install/srdfdom/lib:/home/a/ws_moveit2/install/pilz_industrial_motion_planner_testutils/lib:/home/a/ws_moveit2/install/pilz_industrial_motion_planner/lib:/home/a/ws_moveit2/install/moveit_visual_tools/lib:/home/a/ws_moveit2/install/moveit_task_constructor_visualization/lib:/home/a/ws_moveit2/install/moveit_task_constructor_demo/lib:/home/a/ws_moveit2/install/moveit_task_constructor_capabilities/lib:/home/a/ws_moveit2/install/moveit_task_constructor_core/lib:/home/a/ws_moveit2/install/moveit_ros_control_interface/lib:/home/a/ws_moveit2/install/moveit_simple_controller_manager/lib:/home/a/ws_moveit2/install/moveit_setup_assistant/lib:/home/a/ws_moveit2/install/moveit_setup_srdf_plugins/lib:/home/a/ws_moveit2/install/moveit_setup_core_plugins/lib:/home/a/ws_moveit2/install/moveit_setup_controllers/lib:/home/a/ws_moveit2/install/moveit_setup_app_plugins/lib:/home/a/ws_moveit2/install/moveit_setup_framework/lib:/home/a/ws_moveit2/install/moveit_servo/lib:/home/a/ws_moveit2/install/moveit_ros_visualization/lib:/home/a/ws_moveit2/install/moveit_hybrid_planning/lib:/home/a/ws_moveit2/install/moveit_ros_planning_interface/lib:/home/a/ws_moveit2/install/moveit_ros_benchmarks/lib:/home/a/ws_moveit2/install/moveit_ros_warehouse/lib:/home/a/ws_moveit2/install/moveit_ros_robot_interaction/lib:/home/a/ws_moveit2/install/moveit_ros_perception/lib:/home/a/ws_moveit2/install/moveit_ros_move_group/lib:/home/a/ws_moveit2/install/moveit_planners_ompl/lib:/home/a/ws_moveit2/install/moveit_ros_planning/lib:/home/a/ws_moveit2/install/moveit_ros_occupancy_map_monitor/lib:/home/a/ws_moveit2/install/moveit_resources_prbt_ikfast_manipulator_plugin/lib:/home/a/ws_moveit2/install/moveit_planners_chomp/lib:/home/a/ws_moveit2/install/moveit_kinematics/lib:/home/a/ws_moveit2/install/moveit_chomp_optimizer_adapter/lib:/home/a/ws_moveit2/install/chomp_motion_planner/lib:/home/a/ws_moveit2/install/moveit_core/lib:/home/a/ws_moveit2/install/rviz_marker_tools/lib:/home/a/ws_moveit2/install/rosparam_shortcuts/lib:/home/a/ws_moveit2/install/moveit_task_constructor_msgs/lib:/opt/ros/humble/opt/rviz_ogre_vendor/lib:/opt/ros/humble/lib/x86_64-linux-gnu:/opt/ros/humble/lib /opt/st/stm32cubeclt_1.17.0/CMake/bin/cmake /home/a/ws_moveit2/src/moveit2/moveit_core -DCMAKE_BUILD_TYPE=Release -DCMAKE_INSTALL_PREFIX=/home/a/ws_moveit2/install/moveit_core
[0.184s] -- Found moveit_common: 2.5.9 (/home/a/ws_moveit2/install/moveit_common/share/moveit_common/cmake)
[0.189s] -- Found ament_cmake: 1.3.11 (/opt/ros/humble/share/ament_cmake/cmake)
[1.205s] -- Override CMake install command with custom implementation using symlinks instead of copying resources
[1.559s] -- Found angles: 1.15.0 (/opt/ros/humble/share/angles/cmake)
[1.713s] -- Found common_interfaces: 4.8.0 (/opt/ros/humble/share/common_interfaces/cmake)
[1.715s] -- Found eigen_stl_containers: 1.1.0 (/opt/ros/humble/share/eigen_stl_containers/cmake)
[1.730s] -- Found eigen3_cmake_module: 0.1.1 (/opt/ros/humble/share/eigen3_cmake_module/cmake)
[1.753s] -- Found generate_parameter_library: 0.4.0 (/opt/ros/humble/share/generate_parameter_library/cmake)
[1.775s] -- Found parameter_traits: 0.4.0 (/opt/ros/humble/share/parameter_traits/cmake)
[2.090s] -- Found rosidl_generator_c: 3.1.6 (/opt/ros/humble/share/rosidl_generator_c/cmake)
[2.117s] -- Found rosidl_adapter: 3.1.6 (/opt/ros/humble/share/rosidl_adapter/cmake)
[2.181s] -- Found rosidl_generator_cpp: 3.1.6 (/opt/ros/humble/share/rosidl_generator_cpp/cmake)
[2.317s] -- Using all available rosidl_typesupport_c: rosidl_typesupport_fastrtps_c;rosidl_typesupport_introspection_c
[2.446s] -- Using all available rosidl_typesupport_cpp: rosidl_typesupport_fastrtps_cpp;rosidl_typesupport_introspection_cpp
[2.796s] -- Found rmw_implementation_cmake: 6.1.2 (/opt/ros/humble/share/rmw_implementation_cmake/cmake)
[2.833s] -- Found rmw_fastrtps_cpp: 6.2.7 (/opt/ros/humble/share/rmw_fastrtps_cpp/cmake)
[3.593s] -- Using RMW implementation 'rmw_fastrtps_cpp' as default
[4.065s] -- Found rclcpp_lifecycle: 16.0.12 (/opt/ros/humble/share/rclcpp_lifecycle/cmake)
[4.165s] -- Found geometric_shapes: 2.3.2 (/opt/ros/humble/share/geometric_shapes/cmake)
[4.186s] -- Found Boost: /usr/lib/x86_64-linux-gnu/cmake/Boost-1.74.0/BoostConfig.cmake (found version "1.74.0") found components: filesystem 
[4.481s] -- library: /usr/lib/x86_64-linux-gnu/libcurl.so
[4.781s] -- Found kdl_parser: 2.6.4 (/opt/ros/humble/share/kdl_parser/cmake)
[4.797s] -- Ensuring Eigen3 include directory is part of orocos-kdl CMake target
[4.809s] -- Found moveit_msgs: 2.2.1 (/opt/ros/humble/share/moveit_msgs/cmake)
[5.500s] -- Found pluginlib: 5.1.0 (/opt/ros/humble/share/pluginlib/cmake)
[5.579s] -- Found srdfdom: 2.0.7 (/home/a/ws_moveit2/install/srdfdom/share/srdfdom/cmake)
[5.620s] -- Found tf2_eigen: 0.25.12 (/opt/ros/humble/share/tf2_eigen/cmake)
[5.947s] -- Found tf2_geometry_msgs: 0.25.12 (/opt/ros/humble/share/tf2_geometry_msgs/cmake)
[5.965s] -- Found tf2_kdl: 0.25.12 (/opt/ros/humble/share/tf2_kdl/cmake)
[6.063s] -- Found Boost: /usr/lib/x86_64-linux-gnu/cmake/Boost-1.74.0/BoostConfig.cmake (found version "1.74.0") found components: chrono date_time filesystem iostreams program_options regex serialization system thread 
[6.069s] --  *** Building MoveIt 2.5.9-Alpha ***
[6.162s] -- Found ament_cmake_gtest: 1.3.11 (/opt/ros/humble/share/ament_cmake_gtest/cmake)
[6.165s] -- Found gtest sources under '/opt/ros/humble/src/gtest_vendor': C++ tests using 'Google Test' will be built
[6.285s] -- Found ament_cmake_gmock: 1.3.11 (/opt/ros/humble/share/ament_cmake_gmock/cmake)
[6.300s] -- Found gmock sources under '/opt/ros/humble/src/gmock_vendor': C++ tests using 'Google Mock' will be built
[6.319s] -- Found ament_cmake_gtest: 1.3.11 (/opt/ros/humble/share/ament_cmake_gtest/cmake)
[6.324s] -- Found gtest sources under '/opt/ros/humble/src/gtest_vendor': C++ tests using 'Google Test' will be built
[6.456s] -- Found ament_cmake_gtest: 1.3.11 (/opt/ros/humble/share/ament_cmake_gtest/cmake)
[6.459s] -- Found gtest sources under '/opt/ros/humble/src/gtest_vendor': C++ tests using 'Google Test' will be built
[6.771s] -- Found ament_cmake_gtest: 1.3.11 (/opt/ros/humble/share/ament_cmake_gtest/cmake)
[6.775s] -- Found gtest sources under '/opt/ros/humble/src/gtest_vendor': C++ tests using 'Google Test' will be built
[6.890s] -- Found ament_lint_auto: 0.12.12 (/opt/ros/humble/share/ament_lint_auto/cmake)
[6.897s] -- Found ament_cmake_gtest: 1.3.11 (/opt/ros/humble/share/ament_cmake_gtest/cmake)
[6.897s] -- Found gtest sources under '/opt/ros/humble/src/gtest_vendor': C++ tests using 'Google Test' will be built
[7.081s] -- Found ament_cmake_gtest: 1.3.11 (/opt/ros/humble/share/ament_cmake_gtest/cmake)
[7.084s] -- Found gtest sources under '/opt/ros/humble/src/gtest_vendor': C++ tests using 'Google Test' will be built
[7.239s] -- Found ament_cmake_gtest: 1.3.11 (/opt/ros/humble/share/ament_cmake_gtest/cmake)
[7.242s] -- Found gtest sources under '/opt/ros/humble/src/gtest_vendor': C++ tests using 'Google Test' will be built
[7.350s] -- Found ament_cmake_gtest: 1.3.11 (/opt/ros/humble/share/ament_cmake_gtest/cmake)
[7.355s] -- Found gmock sources under '/opt/ros/humble/src/gmock_vendor': C++ tests using 'Google Mock' will be built
[7.358s] -- Found gtest sources under '/opt/ros/humble/src/gtest_vendor': C++ tests using 'Google Test' will be built
[7.437s] -- Found gtest sources under '/opt/ros/humble/src/gtest_vendor': C++ tests using 'Google Test' will be built
[7.527s] -- Found gtest sources under '/opt/ros/humble/src/gtest_vendor': C++ tests using 'Google Test' will be built
[7.632s] -- Found ament_cmake_gtest: 1.3.11 (/opt/ros/humble/share/ament_cmake_gtest/cmake)
[7.635s] -- Found gtest sources under '/opt/ros/humble/src/gtest_vendor': C++ tests using 'Google Test' will be built
[7.868s] -- Found gtest sources under '/opt/ros/humble/src/gtest_vendor': C++ tests using 'Google Test' will be built
[8.025s] -- Found gtest sources under '/opt/ros/humble/src/gtest_vendor': C++ tests using 'Google Test' will be built
[8.142s] -- Found gtest sources under '/opt/ros/humble/src/gtest_vendor': C++ tests using 'Google Test' will be built
[8.174s] -- Found ament_lint_auto: 0.12.12 (/opt/ros/humble/share/ament_lint_auto/cmake)
[8.327s] -- Added test 'cppcheck' to perform static code analysis on C / C++ code
[8.334s] -- Configured cppcheck include dirs: /home/a/ws_moveit2/src/moveit2/moveit_core/exceptions/include;/home/a/ws_moveit2/src/moveit2/moveit_core/collision_detection/include;/home/a/ws_moveit2/src/moveit2/moveit_core/collision_detection_fcl/include;/home/a/ws_moveit2/src/moveit2/moveit_core/collision_detection_bullet/include;/home/a/ws_moveit2/src/moveit2/moveit_core/constraint_samplers/include;/home/a/ws_moveit2/src/moveit2/moveit_core/controller_manager/include;/home/a/ws_moveit2/src/moveit2/moveit_core/distance_field/include;/home/a/ws_moveit2/src/moveit2/moveit_core/collision_distance_field/include;/home/a/ws_moveit2/src/moveit2/moveit_core/dynamics_solver/include;/home/a/ws_moveit2/src/moveit2/moveit_core/kinematics_base/include;/home/a/ws_moveit2/src/moveit2/moveit_core/kinematics_metrics/include;/home/a/ws_moveit2/src/moveit2/moveit_core/robot_model/include;/home/a/ws_moveit2/src/moveit2/moveit_core/transforms/include;/home/a/ws_moveit2/src/moveit2/moveit_core/robot_state/include;/home/a/ws_moveit2/src/moveit2/moveit_core/robot_trajectory/include;/home/a/ws_moveit2/src/moveit2/moveit_core/kinematic_constraints/include;/home/a/ws_moveit2/src/moveit2/moveit_core/macros/include;/home/a/ws_moveit2/src/moveit2/moveit_core/online_signal_smoothing/include;/home/a/ws_moveit2/src/moveit2/moveit_core/planning_interface/include;/home/a/ws_moveit2/src/moveit2/moveit_core/planning_request_adapter/include;/home/a/ws_moveit2/src/moveit2/moveit_core/planning_scene/include;/home/a/ws_moveit2/src/moveit2/moveit_core/sensor_manager/include;/home/a/ws_moveit2/src/moveit2/moveit_core/trajectory_processing/include;/home/a/ws_moveit2/src/moveit2/moveit_core/utils/include
[8.334s] -- Configured cppcheck exclude dirs and/or files: 
[8.345s] -- Added test 'pep257' to check Python code against some of the docstring style conventions in PEP 257
[8.358s] -- Added test 'xmllint' to check XML markup files
[8.372s] -- Configuring done (8.2s)
[11.982s] -- Generating done (3.3s)
[12.825s] -- Build files have been written to: /home/a/ws_moveit2/build/moveit_core
[12.929s] Invoked command in '/home/a/ws_moveit2/build/moveit_core' returned '0': CMAKE_PREFIX_PATH=/home/a/ws_moveit2/install/moveit_resources_panda_moveit_config:/home/a/ws_moveit2/install/srdfdom:/home/a/ws_moveit2/install/moveit_resources_pr2_description:/home/a/ws_moveit2/install/moveit_resources_panda_description:/home/a/ws_moveit2/install/moveit_common:/home/a/ws_moveit2/install/my_robot_config:/home/a/ws_moveit2/install/pilz_industrial_motion_planner_testutils:/home/a/ws_moveit2/install/moveit_runtime:/home/a/ws_moveit2/install/moveit2_tutorials:/home/a/ws_moveit2/install/moveit:/home/a/ws_moveit2/install/moveit_planners:/home/a/ws_moveit2/install/pilz_industrial_motion_planner:/home/a/ws_moveit2/install/hello_moveit:/home/a/ws_moveit2/install/moveit_visual_tools:/home/a/ws_moveit2/install/moveit_task_constructor_visualization:/home/a/ws_moveit2/install/moveit_task_constructor_demo:/home/a/ws_moveit2/install/moveit_task_constructor_capabilities:/home/a/ws_moveit2/install/moveit_task_constructor_core:/home/a/ws_moveit2/install/moveit_ros_control_interface:/home/a/ws_moveit2/install/moveit_plugins:/home/a/ws_moveit2/install/moveit_simple_controller_manager:/home/a/ws_moveit2/install/moveit_setup_assistant:/home/a/ws_moveit2/install/moveit_setup_srdf_plugins:/home/a/ws_moveit2/install/moveit_setup_core_plugins:/home/a/ws_moveit2/install/moveit_setup_controllers:/home/a/ws_moveit2/install/moveit_setup_app_plugins:/home/a/ws_moveit2/install/moveit_setup_framework:/home/a/ws_moveit2/install/moveit_servo:/home/a/ws_moveit2/install/moveit_ros:/home/a/ws_moveit2/install/moveit_ros_visualization:/home/a/ws_moveit2/install/moveit_hybrid_planning:/home/a/ws_moveit2/install/moveit_ros_planning_interface:/home/a/ws_moveit2/install/moveit_ros_benchmarks:/home/a/ws_moveit2/install/moveit_ros_warehouse:/home/a/ws_moveit2/install/moveit_ros_robot_interaction:/home/a/ws_moveit2/install/moveit_ros_perception:/home/a/ws_moveit2/install/moveit_resources_prbt_pg70_support:/home/a/ws_moveit2/install/moveit_resources_prbt_moveit_config:/home/a/ws_moveit2/install/moveit_ros_move_group:/home/a/ws_moveit2/install/moveit_planners_ompl:/home/a/ws_moveit2/install/moveit_ros_planning:/home/a/ws_moveit2/install/moveit_ros_occupancy_map_monitor:/home/a/ws_moveit2/install/moveit_resources_prbt_ikfast_manipulator_plugin:/home/a/ws_moveit2/install/moveit_planners_chomp:/home/a/ws_moveit2/install/moveit_kinematics:/home/a/ws_moveit2/install/moveit_chomp_optimizer_adapter:/home/a/ws_moveit2/install/chomp_motion_planner:/home/a/ws_moveit2/install/moveit_core:/home/a/ws_moveit2/install/rviz_marker_tools:/home/a/ws_moveit2/install/rosparam_shortcuts:/home/a/ws_moveit2/install/moveit_task_constructor_msgs:/home/a/ws_moveit2/install/moveit_resources_prbt_support:/home/a/ws_moveit2/install/moveit_resources:/home/a/ws_moveit2/install/moveit_resources_fanuc_moveit_config:/home/a/ws_moveit2/install/moveit_resources_fanuc_description:/home/a/ws_moveit2/install/moveit_configs_utils:/home/a/ws_moveit2/install/launch_param_builder:/opt/ros/humble LD_LIBRARY_PATH=/home/a/ws_moveit2/install/srdfdom/lib:/home/a/ws_moveit2/install/pilz_industrial_motion_planner_testutils/lib:/home/a/ws_moveit2/install/pilz_industrial_motion_planner/lib:/home/a/ws_moveit2/install/moveit_visual_tools/lib:/home/a/ws_moveit2/install/moveit_task_constructor_visualization/lib:/home/a/ws_moveit2/install/moveit_task_constructor_demo/lib:/home/a/ws_moveit2/install/moveit_task_constructor_capabilities/lib:/home/a/ws_moveit2/install/moveit_task_constructor_core/lib:/home/a/ws_moveit2/install/moveit_ros_control_interface/lib:/home/a/ws_moveit2/install/moveit_simple_controller_manager/lib:/home/a/ws_moveit2/install/moveit_setup_assistant/lib:/home/a/ws_moveit2/install/moveit_setup_srdf_plugins/lib:/home/a/ws_moveit2/install/moveit_setup_core_plugins/lib:/home/a/ws_moveit2/install/moveit_setup_controllers/lib:/home/a/ws_moveit2/install/moveit_setup_app_plugins/lib:/home/a/ws_moveit2/install/moveit_setup_framework/lib:/home/a/ws_moveit2/install/moveit_servo/lib:/home/a/ws_moveit2/install/moveit_ros_visualization/lib:/home/a/ws_moveit2/install/moveit_hybrid_planning/lib:/home/a/ws_moveit2/install/moveit_ros_planning_interface/lib:/home/a/ws_moveit2/install/moveit_ros_benchmarks/lib:/home/a/ws_moveit2/install/moveit_ros_warehouse/lib:/home/a/ws_moveit2/install/moveit_ros_robot_interaction/lib:/home/a/ws_moveit2/install/moveit_ros_perception/lib:/home/a/ws_moveit2/install/moveit_ros_move_group/lib:/home/a/ws_moveit2/install/moveit_planners_ompl/lib:/home/a/ws_moveit2/install/moveit_ros_planning/lib:/home/a/ws_moveit2/install/moveit_ros_occupancy_map_monitor/lib:/home/a/ws_moveit2/install/moveit_resources_prbt_ikfast_manipulator_plugin/lib:/home/a/ws_moveit2/install/moveit_planners_chomp/lib:/home/a/ws_moveit2/install/moveit_kinematics/lib:/home/a/ws_moveit2/install/moveit_chomp_optimizer_adapter/lib:/home/a/ws_moveit2/install/chomp_motion_planner/lib:/home/a/ws_moveit2/install/moveit_core/lib:/home/a/ws_moveit2/install/rviz_marker_tools/lib:/home/a/ws_moveit2/install/rosparam_shortcuts/lib:/home/a/ws_moveit2/install/moveit_task_constructor_msgs/lib:/opt/ros/humble/opt/rviz_ogre_vendor/lib:/opt/ros/humble/lib/x86_64-linux-gnu:/opt/ros/humble/lib /opt/st/stm32cubeclt_1.17.0/CMake/bin/cmake /home/a/ws_moveit2/src/moveit2/moveit_core -DCMAKE_BUILD_TYPE=Release -DCMAKE_INSTALL_PREFIX=/home/a/ws_moveit2/install/moveit_core
[12.937s] Invoking command in '/home/a/ws_moveit2/build/moveit_core': CMAKE_PREFIX_PATH=/home/a/ws_moveit2/install/moveit_resources_panda_moveit_config:/home/a/ws_moveit2/install/srdfdom:/home/a/ws_moveit2/install/moveit_resources_pr2_description:/home/a/ws_moveit2/install/moveit_resources_panda_description:/home/a/ws_moveit2/install/moveit_common:/home/a/ws_moveit2/install/my_robot_config:/home/a/ws_moveit2/install/pilz_industrial_motion_planner_testutils:/home/a/ws_moveit2/install/moveit_runtime:/home/a/ws_moveit2/install/moveit2_tutorials:/home/a/ws_moveit2/install/moveit:/home/a/ws_moveit2/install/moveit_planners:/home/a/ws_moveit2/install/pilz_industrial_motion_planner:/home/a/ws_moveit2/install/hello_moveit:/home/a/ws_moveit2/install/moveit_visual_tools:/home/a/ws_moveit2/install/moveit_task_constructor_visualization:/home/a/ws_moveit2/install/moveit_task_constructor_demo:/home/a/ws_moveit2/install/moveit_task_constructor_capabilities:/home/a/ws_moveit2/install/moveit_task_constructor_core:/home/a/ws_moveit2/install/moveit_ros_control_interface:/home/a/ws_moveit2/install/moveit_plugins:/home/a/ws_moveit2/install/moveit_simple_controller_manager:/home/a/ws_moveit2/install/moveit_setup_assistant:/home/a/ws_moveit2/install/moveit_setup_srdf_plugins:/home/a/ws_moveit2/install/moveit_setup_core_plugins:/home/a/ws_moveit2/install/moveit_setup_controllers:/home/a/ws_moveit2/install/moveit_setup_app_plugins:/home/a/ws_moveit2/install/moveit_setup_framework:/home/a/ws_moveit2/install/moveit_servo:/home/a/ws_moveit2/install/moveit_ros:/home/a/ws_moveit2/install/moveit_ros_visualization:/home/a/ws_moveit2/install/moveit_hybrid_planning:/home/a/ws_moveit2/install/moveit_ros_planning_interface:/home/a/ws_moveit2/install/moveit_ros_benchmarks:/home/a/ws_moveit2/install/moveit_ros_warehouse:/home/a/ws_moveit2/install/moveit_ros_robot_interaction:/home/a/ws_moveit2/install/moveit_ros_perception:/home/a/ws_moveit2/install/moveit_resources_prbt_pg70_support:/home/a/ws_moveit2/install/moveit_resources_prbt_moveit_config:/home/a/ws_moveit2/install/moveit_ros_move_group:/home/a/ws_moveit2/install/moveit_planners_ompl:/home/a/ws_moveit2/install/moveit_ros_planning:/home/a/ws_moveit2/install/moveit_ros_occupancy_map_monitor:/home/a/ws_moveit2/install/moveit_resources_prbt_ikfast_manipulator_plugin:/home/a/ws_moveit2/install/moveit_planners_chomp:/home/a/ws_moveit2/install/moveit_kinematics:/home/a/ws_moveit2/install/moveit_chomp_optimizer_adapter:/home/a/ws_moveit2/install/chomp_motion_planner:/home/a/ws_moveit2/install/moveit_core:/home/a/ws_moveit2/install/rviz_marker_tools:/home/a/ws_moveit2/install/rosparam_shortcuts:/home/a/ws_moveit2/install/moveit_task_constructor_msgs:/home/a/ws_moveit2/install/moveit_resources_prbt_support:/home/a/ws_moveit2/install/moveit_resources:/home/a/ws_moveit2/install/moveit_resources_fanuc_moveit_config:/home/a/ws_moveit2/install/moveit_resources_fanuc_description:/home/a/ws_moveit2/install/moveit_configs_utils:/home/a/ws_moveit2/install/launch_param_builder:/opt/ros/humble LD_LIBRARY_PATH=/home/a/ws_moveit2/install/srdfdom/lib:/home/a/ws_moveit2/install/pilz_industrial_motion_planner_testutils/lib:/home/a/ws_moveit2/install/pilz_industrial_motion_planner/lib:/home/a/ws_moveit2/install/moveit_visual_tools/lib:/home/a/ws_moveit2/install/moveit_task_constructor_visualization/lib:/home/a/ws_moveit2/install/moveit_task_constructor_demo/lib:/home/a/ws_moveit2/install/moveit_task_constructor_capabilities/lib:/home/a/ws_moveit2/install/moveit_task_constructor_core/lib:/home/a/ws_moveit2/install/moveit_ros_control_interface/lib:/home/a/ws_moveit2/install/moveit_simple_controller_manager/lib:/home/a/ws_moveit2/install/moveit_setup_assistant/lib:/home/a/ws_moveit2/install/moveit_setup_srdf_plugins/lib:/home/a/ws_moveit2/install/moveit_setup_core_plugins/lib:/home/a/ws_moveit2/install/moveit_setup_controllers/lib:/home/a/ws_moveit2/install/moveit_setup_app_plugins/lib:/home/a/ws_moveit2/install/moveit_setup_framework/lib:/home/a/ws_moveit2/install/moveit_servo/lib:/home/a/ws_moveit2/install/moveit_ros_visualization/lib:/home/a/ws_moveit2/install/moveit_hybrid_planning/lib:/home/a/ws_moveit2/install/moveit_ros_planning_interface/lib:/home/a/ws_moveit2/install/moveit_ros_benchmarks/lib:/home/a/ws_moveit2/install/moveit_ros_warehouse/lib:/home/a/ws_moveit2/install/moveit_ros_robot_interaction/lib:/home/a/ws_moveit2/install/moveit_ros_perception/lib:/home/a/ws_moveit2/install/moveit_ros_move_group/lib:/home/a/ws_moveit2/install/moveit_planners_ompl/lib:/home/a/ws_moveit2/install/moveit_ros_planning/lib:/home/a/ws_moveit2/install/moveit_ros_occupancy_map_monitor/lib:/home/a/ws_moveit2/install/moveit_resources_prbt_ikfast_manipulator_plugin/lib:/home/a/ws_moveit2/install/moveit_planners_chomp/lib:/home/a/ws_moveit2/install/moveit_kinematics/lib:/home/a/ws_moveit2/install/moveit_chomp_optimizer_adapter/lib:/home/a/ws_moveit2/install/chomp_motion_planner/lib:/home/a/ws_moveit2/install/moveit_core/lib:/home/a/ws_moveit2/install/rviz_marker_tools/lib:/home/a/ws_moveit2/install/rosparam_shortcuts/lib:/home/a/ws_moveit2/install/moveit_task_constructor_msgs/lib:/opt/ros/humble/opt/rviz_ogre_vendor/lib:/opt/ros/humble/lib/x86_64-linux-gnu:/opt/ros/humble/lib /opt/st/stm32cubeclt_1.17.0/CMake/bin/cmake --build /home/a/ws_moveit2/build/moveit_core -- -j4 -l4
[13.235s] [  1%] [32mBuilding CXX object transforms/CMakeFiles/moveit_transforms.dir/src/transforms.cpp.o[0m
[13.260s] [  2%] [32mBuilding CXX object exceptions/CMakeFiles/moveit_exceptions.dir/src/exceptions.cpp.o[0m
[13.440s] [  3%] [32mBuilding CXX object kinematics_base/CMakeFiles/moveit_kinematics_base.dir/src/kinematics_base.cpp.o[0m
[13.662s] [  4%] [32mBuilding CXX object distance_field/CMakeFiles/moveit_distance_field.dir/src/distance_field.cpp.o[0m
[20.929s] [  4%] [32m[1mLinking CXX shared library libmoveit_exceptions.so[0m
[21.969s] [  4%] Built target moveit_exceptions
[22.070s] [  5%] [32mBuilding CXX object distance_field/CMakeFiles/moveit_distance_field.dir/src/find_internal_points.cpp.o[0m
[39.394s] [  5%] [32mBuilding CXX object distance_field/CMakeFiles/moveit_distance_field.dir/src/propagation_distance_field.cpp.o[0m
[72.356s] [  5%] [32m[1mLinking CXX shared library libmoveit_kinematics_base.so[0m
[74.032s] [  5%] Built target moveit_kinematics_base
[98.703s] [  5%] [32m[1mLinking CXX shared library libmoveit_transforms.so[0m
[100.498s] [  5%] Built target moveit_transforms
[123.262s] [  6%] [32m[1mLinking CXX shared library libmoveit_distance_field.so[0m
[123.998s] [  6%] Built target moveit_distance_field
[124.103s] [  7%] [32mBuilding CXX object gtest/CMakeFiles/gtest_main.dir/src/gtest_main.cc.o[0m
[127.216s] [  7%] [32mBuilding CXX object gmock/CMakeFiles/gmock.dir/opt/ros/humble/src/gtest_vendor/src/gtest-all.cc.o[0m
[128.352s] [  7%] [32mBuilding CXX object gtest/CMakeFiles/gtest.dir/src/gtest-all.cc.o[0m
[129.375s] [  7%] [32m[1mLinking CXX static library libgtest_main.a[0m
[129.571s] [  8%] [32mBuilding CXX object utils/CMakeFiles/moveit_utils.dir/src/lexical_casts.cpp.o[0m
[129.662s] [  8%] Built target gtest_main
[129.739s] [  8%] [32mBuilding CXX object utils/CMakeFiles/moveit_utils.dir/src/message_checks.cpp.o[0m
[144.570s] [  9%] [32mBuilding CXX object utils/CMakeFiles/moveit_utils.dir/src/rclcpp_utils.cpp.o[0m
[147.371s] [ 10%] [32m[1mLinking CXX shared library libmoveit_utils.so[0m
[156.477s] [ 10%] Built target moveit_utils
[186.744s] [ 10%] [32mBuilding CXX object gmock/CMakeFiles/gmock_main.dir/src/gmock_main.cc.o[0m
[198.566s] [ 11%] [32m[1mLinking CXX static library libgmock_main.a[0m
[198.632s] [ 12%] [32mBuilding CXX object gmock/CMakeFiles/gmock.dir/src/gmock-all.cc.o[0m
[198.728s] [ 12%] Built target gmock_main
[199.712s] [ 13%] [32m[1mLinking CXX static library libgtest.a[0m
[200.051s] [ 13%] Built target gtest
[211.065s] [ 14%] [32m[1mLinking CXX static library libgmock.a[0m
[211.212s] [ 14%] Built target gmock
[211.307s] [ 14%] [32mBuilding CXX object version/CMakeFiles/moveit_version.dir/version.cpp.o[0m
[211.331s] [ 16%] Built target moveit_butterworth_parameters
[211.363s] [ 17%] [32mBuilding CXX object online_signal_smoothing/CMakeFiles/moveit_smoothing_base.dir/src/smoothing_base_class.cpp.o[0m
[211.544s] [ 18%] [32m[1mLinking CXX executable moveit_version[0m
[211.773s] [ 18%] [32mBuilding CXX object robot_model/CMakeFiles/moveit_robot_model.dir/src/aabb.cpp.o[0m
[212.129s] [ 18%] Built target moveit_version
[212.377s] [ 19%] [32mBuilding CXX object distance_field/CMakeFiles/test_distance_field.dir/test/test_distance_field.cpp.o[0m
[212.386s] [ 20%] [32mBuilding CXX object distance_field/CMakeFiles/test_voxel_grid.dir/test/test_voxel_grid.cpp.o[0m
[232.487s] [ 21%] [32mBuilding CXX object robot_model/CMakeFiles/moveit_robot_model.dir/src/fixed_joint_model.cpp.o[0m
[239.959s] [ 21%] [32m[1mLinking CXX shared library libmoveit_smoothing_base.so[0m
[241.036s] [ 21%] Built target moveit_smoothing_base
[246.781s] [ 21%] [32mBuilding CXX object robot_model/CMakeFiles/moveit_robot_model.dir/src/floating_joint_model.cpp.o[0m
[255.764s] [ 21%] [32m[1mLinking CXX executable test_voxel_grid[0m
[257.436s] [ 21%] Built target test_voxel_grid
[275.659s] [ 22%] [32mBuilding CXX object robot_model/CMakeFiles/moveit_robot_model.dir/src/joint_model.cpp.o[0m
[281.705s] [ 22%] [32mBuilding CXX object robot_model/CMakeFiles/moveit_robot_model.dir/src/joint_model_group.cpp.o[0m
[294.258s] [ 23%] [32mBuilding CXX object robot_model/CMakeFiles/moveit_robot_model.dir/src/link_model.cpp.o[0m
[295.058s] [ 23%] [32m[1mLinking CXX executable test_distance_field[0m
[297.365s] [ 23%] Built target test_distance_field
[297.447s] [ 24%] [32mBuilding CXX object robot_model/CMakeFiles/moveit_robot_model.dir/src/planar_joint_model.cpp.o[0m
[297.705s] [ 24%] [32mBuilding CXX object transforms/CMakeFiles/test_transforms.dir/test/test_transforms.cpp.o[0m
[333.641s] [ 25%] [32m[1mLinking CXX executable test_transforms[0m
[335.333s] [ 25%] Built target test_transforms
[340.792s] [ 25%] [32mBuilding CXX object robot_model/CMakeFiles/moveit_robot_model.dir/src/robot_model.cpp.o[0m
[374.118s] [ 26%] [32mBuilding CXX object robot_model/CMakeFiles/moveit_robot_model.dir/src/revolute_joint_model.cpp.o[0m
[374.118s] [ 26%] [32mBuilding CXX object robot_model/CMakeFiles/moveit_robot_model.dir/src/prismatic_joint_model.cpp.o[0m
[386.634s] [ 27%] [32m[1mLinking CXX shared library libmoveit_robot_model.so[0m
[387.258s] [ 27%] Built target moveit_robot_model
[387.552s] [ 28%] [32mBuilding CXX object robot_state/CMakeFiles/moveit_robot_state.dir/src/attached_body.cpp.o[0m
[387.629s] [ 28%] [32mBuilding CXX object robot_state/CMakeFiles/moveit_robot_state.dir/src/conversions.cpp.o[0m
[387.843s] [ 29%] [32mBuilding CXX object online_signal_smoothing/CMakeFiles/moveit_butterworth_filter.dir/src/butterworth_filter.cpp.o[0m
[387.866s] [ 30%] [32mBuilding CXX object utils/CMakeFiles/moveit_test_utils.dir/src/robot_model_test_utils.cpp.o[0m
[414.563s] [ 31%] [32mBuilding CXX object robot_state/CMakeFiles/moveit_robot_state.dir/src/robot_state.cpp.o[0m
[456.951s] [ 31%] [32m[1mLinking CXX shared library libmoveit_butterworth_filter.so[0m
[458.767s] [ 31%] Built target moveit_butterworth_filter
[479.790s] [ 32%] [32m[1mLinking CXX shared library libmoveit_test_utils.so[0m
[481.205s] [ 32%] Built target moveit_test_utils
[550.735s] [ 32%] [32mBuilding CXX object robot_state/CMakeFiles/moveit_robot_state.dir/src/cartesian_interpolator.cpp.o[0m
[574.093s] [ 33%] [32m[1mLinking CXX shared library libmoveit_robot_state.so[0m
[574.777s] [ 33%] Built target moveit_robot_state
[574.993s] [ 34%] [32mBuilding CXX object robot_trajectory/CMakeFiles/moveit_robot_trajectory.dir/src/robot_trajectory.cpp.o[0m
[574.994s] [ 35%] [32mBuilding CXX object robot_model/CMakeFiles/test_robot_model.dir/test/test.cpp.o[0m
[575.010s] [ 35%] [32mBuilding CXX object online_signal_smoothing/CMakeFiles/test_butterworth_filter.dir/test/test_butterworth_filter.cpp.o[0m
[575.441s] [ 35%] [32mBuilding CXX object collision_detection/CMakeFiles/moveit_collision_detection.dir/src/allvalid/collision_env_allvalid.cpp.o[0m
[617.892s] [ 36%] [32mBuilding CXX object collision_detection/CMakeFiles/moveit_collision_detection.dir/src/collision_common.cpp.o[0m
[626.494s] [ 36%] [32m[1mLinking CXX executable test_robot_model[0m
[628.740s] [ 36%] Built target test_robot_model
[632.599s] [ 37%] [32m[1mLinking CXX executable test_butterworth_filter[0m
[633.592s] [ 37%] Built target test_butterworth_filter
[641.660s] [ 37%] [32mBuilding CXX object collision_detection/CMakeFiles/moveit_collision_detection.dir/src/collision_matrix.cpp.o[0m
[641.930s] [ 37%] [32mBuilding CXX object dynamics_solver/CMakeFiles/moveit_dynamics_solver.dir/src/dynamics_solver.cpp.o[0m
[643.651s] [ 37%] [32m[1mLinking CXX shared library libmoveit_robot_trajectory.so[0m
[645.204s] [ 37%] Built target moveit_robot_trajectory
[645.653s] [ 38%] [32mBuilding CXX object kinematics_metrics/CMakeFiles/moveit_kinematics_metrics.dir/src/kinematics_metrics.cpp.o[0m
[646.511s] [ 39%] [32mBuilding CXX object planning_interface/CMakeFiles/moveit_planning_interface.dir/src/planning_interface.cpp.o[0m
[694.145s] [ 40%] [32m[1mLinking CXX shared library libmoveit_dynamics_solver.so[0m
[695.564s] [ 41%] [32mBuilding CXX object collision_detection/CMakeFiles/moveit_collision_detection.dir/src/collision_octomap_filter.cpp.o[0m
[695.762s] [ 41%] Built target moveit_dynamics_solver
[725.953s] [ 42%] [32mBuilding CXX object planning_interface/CMakeFiles/moveit_planning_interface.dir/src/planning_response.cpp.o[0m
[739.575s] [ 43%] [32mBuilding CXX object collision_detection/CMakeFiles/moveit_collision_detection.dir/src/collision_tools.cpp.o[0m
[772.900s] [ 43%] [32m[1mLinking CXX shared library libmoveit_planning_interface.so[0m
[773.978s] [ 43%] Built target moveit_planning_interface
[783.388s] [ 43%] [32m[1mLinking CXX shared library libmoveit_kinematics_metrics.so[0m
[784.855s] [ 43%] Built target moveit_kinematics_metrics
[787.035s] [ 43%] [32mBuilding CXX object robot_state/CMakeFiles/test_robot_state_complex.dir/test/test_kinematic_complex.cpp.o[0m
[787.447s] [ 43%] [32mBuilding CXX object collision_detection/CMakeFiles/moveit_collision_detection.dir/src/world.cpp.o[0m
[788.154s] [ 43%] [32mBuilding CXX object robot_state/CMakeFiles/test_robot_state_benchmark.dir/test/robot_state_benchmark.cpp.o[0m
[789.530s] [ 44%] [32mBuilding CXX object robot_state/CMakeFiles/test_robot_state.dir/test/robot_state_test.cpp.o[0m
[825.642s] [ 45%] [32mBuilding CXX object collision_detection/CMakeFiles/moveit_collision_detection.dir/src/world_diff.cpp.o[0m
[848.822s] [ 45%] [32mBuilding CXX object collision_detection/CMakeFiles/moveit_collision_detection.dir/src/collision_env.cpp.o[0m
[862.531s] [ 46%] [32m[1mLinking CXX executable test_robot_state_benchmark[0m
[866.403s] [ 46%] Built target test_robot_state_benchmark
[875.392s] [ 47%] [32m[1mLinking CXX executable test_robot_state_complex[0m
[877.652s] [ 47%] Built target test_robot_state_complex
[887.528s] [ 48%] [32m[1mLinking CXX executable test_robot_state[0m
[888.920s] [ 48%] Built target test_robot_state
[894.303s] [ 49%] [32mBuilding CXX object collision_detection/CMakeFiles/moveit_collision_detection.dir/src/collision_plugin_cache.cpp.o[0m
[939.355s] [ 49%] [32m[1mLinking CXX shared library libmoveit_collision_detection.so[0m
[940.089s] [ 49%] Built target moveit_collision_detection
[940.315s] [ 50%] [32mBuilding CXX object robot_trajectory/CMakeFiles/test_robot_trajectory.dir/test/test_robot_trajectory.cpp.o[0m
[940.328s] [ 51%] [32mBuilding CXX object robot_state/CMakeFiles/test_cartesian_interpolator.dir/test/test_cartesian_interpolator.cpp.o[0m
[940.379s] [ 51%] [32mBuilding CXX object robot_state/CMakeFiles/test_aabb.dir/test/test_aabb.cpp.o[0m
[940.579s] [ 52%] [32mBuilding CXX object collision_detection_fcl/CMakeFiles/moveit_collision_detection_fcl.dir/src/collision_common.cpp.o[0m
[992.202s] [ 52%] [32m[1mLinking CXX executable test_cartesian_interpolator[0m
[994.126s] [ 52%] Built target test_cartesian_interpolator
[1005.363s] [ 53%] [32m[1mLinking CXX executable test_aabb[0m
[1007.057s] [ 53%] Built target test_aabb
[1008.772s] [ 53%] [32mBuilding CXX object collision_detection_fcl/CMakeFiles/moveit_collision_detection_fcl.dir/src/collision_env_fcl.cpp.o[0m
[1009.872s] [ 53%] [32m[1mLinking CXX executable test_robot_trajectory[0m
[1011.262s] [ 53%] Built target test_robot_trajectory
[1012.409s] [ 54%] [32mBuilding CXX object collision_detection/CMakeFiles/test_world_diff.dir/test/test_world_diff.cpp.o[0m
[1014.521s] [ 55%] [32mBuilding CXX object collision_detection/CMakeFiles/test_world.dir/test/test_world.cpp.o[0m
[1016.835s] [ 55%] [32mBuilding CXX object trajectory_processing/CMakeFiles/moveit_trajectory_processing.dir/src/iterative_time_parameterization.cpp.o[0m
[1054.412s] [ 56%] [32m[1mLinking CXX executable test_world_diff[0m
[1057.082s] [ 56%] Built target test_world_diff
[1066.775s] [ 56%] [32m[1mLinking CXX executable test_world[0m
[1068.746s] [ 56%] Built target test_world
[1070.367s] [ 57%] [32m[1mLinking CXX shared library libmoveit_collision_detection_fcl.so[0m
[1071.653s] [ 57%] Built target moveit_collision_detection_fcl
[1073.815s] [ 58%] [32mBuilding CXX object trajectory_processing/CMakeFiles/moveit_trajectory_processing.dir/src/iterative_spline_parameterization.cpp.o[0m
[1081.941s] [ 59%] [32mBuilding CXX object kinematic_constraints/CMakeFiles/moveit_kinematic_constraints.dir/src/kinematic_constraint.cpp.o[0m
[1082.275s] [ 60%] [32mBuilding CXX object collision_detection_bullet/CMakeFiles/moveit_collision_detection_bullet.dir/src/bullet_integration/bullet_utils.cpp.o[0m
[1083.461s] [ 61%] [32mBuilding CXX object collision_detection/CMakeFiles/test_all_valid.dir/test/test_all_valid.cpp.o[0m
[1123.775s] [ 61%] [32mBuilding CXX object trajectory_processing/CMakeFiles/moveit_trajectory_processing.dir/src/ruckig_traj_smoothing.cpp.o[0m
[1137.894s] [ 61%] [32m[1mLinking CXX executable test_all_valid[0m
[1139.644s] [ 61%] Built target test_all_valid
[1140.373s] [ 62%] [32mBuilding CXX object collision_detection_bullet/CMakeFiles/moveit_collision_detection_bullet.dir/src/bullet_integration/bullet_discrete_bvh_manager.cpp.o[0m
[1172.965s] [ 62%] [32mBuilding CXX object collision_detection_bullet/CMakeFiles/moveit_collision_detection_bullet.dir/src/bullet_integration/bullet_cast_bvh_manager.cpp.o[0m
[1182.823s] [ 63%] [32mBuilding CXX object trajectory_processing/CMakeFiles/moveit_trajectory_processing.dir/src/trajectory_tools.cpp.o[0m
[1182.886s] [ 63%] [32mBuilding CXX object kinematic_constraints/CMakeFiles/moveit_kinematic_constraints.dir/src/utils.cpp.o[0m
[1187.891s] [ 63%] [32mBuilding CXX object trajectory_processing/CMakeFiles/moveit_trajectory_processing.dir/src/time_optimal_trajectory_generation.cpp.o[0m
[1209.219s] [ 64%] [32mBuilding CXX object collision_detection_bullet/CMakeFiles/moveit_collision_detection_bullet.dir/src/collision_env_bullet.cpp.o[0m
[1246.735s] [ 65%] [32m[1mLinking CXX shared library libmoveit_trajectory_processing.so[0m
[1248.008s] [ 65%] Built target moveit_trajectory_processing
[1255.849s] [ 66%] [32m[1mLinking CXX shared library libmoveit_kinematic_constraints.so[0m
[1257.069s] [ 66%] Built target moveit_kinematic_constraints
[1259.367s] [ 66%] [32mBuilding CXX object collision_detection_bullet/CMakeFiles/moveit_collision_detection_bullet.dir/src/bullet_integration/bullet_bvh_manager.cpp.o[0m
[1278.736s] [ 67%] [32mBuilding CXX object collision_detection_bullet/CMakeFiles/moveit_collision_detection_bullet.dir/src/bullet_integration/contact_checker_common.cpp.o[0m
[1297.191s] [ 68%] [32mBuilding CXX object collision_detection_bullet/CMakeFiles/moveit_collision_detection_bullet.dir/src/bullet_integration/ros_bullet_utils.cpp.o[0m
[1317.436s] [ 68%] [32m[1mLinking CXX shared library libmoveit_collision_detection_bullet.so[0m
[1318.323s] [ 68%] Built target moveit_collision_detection_bullet
[1318.567s] [ 69%] [32mBuilding CXX object collision_detection_fcl/CMakeFiles/test_fcl_collision_detection_panda.dir/test/test_fcl_collision_detection_panda.cpp.o[0m
[1318.616s] [ 70%] [32mBuilding CXX object planning_scene/CMakeFiles/moveit_planning_scene.dir/src/planning_scene.cpp.o[0m
[1318.625s] [ 71%] [32mBuilding CXX object collision_detection_fcl/CMakeFiles/test_fcl_collision_detection.dir/test/test_fcl_collision_detection_pr2.cpp.o[0m
[1318.664s] [ 71%] [32mBuilding CXX object collision_detection_fcl/CMakeFiles/test_fcl_collision_env.dir/test/test_fcl_env.cpp.o[0m
[1422.142s] [ 72%] [32m[1mLinking CXX executable test_fcl_collision_detection_panda[0m
[1427.564s] [ 72%] Built target test_fcl_collision_detection_panda
[1432.086s] [ 73%] [32m[1mLinking CXX executable test_fcl_collision_env[0m
[1434.330s] [ 73%] Built target test_fcl_collision_env
[1435.098s] [ 73%] [32m[1mLinking CXX executable test_fcl_collision_detection[0m
[1437.113s] [ 73%] Built target test_fcl_collision_detection
[1462.779s] [ 73%] [32mBuilding CXX object trajectory_processing/CMakeFiles/test_time_parameterization.dir/test/test_time_parameterization.cpp.o[0m
[1463.592s] [ 74%] [32mBuilding CXX object kinematic_constraints/CMakeFiles/test_orientation_constraints.dir/test/test_orientation_constraints.cpp.o[0m
[1464.959s] [ 74%] [32mBuilding CXX object kinematic_constraints/CMakeFiles/test_constraints.dir/test/test_constraints.cpp.o[0m
[1468.443s] [ 75%] [32m[1mLinking CXX shared library libmoveit_planning_scene.so[0m
[1470.829s] [ 75%] Built target moveit_planning_scene
[1471.415s] [ 76%] [32mBuilding CXX object trajectory_processing/CMakeFiles/test_time_optimal_trajectory_generation.dir/test/test_time_optimal_trajectory_generation.cpp.o[0m
[1550.769s] [ 77%] [32m[1mLinking CXX executable test_time_parameterization[0m
[1553.909s] [ 77%] Built target test_time_parameterization
[1567.214s] [ 77%] [32m[1mLinking CXX executable test_orientation_constraints[0m
[1569.161s] [ 77%] Built target test_orientation_constraints
[1573.588s] [ 78%] [32m[1mLinking CXX executable test_time_optimal_trajectory_generation[0m
[1575.140s] [ 78%] Built target test_time_optimal_trajectory_generation
[1579.287s] [ 79%] [32m[1mLinking CXX executable test_constraints[0m
[1580.711s] [ 79%] Built target test_constraints
[1580.890s] [ 80%] [32mBuilding CXX object collision_detection_bullet/CMakeFiles/test_bullet_collision_detection.dir/test/test_bullet_collision_detection_pr2.cpp.o[0m
[1592.031s] [ 81%] [32mBuilding CXX object collision_detection_bullet/CMakeFiles/test_bullet_collision_detection_panda.dir/test/test_bullet_collision_detection_panda.cpp.o[0m
[1593.203s] [ 81%] [32mBuilding CXX object collision_detection_bullet/CMakeFiles/collision_detector_bullet_plugin.dir/src/collision_detector_bullet_plugin_loader.cpp.o[0m
[1594.473s] [ 82%] [32mBuilding CXX object trajectory_processing/CMakeFiles/test_ruckig_traj_smoothing.dir/test/test_ruckig_traj_smoothing.cpp.o[0m
[1659.235s] [ 82%] [32m[1mLinking CXX executable test_bullet_collision_detection[0m
[1662.636s] [ 82%] Built target test_bullet_collision_detection
[1662.678s] [ 83%] [32m[1mLinking CXX shared library libcollision_detector_bullet_plugin.so[0m
[1663.863s] [ 83%] Built target collision_detector_bullet_plugin
[1667.017s] [ 83%] [32m[1mLinking CXX executable test_ruckig_traj_smoothing[0m
[1667.171s] [ 84%] [32m[1mLinking CXX executable test_bullet_collision_detection_panda[0m
[1668.446s] [ 84%] Built target test_ruckig_traj_smoothing
[1668.631s] [ 84%] Built target test_bullet_collision_detection_panda
[1668.892s] [ 85%] [32mBuilding CXX object collision_distance_field/CMakeFiles/moveit_collision_distance_field.dir/src/collision_distance_field_types.cpp.o[0m
[1682.149s] [ 86%] [32mBuilding CXX object constraint_samplers/CMakeFiles/moveit_constraint_samplers.dir/src/constraint_sampler.cpp.o[0m
[1684.322s] [ 86%] [32mBuilding CXX object collision_detection_fcl/CMakeFiles/collision_detector_fcl_plugin.dir/src/collision_detector_fcl_plugin_loader.cpp.o[0m
[1686.730s] [ 86%] [32mBuilding CXX object collision_detection_bullet/CMakeFiles/test_bullet_continuous_collision_checking.dir/test/test_bullet_continuous_collision_checking.cpp.o[0m
[1707.793s] [ 86%] [32mBuilding CXX object collision_distance_field/CMakeFiles/moveit_collision_distance_field.dir/src/collision_common_distance_field.cpp.o[0m
[1740.566s] [ 86%] [32mBuilding CXX object constraint_samplers/CMakeFiles/moveit_constraint_samplers.dir/src/constraint_sampler_manager.cpp.o[0m
[1760.804s] [ 87%] [32m[1mLinking CXX shared library libcollision_detector_fcl_plugin.so[0m
[1762.069s] [ 87%] Built target collision_detector_fcl_plugin
[1776.671s] [ 88%] [32m[1mLinking CXX executable test_bullet_continuous_collision_checking[0m
[1777.786s] [ 89%] [32mBuilding CXX object collision_distance_field/CMakeFiles/moveit_collision_distance_field.dir/src/collision_env_distance_field.cpp.o[0m
[1778.610s] [ 89%] Built target test_bullet_continuous_collision_checking
[1804.031s] [ 90%] [32mBuilding CXX object constraint_samplers/CMakeFiles/moveit_constraint_samplers.dir/src/constraint_sampler_tools.cpp.o[0m
[1861.273s] [ 90%] [32mBuilding CXX object constraint_samplers/CMakeFiles/moveit_constraint_samplers.dir/src/default_constraint_samplers.cpp.o[0m
[1887.018s] [ 90%] [32mBuilding CXX object collision_distance_field/CMakeFiles/moveit_collision_distance_field.dir/src/collision_env_hybrid.cpp.o[0m
[1954.246s] [ 91%] [32mBuilding CXX object constraint_samplers/CMakeFiles/moveit_constraint_samplers.dir/src/union_constraint_sampler.cpp.o[0m
[1973.521s] [ 92%] [32m[1mLinking CXX shared library libmoveit_collision_distance_field.so[0m
[1975.369s] [ 92%] Built target moveit_collision_distance_field
[2013.333s] [ 92%] [32m[1mLinking CXX shared library libmoveit_constraint_samplers.so[0m
[2014.670s] [ 92%] Built target moveit_constraint_samplers
[2014.967s] [ 93%] [32mBuilding CXX object planning_scene/CMakeFiles/test_collision_objects.dir/test/test_collision_objects.cpp.o[0m
[2081.444s] [ 93%] [32m[1mLinking CXX executable test_collision_objects[0m
[2082.560s] [ 93%] Built target test_collision_objects
[2082.829s] [ 94%] [32mBuilding CXX object planning_scene/CMakeFiles/test_planning_scene.dir/test/test_planning_scene.cpp.o[0m
[2082.833s] [ 94%] [32mBuilding CXX object planning_scene/CMakeFiles/test_multi_threaded.dir/test/test_multi_threaded.cpp.o[0m
[2082.833s] [ 95%] [32mBuilding CXX object collision_distance_field/CMakeFiles/test_collision_distance_field.dir/test/test_collision_distance_field.cpp.o[0m
[2082.892s] [ 96%] [32mBuilding CXX object planning_request_adapter/CMakeFiles/moveit_planning_request_adapter.dir/src/planning_request_adapter.cpp.o[0m
[2142.556s] [ 96%] [32m[1mLinking CXX shared library libmoveit_planning_request_adapter.so[0m
[2144.241s] [ 96%] Built target moveit_planning_request_adapter
[2152.874s] [ 97%] [32m[1mLinking CXX executable test_multi_threaded[0m
[2154.784s] [ 97%] Built target test_multi_threaded
[2170.464s] [ 97%] [32m[1mLinking CXX executable test_collision_distance_field[0m
[2172.915s] [ 97%] Built target test_collision_distance_field
[2185.496s] [ 97%] [32m[1mLinking CXX executable test_planning_scene[0m
[2186.641s] [ 97%] Built target test_planning_scene
[2186.911s] [ 98%] [32mBuilding CXX object constraint_samplers/CMakeFiles/test_constraint_samplers.dir/test/test_constraint_samplers.cpp.o[0m
[2186.932s] [ 99%] [32mBuilding CXX object constraint_samplers/CMakeFiles/test_constraint_samplers.dir/test/pr2_arm_kinematics_plugin.cpp.o[0m
[2186.942s] [ 99%] [32mBuilding CXX object constraint_samplers/CMakeFiles/test_constraint_samplers.dir/test/pr2_arm_ik.cpp.o[0m
[2260.588s] [100%] [32m[1mLinking CXX executable test_constraint_samplers[0m
[2262.451s] [100%] Built target test_constraint_samplers
[2262.764s] Invoked command in '/home/a/ws_moveit2/build/moveit_core' returned '0': CMAKE_PREFIX_PATH=/home/a/ws_moveit2/install/moveit_resources_panda_moveit_config:/home/a/ws_moveit2/install/srdfdom:/home/a/ws_moveit2/install/moveit_resources_pr2_description:/home/a/ws_moveit2/install/moveit_resources_panda_description:/home/a/ws_moveit2/install/moveit_common:/home/a/ws_moveit2/install/my_robot_config:/home/a/ws_moveit2/install/pilz_industrial_motion_planner_testutils:/home/a/ws_moveit2/install/moveit_runtime:/home/a/ws_moveit2/install/moveit2_tutorials:/home/a/ws_moveit2/install/moveit:/home/a/ws_moveit2/install/moveit_planners:/home/a/ws_moveit2/install/pilz_industrial_motion_planner:/home/a/ws_moveit2/install/hello_moveit:/home/a/ws_moveit2/install/moveit_visual_tools:/home/a/ws_moveit2/install/moveit_task_constructor_visualization:/home/a/ws_moveit2/install/moveit_task_constructor_demo:/home/a/ws_moveit2/install/moveit_task_constructor_capabilities:/home/a/ws_moveit2/install/moveit_task_constructor_core:/home/a/ws_moveit2/install/moveit_ros_control_interface:/home/a/ws_moveit2/install/moveit_plugins:/home/a/ws_moveit2/install/moveit_simple_controller_manager:/home/a/ws_moveit2/install/moveit_setup_assistant:/home/a/ws_moveit2/install/moveit_setup_srdf_plugins:/home/a/ws_moveit2/install/moveit_setup_core_plugins:/home/a/ws_moveit2/install/moveit_setup_controllers:/home/a/ws_moveit2/install/moveit_setup_app_plugins:/home/a/ws_moveit2/install/moveit_setup_framework:/home/a/ws_moveit2/install/moveit_servo:/home/a/ws_moveit2/install/moveit_ros:/home/a/ws_moveit2/install/moveit_ros_visualization:/home/a/ws_moveit2/install/moveit_hybrid_planning:/home/a/ws_moveit2/install/moveit_ros_planning_interface:/home/a/ws_moveit2/install/moveit_ros_benchmarks:/home/a/ws_moveit2/install/moveit_ros_warehouse:/home/a/ws_moveit2/install/moveit_ros_robot_interaction:/home/a/ws_moveit2/install/moveit_ros_perception:/home/a/ws_moveit2/install/moveit_resources_prbt_pg70_support:/home/a/ws_moveit2/install/moveit_resources_prbt_moveit_config:/home/a/ws_moveit2/install/moveit_ros_move_group:/home/a/ws_moveit2/install/moveit_planners_ompl:/home/a/ws_moveit2/install/moveit_ros_planning:/home/a/ws_moveit2/install/moveit_ros_occupancy_map_monitor:/home/a/ws_moveit2/install/moveit_resources_prbt_ikfast_manipulator_plugin:/home/a/ws_moveit2/install/moveit_planners_chomp:/home/a/ws_moveit2/install/moveit_kinematics:/home/a/ws_moveit2/install/moveit_chomp_optimizer_adapter:/home/a/ws_moveit2/install/chomp_motion_planner:/home/a/ws_moveit2/install/moveit_core:/home/a/ws_moveit2/install/rviz_marker_tools:/home/a/ws_moveit2/install/rosparam_shortcuts:/home/a/ws_moveit2/install/moveit_task_constructor_msgs:/home/a/ws_moveit2/install/moveit_resources_prbt_support:/home/a/ws_moveit2/install/moveit_resources:/home/a/ws_moveit2/install/moveit_resources_fanuc_moveit_config:/home/a/ws_moveit2/install/moveit_resources_fanuc_description:/home/a/ws_moveit2/install/moveit_configs_utils:/home/a/ws_moveit2/install/launch_param_builder:/opt/ros/humble LD_LIBRARY_PATH=/home/a/ws_moveit2/install/srdfdom/lib:/home/a/ws_moveit2/install/pilz_industrial_motion_planner_testutils/lib:/home/a/ws_moveit2/install/pilz_industrial_motion_planner/lib:/home/a/ws_moveit2/install/moveit_visual_tools/lib:/home/a/ws_moveit2/install/moveit_task_constructor_visualization/lib:/home/a/ws_moveit2/install/moveit_task_constructor_demo/lib:/home/a/ws_moveit2/install/moveit_task_constructor_capabilities/lib:/home/a/ws_moveit2/install/moveit_task_constructor_core/lib:/home/a/ws_moveit2/install/moveit_ros_control_interface/lib:/home/a/ws_moveit2/install/moveit_simple_controller_manager/lib:/home/a/ws_moveit2/install/moveit_setup_assistant/lib:/home/a/ws_moveit2/install/moveit_setup_srdf_plugins/lib:/home/a/ws_moveit2/install/moveit_setup_core_plugins/lib:/home/a/ws_moveit2/install/moveit_setup_controllers/lib:/home/a/ws_moveit2/install/moveit_setup_app_plugins/lib:/home/a/ws_moveit2/install/moveit_setup_framework/lib:/home/a/ws_moveit2/install/moveit_servo/lib:/home/a/ws_moveit2/install/moveit_ros_visualization/lib:/home/a/ws_moveit2/install/moveit_hybrid_planning/lib:/home/a/ws_moveit2/install/moveit_ros_planning_interface/lib:/home/a/ws_moveit2/install/moveit_ros_benchmarks/lib:/home/a/ws_moveit2/install/moveit_ros_warehouse/lib:/home/a/ws_moveit2/install/moveit_ros_robot_interaction/lib:/home/a/ws_moveit2/install/moveit_ros_perception/lib:/home/a/ws_moveit2/install/moveit_ros_move_group/lib:/home/a/ws_moveit2/install/moveit_planners_ompl/lib:/home/a/ws_moveit2/install/moveit_ros_planning/lib:/home/a/ws_moveit2/install/moveit_ros_occupancy_map_monitor/lib:/home/a/ws_moveit2/install/moveit_resources_prbt_ikfast_manipulator_plugin/lib:/home/a/ws_moveit2/install/moveit_planners_chomp/lib:/home/a/ws_moveit2/install/moveit_kinematics/lib:/home/a/ws_moveit2/install/moveit_chomp_optimizer_adapter/lib:/home/a/ws_moveit2/install/chomp_motion_planner/lib:/home/a/ws_moveit2/install/moveit_core/lib:/home/a/ws_moveit2/install/rviz_marker_tools/lib:/home/a/ws_moveit2/install/rosparam_shortcuts/lib:/home/a/ws_moveit2/install/moveit_task_constructor_msgs/lib:/opt/ros/humble/opt/rviz_ogre_vendor/lib:/opt/ros/humble/lib/x86_64-linux-gnu:/opt/ros/humble/lib /opt/st/stm32cubeclt_1.17.0/CMake/bin/cmake --build /home/a/ws_moveit2/build/moveit_core -- -j4 -l4
[2262.955s] Invoking command in '/home/a/ws_moveit2/build/moveit_core': CMAKE_PREFIX_PATH=/home/a/ws_moveit2/install/moveit_resources_panda_moveit_config:/home/a/ws_moveit2/install/srdfdom:/home/a/ws_moveit2/install/moveit_resources_pr2_description:/home/a/ws_moveit2/install/moveit_resources_panda_description:/home/a/ws_moveit2/install/moveit_common:/home/a/ws_moveit2/install/my_robot_config:/home/a/ws_moveit2/install/pilz_industrial_motion_planner_testutils:/home/a/ws_moveit2/install/moveit_runtime:/home/a/ws_moveit2/install/moveit2_tutorials:/home/a/ws_moveit2/install/moveit:/home/a/ws_moveit2/install/moveit_planners:/home/a/ws_moveit2/install/pilz_industrial_motion_planner:/home/a/ws_moveit2/install/hello_moveit:/home/a/ws_moveit2/install/moveit_visual_tools:/home/a/ws_moveit2/install/moveit_task_constructor_visualization:/home/a/ws_moveit2/install/moveit_task_constructor_demo:/home/a/ws_moveit2/install/moveit_task_constructor_capabilities:/home/a/ws_moveit2/install/moveit_task_constructor_core:/home/a/ws_moveit2/install/moveit_ros_control_interface:/home/a/ws_moveit2/install/moveit_plugins:/home/a/ws_moveit2/install/moveit_simple_controller_manager:/home/a/ws_moveit2/install/moveit_setup_assistant:/home/a/ws_moveit2/install/moveit_setup_srdf_plugins:/home/a/ws_moveit2/install/moveit_setup_core_plugins:/home/a/ws_moveit2/install/moveit_setup_controllers:/home/a/ws_moveit2/install/moveit_setup_app_plugins:/home/a/ws_moveit2/install/moveit_setup_framework:/home/a/ws_moveit2/install/moveit_servo:/home/a/ws_moveit2/install/moveit_ros:/home/a/ws_moveit2/install/moveit_ros_visualization:/home/a/ws_moveit2/install/moveit_hybrid_planning:/home/a/ws_moveit2/install/moveit_ros_planning_interface:/home/a/ws_moveit2/install/moveit_ros_benchmarks:/home/a/ws_moveit2/install/moveit_ros_warehouse:/home/a/ws_moveit2/install/moveit_ros_robot_interaction:/home/a/ws_moveit2/install/moveit_ros_perception:/home/a/ws_moveit2/install/moveit_resources_prbt_pg70_support:/home/a/ws_moveit2/install/moveit_resources_prbt_moveit_config:/home/a/ws_moveit2/install/moveit_ros_move_group:/home/a/ws_moveit2/install/moveit_planners_ompl:/home/a/ws_moveit2/install/moveit_ros_planning:/home/a/ws_moveit2/install/moveit_ros_occupancy_map_monitor:/home/a/ws_moveit2/install/moveit_resources_prbt_ikfast_manipulator_plugin:/home/a/ws_moveit2/install/moveit_planners_chomp:/home/a/ws_moveit2/install/moveit_kinematics:/home/a/ws_moveit2/install/moveit_chomp_optimizer_adapter:/home/a/ws_moveit2/install/chomp_motion_planner:/home/a/ws_moveit2/install/moveit_core:/home/a/ws_moveit2/install/rviz_marker_tools:/home/a/ws_moveit2/install/rosparam_shortcuts:/home/a/ws_moveit2/install/moveit_task_constructor_msgs:/home/a/ws_moveit2/install/moveit_resources_prbt_support:/home/a/ws_moveit2/install/moveit_resources:/home/a/ws_moveit2/install/moveit_resources_fanuc_moveit_config:/home/a/ws_moveit2/install/moveit_resources_fanuc_description:/home/a/ws_moveit2/install/moveit_configs_utils:/home/a/ws_moveit2/install/launch_param_builder:/opt/ros/humble LD_LIBRARY_PATH=/home/a/ws_moveit2/install/srdfdom/lib:/home/a/ws_moveit2/install/pilz_industrial_motion_planner_testutils/lib:/home/a/ws_moveit2/install/pilz_industrial_motion_planner/lib:/home/a/ws_moveit2/install/moveit_visual_tools/lib:/home/a/ws_moveit2/install/moveit_task_constructor_visualization/lib:/home/a/ws_moveit2/install/moveit_task_constructor_demo/lib:/home/a/ws_moveit2/install/moveit_task_constructor_capabilities/lib:/home/a/ws_moveit2/install/moveit_task_constructor_core/lib:/home/a/ws_moveit2/install/moveit_ros_control_interface/lib:/home/a/ws_moveit2/install/moveit_simple_controller_manager/lib:/home/a/ws_moveit2/install/moveit_setup_assistant/lib:/home/a/ws_moveit2/install/moveit_setup_srdf_plugins/lib:/home/a/ws_moveit2/install/moveit_setup_core_plugins/lib:/home/a/ws_moveit2/install/moveit_setup_controllers/lib:/home/a/ws_moveit2/install/moveit_setup_app_plugins/lib:/home/a/ws_moveit2/install/moveit_setup_framework/lib:/home/a/ws_moveit2/install/moveit_servo/lib:/home/a/ws_moveit2/install/moveit_ros_visualization/lib:/home/a/ws_moveit2/install/moveit_hybrid_planning/lib:/home/a/ws_moveit2/install/moveit_ros_planning_interface/lib:/home/a/ws_moveit2/install/moveit_ros_benchmarks/lib:/home/a/ws_moveit2/install/moveit_ros_warehouse/lib:/home/a/ws_moveit2/install/moveit_ros_robot_interaction/lib:/home/a/ws_moveit2/install/moveit_ros_perception/lib:/home/a/ws_moveit2/install/moveit_ros_move_group/lib:/home/a/ws_moveit2/install/moveit_planners_ompl/lib:/home/a/ws_moveit2/install/moveit_ros_planning/lib:/home/a/ws_moveit2/install/moveit_ros_occupancy_map_monitor/lib:/home/a/ws_moveit2/install/moveit_resources_prbt_ikfast_manipulator_plugin/lib:/home/a/ws_moveit2/install/moveit_planners_chomp/lib:/home/a/ws_moveit2/install/moveit_kinematics/lib:/home/a/ws_moveit2/install/moveit_chomp_optimizer_adapter/lib:/home/a/ws_moveit2/install/chomp_motion_planner/lib:/home/a/ws_moveit2/install/moveit_core/lib:/home/a/ws_moveit2/install/rviz_marker_tools/lib:/home/a/ws_moveit2/install/rosparam_shortcuts/lib:/home/a/ws_moveit2/install/moveit_task_constructor_msgs/lib:/opt/ros/humble/opt/rviz_ogre_vendor/lib:/opt/ros/humble/lib/x86_64-linux-gnu:/opt/ros/humble/lib /opt/st/stm32cubeclt_1.17.0/CMake/bin/cmake --install /home/a/ws_moveit2/build/moveit_core
[2263.069s] -- Install configuration: "Release"
[2263.093s] -- Execute custom install script
[2263.106s] -- Up-to-date symlink: /home/a/ws_moveit2/install/moveit_core/include/moveit/version.h
[2263.141s] -- Up-to-date symlink: /home/a/ws_moveit2/install/moveit_core/include/moveit/collision_distance_field/collision_common_distance_field.h
[2263.142s] -- Up-to-date symlink: /home/a/ws_moveit2/install/moveit_core/include/moveit/collision_distance_field/collision_detector_allocator_distance_field.h
[2263.143s] -- Up-to-date symlink: /home/a/ws_moveit2/install/moveit_core/include/moveit/collision_distance_field/collision_detector_allocator_hybrid.h
[2263.146s] -- Up-to-date symlink: /home/a/ws_moveit2/install/moveit_core/include/moveit/collision_distance_field/collision_distance_field_types.h
[2263.153s] -- Up-to-date symlink: /home/a/ws_moveit2/install/moveit_core/include/moveit/collision_distance_field/collision_env_distance_field.h
[2263.156s] -- Up-to-date symlink: /home/a/ws_moveit2/install/moveit_core/include/moveit/collision_distance_field/collision_env_hybrid.h
[2263.158s] -- Up-to-date symlink: /home/a/ws_moveit2/install/moveit_core/include/moveit_collision_distance_field_export.h
[2263.161s] -- Up-to-date symlink: /home/a/ws_moveit2/install/moveit_core/include/moveit/constraint_samplers/constraint_sampler.h
[2263.163s] -- Up-to-date symlink: /home/a/ws_moveit2/install/moveit_core/include/moveit/constraint_samplers/constraint_sampler_allocator.h
[2263.165s] -- Up-to-date symlink: /home/a/ws_moveit2/install/moveit_core/include/moveit/constraint_samplers/constraint_sampler_manager.h
[2263.166s] -- Up-to-date symlink: /home/a/ws_moveit2/install/moveit_core/include/moveit/constraint_samplers/constraint_sampler_tools.h
[2263.168s] -- Up-to-date symlink: /home/a/ws_moveit2/install/moveit_core/include/moveit/constraint_samplers/default_constraint_samplers.h
[2263.170s] -- Up-to-date symlink: /home/a/ws_moveit2/install/moveit_core/include/moveit/constraint_samplers/union_constraint_sampler.h
[2263.174s] -- Up-to-date symlink: /home/a/ws_moveit2/install/moveit_core/include/moveit/controller_manager/controller_manager.h
[2263.178s] -- Up-to-date symlink: /home/a/ws_moveit2/install/moveit_core/include/moveit/distance_field/distance_field.h
[2263.181s] -- Up-to-date symlink: /home/a/ws_moveit2/install/moveit_core/include/moveit/distance_field/find_internal_points.h
[2263.184s] -- Up-to-date symlink: /home/a/ws_moveit2/install/moveit_core/include/moveit/distance_field/propagation_distance_field.h
[2263.187s] -- Up-to-date symlink: /home/a/ws_moveit2/install/moveit_core/include/moveit/distance_field/voxel_grid.h
[2263.195s] -- Up-to-date symlink: /home/a/ws_moveit2/install/moveit_core/include/moveit/dynamics_solver/dynamics_solver.h
[2263.199s] -- Up-to-date symlink: /home/a/ws_moveit2/install/moveit_core/include/moveit/exceptions/exceptions.h
[2263.203s] -- Up-to-date symlink: /home/a/ws_moveit2/install/moveit_core/include/moveit/kinematics_base/kinematics_base.h
[2263.204s] -- Up-to-date symlink: /home/a/ws_moveit2/install/moveit_core/include/moveit_kinematics_base_export.h
[2263.207s] -- Up-to-date symlink: /home/a/ws_moveit2/install/moveit_core/include/moveit/kinematic_constraints/kinematic_constraint.h
[2263.211s] -- Up-to-date symlink: /home/a/ws_moveit2/install/moveit_core/include/moveit/kinematic_constraints/utils.h
[2263.221s] -- Up-to-date symlink: /home/a/ws_moveit2/install/moveit_core/include/moveit/kinematics_metrics/kinematics_metrics.h
[2263.228s] -- Up-to-date symlink: /home/a/ws_moveit2/install/moveit_core/include/moveit/macros/class_forward.h
[2263.231s] -- Up-to-date symlink: /home/a/ws_moveit2/install/moveit_core/include/moveit/macros/console_colors.h
[2263.234s] -- Up-to-date symlink: /home/a/ws_moveit2/install/moveit_core/include/moveit/macros/declare_ptr.h
[2263.242s] -- Up-to-date symlink: /home/a/ws_moveit2/install/moveit_core/include/moveit/macros/deprecation.h
[2263.248s] -- Up-to-date symlink: /home/a/ws_moveit2/install/moveit_core/include/moveit_core/moveit_butterworth_parameters.hpp
[2263.253s] -- Up-to-date symlink: /home/a/ws_moveit2/install/moveit_core/include/moveit/online_signal_smoothing/butterworth_filter.h
[2263.254s] -- Up-to-date symlink: /home/a/ws_moveit2/install/moveit_core/include/moveit/online_signal_smoothing/smoothing_base_class.h
[2263.259s] -- Up-to-date symlink: /home/a/ws_moveit2/install/moveit_core/include/moveit_smoothing_base_export.h
[2263.261s] -- Up-to-date symlink: /home/a/ws_moveit2/install/moveit_core/include/moveit_butterworth_filter_export.h
[2263.265s] -- Up-to-date symlink: /home/a/ws_moveit2/install/moveit_core/include/moveit/planning_interface/planning_interface.h
[2263.266s] -- Up-to-date symlink: /home/a/ws_moveit2/install/moveit_core/include/moveit/planning_interface/planning_request.h
[2263.268s] -- Up-to-date symlink: /home/a/ws_moveit2/install/moveit_core/include/moveit/planning_interface/planning_response.h
[2263.270s] -- Up-to-date symlink: /home/a/ws_moveit2/install/moveit_core/include/moveit/planning_request_adapter/planning_request_adapter.h
[2263.273s] -- Up-to-date symlink: /home/a/ws_moveit2/install/moveit_core/include/moveit/planning_scene/planning_scene.h
[2263.274s] -- Up-to-date symlink: /home/a/ws_moveit2/install/moveit_core/include/moveit_planning_scene_export.h
[2263.278s] -- Up-to-date symlink: /home/a/ws_moveit2/install/moveit_core/include/moveit/robot_model/aabb.h
[2263.280s] -- Up-to-date symlink: /home/a/ws_moveit2/install/moveit_core/include/moveit/robot_model/fixed_joint_model.h
[2263.281s] -- Up-to-date symlink: /home/a/ws_moveit2/install/moveit_core/include/moveit/robot_model/floating_joint_model.h
[2263.283s] -- Up-to-date symlink: /home/a/ws_moveit2/install/moveit_core/include/moveit/robot_model/joint_model.h
[2263.286s] -- Up-to-date symlink: /home/a/ws_moveit2/install/moveit_core/include/moveit/robot_model/joint_model_group.h
[2263.288s] -- Up-to-date symlink: /home/a/ws_moveit2/install/moveit_core/include/moveit/robot_model/link_model.h
[2263.291s] -- Up-to-date symlink: /home/a/ws_moveit2/install/moveit_core/include/moveit/robot_model/planar_joint_model.h
[2263.293s] -- Up-to-date symlink: /home/a/ws_moveit2/install/moveit_core/include/moveit/robot_model/prismatic_joint_model.h
[2263.295s] -- Up-to-date symlink: /home/a/ws_moveit2/install/moveit_core/include/moveit/robot_model/revolute_joint_model.h
[2263.297s] -- Up-to-date symlink: /home/a/ws_moveit2/install/moveit_core/include/moveit/robot_model/robot_model.h
[2263.302s] -- Up-to-date symlink: /home/a/ws_moveit2/install/moveit_core/include/moveit/robot_state/attached_body.h
[2263.302s] -- Up-to-date symlink: /home/a/ws_moveit2/install/moveit_core/include/moveit/robot_state/cartesian_interpolator.h
[2263.303s] -- Up-to-date symlink: /home/a/ws_moveit2/install/moveit_core/include/moveit/robot_state/conversions.h
[2263.306s] -- Up-to-date symlink: /home/a/ws_moveit2/install/moveit_core/include/moveit/robot_state/robot_state.h
[2263.312s] -- Up-to-date symlink: /home/a/ws_moveit2/install/moveit_core/include/moveit/robot_trajectory/robot_trajectory.h
[2263.324s] -- Up-to-date symlink: /home/a/ws_moveit2/install/moveit_core/include/moveit/sensor_manager/sensor_manager.h
[2263.328s] -- Up-to-date symlink: /home/a/ws_moveit2/install/moveit_core/include/moveit/trajectory_processing/iterative_spline_parameterization.h
[2263.330s] -- Up-to-date symlink: /home/a/ws_moveit2/install/moveit_core/include/moveit/trajectory_processing/iterative_time_parameterization.h
[2263.331s] -- Up-to-date symlink: /home/a/ws_moveit2/install/moveit_core/include/moveit/trajectory_processing/ruckig_traj_smoothing.h
[2263.332s] -- Up-to-date symlink: /home/a/ws_moveit2/install/moveit_core/include/moveit/trajectory_processing/time_optimal_trajectory_generation.h
[2263.334s] -- Up-to-date symlink: /home/a/ws_moveit2/install/moveit_core/include/moveit/trajectory_processing/time_parameterization.h
[2263.335s] -- Up-to-date symlink: /home/a/ws_moveit2/install/moveit_core/include/moveit/trajectory_processing/trajectory_tools.h
[2263.339s] -- Up-to-date symlink: /home/a/ws_moveit2/install/moveit_core/include/moveit/transforms/transforms.h
[2263.342s] -- Up-to-date symlink: /home/a/ws_moveit2/install/moveit_core/include/moveit/utils/lexical_casts.h
[2263.343s] -- Up-to-date symlink: /home/a/ws_moveit2/install/moveit_core/include/moveit/utils/message_checks.h
[2263.346s] -- Up-to-date symlink: /home/a/ws_moveit2/install/moveit_core/include/moveit/utils/moveit_error_code.h
[2263.346s] -- Up-to-date symlink: /home/a/ws_moveit2/install/moveit_core/include/moveit/utils/rclcpp_utils.h
[2263.348s] -- Up-to-date symlink: /home/a/ws_moveit2/install/moveit_core/include/moveit/utils/robot_model_test_utils.h
[2263.357s] -- Up-to-date symlink: /home/a/ws_moveit2/install/moveit_core/bin/moveit_version
[2263.363s] -- Up-to-date symlink: /home/a/ws_moveit2/install/moveit_core/include/moveit/collision_detection/allvalid/collision_detector_allocator_allvalid.h
[2263.364s] -- Up-to-date symlink: /home/a/ws_moveit2/install/moveit_core/include/moveit/collision_detection/allvalid/collision_env_allvalid.h
[2263.366s] -- Up-to-date symlink: /home/a/ws_moveit2/install/moveit_core/include/moveit/collision_detection/collision_common.h
[2263.368s] -- Up-to-date symlink: /home/a/ws_moveit2/install/moveit_core/include/moveit/collision_detection/collision_detector_allocator.h
[2263.370s] -- Up-to-date symlink: /home/a/ws_moveit2/install/moveit_core/include/moveit/collision_detection/collision_env.h
[2263.372s] -- Up-to-date symlink: /home/a/ws_moveit2/install/moveit_core/include/moveit/collision_detection/collision_matrix.h
[2263.374s] -- Up-to-date symlink: /home/a/ws_moveit2/install/moveit_core/include/moveit/collision_detection/collision_octomap_filter.h
[2263.375s] -- Up-to-date symlink: /home/a/ws_moveit2/install/moveit_core/include/moveit/collision_detection/collision_plugin.h
[2263.377s] -- Up-to-date symlink: /home/a/ws_moveit2/install/moveit_core/include/moveit/collision_detection/collision_plugin_cache.h
[2263.381s] -- Up-to-date symlink: /home/a/ws_moveit2/install/moveit_core/include/moveit/collision_detection/collision_tools.h
[2263.382s] -- Up-to-date symlink: /home/a/ws_moveit2/install/moveit_core/include/moveit/collision_detection/occupancy_map.h
[2263.382s] -- Up-to-date symlink: /home/a/ws_moveit2/install/moveit_core/include/moveit/collision_detection/test_collision_common_panda.h
[2263.385s] -- Up-to-date symlink: /home/a/ws_moveit2/install/moveit_core/include/moveit/collision_detection/test_collision_common_pr2.h
[2263.388s] -- Up-to-date symlink: /home/a/ws_moveit2/install/moveit_core/include/moveit/collision_detection/world.h
[2263.390s] -- Up-to-date symlink: /home/a/ws_moveit2/install/moveit_core/include/moveit/collision_detection/world_diff.h
[2263.395s] -- Up-to-date symlink: /home/a/ws_moveit2/install/moveit_core/include/moveit_collision_detection_export.h
[2263.396s] -- Up-to-date symlink: /home/a/ws_moveit2/install/moveit_core/include/moveit/collision_detection_bullet/bullet_integration/basic_types.h
[2263.397s] -- Up-to-date symlink: /home/a/ws_moveit2/install/moveit_core/include/moveit/collision_detection_bullet/bullet_integration/bullet_bvh_manager.h
[2263.399s] -- Up-to-date symlink: /home/a/ws_moveit2/install/moveit_core/include/moveit/collision_detection_bullet/bullet_integration/bullet_cast_bvh_manager.h
[2263.404s] -- Up-to-date symlink: /home/a/ws_moveit2/install/moveit_core/include/moveit/collision_detection_bullet/bullet_integration/bullet_discrete_bvh_manager.h
[2263.405s] -- Up-to-date symlink: /home/a/ws_moveit2/install/moveit_core/include/moveit/collision_detection_bullet/bullet_integration/bullet_utils.h
[2263.406s] -- Up-to-date symlink: /home/a/ws_moveit2/install/moveit_core/include/moveit/collision_detection_bullet/bullet_integration/contact_checker_common.h
[2263.408s] -- Up-to-date symlink: /home/a/ws_moveit2/install/moveit_core/include/moveit/collision_detection_bullet/bullet_integration/ros_bullet_utils.h
[2263.409s] -- Up-to-date symlink: /home/a/ws_moveit2/install/moveit_core/include/moveit/collision_detection_bullet/collision_detector_allocator_bullet.h
[2263.411s] -- Up-to-date symlink: /home/a/ws_moveit2/install/moveit_core/include/moveit/collision_detection_bullet/collision_detector_bullet_plugin_loader.h
[2263.412s] -- Up-to-date symlink: /home/a/ws_moveit2/install/moveit_core/include/moveit/collision_detection_bullet/collision_env_bullet.h
[2263.415s] -- Up-to-date symlink: /home/a/ws_moveit2/install/moveit_core/include/moveit_collision_detection_bullet_export.h
[2263.420s] -- Up-to-date symlink: /home/a/ws_moveit2/install/moveit_core/include/moveit/collision_detection_fcl/collision_common.h
[2263.423s] -- Up-to-date symlink: /home/a/ws_moveit2/install/moveit_core/include/moveit/collision_detection_fcl/collision_detector_allocator_fcl.h
[2263.428s] -- Up-to-date symlink: /home/a/ws_moveit2/install/moveit_core/include/moveit/collision_detection_fcl/collision_detector_fcl_plugin_loader.h
[2263.431s] -- Up-to-date symlink: /home/a/ws_moveit2/install/moveit_core/include/moveit/collision_detection_fcl/collision_env_fcl.h
[2263.434s] -- Up-to-date symlink: /home/a/ws_moveit2/install/moveit_core/include/moveit/collision_detection_fcl/fcl_compat.h
[2263.436s] -- Up-to-date symlink: /home/a/ws_moveit2/install/moveit_core/include/moveit_collision_detection_fcl_export.h
[2263.450s] -- Up-to-date symlink: /home/a/ws_moveit2/install/moveit_core/share/moveit_core/environment/library_path.sh
[2263.455s] -- Up-to-date symlink: /home/a/ws_moveit2/install/moveit_core/share/moveit_core/environment/library_path.dsv
[2263.458s] -- Up-to-date symlink: /home/a/ws_moveit2/install/moveit_core/share/moveit_core//collision_detector_fcl_description.xml
[2263.460s] -- Up-to-date symlink: /home/a/ws_moveit2/install/moveit_core/share/moveit_core//collision_detector_bullet_description.xml
[2263.461s] -- Up-to-date symlink: /home/a/ws_moveit2/install/moveit_core/share/moveit_core//filter_plugin_butterworth.xml
[2263.473s] -- Up-to-date symlink: /home/a/ws_moveit2/install/moveit_core/share/ament_index/resource_index/package_run_dependencies/moveit_core
[2263.479s] -- Up-to-date symlink: /home/a/ws_moveit2/install/moveit_core/share/ament_index/resource_index/parent_prefix_path/moveit_core
[2263.494s] -- Up-to-date symlink: /home/a/ws_moveit2/install/moveit_core/share/moveit_core/environment/ament_prefix_path.sh
[2263.497s] -- Up-to-date symlink: /home/a/ws_moveit2/install/moveit_core/share/moveit_core/environment/ament_prefix_path.dsv
[2263.499s] -- Up-to-date symlink: /home/a/ws_moveit2/install/moveit_core/share/moveit_core/environment/path.sh
[2263.503s] -- Up-to-date symlink: /home/a/ws_moveit2/install/moveit_core/share/moveit_core/environment/path.dsv
[2263.503s] -- Up-to-date symlink: /home/a/ws_moveit2/install/moveit_core/share/moveit_core/local_setup.bash
[2263.506s] -- Up-to-date symlink: /home/a/ws_moveit2/install/moveit_core/share/moveit_core/local_setup.sh
[2263.506s] -- Up-to-date symlink: /home/a/ws_moveit2/install/moveit_core/share/moveit_core/local_setup.zsh
[2263.507s] -- Up-to-date symlink: /home/a/ws_moveit2/install/moveit_core/share/moveit_core/local_setup.dsv
[2263.508s] -- Symlinking: /home/a/ws_moveit2/install/moveit_core/share/moveit_core/package.dsv
[2263.543s] -- Up-to-date symlink: /home/a/ws_moveit2/install/moveit_core/share/ament_index/resource_index/packages/moveit_core
[2263.547s] -- Up-to-date symlink: /home/a/ws_moveit2/install/moveit_core/share/ament_index/resource_index/moveit_core__pluginlib__plugin/moveit_core
[2263.548s] -- Up-to-date symlink: /home/a/ws_moveit2/install/moveit_core/share/moveit_core/cmake/ConfigExtras.cmake
[2263.551s] -- Up-to-date symlink: /home/a/ws_moveit2/install/moveit_core/share/moveit_core/cmake/ament_cmake_export_targets-extras.cmake
[2263.554s] -- Up-to-date symlink: /home/a/ws_moveit2/install/moveit_core/share/moveit_core/cmake/ament_cmake_export_dependencies-extras.cmake
[2263.556s] -- Up-to-date symlink: /home/a/ws_moveit2/install/moveit_core/share/moveit_core/cmake/moveit_coreConfig.cmake
[2263.557s] -- Up-to-date symlink: /home/a/ws_moveit2/install/moveit_core/share/moveit_core/cmake/moveit_coreConfig-version.cmake
[2263.559s] -- Up-to-date symlink: /home/a/ws_moveit2/install/moveit_core/share/moveit_core/package.xml
[2263.635s] -- Installing: /home/a/ws_moveit2/install/moveit_core/lib/libcollision_detector_bullet_plugin.so.2.5.9
[2263.641s] -- Set non-toolchain portion of runtime path of "/home/a/ws_moveit2/install/moveit_core/lib/libcollision_detector_bullet_plugin.so.2.5.9" to ""
[2263.643s] -- Up-to-date: /home/a/ws_moveit2/install/moveit_core/lib/libcollision_detector_bullet_plugin.so
[2263.649s] -- Installing: /home/a/ws_moveit2/install/moveit_core/lib/libmoveit_butterworth_filter.so.2.5.9
[2263.662s] -- Set non-toolchain portion of runtime path of "/home/a/ws_moveit2/install/moveit_core/lib/libmoveit_butterworth_filter.so.2.5.9" to ""
[2263.663s] -- Up-to-date: /home/a/ws_moveit2/install/moveit_core/lib/libmoveit_butterworth_filter.so
[2263.675s] -- Installing: /home/a/ws_moveit2/install/moveit_core/lib/libmoveit_collision_distance_field.so.2.5.9
[2263.678s] -- Set non-toolchain portion of runtime path of "/home/a/ws_moveit2/install/moveit_core/lib/libmoveit_collision_distance_field.so.2.5.9" to ""
[2263.678s] -- Up-to-date: /home/a/ws_moveit2/install/moveit_core/lib/libmoveit_collision_distance_field.so
[2263.684s] -- Installing: /home/a/ws_moveit2/install/moveit_core/lib/libmoveit_collision_detection.so.2.5.9
[2263.729s] -- Set non-toolchain portion of runtime path of "/home/a/ws_moveit2/install/moveit_core/lib/libmoveit_collision_detection.so.2.5.9" to ""
[2263.733s] -- Up-to-date: /home/a/ws_moveit2/install/moveit_core/lib/libmoveit_collision_detection.so
[2263.738s] -- Installing: /home/a/ws_moveit2/install/moveit_core/lib/libmoveit_collision_detection_fcl.so.2.5.9
[2263.752s] -- Set non-toolchain portion of runtime path of "/home/a/ws_moveit2/install/moveit_core/lib/libmoveit_collision_detection_fcl.so.2.5.9" to ""
[2263.753s] -- Up-to-date: /home/a/ws_moveit2/install/moveit_core/lib/libmoveit_collision_detection_fcl.so
[2263.757s] -- Installing: /home/a/ws_moveit2/install/moveit_core/lib/libmoveit_collision_detection_bullet.so.2.5.9
[2263.772s] -- Set non-toolchain portion of runtime path of "/home/a/ws_moveit2/install/moveit_core/lib/libmoveit_collision_detection_bullet.so.2.5.9" to ""
[2263.773s] -- Up-to-date: /home/a/ws_moveit2/install/moveit_core/lib/libmoveit_collision_detection_bullet.so
[2263.778s] -- Installing: /home/a/ws_moveit2/install/moveit_core/lib/libmoveit_dynamics_solver.so.2.5.9
[2263.789s] -- Set non-toolchain portion of runtime path of "/home/a/ws_moveit2/install/moveit_core/lib/libmoveit_dynamics_solver.so.2.5.9" to ""
[2263.790s] -- Up-to-date: /home/a/ws_moveit2/install/moveit_core/lib/libmoveit_dynamics_solver.so
[2263.798s] -- Installing: /home/a/ws_moveit2/install/moveit_core/lib/libmoveit_constraint_samplers.so.2.5.9
[2263.803s] -- Set non-toolchain portion of runtime path of "/home/a/ws_moveit2/install/moveit_core/lib/libmoveit_constraint_samplers.so.2.5.9" to ""
[2263.804s] -- Up-to-date: /home/a/ws_moveit2/install/moveit_core/lib/libmoveit_constraint_samplers.so
[2263.810s] -- Installing: /home/a/ws_moveit2/install/moveit_core/lib/libmoveit_distance_field.so.2.5.9
[2263.830s] -- Set non-toolchain portion of runtime path of "/home/a/ws_moveit2/install/moveit_core/lib/libmoveit_distance_field.so.2.5.9" to ""
[2263.831s] -- Up-to-date: /home/a/ws_moveit2/install/moveit_core/lib/libmoveit_distance_field.so
[2263.835s] -- Installing: /home/a/ws_moveit2/install/moveit_core/lib/libmoveit_exceptions.so.2.5.9
[2263.841s] -- Set non-toolchain portion of runtime path of "/home/a/ws_moveit2/install/moveit_core/lib/libmoveit_exceptions.so.2.5.9" to ""
[2263.841s] -- Up-to-date: /home/a/ws_moveit2/install/moveit_core/lib/libmoveit_exceptions.so
[2263.851s] -- Installing: /home/a/ws_moveit2/install/moveit_core/lib/libmoveit_kinematics_base.so
[2263.856s] -- Set non-toolchain portion of runtime path of "/home/a/ws_moveit2/install/moveit_core/lib/libmoveit_kinematics_base.so" to ""
[2263.868s] -- Installing: /home/a/ws_moveit2/install/moveit_core/lib/libmoveit_kinematic_constraints.so.2.5.9
[2263.878s] -- Set non-toolchain portion of runtime path of "/home/a/ws_moveit2/install/moveit_core/lib/libmoveit_kinematic_constraints.so.2.5.9" to ""
[2263.878s] -- Up-to-date: /home/a/ws_moveit2/install/moveit_core/lib/libmoveit_kinematic_constraints.so
[2263.885s] -- Installing: /home/a/ws_moveit2/install/moveit_core/lib/libmoveit_kinematics_metrics.so.2.5.9
[2263.900s] -- Set non-toolchain portion of runtime path of "/home/a/ws_moveit2/install/moveit_core/lib/libmoveit_kinematics_metrics.so.2.5.9" to ""
[2263.901s] -- Up-to-date: /home/a/ws_moveit2/install/moveit_core/lib/libmoveit_kinematics_metrics.so
[2263.908s] -- Installing: /home/a/ws_moveit2/install/moveit_core/lib/libmoveit_planning_interface.so.2.5.9
[2263.924s] -- Set non-toolchain portion of runtime path of "/home/a/ws_moveit2/install/moveit_core/lib/libmoveit_planning_interface.so.2.5.9" to ""
[2263.925s] -- Up-to-date: /home/a/ws_moveit2/install/moveit_core/lib/libmoveit_planning_interface.so
[2263.930s] -- Installing: /home/a/ws_moveit2/install/moveit_core/lib/libmoveit_planning_scene.so.2.5.9
[2263.941s] -- Set non-toolchain portion of runtime path of "/home/a/ws_moveit2/install/moveit_core/lib/libmoveit_planning_scene.so.2.5.9" to ""
[2263.941s] -- Up-to-date: /home/a/ws_moveit2/install/moveit_core/lib/libmoveit_planning_scene.so
[2263.948s] -- Installing: /home/a/ws_moveit2/install/moveit_core/lib/libmoveit_planning_request_adapter.so.2.5.9
[2263.949s] -- Set non-toolchain portion of runtime path of "/home/a/ws_moveit2/install/moveit_core/lib/libmoveit_planning_request_adapter.so.2.5.9" to ""
[2263.950s] -- Up-to-date: /home/a/ws_moveit2/install/moveit_core/lib/libmoveit_planning_request_adapter.so
[2263.958s] -- Installing: /home/a/ws_moveit2/install/moveit_core/lib/libmoveit_robot_model.so.2.5.9
[2263.976s] -- Set non-toolchain portion of runtime path of "/home/a/ws_moveit2/install/moveit_core/lib/libmoveit_robot_model.so.2.5.9" to ""
[2263.977s] -- Up-to-date: /home/a/ws_moveit2/install/moveit_core/lib/libmoveit_robot_model.so
[2263.983s] -- Installing: /home/a/ws_moveit2/install/moveit_core/lib/libmoveit_robot_state.so.2.5.9
[2264.012s] -- Set non-toolchain portion of runtime path of "/home/a/ws_moveit2/install/moveit_core/lib/libmoveit_robot_state.so.2.5.9" to ""
[2264.013s] -- Up-to-date: /home/a/ws_moveit2/install/moveit_core/lib/libmoveit_robot_state.so
[2264.023s] -- Installing: /home/a/ws_moveit2/install/moveit_core/lib/libmoveit_robot_trajectory.so.2.5.9
[2264.035s] -- Set non-toolchain portion of runtime path of "/home/a/ws_moveit2/install/moveit_core/lib/libmoveit_robot_trajectory.so.2.5.9" to ""
[2264.036s] -- Up-to-date: /home/a/ws_moveit2/install/moveit_core/lib/libmoveit_robot_trajectory.so
[2264.039s] -- Installing: /home/a/ws_moveit2/install/moveit_core/lib/libmoveit_smoothing_base.so.2.5.9
[2264.045s] -- Set non-toolchain portion of runtime path of "/home/a/ws_moveit2/install/moveit_core/lib/libmoveit_smoothing_base.so.2.5.9" to ""
[2264.046s] -- Up-to-date: /home/a/ws_moveit2/install/moveit_core/lib/libmoveit_smoothing_base.so
[2264.053s] -- Installing: /home/a/ws_moveit2/install/moveit_core/lib/libmoveit_test_utils.so.2.5.9
[2264.066s] -- Set non-toolchain portion of runtime path of "/home/a/ws_moveit2/install/moveit_core/lib/libmoveit_test_utils.so.2.5.9" to ""
[2264.066s] -- Up-to-date: /home/a/ws_moveit2/install/moveit_core/lib/libmoveit_test_utils.so
[2264.078s] -- Installing: /home/a/ws_moveit2/install/moveit_core/lib/libmoveit_trajectory_processing.so.2.5.9
[2264.096s] -- Set non-toolchain portion of runtime path of "/home/a/ws_moveit2/install/moveit_core/lib/libmoveit_trajectory_processing.so.2.5.9" to ""
[2264.097s] -- Up-to-date: /home/a/ws_moveit2/install/moveit_core/lib/libmoveit_trajectory_processing.so
[2264.102s] -- Installing: /home/a/ws_moveit2/install/moveit_core/lib/libmoveit_transforms.so.2.5.9
[2264.113s] -- Set non-toolchain portion of runtime path of "/home/a/ws_moveit2/install/moveit_core/lib/libmoveit_transforms.so.2.5.9" to ""
[2264.113s] -- Up-to-date: /home/a/ws_moveit2/install/moveit_core/lib/libmoveit_transforms.so
[2264.120s] -- Installing: /home/a/ws_moveit2/install/moveit_core/lib/libmoveit_utils.so.2.5.9
[2264.122s] -- Set non-toolchain portion of runtime path of "/home/a/ws_moveit2/install/moveit_core/lib/libmoveit_utils.so.2.5.9" to ""
[2264.124s] -- Up-to-date: /home/a/ws_moveit2/install/moveit_core/lib/libmoveit_utils.so
[2264.140s] -- Up-to-date: /home/a/ws_moveit2/install/moveit_core/share/moveit_core/cmake/export_moveit_coreExport.cmake
[2264.140s] -- Installing: /home/a/ws_moveit2/install/moveit_core/share/moveit_core/cmake/export_moveit_coreExport-release.cmake
[2264.168s] Invoked command in '/home/a/ws_moveit2/build/moveit_core' returned '0': CMAKE_PREFIX_PATH=/home/a/ws_moveit2/install/moveit_resources_panda_moveit_config:/home/a/ws_moveit2/install/srdfdom:/home/a/ws_moveit2/install/moveit_resources_pr2_description:/home/a/ws_moveit2/install/moveit_resources_panda_description:/home/a/ws_moveit2/install/moveit_common:/home/a/ws_moveit2/install/my_robot_config:/home/a/ws_moveit2/install/pilz_industrial_motion_planner_testutils:/home/a/ws_moveit2/install/moveit_runtime:/home/a/ws_moveit2/install/moveit2_tutorials:/home/a/ws_moveit2/install/moveit:/home/a/ws_moveit2/install/moveit_planners:/home/a/ws_moveit2/install/pilz_industrial_motion_planner:/home/a/ws_moveit2/install/hello_moveit:/home/a/ws_moveit2/install/moveit_visual_tools:/home/a/ws_moveit2/install/moveit_task_constructor_visualization:/home/a/ws_moveit2/install/moveit_task_constructor_demo:/home/a/ws_moveit2/install/moveit_task_constructor_capabilities:/home/a/ws_moveit2/install/moveit_task_constructor_core:/home/a/ws_moveit2/install/moveit_ros_control_interface:/home/a/ws_moveit2/install/moveit_plugins:/home/a/ws_moveit2/install/moveit_simple_controller_manager:/home/a/ws_moveit2/install/moveit_setup_assistant:/home/a/ws_moveit2/install/moveit_setup_srdf_plugins:/home/a/ws_moveit2/install/moveit_setup_core_plugins:/home/a/ws_moveit2/install/moveit_setup_controllers:/home/a/ws_moveit2/install/moveit_setup_app_plugins:/home/a/ws_moveit2/install/moveit_setup_framework:/home/a/ws_moveit2/install/moveit_servo:/home/a/ws_moveit2/install/moveit_ros:/home/a/ws_moveit2/install/moveit_ros_visualization:/home/a/ws_moveit2/install/moveit_hybrid_planning:/home/a/ws_moveit2/install/moveit_ros_planning_interface:/home/a/ws_moveit2/install/moveit_ros_benchmarks:/home/a/ws_moveit2/install/moveit_ros_warehouse:/home/a/ws_moveit2/install/moveit_ros_robot_interaction:/home/a/ws_moveit2/install/moveit_ros_perception:/home/a/ws_moveit2/install/moveit_resources_prbt_pg70_support:/home/a/ws_moveit2/install/moveit_resources_prbt_moveit_config:/home/a/ws_moveit2/install/moveit_ros_move_group:/home/a/ws_moveit2/install/moveit_planners_ompl:/home/a/ws_moveit2/install/moveit_ros_planning:/home/a/ws_moveit2/install/moveit_ros_occupancy_map_monitor:/home/a/ws_moveit2/install/moveit_resources_prbt_ikfast_manipulator_plugin:/home/a/ws_moveit2/install/moveit_planners_chomp:/home/a/ws_moveit2/install/moveit_kinematics:/home/a/ws_moveit2/install/moveit_chomp_optimizer_adapter:/home/a/ws_moveit2/install/chomp_motion_planner:/home/a/ws_moveit2/install/moveit_core:/home/a/ws_moveit2/install/rviz_marker_tools:/home/a/ws_moveit2/install/rosparam_shortcuts:/home/a/ws_moveit2/install/moveit_task_constructor_msgs:/home/a/ws_moveit2/install/moveit_resources_prbt_support:/home/a/ws_moveit2/install/moveit_resources:/home/a/ws_moveit2/install/moveit_resources_fanuc_moveit_config:/home/a/ws_moveit2/install/moveit_resources_fanuc_description:/home/a/ws_moveit2/install/moveit_configs_utils:/home/a/ws_moveit2/install/launch_param_builder:/opt/ros/humble LD_LIBRARY_PATH=/home/a/ws_moveit2/install/srdfdom/lib:/home/a/ws_moveit2/install/pilz_industrial_motion_planner_testutils/lib:/home/a/ws_moveit2/install/pilz_industrial_motion_planner/lib:/home/a/ws_moveit2/install/moveit_visual_tools/lib:/home/a/ws_moveit2/install/moveit_task_constructor_visualization/lib:/home/a/ws_moveit2/install/moveit_task_constructor_demo/lib:/home/a/ws_moveit2/install/moveit_task_constructor_capabilities/lib:/home/a/ws_moveit2/install/moveit_task_constructor_core/lib:/home/a/ws_moveit2/install/moveit_ros_control_interface/lib:/home/a/ws_moveit2/install/moveit_simple_controller_manager/lib:/home/a/ws_moveit2/install/moveit_setup_assistant/lib:/home/a/ws_moveit2/install/moveit_setup_srdf_plugins/lib:/home/a/ws_moveit2/install/moveit_setup_core_plugins/lib:/home/a/ws_moveit2/install/moveit_setup_controllers/lib:/home/a/ws_moveit2/install/moveit_setup_app_plugins/lib:/home/a/ws_moveit2/install/moveit_setup_framework/lib:/home/a/ws_moveit2/install/moveit_servo/lib:/home/a/ws_moveit2/install/moveit_ros_visualization/lib:/home/a/ws_moveit2/install/moveit_hybrid_planning/lib:/home/a/ws_moveit2/install/moveit_ros_planning_interface/lib:/home/a/ws_moveit2/install/moveit_ros_benchmarks/lib:/home/a/ws_moveit2/install/moveit_ros_warehouse/lib:/home/a/ws_moveit2/install/moveit_ros_robot_interaction/lib:/home/a/ws_moveit2/install/moveit_ros_perception/lib:/home/a/ws_moveit2/install/moveit_ros_move_group/lib:/home/a/ws_moveit2/install/moveit_planners_ompl/lib:/home/a/ws_moveit2/install/moveit_ros_planning/lib:/home/a/ws_moveit2/install/moveit_ros_occupancy_map_monitor/lib:/home/a/ws_moveit2/install/moveit_resources_prbt_ikfast_manipulator_plugin/lib:/home/a/ws_moveit2/install/moveit_planners_chomp/lib:/home/a/ws_moveit2/install/moveit_kinematics/lib:/home/a/ws_moveit2/install/moveit_chomp_optimizer_adapter/lib:/home/a/ws_moveit2/install/chomp_motion_planner/lib:/home/a/ws_moveit2/install/moveit_core/lib:/home/a/ws_moveit2/install/rviz_marker_tools/lib:/home/a/ws_moveit2/install/rosparam_shortcuts/lib:/home/a/ws_moveit2/install/moveit_task_constructor_msgs/lib:/opt/ros/humble/opt/rviz_ogre_vendor/lib:/opt/ros/humble/lib/x86_64-linux-gnu:/opt/ros/humble/lib /opt/st/stm32cubeclt_1.17.0/CMake/bin/cmake --install /home/a/ws_moveit2/build/moveit_core
