gmake[2]: *** [ompl_interface/CMakeFiles/moveit_ompl_interface.dir/build.make:160: ompl_interface/CMakeFiles/moveit_ompl_interface.dir/src/parameterization/joint_space/constrained_planning_state_space_factory.cpp.o] Interrupt
gmake[2]: *** [ompl_interface/CMakeFiles/moveit_ompl_interface.dir/build.make:76: ompl_interface/CMakeFiles/moveit_ompl_interface.dir/src/ompl_interface.cpp.o] Interrupt
gmake[2]: *** [ompl_interface/CMakeFiles/moveit_ompl_interface.dir/build.make:146: ompl_interface/CMakeFiles/moveit_ompl_interface.dir/src/parameterization/joint_space/constrained_planning_state_space.cpp.o] Interrupt
gmake[2]: *** [ompl_interface/CMakeFiles/moveit_ompl_interface.dir/build.make:174: ompl_interface/CMakeFiles/moveit_ompl_interface.dir/src/parameterization/joint_space/joint_model_state_space.cpp.o] Interrupt
gmake[2]: *** [ompl_interface/CMakeFiles/moveit_ompl_interface.dir/build.make:202: ompl_interface/CMakeFiles/moveit_ompl_interface.dir/src/parameterization/work_space/pose_model_state_space.cpp.o] Interrupt
gmake[2]: *** [ompl_interface/CMakeFiles/moveit_ompl_interface.dir/build.make:216: ompl_interface/CMakeFiles/moveit_ompl_interface.dir/src/parameterization/work_space/pose_model_state_space_factory.cpp.o] Interrupt
gmake[2]: *** [ompl_interface/CMakeFiles/moveit_ompl_interface.dir/build.make:300: ompl_interface/CMakeFiles/moveit_ompl_interface.dir/src/detail/constraints_library.cpp.o] Interrupt
gmake[2]: *** [ompl_interface/CMakeFiles/moveit_ompl_interface.dir/build.make:342: ompl_interface/CMakeFiles/moveit_ompl_interface.dir/src/detail/constrained_goal_sampler.cpp.o] Interrupt
gmake[2]: *** [ompl_interface/CMakeFiles/moveit_ompl_interface.dir/build.make:314: ompl_interface/CMakeFiles/moveit_ompl_interface.dir/src/detail/constrained_sampler.cpp.o] Interrupt
gmake[2]: *** [ompl_interface/CMakeFiles/moveit_ompl_interface.dir/build.make:328: ompl_interface/CMakeFiles/moveit_ompl_interface.dir/src/detail/constrained_valid_state_sampler.cpp.o] Interrupt
gmake[2]: *** [ompl_interface/CMakeFiles/moveit_ompl_interface.dir/build.make:258: ompl_interface/CMakeFiles/moveit_ompl_interface.dir/src/detail/state_validity_checker.cpp.o] Interrupt
gmake[2]: *** [gtest/CMakeFiles/gtest.dir/build.make:76: gtest/CMakeFiles/gtest.dir/src/gtest-all.cc.o] Interrupt
gmake[1]: *** [CMakeFiles/Makefile2:432: gtest/CMakeFiles/gtest.dir/all] Interrupt
gmake[2]: *** [ompl_interface/CMakeFiles/moveit_ompl_interface.dir/build.make:90: ompl_interface/CMakeFiles/moveit_ompl_interface.dir/src/planning_context_manager.cpp.o] Interrupt
gmake[2]: *** [ompl_interface/CMakeFiles/moveit_ompl_interface.dir/build.make:104: ompl_interface/CMakeFiles/moveit_ompl_interface.dir/src/model_based_planning_context.cpp.o] Interrupt
gmake[2]: *** [ompl_interface/CMakeFiles/moveit_ompl_interface.dir/build.make:132: ompl_interface/CMakeFiles/moveit_ompl_interface.dir/src/parameterization/model_based_state_space_factory.cpp.o] Interrupt
gmake[2]: *** [ompl_interface/CMakeFiles/moveit_ompl_interface.dir/build.make:230: ompl_interface/CMakeFiles/moveit_ompl_interface.dir/src/detail/ompl_constraints.cpp.o] Interrupt
gmake[2]: *** [ompl_interface/CMakeFiles/moveit_ompl_interface.dir/build.make:118: ompl_interface/CMakeFiles/moveit_ompl_interface.dir/src/parameterization/model_based_state_space.cpp.o] Interrupt
gmake[2]: *** [ompl_interface/CMakeFiles/moveit_ompl_interface.dir/build.make:272: ompl_interface/CMakeFiles/moveit_ompl_interface.dir/src/detail/projection_evaluators.cpp.o] Interrupt
gmake[1]: *** [CMakeFiles/Makefile2:186: ompl_interface/CMakeFiles/moveit_ompl_interface.dir/all] Interrupt
gmake: *** [Makefile:146: all] Interrupt
