[10.460s] Invoking command in '/home/a/ws_moveit2/build/launch_param_builder': PYTHONPATH=/home/a/ws_moveit2/build/launch_param_builder/prefix_override:/usr/lib/python3/dist-packages/colcon_core/task/python/colcon_distutils_commands:/home/a/ws_moveit2/install/launch_param_builder/lib/python3.10/site-packages:${PYTHONPATH} /usr/bin/python3 -W ignore:setup.py install is deprecated -W ignore:easy_install command is deprecated setup.py develop --uninstall --editable --build-directory /home/a/ws_moveit2/build/launch_param_builder/build
[13.826s] running develop
[15.739s] Removing /home/a/ws_moveit2/install/launch_param_builder/lib/python3.10/site-packages/launch-param-builder.egg-link (link to .)
[16.032s] Invoked command in '/home/a/ws_moveit2/build/launch_param_builder' returned '0': PYTHONPATH=/home/a/ws_moveit2/build/launch_param_builder/prefix_override:/usr/lib/python3/dist-packages/colcon_core/task/python/colcon_distutils_commands:/home/a/ws_moveit2/install/launch_param_builder/lib/python3.10/site-packages:${PYTHONPATH} /usr/bin/python3 -W ignore:setup.py install is deprecated -W ignore:easy_install command is deprecated setup.py develop --uninstall --editable --build-directory /home/a/ws_moveit2/build/launch_param_builder/build
[16.033s] Invoking command in '/home/a/ws_moveit2/src/launch_param_builder': PYTHONPATH=/home/a/ws_moveit2/build/launch_param_builder/prefix_override:/usr/lib/python3/dist-packages/colcon_core/task/python/colcon_distutils_commands:/home/a/ws_moveit2/install/launch_param_builder/lib/python3.10/site-packages:${PYTHONPATH} /usr/bin/python3 -W ignore:setup.py install is deprecated -W ignore:easy_install command is deprecated setup.py egg_info --egg-base ../../build/launch_param_builder build --build-base /home/a/ws_moveit2/build/launch_param_builder/build install --record /home/a/ws_moveit2/build/launch_param_builder/install.log --single-version-externally-managed install_data --force
[18.822s] running egg_info
[18.835s] writing ../../build/launch_param_builder/launch_param_builder.egg-info/PKG-INFO
[18.836s] writing dependency_links to ../../build/launch_param_builder/launch_param_builder.egg-info/dependency_links.txt
[18.842s] writing entry points to ../../build/launch_param_builder/launch_param_builder.egg-info/entry_points.txt
[18.842s] writing requirements to ../../build/launch_param_builder/launch_param_builder.egg-info/requires.txt
[18.845s] writing top-level names to ../../build/launch_param_builder/launch_param_builder.egg-info/top_level.txt
[18.847s] reading manifest file '../../build/launch_param_builder/launch_param_builder.egg-info/SOURCES.txt'
[18.859s] adding license file 'LICENSE'
[18.866s] writing manifest file '../../build/launch_param_builder/launch_param_builder.egg-info/SOURCES.txt'
[18.866s] running build
[18.867s] running build_py
[18.869s] creating /home/a/ws_moveit2/build/launch_param_builder/build
[18.869s] creating /home/a/ws_moveit2/build/launch_param_builder/build/lib
[18.874s] creating /home/a/ws_moveit2/build/launch_param_builder/build/lib/launch_param_builder
[18.875s] copying launch_param_builder/utils.py -> /home/a/ws_moveit2/build/launch_param_builder/build/lib/launch_param_builder
[18.877s] copying launch_param_builder/launch_param_builder.py -> /home/a/ws_moveit2/build/launch_param_builder/build/lib/launch_param_builder
[18.884s] copying launch_param_builder/__init__.py -> /home/a/ws_moveit2/build/launch_param_builder/build/lib/launch_param_builder
[18.890s] running install
[18.891s] running install_lib
[18.895s] creating /home/a/ws_moveit2/install/launch_param_builder/lib/python3.10/site-packages/launch_param_builder
[18.897s] copying /home/a/ws_moveit2/build/launch_param_builder/build/lib/launch_param_builder/utils.py -> /home/a/ws_moveit2/install/launch_param_builder/lib/python3.10/site-packages/launch_param_builder
[18.899s] copying /home/a/ws_moveit2/build/launch_param_builder/build/lib/launch_param_builder/launch_param_builder.py -> /home/a/ws_moveit2/install/launch_param_builder/lib/python3.10/site-packages/launch_param_builder
[18.901s] copying /home/a/ws_moveit2/build/launch_param_builder/build/lib/launch_param_builder/__init__.py -> /home/a/ws_moveit2/install/launch_param_builder/lib/python3.10/site-packages/launch_param_builder
[18.904s] byte-compiling /home/a/ws_moveit2/install/launch_param_builder/lib/python3.10/site-packages/launch_param_builder/utils.py to utils.cpython-310.pyc
[18.907s] byte-compiling /home/a/ws_moveit2/install/launch_param_builder/lib/python3.10/site-packages/launch_param_builder/launch_param_builder.py to launch_param_builder.cpython-310.pyc
[18.915s] byte-compiling /home/a/ws_moveit2/install/launch_param_builder/lib/python3.10/site-packages/launch_param_builder/__init__.py to __init__.cpython-310.pyc
[18.916s] running install_data
[18.916s] copying resource/launch_param_builder -> /home/a/ws_moveit2/install/launch_param_builder/share/ament_index/resource_index/packages
[18.922s] copying example/launch_param_builder_example.launch.py -> /home/a/ws_moveit2/install/launch_param_builder/share/launch_param_builder/launch
[18.931s] copying test/data/param_file_to_inject.yaml -> /home/a/ws_moveit2/install/launch_param_builder/share/launch_param_builder/config
[18.940s] copying test/data/parameter_file -> /home/a/ws_moveit2/install/launch_param_builder/share/launch_param_builder/config
[18.949s] copying test/data/parameter.xacro -> /home/a/ws_moveit2/install/launch_param_builder/share/launch_param_builder/config
[18.968s] copying test/data/parameters.yaml -> /home/a/ws_moveit2/install/launch_param_builder/share/launch_param_builder/config
[18.977s] copying test/data/parameters_injection.yaml -> /home/a/ws_moveit2/install/launch_param_builder/share/launch_param_builder/config
[18.984s] copying package.xml -> /home/a/ws_moveit2/install/launch_param_builder/share/launch_param_builder
[18.991s] copying example/example_node.py -> /home/a/ws_moveit2/install/launch_param_builder/lib/launch_param_builder
[18.998s] running install_egg_info
[19.009s] Copying ../../build/launch_param_builder/launch_param_builder.egg-info to /home/a/ws_moveit2/install/launch_param_builder/lib/python3.10/site-packages/launch_param_builder-0.1.1-py3.10.egg-info
[19.048s] running install_scripts
[19.175s] writing list of installed files to '/home/a/ws_moveit2/build/launch_param_builder/install.log'
[19.340s] Invoked command in '/home/a/ws_moveit2/src/launch_param_builder' returned '0': PYTHONPATH=/home/a/ws_moveit2/build/launch_param_builder/prefix_override:/usr/lib/python3/dist-packages/colcon_core/task/python/colcon_distutils_commands:/home/a/ws_moveit2/install/launch_param_builder/lib/python3.10/site-packages:${PYTHONPATH} /usr/bin/python3 -W ignore:setup.py install is deprecated -W ignore:easy_install command is deprecated setup.py egg_info --egg-base ../../build/launch_param_builder build --build-base /home/a/ws_moveit2/build/launch_param_builder/build install --record /home/a/ws_moveit2/build/launch_param_builder/install.log --single-version-externally-managed install_data --force
