[0.112s] Invoking command in '/home/a/ws_moveit2/build/robot_config': AMENT_PREFIX_PATH=/home/a/ws_moveit2/install/moveit_configs_utils:/home/a/ws_moveit2/install/launch_param_builder:/home/a/ws_moveit2/install/urdf_0816_description:/home/a/ws_moveit2/install/robot_config:/home/a/ws_moveit2/install/trac_ik_kinematics_plugin:/home/a/ws_moveit2/install/trac_ik_lib:/home/a/ws_moveit2/install/right_arm_ikfast_plugin:/home/a/ws_moveit2/install/pilz_industrial_motion_planner_testutils:/home/a/ws_moveit2/install/moveit_runtime:/home/a/ws_moveit2/install/moveit2_tutorials:/home/a/ws_moveit2/install/moveit:/home/a/ws_moveit2/install/moveit_planners:/home/a/ws_moveit2/install/pilz_industrial_motion_planner:/home/a/ws_moveit2/install/mtc_tutorial:/home/a/ws_moveit2/install/hello_moveit:/home/a/ws_moveit2/install/moveit_visual_tools:/home/a/ws_moveit2/install/moveit_task_constructor_visualization:/home/a/ws_moveit2/install/moveit_task_constructor_demo:/home/a/ws_moveit2/install/moveit_task_constructor_capabilities:/home/a/ws_moveit2/install/moveit_task_constructor_core:/home/a/ws_moveit2/install/moveit_ros_control_interface:/home/a/ws_moveit2/install/moveit_plugins:/home/a/ws_moveit2/install/moveit_simple_controller_manager:/home/a/ws_moveit2/install/moveit_setup_assistant:/home/a/ws_moveit2/install/moveit_setup_srdf_plugins:/home/a/ws_moveit2/install/moveit_setup_core_plugins:/home/a/ws_moveit2/install/moveit_setup_controllers:/home/a/ws_moveit2/install/moveit_setup_app_plugins:/home/a/ws_moveit2/install/moveit_setup_framework:/home/a/ws_moveit2/install/moveit_servo:/home/a/ws_moveit2/install/moveit_ros:/home/a/ws_moveit2/install/moveit_ros_visualization:/home/a/ws_moveit2/install/moveit_hybrid_planning:/home/a/ws_moveit2/install/moveit_ros_planning_interface:/home/a/ws_moveit2/install/moveit_ros_benchmarks:/home/a/ws_moveit2/install/moveit_ros_warehouse:/home/a/ws_moveit2/install/moveit_ros_robot_interaction:/home/a/ws_moveit2/install/moveit_ros_perception:/home/a/ws_moveit2/install/moveit_resources_prbt_pg70_support:/home/a/ws_moveit2/install/moveit_resources_prbt_moveit_config:/home/a/ws_moveit2/install/moveit_ros_move_group:/home/a/ws_moveit2/install/moveit_planners_ompl:/home/a/ws_moveit2/install/left_arm_ikfast_plugin:/home/a/ws_moveit2/install/moveit_ros_planning:/home/a/ws_moveit2/install/moveit_ros_occupancy_map_monitor:/home/a/ws_moveit2/install/moveit_resources_prbt_ikfast_manipulator_plugin:/home/a/ws_moveit2/install/moveit_planners_chomp:/home/a/ws_moveit2/install/moveit_kinematics:/home/a/ws_moveit2/install/moveit_chomp_optimizer_adapter:/home/a/ws_moveit2/install/chomp_motion_planner:/home/a/ws_moveit2/install/moveit_core:/home/a/ws_moveit2/install/srdfdom:/home/a/ws_moveit2/install/rviz_marker_tools:/home/a/ws_moveit2/install/rosparam_shortcuts:/home/a/ws_moveit2/install/ros_tcp_endpoint:/home/a/ws_moveit2/install/object_description:/home/a/ws_moveit2/install/moveit_task_constructor_msgs:/home/a/ws_moveit2/install/moveit_resources_prbt_support:/home/a/ws_moveit2/install/moveit_resources:/home/a/ws_moveit2/install/moveit_resources_pr2_description:/home/a/ws_moveit2/install/moveit_resources_panda_moveit_config:/home/a/ws_moveit2/install/moveit_resources_panda_description:/home/a/ws_moveit2/install/moveit_resources_fanuc_moveit_config:/home/a/ws_moveit2/install/moveit_resources_fanuc_description:/home/a/ws_moveit2/install/moveit_common:/home/a/ws_moveit2/install/field_description_test:/home/a/ws_moveit2/install/field_description:/home/a/ws_moveit2/install/dynamixel_controller_gui:/home/a/ws_moveit2/install/dynamixel_controller:/home/a/ws_moveit2/install/dynamixel_sdk:/home/a/ws_moveit2/install/dynamixel_controller_client:/home/a/ws_moveit2/install/catch_gazebo_ros2_control:/home/a/ws_moveit2/install/0525_arm_description:/opt/ros/humble CMAKE_PREFIX_PATH=/home/a/ws_moveit2/install/moveit_setup_assistant:/home/a/ws_moveit2/install/moveit_setup_srdf_plugins:/home/a/ws_moveit2/install/moveit_setup_core_plugins:/home/a/ws_moveit2/install/moveit_setup_controllers:/home/a/ws_moveit2/install/moveit_setup_app_plugins:/home/a/ws_moveit2/install/moveit_planners:/home/a/ws_moveit2/install/pilz_industrial_motion_planner:/home/a/ws_moveit2/install/moveit_setup_framework:/home/a/ws_moveit2/install/moveit_servo:/home/a/ws_moveit2/install/moveit_ros_visualization:/home/a/ws_moveit2/install/moveit_resources_prbt_pg70_support:/home/a/ws_moveit2/install/moveit_ros_planning_interface:/home/a/ws_moveit2/install/moveit_resources_prbt_moveit_config:/home/a/ws_moveit2/install/moveit_ros_move_group:/home/a/ws_moveit2/install/moveit_ros_warehouse:/home/a/ws_moveit2/install/moveit_ros_robot_interaction:/home/a/ws_moveit2/install/moveit_planners_ompl:/home/a/ws_moveit2/install/moveit_kinematics:/home/a/ws_moveit2/install/moveit_ros_planning:/home/a/ws_moveit2/install/moveit_planners_chomp:/home/a/ws_moveit2/install/trac_ik_kinematics_plugin:/home/a/ws_moveit2/install/pilz_industrial_motion_planner_testutils:/home/a/ws_moveit2/install/moveit_simple_controller_manager:/home/a/ws_moveit2/install/moveit_ros_occupancy_map_monitor:/home/a/ws_moveit2/install/moveit_resources_prbt_ikfast_manipulator_plugin:/home/a/ws_moveit2/install/chomp_motion_planner:/home/a/ws_moveit2/install/moveit_core:/home/a/ws_moveit2/install/moveit_resources_panda_moveit_config:/home/a/ws_moveit2/install/moveit_resources_fanuc_moveit_config:/home/a/ws_moveit2/install/trac_ik_lib:/home/a/ws_moveit2/install/srdfdom:/home/a/ws_moveit2/install/moveit_resources_prbt_support:/home/a/ws_moveit2/install/moveit_resources_pr2_description:/home/a/ws_moveit2/install/moveit_resources_panda_description:/home/a/ws_moveit2/install/moveit_resources_fanuc_description:/home/a/ws_moveit2/install/moveit_common:/home/a/ws_moveit2/install/urdf_0816_description:/home/a/ws_moveit2/install/robot_config:/home/a/ws_moveit2/install/right_arm_ikfast_plugin:/home/a/ws_moveit2/install/moveit_runtime:/home/a/ws_moveit2/install/moveit2_tutorials:/home/a/ws_moveit2/install/moveit:/home/a/ws_moveit2/install/mtc_tutorial:/home/a/ws_moveit2/install/hello_moveit:/home/a/ws_moveit2/install/moveit_visual_tools:/home/a/ws_moveit2/install/moveit_task_constructor_visualization:/home/a/ws_moveit2/install/moveit_task_constructor_demo:/home/a/ws_moveit2/install/moveit_task_constructor_capabilities:/home/a/ws_moveit2/install/moveit_task_constructor_core:/home/a/ws_moveit2/install/moveit_ros_control_interface:/home/a/ws_moveit2/install/moveit_plugins:/home/a/ws_moveit2/install/moveit_ros:/home/a/ws_moveit2/install/moveit_hybrid_planning:/home/a/ws_moveit2/install/moveit_ros_benchmarks:/home/a/ws_moveit2/install/moveit_ros_perception:/home/a/ws_moveit2/install/left_arm_ikfast_plugin:/home/a/ws_moveit2/install/moveit_chomp_optimizer_adapter:/home/a/ws_moveit2/install/rviz_marker_tools:/home/a/ws_moveit2/install/rosparam_shortcuts:/home/a/ws_moveit2/install/object_description:/home/a/ws_moveit2/install/moveit_task_constructor_msgs:/home/a/ws_moveit2/install/moveit_resources:/home/a/ws_moveit2/install/field_description_test:/home/a/ws_moveit2/install/field_description:/home/a/ws_moveit2/install/dynamixel_controller:/home/a/ws_moveit2/install/dynamixel_sdk:/home/a/ws_moveit2/install/catch_gazebo_ros2_control:/home/a/ws_moveit2/install/0525_arm_description:/home/a/ws_moveit2/install/moveit_configs_utils:/home/a/ws_moveit2/install/ros_tcp_endpoint:/home/a/ws_moveit2/install/launch_param_builder:/home/a/ws_moveit2/install/dynamixel_controller_gui:/home/a/ws_moveit2/install/dynamixel_controller_client:/opt/ros/humble LD_LIBRARY_PATH=/home/a/ws_moveit2/install/moveit_setup_srdf_plugins/lib:/home/a/ws_moveit2/install/moveit_setup_core_plugins/lib:/home/a/ws_moveit2/install/moveit_setup_controllers/lib:/home/a/ws_moveit2/install/moveit_setup_app_plugins/lib:/home/a/ws_moveit2/install/pilz_industrial_motion_planner/lib:/home/a/ws_moveit2/install/moveit_setup_framework/lib:/home/a/ws_moveit2/install/moveit_servo/lib:/home/a/ws_moveit2/install/moveit_ros_visualization/lib:/home/a/ws_moveit2/install/moveit_ros_planning_interface/lib:/home/a/ws_moveit2/install/moveit_ros_move_group/lib:/home/a/ws_moveit2/install/moveit_ros_warehouse/lib:/home/a/ws_moveit2/install/moveit_ros_robot_interaction/lib:/home/a/ws_moveit2/install/moveit_planners_ompl/lib:/home/a/ws_moveit2/install/moveit_kinematics/lib:/home/a/ws_moveit2/install/moveit_ros_planning/lib:/home/a/ws_moveit2/install/moveit_planners_chomp/lib:/home/a/ws_moveit2/install/trac_ik_kinematics_plugin/lib:/home/a/ws_moveit2/install/pilz_industrial_motion_planner_testutils/lib:/home/a/ws_moveit2/install/moveit_simple_controller_manager/lib:/home/a/ws_moveit2/install/moveit_ros_occupancy_map_monitor/lib:/home/a/ws_moveit2/install/moveit_resources_prbt_ikfast_manipulator_plugin/lib:/home/a/ws_moveit2/install/chomp_motion_planner/lib:/home/a/ws_moveit2/install/moveit_core/lib:/home/a/ws_moveit2/install/trac_ik_lib/lib:/home/a/ws_moveit2/install/srdfdom/lib:/home/a/ws_moveit2/install/right_arm_ikfast_plugin/lib:/home/a/ws_moveit2/install/moveit_visual_tools/lib:/home/a/ws_moveit2/install/moveit_task_constructor_visualization/lib:/home/a/ws_moveit2/install/moveit_task_constructor_demo/lib:/home/a/ws_moveit2/install/moveit_task_constructor_capabilities/lib:/home/a/ws_moveit2/install/moveit_task_constructor_core/lib:/home/a/ws_moveit2/install/moveit_ros_control_interface/lib:/home/a/ws_moveit2/install/moveit_setup_assistant/lib:/home/a/ws_moveit2/install/moveit_hybrid_planning/lib:/home/a/ws_moveit2/install/moveit_ros_benchmarks/lib:/home/a/ws_moveit2/install/moveit_ros_perception/lib:/home/a/ws_moveit2/install/left_arm_ikfast_plugin/lib:/home/a/ws_moveit2/install/moveit_chomp_optimizer_adapter/lib:/home/a/ws_moveit2/install/rviz_marker_tools/lib:/home/a/ws_moveit2/install/rosparam_shortcuts/lib:/home/a/ws_moveit2/install/moveit_task_constructor_msgs/lib:/home/a/ws_moveit2/install/dynamixel_controller/lib:/home/a/ws_moveit2/install/dynamixel_sdk/lib:/usr/lib/x86_64-linux-gnu/gazebo-11/plugins:/opt/ros/humble/opt/rviz_ogre_vendor/lib:/opt/ros/humble/lib/x86_64-linux-gnu:/opt/ros/humble/lib PYTHONPATH=/home/a/ws_moveit2/install/moveit_configs_utils/lib/python3.10/site-packages:/home/a/ws_moveit2/install/launch_param_builder/lib/python3.10/site-packages:/home/a/ws_moveit2/install/moveit_task_constructor_core/local/lib/python3.10/dist-packages:/home/a/ws_moveit2/install/srdfdom/local/lib/python3.10/dist-packages:/home/a/ws_moveit2/install/ros_tcp_endpoint/lib/python3.10/site-packages:/home/a/ws_moveit2/install/moveit_task_constructor_msgs/local/lib/python3.10/dist-packages:/home/a/ws_moveit2/install/dynamixel_controller_gui/lib/python3.10/site-packages:/home/a/ws_moveit2/install/dynamixel_controller/local/lib/python3.10/dist-packages:/home/a/ws_moveit2/install/dynamixel_controller_client/lib/python3.10/site-packages:/opt/ros/humble/lib/python3.10/site-packages:/opt/ros/humble/local/lib/python3.10/dist-packages /usr/bin/cmake --build /home/a/ws_moveit2/build/robot_config -- -j22 -l22
[0.159s] [35m[1mConsolidate compiler generated dependencies of target move_to_pose_dual_cpp[0m
[0.165s] [ 33%] Built target move_to_pose_cpp
[0.171s] [ 66%] Built target joystick_servo
[0.180s] [ 83%] [32mBuilding CXX object CMakeFiles/move_to_pose_dual_cpp.dir/src/move_to_pose_dual_cpp.cpp.o[0m
[4.201s] [01m[K/home/a/ws_moveit2/src/robot_config/src/move_to_pose_dual_cpp.cpp:700:13:[m[K [01;31m[Kerror: [m[Kexpected unqualified-id before ‘[01m[Kif[m[K’
[4.201s]   700 |             [01;31m[Kif[m[K (collision_result.collision) {
[4.201s]       |             [01;31m[K^~[m[K
[4.202s] [01m[K/home/a/ws_moveit2/src/robot_config/src/move_to_pose_dual_cpp.cpp:726:10:[m[K [01;31m[Kerror: [m[Kexpected ‘[01m[K;[m[K’ after class definition
[4.202s]   726 |         }
[4.202s]       |          [01;31m[K^[m[K
[4.202s]       |          [32m[K;[m[K
[4.215s] [01m[K/home/a/ws_moveit2/src/robot_config/src/move_to_pose_dual_cpp.cpp:[m[K In constructor ‘[01m[KMoveToPoseDualCpp::MoveToPoseDualCpp()[m[K’:
[4.215s] [01m[K/home/a/ws_moveit2/src/robot_config/src/move_to_pose_dual_cpp.cpp:30:9:[m[K [01;31m[Kerror: [m[K‘[01m[Kleft_init_thread_[m[K’ was not declared in this scope
[4.215s]    30 |         [01;31m[Kleft_init_thread_[m[K = std::thread([this]() {
[4.215s]       |         [01;31m[K^~~~~~~~~~~~~~~~~[m[K
[4.230s] [01m[K/home/a/ws_moveit2/src/robot_config/src/move_to_pose_dual_cpp.cpp:[m[K In lambda function:
[4.231s] [01m[K/home/a/ws_moveit2/src/robot_config/src/move_to_pose_dual_cpp.cpp:32:13:[m[K [01;31m[Kerror: [m[K‘[01m[Kleft_move_group_interface_[m[K’ was not declared in this scope; did you mean ‘[01m[Kget_node_graph_interface[m[K’?
[4.231s]    32 |             [01;31m[Kleft_move_group_interface_[m[K = std::make_shared<moveit::planning_interface::MoveGroupInterface>(rclcpp::Node::SharedPtr(this, [](rclcpp::Node*){}), "left_arm");
[4.231s]       |             [01;31m[K^~~~~~~~~~~~~~~~~~~~~~~~~~[m[K
[4.231s]       |             [32m[Kget_node_graph_interface[m[K
[4.254s] [01m[K/home/a/ws_moveit2/src/robot_config/src/move_to_pose_dual_cpp.cpp:40:13:[m[K [01;31m[Kerror: [m[K‘[01m[Kleft_hand_move_group_interface_[m[K’ was not declared in this scope
[4.254s]    40 |             [01;31m[Kleft_hand_move_group_interface_[m[K = std::make_shared<moveit::planning_interface::MoveGroupInterface>(rclcpp::Node::SharedPtr(this, [](rclcpp::Node*){}), "left_hand");
[4.254s]       |             [01;31m[K^~~~~~~~~~~~~~~~~~~~~~~~~~~~~~~[m[K
[4.274s] [01m[K/home/a/ws_moveit2/src/robot_config/src/move_to_pose_dual_cpp.cpp:[m[K In constructor ‘[01m[KMoveToPoseDualCpp::MoveToPoseDualCpp()[m[K’:
[4.274s] [01m[K/home/a/ws_moveit2/src/robot_config/src/move_to_pose_dual_cpp.cpp:53:9:[m[K [01;31m[Kerror: [m[K‘[01m[Kright_init_thread_[m[K’ was not declared in this scope
[4.274s]    53 |         [01;31m[Kright_init_thread_[m[K = std::thread([this]() {
[4.274s]       |         [01;31m[K^~~~~~~~~~~~~~~~~~[m[K
[4.290s] [01m[K/home/a/ws_moveit2/src/robot_config/src/move_to_pose_dual_cpp.cpp:[m[K In lambda function:
[4.290s] [01m[K/home/a/ws_moveit2/src/robot_config/src/move_to_pose_dual_cpp.cpp:55:13:[m[K [01;31m[Kerror: [m[K‘[01m[Kright_move_group_interface_[m[K’ was not declared in this scope; did you mean ‘[01m[Kget_node_graph_interface[m[K’?
[4.290s]    55 |             [01;31m[Kright_move_group_interface_[m[K = std::make_shared<moveit::planning_interface::MoveGroupInterface>(rclcpp::Node::SharedPtr(this, [](rclcpp::Node*){}), "right_arm");
[4.290s]       |             [01;31m[K^~~~~~~~~~~~~~~~~~~~~~~~~~~[m[K
[4.290s]       |             [32m[Kget_node_graph_interface[m[K
[4.312s] [01m[K/home/a/ws_moveit2/src/robot_config/src/move_to_pose_dual_cpp.cpp:63:13:[m[K [01;31m[Kerror: [m[K‘[01m[Kright_hand_move_group_interface_[m[K’ was not declared in this scope
[4.312s]    63 |             [01;31m[Kright_hand_move_group_interface_[m[K = std::make_shared<moveit::planning_interface::MoveGroupInterface>(rclcpp::Node::SharedPtr(this, [](rclcpp::Node*){}), "right_hand");
[4.312s]       |             [01;31m[K^~~~~~~~~~~~~~~~~~~~~~~~~~~~~~~~[m[K
[4.321s] [01m[K/home/a/ws_moveit2/src/robot_config/src/move_to_pose_dual_cpp.cpp:69:13:[m[K [01;31m[Kerror: [m[K‘[01m[Kright_rpy_sub_[m[K’ was not declared in this scope; did you mean ‘[01m[Kleft_rpy_sub_[m[K’?
[4.321s]    69 |             [01;31m[Kright_rpy_sub_[m[K = this->create_subscription<std_msgs::msg::Float64MultiArray>(
[4.321s]       |             [01;31m[K^~~~~~~~~~~~~~[m[K
[4.321s]       |             [32m[Kleft_rpy_sub_[m[K
[4.331s] [01m[K/home/a/ws_moveit2/src/robot_config/src/move_to_pose_dual_cpp.cpp:[m[K In constructor ‘[01m[KMoveToPoseDualCpp::MoveToPoseDualCpp()[m[K’:
[4.332s] [01m[K/home/a/ws_moveit2/src/robot_config/src/move_to_pose_dual_cpp.cpp:76:9:[m[K [01;31m[Kerror: [m[K‘[01m[Kleft_attach_sub_[m[K’ was not declared in this scope; did you mean ‘[01m[Kleft_rpy_sub_[m[K’?
[4.332s]    76 |         [01;31m[Kleft_attach_sub_[m[K = this->create_subscription<std_msgs::msg::String>(
[4.332s]       |         [01;31m[K^~~~~~~~~~~~~~~~[m[K
[4.332s]       |         [32m[Kleft_rpy_sub_[m[K
[4.343s] [01m[K/home/a/ws_moveit2/src/robot_config/src/move_to_pose_dual_cpp.cpp:78:9:[m[K [01;31m[Kerror: [m[K‘[01m[Kleft_detach_sub_[m[K’ was not declared in this scope; did you mean ‘[01m[Kleft_rpy_sub_[m[K’?
[4.343s]    78 |         [01;31m[Kleft_detach_sub_[m[K = this->create_subscription<std_msgs::msg::String>(
[4.343s]       |         [01;31m[K^~~~~~~~~~~~~~~~[m[K
[4.343s]       |         [32m[Kleft_rpy_sub_[m[K
[4.355s] [01m[K/home/a/ws_moveit2/src/robot_config/src/move_to_pose_dual_cpp.cpp:80:9:[m[K [01;31m[Kerror: [m[K‘[01m[Kright_attach_sub_[m[K’ was not declared in this scope; did you mean ‘[01m[Kright_attach_callback[m[K’?
[4.355s]    80 |         [01;31m[Kright_attach_sub_[m[K = this->create_subscription<std_msgs::msg::String>(
[4.355s]       |         [01;31m[K^~~~~~~~~~~~~~~~~[m[K
[4.355s]       |         [32m[Kright_attach_callback[m[K
[4.365s] [01m[K/home/a/ws_moveit2/src/robot_config/src/move_to_pose_dual_cpp.cpp:82:9:[m[K [01;31m[Kerror: [m[K‘[01m[Kright_detach_sub_[m[K’ was not declared in this scope; did you mean ‘[01m[Kright_detach_callback[m[K’?
[4.366s]    82 |         [01;31m[Kright_detach_sub_[m[K = this->create_subscription<std_msgs::msg::String>(
[4.366s]       |         [01;31m[K^~~~~~~~~~~~~~~~~[m[K
[4.366s]       |         [32m[Kright_detach_callback[m[K
[4.375s] [01m[K/home/a/ws_moveit2/src/robot_config/src/move_to_pose_dual_cpp.cpp:86:9:[m[K [01;31m[Kerror: [m[K‘[01m[Kleft_arm_up_sub_[m[K’ was not declared in this scope; did you mean ‘[01m[Kleft_rpy_sub_[m[K’?
[4.375s]    86 |         [01;31m[Kleft_arm_up_sub_[m[K = this->create_subscription<std_msgs::msg::String>(
[4.375s]       |         [01;31m[K^~~~~~~~~~~~~~~~[m[K
[4.375s]       |         [32m[Kleft_rpy_sub_[m[K
[4.386s] [01m[K/home/a/ws_moveit2/src/robot_config/src/move_to_pose_dual_cpp.cpp:88:9:[m[K [01;31m[Kerror: [m[K‘[01m[Kleft_arm_down_sub_[m[K’ was not declared in this scope; did you mean ‘[01m[Kleft_arm_down_callback[m[K’?
[4.386s]    88 |         [01;31m[Kleft_arm_down_sub_[m[K = this->create_subscription<std_msgs::msg::String>(
[4.386s]       |         [01;31m[K^~~~~~~~~~~~~~~~~~[m[K
[4.386s]       |         [32m[Kleft_arm_down_callback[m[K
[4.397s] [01m[K/home/a/ws_moveit2/src/robot_config/src/move_to_pose_dual_cpp.cpp:90:9:[m[K [01;31m[Kerror: [m[K‘[01m[Kright_arm_up_sub_[m[K’ was not declared in this scope; did you mean ‘[01m[Kright_arm_up_callback[m[K’?
[4.397s]    90 |         [01;31m[Kright_arm_up_sub_[m[K = this->create_subscription<std_msgs::msg::String>(
[4.397s]       |         [01;31m[K^~~~~~~~~~~~~~~~~[m[K
[4.397s]       |         [32m[Kright_arm_up_callback[m[K
[4.408s] [01m[K/home/a/ws_moveit2/src/robot_config/src/move_to_pose_dual_cpp.cpp:92:9:[m[K [01;31m[Kerror: [m[K‘[01m[Kright_arm_down_sub_[m[K’ was not declared in this scope; did you mean ‘[01m[Kright_arm_down_callback[m[K’?
[4.408s]    92 |         [01;31m[Kright_arm_down_sub_[m[K = this->create_subscription<std_msgs::msg::String>(
[4.408s]       |         [01;31m[K^~~~~~~~~~~~~~~~~~~[m[K
[4.408s]       |         [32m[Kright_arm_down_callback[m[K
[4.419s] [01m[K/home/a/ws_moveit2/src/robot_config/src/move_to_pose_dual_cpp.cpp:96:9:[m[K [01;31m[Kerror: [m[K‘[01m[Kleft_arm_open_sub_[m[K’ was not declared in this scope; did you mean ‘[01m[Kleft_rpy_sub_[m[K’?
[4.419s]    96 |         [01;31m[Kleft_arm_open_sub_[m[K = this->create_subscription<std_msgs::msg::String>(
[4.419s]       |         [01;31m[K^~~~~~~~~~~~~~~~~~[m[K
[4.419s]       |         [32m[Kleft_rpy_sub_[m[K
[4.430s] [01m[K/home/a/ws_moveit2/src/robot_config/src/move_to_pose_dual_cpp.cpp:98:9:[m[K [01;31m[Kerror: [m[K‘[01m[Kleft_arm_close_sub_[m[K’ was not declared in this scope; did you mean ‘[01m[Kleft_arm_close_callback[m[K’?
[4.430s]    98 |         [01;31m[Kleft_arm_close_sub_[m[K = this->create_subscription<std_msgs::msg::String>(
[4.430s]       |         [01;31m[K^~~~~~~~~~~~~~~~~~~[m[K
[4.430s]       |         [32m[Kleft_arm_close_callback[m[K
[4.442s] [01m[K/home/a/ws_moveit2/src/robot_config/src/move_to_pose_dual_cpp.cpp:100:9:[m[K [01;31m[Kerror: [m[K‘[01m[Kright_arm_open_sub_[m[K’ was not declared in this scope; did you mean ‘[01m[Kright_arm_open_callback[m[K’?
[4.442s]   100 |         [01;31m[Kright_arm_open_sub_[m[K = this->create_subscription<std_msgs::msg::String>(
[4.442s]       |         [01;31m[K^~~~~~~~~~~~~~~~~~~[m[K
[4.442s]       |         [32m[Kright_arm_open_callback[m[K
[4.454s] [01m[K/home/a/ws_moveit2/src/robot_config/src/move_to_pose_dual_cpp.cpp:102:9:[m[K [01;31m[Kerror: [m[K‘[01m[Kright_arm_close_sub_[m[K’ was not declared in this scope; did you mean ‘[01m[Kright_arm_close_callback[m[K’?
[4.454s]   102 |         [01;31m[Kright_arm_close_sub_[m[K = this->create_subscription<std_msgs::msg::String>(
[4.454s]       |         [01;31m[K^~~~~~~~~~~~~~~~~~~~[m[K
[4.454s]       |         [32m[Kright_arm_close_callback[m[K
[4.469s] [01m[K/home/a/ws_moveit2/src/robot_config/src/move_to_pose_dual_cpp.cpp:108:9:[m[K [01;31m[Kerror: [m[K‘[01m[Kplanning_scene_interface_[m[K’ was not declared in this scope; did you mean ‘[01m[Kplanning_scene_callback[m[K’?
[4.469s]   108 |         [01;31m[Kplanning_scene_interface_[m[K = std::make_shared<moveit::planning_interface::PlanningSceneInterface>();
[4.469s]       |         [01;31m[K^~~~~~~~~~~~~~~~~~~~~~~~~[m[K
[4.469s]       |         [32m[Kplanning_scene_callback[m[K
[4.482s] [01m[K/home/a/ws_moveit2/src/robot_config/src/move_to_pose_dual_cpp.cpp:111:9:[m[K [01;31m[Kerror: [m[K‘[01m[Kplanning_scene_sub_[m[K’ was not declared in this scope; did you mean ‘[01m[Kplanning_scene[m[K’?
[4.482s]   111 |         [01;31m[Kplanning_scene_sub_[m[K = this->create_subscription<moveit_msgs::msg::PlanningScene>(
[4.482s]       |         [01;31m[K^~~~~~~~~~~~~~~~~~~[m[K
[4.482s]       |         [32m[Kplanning_scene[m[K
[4.496s] [01m[K/home/a/ws_moveit2/src/robot_config/src/move_to_pose_dual_cpp.cpp:115:9:[m[K [01;31m[Kerror: [m[K‘[01m[Kregister_coordinate_sub_[m[K’ was not declared in this scope; did you mean ‘[01m[Kregister_coordinate_callback[m[K’?
[4.496s]   115 |         [01;31m[Kregister_coordinate_sub_[m[K = this->create_subscription<std_msgs::msg::Float64MultiArray>(
[4.496s]       |         [01;31m[K^~~~~~~~~~~~~~~~~~~~~~~~[m[K
[4.496s]       |         [32m[Kregister_coordinate_callback[m[K
[4.508s] [01m[K/home/a/ws_moveit2/src/robot_config/src/move_to_pose_dual_cpp.cpp:[m[K In destructor ‘[01m[Kvirtual MoveToPoseDualCpp::~MoveToPoseDualCpp()[m[K’:
[4.508s] [01m[K/home/a/ws_moveit2/src/robot_config/src/move_to_pose_dual_cpp.cpp:128:13:[m[K [01;31m[Kerror: [m[K‘[01m[Kleft_init_thread_[m[K’ was not declared in this scope
[4.508s]   128 |         if ([01;31m[Kleft_init_thread_[m[K.joinable())
[4.509s]       |             [01;31m[K^~~~~~~~~~~~~~~~~[m[K
[4.521s] [01m[K/home/a/ws_moveit2/src/robot_config/src/move_to_pose_dual_cpp.cpp:132:13:[m[K [01;31m[Kerror: [m[K‘[01m[Kright_init_thread_[m[K’ was not declared in this scope
[4.521s]   132 |         if ([01;31m[Kright_init_thread_[m[K.joinable())
[4.521s]       |             [01;31m[K^~~~~~~~~~~~~~~~~~[m[K
[4.537s] [01m[K/home/a/ws_moveit2/src/robot_config/src/move_to_pose_dual_cpp.cpp:[m[K In member function ‘[01m[Kvoid MoveToPoseDualCpp::left_rpy_callback(std_msgs::msg::Float64MultiArray_<std::allocator<void> >::SharedPtr)[m[K’:
[4.537s] [01m[K/home/a/ws_moveit2/src/robot_config/src/move_to_pose_dual_cpp.cpp:162:9:[m[K [01;31m[Kerror: [m[K‘[01m[Klast_left_pose_rpy_[m[K’ was not declared in this scope
[4.537s]   162 |         [01;31m[Klast_left_pose_rpy_[m[K = msg->data;
[4.537s]       |         [01;31m[K^~~~~~~~~~~~~~~~~~~[m[K
[4.550s] [01m[K/home/a/ws_moveit2/src/robot_config/src/move_to_pose_dual_cpp.cpp:163:9:[m[K [01;31m[Kerror: [m[K‘[01m[Kleft_pose_received_[m[K’ was not declared in this scope
[4.551s]   163 |         [01;31m[Kleft_pose_received_[m[K = true;
[4.551s]       |         [01;31m[K^~~~~~~~~~~~~~~~~~~[m[K
[4.565s] [01m[K/home/a/ws_moveit2/src/robot_config/src/move_to_pose_dual_cpp.cpp:165:22:[m[K [01;31m[Kerror: [m[K‘[01m[Kleft_move_group_interface_[m[K’ was not declared in this scope; did you mean ‘[01m[Kget_node_graph_interface[m[K’?
[4.566s]   165 |         move_to_pose([01;31m[Kleft_move_group_interface_[m[K, target_pose);
[4.566s]       |                      [01;31m[K^~~~~~~~~~~~~~~~~~~~~~~~~~[m[K
[4.566s]       |                      [32m[Kget_node_graph_interface[m[K
[4.580s] [01m[K/home/a/ws_moveit2/src/robot_config/src/move_to_pose_dual_cpp.cpp:[m[K In member function ‘[01m[Kvoid MoveToPoseDualCpp::right_rpy_callback(std_msgs::msg::Float64MultiArray_<std::allocator<void> >::SharedPtr)[m[K’:
[4.580s] [01m[K/home/a/ws_moveit2/src/robot_config/src/move_to_pose_dual_cpp.cpp:191:9:[m[K [01;31m[Kerror: [m[K‘[01m[Klast_right_pose_rpy_[m[K’ was not declared in this scope
[4.580s]   191 |         [01;31m[Klast_right_pose_rpy_[m[K = msg->data;
[4.580s]       |         [01;31m[K^~~~~~~~~~~~~~~~~~~~[m[K
[4.594s] [01m[K/home/a/ws_moveit2/src/robot_config/src/move_to_pose_dual_cpp.cpp:192:9:[m[K [01;31m[Kerror: [m[K‘[01m[Kright_pose_received_[m[K’ was not declared in this scope
[4.595s]   192 |         [01;31m[Kright_pose_received_[m[K = true;
[4.595s]       |         [01;31m[K^~~~~~~~~~~~~~~~~~~~[m[K
[4.610s] [01m[K/home/a/ws_moveit2/src/robot_config/src/move_to_pose_dual_cpp.cpp:194:22:[m[K [01;31m[Kerror: [m[K‘[01m[Kright_move_group_interface_[m[K’ was not declared in this scope; did you mean ‘[01m[Kget_node_graph_interface[m[K’?
[4.610s]   194 |         move_to_pose([01;31m[Kright_move_group_interface_[m[K, target_pose);
[4.610s]       |                      [01;31m[K^~~~~~~~~~~~~~~~~~~~~~~~~~~[m[K
[4.610s]       |                      [32m[Kget_node_graph_interface[m[K
[4.630s] [01m[K/home/a/ws_moveit2/src/robot_config/src/move_to_pose_dual_cpp.cpp:[m[K In member function ‘[01m[Kvoid MoveToPoseDualCpp::attachMeshObject(const string&, const string&)[m[K’:
[4.631s] [01m[K/home/a/ws_moveit2/src/robot_config/src/move_to_pose_dual_cpp.cpp:250:35:[m[K [01;31m[Kerror: [m[K‘[01m[Kleft_move_group_interface_[m[K’ was not declared in this scope; did you mean ‘[01m[Kget_node_graph_interface[m[K’?
[4.631s]   250 |         if (arm_name == "left" && [01;31m[Kleft_move_group_interface_[m[K) {
[4.631s]       |                                   [01;31m[K^~~~~~~~~~~~~~~~~~~~~~~~~~[m[K
[4.631s]       |                                   [32m[Kget_node_graph_interface[m[K
[4.647s] [01m[K/home/a/ws_moveit2/src/robot_config/src/move_to_pose_dual_cpp.cpp:265:43:[m[K [01;31m[Kerror: [m[K‘[01m[Kright_move_group_interface_[m[K’ was not declared in this scope; did you mean ‘[01m[Kget_node_graph_interface[m[K’?
[4.647s]   265 |         } else if (arm_name == "right" && [01;31m[Kright_move_group_interface_[m[K) {
[4.647s]       |                                           [01;31m[K^~~~~~~~~~~~~~~~~~~~~~~~~~~[m[K
[4.647s]       |                                           [32m[Kget_node_graph_interface[m[K
[4.663s] [01m[K/home/a/ws_moveit2/src/robot_config/src/move_to_pose_dual_cpp.cpp:[m[K In member function ‘[01m[Kvoid MoveToPoseDualCpp::detachMeshObject(const string&, const string&)[m[K’:
[4.663s] [01m[K/home/a/ws_moveit2/src/robot_config/src/move_to_pose_dual_cpp.cpp:286:35:[m[K [01;31m[Kerror: [m[K‘[01m[Kleft_move_group_interface_[m[K’ was not declared in this scope; did you mean ‘[01m[Kget_node_graph_interface[m[K’?
[4.663s]   286 |         if (arm_name == "left" && [01;31m[Kleft_move_group_interface_[m[K) {
[4.663s]       |                                   [01;31m[K^~~~~~~~~~~~~~~~~~~~~~~~~~[m[K
[4.663s]       |                                   [32m[Kget_node_graph_interface[m[K
[4.677s] [01m[K/home/a/ws_moveit2/src/robot_config/src/move_to_pose_dual_cpp.cpp:291:17:[m[K [01;31m[Kerror: [m[K‘[01m[Kplanning_scene_interface_[m[K’ was not declared in this scope; did you mean ‘[01m[Kplanning_scene_callback[m[K’?
[4.677s]   291 |             if ([01;31m[Kplanning_scene_interface_[m[K) {
[4.678s]       |                 [01;31m[K^~~~~~~~~~~~~~~~~~~~~~~~~[m[K
[4.678s]       |                 [32m[Kplanning_scene_callback[m[K
[4.694s] [01m[K/home/a/ws_moveit2/src/robot_config/src/move_to_pose_dual_cpp.cpp:310:43:[m[K [01;31m[Kerror: [m[K‘[01m[Kright_move_group_interface_[m[K’ was not declared in this scope; did you mean ‘[01m[Kget_node_graph_interface[m[K’?
[4.694s]   310 |         } else if (arm_name == "right" && [01;31m[Kright_move_group_interface_[m[K) {
[4.694s]       |                                           [01;31m[K^~~~~~~~~~~~~~~~~~~~~~~~~~~[m[K
[4.694s]       |                                           [32m[Kget_node_graph_interface[m[K
[4.709s] [01m[K/home/a/ws_moveit2/src/robot_config/src/move_to_pose_dual_cpp.cpp:315:17:[m[K [01;31m[Kerror: [m[K‘[01m[Kplanning_scene_interface_[m[K’ was not declared in this scope; did you mean ‘[01m[Kplanning_scene_callback[m[K’?
[4.709s]   315 |             if ([01;31m[Kplanning_scene_interface_[m[K) {
[4.709s]       |                 [01;31m[K^~~~~~~~~~~~~~~~~~~~~~~~~[m[K
[4.709s]       |                 [32m[Kplanning_scene_callback[m[K
[4.723s] [01m[K/home/a/ws_moveit2/src/robot_config/src/move_to_pose_dual_cpp.cpp:[m[K In member function ‘[01m[Kvoid MoveToPoseDualCpp::left_arm_up_callback(std_msgs::msg::String_<std::allocator<void> >::SharedPtr)[m[K’:
[4.723s] [01m[K/home/a/ws_moveit2/src/robot_config/src/move_to_pose_dual_cpp.cpp:342:14:[m[K [01;31m[Kerror: [m[K‘[01m[Kleft_pose_received_[m[K’ was not declared in this scope
[4.723s]   342 |         if (![01;31m[Kleft_pose_received_[m[K) {
[4.723s]       |              [01;31m[K^~~~~~~~~~~~~~~~~~~[m[K
[4.733s] [01m[K/home/a/ws_moveit2/src/robot_config/src/move_to_pose_dual_cpp.cpp:346:28:[m[K [01;31m[Kerror: [m[K‘[01m[Karm_up_z_value_[m[K’ was not declared in this scope
[4.734s]   346 |         move_arm_z("left", [01;31m[Karm_up_z_value_[m[K);
[4.734s]       |                            [01;31m[K^~~~~~~~~~~~~~~[m[K
[4.747s] [01m[K/home/a/ws_moveit2/src/robot_config/src/move_to_pose_dual_cpp.cpp:[m[K In member function ‘[01m[Kvoid MoveToPoseDualCpp::left_arm_down_callback(std_msgs::msg::String_<std::allocator<void> >::SharedPtr)[m[K’:
[4.747s] [01m[K/home/a/ws_moveit2/src/robot_config/src/move_to_pose_dual_cpp.cpp:352:14:[m[K [01;31m[Kerror: [m[K‘[01m[Kleft_pose_received_[m[K’ was not declared in this scope
[4.747s]   352 |         if (![01;31m[Kleft_pose_received_[m[K) {
[4.747s]       |              [01;31m[K^~~~~~~~~~~~~~~~~~~[m[K
[4.760s] [01m[K/home/a/ws_moveit2/src/robot_config/src/move_to_pose_dual_cpp.cpp:356:28:[m[K [01;31m[Kerror: [m[K‘[01m[Karm_down_z_value_[m[K’ was not declared in this scope
[4.760s]   356 |         move_arm_z("left", [01;31m[Karm_down_z_value_[m[K);
[4.760s]       |                            [01;31m[K^~~~~~~~~~~~~~~~~[m[K
[4.775s] [01m[K/home/a/ws_moveit2/src/robot_config/src/move_to_pose_dual_cpp.cpp:[m[K In member function ‘[01m[Kvoid MoveToPoseDualCpp::right_arm_up_callback(std_msgs::msg::String_<std::allocator<void> >::SharedPtr)[m[K’:
[4.775s] [01m[K/home/a/ws_moveit2/src/robot_config/src/move_to_pose_dual_cpp.cpp:362:14:[m[K [01;31m[Kerror: [m[K‘[01m[Kright_pose_received_[m[K’ was not declared in this scope
[4.775s]   362 |         if (![01;31m[Kright_pose_received_[m[K) {
[4.775s]       |              [01;31m[K^~~~~~~~~~~~~~~~~~~~[m[K
[4.785s] [01m[K/home/a/ws_moveit2/src/robot_config/src/move_to_pose_dual_cpp.cpp:366:29:[m[K [01;31m[Kerror: [m[K‘[01m[Karm_up_z_value_[m[K’ was not declared in this scope
[4.785s]   366 |         move_arm_z("right", [01;31m[Karm_up_z_value_[m[K);
[4.786s]       |                             [01;31m[K^~~~~~~~~~~~~~~[m[K
[4.800s] [01m[K/home/a/ws_moveit2/src/robot_config/src/move_to_pose_dual_cpp.cpp:[m[K In member function ‘[01m[Kvoid MoveToPoseDualCpp::right_arm_down_callback(std_msgs::msg::String_<std::allocator<void> >::SharedPtr)[m[K’:
[4.800s] [01m[K/home/a/ws_moveit2/src/robot_config/src/move_to_pose_dual_cpp.cpp:372:14:[m[K [01;31m[Kerror: [m[K‘[01m[Kright_pose_received_[m[K’ was not declared in this scope
[4.801s]   372 |         if (![01;31m[Kright_pose_received_[m[K) {
[4.801s]       |              [01;31m[K^~~~~~~~~~~~~~~~~~~~[m[K
[4.812s] [01m[K/home/a/ws_moveit2/src/robot_config/src/move_to_pose_dual_cpp.cpp:376:29:[m[K [01;31m[Kerror: [m[K‘[01m[Karm_down_z_value_[m[K’ was not declared in this scope
[4.813s]   376 |         move_arm_z("right", [01;31m[Karm_down_z_value_[m[K);
[4.813s]       |                             [01;31m[K^~~~~~~~~~~~~~~~~[m[K
[4.826s] [01m[K/home/a/ws_moveit2/src/robot_config/src/move_to_pose_dual_cpp.cpp:[m[K In member function ‘[01m[Kvoid MoveToPoseDualCpp::move_arm_z(const string&, double)[m[K’:
[4.826s] [01m[K/home/a/ws_moveit2/src/robot_config/src/move_to_pose_dual_cpp.cpp:385:36:[m[K [01;31m[Kerror: [m[K‘[01m[Kleft_move_group_interface_[m[K’ was not declared in this scope; did you mean ‘[01m[Kmove_group_interface[m[K’?
[4.826s]   385 |             move_group_interface = [01;31m[Kleft_move_group_interface_[m[K;
[4.826s]       |                                    [01;31m[K^~~~~~~~~~~~~~~~~~~~~~~~~~[m[K
[4.826s]       |                                    [32m[Kmove_group_interface[m[K
[4.838s] [01m[K/home/a/ws_moveit2/src/robot_config/src/move_to_pose_dual_cpp.cpp:386:32:[m[K [01;31m[Kerror: [m[K‘[01m[Klast_left_pose_rpy_[m[K’ was not declared in this scope
[4.838s]   386 |             current_pose_rpy = [01;31m[Klast_left_pose_rpy_[m[K;
[4.838s]       |                                [01;31m[K^~~~~~~~~~~~~~~~~~~[m[K
[4.852s] [01m[K/home/a/ws_moveit2/src/robot_config/src/move_to_pose_dual_cpp.cpp:388:36:[m[K [01;31m[Kerror: [m[K‘[01m[Kright_move_group_interface_[m[K’ was not declared in this scope; did you mean ‘[01m[Kmove_group_interface[m[K’?
[4.852s]   388 |             move_group_interface = [01;31m[Kright_move_group_interface_[m[K;
[4.852s]       |                                    [01;31m[K^~~~~~~~~~~~~~~~~~~~~~~~~~~[m[K
[4.853s]       |                                    [32m[Kmove_group_interface[m[K
[4.865s] [01m[K/home/a/ws_moveit2/src/robot_config/src/move_to_pose_dual_cpp.cpp:389:32:[m[K [01;31m[Kerror: [m[K‘[01m[Klast_right_pose_rpy_[m[K’ was not declared in this scope
[4.866s]   389 |             current_pose_rpy = [01;31m[Klast_right_pose_rpy_[m[K;
[4.866s]       |                                [01;31m[K^~~~~~~~~~~~~~~~~~~~[m[K
[4.883s] [01m[K/home/a/ws_moveit2/src/robot_config/src/move_to_pose_dual_cpp.cpp:[m[K In member function ‘[01m[Kvoid MoveToPoseDualCpp::left_arm_open_callback(std_msgs::msg::String_<std::allocator<void> >::SharedPtr)[m[K’:
[4.883s] [01m[K/home/a/ws_moveit2/src/robot_config/src/move_to_pose_dual_cpp.cpp:435:9:[m[K [01;31m[Kerror: [m[K‘[01m[Kdetach_attached_objects[m[K’ was not declared in this scope
[4.883s]   435 |         [01;31m[Kdetach_attached_objects[m[K("left");
[4.883s]       |         [01;31m[K^~~~~~~~~~~~~~~~~~~~~~~[m[K
[4.900s] [01m[K/home/a/ws_moveit2/src/robot_config/src/move_to_pose_dual_cpp.cpp:[m[K In member function ‘[01m[Kvoid MoveToPoseDualCpp::right_arm_open_callback(std_msgs::msg::String_<std::allocator<void> >::SharedPtr)[m[K’:
[4.901s] [01m[K/home/a/ws_moveit2/src/robot_config/src/move_to_pose_dual_cpp.cpp:455:9:[m[K [01;31m[Kerror: [m[K‘[01m[Kdetach_attached_objects[m[K’ was not declared in this scope
[4.901s]   455 |         [01;31m[Kdetach_attached_objects[m[K("right");
[4.901s]       |         [01;31m[K^~~~~~~~~~~~~~~~~~~~~~~[m[K
[4.913s] [01m[K/home/a/ws_moveit2/src/robot_config/src/move_to_pose_dual_cpp.cpp:[m[K In member function ‘[01m[Kvoid MoveToPoseDualCpp::set_gripper_position(const string&, double, double, std::function<void()>)[m[K’:
[4.913s] [01m[K/home/a/ws_moveit2/src/robot_config/src/move_to_pose_dual_cpp.cpp:492:18:[m[K [01;31m[Kerror: [m[K‘[01m[Kleft_gripper_pub_[m[K’ was not declared in this scope; did you mean ‘[01m[Kleft_rpy_sub_[m[K’?
[4.913s]   492 |             if (![01;31m[Kleft_gripper_pub_[m[K) {
[4.913s]       |                  [01;31m[K^~~~~~~~~~~~~~~~~[m[K
[4.913s]       |                  [32m[Kleft_rpy_sub_[m[K
[4.926s] [01m[K/home/a/ws_moveit2/src/robot_config/src/move_to_pose_dual_cpp.cpp:495:13:[m[K [01;31m[Kerror: [m[K‘[01m[Kleft_gripper_pub_[m[K’ was not declared in this scope; did you mean ‘[01m[Kleft_rpy_sub_[m[K’?
[4.926s]   495 |             [01;31m[Kleft_gripper_pub_[m[K->publish(trajectory_msg);
[4.926s]       |             [01;31m[K^~~~~~~~~~~~~~~~~[m[K
[4.926s]       |             [32m[Kleft_rpy_sub_[m[K
[4.939s] [01m[K/home/a/ws_moveit2/src/robot_config/src/move_to_pose_dual_cpp.cpp:497:18:[m[K [01;31m[Kerror: [m[K‘[01m[Kright_gripper_pub_[m[K’ was not declared in this scope
[4.939s]   497 |             if (![01;31m[Kright_gripper_pub_[m[K) {
[4.939s]       |                  [01;31m[K^~~~~~~~~~~~~~~~~~[m[K
[4.952s] [01m[K/home/a/ws_moveit2/src/robot_config/src/move_to_pose_dual_cpp.cpp:500:13:[m[K [01;31m[Kerror: [m[K‘[01m[Kright_gripper_pub_[m[K’ was not declared in this scope
[4.952s]   500 |             [01;31m[Kright_gripper_pub_[m[K->publish(trajectory_msg);
[4.952s]       |             [01;31m[K^~~~~~~~~~~~~~~~~~[m[K
[4.997s] [01m[K/home/a/ws_moveit2/src/robot_config/src/move_to_pose_dual_cpp.cpp:[m[K In member function ‘[01m[Kvoid MoveToPoseDualCpp::initialize_object_positions()[m[K’:
[4.997s] [01m[K/home/a/ws_moveit2/src/robot_config/src/move_to_pose_dual_cpp.cpp:537:46:[m[K [01;31m[Kerror: [m[K‘[01m[Kobject_mutex_[m[K’ was not declared in this scope
[4.997s]   537 |             std::lock_guard<std::mutex> lock([01;31m[Kobject_mutex_[m[K);
[4.997s]       |                                              [01;31m[K^~~~~~~~~~~~~[m[K
[5.013s] [01m[K/home/a/ws_moveit2/src/robot_config/src/move_to_pose_dual_cpp.cpp:548:21:[m[K [01;31m[Kerror: [m[K‘[01m[Kobject_mesh_positions_[m[K’ was not declared in this scope
[5.013s]   548 |                     [01;31m[Kobject_mesh_positions_[m[K[collision_obj.id] = obj_pos;
[5.013s]       |                     [01;31m[K^~~~~~~~~~~~~~~~~~~~~~[m[K
[5.028s] [01m[K/home/a/ws_moveit2/src/robot_config/src/move_to_pose_dual_cpp.cpp:557:21:[m[K [01;31m[Kerror: [m[K‘[01m[Kobject_mesh_positions_[m[K’ was not declared in this scope
[5.028s]   557 |                     [01;31m[Kobject_mesh_positions_[m[K[collision_obj.id] = obj_pos;
[5.028s]       |                     [01;31m[K^~~~~~~~~~~~~~~~~~~~~~[m[K
[5.044s] In file included from [01m[K/opt/ros/humble/include/rclcpp/rclcpp/logging.hpp:24[m[K,
[5.044s]                  from [01m[K/opt/ros/humble/include/rclcpp/rclcpp/client.hpp:40[m[K,
[5.044s]                  from [01m[K/opt/ros/humble/include/rclcpp/rclcpp/callback_group.hpp:24[m[K,
[5.044s]                  from [01m[K/opt/ros/humble/include/rclcpp/rclcpp/any_executable.hpp:20[m[K,
[5.044s]                  from [01m[K/opt/ros/humble/include/rclcpp/rclcpp/memory_strategy.hpp:25[m[K,
[5.044s]                  from [01m[K/opt/ros/humble/include/rclcpp/rclcpp/memory_strategies.hpp:18[m[K,
[5.044s]                  from [01m[K/opt/ros/humble/include/rclcpp/rclcpp/executor_options.hpp:20[m[K,
[5.044s]                  from [01m[K/opt/ros/humble/include/rclcpp/rclcpp/executor.hpp:37[m[K,
[5.044s]                  from [01m[K/opt/ros/humble/include/rclcpp/rclcpp/executors/multi_threaded_executor.hpp:25[m[K,
[5.044s]                  from [01m[K/opt/ros/humble/include/rclcpp/rclcpp/executors.hpp:21[m[K,
[5.045s]                  from [01m[K/opt/ros/humble/include/rclcpp/rclcpp/rclcpp.hpp:155[m[K,
[5.045s]                  from [01m[K/home/a/ws_moveit2/src/robot_config/src/move_to_pose_dual_cpp.cpp:1[m[K:
[5.045s] [01m[K/home/a/ws_moveit2/src/robot_config/src/move_to_pose_dual_cpp.cpp:563:101:[m[K [01;31m[Kerror: [m[K‘[01m[Kobject_mesh_positions_[m[K’ was not declared in this scope
[5.045s]   563 |             RCLCPP_INFO(this->get_logger(), "Object positions initialized: %zu objects registered", [01;31m[Kobject_mesh_positions_[m[K.size());
[5.045s]       |                                                                                                     [01;31m[K^~~~~~~~~~~~~~~~~~~~~~[m[K
[5.056s] [01m[K/home/a/ws_moveit2/src/robot_config/src/move_to_pose_dual_cpp.cpp:[m[K In member function ‘[01m[Kvoid MoveToPoseDualCpp::planning_scene_callback(moveit_msgs::msg::PlanningScene_<std::allocator<void> >::SharedPtr)[m[K’:
[5.056s] [01m[K/home/a/ws_moveit2/src/robot_config/src/move_to_pose_dual_cpp.cpp:574:42:[m[K [01;31m[Kerror: [m[K‘[01m[Kobject_mutex_[m[K’ was not declared in this scope
[5.056s]   574 |         std::lock_guard<std::mutex> lock([01;31m[Kobject_mutex_[m[K);
[5.056s]       |                                          [01;31m[K^~~~~~~~~~~~~[m[K
[5.071s] [01m[K/home/a/ws_moveit2/src/robot_config/src/move_to_pose_dual_cpp.cpp:585:17:[m[K [01;31m[Kerror: [m[K‘[01m[Kobject_mesh_positions_[m[K’ was not declared in this scope
[5.072s]   585 |                 [01;31m[Kobject_mesh_positions_[m[K[collision_obj.id] = obj_pos;
[5.072s]       |                 [01;31m[K^~~~~~~~~~~~~~~~~~~~~~[m[K
[5.086s] [01m[K/home/a/ws_moveit2/src/robot_config/src/move_to_pose_dual_cpp.cpp:592:17:[m[K [01;31m[Kerror: [m[K‘[01m[Kobject_mesh_positions_[m[K’ was not declared in this scope
[5.086s]   592 |                 [01;31m[Kobject_mesh_positions_[m[K[collision_obj.id] = obj_pos;
[5.086s]       |                 [01;31m[K^~~~~~~~~~~~~~~~~~~~~~[m[K
[5.102s] [01m[K/home/a/ws_moveit2/src/robot_config/src/move_to_pose_dual_cpp.cpp:[m[K In member function ‘[01m[Kvoid MoveToPoseDualCpp::register_coordinate_callback(std_msgs::msg::Float64MultiArray_<std::allocator<void> >::SharedPtr)[m[K’:
[5.102s] [01m[K/home/a/ws_moveit2/src/robot_config/src/move_to_pose_dual_cpp.cpp:605:46:[m[K [01;31m[Kerror: [m[K‘[01m[Kcoordinate_dict_mutex_[m[K’ was not declared in this scope
[5.102s]   605 |             std::lock_guard<std::mutex> lock([01;31m[Kcoordinate_dict_mutex_[m[K);
[5.102s]       |                                              [01;31m[K^~~~~~~~~~~~~~~~~~~~~~[m[K
[5.121s] [01m[K/home/a/ws_moveit2/src/robot_config/src/move_to_pose_dual_cpp.cpp:606:13:[m[K [01;31m[Kerror: [m[K‘[01m[Kgrasp_coordinate_dictionary_[m[K’ was not declared in this scope
[5.121s]   606 |             [01;31m[Kgrasp_coordinate_dictionary_[m[K[key_pos] = std::make_pair(obj1_pos, obj2_pos);
[5.121s]       |             [01;31m[K^~~~~~~~~~~~~~~~~~~~~~~~~~~~[m[K
[5.131s] [01m[K/home/a/ws_moveit2/src/robot_config/src/move_to_pose_dual_cpp.cpp:[m[K In member function ‘[01m[Kstd::string MoveToPoseDualCpp::find_nearest_object_by_position(const std::array<double, 3>&, double)[m[K’:
[5.131s] [01m[K/home/a/ws_moveit2/src/robot_config/src/move_to_pose_dual_cpp.cpp:625:42:[m[K [01;31m[Kerror: [m[K‘[01m[Kobject_mutex_[m[K’ was not declared in this scope
[5.131s]   625 |         std::lock_guard<std::mutex> lock([01;31m[Kobject_mutex_[m[K);
[5.132s]       |                                          [01;31m[K^~~~~~~~~~~~~[m[K
[5.147s] In file included from [01m[K/opt/ros/humble/include/rclcpp/rclcpp/logging.hpp:24[m[K,
[5.147s]                  from [01m[K/opt/ros/humble/include/rclcpp/rclcpp/client.hpp:40[m[K,
[5.147s]                  from [01m[K/opt/ros/humble/include/rclcpp/rclcpp/callback_group.hpp:24[m[K,
[5.147s]                  from [01m[K/opt/ros/humble/include/rclcpp/rclcpp/any_executable.hpp:20[m[K,
[5.147s]                  from [01m[K/opt/ros/humble/include/rclcpp/rclcpp/memory_strategy.hpp:25[m[K,
[5.147s]                  from [01m[K/opt/ros/humble/include/rclcpp/rclcpp/memory_strategies.hpp:18[m[K,
[5.147s]                  from [01m[K/opt/ros/humble/include/rclcpp/rclcpp/executor_options.hpp:20[m[K,
[5.147s]                  from [01m[K/opt/ros/humble/include/rclcpp/rclcpp/executor.hpp:37[m[K,
[5.147s]                  from [01m[K/opt/ros/humble/include/rclcpp/rclcpp/executors/multi_threaded_executor.hpp:25[m[K,
[5.147s]                  from [01m[K/opt/ros/humble/include/rclcpp/rclcpp/executors.hpp:21[m[K,
[5.147s]                  from [01m[K/opt/ros/humble/include/rclcpp/rclcpp/rclcpp.hpp:155[m[K,
[5.147s]                  from [01m[K/home/a/ws_moveit2/src/robot_config/src/move_to_pose_dual_cpp.cpp:1[m[K:
[5.148s] [01m[K/home/a/ws_moveit2/src/robot_config/src/move_to_pose_dual_cpp.cpp:628:82:[m[K [01;31m[Kerror: [m[K‘[01m[Kobject_mesh_positions_[m[K’ was not declared in this scope
[5.148s]   628 |         RCLCPP_INFO(this->get_logger(), "Object mesh positions has %zu entries", [01;31m[Kobject_mesh_positions_[m[K.size());
[5.148s]       |                                                                                  [01;31m[K^~~~~~~~~~~~~~~~~~~~~~[m[K
[5.162s] [01m[K/home/a/ws_moveit2/src/robot_config/src/move_to_pose_dual_cpp.cpp:633:38:[m[K [01;31m[Kerror: [m[K‘[01m[Kobject_mesh_positions_[m[K’ was not declared in this scope
[5.162s]   633 |         for (const auto& obj_entry : [01;31m[Kobject_mesh_positions_[m[K) {
[5.163s]       |                                      [01;31m[K^~~~~~~~~~~~~~~~~~~~~~[m[K
[5.178s] [01m[K/home/a/ws_moveit2/src/robot_config/src/move_to_pose_dual_cpp.cpp:[m[K In member function ‘[01m[Kvoid MoveToPoseDualCpp::check_for_grasp_attachment(const string&)[m[K’:
[5.178s] [01m[K/home/a/ws_moveit2/src/robot_config/src/move_to_pose_dual_cpp.cpp:661:54:[m[K [01;31m[Kerror: [m[K‘[01m[Kplanning_scene_interface_[m[K’ was not declared in this scope; did you mean ‘[01m[Kplanning_scene_callback[m[K’?
[5.178s]   661 |             std::vector<std::string> known_objects = [01;31m[Kplanning_scene_interface_[m[K->getKnownObjectNames();
[5.178s]       |                                                      [01;31m[K^~~~~~~~~~~~~~~~~~~~~~~~~[m[K
[5.178s]       |                                                      [32m[Kplanning_scene_callback[m[K
[5.180s] [01m[K/home/a/ws_moveit2/src/robot_config/src/move_to_pose_dual_cpp.cpp:[m[K At global scope:
[5.180s] [01m[K/home/a/ws_moveit2/src/robot_config/src/move_to_pose_dual_cpp.cpp:729:9:[m[K [01;31m[Kerror: [m[Kexpected unqualified-id before ‘[01m[Kfor[m[K’
[5.180s]   729 |         [01;31m[Kfor[m[K (const std::string& obj_name : objects_to_attach) {
[5.180s]       |         [01;31m[K^~~[m[K
[5.181s] [01m[K/home/a/ws_moveit2/src/robot_config/src/move_to_pose_dual_cpp.cpp:738:9:[m[K [01;31m[Kerror: [m[Kexpected unqualified-id before ‘[01m[Kif[m[K’
[5.181s]   738 |         [01;31m[Kif[m[K (objects_to_attach.empty()) {
[5.181s]       |         [01;31m[K^~[m[K
[5.181s] [01m[K/home/a/ws_moveit2/src/robot_config/src/move_to_pose_dual_cpp.cpp:741:5:[m[K [01;31m[Kerror: [m[Kexpected declaration before ‘[01m[K}[m[K’ token
[5.181s]   741 |     [01;31m[K}[m[K
[5.181s]       |     [01;31m[K^[m[K
[5.181s] In file included from [01m[K/opt/ros/humble/include/rclcpp/rclcpp/client.hpp:40[m[K,
[5.181s]                  from [01m[K/opt/ros/humble/include/rclcpp/rclcpp/callback_group.hpp:24[m[K,
[5.181s]                  from [01m[K/opt/ros/humble/include/rclcpp/rclcpp/any_executable.hpp:20[m[K,
[5.181s]                  from [01m[K/opt/ros/humble/include/rclcpp/rclcpp/memory_strategy.hpp:25[m[K,
[5.181s]                  from [01m[K/opt/ros/humble/include/rclcpp/rclcpp/memory_strategies.hpp:18[m[K,
[5.181s]                  from [01m[K/opt/ros/humble/include/rclcpp/rclcpp/executor_options.hpp:20[m[K,
[5.181s]                  from [01m[K/opt/ros/humble/include/rclcpp/rclcpp/executor.hpp:37[m[K,
[5.181s]                  from [01m[K/opt/ros/humble/include/rclcpp/rclcpp/executors/multi_threaded_executor.hpp:25[m[K,
[5.181s]                  from [01m[K/opt/ros/humble/include/rclcpp/rclcpp/executors.hpp:21[m[K,
[5.181s]                  from [01m[K/opt/ros/humble/include/rclcpp/rclcpp/rclcpp.hpp:155[m[K,
[5.181s]                  from [01m[K/home/a/ws_moveit2/src/robot_config/src/move_to_pose_dual_cpp.cpp:1[m[K:
[5.181s] [01m[K/home/a/ws_moveit2/src/robot_config/src/move_to_pose_dual_cpp.cpp:[m[K In function ‘[01m[Kvoid detach_attached_objects(const string&)[m[K’:
[5.181s] [01m[K/home/a/ws_moveit2/src/robot_config/src/move_to_pose_dual_cpp.cpp:746:21:[m[K [01;31m[Kerror: [m[Kinvalid use of ‘[01m[Kthis[m[K’ in non-member function
[5.182s]   746 |         RCLCPP_INFO([01;31m[Kthis[m[K->get_logger(), "Detaching objects from %s arm (gripper opened)", arm_name.c_str());
[5.182s]       |                     [01;31m[K^~~~[m[K
[5.182s] [01m[K/home/a/ws_moveit2/src/robot_config/src/move_to_pose_dual_cpp.cpp:746:21:[m[K [01;31m[Kerror: [m[Kinvalid use of ‘[01m[Kthis[m[K’ in non-member function
[5.182s] [01m[K/home/a/ws_moveit2/src/robot_config/src/move_to_pose_dual_cpp.cpp:746:9:[m[K [01;31m[Kerror: [m[Ktemplate argument 1 is invalid
[5.182s]   746 |         [01;31m[KRCLCPP_INFO[m[K(this->get_logger(), "Detaching objects from %s arm (gripper opened)", arm_name.c_str());
[5.182s]       |         [01;31m[K^~~~~~~~~~~[m[K
[5.182s] [01m[K/home/a/ws_moveit2/src/robot_config/src/move_to_pose_dual_cpp.cpp:746:9:[m[K [01;31m[Kerror: [m[Ktemplate argument 1 is invalid
[5.182s]   746 |         [01;31m[KRCLCPP_INFO[m[K(this->get_logger(), "Detaching objects from %s arm (gripper opened)", arm_name.c_str());
[5.182s]       |         [01;31m[K^~~~~~~~~~~[m[K
[5.182s] [01m[K/home/a/ws_moveit2/src/robot_config/src/move_to_pose_dual_cpp.cpp:746:9:[m[K [01;31m[Kerror: [m[Ktemplate argument 1 is invalid
[5.182s]   746 |         [01;31m[KRCLCPP_INFO[m[K(this->get_logger(), "Detaching objects from %s arm (gripper opened)", arm_name.c_str());
[5.182s]       |         [01;31m[K^~~~~~~~~~~[m[K
[5.182s] In file included from [01m[K/opt/ros/humble/include/rclcpp/rclcpp/logging.hpp:24[m[K,
[5.182s]                  from [01m[K/opt/ros/humble/include/rclcpp/rclcpp/client.hpp:40[m[K,
[5.182s]                  from [01m[K/opt/ros/humble/include/rclcpp/rclcpp/callback_group.hpp:24[m[K,
[5.182s]                  from [01m[K/opt/ros/humble/include/rclcpp/rclcpp/any_executable.hpp:20[m[K,
[5.182s]                  from [01m[K/opt/ros/humble/include/rclcpp/rclcpp/memory_strategy.hpp:25[m[K,
[5.182s]                  from [01m[K/opt/ros/humble/include/rclcpp/rclcpp/memory_strategies.hpp:18[m[K,
[5.182s]                  from [01m[K/opt/ros/humble/include/rclcpp/rclcpp/executor_options.hpp:20[m[K,
[5.182s]                  from [01m[K/opt/ros/humble/include/rclcpp/rclcpp/executor.hpp:37[m[K,
[5.182s]                  from [01m[K/opt/ros/humble/include/rclcpp/rclcpp/executors/multi_threaded_executor.hpp:25[m[K,
[5.182s]                  from [01m[K/opt/ros/humble/include/rclcpp/rclcpp/executors.hpp:21[m[K,
[5.182s]                  from [01m[K/opt/ros/humble/include/rclcpp/rclcpp/rclcpp.hpp:155[m[K,
[5.182s]                  from [01m[K/home/a/ws_moveit2/src/robot_config/src/move_to_pose_dual_cpp.cpp:1[m[K:
[5.183s] [01m[K/home/a/ws_moveit2/src/robot_config/src/move_to_pose_dual_cpp.cpp:746:21:[m[K [01;31m[Kerror: [m[Kinvalid use of ‘[01m[Kthis[m[K’ in non-member function
[5.183s]   746 |         RCLCPP_INFO([01;31m[Kthis[m[K->get_logger(), "Detaching objects from %s arm (gripper opened)", arm_name.c_str());
[5.183s]       |                     [01;31m[K^~~~[m[K
[5.183s] [01m[K/home/a/ws_moveit2/src/robot_config/src/move_to_pose_dual_cpp.cpp:746:21:[m[K [01;31m[Kerror: [m[Kinvalid use of ‘[01m[Kthis[m[K’ in non-member function
[5.183s]   746 |         RCLCPP_INFO([01;31m[Kthis[m[K->get_logger(), "Detaching objects from %s arm (gripper opened)", arm_name.c_str());
[5.183s]       |                     [01;31m[K^~~~[m[K
[5.189s] [01m[K/home/a/ws_moveit2/src/robot_config/src/move_to_pose_dual_cpp.cpp:752:17:[m[K [01;31m[Kerror: [m[K‘[01m[KdetachMeshObject[m[K’ was not declared in this scope
[5.189s]   752 |                 [01;31m[KdetachMeshObject[m[K(obj_name, arm_name);
[5.189s]       |                 [01;31m[K^~~~~~~~~~~~~~~~[m[K
[5.199s] [01m[K/home/a/ws_moveit2/src/robot_config/src/move_to_pose_dual_cpp.cpp:[m[K At global scope:
[5.199s] [01m[K/home/a/ws_moveit2/src/robot_config/src/move_to_pose_dual_cpp.cpp:804:1:[m[K [01;31m[Kerror: [m[Kexpected declaration before ‘[01m[K}[m[K’ token
[5.199s]   804 | [01;31m[K}[m[K;
[5.199s]       | [01;31m[K^[m[K
[9.700s] gmake[2]: *** [CMakeFiles/move_to_pose_dual_cpp.dir/build.make:76: CMakeFiles/move_to_pose_dual_cpp.dir/src/move_to_pose_dual_cpp.cpp.o] Error 1
[9.701s] gmake[1]: *** [CMakeFiles/Makefile2:193: CMakeFiles/move_to_pose_dual_cpp.dir/all] Error 2
[9.701s] gmake: *** [Makefile:146: all] Error 2
[9.704s] Invoked command in '/home/a/ws_moveit2/build/robot_config' returned '2': AMENT_PREFIX_PATH=/home/a/ws_moveit2/install/moveit_configs_utils:/home/a/ws_moveit2/install/launch_param_builder:/home/a/ws_moveit2/install/urdf_0816_description:/home/a/ws_moveit2/install/robot_config:/home/a/ws_moveit2/install/trac_ik_kinematics_plugin:/home/a/ws_moveit2/install/trac_ik_lib:/home/a/ws_moveit2/install/right_arm_ikfast_plugin:/home/a/ws_moveit2/install/pilz_industrial_motion_planner_testutils:/home/a/ws_moveit2/install/moveit_runtime:/home/a/ws_moveit2/install/moveit2_tutorials:/home/a/ws_moveit2/install/moveit:/home/a/ws_moveit2/install/moveit_planners:/home/a/ws_moveit2/install/pilz_industrial_motion_planner:/home/a/ws_moveit2/install/mtc_tutorial:/home/a/ws_moveit2/install/hello_moveit:/home/a/ws_moveit2/install/moveit_visual_tools:/home/a/ws_moveit2/install/moveit_task_constructor_visualization:/home/a/ws_moveit2/install/moveit_task_constructor_demo:/home/a/ws_moveit2/install/moveit_task_constructor_capabilities:/home/a/ws_moveit2/install/moveit_task_constructor_core:/home/a/ws_moveit2/install/moveit_ros_control_interface:/home/a/ws_moveit2/install/moveit_plugins:/home/a/ws_moveit2/install/moveit_simple_controller_manager:/home/a/ws_moveit2/install/moveit_setup_assistant:/home/a/ws_moveit2/install/moveit_setup_srdf_plugins:/home/a/ws_moveit2/install/moveit_setup_core_plugins:/home/a/ws_moveit2/install/moveit_setup_controllers:/home/a/ws_moveit2/install/moveit_setup_app_plugins:/home/a/ws_moveit2/install/moveit_setup_framework:/home/a/ws_moveit2/install/moveit_servo:/home/a/ws_moveit2/install/moveit_ros:/home/a/ws_moveit2/install/moveit_ros_visualization:/home/a/ws_moveit2/install/moveit_hybrid_planning:/home/a/ws_moveit2/install/moveit_ros_planning_interface:/home/a/ws_moveit2/install/moveit_ros_benchmarks:/home/a/ws_moveit2/install/moveit_ros_warehouse:/home/a/ws_moveit2/install/moveit_ros_robot_interaction:/home/a/ws_moveit2/install/moveit_ros_perception:/home/a/ws_moveit2/install/moveit_resources_prbt_pg70_support:/home/a/ws_moveit2/install/moveit_resources_prbt_moveit_config:/home/a/ws_moveit2/install/moveit_ros_move_group:/home/a/ws_moveit2/install/moveit_planners_ompl:/home/a/ws_moveit2/install/left_arm_ikfast_plugin:/home/a/ws_moveit2/install/moveit_ros_planning:/home/a/ws_moveit2/install/moveit_ros_occupancy_map_monitor:/home/a/ws_moveit2/install/moveit_resources_prbt_ikfast_manipulator_plugin:/home/a/ws_moveit2/install/moveit_planners_chomp:/home/a/ws_moveit2/install/moveit_kinematics:/home/a/ws_moveit2/install/moveit_chomp_optimizer_adapter:/home/a/ws_moveit2/install/chomp_motion_planner:/home/a/ws_moveit2/install/moveit_core:/home/a/ws_moveit2/install/srdfdom:/home/a/ws_moveit2/install/rviz_marker_tools:/home/a/ws_moveit2/install/rosparam_shortcuts:/home/a/ws_moveit2/install/ros_tcp_endpoint:/home/a/ws_moveit2/install/object_description:/home/a/ws_moveit2/install/moveit_task_constructor_msgs:/home/a/ws_moveit2/install/moveit_resources_prbt_support:/home/a/ws_moveit2/install/moveit_resources:/home/a/ws_moveit2/install/moveit_resources_pr2_description:/home/a/ws_moveit2/install/moveit_resources_panda_moveit_config:/home/a/ws_moveit2/install/moveit_resources_panda_description:/home/a/ws_moveit2/install/moveit_resources_fanuc_moveit_config:/home/a/ws_moveit2/install/moveit_resources_fanuc_description:/home/a/ws_moveit2/install/moveit_common:/home/a/ws_moveit2/install/field_description_test:/home/a/ws_moveit2/install/field_description:/home/a/ws_moveit2/install/dynamixel_controller_gui:/home/a/ws_moveit2/install/dynamixel_controller:/home/a/ws_moveit2/install/dynamixel_sdk:/home/a/ws_moveit2/install/dynamixel_controller_client:/home/a/ws_moveit2/install/catch_gazebo_ros2_control:/home/a/ws_moveit2/install/0525_arm_description:/opt/ros/humble CMAKE_PREFIX_PATH=/home/a/ws_moveit2/install/moveit_setup_assistant:/home/a/ws_moveit2/install/moveit_setup_srdf_plugins:/home/a/ws_moveit2/install/moveit_setup_core_plugins:/home/a/ws_moveit2/install/moveit_setup_controllers:/home/a/ws_moveit2/install/moveit_setup_app_plugins:/home/a/ws_moveit2/install/moveit_planners:/home/a/ws_moveit2/install/pilz_industrial_motion_planner:/home/a/ws_moveit2/install/moveit_setup_framework:/home/a/ws_moveit2/install/moveit_servo:/home/a/ws_moveit2/install/moveit_ros_visualization:/home/a/ws_moveit2/install/moveit_resources_prbt_pg70_support:/home/a/ws_moveit2/install/moveit_ros_planning_interface:/home/a/ws_moveit2/install/moveit_resources_prbt_moveit_config:/home/a/ws_moveit2/install/moveit_ros_move_group:/home/a/ws_moveit2/install/moveit_ros_warehouse:/home/a/ws_moveit2/install/moveit_ros_robot_interaction:/home/a/ws_moveit2/install/moveit_planners_ompl:/home/a/ws_moveit2/install/moveit_kinematics:/home/a/ws_moveit2/install/moveit_ros_planning:/home/a/ws_moveit2/install/moveit_planners_chomp:/home/a/ws_moveit2/install/trac_ik_kinematics_plugin:/home/a/ws_moveit2/install/pilz_industrial_motion_planner_testutils:/home/a/ws_moveit2/install/moveit_simple_controller_manager:/home/a/ws_moveit2/install/moveit_ros_occupancy_map_monitor:/home/a/ws_moveit2/install/moveit_resources_prbt_ikfast_manipulator_plugin:/home/a/ws_moveit2/install/chomp_motion_planner:/home/a/ws_moveit2/install/moveit_core:/home/a/ws_moveit2/install/moveit_resources_panda_moveit_config:/home/a/ws_moveit2/install/moveit_resources_fanuc_moveit_config:/home/a/ws_moveit2/install/trac_ik_lib:/home/a/ws_moveit2/install/srdfdom:/home/a/ws_moveit2/install/moveit_resources_prbt_support:/home/a/ws_moveit2/install/moveit_resources_pr2_description:/home/a/ws_moveit2/install/moveit_resources_panda_description:/home/a/ws_moveit2/install/moveit_resources_fanuc_description:/home/a/ws_moveit2/install/moveit_common:/home/a/ws_moveit2/install/urdf_0816_description:/home/a/ws_moveit2/install/robot_config:/home/a/ws_moveit2/install/right_arm_ikfast_plugin:/home/a/ws_moveit2/install/moveit_runtime:/home/a/ws_moveit2/install/moveit2_tutorials:/home/a/ws_moveit2/install/moveit:/home/a/ws_moveit2/install/mtc_tutorial:/home/a/ws_moveit2/install/hello_moveit:/home/a/ws_moveit2/install/moveit_visual_tools:/home/a/ws_moveit2/install/moveit_task_constructor_visualization:/home/a/ws_moveit2/install/moveit_task_constructor_demo:/home/a/ws_moveit2/install/moveit_task_constructor_capabilities:/home/a/ws_moveit2/install/moveit_task_constructor_core:/home/a/ws_moveit2/install/moveit_ros_control_interface:/home/a/ws_moveit2/install/moveit_plugins:/home/a/ws_moveit2/install/moveit_ros:/home/a/ws_moveit2/install/moveit_hybrid_planning:/home/a/ws_moveit2/install/moveit_ros_benchmarks:/home/a/ws_moveit2/install/moveit_ros_perception:/home/a/ws_moveit2/install/left_arm_ikfast_plugin:/home/a/ws_moveit2/install/moveit_chomp_optimizer_adapter:/home/a/ws_moveit2/install/rviz_marker_tools:/home/a/ws_moveit2/install/rosparam_shortcuts:/home/a/ws_moveit2/install/object_description:/home/a/ws_moveit2/install/moveit_task_constructor_msgs:/home/a/ws_moveit2/install/moveit_resources:/home/a/ws_moveit2/install/field_description_test:/home/a/ws_moveit2/install/field_description:/home/a/ws_moveit2/install/dynamixel_controller:/home/a/ws_moveit2/install/dynamixel_sdk:/home/a/ws_moveit2/install/catch_gazebo_ros2_control:/home/a/ws_moveit2/install/0525_arm_description:/home/a/ws_moveit2/install/moveit_configs_utils:/home/a/ws_moveit2/install/ros_tcp_endpoint:/home/a/ws_moveit2/install/launch_param_builder:/home/a/ws_moveit2/install/dynamixel_controller_gui:/home/a/ws_moveit2/install/dynamixel_controller_client:/opt/ros/humble LD_LIBRARY_PATH=/home/a/ws_moveit2/install/moveit_setup_srdf_plugins/lib:/home/a/ws_moveit2/install/moveit_setup_core_plugins/lib:/home/a/ws_moveit2/install/moveit_setup_controllers/lib:/home/a/ws_moveit2/install/moveit_setup_app_plugins/lib:/home/a/ws_moveit2/install/pilz_industrial_motion_planner/lib:/home/a/ws_moveit2/install/moveit_setup_framework/lib:/home/a/ws_moveit2/install/moveit_servo/lib:/home/a/ws_moveit2/install/moveit_ros_visualization/lib:/home/a/ws_moveit2/install/moveit_ros_planning_interface/lib:/home/a/ws_moveit2/install/moveit_ros_move_group/lib:/home/a/ws_moveit2/install/moveit_ros_warehouse/lib:/home/a/ws_moveit2/install/moveit_ros_robot_interaction/lib:/home/a/ws_moveit2/install/moveit_planners_ompl/lib:/home/a/ws_moveit2/install/moveit_kinematics/lib:/home/a/ws_moveit2/install/moveit_ros_planning/lib:/home/a/ws_moveit2/install/moveit_planners_chomp/lib:/home/a/ws_moveit2/install/trac_ik_kinematics_plugin/lib:/home/a/ws_moveit2/install/pilz_industrial_motion_planner_testutils/lib:/home/a/ws_moveit2/install/moveit_simple_controller_manager/lib:/home/a/ws_moveit2/install/moveit_ros_occupancy_map_monitor/lib:/home/a/ws_moveit2/install/moveit_resources_prbt_ikfast_manipulator_plugin/lib:/home/a/ws_moveit2/install/chomp_motion_planner/lib:/home/a/ws_moveit2/install/moveit_core/lib:/home/a/ws_moveit2/install/trac_ik_lib/lib:/home/a/ws_moveit2/install/srdfdom/lib:/home/a/ws_moveit2/install/right_arm_ikfast_plugin/lib:/home/a/ws_moveit2/install/moveit_visual_tools/lib:/home/a/ws_moveit2/install/moveit_task_constructor_visualization/lib:/home/a/ws_moveit2/install/moveit_task_constructor_demo/lib:/home/a/ws_moveit2/install/moveit_task_constructor_capabilities/lib:/home/a/ws_moveit2/install/moveit_task_constructor_core/lib:/home/a/ws_moveit2/install/moveit_ros_control_interface/lib:/home/a/ws_moveit2/install/moveit_setup_assistant/lib:/home/a/ws_moveit2/install/moveit_hybrid_planning/lib:/home/a/ws_moveit2/install/moveit_ros_benchmarks/lib:/home/a/ws_moveit2/install/moveit_ros_perception/lib:/home/a/ws_moveit2/install/left_arm_ikfast_plugin/lib:/home/a/ws_moveit2/install/moveit_chomp_optimizer_adapter/lib:/home/a/ws_moveit2/install/rviz_marker_tools/lib:/home/a/ws_moveit2/install/rosparam_shortcuts/lib:/home/a/ws_moveit2/install/moveit_task_constructor_msgs/lib:/home/a/ws_moveit2/install/dynamixel_controller/lib:/home/a/ws_moveit2/install/dynamixel_sdk/lib:/usr/lib/x86_64-linux-gnu/gazebo-11/plugins:/opt/ros/humble/opt/rviz_ogre_vendor/lib:/opt/ros/humble/lib/x86_64-linux-gnu:/opt/ros/humble/lib PYTHONPATH=/home/a/ws_moveit2/install/moveit_configs_utils/lib/python3.10/site-packages:/home/a/ws_moveit2/install/launch_param_builder/lib/python3.10/site-packages:/home/a/ws_moveit2/install/moveit_task_constructor_core/local/lib/python3.10/dist-packages:/home/a/ws_moveit2/install/srdfdom/local/lib/python3.10/dist-packages:/home/a/ws_moveit2/install/ros_tcp_endpoint/lib/python3.10/site-packages:/home/a/ws_moveit2/install/moveit_task_constructor_msgs/local/lib/python3.10/dist-packages:/home/a/ws_moveit2/install/dynamixel_controller_gui/lib/python3.10/site-packages:/home/a/ws_moveit2/install/dynamixel_controller/local/lib/python3.10/dist-packages:/home/a/ws_moveit2/install/dynamixel_controller_client/lib/python3.10/site-packages:/opt/ros/humble/lib/python3.10/site-packages:/opt/ros/humble/local/lib/python3.10/dist-packages /usr/bin/cmake --build /home/a/ws_moveit2/build/robot_config -- -j22 -l22
