[0.733s] Invoking command in '/home/a/ws_moveit2/build/rosparam_shortcuts': CMAKE_PREFIX_PATH=/opt/ros/humble /usr/bin/cmake --build /home/a/ws_moveit2/build/rosparam_shortcuts -- -j22 -l22
[0.767s] [ 15%] Built target gtest
[0.769s] [ 30%] Built target gtest_main
[0.776s] [ 53%] Built target rosparam_shortcuts
[0.867s] [ 76%] Built target test_node_parameters
[0.867s] [ 84%] Built target rosparam_shortcuts_node_parameters_example
[0.869s] [100%] Built target rosparam_shortcuts_example
[0.990s] Invoked command in '/home/a/ws_moveit2/build/rosparam_shortcuts' returned '0': CMAKE_PREFIX_PATH=/opt/ros/humble /usr/bin/cmake --build /home/a/ws_moveit2/build/rosparam_shortcuts -- -j22 -l22
[0.991s] Invoking command in '/home/a/ws_moveit2/build/rosparam_shortcuts': CMAKE_PREFIX_PATH=/opt/ros/humble /usr/bin/cmake --install /home/a/ws_moveit2/build/rosparam_shortcuts
[1.002s] -- Install configuration: "Release"
[1.003s] -- Up-to-date: /home/a/ws_moveit2/install/rosparam_shortcuts/lib/librosparam_shortcuts.so
[1.003s] -- Up-to-date: /home/a/ws_moveit2/install/rosparam_shortcuts/lib/rosparam_shortcuts/example
[1.003s] -- Up-to-date: /home/a/ws_moveit2/install/rosparam_shortcuts/lib/rosparam_shortcuts/node_parameters_example
[1.003s] -- Up-to-date: /home/a/ws_moveit2/install/rosparam_shortcuts/include
[1.003s] -- Up-to-date: /home/a/ws_moveit2/install/rosparam_shortcuts/include/rosparam_shortcuts
[1.003s] -- Up-to-date: /home/a/ws_moveit2/install/rosparam_shortcuts/include/rosparam_shortcuts/rosparam_shortcuts.h
[1.003s] -- Up-to-date: /home/a/ws_moveit2/install/rosparam_shortcuts/include/rosparam_shortcuts/node_parameters.h
[1.003s] -- Up-to-date: /home/a/ws_moveit2/install/rosparam_shortcuts/share/rosparam_shortcuts/launch
[1.003s] -- Up-to-date: /home/a/ws_moveit2/install/rosparam_shortcuts/share/rosparam_shortcuts/launch/example.launch.py
[1.003s] -- Up-to-date: /home/a/ws_moveit2/install/rosparam_shortcuts/share/rosparam_shortcuts/config
[1.003s] -- Up-to-date: /home/a/ws_moveit2/install/rosparam_shortcuts/share/rosparam_shortcuts/config/example.yaml
[1.003s] -- Up-to-date: /home/a/ws_moveit2/install/rosparam_shortcuts/share/rosparam_shortcuts/environment/library_path.sh
[1.003s] -- Up-to-date: /home/a/ws_moveit2/install/rosparam_shortcuts/share/rosparam_shortcuts/environment/library_path.dsv
[1.003s] -- Up-to-date: /home/a/ws_moveit2/install/rosparam_shortcuts/share/ament_index/resource_index/package_run_dependencies/rosparam_shortcuts
[1.003s] -- Up-to-date: /home/a/ws_moveit2/install/rosparam_shortcuts/share/ament_index/resource_index/parent_prefix_path/rosparam_shortcuts
[1.003s] -- Up-to-date: /home/a/ws_moveit2/install/rosparam_shortcuts/share/rosparam_shortcuts/environment/ament_prefix_path.sh
[1.003s] -- Up-to-date: /home/a/ws_moveit2/install/rosparam_shortcuts/share/rosparam_shortcuts/environment/ament_prefix_path.dsv
[1.003s] -- Up-to-date: /home/a/ws_moveit2/install/rosparam_shortcuts/share/rosparam_shortcuts/environment/path.sh
[1.003s] -- Up-to-date: /home/a/ws_moveit2/install/rosparam_shortcuts/share/rosparam_shortcuts/environment/path.dsv
[1.003s] -- Up-to-date: /home/a/ws_moveit2/install/rosparam_shortcuts/share/rosparam_shortcuts/local_setup.bash
[1.003s] -- Up-to-date: /home/a/ws_moveit2/install/rosparam_shortcuts/share/rosparam_shortcuts/local_setup.sh
[1.003s] -- Up-to-date: /home/a/ws_moveit2/install/rosparam_shortcuts/share/rosparam_shortcuts/local_setup.zsh
[1.003s] -- Up-to-date: /home/a/ws_moveit2/install/rosparam_shortcuts/share/rosparam_shortcuts/local_setup.dsv
[1.003s] -- Installing: /home/a/ws_moveit2/install/rosparam_shortcuts/share/rosparam_shortcuts/package.dsv
[1.003s] -- Up-to-date: /home/a/ws_moveit2/install/rosparam_shortcuts/share/ament_index/resource_index/packages/rosparam_shortcuts
[1.003s] -- Up-to-date: /home/a/ws_moveit2/install/rosparam_shortcuts/share/rosparam_shortcuts/cmake/export_rosparam_shortcutsExport.cmake
[1.003s] -- Up-to-date: /home/a/ws_moveit2/install/rosparam_shortcuts/share/rosparam_shortcuts/cmake/export_rosparam_shortcutsExport-release.cmake
[1.003s] -- Up-to-date: /home/a/ws_moveit2/install/rosparam_shortcuts/share/rosparam_shortcuts/cmake/ament_cmake_export_targets-extras.cmake
[1.004s] -- Up-to-date: /home/a/ws_moveit2/install/rosparam_shortcuts/share/rosparam_shortcuts/cmake/ament_cmake_export_dependencies-extras.cmake
[1.004s] -- Up-to-date: /home/a/ws_moveit2/install/rosparam_shortcuts/share/rosparam_shortcuts/cmake/rosparam_shortcutsConfig.cmake
[1.004s] -- Up-to-date: /home/a/ws_moveit2/install/rosparam_shortcuts/share/rosparam_shortcuts/cmake/rosparam_shortcutsConfig-version.cmake
[1.004s] -- Up-to-date: /home/a/ws_moveit2/install/rosparam_shortcuts/share/rosparam_shortcuts/package.xml
[1.059s] Invoked command in '/home/a/ws_moveit2/build/rosparam_shortcuts' returned '0': CMAKE_PREFIX_PATH=/opt/ros/humble /usr/bin/cmake --install /home/a/ws_moveit2/build/rosparam_shortcuts
