[0.578s] Invoking command in '/home/a/ws_moveit2/build/field_description': CMAKE_PREFIX_PATH=/opt/ros/humble /usr/bin/cmake --build /home/a/ws_moveit2/build/field_description -- -j22 -l22
[0.993s] Invoked command in '/home/a/ws_moveit2/build/field_description' returned '0': CMAKE_PREFIX_PATH=/opt/ros/humble /usr/bin/cmake --build /home/a/ws_moveit2/build/field_description -- -j22 -l22
[0.996s] Invoking command in '/home/a/ws_moveit2/build/field_description': CMAKE_PREFIX_PATH=/opt/ros/humble /usr/bin/cmake --install /home/a/ws_moveit2/build/field_description
[1.086s] -- Install configuration: ""
[1.086s] -- Up-to-date: /home/a/ws_moveit2/install/field_description/share/field_description/meshes
[1.086s] -- Up-to-date: /home/a/ws_moveit2/install/field_description/share/field_description/meshes/base_link.stl
[1.086s] -- Up-to-date: /home/a/ws_moveit2/install/field_description/share/field_description/urdf
[1.086s] -- Up-to-date: /home/a/ws_moveit2/install/field_description/share/field_description/urdf/materials.xacro
[1.086s] -- Up-to-date: /home/a/ws_moveit2/install/field_description/share/field_description/urdf/field.xacro
[1.086s] -- Up-to-date: /home/a/ws_moveit2/install/field_description/share/field_description/urdf/field.urdf
[1.086s] -- Up-to-date: /home/a/ws_moveit2/install/field_description/share/field_description/urdf/materials.urdf
[1.086s] -- Up-to-date: /home/a/ws_moveit2/install/field_description/share/field_description/urdf/field.trans
[1.086s] -- Up-to-date: /home/a/ws_moveit2/install/field_description/share/field_description/launch
[1.086s] -- Up-to-date: /home/a/ws_moveit2/install/field_description/share/field_description/launch/robot_description.launch.py
[1.086s] -- Up-to-date: /home/a/ws_moveit2/install/field_description/share/ament_index/resource_index/package_run_dependencies/field_description
[1.086s] -- Up-to-date: /home/a/ws_moveit2/install/field_description/share/ament_index/resource_index/parent_prefix_path/field_description
[1.086s] -- Up-to-date: /home/a/ws_moveit2/install/field_description/share/field_description/environment/ament_prefix_path.sh
[1.086s] -- Up-to-date: /home/a/ws_moveit2/install/field_description/share/field_description/environment/ament_prefix_path.dsv
[1.087s] -- Up-to-date: /home/a/ws_moveit2/install/field_description/share/field_description/environment/path.sh
[1.087s] -- Up-to-date: /home/a/ws_moveit2/install/field_description/share/field_description/environment/path.dsv
[1.087s] -- Up-to-date: /home/a/ws_moveit2/install/field_description/share/field_description/local_setup.bash
[1.087s] -- Up-to-date: /home/a/ws_moveit2/install/field_description/share/field_description/local_setup.sh
[1.087s] -- Up-to-date: /home/a/ws_moveit2/install/field_description/share/field_description/local_setup.zsh
[1.087s] -- Up-to-date: /home/a/ws_moveit2/install/field_description/share/field_description/local_setup.dsv
[1.087s] -- Installing: /home/a/ws_moveit2/install/field_description/share/field_description/package.dsv
[1.087s] -- Up-to-date: /home/a/ws_moveit2/install/field_description/share/ament_index/resource_index/packages/field_description
[1.087s] -- Up-to-date: /home/a/ws_moveit2/install/field_description/share/field_description/cmake/field_descriptionConfig.cmake
[1.087s] -- Up-to-date: /home/a/ws_moveit2/install/field_description/share/field_description/cmake/field_descriptionConfig-version.cmake
[1.087s] -- Up-to-date: /home/a/ws_moveit2/install/field_description/share/field_description/package.xml
[1.245s] Invoked command in '/home/a/ws_moveit2/build/field_description' returned '0': CMAKE_PREFIX_PATH=/opt/ros/humble /usr/bin/cmake --install /home/a/ws_moveit2/build/field_description
