[0.128s] Invoking command in '/home/a/ws_moveit2/build/0525_arm_description': CMAKE_PREFIX_PATH=${CMAKE_PREFIX_PATH}:/home/a/ws_moveit2/install/moveit_configs_utils:/home/a/ws_moveit2/install/launch_param_builder:/opt/ros/humble /opt/st/stm32cubeclt_1.17.0/CMake/bin/cmake --build /home/a/ws_moveit2/build/0525_arm_description -- -j4 -l4
[0.299s] Invoked command in '/home/a/ws_moveit2/build/0525_arm_description' returned '0': CMAKE_PREFIX_PATH=${CMAKE_PREFIX_PATH}:/home/a/ws_moveit2/install/moveit_configs_utils:/home/a/ws_moveit2/install/launch_param_builder:/opt/ros/humble /opt/st/stm32cubeclt_1.17.0/CMake/bin/cmake --build /home/a/ws_moveit2/build/0525_arm_description -- -j4 -l4
[0.328s] Invoking command in '/home/a/ws_moveit2/build/0525_arm_description': CMAKE_PREFIX_PATH=${CMAKE_PREFIX_PATH}:/home/a/ws_moveit2/install/moveit_configs_utils:/home/a/ws_moveit2/install/launch_param_builder:/opt/ros/humble /opt/st/stm32cubeclt_1.17.0/CMake/bin/cmake --install /home/a/ws_moveit2/build/0525_arm_description
[0.351s] -- Install configuration: ""
[0.352s] -- Up-to-date: /home/a/ws_moveit2/install/0525_arm_description/share/0525_arm_description/meshes
[0.371s] -- Up-to-date: /home/a/ws_moveit2/install/0525_arm_description/share/0525_arm_description/meshes/link1_1.stl
[0.372s] -- Up-to-date: /home/a/ws_moveit2/install/0525_arm_description/share/0525_arm_description/meshes/link3_1.stl
[0.373s] -- Up-to-date: /home/a/ws_moveit2/install/0525_arm_description/share/0525_arm_description/meshes/base_link.stl
[0.374s] -- Up-to-date: /home/a/ws_moveit2/install/0525_arm_description/share/0525_arm_description/meshes/left_finger_1.stl
[0.375s] -- Up-to-date: /home/a/ws_moveit2/install/0525_arm_description/share/0525_arm_description/meshes/link6_1.stl
[0.375s] -- Up-to-date: /home/a/ws_moveit2/install/0525_arm_description/share/0525_arm_description/meshes/link4_1.stl
[0.375s] -- Up-to-date: /home/a/ws_moveit2/install/0525_arm_description/share/0525_arm_description/meshes/EndEffector_1.stl
[0.376s] -- Up-to-date: /home/a/ws_moveit2/install/0525_arm_description/share/0525_arm_description/meshes/right_finger_1.stl
[0.376s] -- Up-to-date: /home/a/ws_moveit2/install/0525_arm_description/share/0525_arm_description/meshes/link5_1.stl
[0.376s] -- Up-to-date: /home/a/ws_moveit2/install/0525_arm_description/share/0525_arm_description/meshes/link2_1.stl
[0.377s] -- Up-to-date: /home/a/ws_moveit2/install/0525_arm_description/share/0525_arm_description/urdf
[0.377s] -- Installing: /home/a/ws_moveit2/install/0525_arm_description/share/0525_arm_description/urdf/0525_arm.trans
[0.379s] -- Installing: /home/a/ws_moveit2/install/0525_arm_description/share/0525_arm_description/urdf/0525_arm.urdf
[0.381s] -- Up-to-date: /home/a/ws_moveit2/install/0525_arm_description/share/0525_arm_description/urdf/materials.urdf
[0.382s] -- Up-to-date: /home/a/ws_moveit2/install/0525_arm_description/share/0525_arm_description/launch
[0.386s] -- Up-to-date: /home/a/ws_moveit2/install/0525_arm_description/share/0525_arm_description/launch/robot_description.launch.py
[0.389s] -- Up-to-date: /home/a/ws_moveit2/install/0525_arm_description/share/ament_index/resource_index/package_run_dependencies/0525_arm_description
[0.390s] -- Up-to-date: /home/a/ws_moveit2/install/0525_arm_description/share/ament_index/resource_index/parent_prefix_path/0525_arm_description
[0.391s] -- Up-to-date: /home/a/ws_moveit2/install/0525_arm_description/share/0525_arm_description/environment/ament_prefix_path.sh
[0.392s] -- Up-to-date: /home/a/ws_moveit2/install/0525_arm_description/share/0525_arm_description/environment/ament_prefix_path.dsv
[0.393s] -- Up-to-date: /home/a/ws_moveit2/install/0525_arm_description/share/0525_arm_description/environment/path.sh
[0.396s] -- Up-to-date: /home/a/ws_moveit2/install/0525_arm_description/share/0525_arm_description/environment/path.dsv
[0.397s] -- Up-to-date: /home/a/ws_moveit2/install/0525_arm_description/share/0525_arm_description/local_setup.bash
[0.399s] -- Up-to-date: /home/a/ws_moveit2/install/0525_arm_description/share/0525_arm_description/local_setup.sh
[0.400s] -- Up-to-date: /home/a/ws_moveit2/install/0525_arm_description/share/0525_arm_description/local_setup.zsh
[0.401s] -- Up-to-date: /home/a/ws_moveit2/install/0525_arm_description/share/0525_arm_description/local_setup.dsv
[0.402s] -- Installing: /home/a/ws_moveit2/install/0525_arm_description/share/0525_arm_description/package.dsv
[0.404s] -- Up-to-date: /home/a/ws_moveit2/install/0525_arm_description/share/ament_index/resource_index/packages/0525_arm_description
[0.406s] -- Up-to-date: /home/a/ws_moveit2/install/0525_arm_description/share/0525_arm_description/cmake/0525_arm_descriptionConfig.cmake
[0.407s] -- Up-to-date: /home/a/ws_moveit2/install/0525_arm_description/share/0525_arm_description/cmake/0525_arm_descriptionConfig-version.cmake
[0.408s] -- Up-to-date: /home/a/ws_moveit2/install/0525_arm_description/share/0525_arm_description/package.xml
[0.416s] Invoked command in '/home/a/ws_moveit2/build/0525_arm_description' returned '0': CMAKE_PREFIX_PATH=${CMAKE_PREFIX_PATH}:/home/a/ws_moveit2/install/moveit_configs_utils:/home/a/ws_moveit2/install/launch_param_builder:/opt/ros/humble /opt/st/stm32cubeclt_1.17.0/CMake/bin/cmake --install /home/a/ws_moveit2/build/0525_arm_description
