[0.015s] Invoking command in '/home/a/ws_moveit2/build/moveit_resources': AMENT_PREFIX_PATH=/home/a/ws_moveit2/install/moveit_resources_panda_moveit_config:/home/a/ws_moveit2/install/moveit_resources_fanuc_moveit_config:/home/a/ws_moveit2/install/moveit_resources_pr2_description:/home/a/ws_moveit2/install/moveit_resources_panda_description:/home/a/ws_moveit2/install/moveit_resources_fanuc_description:${AMENT_PREFIX_PATH} CMAKE_PREFIX_PATH=/home/a/ws_moveit2/install/moveit_resources_panda_moveit_config:/home/a/ws_moveit2/install/moveit_resources_fanuc_moveit_config:/home/a/ws_moveit2/install/moveit_resources_pr2_description:/home/a/ws_moveit2/install/moveit_resources_panda_description:/home/a/ws_moveit2/install/moveit_resources_fanuc_description:/opt/ros/humble /usr/bin/cmake --build /home/a/ws_moveit2/build/moveit_resources -- -j22 -l22
[0.050s] Invoked command in '/home/a/ws_moveit2/build/moveit_resources' returned '0': AMENT_PREFIX_PATH=/home/a/ws_moveit2/install/moveit_resources_panda_moveit_config:/home/a/ws_moveit2/install/moveit_resources_fanuc_moveit_config:/home/a/ws_moveit2/install/moveit_resources_pr2_description:/home/a/ws_moveit2/install/moveit_resources_panda_description:/home/a/ws_moveit2/install/moveit_resources_fanuc_description:${AMENT_PREFIX_PATH} CMAKE_PREFIX_PATH=/home/a/ws_moveit2/install/moveit_resources_panda_moveit_config:/home/a/ws_moveit2/install/moveit_resources_fanuc_moveit_config:/home/a/ws_moveit2/install/moveit_resources_pr2_description:/home/a/ws_moveit2/install/moveit_resources_panda_description:/home/a/ws_moveit2/install/moveit_resources_fanuc_description:/opt/ros/humble /usr/bin/cmake --build /home/a/ws_moveit2/build/moveit_resources -- -j22 -l22
[0.051s] Invoking command in '/home/a/ws_moveit2/build/moveit_resources': AMENT_PREFIX_PATH=/home/a/ws_moveit2/install/moveit_resources_panda_moveit_config:/home/a/ws_moveit2/install/moveit_resources_fanuc_moveit_config:/home/a/ws_moveit2/install/moveit_resources_pr2_description:/home/a/ws_moveit2/install/moveit_resources_panda_description:/home/a/ws_moveit2/install/moveit_resources_fanuc_description:${AMENT_PREFIX_PATH} CMAKE_PREFIX_PATH=/home/a/ws_moveit2/install/moveit_resources_panda_moveit_config:/home/a/ws_moveit2/install/moveit_resources_fanuc_moveit_config:/home/a/ws_moveit2/install/moveit_resources_pr2_description:/home/a/ws_moveit2/install/moveit_resources_panda_description:/home/a/ws_moveit2/install/moveit_resources_fanuc_description:/opt/ros/humble /usr/bin/cmake --install /home/a/ws_moveit2/build/moveit_resources
[0.055s] -- Install configuration: "Release"
[0.056s] -- Up-to-date: /home/a/ws_moveit2/install/moveit_resources/share/ament_index/resource_index/package_run_dependencies/moveit_resources
[0.056s] -- Up-to-date: /home/a/ws_moveit2/install/moveit_resources/share/ament_index/resource_index/parent_prefix_path/moveit_resources
[0.056s] -- Up-to-date: /home/a/ws_moveit2/install/moveit_resources/share/moveit_resources/environment/ament_prefix_path.sh
[0.056s] -- Up-to-date: /home/a/ws_moveit2/install/moveit_resources/share/moveit_resources/environment/ament_prefix_path.dsv
[0.056s] -- Up-to-date: /home/a/ws_moveit2/install/moveit_resources/share/moveit_resources/environment/path.sh
[0.056s] -- Up-to-date: /home/a/ws_moveit2/install/moveit_resources/share/moveit_resources/environment/path.dsv
[0.056s] -- Up-to-date: /home/a/ws_moveit2/install/moveit_resources/share/moveit_resources/local_setup.bash
[0.059s] -- Up-to-date: /home/a/ws_moveit2/install/moveit_resources/share/moveit_resources/local_setup.sh
[0.059s] -- Up-to-date: /home/a/ws_moveit2/install/moveit_resources/share/moveit_resources/local_setup.zsh
[0.059s] -- Up-to-date: /home/a/ws_moveit2/install/moveit_resources/share/moveit_resources/local_setup.dsv
[0.060s] -- Installing: /home/a/ws_moveit2/install/moveit_resources/share/moveit_resources/package.dsv
[0.060s] -- Up-to-date: /home/a/ws_moveit2/install/moveit_resources/share/ament_index/resource_index/packages/moveit_resources
[0.060s] -- Up-to-date: /home/a/ws_moveit2/install/moveit_resources/share/moveit_resources/cmake/moveit_resourcesConfig.cmake
[0.060s] -- Up-to-date: /home/a/ws_moveit2/install/moveit_resources/share/moveit_resources/cmake/moveit_resourcesConfig-version.cmake
[0.060s] -- Up-to-date: /home/a/ws_moveit2/install/moveit_resources/share/moveit_resources/package.xml
[0.060s] Invoked command in '/home/a/ws_moveit2/build/moveit_resources' returned '0': AMENT_PREFIX_PATH=/home/a/ws_moveit2/install/moveit_resources_panda_moveit_config:/home/a/ws_moveit2/install/moveit_resources_fanuc_moveit_config:/home/a/ws_moveit2/install/moveit_resources_pr2_description:/home/a/ws_moveit2/install/moveit_resources_panda_description:/home/a/ws_moveit2/install/moveit_resources_fanuc_description:${AMENT_PREFIX_PATH} CMAKE_PREFIX_PATH=/home/a/ws_moveit2/install/moveit_resources_panda_moveit_config:/home/a/ws_moveit2/install/moveit_resources_fanuc_moveit_config:/home/a/ws_moveit2/install/moveit_resources_pr2_description:/home/a/ws_moveit2/install/moveit_resources_panda_description:/home/a/ws_moveit2/install/moveit_resources_fanuc_description:/opt/ros/humble /usr/bin/cmake --install /home/a/ws_moveit2/build/moveit_resources
