[0.853s] Invoking command in '/home/a/ws_moveit2/src/d415_rgb_depth_3d': PYTHONPATH=/home/a/ws_moveit2/build/d415_rgb_depth_3d/prefix_override:/usr/lib/python3/dist-packages/colcon_core/task/python/colcon_distutils_commands:/home/a/ws_moveit2/install/d415_rgb_depth_3d/lib/python3.10/site-packages:${PYTHONPATH} /usr/bin/python3 -W ignore:setup.py install is deprecated -W ignore:easy_install command is deprecated setup.py egg_info --egg-base ../../build/d415_rgb_depth_3d build --build-base /home/a/ws_moveit2/build/d415_rgb_depth_3d/build install --record /home/a/ws_moveit2/build/d415_rgb_depth_3d/install.log --single-version-externally-managed install_data
[1.187s] running egg_info
[1.188s] writing ../../build/d415_rgb_depth_3d/d415_rgb_depth_3d.egg-info/PKG-INFO
[1.188s] writing dependency_links to ../../build/d415_rgb_depth_3d/d415_rgb_depth_3d.egg-info/dependency_links.txt
[1.188s] writing entry points to ../../build/d415_rgb_depth_3d/d415_rgb_depth_3d.egg-info/entry_points.txt
[1.188s] writing requirements to ../../build/d415_rgb_depth_3d/d415_rgb_depth_3d.egg-info/requires.txt
[1.188s] writing top-level names to ../../build/d415_rgb_depth_3d/d415_rgb_depth_3d.egg-info/top_level.txt
[1.190s] reading manifest file '../../build/d415_rgb_depth_3d/d415_rgb_depth_3d.egg-info/SOURCES.txt'
[1.191s] writing manifest file '../../build/d415_rgb_depth_3d/d415_rgb_depth_3d.egg-info/SOURCES.txt'
[1.191s] running build
[1.191s] running build_py
[1.192s] running install
[1.192s] running install_lib
[1.194s] running install_data
[1.194s] copying launch/d415_rgb_depth_3d.launch.py -> /home/a/ws_moveit2/install/d415_rgb_depth_3d/share/d415_rgb_depth_3d/launch
[1.194s] running install_egg_info
[1.196s] removing '/home/a/ws_moveit2/install/d415_rgb_depth_3d/lib/python3.10/site-packages/d415_rgb_depth_3d-0.0.0-py3.10.egg-info' (and everything under it)
[1.196s] Copying ../../build/d415_rgb_depth_3d/d415_rgb_depth_3d.egg-info to /home/a/ws_moveit2/install/d415_rgb_depth_3d/lib/python3.10/site-packages/d415_rgb_depth_3d-0.0.0-py3.10.egg-info
[1.197s] running install_scripts
[1.224s] Installing d415_rgb_depth_3d_node script to /home/a/ws_moveit2/install/d415_rgb_depth_3d/lib/d415_rgb_depth_3d
[1.224s] writing list of installed files to '/home/a/ws_moveit2/build/d415_rgb_depth_3d/install.log'
[1.255s] Invoked command in '/home/a/ws_moveit2/src/d415_rgb_depth_3d' returned '0': PYTHONPATH=/home/a/ws_moveit2/build/d415_rgb_depth_3d/prefix_override:/usr/lib/python3/dist-packages/colcon_core/task/python/colcon_distutils_commands:/home/a/ws_moveit2/install/d415_rgb_depth_3d/lib/python3.10/site-packages:${PYTHONPATH} /usr/bin/python3 -W ignore:setup.py install is deprecated -W ignore:easy_install command is deprecated setup.py egg_info --egg-base ../../build/d415_rgb_depth_3d build --build-base /home/a/ws_moveit2/build/d415_rgb_depth_3d/build install --record /home/a/ws_moveit2/build/d415_rgb_depth_3d/install.log --single-version-externally-managed install_data
