[0.065s] Invoking command in '/home/a/ws_moveit2/build/srdfdom': CMAKE_PREFIX_PATH=${CMAKE_PREFIX_PATH}:/home/a/ws_moveit2/install/moveit_configs_utils:/home/a/ws_moveit2/install/launch_param_builder:/opt/ros/humble /opt/st/stm32cubeclt_1.17.0/CMake/bin/cmake --build /home/a/ws_moveit2/build/srdfdom -- -j4 -l4
[0.311s] [  0%] Built target ament_cmake_python_symlink_srdfdom
[0.323s] [ 18%] Built target gtest_main
[0.328s] [ 36%] Built target gtest
[0.349s] [ 63%] Built target srdfdom
[0.475s] [100%] Built target test_cpp_C
[0.476s] [100%] Built target test_cpp_nl_NL.UTF-8
[1.155s] running egg_info
[1.160s] writing srdfdom.egg-info/PKG-INFO
[1.162s] writing dependency_links to srdfdom.egg-info/dependency_links.txt
[1.165s] writing top-level names to srdfdom.egg-info/top_level.txt
[1.176s] reading manifest file 'srdfdom.egg-info/SOURCES.txt'
[1.184s] writing manifest file 'srdfdom.egg-info/SOURCES.txt'
[1.258s] [100%] Built target ament_cmake_python_build_srdfdom_egg
[1.281s] Invoked command in '/home/a/ws_moveit2/build/srdfdom' returned '0': CMAKE_PREFIX_PATH=${CMAKE_PREFIX_PATH}:/home/a/ws_moveit2/install/moveit_configs_utils:/home/a/ws_moveit2/install/launch_param_builder:/opt/ros/humble /opt/st/stm32cubeclt_1.17.0/CMake/bin/cmake --build /home/a/ws_moveit2/build/srdfdom -- -j4 -l4
[1.306s] Invoking command in '/home/a/ws_moveit2/build/srdfdom': CMAKE_PREFIX_PATH=${CMAKE_PREFIX_PATH}:/home/a/ws_moveit2/install/moveit_configs_utils:/home/a/ws_moveit2/install/launch_param_builder:/opt/ros/humble /opt/st/stm32cubeclt_1.17.0/CMake/bin/cmake --install /home/a/ws_moveit2/build/srdfdom
[1.323s] -- Install configuration: "Release"
[1.329s] -- Execute custom install script
[1.330s] -- Up-to-date symlink: /home/a/ws_moveit2/install/srdfdom/include/srdfdom/srdfdom/model.h
[1.332s] -- Up-to-date symlink: /home/a/ws_moveit2/install/srdfdom/include/srdfdom/srdfdom/srdf_writer.h
[1.335s] -- Up-to-date symlink: /home/a/ws_moveit2/install/srdfdom/include/srdfdom/srdfdom/visibility_control.h
[1.338s] -- Up-to-date symlink: /home/a/ws_moveit2/install/srdfdom/lib/srdfdom/display_srdf
[1.340s] -- Up-to-date symlink: /home/a/ws_moveit2/install/srdfdom/share/srdfdom/environment/pythonpath.sh
[1.344s] -- Up-to-date symlink: /home/a/ws_moveit2/install/srdfdom/share/srdfdom/environment/pythonpath.dsv
[1.345s] -- Up-to-date symlink: /home/a/ws_moveit2/install/srdfdom/local/lib/python3.10/dist-packages/srdfdom-2.0.7-py3.10.egg-info/PKG-INFO
[1.351s] -- Up-to-date symlink: /home/a/ws_moveit2/install/srdfdom/local/lib/python3.10/dist-packages/srdfdom-2.0.7-py3.10.egg-info/SOURCES.txt
[1.354s] -- Up-to-date symlink: /home/a/ws_moveit2/install/srdfdom/local/lib/python3.10/dist-packages/srdfdom-2.0.7-py3.10.egg-info/dependency_links.txt
[1.357s] -- Up-to-date symlink: /home/a/ws_moveit2/install/srdfdom/local/lib/python3.10/dist-packages/srdfdom-2.0.7-py3.10.egg-info/top_level.txt
[1.362s] -- Up-to-date symlink: /home/a/ws_moveit2/install/srdfdom/local/lib/python3.10/dist-packages/srdfdom/__init__.py
[1.365s] -- Up-to-date symlink: /home/a/ws_moveit2/install/srdfdom/local/lib/python3.10/dist-packages/srdfdom/srdf.py
[1.369s] -- Up-to-date symlink: /home/a/ws_moveit2/install/srdfdom/share/srdfdom/environment/library_path.sh
[1.372s] -- Up-to-date symlink: /home/a/ws_moveit2/install/srdfdom/share/srdfdom/environment/library_path.dsv
[1.372s] -- Up-to-date symlink: /home/a/ws_moveit2/install/srdfdom/share/ament_index/resource_index/package_run_dependencies/srdfdom
[1.380s] -- Up-to-date symlink: /home/a/ws_moveit2/install/srdfdom/share/ament_index/resource_index/parent_prefix_path/srdfdom
[1.381s] -- Up-to-date symlink: /home/a/ws_moveit2/install/srdfdom/share/srdfdom/environment/ament_prefix_path.sh
[1.386s] -- Up-to-date symlink: /home/a/ws_moveit2/install/srdfdom/share/srdfdom/environment/ament_prefix_path.dsv
[1.386s] -- Up-to-date symlink: /home/a/ws_moveit2/install/srdfdom/share/srdfdom/environment/path.sh
[1.394s] -- Up-to-date symlink: /home/a/ws_moveit2/install/srdfdom/share/srdfdom/environment/path.dsv
[1.397s] -- Up-to-date symlink: /home/a/ws_moveit2/install/srdfdom/share/srdfdom/local_setup.bash
[1.399s] -- Up-to-date symlink: /home/a/ws_moveit2/install/srdfdom/share/srdfdom/local_setup.sh
[1.400s] -- Up-to-date symlink: /home/a/ws_moveit2/install/srdfdom/share/srdfdom/local_setup.zsh
[1.402s] -- Up-to-date symlink: /home/a/ws_moveit2/install/srdfdom/share/srdfdom/local_setup.dsv
[1.406s] -- Symlinking: /home/a/ws_moveit2/install/srdfdom/share/srdfdom/package.dsv
[1.428s] -- Up-to-date symlink: /home/a/ws_moveit2/install/srdfdom/share/ament_index/resource_index/packages/srdfdom
[1.429s] -- Up-to-date symlink: /home/a/ws_moveit2/install/srdfdom/share/srdfdom/cmake/ament_cmake_export_targets-extras.cmake
[1.429s] -- Up-to-date symlink: /home/a/ws_moveit2/install/srdfdom/share/srdfdom/cmake/ament_cmake_export_dependencies-extras.cmake
[1.430s] -- Up-to-date symlink: /home/a/ws_moveit2/install/srdfdom/share/srdfdom/cmake/srdfdomConfig.cmake
[1.431s] -- Up-to-date symlink: /home/a/ws_moveit2/install/srdfdom/share/srdfdom/cmake/srdfdomConfig-version.cmake
[1.431s] -- Up-to-date symlink: /home/a/ws_moveit2/install/srdfdom/share/srdfdom/package.xml
[1.441s] -- Up-to-date: /home/a/ws_moveit2/install/srdfdom/lib/libsrdfdom.so.2.0.7
[1.441s] -- Up-to-date: /home/a/ws_moveit2/install/srdfdom/lib/libsrdfdom.so
[1.613s] Listing '/home/a/ws_moveit2/install/srdfdom/local/lib/python3.10/dist-packages/srdfdom'...
[1.639s] -- Up-to-date: /home/a/ws_moveit2/install/srdfdom/share/srdfdom/cmake/srdfdomTargetsExport.cmake
[1.640s] -- Up-to-date: /home/a/ws_moveit2/install/srdfdom/share/srdfdom/cmake/srdfdomTargetsExport-release.cmake
[1.646s] Invoked command in '/home/a/ws_moveit2/build/srdfdom' returned '0': CMAKE_PREFIX_PATH=${CMAKE_PREFIX_PATH}:/home/a/ws_moveit2/install/moveit_configs_utils:/home/a/ws_moveit2/install/launch_param_builder:/opt/ros/humble /opt/st/stm32cubeclt_1.17.0/CMake/bin/cmake --install /home/a/ws_moveit2/build/srdfdom
