[0.042s] Invoking command in '/home/a/ws_moveit2/build/moveit_setup_controllers': AMENT_PREFIX_PATH=/home/a/ws_moveit2/install/moveit_setup_framework:/home/a/ws_moveit2/install/moveit_ros_visualization:/home/a/ws_moveit2/install/moveit_ros_planning_interface:/home/a/ws_moveit2/install/moveit_ros_move_group:/home/a/ws_moveit2/install/moveit_ros_warehouse:/home/a/ws_moveit2/install/moveit_ros_robot_interaction:/home/a/ws_moveit2/install/moveit_planners_ompl:/home/a/ws_moveit2/install/moveit_kinematics:/home/a/ws_moveit2/install/moveit_ros_planning:/home/a/ws_moveit2/install/moveit_simple_controller_manager:/home/a/ws_moveit2/install/moveit_ros_occupancy_map_monitor:/home/a/ws_moveit2/install/moveit_core:/home/a/ws_moveit2/install/moveit_resources_panda_moveit_config:/home/a/ws_moveit2/install/moveit_resources_fanuc_moveit_config:/home/a/ws_moveit2/install/moveit_configs_utils:/home/a/ws_moveit2/install/srdfdom:/home/a/ws_moveit2/install/moveit_resources_pr2_description:/home/a/ws_moveit2/install/moveit_resources_panda_description:/home/a/ws_moveit2/install/moveit_resources_fanuc_description:/home/a/ws_moveit2/install/moveit_common:/home/a/ws_moveit2/install/launch_param_builder:${AMENT_PREFIX_PATH} CMAKE_PREFIX_PATH=/home/a/ws_moveit2/install/moveit_setup_framework:/home/a/ws_moveit2/install/moveit_ros_visualization:/home/a/ws_moveit2/install/moveit_ros_planning_interface:/home/a/ws_moveit2/install/moveit_ros_move_group:/home/a/ws_moveit2/install/moveit_ros_warehouse:/home/a/ws_moveit2/install/moveit_ros_robot_interaction:/home/a/ws_moveit2/install/moveit_planners_ompl:/home/a/ws_moveit2/install/moveit_kinematics:/home/a/ws_moveit2/install/moveit_ros_planning:/home/a/ws_moveit2/install/moveit_simple_controller_manager:/home/a/ws_moveit2/install/moveit_ros_occupancy_map_monitor:/home/a/ws_moveit2/install/moveit_core:/home/a/ws_moveit2/install/moveit_resources_panda_moveit_config:/home/a/ws_moveit2/install/moveit_resources_fanuc_moveit_config:/home/a/ws_moveit2/install/srdfdom:/home/a/ws_moveit2/install/moveit_resources_pr2_description:/home/a/ws_moveit2/install/moveit_resources_panda_description:/home/a/ws_moveit2/install/moveit_resources_fanuc_description:/home/a/ws_moveit2/install/moveit_common:/opt/ros/humble LD_LIBRARY_PATH=/home/a/ws_moveit2/install/moveit_setup_framework/lib:/home/a/ws_moveit2/install/moveit_ros_visualization/lib:/home/a/ws_moveit2/install/moveit_ros_planning_interface/lib:/home/a/ws_moveit2/install/moveit_ros_move_group/lib:/home/a/ws_moveit2/install/moveit_ros_warehouse/lib:/home/a/ws_moveit2/install/moveit_ros_robot_interaction/lib:/home/a/ws_moveit2/install/moveit_planners_ompl/lib:/home/a/ws_moveit2/install/moveit_kinematics/lib:/home/a/ws_moveit2/install/moveit_ros_planning/lib:/home/a/ws_moveit2/install/moveit_simple_controller_manager/lib:/home/a/ws_moveit2/install/moveit_ros_occupancy_map_monitor/lib:/home/a/ws_moveit2/install/moveit_core/lib:/home/a/ws_moveit2/install/srdfdom/lib:${LD_LIBRARY_PATH} PATH=/home/a/ws_moveit2/install/moveit_core/bin:${PATH} PYTHONPATH=/home/a/ws_moveit2/install/moveit_configs_utils/lib/python3.10/site-packages:/home/a/ws_moveit2/install/srdfdom/local/lib/python3.10/dist-packages:/home/a/ws_moveit2/install/launch_param_builder/lib/python3.10/site-packages:${PYTHONPATH} /usr/bin/cmake --build /home/a/ws_moveit2/build/moveit_setup_controllers -- -j22 -l22
[0.103s] [  9%] [34m[1mAutomatic MOC for target gtest_main[0m
[0.103s] [  9%] [34m[1mAutomatic MOC for target moveit_setup_controllers[0m
[0.103s] [  9%] [34m[1mAutomatic MOC for target gtest[0m
[0.119s] [  9%] Built target gtest_main_autogen
[0.120s] [  9%] Built target gtest_autogen
[0.122s] [  9%] Built target moveit_setup_controllers_autogen
[0.142s] [ 12%] [32mBuilding CXX object gtest/CMakeFiles/gtest.dir/src/gtest-all.cc.o[0m
[0.142s] [ 21%] Built target gtest_main
[0.152s] [ 27%] [32mBuilding CXX object CMakeFiles/moveit_setup_controllers.dir/src/control_xacro_config.cpp.o[0m
[0.152s] [ 27%] [32mBuilding CXX object CMakeFiles/moveit_setup_controllers.dir/src/controller_edit_widget.cpp.o[0m
[0.154s] [ 30%] [32mBuilding CXX object CMakeFiles/moveit_setup_controllers.dir/src/controllers_widget.cpp.o[0m
[0.154s] [ 33%] [32mBuilding CXX object CMakeFiles/moveit_setup_controllers.dir/src/controllers.cpp.o[0m
[0.155s] [ 36%] [32mBuilding CXX object CMakeFiles/moveit_setup_controllers.dir/src/controllers_config.cpp.o[0m
[0.155s] [ 39%] [32mBuilding CXX object CMakeFiles/moveit_setup_controllers.dir/src/moveit_controllers_config.cpp.o[0m
[0.155s] [ 45%] [32mBuilding CXX object CMakeFiles/moveit_setup_controllers.dir/src/moveit_controllers_widget.cpp.o[0m
[0.155s] [ 45%] [32mBuilding CXX object CMakeFiles/moveit_setup_controllers.dir/src/urdf_modifications_widget.cpp.o[0m
[0.156s] [ 48%] [32mBuilding CXX object CMakeFiles/moveit_setup_controllers.dir/src/ros2_controllers_config.cpp.o[0m
[0.156s] [ 51%] [32mBuilding CXX object CMakeFiles/moveit_setup_controllers.dir/src/ros2_controllers_widget.cpp.o[0m
[0.157s] [ 54%] [32mBuilding CXX object CMakeFiles/moveit_setup_controllers.dir/src/urdf_modifications.cpp.o[0m
[0.157s] [ 60%] [32mBuilding CXX object CMakeFiles/moveit_setup_controllers.dir/include/moveit_setup_controllers/moc_controller_edit_widget.cpp.o[0m
[0.158s] [ 60%] [32mBuilding CXX object CMakeFiles/moveit_setup_controllers.dir/include/moveit_setup_controllers/moc_controllers_widget.cpp.o[0m
[0.158s] [ 63%] [32mBuilding CXX object CMakeFiles/moveit_setup_controllers.dir/include/moveit_setup_controllers/moc_urdf_modifications_widget.cpp.o[0m
[47.575s] [ 66%] [32m[1mLinking CXX static library libgtest.a[0m
[47.779s] [ 69%] Built target gtest
[59.227s] [ 72%] [32m[1mLinking CXX shared library libmoveit_setup_controllers.so[0m
[59.806s] [ 87%] Built target moveit_setup_controllers
[59.834s] [ 90%] [34m[1mAutomatic MOC for target test_controllers[0m
[59.879s] [ 90%] Built target test_controllers_autogen
[59.911s] [ 93%] [32mBuilding CXX object CMakeFiles/test_controllers.dir/test_controllers_autogen/mocs_compilation.cpp.o[0m
[59.911s] [ 96%] [32mBuilding CXX object CMakeFiles/test_controllers.dir/test/test_controllers.cpp.o[0m
[69.526s] [100%] [32m[1mLinking CXX executable test_controllers[0m
[69.911s] [100%] Built target test_controllers
[69.923s] Invoked command in '/home/a/ws_moveit2/build/moveit_setup_controllers' returned '0': AMENT_PREFIX_PATH=/home/a/ws_moveit2/install/moveit_setup_framework:/home/a/ws_moveit2/install/moveit_ros_visualization:/home/a/ws_moveit2/install/moveit_ros_planning_interface:/home/a/ws_moveit2/install/moveit_ros_move_group:/home/a/ws_moveit2/install/moveit_ros_warehouse:/home/a/ws_moveit2/install/moveit_ros_robot_interaction:/home/a/ws_moveit2/install/moveit_planners_ompl:/home/a/ws_moveit2/install/moveit_kinematics:/home/a/ws_moveit2/install/moveit_ros_planning:/home/a/ws_moveit2/install/moveit_simple_controller_manager:/home/a/ws_moveit2/install/moveit_ros_occupancy_map_monitor:/home/a/ws_moveit2/install/moveit_core:/home/a/ws_moveit2/install/moveit_resources_panda_moveit_config:/home/a/ws_moveit2/install/moveit_resources_fanuc_moveit_config:/home/a/ws_moveit2/install/moveit_configs_utils:/home/a/ws_moveit2/install/srdfdom:/home/a/ws_moveit2/install/moveit_resources_pr2_description:/home/a/ws_moveit2/install/moveit_resources_panda_description:/home/a/ws_moveit2/install/moveit_resources_fanuc_description:/home/a/ws_moveit2/install/moveit_common:/home/a/ws_moveit2/install/launch_param_builder:${AMENT_PREFIX_PATH} CMAKE_PREFIX_PATH=/home/a/ws_moveit2/install/moveit_setup_framework:/home/a/ws_moveit2/install/moveit_ros_visualization:/home/a/ws_moveit2/install/moveit_ros_planning_interface:/home/a/ws_moveit2/install/moveit_ros_move_group:/home/a/ws_moveit2/install/moveit_ros_warehouse:/home/a/ws_moveit2/install/moveit_ros_robot_interaction:/home/a/ws_moveit2/install/moveit_planners_ompl:/home/a/ws_moveit2/install/moveit_kinematics:/home/a/ws_moveit2/install/moveit_ros_planning:/home/a/ws_moveit2/install/moveit_simple_controller_manager:/home/a/ws_moveit2/install/moveit_ros_occupancy_map_monitor:/home/a/ws_moveit2/install/moveit_core:/home/a/ws_moveit2/install/moveit_resources_panda_moveit_config:/home/a/ws_moveit2/install/moveit_resources_fanuc_moveit_config:/home/a/ws_moveit2/install/srdfdom:/home/a/ws_moveit2/install/moveit_resources_pr2_description:/home/a/ws_moveit2/install/moveit_resources_panda_description:/home/a/ws_moveit2/install/moveit_resources_fanuc_description:/home/a/ws_moveit2/install/moveit_common:/opt/ros/humble LD_LIBRARY_PATH=/home/a/ws_moveit2/install/moveit_setup_framework/lib:/home/a/ws_moveit2/install/moveit_ros_visualization/lib:/home/a/ws_moveit2/install/moveit_ros_planning_interface/lib:/home/a/ws_moveit2/install/moveit_ros_move_group/lib:/home/a/ws_moveit2/install/moveit_ros_warehouse/lib:/home/a/ws_moveit2/install/moveit_ros_robot_interaction/lib:/home/a/ws_moveit2/install/moveit_planners_ompl/lib:/home/a/ws_moveit2/install/moveit_kinematics/lib:/home/a/ws_moveit2/install/moveit_ros_planning/lib:/home/a/ws_moveit2/install/moveit_simple_controller_manager/lib:/home/a/ws_moveit2/install/moveit_ros_occupancy_map_monitor/lib:/home/a/ws_moveit2/install/moveit_core/lib:/home/a/ws_moveit2/install/srdfdom/lib:${LD_LIBRARY_PATH} PATH=/home/a/ws_moveit2/install/moveit_core/bin:${PATH} PYTHONPATH=/home/a/ws_moveit2/install/moveit_configs_utils/lib/python3.10/site-packages:/home/a/ws_moveit2/install/srdfdom/local/lib/python3.10/dist-packages:/home/a/ws_moveit2/install/launch_param_builder/lib/python3.10/site-packages:${PYTHONPATH} /usr/bin/cmake --build /home/a/ws_moveit2/build/moveit_setup_controllers -- -j22 -l22
[69.927s] Invoking command in '/home/a/ws_moveit2/build/moveit_setup_controllers': AMENT_PREFIX_PATH=/home/a/ws_moveit2/install/moveit_setup_framework:/home/a/ws_moveit2/install/moveit_ros_visualization:/home/a/ws_moveit2/install/moveit_ros_planning_interface:/home/a/ws_moveit2/install/moveit_ros_move_group:/home/a/ws_moveit2/install/moveit_ros_warehouse:/home/a/ws_moveit2/install/moveit_ros_robot_interaction:/home/a/ws_moveit2/install/moveit_planners_ompl:/home/a/ws_moveit2/install/moveit_kinematics:/home/a/ws_moveit2/install/moveit_ros_planning:/home/a/ws_moveit2/install/moveit_simple_controller_manager:/home/a/ws_moveit2/install/moveit_ros_occupancy_map_monitor:/home/a/ws_moveit2/install/moveit_core:/home/a/ws_moveit2/install/moveit_resources_panda_moveit_config:/home/a/ws_moveit2/install/moveit_resources_fanuc_moveit_config:/home/a/ws_moveit2/install/moveit_configs_utils:/home/a/ws_moveit2/install/srdfdom:/home/a/ws_moveit2/install/moveit_resources_pr2_description:/home/a/ws_moveit2/install/moveit_resources_panda_description:/home/a/ws_moveit2/install/moveit_resources_fanuc_description:/home/a/ws_moveit2/install/moveit_common:/home/a/ws_moveit2/install/launch_param_builder:${AMENT_PREFIX_PATH} CMAKE_PREFIX_PATH=/home/a/ws_moveit2/install/moveit_setup_framework:/home/a/ws_moveit2/install/moveit_ros_visualization:/home/a/ws_moveit2/install/moveit_ros_planning_interface:/home/a/ws_moveit2/install/moveit_ros_move_group:/home/a/ws_moveit2/install/moveit_ros_warehouse:/home/a/ws_moveit2/install/moveit_ros_robot_interaction:/home/a/ws_moveit2/install/moveit_planners_ompl:/home/a/ws_moveit2/install/moveit_kinematics:/home/a/ws_moveit2/install/moveit_ros_planning:/home/a/ws_moveit2/install/moveit_simple_controller_manager:/home/a/ws_moveit2/install/moveit_ros_occupancy_map_monitor:/home/a/ws_moveit2/install/moveit_core:/home/a/ws_moveit2/install/moveit_resources_panda_moveit_config:/home/a/ws_moveit2/install/moveit_resources_fanuc_moveit_config:/home/a/ws_moveit2/install/srdfdom:/home/a/ws_moveit2/install/moveit_resources_pr2_description:/home/a/ws_moveit2/install/moveit_resources_panda_description:/home/a/ws_moveit2/install/moveit_resources_fanuc_description:/home/a/ws_moveit2/install/moveit_common:/opt/ros/humble LD_LIBRARY_PATH=/home/a/ws_moveit2/install/moveit_setup_framework/lib:/home/a/ws_moveit2/install/moveit_ros_visualization/lib:/home/a/ws_moveit2/install/moveit_ros_planning_interface/lib:/home/a/ws_moveit2/install/moveit_ros_move_group/lib:/home/a/ws_moveit2/install/moveit_ros_warehouse/lib:/home/a/ws_moveit2/install/moveit_ros_robot_interaction/lib:/home/a/ws_moveit2/install/moveit_planners_ompl/lib:/home/a/ws_moveit2/install/moveit_kinematics/lib:/home/a/ws_moveit2/install/moveit_ros_planning/lib:/home/a/ws_moveit2/install/moveit_simple_controller_manager/lib:/home/a/ws_moveit2/install/moveit_ros_occupancy_map_monitor/lib:/home/a/ws_moveit2/install/moveit_core/lib:/home/a/ws_moveit2/install/srdfdom/lib:${LD_LIBRARY_PATH} PATH=/home/a/ws_moveit2/install/moveit_core/bin:${PATH} PYTHONPATH=/home/a/ws_moveit2/install/moveit_configs_utils/lib/python3.10/site-packages:/home/a/ws_moveit2/install/srdfdom/local/lib/python3.10/dist-packages:/home/a/ws_moveit2/install/launch_param_builder/lib/python3.10/site-packages:${PYTHONPATH} /usr/bin/cmake --install /home/a/ws_moveit2/build/moveit_setup_controllers
[69.934s] -- Install configuration: "Release"
[69.934s] -- Installing: /home/a/ws_moveit2/install/moveit_setup_controllers/share/moveit_setup_controllers/templates
[69.934s] -- Installing: /home/a/ws_moveit2/install/moveit_setup_controllers/share/moveit_setup_controllers/templates/config
[69.934s] -- Installing: /home/a/ws_moveit2/install/moveit_setup_controllers/share/moveit_setup_controllers/templates/config/modified.urdf.xacro
[69.935s] -- Installing: /home/a/ws_moveit2/install/moveit_setup_controllers/share/moveit_setup_controllers/templates/config/gazebo_controllers.yaml
[69.935s] -- Installing: /home/a/ws_moveit2/install/moveit_setup_controllers/share/moveit_setup_controllers/templates/config/ros2_control.xacro
[69.935s] -- Installing: /home/a/ws_moveit2/install/moveit_setup_controllers/lib/libmoveit_setup_controllers.so
[69.936s] -- Set runtime path of "/home/a/ws_moveit2/install/moveit_setup_controllers/lib/libmoveit_setup_controllers.so" to ""
[69.936s] -- Installing: /home/a/ws_moveit2/install/moveit_setup_controllers/share/moveit_setup_controllers/moveit_setup_framework_plugins.xml
[69.936s] -- Installing: /home/a/ws_moveit2/install/moveit_setup_controllers/include
[69.936s] -- Installing: /home/a/ws_moveit2/install/moveit_setup_controllers/include/moveit_setup_controllers
[69.936s] -- Installing: /home/a/ws_moveit2/install/moveit_setup_controllers/include/moveit_setup_controllers/moveit_controllers.hpp
[69.936s] -- Installing: /home/a/ws_moveit2/install/moveit_setup_controllers/include/moveit_setup_controllers/ros2_controllers.hpp
[69.936s] -- Installing: /home/a/ws_moveit2/install/moveit_setup_controllers/include/moveit_setup_controllers/urdf_modifications.hpp
[69.937s] -- Installing: /home/a/ws_moveit2/install/moveit_setup_controllers/include/moveit_setup_controllers/included_xacro_config.hpp
[69.937s] -- Installing: /home/a/ws_moveit2/install/moveit_setup_controllers/include/moveit_setup_controllers/moveit_controllers_config.hpp
[69.937s] -- Installing: /home/a/ws_moveit2/install/moveit_setup_controllers/include/moveit_setup_controllers/controllers_config.hpp
[69.937s] -- Installing: /home/a/ws_moveit2/install/moveit_setup_controllers/include/moveit_setup_controllers/controllers.hpp
[69.937s] -- Installing: /home/a/ws_moveit2/install/moveit_setup_controllers/include/moveit_setup_controllers/controllers_widget.hpp
[69.937s] -- Installing: /home/a/ws_moveit2/install/moveit_setup_controllers/include/moveit_setup_controllers/ros2_controllers_config.hpp
[69.937s] -- Installing: /home/a/ws_moveit2/install/moveit_setup_controllers/include/moveit_setup_controllers/urdf_modifications_widget.hpp
[69.937s] -- Installing: /home/a/ws_moveit2/install/moveit_setup_controllers/include/moveit_setup_controllers/modified_urdf_config.hpp
[69.937s] -- Installing: /home/a/ws_moveit2/install/moveit_setup_controllers/include/moveit_setup_controllers/control_xacro_config.hpp
[69.937s] -- Installing: /home/a/ws_moveit2/install/moveit_setup_controllers/include/moveit_setup_controllers/controller_edit_widget.hpp
[69.937s] -- Installing: /home/a/ws_moveit2/install/moveit_setup_controllers/share/moveit_setup_controllers/launch
[69.937s] -- Installing: /home/a/ws_moveit2/install/moveit_setup_controllers/share/moveit_setup_controllers/launch/control.launch.py
[69.937s] -- Installing: /home/a/ws_moveit2/install/moveit_setup_controllers/share/moveit_setup_controllers/environment/library_path.sh
[69.938s] -- Installing: /home/a/ws_moveit2/install/moveit_setup_controllers/share/moveit_setup_controllers/environment/library_path.dsv
[69.938s] -- Up-to-date: /home/a/ws_moveit2/install/moveit_setup_controllers/share/moveit_setup_controllers/moveit_setup_framework_plugins.xml
[69.938s] -- Installing: /home/a/ws_moveit2/install/moveit_setup_controllers/share/ament_index/resource_index/package_run_dependencies/moveit_setup_controllers
[69.938s] -- Installing: /home/a/ws_moveit2/install/moveit_setup_controllers/share/ament_index/resource_index/parent_prefix_path/moveit_setup_controllers
[69.938s] -- Installing: /home/a/ws_moveit2/install/moveit_setup_controllers/share/moveit_setup_controllers/environment/ament_prefix_path.sh
[69.939s] -- Installing: /home/a/ws_moveit2/install/moveit_setup_controllers/share/moveit_setup_controllers/environment/ament_prefix_path.dsv
[69.939s] -- Installing: /home/a/ws_moveit2/install/moveit_setup_controllers/share/moveit_setup_controllers/environment/path.sh
[69.939s] -- Installing: /home/a/ws_moveit2/install/moveit_setup_controllers/share/moveit_setup_controllers/environment/path.dsv
[69.939s] -- Installing: /home/a/ws_moveit2/install/moveit_setup_controllers/share/moveit_setup_controllers/local_setup.bash
[69.939s] -- Installing: /home/a/ws_moveit2/install/moveit_setup_controllers/share/moveit_setup_controllers/local_setup.sh
[69.940s] -- Installing: /home/a/ws_moveit2/install/moveit_setup_controllers/share/moveit_setup_controllers/local_setup.zsh
[69.940s] -- Installing: /home/a/ws_moveit2/install/moveit_setup_controllers/share/moveit_setup_controllers/local_setup.dsv
[69.940s] -- Installing: /home/a/ws_moveit2/install/moveit_setup_controllers/share/moveit_setup_controllers/package.dsv
[69.941s] -- Installing: /home/a/ws_moveit2/install/moveit_setup_controllers/share/ament_index/resource_index/packages/moveit_setup_controllers
[69.941s] -- Installing: /home/a/ws_moveit2/install/moveit_setup_controllers/share/ament_index/resource_index/moveit_setup_framework__pluginlib__plugin/moveit_setup_controllers
[69.942s] -- Installing: /home/a/ws_moveit2/install/moveit_setup_controllers/share/moveit_setup_controllers/cmake/export_moveit_setup_controllersExport.cmake
[69.943s] -- Installing: /home/a/ws_moveit2/install/moveit_setup_controllers/share/moveit_setup_controllers/cmake/export_moveit_setup_controllersExport-release.cmake
[69.943s] -- Installing: /home/a/ws_moveit2/install/moveit_setup_controllers/share/moveit_setup_controllers/cmake/ament_cmake_export_include_directories-extras.cmake
[69.943s] -- Installing: /home/a/ws_moveit2/install/moveit_setup_controllers/share/moveit_setup_controllers/cmake/ament_cmake_export_libraries-extras.cmake
[69.943s] -- Installing: /home/a/ws_moveit2/install/moveit_setup_controllers/share/moveit_setup_controllers/cmake/ament_cmake_export_targets-extras.cmake
[69.944s] -- Installing: /home/a/ws_moveit2/install/moveit_setup_controllers/share/moveit_setup_controllers/cmake/moveit_setup_controllersConfig.cmake
[69.944s] -- Installing: /home/a/ws_moveit2/install/moveit_setup_controllers/share/moveit_setup_controllers/cmake/moveit_setup_controllersConfig-version.cmake
[69.944s] -- Installing: /home/a/ws_moveit2/install/moveit_setup_controllers/share/moveit_setup_controllers/package.xml
[69.946s] Invoked command in '/home/a/ws_moveit2/build/moveit_setup_controllers' returned '0': AMENT_PREFIX_PATH=/home/a/ws_moveit2/install/moveit_setup_framework:/home/a/ws_moveit2/install/moveit_ros_visualization:/home/a/ws_moveit2/install/moveit_ros_planning_interface:/home/a/ws_moveit2/install/moveit_ros_move_group:/home/a/ws_moveit2/install/moveit_ros_warehouse:/home/a/ws_moveit2/install/moveit_ros_robot_interaction:/home/a/ws_moveit2/install/moveit_planners_ompl:/home/a/ws_moveit2/install/moveit_kinematics:/home/a/ws_moveit2/install/moveit_ros_planning:/home/a/ws_moveit2/install/moveit_simple_controller_manager:/home/a/ws_moveit2/install/moveit_ros_occupancy_map_monitor:/home/a/ws_moveit2/install/moveit_core:/home/a/ws_moveit2/install/moveit_resources_panda_moveit_config:/home/a/ws_moveit2/install/moveit_resources_fanuc_moveit_config:/home/a/ws_moveit2/install/moveit_configs_utils:/home/a/ws_moveit2/install/srdfdom:/home/a/ws_moveit2/install/moveit_resources_pr2_description:/home/a/ws_moveit2/install/moveit_resources_panda_description:/home/a/ws_moveit2/install/moveit_resources_fanuc_description:/home/a/ws_moveit2/install/moveit_common:/home/a/ws_moveit2/install/launch_param_builder:${AMENT_PREFIX_PATH} CMAKE_PREFIX_PATH=/home/a/ws_moveit2/install/moveit_setup_framework:/home/a/ws_moveit2/install/moveit_ros_visualization:/home/a/ws_moveit2/install/moveit_ros_planning_interface:/home/a/ws_moveit2/install/moveit_ros_move_group:/home/a/ws_moveit2/install/moveit_ros_warehouse:/home/a/ws_moveit2/install/moveit_ros_robot_interaction:/home/a/ws_moveit2/install/moveit_planners_ompl:/home/a/ws_moveit2/install/moveit_kinematics:/home/a/ws_moveit2/install/moveit_ros_planning:/home/a/ws_moveit2/install/moveit_simple_controller_manager:/home/a/ws_moveit2/install/moveit_ros_occupancy_map_monitor:/home/a/ws_moveit2/install/moveit_core:/home/a/ws_moveit2/install/moveit_resources_panda_moveit_config:/home/a/ws_moveit2/install/moveit_resources_fanuc_moveit_config:/home/a/ws_moveit2/install/srdfdom:/home/a/ws_moveit2/install/moveit_resources_pr2_description:/home/a/ws_moveit2/install/moveit_resources_panda_description:/home/a/ws_moveit2/install/moveit_resources_fanuc_description:/home/a/ws_moveit2/install/moveit_common:/opt/ros/humble LD_LIBRARY_PATH=/home/a/ws_moveit2/install/moveit_setup_framework/lib:/home/a/ws_moveit2/install/moveit_ros_visualization/lib:/home/a/ws_moveit2/install/moveit_ros_planning_interface/lib:/home/a/ws_moveit2/install/moveit_ros_move_group/lib:/home/a/ws_moveit2/install/moveit_ros_warehouse/lib:/home/a/ws_moveit2/install/moveit_ros_robot_interaction/lib:/home/a/ws_moveit2/install/moveit_planners_ompl/lib:/home/a/ws_moveit2/install/moveit_kinematics/lib:/home/a/ws_moveit2/install/moveit_ros_planning/lib:/home/a/ws_moveit2/install/moveit_simple_controller_manager/lib:/home/a/ws_moveit2/install/moveit_ros_occupancy_map_monitor/lib:/home/a/ws_moveit2/install/moveit_core/lib:/home/a/ws_moveit2/install/srdfdom/lib:${LD_LIBRARY_PATH} PATH=/home/a/ws_moveit2/install/moveit_core/bin:${PATH} PYTHONPATH=/home/a/ws_moveit2/install/moveit_configs_utils/lib/python3.10/site-packages:/home/a/ws_moveit2/install/srdfdom/local/lib/python3.10/dist-packages:/home/a/ws_moveit2/install/launch_param_builder/lib/python3.10/site-packages:${PYTHONPATH} /usr/bin/cmake --install /home/a/ws_moveit2/build/moveit_setup_controllers
