[0.008s] Invoking command in '/home/a/ws_moveit2/build/srdfdom': CMAKE_PREFIX_PATH=${CMAKE_PREFIX_PATH}:/home/a/ws_moveit2/install/moveit_configs_utils:/home/a/ws_moveit2/install/launch_param_builder:/home/a/ws_moveit2/install/dynamixel_controller_client:/opt/ros/humble /usr/bin/cmake /home/a/ws_moveit2/src/srdfdom -DCMAKE_BUILD_TYPE=Release -DCMAKE_INSTALL_PREFIX=/home/a/ws_moveit2/install/srdfdom
[0.017s] -- Found ament_cmake: 1.3.12 (/opt/ros/humble/share/ament_cmake/cmake)
[0.101s] -- Found urdf: 2.6.1 (/opt/ros/humble/share/urdf/cmake)
[0.117s] -- Found TinyXML2 via Config file: TinyXML2_DIR-NOTFOUND
[0.159s] -- Found ament_cmake_gtest: 1.3.12 (/opt/ros/humble/share/ament_cmake_gtest/cmake)
[0.159s] -- Found ament_cmake_pytest: 1.3.12 (/opt/ros/humble/share/ament_cmake_pytest/cmake)
[0.341s] -- Found gtest sources under '/opt/ros/humble/src/gtest_vendor': C++ tests using 'Google Test' will be built
[0.347s] -- Found ament_lint_auto: 0.12.14 (/opt/ros/humble/share/ament_lint_auto/cmake)
[0.354s] -- Configuring done
[0.361s] -- Generating done
[0.364s] -- Build files have been written to: /home/a/ws_moveit2/build/srdfdom
[0.368s] Invoked command in '/home/a/ws_moveit2/build/srdfdom' returned '0': CMAKE_PREFIX_PATH=${CMAKE_PREFIX_PATH}:/home/a/ws_moveit2/install/moveit_configs_utils:/home/a/ws_moveit2/install/launch_param_builder:/home/a/ws_moveit2/install/dynamixel_controller_client:/opt/ros/humble /usr/bin/cmake /home/a/ws_moveit2/src/srdfdom -DCMAKE_BUILD_TYPE=Release -DCMAKE_INSTALL_PREFIX=/home/a/ws_moveit2/install/srdfdom
[0.369s] Invoking command in '/home/a/ws_moveit2/build/srdfdom': CMAKE_PREFIX_PATH=${CMAKE_PREFIX_PATH}:/home/a/ws_moveit2/install/moveit_configs_utils:/home/a/ws_moveit2/install/launch_param_builder:/home/a/ws_moveit2/install/dynamixel_controller_client:/opt/ros/humble /usr/bin/cmake --build /home/a/ws_moveit2/build/srdfdom -- -j22 -l22
[0.402s] [35m[1mConsolidate compiler generated dependencies of target srdfdom[0m
[0.402s] [35m[1mConsolidate compiler generated dependencies of target gtest_main[0m
[0.403s] [35m[1mConsolidate compiler generated dependencies of target gtest[0m
[0.415s] [  9%] [32mBuilding CXX object CMakeFiles/srdfdom.dir/src/model.cpp.o[0m
[0.415s] [ 18%] [32mBuilding CXX object gtest/CMakeFiles/gtest_main.dir/src/gtest_main.cc.o[0m
[0.415s] [ 18%] Built target ament_cmake_python_copy_srdfdom
[0.416s] [ 27%] [32mBuilding CXX object gtest/CMakeFiles/gtest.dir/src/gtest-all.cc.o[0m
[0.417s] [ 36%] [32mBuilding CXX object CMakeFiles/srdfdom.dir/src/srdf_writer.cpp.o[0m
[0.570s] running egg_info
[0.571s] writing srdfdom.egg-info/PKG-INFO
[0.571s] writing dependency_links to srdfdom.egg-info/dependency_links.txt
[0.571s] writing top-level names to srdfdom.egg-info/top_level.txt
[0.572s] reading manifest file 'srdfdom.egg-info/SOURCES.txt'
[0.572s] writing manifest file 'srdfdom.egg-info/SOURCES.txt'
[0.596s] [ 36%] Built target ament_cmake_python_build_srdfdom_egg
[0.953s] [ 45%] [32m[1mLinking CXX static library libgtest_main.a[0m
[0.985s] [ 45%] Built target gtest_main
[2.380s] [ 54%] [32m[1mLinking CXX shared library libsrdfdom.so[0m
[2.446s] [ 54%] Built target srdfdom
[4.744s] [ 63%] [32m[1mLinking CXX static library libgtest.a[0m
[4.780s] [ 63%] Built target gtest
[4.790s] [35m[1mConsolidate compiler generated dependencies of target test_cpp_nl_NL.UTF-8[0m
[4.791s] [35m[1mConsolidate compiler generated dependencies of target test_cpp_C[0m
[4.800s] [ 72%] [32mBuilding CXX object CMakeFiles/test_cpp_nl_NL.UTF-8.dir/test/test_parser.cpp.o[0m
[4.802s] [ 81%] [32mBuilding CXX object CMakeFiles/test_cpp_C.dir/test/test_parser.cpp.o[0m
[6.205s] [ 90%] [32m[1mLinking CXX executable test_cpp_C[0m
[6.244s] [100%] [32m[1mLinking CXX executable test_cpp_nl_NL.UTF-8[0m
[6.264s] [100%] Built target test_cpp_C
[6.302s] [100%] Built target test_cpp_nl_NL.UTF-8
[6.310s] Invoked command in '/home/a/ws_moveit2/build/srdfdom' returned '0': CMAKE_PREFIX_PATH=${CMAKE_PREFIX_PATH}:/home/a/ws_moveit2/install/moveit_configs_utils:/home/a/ws_moveit2/install/launch_param_builder:/home/a/ws_moveit2/install/dynamixel_controller_client:/opt/ros/humble /usr/bin/cmake --build /home/a/ws_moveit2/build/srdfdom -- -j22 -l22
[6.311s] Invoking command in '/home/a/ws_moveit2/build/srdfdom': CMAKE_PREFIX_PATH=${CMAKE_PREFIX_PATH}:/home/a/ws_moveit2/install/moveit_configs_utils:/home/a/ws_moveit2/install/launch_param_builder:/home/a/ws_moveit2/install/dynamixel_controller_client:/opt/ros/humble /usr/bin/cmake --install /home/a/ws_moveit2/build/srdfdom
[6.317s] -- Install configuration: "Release"
[6.317s] -- Installing: /home/a/ws_moveit2/install/srdfdom/lib/libsrdfdom.so.2.0.7
[6.317s] -- Set runtime path of "/home/a/ws_moveit2/install/srdfdom/lib/libsrdfdom.so.2.0.7" to ""
[6.317s] -- Up-to-date: /home/a/ws_moveit2/install/srdfdom/lib/libsrdfdom.so
[6.317s] -- Up-to-date: /home/a/ws_moveit2/install/srdfdom/include/srdfdom
[6.317s] -- Up-to-date: /home/a/ws_moveit2/install/srdfdom/include/srdfdom/srdfdom
[6.317s] -- Up-to-date: /home/a/ws_moveit2/install/srdfdom/include/srdfdom/srdfdom/srdf_writer.h
[6.317s] -- Up-to-date: /home/a/ws_moveit2/install/srdfdom/include/srdfdom/srdfdom/model.h
[6.317s] -- Up-to-date: /home/a/ws_moveit2/install/srdfdom/include/srdfdom/srdfdom/visibility_control.h
[6.317s] -- Up-to-date: /home/a/ws_moveit2/install/srdfdom/lib/srdfdom/display_srdf
[6.317s] -- Up-to-date: /home/a/ws_moveit2/install/srdfdom/share/srdfdom/environment/pythonpath.sh
[6.318s] -- Installing: /home/a/ws_moveit2/install/srdfdom/share/srdfdom/environment/pythonpath.dsv
[6.318s] -- Up-to-date: /home/a/ws_moveit2/install/srdfdom/local/lib/python3.10/dist-packages/srdfdom-2.0.7-py3.10.egg-info
[6.318s] -- Installing: /home/a/ws_moveit2/install/srdfdom/local/lib/python3.10/dist-packages/srdfdom-2.0.7-py3.10.egg-info/top_level.txt
[6.318s] -- Installing: /home/a/ws_moveit2/install/srdfdom/local/lib/python3.10/dist-packages/srdfdom-2.0.7-py3.10.egg-info/SOURCES.txt
[6.318s] -- Installing: /home/a/ws_moveit2/install/srdfdom/local/lib/python3.10/dist-packages/srdfdom-2.0.7-py3.10.egg-info/PKG-INFO
[6.318s] -- Installing: /home/a/ws_moveit2/install/srdfdom/local/lib/python3.10/dist-packages/srdfdom-2.0.7-py3.10.egg-info/dependency_links.txt
[6.318s] -- Up-to-date: /home/a/ws_moveit2/install/srdfdom/local/lib/python3.10/dist-packages/srdfdom
[6.318s] -- Up-to-date: /home/a/ws_moveit2/install/srdfdom/local/lib/python3.10/dist-packages/srdfdom/srdf.py
[6.318s] -- Up-to-date: /home/a/ws_moveit2/install/srdfdom/local/lib/python3.10/dist-packages/srdfdom/__init__.py
[6.337s] Listing '/home/a/ws_moveit2/install/srdfdom/local/lib/python3.10/dist-packages/srdfdom'...
[6.339s] -- Up-to-date: /home/a/ws_moveit2/install/srdfdom/share/srdfdom/environment/library_path.sh
[6.339s] -- Installing: /home/a/ws_moveit2/install/srdfdom/share/srdfdom/environment/library_path.dsv
[6.339s] -- Up-to-date: /home/a/ws_moveit2/install/srdfdom/share/ament_index/resource_index/package_run_dependencies/srdfdom
[6.339s] -- Up-to-date: /home/a/ws_moveit2/install/srdfdom/share/ament_index/resource_index/parent_prefix_path/srdfdom
[6.339s] -- Up-to-date: /home/a/ws_moveit2/install/srdfdom/share/srdfdom/environment/ament_prefix_path.sh
[6.340s] -- Installing: /home/a/ws_moveit2/install/srdfdom/share/srdfdom/environment/ament_prefix_path.dsv
[6.340s] -- Up-to-date: /home/a/ws_moveit2/install/srdfdom/share/srdfdom/environment/path.sh
[6.340s] -- Installing: /home/a/ws_moveit2/install/srdfdom/share/srdfdom/environment/path.dsv
[6.340s] -- Up-to-date: /home/a/ws_moveit2/install/srdfdom/share/srdfdom/local_setup.bash
[6.340s] -- Up-to-date: /home/a/ws_moveit2/install/srdfdom/share/srdfdom/local_setup.sh
[6.340s] -- Up-to-date: /home/a/ws_moveit2/install/srdfdom/share/srdfdom/local_setup.zsh
[6.340s] -- Installing: /home/a/ws_moveit2/install/srdfdom/share/srdfdom/local_setup.dsv
[6.340s] -- Installing: /home/a/ws_moveit2/install/srdfdom/share/srdfdom/package.dsv
[6.340s] -- Up-to-date: /home/a/ws_moveit2/install/srdfdom/share/ament_index/resource_index/packages/srdfdom
[6.340s] -- Up-to-date: /home/a/ws_moveit2/install/srdfdom/share/srdfdom/cmake/srdfdomTargetsExport.cmake
[6.340s] -- Installing: /home/a/ws_moveit2/install/srdfdom/share/srdfdom/cmake/srdfdomTargetsExport-release.cmake
[6.340s] -- Up-to-date: /home/a/ws_moveit2/install/srdfdom/share/srdfdom/cmake/ament_cmake_export_targets-extras.cmake
[6.340s] -- Up-to-date: /home/a/ws_moveit2/install/srdfdom/share/srdfdom/cmake/ament_cmake_export_dependencies-extras.cmake
[6.340s] -- Up-to-date: /home/a/ws_moveit2/install/srdfdom/share/srdfdom/cmake/srdfdomConfig.cmake
[6.340s] -- Up-to-date: /home/a/ws_moveit2/install/srdfdom/share/srdfdom/cmake/srdfdomConfig-version.cmake
[6.340s] -- Up-to-date: /home/a/ws_moveit2/install/srdfdom/share/srdfdom/package.xml
[6.342s] Invoked command in '/home/a/ws_moveit2/build/srdfdom' returned '0': CMAKE_PREFIX_PATH=${CMAKE_PREFIX_PATH}:/home/a/ws_moveit2/install/moveit_configs_utils:/home/a/ws_moveit2/install/launch_param_builder:/home/a/ws_moveit2/install/dynamixel_controller_client:/opt/ros/humble /usr/bin/cmake --install /home/a/ws_moveit2/build/srdfdom
