[0.074s] Invoking command in '/home/a/ws_moveit2/build/my_robot_config': /opt/st/stm32cubeclt_1.17.0/CMake/bin/cmake /home/a/ws_moveit2/src/my_robot_config -DCMAKE_INSTALL_PREFIX=/home/a/ws_moveit2/install/my_robot_config
[0.352s] -- The C compiler identification is GNU 11.4.0
[0.600s] -- The CXX compiler identification is GNU 11.4.0
[0.701s] -- Detecting C compiler ABI info
[1.058s] -- Detecting C compiler ABI info - done
[1.102s] -- Check for working C compiler: /usr/bin/cc - skipped
[1.103s] -- Detecting C compile features
[1.105s] -- Detecting C compile features - done
[1.162s] -- Detecting CXX compiler ABI info
[1.595s] -- Detecting CXX compiler ABI info - done
[1.633s] -- Check for working CXX compiler: /usr/bin/c++ - skipped
[1.634s] -- Detecting CXX compile features
[1.635s] -- Detecting CXX compile features - done
[1.663s] -- Found ament_cmake: 1.3.11 (/opt/ros/humble/share/ament_cmake/cmake)
[2.258s] -- Found Python3: /usr/bin/python3 (found version "3.10.12") found components: Interpreter 
[3.112s] Error parsing '/home/a/ws_moveit2/src/my_robot_config/package.xml':
[3.374s] Traceback (most recent call last):
[3.375s]   File "/opt/ros/humble/share/ament_cmake_core/cmake/core/package_xml_2_cmake.py", line 150, in <module>
[3.375s]     main()
[3.375s]   File "/opt/ros/humble/share/ament_cmake_core/cmake/core/package_xml_2_cmake.py", line 53, in main
[3.375s]     raise e
[3.375s]   File "/opt/ros/humble/share/ament_cmake_core/cmake/core/package_xml_2_cmake.py", line 49, in main
[3.376s]     package = parse_package_string(
[3.376s]   File "/usr/lib/python3/dist-packages/catkin_pkg/package.py", line 788, in parse_package_string
[3.384s]     pkg.validate(warnings=warnings)
[3.384s]   File "/usr/lib/python3/dist-packages/catkin_pkg/package.py", line 330, in validate
[3.385s]     raise InvalidPackage('\n'.join(errors), self.filename)
[3.385s] catkin_pkg.package.InvalidPackage: Error(s) in package '/home/a/ws_moveit2/src/my_robot_config/package.xml':
[3.385s] Invalid email "" for person ""
[3.386s] Maintainers must have an email address
[3.386s] Invalid email "" for person ""
[3.433s] [31mCMake Error at /opt/ros/humble/share/ament_cmake_core/cmake/core/ament_package_xml.cmake:95 (message):
[3.433s]   execute_process(/usr/bin/python3
[3.433s]   /opt/ros/humble/share/ament_cmake_core/cmake/core/package_xml_2_cmake.py
[3.434s]   /home/a/ws_moveit2/src/my_robot_config/package.xml
[3.434s]   /home/a/ws_moveit2/build/my_robot_config/ament_cmake_core/package.cmake)
[3.434s]   returned error code 1
[3.434s] Call Stack (most recent call first):
[3.434s]   /opt/ros/humble/share/ament_cmake_core/cmake/core/ament_package_xml.cmake:49 (_ament_package_xml)
[3.435s]   /opt/ros/humble/share/ament_cmake_core/cmake/core/ament_package.cmake:63 (ament_package_xml)
[3.435s]   CMakeLists.txt:6 (ament_package)
[3.435s] 
[3.435s] [0m
[3.435s] -- Configuring incomplete, errors occurred!
[3.448s] Invoked command in '/home/a/ws_moveit2/build/my_robot_config' returned '1': /opt/st/stm32cubeclt_1.17.0/CMake/bin/cmake /home/a/ws_moveit2/src/my_robot_config -DCMAKE_INSTALL_PREFIX=/home/a/ws_moveit2/install/my_robot_config
