[0.062s] Invoking command in '/home/a/ws_moveit2/build/gazebo_ros2_control': CMAKE_PREFIX_PATH=${CMAKE_PREFIX_PATH}:/home/a/ws_moveit2/install/moveit_configs_utils:/home/a/ws_moveit2/install/launch_param_builder:/opt/ros/humble /opt/st/stm32cubeclt_1.17.0/CMake/bin/cmake /home/a/ws_moveit2/src/gazebo_ros2_control -DCMAKE_INSTALL_PREFIX=/home/a/ws_moveit2/install/gazebo_ros2_control
[0.136s] -- Found ament_cmake: 1.3.12 (/opt/ros/humble/share/ament_cmake/cmake)
[0.845s] -- Found gazebo_ros: 3.9.0 (/opt/ros/humble/share/gazebo_ros/cmake)
[1.002s] -- Found rosidl_generator_c: 3.1.7 (/opt/ros/humble/share/rosidl_generator_c/cmake)
[1.013s] -- Found rosidl_adapter: 3.1.7 (/opt/ros/humble/share/rosidl_adapter/cmake)
[1.043s] -- Found rosidl_generator_cpp: 3.1.7 (/opt/ros/humble/share/rosidl_generator_cpp/cmake)
[1.084s] -- Using all available rosidl_typesupport_c: rosidl_typesupport_fastrtps_c;rosidl_typesupport_introspection_c
[1.148s] -- Using all available rosidl_typesupport_cpp: rosidl_typesupport_fastrtps_cpp;rosidl_typesupport_introspection_cpp
[1.293s] -- Found rmw_implementation_cmake: 6.1.2 (/opt/ros/humble/share/rmw_implementation_cmake/cmake)
[1.309s] -- Found rmw_fastrtps_cpp: 6.2.8 (/opt/ros/humble/share/rmw_fastrtps_cpp/cmake)
[1.764s] -- Using RMW implementation 'rmw_fastrtps_cpp' as default
[2.109s] -- Found DART: /usr/include (Required is at least version "6.6") found components: dart 
[2.229s] -- Found Protobuf: /usr/lib/x86_64-linux-gnu/libprotobuf.so (found version "3.12.4") 
[2.235s] -- Looking for ignition-math6 -- found version 6.15.1
[2.255s] -- Searching for dependencies of ignition-math6
[2.260s] -- Looking for OGRE...
[2.281s] -- Found Ogre Ghadamon (1.9.0)
[2.282s] -- Found OGRE: optimized;/usr/lib/x86_64-linux-gnu/libOgreMain.so;debug;/usr/lib/x86_64-linux-gnu/libOgreMain.so
[2.316s] -- Looking for OGRE_Paging...
[2.317s] -- Found OGRE_Paging: optimized;/usr/lib/x86_64-linux-gnu/libOgrePaging.so;debug;/usr/lib/x86_64-linux-gnu/libOgrePaging.so
[2.317s] -- Looking for OGRE_Terrain...
[2.317s] -- Found OGRE_Terrain: optimized;/usr/lib/x86_64-linux-gnu/libOgreTerrain.so;debug;/usr/lib/x86_64-linux-gnu/libOgreTerrain.so
[2.318s] -- Looking for OGRE_Property...
[2.318s] -- Found OGRE_Property: optimized;/usr/lib/x86_64-linux-gnu/libOgreProperty.so;debug;/usr/lib/x86_64-linux-gnu/libOgreProperty.so
[2.318s] -- Looking for OGRE_RTShaderSystem...
[2.318s] -- Found OGRE_RTShaderSystem: optimized;/usr/lib/x86_64-linux-gnu/libOgreRTShaderSystem.so;debug;/usr/lib/x86_64-linux-gnu/libOgreRTShaderSystem.so
[2.319s] -- Looking for OGRE_Volume...
[2.319s] -- Found OGRE_Volume: optimized;/usr/lib/x86_64-linux-gnu/libOgreVolume.so;debug;/usr/lib/x86_64-linux-gnu/libOgreVolume.so
[2.319s] -- Looking for OGRE_Overlay...
[2.319s] -- Found OGRE_Overlay: optimized;/usr/lib/x86_64-linux-gnu/libOgreOverlay.so;debug;/usr/lib/x86_64-linux-gnu/libOgreOverlay.so
[3.441s] -- Looking for ignition-math6 -- found version 6.15.1
[3.443s] -- Looking for ignition-transport8 -- found version 8.2.1
[3.446s] -- Searching for dependencies of ignition-transport8
[3.524s] -- Found Protobuf: /usr/lib/x86_64-linux-gnu/libprotobuf.so (found suitable version "3.12.4", minimum required is "3") 
[3.576s] -- Config-file not installed for ZeroMQ -- checking for pkg-config
[3.596s] -- Checking for module 'libzmq >= 4'
[3.678s] --   Found libzmq, version 4.3.4
[3.897s] -- Checking for module 'uuid'
[3.977s] --   Found uuid, version 2.37.2
[4.161s] -- Looking for ignition-msgs5 -- found version 5.8.1
[4.161s] -- Searching for dependencies of ignition-msgs5
[4.238s] -- Looking for ignition-math6 -- found version 6.15.1
[4.265s] -- Checking for module 'tinyxml2'
[4.344s] --   Found tinyxml2, version 9.0.0
[4.522s] -- Looking for ignition-msgs5 -- found version 5.8.1
[4.524s] -- Looking for ignition-common3 -- found version 3.14.0
[4.525s] -- Searching for dependencies of ignition-common3
[4.526s] -- Looking for dlfcn.h - found
[4.526s] -- Looking for libdl - found
[4.577s] -- Searching for <ignition-common3> component [graphics]
[4.579s] -- Looking for ignition-common3-graphics -- found version 3.14.0
[4.580s] -- Searching for dependencies of ignition-common3-graphics
[4.581s] -- Looking for ignition-math6 -- found version 6.15.1
[4.585s] -- Looking for ignition-fuel_tools4 -- found version 4.4.0
[4.585s] -- Searching for dependencies of ignition-fuel_tools4
[4.755s] [0mCMake Deprecation Warning at /usr/lib/x86_64-linux-gnu/cmake/jsoncpp/jsoncppConfig.cmake:2 (cmake_policy):
[4.755s]   Compatibility with CMake < 3.5 will be removed from a future version of
[4.756s]   CMake.
[4.757s] 
[4.757s]   Update the VERSION argument <min> value or use a ...<max> suffix to tell
[4.758s]   CMake that the project does not need compatibility with older versions.
[4.758s] Call Stack (most recent call first):
[4.758s]   /usr/share/cmake/ignition-cmake2/cmake2/FindJSONCPP.cmake:34 (find_package)
[4.758s]   /usr/lib/x86_64-linux-gnu/cmake/ignition-fuel_tools4/ignition-fuel_tools4-config.cmake:94 (find_package)
[4.759s]   /usr/lib/x86_64-linux-gnu/cmake/gazebo/gazebo-config.cmake:251 (find_package)
[4.759s]   /opt/ros/humble/share/gazebo_dev/cmake/gazebo_dev-extras.cmake:3 (find_package)
[4.759s]   /opt/ros/humble/share/gazebo_dev/cmake/gazebo_devConfig.cmake:41 (include)
[4.759s]   /opt/ros/humble/share/gazebo_ros/cmake/ament_cmake_export_dependencies-extras.cmake:21 (find_package)
[4.759s]   /opt/ros/humble/share/gazebo_ros/cmake/gazebo_rosConfig.cmake:41 (include)
[4.759s]   CMakeLists.txt:10 (find_package)
[4.759s] 
[4.759s] [0m
[4.778s] -- Checking for module 'jsoncpp'
[4.861s] --   Found jsoncpp, version 1.9.5
[5.074s] -- Checking for module 'libzip'
[5.149s] --   Found libzip, version 1.7.3
[5.330s] -- Looking for ignition-common3 -- found version 3.14.0
[5.333s] -- Looking for ignition-math6 -- found version 6.15.1
[5.335s] -- Looking for ignition-msgs5 -- found version 5.8.1
[5.345s] -- Gazebo version: 11.10
[5.355s] -- Found gazebo_ros2_control: 0.4.10 (/opt/ros/humble/share/gazebo_ros2_control/cmake)
[6.286s] -- Found robot_state_publisher: 3.0.3 (/opt/ros/humble/share/robot_state_publisher/cmake)
[6.304s] -- Found eigen3_cmake_module: 0.1.1 (/opt/ros/humble/share/eigen3_cmake_module/cmake)
[6.309s] -- Ensuring Eigen3 include directory is part of orocos-kdl CMake target
[6.631s] -- Found ros2_control: 2.51.0 (/opt/ros/humble/share/ros2_control/cmake)
[6.632s] -- Found ament_lint_auto: 0.12.14 (/opt/ros/humble/share/ament_lint_auto/cmake)
[6.948s] -- Added test 'cppcheck' to perform static code analysis on C / C++ code
[6.949s] -- Configured cppcheck include dirs: 
[6.949s] -- Configured cppcheck exclude dirs and/or files: 
[6.951s] -- Added test 'flake8' to check Python code syntax and style conventions
[6.957s] -- Added test 'lint_cmake' to check CMake code style
[6.961s] -- Added test 'pep257' to check Python code against some of the docstring style conventions in PEP 257
[6.982s] -- Added test 'uncrustify' to check C / C++ code style
[6.983s] -- Configured uncrustify additional arguments: 
[6.987s] -- Added test 'xmllint' to check XML markup files
[6.991s] -- Configuring done (6.9s)
[7.024s] -- Generating done (0.0s)
[7.078s] -- Build files have been written to: /home/a/ws_moveit2/src/gazebo_ros2_control
[7.125s] Invoked command in '/home/a/ws_moveit2/build/gazebo_ros2_control' returned '0': CMAKE_PREFIX_PATH=${CMAKE_PREFIX_PATH}:/home/a/ws_moveit2/install/moveit_configs_utils:/home/a/ws_moveit2/install/launch_param_builder:/opt/ros/humble /opt/st/stm32cubeclt_1.17.0/CMake/bin/cmake /home/a/ws_moveit2/src/gazebo_ros2_control -DCMAKE_INSTALL_PREFIX=/home/a/ws_moveit2/install/gazebo_ros2_control
[7.129s] Traceback (most recent call last):
  File "/usr/lib/python3/dist-packages/colcon_core/executor/__init__.py", line 91, in __call__
    rc = await self.task(*args, **kwargs)
  File "/usr/lib/python3/dist-packages/colcon_core/task/__init__.py", line 93, in __call__
    return await task_method(*args, **kwargs)
  File "/usr/lib/python3/dist-packages/colcon_ros/task/ament_cmake/build.py", line 65, in build
    has_install_target = await has_target(args.build_base, 'install')
  File "/usr/lib/python3/dist-packages/colcon_cmake/task/cmake/__init__.py", line 128, in has_target
    if 'Unix Makefiles' in generator:
TypeError: argument of type 'NoneType' is not iterable
