[0.000000] (-) TimerEvent: {}
[0.000214] (-) JobUnselected: {'identifier': 'catch_gazebo_ros2_control'}
[0.000252] (-) JobUnselected: {'identifier': 'chomp_motion_planner'}
[0.000277] (-) JobUnselected: {'identifier': 'com'}
[0.000300] (-) JobUnselected: {'identifier': 'dynamixel_controller'}
[0.000321] (-) JobUnselected: {'identifier': 'dynamixel_controller_client'}
[0.000342] (-) JobUnselected: {'identifier': 'dynamixel_sdk'}
[0.000363] (-) JobUnselected: {'identifier': 'dynamixel_sdk_custom_interfaces'}
[0.000384] (-) JobUnselected: {'identifier': 'dynamixel_sdk_examples'}
[0.000404] (-) JobUnselected: {'identifier': 'field_description'}
[0.000424] (-) JobUnselected: {'identifier': 'field_description'}
[0.000444] (-) JobUnselected: {'identifier': 'hello_moveit'}
[0.000464] (-) JobUnselected: {'identifier': 'launch_param_builder'}
[0.000525] (-) JobUnselected: {'identifier': 'moveit'}
[0.000538] (-) JobUnselected: {'identifier': 'moveit2_tutorials'}
[0.000546] (-) JobUnselected: {'identifier': 'moveit_chomp_optimizer_adapter'}
[0.000552] (-) JobUnselected: {'identifier': 'moveit_common'}
[0.000559] (-) JobUnselected: {'identifier': 'moveit_configs_utils'}
[0.000566] (-) JobUnselected: {'identifier': 'moveit_core'}
[0.000572] (-) JobUnselected: {'identifier': 'moveit_hybrid_planning'}
[0.000579] (-) JobUnselected: {'identifier': 'moveit_kinematics'}
[0.000586] (-) JobUnselected: {'identifier': 'moveit_planners'}
[0.000592] (-) JobUnselected: {'identifier': 'moveit_planners_chomp'}
[0.000598] (-) JobUnselected: {'identifier': 'moveit_planners_ompl'}
[0.000605] (-) JobUnselected: {'identifier': 'moveit_plugins'}
[0.000611] (-) JobUnselected: {'identifier': 'moveit_resources'}
[0.000618] (-) JobUnselected: {'identifier': 'moveit_resources_fanuc_description'}
[0.000625] (-) JobUnselected: {'identifier': 'moveit_resources_fanuc_moveit_config'}
[0.000631] (-) JobUnselected: {'identifier': 'moveit_resources_panda_description'}
[0.000638] (-) JobUnselected: {'identifier': 'moveit_resources_panda_moveit_config'}
[0.000644] (-) JobUnselected: {'identifier': 'moveit_resources_pr2_description'}
[0.000651] (-) JobUnselected: {'identifier': 'moveit_resources_prbt_ikfast_manipulator_plugin'}
[0.000657] (-) JobUnselected: {'identifier': 'moveit_resources_prbt_moveit_config'}
[0.000664] (-) JobUnselected: {'identifier': 'moveit_resources_prbt_pg70_support'}
[0.000670] (-) JobUnselected: {'identifier': 'moveit_resources_prbt_support'}
[0.000677] (-) JobUnselected: {'identifier': 'moveit_ros'}
[0.000683] (-) JobUnselected: {'identifier': 'moveit_ros_benchmarks'}
[0.000689] (-) JobUnselected: {'identifier': 'moveit_ros_control_interface'}
[0.000696] (-) JobUnselected: {'identifier': 'moveit_ros_move_group'}
[0.000702] (-) JobUnselected: {'identifier': 'moveit_ros_occupancy_map_monitor'}
[0.000709] (-) JobUnselected: {'identifier': 'moveit_ros_perception'}
[0.000715] (-) JobUnselected: {'identifier': 'moveit_ros_planning'}
[0.000721] (-) JobUnselected: {'identifier': 'moveit_ros_planning_interface'}
[0.000728] (-) JobUnselected: {'identifier': 'moveit_ros_robot_interaction'}
[0.000734] (-) JobUnselected: {'identifier': 'moveit_ros_visualization'}
[0.000740] (-) JobUnselected: {'identifier': 'moveit_ros_warehouse'}
[0.000747] (-) JobUnselected: {'identifier': 'moveit_runtime'}
[0.000753] (-) JobUnselected: {'identifier': 'moveit_servo'}
[0.000760] (-) JobUnselected: {'identifier': 'moveit_setup_app_plugins'}
[0.000766] (-) JobUnselected: {'identifier': 'moveit_setup_assistant'}
[0.000773] (-) JobUnselected: {'identifier': 'moveit_setup_controllers'}
[0.000779] (-) JobUnselected: {'identifier': 'moveit_setup_core_plugins'}
[0.000786] (-) JobUnselected: {'identifier': 'moveit_setup_framework'}
[0.000792] (-) JobUnselected: {'identifier': 'moveit_setup_srdf_plugins'}
[0.000799] (-) JobUnselected: {'identifier': 'moveit_simple_controller_manager'}
[0.000805] (-) JobUnselected: {'identifier': 'moveit_task_constructor_capabilities'}
[0.000811] (-) JobUnselected: {'identifier': 'moveit_task_constructor_core'}
[0.000817] (-) JobUnselected: {'identifier': 'moveit_task_constructor_demo'}
[0.000831] (-) JobUnselected: {'identifier': 'moveit_task_constructor_msgs'}
[0.000837] (-) JobUnselected: {'identifier': 'moveit_task_constructor_visualization'}
[0.000844] (-) JobUnselected: {'identifier': 'moveit_visual_tools'}
[0.000850] (-) JobUnselected: {'identifier': 'mtc_tutorial'}
[0.000857] (-) JobUnselected: {'identifier': 'object_description'}
[0.000863] (-) JobUnselected: {'identifier': 'object_description'}
[0.000870] (-) JobUnselected: {'identifier': 'pilz_industrial_motion_planner'}
[0.000876] (-) JobUnselected: {'identifier': 'pilz_industrial_motion_planner_testutils'}
[0.000882] (-) JobUnselected: {'identifier': 'robot_config'}
[0.000888] (-) JobUnselected: {'identifier': 'ros_tcp_endpoint'}
[0.000895] (-) JobUnselected: {'identifier': 'rosparam_shortcuts'}
[0.000901] (-) JobUnselected: {'identifier': 'rviz_marker_tools'}
[0.000907] (-) JobUnselected: {'identifier': 'srdfdom'}
[0.000913] (-) JobUnselected: {'identifier': 'urdf_0816_description'}
[0.000920] (-) JobUnselected: {'identifier': 'urdf_0816_description'}
[0.000927] (-) EventReactorShutdown: {}
