[0.000000] (-) TimerEvent: {}
[0.000835] (-) JobUnselected: {'identifier': 'chomp_motion_planner'}
[0.001788] (-) JobUnselected: {'identifier': 'hello_moveit'}
[0.001977] (-) JobUnselected: {'identifier': 'launch_param_builder'}
[0.002119] (-) JobUnselected: {'identifier': 'moveit'}
[0.002253] (-) JobUnselected: {'identifier': 'moveit2_tutorials'}
[0.002438] (-) JobUnselected: {'identifier': 'moveit_chomp_optimizer_adapter'}
[0.003582] (-) JobUnselected: {'identifier': 'moveit_common'}
[0.003872] (-) JobUnselected: {'identifier': 'moveit_configs_utils'}
[0.004119] (-) JobUnselected: {'identifier': 'moveit_core'}
[0.004318] (-) JobUnselected: {'identifier': 'moveit_hybrid_planning'}
[0.004559] (-) JobUnselected: {'identifier': 'moveit_kinematics'}
[0.004707] (-) JobUnselected: {'identifier': 'moveit_planners'}
[0.004766] (-) JobUnselected: {'identifier': 'moveit_planners_chomp'}
[0.004893] (-) JobUnselected: {'identifier': 'moveit_planners_ompl'}
[0.005909] (-) JobUnselected: {'identifier': 'moveit_plugins'}
[0.005977] (-) JobUnselected: {'identifier': 'moveit_resources'}
[0.006014] (-) JobUnselected: {'identifier': 'moveit_resources_fanuc_description'}
[0.006047] (-) JobUnselected: {'identifier': 'moveit_resources_fanuc_moveit_config'}
[0.006079] (-) JobUnselected: {'identifier': 'moveit_resources_panda_description'}
[0.006112] (-) JobUnselected: {'identifier': 'moveit_resources_panda_moveit_config'}
[0.006142] (-) JobUnselected: {'identifier': 'moveit_resources_pr2_description'}
[0.006173] (-) JobUnselected: {'identifier': 'moveit_resources_prbt_ikfast_manipulator_plugin'}
[0.006203] (-) JobUnselected: {'identifier': 'moveit_resources_prbt_moveit_config'}
[0.006234] (-) JobUnselected: {'identifier': 'moveit_resources_prbt_pg70_support'}
[0.006264] (-) JobUnselected: {'identifier': 'moveit_resources_prbt_support'}
[0.006294] (-) JobUnselected: {'identifier': 'moveit_ros'}
[0.006324] (-) JobUnselected: {'identifier': 'moveit_ros_benchmarks'}
[0.006379] (-) JobUnselected: {'identifier': 'moveit_ros_control_interface'}
[0.006431] (-) JobUnselected: {'identifier': 'moveit_ros_move_group'}
[0.006465] (-) JobUnselected: {'identifier': 'moveit_ros_occupancy_map_monitor'}
[0.006503] (-) JobUnselected: {'identifier': 'moveit_ros_perception'}
[0.006534] (-) JobUnselected: {'identifier': 'moveit_ros_planning'}
[0.006563] (-) JobUnselected: {'identifier': 'moveit_ros_planning_interface'}
[0.006593] (-) JobUnselected: {'identifier': 'moveit_ros_robot_interaction'}
[0.006622] (-) JobUnselected: {'identifier': 'moveit_ros_visualization'}
[0.006652] (-) JobUnselected: {'identifier': 'moveit_ros_warehouse'}
[0.006681] (-) JobUnselected: {'identifier': 'moveit_runtime'}
[0.006710] (-) JobUnselected: {'identifier': 'moveit_servo'}
[0.006740] (-) JobUnselected: {'identifier': 'moveit_setup_app_plugins'}
[0.006769] (-) JobUnselected: {'identifier': 'moveit_setup_assistant'}
[0.006798] (-) JobUnselected: {'identifier': 'moveit_setup_controllers'}
[0.006826] (-) JobUnselected: {'identifier': 'moveit_setup_core_plugins'}
[0.006856] (-) JobUnselected: {'identifier': 'moveit_setup_framework'}
[0.006884] (-) JobUnselected: {'identifier': 'moveit_setup_srdf_plugins'}
[0.006913] (-) JobUnselected: {'identifier': 'moveit_simple_controller_manager'}
[0.006942] (-) JobUnselected: {'identifier': 'moveit_task_constructor_capabilities'}
[0.006971] (-) JobUnselected: {'identifier': 'moveit_task_constructor_core'}
[0.007000] (-) JobUnselected: {'identifier': 'moveit_task_constructor_demo'}
[0.007028] (-) JobUnselected: {'identifier': 'moveit_task_constructor_msgs'}
[0.007057] (-) JobUnselected: {'identifier': 'moveit_task_constructor_visualization'}
[0.007086] (-) JobUnselected: {'identifier': 'moveit_visual_tools'}
[0.007115] (-) JobUnselected: {'identifier': 'mtc_tutorial'}
[0.007144] (-) JobUnselected: {'identifier': 'my_robot_config'}
[0.007173] (-) JobUnselected: {'identifier': 'pilz_industrial_motion_planner'}
[0.007202] (-) JobUnselected: {'identifier': 'pilz_industrial_motion_planner_testutils'}
[0.007231] (-) JobUnselected: {'identifier': 'rosparam_shortcuts'}
[0.007288] (-) JobUnselected: {'identifier': 'rviz_marker_tools'}
[0.007319] (-) JobUnselected: {'identifier': 'srdfdom'}
[0.007351] (-) EventReactorShutdown: {}
