[0.199s] Invoking command in '/home/a/ws_moveit2/build/catch_gazebo_ros2_control': CMAKE_PREFIX_PATH=/opt/ros/humble /usr/bin/cmake --build /home/a/ws_moveit2/build/catch_gazebo_ros2_control -- -j22 -l22
[0.703s] [100%] Built target gazebo_node
[0.726s] Invoked command in '/home/a/ws_moveit2/build/catch_gazebo_ros2_control' returned '0': CMAKE_PREFIX_PATH=/opt/ros/humble /usr/bin/cmake --build /home/a/ws_moveit2/build/catch_gazebo_ros2_control -- -j22 -l22
[0.728s] Invoking command in '/home/a/ws_moveit2/build/catch_gazebo_ros2_control': CMAKE_PREFIX_PATH=/opt/ros/humble /usr/bin/cmake --install /home/a/ws_moveit2/build/catch_gazebo_ros2_control
[0.766s] -- Install configuration: ""
[0.766s] -- Up-to-date: /home/a/ws_moveit2/install/catch_gazebo_ros2_control/lib/catch_gazebo_ros2_control/gazebo_node
[0.767s] -- Up-to-date: /home/a/ws_moveit2/install/catch_gazebo_ros2_control/share/ament_index/resource_index/package_run_dependencies/catch_gazebo_ros2_control
[0.767s] -- Up-to-date: /home/a/ws_moveit2/install/catch_gazebo_ros2_control/share/ament_index/resource_index/parent_prefix_path/catch_gazebo_ros2_control
[0.767s] -- Up-to-date: /home/a/ws_moveit2/install/catch_gazebo_ros2_control/share/catch_gazebo_ros2_control/environment/ament_prefix_path.sh
[0.767s] -- Up-to-date: /home/a/ws_moveit2/install/catch_gazebo_ros2_control/share/catch_gazebo_ros2_control/environment/ament_prefix_path.dsv
[0.767s] -- Up-to-date: /home/a/ws_moveit2/install/catch_gazebo_ros2_control/share/catch_gazebo_ros2_control/environment/path.sh
[0.767s] -- Up-to-date: /home/a/ws_moveit2/install/catch_gazebo_ros2_control/share/catch_gazebo_ros2_control/environment/path.dsv
[0.767s] -- Up-to-date: /home/a/ws_moveit2/install/catch_gazebo_ros2_control/share/catch_gazebo_ros2_control/local_setup.bash
[0.767s] -- Up-to-date: /home/a/ws_moveit2/install/catch_gazebo_ros2_control/share/catch_gazebo_ros2_control/local_setup.sh
[0.767s] -- Up-to-date: /home/a/ws_moveit2/install/catch_gazebo_ros2_control/share/catch_gazebo_ros2_control/local_setup.zsh
[0.767s] -- Up-to-date: /home/a/ws_moveit2/install/catch_gazebo_ros2_control/share/catch_gazebo_ros2_control/local_setup.dsv
[0.767s] -- Installing: /home/a/ws_moveit2/install/catch_gazebo_ros2_control/share/catch_gazebo_ros2_control/package.dsv
[0.767s] -- Up-to-date: /home/a/ws_moveit2/install/catch_gazebo_ros2_control/share/ament_index/resource_index/packages/catch_gazebo_ros2_control
[0.767s] -- Up-to-date: /home/a/ws_moveit2/install/catch_gazebo_ros2_control/share/catch_gazebo_ros2_control/cmake/catch_gazebo_ros2_controlConfig.cmake
[0.768s] -- Up-to-date: /home/a/ws_moveit2/install/catch_gazebo_ros2_control/share/catch_gazebo_ros2_control/cmake/catch_gazebo_ros2_controlConfig-version.cmake
[0.768s] -- Up-to-date: /home/a/ws_moveit2/install/catch_gazebo_ros2_control/share/catch_gazebo_ros2_control/package.xml
[0.879s] Invoked command in '/home/a/ws_moveit2/build/catch_gazebo_ros2_control' returned '0': CMAKE_PREFIX_PATH=/opt/ros/humble /usr/bin/cmake --install /home/a/ws_moveit2/build/catch_gazebo_ros2_control
