[0.442s] Invoking command in '/home/a/ws_moveit2/src/d415_rgb_depth_3d': PYTHONPATH=/home/a/ws_moveit2/build/d415_rgb_depth_3d/prefix_override:/usr/lib/python3/dist-packages/colcon_core/task/python/colcon_distutils_commands:/home/a/ws_moveit2/install/d415_rgb_depth_3d/lib/python3.10/site-packages:${PYTHONPATH} /usr/bin/python3 -W ignore:setup.py install is deprecated -W ignore:easy_install command is deprecated setup.py egg_info --egg-base ../../build/d415_rgb_depth_3d build --build-base /home/a/ws_moveit2/build/d415_rgb_depth_3d/build install --record /home/a/ws_moveit2/build/d415_rgb_depth_3d/install.log --single-version-externally-managed install_data
[0.623s] running egg_info
[0.624s] writing ../../build/d415_rgb_depth_3d/d415_rgb_depth_3d.egg-info/PKG-INFO
[0.625s] writing dependency_links to ../../build/d415_rgb_depth_3d/d415_rgb_depth_3d.egg-info/dependency_links.txt
[0.625s] writing entry points to ../../build/d415_rgb_depth_3d/d415_rgb_depth_3d.egg-info/entry_points.txt
[0.625s] writing requirements to ../../build/d415_rgb_depth_3d/d415_rgb_depth_3d.egg-info/requires.txt
[0.625s] writing top-level names to ../../build/d415_rgb_depth_3d/d415_rgb_depth_3d.egg-info/top_level.txt
[0.626s] reading manifest file '../../build/d415_rgb_depth_3d/d415_rgb_depth_3d.egg-info/SOURCES.txt'
[0.627s] writing manifest file '../../build/d415_rgb_depth_3d/d415_rgb_depth_3d.egg-info/SOURCES.txt'
[0.627s] running build
[0.627s] running build_py
[0.627s] copying d415_rgb_depth_3d/d415_rgb_depth_3d_node.py -> /home/a/ws_moveit2/build/d415_rgb_depth_3d/build/lib/d415_rgb_depth_3d
[0.627s] running install
[0.628s] running install_lib
[0.628s] copying /home/a/ws_moveit2/build/d415_rgb_depth_3d/build/lib/d415_rgb_depth_3d/d415_rgb_depth_3d_node.py -> /home/a/ws_moveit2/install/d415_rgb_depth_3d/lib/python3.10/site-packages/d415_rgb_depth_3d
[0.628s] byte-compiling /home/a/ws_moveit2/install/d415_rgb_depth_3d/lib/python3.10/site-packages/d415_rgb_depth_3d/d415_rgb_depth_3d_node.py to d415_rgb_depth_3d_node.cpython-310.pyc
[0.630s] running install_data
[0.631s] copying launch/d415_rgb_depth_3d.launch.py -> /home/a/ws_moveit2/install/d415_rgb_depth_3d/share/d415_rgb_depth_3d/launch
[0.631s] running install_egg_info
[0.632s] removing '/home/a/ws_moveit2/install/d415_rgb_depth_3d/lib/python3.10/site-packages/d415_rgb_depth_3d-0.0.0-py3.10.egg-info' (and everything under it)
[0.632s] Copying ../../build/d415_rgb_depth_3d/d415_rgb_depth_3d.egg-info to /home/a/ws_moveit2/install/d415_rgb_depth_3d/lib/python3.10/site-packages/d415_rgb_depth_3d-0.0.0-py3.10.egg-info
[0.632s] running install_scripts
[0.644s] Installing d415_rgb_depth_3d_node script to /home/a/ws_moveit2/install/d415_rgb_depth_3d/lib/d415_rgb_depth_3d
[0.645s] writing list of installed files to '/home/a/ws_moveit2/build/d415_rgb_depth_3d/install.log'
[0.658s] Invoked command in '/home/a/ws_moveit2/src/d415_rgb_depth_3d' returned '0': PYTHONPATH=/home/a/ws_moveit2/build/d415_rgb_depth_3d/prefix_override:/usr/lib/python3/dist-packages/colcon_core/task/python/colcon_distutils_commands:/home/a/ws_moveit2/install/d415_rgb_depth_3d/lib/python3.10/site-packages:${PYTHONPATH} /usr/bin/python3 -W ignore:setup.py install is deprecated -W ignore:easy_install command is deprecated setup.py egg_info --egg-base ../../build/d415_rgb_depth_3d build --build-base /home/a/ws_moveit2/build/d415_rgb_depth_3d/build install --record /home/a/ws_moveit2/build/d415_rgb_depth_3d/install.log --single-version-externally-managed install_data
