[0.000000] (-) TimerEvent: {}
[0.000570] (-) JobUnselected: {'identifier': 'chomp_motion_planner'}
[0.000826] (-) JobUnselected: {'identifier': 'hello_moveit'}
[0.001019] (-) JobUnselected: {'identifier': 'launch_param_builder'}
[0.001204] (-) JobUnselected: {'identifier': 'moveit'}
[0.001386] (-) JobUnselected: {'identifier': 'moveit2_tutorials'}
[0.001840] (-) JobUnselected: {'identifier': 'moveit_chomp_optimizer_adapter'}
[0.002140] (-) JobUnselected: {'identifier': 'moveit_common'}
[0.002719] (-) JobUnselected: {'identifier': 'moveit_configs_utils'}
[0.003041] (-) JobUnselected: {'identifier': 'moveit_core'}
[0.003269] (-) JobUnselected: {'identifier': 'moveit_hybrid_planning'}
[0.004085] (-) JobUnselected: {'identifier': 'moveit_kinematics'}
[0.004342] (-) JobUnselected: {'identifier': 'moveit_planners'}
[0.006103] (-) JobUnselected: {'identifier': 'moveit_planners_chomp'}
[0.006246] (-) JobUnselected: {'identifier': 'moveit_planners_ompl'}
[0.006346] (-) JobUnselected: {'identifier': 'moveit_plugins'}
[0.006481] (-) JobUnselected: {'identifier': 'moveit_resources'}
[0.006575] (-) JobUnselected: {'identifier': 'moveit_resources_fanuc_description'}
[0.006677] (-) JobUnselected: {'identifier': 'moveit_resources_fanuc_moveit_config'}
[0.006768] (-) JobUnselected: {'identifier': 'moveit_resources_panda_description'}
[0.006858] (-) JobUnselected: {'identifier': 'moveit_resources_panda_moveit_config'}
[0.006942] (-) JobUnselected: {'identifier': 'moveit_resources_pr2_description'}
[0.007087] (-) JobUnselected: {'identifier': 'moveit_resources_prbt_ikfast_manipulator_plugin'}
[0.007188] (-) JobUnselected: {'identifier': 'moveit_resources_prbt_moveit_config'}
[0.007270] (-) JobUnselected: {'identifier': 'moveit_resources_prbt_pg70_support'}
[0.007352] (-) JobUnselected: {'identifier': 'moveit_resources_prbt_support'}
[0.007471] (-) JobUnselected: {'identifier': 'moveit_ros'}
[0.007558] (-) JobUnselected: {'identifier': 'moveit_ros_benchmarks'}
[0.007655] (-) JobUnselected: {'identifier': 'moveit_ros_control_interface'}
[0.007735] (-) JobUnselected: {'identifier': 'moveit_ros_move_group'}
[0.007815] (-) JobUnselected: {'identifier': 'moveit_ros_occupancy_map_monitor'}
[0.007908] (-) JobUnselected: {'identifier': 'moveit_ros_perception'}
[0.008046] (-) JobUnselected: {'identifier': 'moveit_ros_planning'}
[0.008145] (-) JobUnselected: {'identifier': 'moveit_ros_planning_interface'}
[0.008227] (-) JobUnselected: {'identifier': 'moveit_ros_robot_interaction'}
[0.008310] (-) JobUnselected: {'identifier': 'moveit_ros_visualization'}
[0.008395] (-) JobUnselected: {'identifier': 'moveit_ros_warehouse'}
[0.008522] (-) JobUnselected: {'identifier': 'moveit_runtime'}
[0.008628] (-) JobUnselected: {'identifier': 'moveit_servo'}
[0.008717] (-) JobUnselected: {'identifier': 'moveit_setup_app_plugins'}
[0.008803] (-) JobUnselected: {'identifier': 'moveit_setup_assistant'}
[0.008884] (-) JobUnselected: {'identifier': 'moveit_setup_controllers'}
[0.008967] (-) JobUnselected: {'identifier': 'moveit_setup_core_plugins'}
[0.009135] (-) JobUnselected: {'identifier': 'moveit_setup_framework'}
[0.009224] (-) JobUnselected: {'identifier': 'moveit_setup_srdf_plugins'}
[0.009304] (-) JobUnselected: {'identifier': 'moveit_simple_controller_manager'}
[0.009386] (-) JobUnselected: {'identifier': 'moveit_task_constructor_capabilities'}
[0.009618] (-) JobUnselected: {'identifier': 'moveit_task_constructor_core'}
[0.009737] (-) JobUnselected: {'identifier': 'moveit_task_constructor_demo'}
[0.009827] (-) JobUnselected: {'identifier': 'moveit_task_constructor_msgs'}
[0.009913] (-) JobUnselected: {'identifier': 'moveit_task_constructor_visualization'}
[0.010123] (-) JobUnselected: {'identifier': 'moveit_visual_tools'}
[0.010319] (-) JobUnselected: {'identifier': 'mtc_tutorial'}
[0.010717] (-) JobUnselected: {'identifier': 'my_robot_config'}
[0.010882] (-) JobUnselected: {'identifier': 'pilz_industrial_motion_planner'}
[0.010942] (-) JobUnselected: {'identifier': 'pilz_industrial_motion_planner_testutils'}
[0.010982] (-) JobUnselected: {'identifier': 'rosparam_shortcuts'}
[0.011054] (-) JobUnselected: {'identifier': 'rviz_marker_tools'}
[0.011091] (-) JobUnselected: {'identifier': 'srdfdom'}
[0.011126] (-) EventReactorShutdown: {}
