[0.238s] Invoking command in '/home/a/ws_moveit2/build/dynamixel_sdk': CMAKE_PREFIX_PATH=${CMAKE_PREFIX_PATH}:/home/a/ws_moveit2/install/moveit_configs_utils:/home/a/ws_moveit2/install/launch_param_builder:/opt/ros/humble /opt/st/stm32cubeclt_1.17.0/CMake/bin/cmake /home/a/ws_moveit2/src/dynamixel_sdk/ros/dynamixel_sdk -DCMAKE_INSTALL_PREFIX=/home/a/ws_moveit2/install/dynamixel_sdk
[2.414s] -- The C compiler identification is GNU 11.4.0
[3.872s] -- The CXX compiler identification is GNU 11.4.0
[4.170s] -- Detecting C compiler ABI info
[5.083s] -- Detecting C compiler ABI info - done
[5.134s] -- Check for working C compiler: /usr/bin/cc - skipped
[5.142s] -- Detecting C compile features
[5.152s] -- Detecting C compile features - done
[5.239s] -- Detecting CXX compiler ABI info
[5.892s] -- Detecting CXX compiler ABI info - done
[5.940s] -- Check for working CXX compiler: /usr/bin/c++ - skipped
[5.942s] -- Detecting CXX compile features
[5.944s] -- Detecting CXX compile features - done
[5.998s] -- Found ament_cmake: 1.3.12 (/opt/ros/humble/share/ament_cmake/cmake)
[6.866s] -- Found Python3: /usr/bin/python3 (found version "3.10.12") found components: Interpreter 
[9.544s] -- Configuring done (8.7s)
[9.611s] -- Generating done (0.1s)
[9.630s] -- Build files have been written to: /home/a/ws_moveit2/build/dynamixel_sdk
[9.676s] Invoked command in '/home/a/ws_moveit2/build/dynamixel_sdk' returned '0': CMAKE_PREFIX_PATH=${CMAKE_PREFIX_PATH}:/home/a/ws_moveit2/install/moveit_configs_utils:/home/a/ws_moveit2/install/launch_param_builder:/opt/ros/humble /opt/st/stm32cubeclt_1.17.0/CMake/bin/cmake /home/a/ws_moveit2/src/dynamixel_sdk/ros/dynamixel_sdk -DCMAKE_INSTALL_PREFIX=/home/a/ws_moveit2/install/dynamixel_sdk
[9.687s] Invoking command in '/home/a/ws_moveit2/build/dynamixel_sdk': CMAKE_PREFIX_PATH=${CMAKE_PREFIX_PATH}:/home/a/ws_moveit2/install/moveit_configs_utils:/home/a/ws_moveit2/install/launch_param_builder:/opt/ros/humble /opt/st/stm32cubeclt_1.17.0/CMake/bin/cmake --build /home/a/ws_moveit2/build/dynamixel_sdk -- -j4 -l4
[9.925s] [  7%] [32mBuilding CXX object CMakeFiles/dynamixel_sdk.dir/src/dynamixel_sdk/packet_handler.cpp.o[0m
[11.279s] [ 15%] [32mBuilding CXX object CMakeFiles/dynamixel_sdk.dir/src/dynamixel_sdk/protocol2_packet_handler.cpp.o[0m
[13.093s] [ 23%] [32mBuilding CXX object CMakeFiles/dynamixel_sdk.dir/src/dynamixel_sdk/group_sync_read.cpp.o[0m
[14.846s] [ 30%] [32mBuilding CXX object CMakeFiles/dynamixel_sdk.dir/src/dynamixel_sdk/group_sync_write.cpp.o[0m
[16.520s] [ 38%] [32mBuilding CXX object CMakeFiles/dynamixel_sdk.dir/src/dynamixel_sdk/group_bulk_read.cpp.o[0m
[18.397s] [ 46%] [32mBuilding CXX object CMakeFiles/dynamixel_sdk.dir/src/dynamixel_sdk/group_bulk_write.cpp.o[0m
[20.355s] [ 53%] [32mBuilding CXX object CMakeFiles/dynamixel_sdk.dir/src/dynamixel_sdk/group_fast_bulk_read.cpp.o[0m
[22.016s] [ 61%] [32mBuilding CXX object CMakeFiles/dynamixel_sdk.dir/src/dynamixel_sdk/group_fast_sync_read.cpp.o[0m
[23.379s] [ 69%] [32mBuilding CXX object CMakeFiles/dynamixel_sdk.dir/src/dynamixel_sdk/group_handler.cpp.o[0m
[23.991s] [ 76%] [32mBuilding CXX object CMakeFiles/dynamixel_sdk.dir/src/dynamixel_sdk/port_handler.cpp.o[0m
[24.118s] [ 84%] [32mBuilding CXX object CMakeFiles/dynamixel_sdk.dir/src/dynamixel_sdk/port_handler_linux.cpp.o[0m
[24.574s] [ 92%] [32mBuilding CXX object CMakeFiles/dynamixel_sdk.dir/src/dynamixel_sdk/protocol1_packet_handler.cpp.o[0m
[25.179s] [100%] [32m[1mLinking CXX shared library libdynamixel_sdk.so[0m
[25.591s] [100%] Built target dynamixel_sdk
[25.678s] [100%] Built target ament_cmake_python_copy_dynamixel_sdk
[26.974s] running egg_info
[26.976s] creating dynamixel_sdk.egg-info
[26.977s] writing dynamixel_sdk.egg-info/PKG-INFO
[26.977s] writing dependency_links to dynamixel_sdk.egg-info/dependency_links.txt
[26.978s] writing top-level names to dynamixel_sdk.egg-info/top_level.txt
[26.978s] writing manifest file 'dynamixel_sdk.egg-info/SOURCES.txt'
[26.986s] reading manifest file 'dynamixel_sdk.egg-info/SOURCES.txt'
[26.993s] writing manifest file 'dynamixel_sdk.egg-info/SOURCES.txt'
[27.096s] [100%] Built target ament_cmake_python_build_dynamixel_sdk_egg
[27.118s] Invoked command in '/home/a/ws_moveit2/build/dynamixel_sdk' returned '0': CMAKE_PREFIX_PATH=${CMAKE_PREFIX_PATH}:/home/a/ws_moveit2/install/moveit_configs_utils:/home/a/ws_moveit2/install/launch_param_builder:/opt/ros/humble /opt/st/stm32cubeclt_1.17.0/CMake/bin/cmake --build /home/a/ws_moveit2/build/dynamixel_sdk -- -j4 -l4
[27.147s] Invoking command in '/home/a/ws_moveit2/build/dynamixel_sdk': CMAKE_PREFIX_PATH=${CMAKE_PREFIX_PATH}:/home/a/ws_moveit2/install/moveit_configs_utils:/home/a/ws_moveit2/install/launch_param_builder:/opt/ros/humble /opt/st/stm32cubeclt_1.17.0/CMake/bin/cmake --install /home/a/ws_moveit2/build/dynamixel_sdk
[27.165s] -- Install configuration: ""
[27.166s] -- Installing: /home/a/ws_moveit2/install/dynamixel_sdk/include/
[27.166s] -- Installing: /home/a/ws_moveit2/install/dynamixel_sdk/include//dynamixel_sdk
[27.168s] -- Installing: /home/a/ws_moveit2/install/dynamixel_sdk/include//dynamixel_sdk/group_sync_read.h
[27.170s] -- Installing: /home/a/ws_moveit2/install/dynamixel_sdk/include//dynamixel_sdk/group_handler.h
[27.172s] -- Installing: /home/a/ws_moveit2/install/dynamixel_sdk/include//dynamixel_sdk/protocol1_packet_handler.h
[27.173s] -- Installing: /home/a/ws_moveit2/install/dynamixel_sdk/include//dynamixel_sdk/port_handler_windows.h
[27.173s] -- Installing: /home/a/ws_moveit2/install/dynamixel_sdk/include//dynamixel_sdk/port_handler_linux.h
[27.174s] -- Installing: /home/a/ws_moveit2/install/dynamixel_sdk/include//dynamixel_sdk/protocol2_packet_handler.h
[27.176s] -- Installing: /home/a/ws_moveit2/install/dynamixel_sdk/include//dynamixel_sdk/group_bulk_read.h
[27.177s] -- Installing: /home/a/ws_moveit2/install/dynamixel_sdk/include//dynamixel_sdk/group_fast_bulk_read.h
[27.177s] -- Installing: /home/a/ws_moveit2/install/dynamixel_sdk/include//dynamixel_sdk/port_handler_mac.h
[27.177s] -- Installing: /home/a/ws_moveit2/install/dynamixel_sdk/include//dynamixel_sdk/group_sync_write.h
[27.177s] -- Installing: /home/a/ws_moveit2/install/dynamixel_sdk/include//dynamixel_sdk/port_handler.h
[27.177s] -- Installing: /home/a/ws_moveit2/install/dynamixel_sdk/include//dynamixel_sdk/group_fast_sync_read.h
[27.178s] -- Installing: /home/a/ws_moveit2/install/dynamixel_sdk/include//dynamixel_sdk/dynamixel_sdk.h
[27.179s] -- Installing: /home/a/ws_moveit2/install/dynamixel_sdk/include//dynamixel_sdk/group_bulk_write.h
[27.179s] -- Installing: /home/a/ws_moveit2/install/dynamixel_sdk/include//dynamixel_sdk/port_handler_arduino.h
[27.180s] -- Installing: /home/a/ws_moveit2/install/dynamixel_sdk/include//dynamixel_sdk/packet_handler.h
[27.181s] -- Installing: /home/a/ws_moveit2/install/dynamixel_sdk/lib/libdynamixel_sdk.so
[27.183s] -- Installing: /home/a/ws_moveit2/install/dynamixel_sdk/share/dynamixel_sdk/environment/pythonpath.sh
[27.185s] -- Installing: /home/a/ws_moveit2/install/dynamixel_sdk/share/dynamixel_sdk/environment/pythonpath.dsv
[27.188s] -- Installing: /home/a/ws_moveit2/install/dynamixel_sdk/local/lib/python3.10/dist-packages/dynamixel_sdk-3.8.4-py3.10.egg-info
[27.189s] -- Installing: /home/a/ws_moveit2/install/dynamixel_sdk/local/lib/python3.10/dist-packages/dynamixel_sdk-3.8.4-py3.10.egg-info/SOURCES.txt
[27.191s] -- Installing: /home/a/ws_moveit2/install/dynamixel_sdk/local/lib/python3.10/dist-packages/dynamixel_sdk-3.8.4-py3.10.egg-info/dependency_links.txt
[27.191s] -- Installing: /home/a/ws_moveit2/install/dynamixel_sdk/local/lib/python3.10/dist-packages/dynamixel_sdk-3.8.4-py3.10.egg-info/PKG-INFO
[27.192s] -- Installing: /home/a/ws_moveit2/install/dynamixel_sdk/local/lib/python3.10/dist-packages/dynamixel_sdk-3.8.4-py3.10.egg-info/top_level.txt
[27.192s] -- Installing: /home/a/ws_moveit2/install/dynamixel_sdk/local/lib/python3.10/dist-packages/dynamixel_sdk
[27.193s] -- Installing: /home/a/ws_moveit2/install/dynamixel_sdk/local/lib/python3.10/dist-packages/dynamixel_sdk/port_handler.cpp
[27.194s] -- Installing: /home/a/ws_moveit2/install/dynamixel_sdk/local/lib/python3.10/dist-packages/dynamixel_sdk/group_sync_write.cpp
[27.195s] -- Installing: /home/a/ws_moveit2/install/dynamixel_sdk/local/lib/python3.10/dist-packages/dynamixel_sdk/group_fast_sync_read.cpp
[27.195s] -- Installing: /home/a/ws_moveit2/install/dynamixel_sdk/local/lib/python3.10/dist-packages/dynamixel_sdk/port_handler_linux.cpp
[27.196s] -- Installing: /home/a/ws_moveit2/install/dynamixel_sdk/local/lib/python3.10/dist-packages/dynamixel_sdk/robotis_def.py
[27.197s] -- Installing: /home/a/ws_moveit2/install/dynamixel_sdk/local/lib/python3.10/dist-packages/dynamixel_sdk/group_bulk_write.cpp
[27.197s] -- Installing: /home/a/ws_moveit2/install/dynamixel_sdk/local/lib/python3.10/dist-packages/dynamixel_sdk/group_bulk_read.py
[27.198s] -- Installing: /home/a/ws_moveit2/install/dynamixel_sdk/local/lib/python3.10/dist-packages/dynamixel_sdk/port_handler_mac.cpp
[27.198s] -- Installing: /home/a/ws_moveit2/install/dynamixel_sdk/local/lib/python3.10/dist-packages/dynamixel_sdk/group_sync_read.py
[27.199s] -- Installing: /home/a/ws_moveit2/install/dynamixel_sdk/local/lib/python3.10/dist-packages/dynamixel_sdk/port_handler_windows.cpp
[27.200s] -- Installing: /home/a/ws_moveit2/install/dynamixel_sdk/local/lib/python3.10/dist-packages/dynamixel_sdk/group_bulk_read.cpp
[27.202s] -- Installing: /home/a/ws_moveit2/install/dynamixel_sdk/local/lib/python3.10/dist-packages/dynamixel_sdk/packet_handler.py
[27.203s] -- Installing: /home/a/ws_moveit2/install/dynamixel_sdk/local/lib/python3.10/dist-packages/dynamixel_sdk/packet_handler.cpp
[27.204s] -- Installing: /home/a/ws_moveit2/install/dynamixel_sdk/local/lib/python3.10/dist-packages/dynamixel_sdk/group_sync_read.cpp
[27.205s] -- Installing: /home/a/ws_moveit2/install/dynamixel_sdk/local/lib/python3.10/dist-packages/dynamixel_sdk/__init__.py
[27.205s] -- Installing: /home/a/ws_moveit2/install/dynamixel_sdk/local/lib/python3.10/dist-packages/dynamixel_sdk/group_sync_write.py
[27.205s] -- Installing: /home/a/ws_moveit2/install/dynamixel_sdk/local/lib/python3.10/dist-packages/dynamixel_sdk/group_bulk_write.py
[27.205s] -- Installing: /home/a/ws_moveit2/install/dynamixel_sdk/local/lib/python3.10/dist-packages/dynamixel_sdk/protocol2_packet_handler.cpp
[27.205s] -- Installing: /home/a/ws_moveit2/install/dynamixel_sdk/local/lib/python3.10/dist-packages/dynamixel_sdk/protocol1_packet_handler.py
[27.206s] -- Installing: /home/a/ws_moveit2/install/dynamixel_sdk/local/lib/python3.10/dist-packages/dynamixel_sdk/port_handler_arduino.cpp
[27.207s] -- Installing: /home/a/ws_moveit2/install/dynamixel_sdk/local/lib/python3.10/dist-packages/dynamixel_sdk/group_handler.cpp
[27.207s] -- Installing: /home/a/ws_moveit2/install/dynamixel_sdk/local/lib/python3.10/dist-packages/dynamixel_sdk/protocol2_packet_handler.py
[27.208s] -- Installing: /home/a/ws_moveit2/install/dynamixel_sdk/local/lib/python3.10/dist-packages/dynamixel_sdk/group_fast_bulk_read.cpp
[27.208s] -- Installing: /home/a/ws_moveit2/install/dynamixel_sdk/local/lib/python3.10/dist-packages/dynamixel_sdk/port_handler.py
[27.209s] -- Installing: /home/a/ws_moveit2/install/dynamixel_sdk/local/lib/python3.10/dist-packages/dynamixel_sdk/protocol1_packet_handler.cpp
[27.544s] Listing '/home/a/ws_moveit2/install/dynamixel_sdk/local/lib/python3.10/dist-packages/dynamixel_sdk'...
[27.544s] Compiling '/home/a/ws_moveit2/install/dynamixel_sdk/local/lib/python3.10/dist-packages/dynamixel_sdk/__init__.py'...
[27.545s] Compiling '/home/a/ws_moveit2/install/dynamixel_sdk/local/lib/python3.10/dist-packages/dynamixel_sdk/group_bulk_read.py'...
[27.545s] Compiling '/home/a/ws_moveit2/install/dynamixel_sdk/local/lib/python3.10/dist-packages/dynamixel_sdk/group_bulk_write.py'...
[27.549s] Compiling '/home/a/ws_moveit2/install/dynamixel_sdk/local/lib/python3.10/dist-packages/dynamixel_sdk/group_sync_read.py'...
[27.549s] Compiling '/home/a/ws_moveit2/install/dynamixel_sdk/local/lib/python3.10/dist-packages/dynamixel_sdk/group_sync_write.py'...
[27.550s] Compiling '/home/a/ws_moveit2/install/dynamixel_sdk/local/lib/python3.10/dist-packages/dynamixel_sdk/packet_handler.py'...
[27.550s] Compiling '/home/a/ws_moveit2/install/dynamixel_sdk/local/lib/python3.10/dist-packages/dynamixel_sdk/port_handler.py'...
[27.550s] Compiling '/home/a/ws_moveit2/install/dynamixel_sdk/local/lib/python3.10/dist-packages/dynamixel_sdk/protocol1_packet_handler.py'...
[27.551s] Compiling '/home/a/ws_moveit2/install/dynamixel_sdk/local/lib/python3.10/dist-packages/dynamixel_sdk/protocol2_packet_handler.py'...
[27.551s] Compiling '/home/a/ws_moveit2/install/dynamixel_sdk/local/lib/python3.10/dist-packages/dynamixel_sdk/robotis_def.py'...
[27.569s] -- Installing: /home/a/ws_moveit2/install/dynamixel_sdk/share/dynamixel_sdk/environment/library_path.sh
[27.570s] -- Installing: /home/a/ws_moveit2/install/dynamixel_sdk/share/dynamixel_sdk/environment/library_path.dsv
[27.570s] -- Installing: /home/a/ws_moveit2/install/dynamixel_sdk/share/ament_index/resource_index/package_run_dependencies/dynamixel_sdk
[27.570s] -- Installing: /home/a/ws_moveit2/install/dynamixel_sdk/share/ament_index/resource_index/parent_prefix_path/dynamixel_sdk
[27.573s] -- Installing: /home/a/ws_moveit2/install/dynamixel_sdk/share/dynamixel_sdk/environment/ament_prefix_path.sh
[27.574s] -- Installing: /home/a/ws_moveit2/install/dynamixel_sdk/share/dynamixel_sdk/environment/ament_prefix_path.dsv
[27.574s] -- Installing: /home/a/ws_moveit2/install/dynamixel_sdk/share/dynamixel_sdk/environment/path.sh
[27.574s] -- Installing: /home/a/ws_moveit2/install/dynamixel_sdk/share/dynamixel_sdk/environment/path.dsv
[27.579s] -- Installing: /home/a/ws_moveit2/install/dynamixel_sdk/share/dynamixel_sdk/local_setup.bash
[27.579s] -- Installing: /home/a/ws_moveit2/install/dynamixel_sdk/share/dynamixel_sdk/local_setup.sh
[27.580s] -- Installing: /home/a/ws_moveit2/install/dynamixel_sdk/share/dynamixel_sdk/local_setup.zsh
[27.580s] -- Installing: /home/a/ws_moveit2/install/dynamixel_sdk/share/dynamixel_sdk/local_setup.dsv
[27.581s] -- Installing: /home/a/ws_moveit2/install/dynamixel_sdk/share/dynamixel_sdk/package.dsv
[27.582s] -- Installing: /home/a/ws_moveit2/install/dynamixel_sdk/share/ament_index/resource_index/packages/dynamixel_sdk
[27.588s] -- Installing: /home/a/ws_moveit2/install/dynamixel_sdk/share/dynamixel_sdk/cmake/dynamixel_sdkExport.cmake
[27.589s] -- Installing: /home/a/ws_moveit2/install/dynamixel_sdk/share/dynamixel_sdk/cmake/dynamixel_sdkExport-noconfig.cmake
[27.589s] -- Installing: /home/a/ws_moveit2/install/dynamixel_sdk/share/dynamixel_sdk/cmake/ament_cmake_export_targets-extras.cmake
[27.590s] -- Installing: /home/a/ws_moveit2/install/dynamixel_sdk/share/dynamixel_sdk/cmake/ament_cmake_export_include_directories-extras.cmake
[27.591s] -- Installing: /home/a/ws_moveit2/install/dynamixel_sdk/share/dynamixel_sdk/cmake/ament_cmake_export_libraries-extras.cmake
[27.591s] -- Installing: /home/a/ws_moveit2/install/dynamixel_sdk/share/dynamixel_sdk/cmake/dynamixel_sdkConfig.cmake
[27.595s] -- Installing: /home/a/ws_moveit2/install/dynamixel_sdk/share/dynamixel_sdk/cmake/dynamixel_sdkConfig-version.cmake
[27.596s] -- Installing: /home/a/ws_moveit2/install/dynamixel_sdk/share/dynamixel_sdk/package.xml
[27.613s] Invoked command in '/home/a/ws_moveit2/build/dynamixel_sdk' returned '0': CMAKE_PREFIX_PATH=${CMAKE_PREFIX_PATH}:/home/a/ws_moveit2/install/moveit_configs_utils:/home/a/ws_moveit2/install/launch_param_builder:/opt/ros/humble /opt/st/stm32cubeclt_1.17.0/CMake/bin/cmake --install /home/a/ws_moveit2/build/dynamixel_sdk
