[0.000000] (-) TimerEvent: {}
[0.000178] (-) JobUnselected: {'identifier': 'catch_gazebo_ros2_control'}
[0.000195] (-) JobUnselected: {'identifier': 'chomp_motion_planner'}
[0.000348] (-) JobUnselected: {'identifier': 'collada_parser'}
[0.000358] (-) JobUnselected: {'identifier': 'collada_urdf'}
[0.000366] (-) JobUnselected: {'identifier': 'com'}
[0.000374] (-) JobUnselected: {'identifier': 'dynamixel_sdk'}
[0.000382] (-) JobUnselected: {'identifier': 'dynamixel_sdk_custom_interfaces'}
[0.000390] (-) JobUnselected: {'identifier': 'dynamixel_sdk_examples'}
[0.000398] (-) JobUnselected: {'identifier': 'field_description'}
[0.000406] (-) JobUnselected: {'identifier': 'field_description'}
[0.000413] (-) JobUnselected: {'identifier': 'hello_moveit'}
[0.000421] (-) JobUnselected: {'identifier': 'launch_param_builder'}
[0.000428] (-) JobUnselected: {'identifier': 'left_arm_ikfast_plugin'}
[0.000435] (-) JobUnselected: {'identifier': 'moveit'}
[0.000443] (-) JobUnselected: {'identifier': 'moveit2_tutorials'}
[0.000451] (-) JobUnselected: {'identifier': 'moveit_chomp_optimizer_adapter'}
[0.000458] (-) JobUnselected: {'identifier': 'moveit_common'}
[0.000466] (-) JobUnselected: {'identifier': 'moveit_configs_utils'}
[0.000473] (-) JobUnselected: {'identifier': 'moveit_core'}
[0.000481] (-) JobUnselected: {'identifier': 'moveit_hybrid_planning'}
[0.000489] (-) JobUnselected: {'identifier': 'moveit_kinematics'}
[0.000497] (-) JobUnselected: {'identifier': 'moveit_planners'}
[0.000504] (-) JobUnselected: {'identifier': 'moveit_planners_chomp'}
[0.000511] (-) JobUnselected: {'identifier': 'moveit_planners_ompl'}
[0.000519] (-) JobUnselected: {'identifier': 'moveit_plugins'}
[0.000527] (-) JobUnselected: {'identifier': 'moveit_resources'}
[0.000534] (-) JobUnselected: {'identifier': 'moveit_resources_fanuc_description'}
[0.000541] (-) JobUnselected: {'identifier': 'moveit_resources_fanuc_moveit_config'}
[0.000549] (-) JobUnselected: {'identifier': 'moveit_resources_panda_description'}
[0.000557] (-) JobUnselected: {'identifier': 'moveit_resources_panda_moveit_config'}
[0.000564] (-) JobUnselected: {'identifier': 'moveit_resources_pr2_description'}
[0.000571] (-) JobUnselected: {'identifier': 'moveit_resources_prbt_ikfast_manipulator_plugin'}
[0.000579] (-) JobUnselected: {'identifier': 'moveit_resources_prbt_moveit_config'}
[0.000586] (-) JobUnselected: {'identifier': 'moveit_resources_prbt_pg70_support'}
[0.000593] (-) JobUnselected: {'identifier': 'moveit_resources_prbt_support'}
[0.000600] (-) JobUnselected: {'identifier': 'moveit_ros'}
[0.000608] (-) JobUnselected: {'identifier': 'moveit_ros_benchmarks'}
[0.000615] (-) JobUnselected: {'identifier': 'moveit_ros_control_interface'}
[0.000623] (-) JobUnselected: {'identifier': 'moveit_ros_move_group'}
[0.000630] (-) JobUnselected: {'identifier': 'moveit_ros_occupancy_map_monitor'}
[0.000637] (-) JobUnselected: {'identifier': 'moveit_ros_perception'}
[0.000645] (-) JobUnselected: {'identifier': 'moveit_ros_planning'}
[0.000652] (-) JobUnselected: {'identifier': 'moveit_ros_planning_interface'}
[0.000659] (-) JobUnselected: {'identifier': 'moveit_ros_robot_interaction'}
[0.000667] (-) JobUnselected: {'identifier': 'moveit_ros_visualization'}
[0.000674] (-) JobUnselected: {'identifier': 'moveit_ros_warehouse'}
[0.000681] (-) JobUnselected: {'identifier': 'moveit_runtime'}
[0.000688] (-) JobUnselected: {'identifier': 'moveit_servo'}
[0.000695] (-) JobUnselected: {'identifier': 'moveit_setup_app_plugins'}
[0.000703] (-) JobUnselected: {'identifier': 'moveit_setup_assistant'}
[0.000710] (-) JobUnselected: {'identifier': 'moveit_setup_controllers'}
[0.000717] (-) JobUnselected: {'identifier': 'moveit_setup_core_plugins'}
[0.000724] (-) JobUnselected: {'identifier': 'moveit_setup_framework'}
[0.000731] (-) JobUnselected: {'identifier': 'moveit_setup_srdf_plugins'}
[0.000739] (-) JobUnselected: {'identifier': 'moveit_simple_controller_manager'}
[0.000746] (-) JobUnselected: {'identifier': 'moveit_task_constructor_capabilities'}
[0.000753] (-) JobUnselected: {'identifier': 'moveit_task_constructor_core'}
[0.001008] (-) JobUnselected: {'identifier': 'moveit_task_constructor_demo'}
[0.001018] (-) JobUnselected: {'identifier': 'moveit_task_constructor_msgs'}
[0.001026] (-) JobUnselected: {'identifier': 'moveit_task_constructor_visualization'}
[0.001033] (-) JobUnselected: {'identifier': 'moveit_visual_tools'}
[0.001040] (-) JobUnselected: {'identifier': 'mtc_tutorial'}
[0.001047] (-) JobUnselected: {'identifier': 'object_description'}
[0.001055] (-) JobUnselected: {'identifier': 'object_description'}
[0.001063] (-) JobUnselected: {'identifier': 'pilz_industrial_motion_planner'}
[0.001070] (-) JobUnselected: {'identifier': 'pilz_industrial_motion_planner_testutils'}
[0.001078] (-) JobUnselected: {'identifier': 'right_arm_ikfast_plugin'}
[0.001085] (-) JobUnselected: {'identifier': 'robot_config'}
[0.001092] (-) JobUnselected: {'identifier': 'ros_tcp_endpoint'}
[0.001100] (-) JobUnselected: {'identifier': 'rosparam_shortcuts'}
[0.001107] (-) JobUnselected: {'identifier': 'rviz_marker_tools'}
[0.001114] (-) JobUnselected: {'identifier': 'srdfdom'}
[0.001122] (-) JobUnselected: {'identifier': 'urdf_0816_description'}
[0.001129] (-) JobUnselected: {'identifier': 'urdf_0816_description'}
[0.001137] (dynamixel_controller) JobQueued: {'identifier': 'dynamixel_controller', 'dependencies': OrderedDict([('dynamixel_sdk', '/home/a/ws_moveit2/install/dynamixel_sdk')])}
[0.001149] (dynamixel_controller_gui) JobQueued: {'identifier': 'dynamixel_controller_gui', 'dependencies': OrderedDict([('dynamixel_sdk', '/home/a/ws_moveit2/install/dynamixel_sdk'), ('dynamixel_controller', '/home/a/ws_moveit2/install/dynamixel_controller')])}
[0.001159] (dynamixel_controller) JobStarted: {'identifier': 'dynamixel_controller'}
[0.008134] (dynamixel_controller) JobEnded: {'identifier': 'dynamixel_controller', 'rc': 1}
[0.018377] (dynamixel_controller_gui) JobSkipped: {'identifier': 'dynamixel_controller_gui'}
[0.018402] (-) EventReactorShutdown: {}
