[1.630s] Invoking command in '/home/a/ws_moveit2/build/moveit_ros_move_group': AMENT_PREFIX_PATH=/home/a/ws_moveit2/install/moveit_kinematics:/home/a/ws_moveit2/install/moveit_ros_planning:/home/a/ws_moveit2/install/moveit_ros_occupancy_map_monitor:/home/a/ws_moveit2/install/moveit_core:/home/a/ws_moveit2/install/moveit_resources_panda_moveit_config:/home/a/ws_moveit2/install/moveit_resources_fanuc_moveit_config:/home/a/ws_moveit2/install/moveit_configs_utils:/home/a/ws_moveit2/install/srdfdom:/home/a/ws_moveit2/install/moveit_resources_pr2_description:/home/a/ws_moveit2/install/moveit_resources_panda_description:/home/a/ws_moveit2/install/moveit_resources_fanuc_description:/home/a/ws_moveit2/install/moveit_common:/home/a/ws_moveit2/install/launch_param_builder:${AMENT_PREFIX_PATH} CMAKE_PREFIX_PATH=/home/a/ws_moveit2/install/moveit_kinematics:/home/a/ws_moveit2/install/moveit_ros_planning:/home/a/ws_moveit2/install/moveit_ros_occupancy_map_monitor:/home/a/ws_moveit2/install/moveit_core:/home/a/ws_moveit2/install/moveit_resources_panda_moveit_config:/home/a/ws_moveit2/install/moveit_resources_fanuc_moveit_config:/home/a/ws_moveit2/install/srdfdom:/home/a/ws_moveit2/install/moveit_resources_pr2_description:/home/a/ws_moveit2/install/moveit_resources_panda_description:/home/a/ws_moveit2/install/moveit_resources_fanuc_description:/home/a/ws_moveit2/install/moveit_common:/opt/ros/humble LD_LIBRARY_PATH=/home/a/ws_moveit2/install/moveit_kinematics/lib:/home/a/ws_moveit2/install/moveit_ros_planning/lib:/home/a/ws_moveit2/install/moveit_ros_occupancy_map_monitor/lib:/home/a/ws_moveit2/install/moveit_core/lib:/home/a/ws_moveit2/install/srdfdom/lib:${LD_LIBRARY_PATH} PATH=/home/a/ws_moveit2/install/moveit_core/bin:${PATH} PYTHONPATH=/home/a/ws_moveit2/install/moveit_configs_utils/lib/python3.10/site-packages:/home/a/ws_moveit2/install/srdfdom/local/lib/python3.10/dist-packages:/home/a/ws_moveit2/install/launch_param_builder/lib/python3.10/site-packages:${PYTHONPATH} /usr/bin/cmake --build /home/a/ws_moveit2/build/moveit_ros_move_group -- -j22 -l22
[2.416s] [ 10%] Built target list_move_group_capabilities
[2.457s] [ 26%] Built target moveit_move_group_capabilities_base
[3.437s] [ 36%] Built target move_group
[3.926s] [100%] Built target moveit_move_group_default_capabilities
[4.139s] Invoked command in '/home/a/ws_moveit2/build/moveit_ros_move_group' returned '0': AMENT_PREFIX_PATH=/home/a/ws_moveit2/install/moveit_kinematics:/home/a/ws_moveit2/install/moveit_ros_planning:/home/a/ws_moveit2/install/moveit_ros_occupancy_map_monitor:/home/a/ws_moveit2/install/moveit_core:/home/a/ws_moveit2/install/moveit_resources_panda_moveit_config:/home/a/ws_moveit2/install/moveit_resources_fanuc_moveit_config:/home/a/ws_moveit2/install/moveit_configs_utils:/home/a/ws_moveit2/install/srdfdom:/home/a/ws_moveit2/install/moveit_resources_pr2_description:/home/a/ws_moveit2/install/moveit_resources_panda_description:/home/a/ws_moveit2/install/moveit_resources_fanuc_description:/home/a/ws_moveit2/install/moveit_common:/home/a/ws_moveit2/install/launch_param_builder:${AMENT_PREFIX_PATH} CMAKE_PREFIX_PATH=/home/a/ws_moveit2/install/moveit_kinematics:/home/a/ws_moveit2/install/moveit_ros_planning:/home/a/ws_moveit2/install/moveit_ros_occupancy_map_monitor:/home/a/ws_moveit2/install/moveit_core:/home/a/ws_moveit2/install/moveit_resources_panda_moveit_config:/home/a/ws_moveit2/install/moveit_resources_fanuc_moveit_config:/home/a/ws_moveit2/install/srdfdom:/home/a/ws_moveit2/install/moveit_resources_pr2_description:/home/a/ws_moveit2/install/moveit_resources_panda_description:/home/a/ws_moveit2/install/moveit_resources_fanuc_description:/home/a/ws_moveit2/install/moveit_common:/opt/ros/humble LD_LIBRARY_PATH=/home/a/ws_moveit2/install/moveit_kinematics/lib:/home/a/ws_moveit2/install/moveit_ros_planning/lib:/home/a/ws_moveit2/install/moveit_ros_occupancy_map_monitor/lib:/home/a/ws_moveit2/install/moveit_core/lib:/home/a/ws_moveit2/install/srdfdom/lib:${LD_LIBRARY_PATH} PATH=/home/a/ws_moveit2/install/moveit_core/bin:${PATH} PYTHONPATH=/home/a/ws_moveit2/install/moveit_configs_utils/lib/python3.10/site-packages:/home/a/ws_moveit2/install/srdfdom/local/lib/python3.10/dist-packages:/home/a/ws_moveit2/install/launch_param_builder/lib/python3.10/site-packages:${PYTHONPATH} /usr/bin/cmake --build /home/a/ws_moveit2/build/moveit_ros_move_group -- -j22 -l22
[4.143s] Invoking command in '/home/a/ws_moveit2/build/moveit_ros_move_group': AMENT_PREFIX_PATH=/home/a/ws_moveit2/install/moveit_kinematics:/home/a/ws_moveit2/install/moveit_ros_planning:/home/a/ws_moveit2/install/moveit_ros_occupancy_map_monitor:/home/a/ws_moveit2/install/moveit_core:/home/a/ws_moveit2/install/moveit_resources_panda_moveit_config:/home/a/ws_moveit2/install/moveit_resources_fanuc_moveit_config:/home/a/ws_moveit2/install/moveit_configs_utils:/home/a/ws_moveit2/install/srdfdom:/home/a/ws_moveit2/install/moveit_resources_pr2_description:/home/a/ws_moveit2/install/moveit_resources_panda_description:/home/a/ws_moveit2/install/moveit_resources_fanuc_description:/home/a/ws_moveit2/install/moveit_common:/home/a/ws_moveit2/install/launch_param_builder:${AMENT_PREFIX_PATH} CMAKE_PREFIX_PATH=/home/a/ws_moveit2/install/moveit_kinematics:/home/a/ws_moveit2/install/moveit_ros_planning:/home/a/ws_moveit2/install/moveit_ros_occupancy_map_monitor:/home/a/ws_moveit2/install/moveit_core:/home/a/ws_moveit2/install/moveit_resources_panda_moveit_config:/home/a/ws_moveit2/install/moveit_resources_fanuc_moveit_config:/home/a/ws_moveit2/install/srdfdom:/home/a/ws_moveit2/install/moveit_resources_pr2_description:/home/a/ws_moveit2/install/moveit_resources_panda_description:/home/a/ws_moveit2/install/moveit_resources_fanuc_description:/home/a/ws_moveit2/install/moveit_common:/opt/ros/humble LD_LIBRARY_PATH=/home/a/ws_moveit2/install/moveit_kinematics/lib:/home/a/ws_moveit2/install/moveit_ros_planning/lib:/home/a/ws_moveit2/install/moveit_ros_occupancy_map_monitor/lib:/home/a/ws_moveit2/install/moveit_core/lib:/home/a/ws_moveit2/install/srdfdom/lib:${LD_LIBRARY_PATH} PATH=/home/a/ws_moveit2/install/moveit_core/bin:${PATH} PYTHONPATH=/home/a/ws_moveit2/install/moveit_configs_utils/lib/python3.10/site-packages:/home/a/ws_moveit2/install/srdfdom/local/lib/python3.10/dist-packages:/home/a/ws_moveit2/install/launch_param_builder/lib/python3.10/site-packages:${PYTHONPATH} /usr/bin/cmake --install /home/a/ws_moveit2/build/moveit_ros_move_group
[4.162s] -- Install configuration: "Release"
[4.173s] -- Up-to-date: /home/a/ws_moveit2/install/moveit_ros_move_group/lib/moveit_ros_move_group/move_group
[4.179s] -- Up-to-date: /home/a/ws_moveit2/install/moveit_ros_move_group/lib/moveit_ros_move_group/list_move_group_capabilities
[4.189s] -- Up-to-date: /home/a/ws_moveit2/install/moveit_ros_move_group/lib/libmoveit_move_group_default_capabilities.so.2.5.9
[4.191s] -- Up-to-date: /home/a/ws_moveit2/install/moveit_ros_move_group/lib/libmoveit_move_group_default_capabilities.so
[4.194s] -- Up-to-date: /home/a/ws_moveit2/install/moveit_ros_move_group/lib/libmoveit_move_group_capabilities_base.so.2.5.9
[4.202s] -- Up-to-date: /home/a/ws_moveit2/install/moveit_ros_move_group/lib/libmoveit_move_group_capabilities_base.so
[4.203s] -- Up-to-date: /home/a/ws_moveit2/install/moveit_ros_move_group/include
[4.204s] -- Up-to-date: /home/a/ws_moveit2/install/moveit_ros_move_group/include/moveit
[4.204s] -- Up-to-date: /home/a/ws_moveit2/install/moveit_ros_move_group/include/moveit/move_group
[4.205s] -- Up-to-date: /home/a/ws_moveit2/install/moveit_ros_move_group/include/moveit/move_group/move_group_capability.h
[4.205s] -- Up-to-date: /home/a/ws_moveit2/install/moveit_ros_move_group/include/moveit/move_group/move_group_context.h
[4.206s] -- Up-to-date: /home/a/ws_moveit2/install/moveit_ros_move_group/include/moveit/move_group/capability_names.h
[4.206s] -- Up-to-date: /home/a/ws_moveit2/install/moveit_ros_move_group/include/moveit/move_group/node_name.h
[4.210s] -- Up-to-date: /home/a/ws_moveit2/install/moveit_ros_move_group/share/moveit_ros_move_group/environment/library_path.sh
[4.211s] -- Up-to-date: /home/a/ws_moveit2/install/moveit_ros_move_group/share/moveit_ros_move_group/environment/library_path.dsv
[4.211s] -- Up-to-date: /home/a/ws_moveit2/install/moveit_ros_move_group/lib/moveit_ros_move_group/load_map
[4.212s] -- Up-to-date: /home/a/ws_moveit2/install/moveit_ros_move_group/lib/moveit_ros_move_group/save_map
[4.212s] -- Up-to-date: /home/a/ws_moveit2/install/moveit_ros_move_group/share/moveit_ros_move_group/default_capabilities_plugin_description.xml
[4.213s] -- Up-to-date: /home/a/ws_moveit2/install/moveit_ros_move_group/share/ament_index/resource_index/package_run_dependencies/moveit_ros_move_group
[4.213s] -- Up-to-date: /home/a/ws_moveit2/install/moveit_ros_move_group/share/ament_index/resource_index/parent_prefix_path/moveit_ros_move_group
[4.218s] -- Up-to-date: /home/a/ws_moveit2/install/moveit_ros_move_group/share/moveit_ros_move_group/environment/ament_prefix_path.sh
[4.219s] -- Up-to-date: /home/a/ws_moveit2/install/moveit_ros_move_group/share/moveit_ros_move_group/environment/ament_prefix_path.dsv
[4.220s] -- Up-to-date: /home/a/ws_moveit2/install/moveit_ros_move_group/share/moveit_ros_move_group/environment/path.sh
[4.220s] -- Up-to-date: /home/a/ws_moveit2/install/moveit_ros_move_group/share/moveit_ros_move_group/environment/path.dsv
[4.221s] -- Up-to-date: /home/a/ws_moveit2/install/moveit_ros_move_group/share/moveit_ros_move_group/local_setup.bash
[4.221s] -- Up-to-date: /home/a/ws_moveit2/install/moveit_ros_move_group/share/moveit_ros_move_group/local_setup.sh
[4.226s] -- Up-to-date: /home/a/ws_moveit2/install/moveit_ros_move_group/share/moveit_ros_move_group/local_setup.zsh
[4.227s] -- Up-to-date: /home/a/ws_moveit2/install/moveit_ros_move_group/share/moveit_ros_move_group/local_setup.dsv
[4.227s] -- Up-to-date: /home/a/ws_moveit2/install/moveit_ros_move_group/share/moveit_ros_move_group/package.dsv
[4.228s] -- Up-to-date: /home/a/ws_moveit2/install/moveit_ros_move_group/share/ament_index/resource_index/packages/moveit_ros_move_group
[4.228s] -- Up-to-date: /home/a/ws_moveit2/install/moveit_ros_move_group/share/ament_index/resource_index/moveit_ros_move_group__pluginlib__plugin/moveit_ros_move_group
[4.233s] -- Up-to-date: /home/a/ws_moveit2/install/moveit_ros_move_group/share/moveit_ros_move_group/cmake/export_moveit_ros_move_groupExport.cmake
[4.234s] -- Up-to-date: /home/a/ws_moveit2/install/moveit_ros_move_group/share/moveit_ros_move_group/cmake/export_moveit_ros_move_groupExport-release.cmake
[4.234s] -- Up-to-date: /home/a/ws_moveit2/install/moveit_ros_move_group/share/moveit_ros_move_group/cmake/ConfigExtras.cmake
[4.235s] -- Up-to-date: /home/a/ws_moveit2/install/moveit_ros_move_group/share/moveit_ros_move_group/cmake/ament_cmake_export_targets-extras.cmake
[4.235s] -- Up-to-date: /home/a/ws_moveit2/install/moveit_ros_move_group/share/moveit_ros_move_group/cmake/ament_cmake_export_dependencies-extras.cmake
[4.236s] -- Up-to-date: /home/a/ws_moveit2/install/moveit_ros_move_group/share/moveit_ros_move_group/cmake/moveit_ros_move_groupConfig.cmake
[4.240s] -- Up-to-date: /home/a/ws_moveit2/install/moveit_ros_move_group/share/moveit_ros_move_group/cmake/moveit_ros_move_groupConfig-version.cmake
[4.241s] -- Up-to-date: /home/a/ws_moveit2/install/moveit_ros_move_group/share/moveit_ros_move_group/package.xml
[4.274s] Invoked command in '/home/a/ws_moveit2/build/moveit_ros_move_group' returned '0': AMENT_PREFIX_PATH=/home/a/ws_moveit2/install/moveit_kinematics:/home/a/ws_moveit2/install/moveit_ros_planning:/home/a/ws_moveit2/install/moveit_ros_occupancy_map_monitor:/home/a/ws_moveit2/install/moveit_core:/home/a/ws_moveit2/install/moveit_resources_panda_moveit_config:/home/a/ws_moveit2/install/moveit_resources_fanuc_moveit_config:/home/a/ws_moveit2/install/moveit_configs_utils:/home/a/ws_moveit2/install/srdfdom:/home/a/ws_moveit2/install/moveit_resources_pr2_description:/home/a/ws_moveit2/install/moveit_resources_panda_description:/home/a/ws_moveit2/install/moveit_resources_fanuc_description:/home/a/ws_moveit2/install/moveit_common:/home/a/ws_moveit2/install/launch_param_builder:${AMENT_PREFIX_PATH} CMAKE_PREFIX_PATH=/home/a/ws_moveit2/install/moveit_kinematics:/home/a/ws_moveit2/install/moveit_ros_planning:/home/a/ws_moveit2/install/moveit_ros_occupancy_map_monitor:/home/a/ws_moveit2/install/moveit_core:/home/a/ws_moveit2/install/moveit_resources_panda_moveit_config:/home/a/ws_moveit2/install/moveit_resources_fanuc_moveit_config:/home/a/ws_moveit2/install/srdfdom:/home/a/ws_moveit2/install/moveit_resources_pr2_description:/home/a/ws_moveit2/install/moveit_resources_panda_description:/home/a/ws_moveit2/install/moveit_resources_fanuc_description:/home/a/ws_moveit2/install/moveit_common:/opt/ros/humble LD_LIBRARY_PATH=/home/a/ws_moveit2/install/moveit_kinematics/lib:/home/a/ws_moveit2/install/moveit_ros_planning/lib:/home/a/ws_moveit2/install/moveit_ros_occupancy_map_monitor/lib:/home/a/ws_moveit2/install/moveit_core/lib:/home/a/ws_moveit2/install/srdfdom/lib:${LD_LIBRARY_PATH} PATH=/home/a/ws_moveit2/install/moveit_core/bin:${PATH} PYTHONPATH=/home/a/ws_moveit2/install/moveit_configs_utils/lib/python3.10/site-packages:/home/a/ws_moveit2/install/srdfdom/local/lib/python3.10/dist-packages:/home/a/ws_moveit2/install/launch_param_builder/lib/python3.10/site-packages:${PYTHONPATH} /usr/bin/cmake --install /home/a/ws_moveit2/build/moveit_ros_move_group
