[0.266s] Invoking command in '/home/a/ws_moveit2/build/blue_seiretu_description': CMAKE_PREFIX_PATH=${CMAKE_PREFIX_PATH}:/home/a/ws_moveit2/install/moveit_configs_utils:/home/a/ws_moveit2/install/ros_tcp_endpoint:/home/a/ws_moveit2/install/realsense2_ros_mqtt_bridge:/home/a/ws_moveit2/install/launch_param_builder:/home/a/ws_moveit2/install/dynamixel_controller_gui:/home/a/ws_moveit2/install/dynamixel_controller_client:/home/a/ws_moveit2/install/d415_rgb_depth_3d:/opt/ros/humble /usr/bin/cmake /home/a/ws_moveit2/src/blue_seiretu_description -DCMAKE_INSTALL_PREFIX=/home/a/ws_moveit2/install/blue_seiretu_description
[1.147s] -- The C compiler identification is GNU 11.4.0
[1.147s] -- The CXX compiler identification is GNU 11.4.0
[1.147s] -- Detecting C compiler ABI info
[1.147s] -- Detecting C compiler ABI info - done
[1.147s] -- Check for working C compiler: /usr/bin/cc - skipped
[1.148s] -- Detecting C compile features
[1.148s] -- Detecting C compile features - done
[1.148s] -- Detecting CXX compiler ABI info
[1.148s] -- Detecting CXX compiler ABI info - done
[1.148s] -- Check for working CXX compiler: /usr/bin/c++ - skipped
[1.148s] -- Detecting CXX compile features
[1.148s] -- Detecting CXX compile features - done
[1.148s] -- Found ament_cmake: 1.3.12 (/opt/ros/humble/share/ament_cmake/cmake)
[1.148s] -- Found Python3: /usr/bin/python3 (found version "3.10.12") found components: Interpreter 
[1.148s] -- Found urdf: 2.6.1 (/opt/ros/humble/share/urdf/cmake)
[1.148s] -- Configuring done
[1.148s] -- Generating done
[1.148s] -- Build files have been written to: /home/a/ws_moveit2/build/blue_seiretu_description
[1.177s] Invoked command in '/home/a/ws_moveit2/build/blue_seiretu_description' returned '0': CMAKE_PREFIX_PATH=${CMAKE_PREFIX_PATH}:/home/a/ws_moveit2/install/moveit_configs_utils:/home/a/ws_moveit2/install/ros_tcp_endpoint:/home/a/ws_moveit2/install/realsense2_ros_mqtt_bridge:/home/a/ws_moveit2/install/launch_param_builder:/home/a/ws_moveit2/install/dynamixel_controller_gui:/home/a/ws_moveit2/install/dynamixel_controller_client:/home/a/ws_moveit2/install/d415_rgb_depth_3d:/opt/ros/humble /usr/bin/cmake /home/a/ws_moveit2/src/blue_seiretu_description -DCMAKE_INSTALL_PREFIX=/home/a/ws_moveit2/install/blue_seiretu_description
[1.178s] Invoking command in '/home/a/ws_moveit2/build/blue_seiretu_description': CMAKE_PREFIX_PATH=${CMAKE_PREFIX_PATH}:/home/a/ws_moveit2/install/moveit_configs_utils:/home/a/ws_moveit2/install/ros_tcp_endpoint:/home/a/ws_moveit2/install/realsense2_ros_mqtt_bridge:/home/a/ws_moveit2/install/launch_param_builder:/home/a/ws_moveit2/install/dynamixel_controller_gui:/home/a/ws_moveit2/install/dynamixel_controller_client:/home/a/ws_moveit2/install/d415_rgb_depth_3d:/opt/ros/humble /usr/bin/cmake --build /home/a/ws_moveit2/build/blue_seiretu_description -- -j22 -l22
[1.415s] Invoked command in '/home/a/ws_moveit2/build/blue_seiretu_description' returned '0': CMAKE_PREFIX_PATH=${CMAKE_PREFIX_PATH}:/home/a/ws_moveit2/install/moveit_configs_utils:/home/a/ws_moveit2/install/ros_tcp_endpoint:/home/a/ws_moveit2/install/realsense2_ros_mqtt_bridge:/home/a/ws_moveit2/install/launch_param_builder:/home/a/ws_moveit2/install/dynamixel_controller_gui:/home/a/ws_moveit2/install/dynamixel_controller_client:/home/a/ws_moveit2/install/d415_rgb_depth_3d:/opt/ros/humble /usr/bin/cmake --build /home/a/ws_moveit2/build/blue_seiretu_description -- -j22 -l22
[1.416s] Invoking command in '/home/a/ws_moveit2/build/blue_seiretu_description': CMAKE_PREFIX_PATH=${CMAKE_PREFIX_PATH}:/home/a/ws_moveit2/install/moveit_configs_utils:/home/a/ws_moveit2/install/ros_tcp_endpoint:/home/a/ws_moveit2/install/realsense2_ros_mqtt_bridge:/home/a/ws_moveit2/install/launch_param_builder:/home/a/ws_moveit2/install/dynamixel_controller_gui:/home/a/ws_moveit2/install/dynamixel_controller_client:/home/a/ws_moveit2/install/d415_rgb_depth_3d:/opt/ros/humble /usr/bin/cmake --install /home/a/ws_moveit2/build/blue_seiretu_description
[1.422s] -- Install configuration: ""
[1.422s] -- Installing: /home/a/ws_moveit2/install/blue_seiretu_description/share/blue_seiretu_description/meshes
[1.423s] -- Installing: /home/a/ws_moveit2/install/blue_seiretu_description/share/blue_seiretu_description/meshes/blue_seiretu_1.stl
[1.426s] -- Installing: /home/a/ws_moveit2/install/blue_seiretu_description/share/blue_seiretu_description/meshes/base_link.stl
[1.430s] -- Installing: /home/a/ws_moveit2/install/blue_seiretu_description/share/blue_seiretu_description/urdf
[1.430s] -- Installing: /home/a/ws_moveit2/install/blue_seiretu_description/share/blue_seiretu_description/urdf/materials.xacro
[1.431s] -- Installing: /home/a/ws_moveit2/install/blue_seiretu_description/share/blue_seiretu_description/urdf/blue_seiretu.xacro
[1.431s] -- Installing: /home/a/ws_moveit2/install/blue_seiretu_description/share/blue_seiretu_description/urdf/blue_seiretu.trans
[1.431s] -- Installing: /home/a/ws_moveit2/install/blue_seiretu_description/share/blue_seiretu_description/launch
[1.431s] -- Installing: /home/a/ws_moveit2/install/blue_seiretu_description/share/blue_seiretu_description/launch/robot_description.launch.py
[1.431s] -- Installing: /home/a/ws_moveit2/install/blue_seiretu_description/share/ament_index/resource_index/package_run_dependencies/blue_seiretu_description
[1.431s] -- Installing: /home/a/ws_moveit2/install/blue_seiretu_description/share/ament_index/resource_index/parent_prefix_path/blue_seiretu_description
[1.431s] -- Installing: /home/a/ws_moveit2/install/blue_seiretu_description/share/blue_seiretu_description/environment/ament_prefix_path.sh
[1.431s] -- Installing: /home/a/ws_moveit2/install/blue_seiretu_description/share/blue_seiretu_description/environment/ament_prefix_path.dsv
[1.432s] -- Installing: /home/a/ws_moveit2/install/blue_seiretu_description/share/blue_seiretu_description/environment/path.sh
[1.432s] -- Installing: /home/a/ws_moveit2/install/blue_seiretu_description/share/blue_seiretu_description/environment/path.dsv
[1.432s] -- Installing: /home/a/ws_moveit2/install/blue_seiretu_description/share/blue_seiretu_description/local_setup.bash
[1.432s] -- Installing: /home/a/ws_moveit2/install/blue_seiretu_description/share/blue_seiretu_description/local_setup.sh
[1.432s] -- Installing: /home/a/ws_moveit2/install/blue_seiretu_description/share/blue_seiretu_description/local_setup.zsh
[1.432s] -- Installing: /home/a/ws_moveit2/install/blue_seiretu_description/share/blue_seiretu_description/local_setup.dsv
[1.432s] -- Installing: /home/a/ws_moveit2/install/blue_seiretu_description/share/blue_seiretu_description/package.dsv
[1.432s] -- Installing: /home/a/ws_moveit2/install/blue_seiretu_description/share/ament_index/resource_index/packages/blue_seiretu_description
[1.432s] -- Installing: /home/a/ws_moveit2/install/blue_seiretu_description/share/blue_seiretu_description/cmake/blue_seiretu_descriptionConfig.cmake
[1.432s] -- Installing: /home/a/ws_moveit2/install/blue_seiretu_description/share/blue_seiretu_description/cmake/blue_seiretu_descriptionConfig-version.cmake
[1.432s] -- Installing: /home/a/ws_moveit2/install/blue_seiretu_description/share/blue_seiretu_description/package.xml
[1.510s] Invoked command in '/home/a/ws_moveit2/build/blue_seiretu_description' returned '0': CMAKE_PREFIX_PATH=${CMAKE_PREFIX_PATH}:/home/a/ws_moveit2/install/moveit_configs_utils:/home/a/ws_moveit2/install/ros_tcp_endpoint:/home/a/ws_moveit2/install/realsense2_ros_mqtt_bridge:/home/a/ws_moveit2/install/launch_param_builder:/home/a/ws_moveit2/install/dynamixel_controller_gui:/home/a/ws_moveit2/install/dynamixel_controller_client:/home/a/ws_moveit2/install/d415_rgb_depth_3d:/opt/ros/humble /usr/bin/cmake --install /home/a/ws_moveit2/build/blue_seiretu_description
