[1.043s] Invoking command in '/home/a/ws_moveit2/build/field_description': CMAKE_PREFIX_PATH=${CMAKE_PREFIX_PATH}:/home/a/ws_moveit2/install/moveit_configs_utils:/home/a/ws_moveit2/install/ros_tcp_endpoint:/home/a/ws_moveit2/install/realsense2_ros_mqtt_bridge:/home/a/ws_moveit2/install/launch_param_builder:/home/a/ws_moveit2/install/dynamixel_controller_gui:/home/a/ws_moveit2/install/dynamixel_controller_client:/home/a/ws_moveit2/install/d415_rgb_depth_3d:/opt/ros/humble /usr/bin/cmake --build /home/a/ws_moveit2/build/field_description -- -j22 -l22
[1.831s] Invoked command in '/home/a/ws_moveit2/build/field_description' returned '0': CMAKE_PREFIX_PATH=${CMAKE_PREFIX_PATH}:/home/a/ws_moveit2/install/moveit_configs_utils:/home/a/ws_moveit2/install/ros_tcp_endpoint:/home/a/ws_moveit2/install/realsense2_ros_mqtt_bridge:/home/a/ws_moveit2/install/launch_param_builder:/home/a/ws_moveit2/install/dynamixel_controller_gui:/home/a/ws_moveit2/install/dynamixel_controller_client:/home/a/ws_moveit2/install/d415_rgb_depth_3d:/opt/ros/humble /usr/bin/cmake --build /home/a/ws_moveit2/build/field_description -- -j22 -l22
[1.834s] Invoking command in '/home/a/ws_moveit2/build/field_description': CMAKE_PREFIX_PATH=${CMAKE_PREFIX_PATH}:/home/a/ws_moveit2/install/moveit_configs_utils:/home/a/ws_moveit2/install/ros_tcp_endpoint:/home/a/ws_moveit2/install/realsense2_ros_mqtt_bridge:/home/a/ws_moveit2/install/launch_param_builder:/home/a/ws_moveit2/install/dynamixel_controller_gui:/home/a/ws_moveit2/install/dynamixel_controller_client:/home/a/ws_moveit2/install/d415_rgb_depth_3d:/opt/ros/humble /usr/bin/cmake --install /home/a/ws_moveit2/build/field_description
[1.990s] -- Install configuration: ""
[1.990s] -- Up-to-date: /home/a/ws_moveit2/install/field_description/share/field_description/meshes
[1.991s] -- Up-to-date: /home/a/ws_moveit2/install/field_description/share/field_description/meshes/base_link.stl
[1.991s] -- Up-to-date: /home/a/ws_moveit2/install/field_description/share/field_description/urdf
[1.991s] -- Up-to-date: /home/a/ws_moveit2/install/field_description/share/field_description/urdf/materials.xacro
[1.991s] -- Up-to-date: /home/a/ws_moveit2/install/field_description/share/field_description/urdf/field.xacro
[1.991s] -- Up-to-date: /home/a/ws_moveit2/install/field_description/share/field_description/urdf/field.urdf
[1.991s] -- Up-to-date: /home/a/ws_moveit2/install/field_description/share/field_description/urdf/materials.urdf
[1.991s] -- Up-to-date: /home/a/ws_moveit2/install/field_description/share/field_description/urdf/field.trans
[1.992s] -- Up-to-date: /home/a/ws_moveit2/install/field_description/share/field_description/launch
[1.992s] -- Up-to-date: /home/a/ws_moveit2/install/field_description/share/field_description/launch/robot_description.launch.py
[1.992s] -- Up-to-date: /home/a/ws_moveit2/install/field_description/share/ament_index/resource_index/package_run_dependencies/field_description
[1.992s] -- Up-to-date: /home/a/ws_moveit2/install/field_description/share/ament_index/resource_index/parent_prefix_path/field_description
[1.992s] -- Up-to-date: /home/a/ws_moveit2/install/field_description/share/field_description/environment/ament_prefix_path.sh
[1.993s] -- Up-to-date: /home/a/ws_moveit2/install/field_description/share/field_description/environment/ament_prefix_path.dsv
[1.993s] -- Up-to-date: /home/a/ws_moveit2/install/field_description/share/field_description/environment/path.sh
[1.993s] -- Up-to-date: /home/a/ws_moveit2/install/field_description/share/field_description/environment/path.dsv
[1.993s] -- Up-to-date: /home/a/ws_moveit2/install/field_description/share/field_description/local_setup.bash
[1.993s] -- Up-to-date: /home/a/ws_moveit2/install/field_description/share/field_description/local_setup.sh
[1.993s] -- Up-to-date: /home/a/ws_moveit2/install/field_description/share/field_description/local_setup.zsh
[1.993s] -- Up-to-date: /home/a/ws_moveit2/install/field_description/share/field_description/local_setup.dsv
[1.994s] -- Installing: /home/a/ws_moveit2/install/field_description/share/field_description/package.dsv
[1.994s] -- Up-to-date: /home/a/ws_moveit2/install/field_description/share/ament_index/resource_index/packages/field_description
[1.995s] -- Up-to-date: /home/a/ws_moveit2/install/field_description/share/field_description/cmake/field_descriptionConfig.cmake
[1.995s] -- Up-to-date: /home/a/ws_moveit2/install/field_description/share/field_description/cmake/field_descriptionConfig-version.cmake
[1.995s] -- Up-to-date: /home/a/ws_moveit2/install/field_description/share/field_description/package.xml
[2.358s] Invoked command in '/home/a/ws_moveit2/build/field_description' returned '0': CMAKE_PREFIX_PATH=${CMAKE_PREFIX_PATH}:/home/a/ws_moveit2/install/moveit_configs_utils:/home/a/ws_moveit2/install/ros_tcp_endpoint:/home/a/ws_moveit2/install/realsense2_ros_mqtt_bridge:/home/a/ws_moveit2/install/launch_param_builder:/home/a/ws_moveit2/install/dynamixel_controller_gui:/home/a/ws_moveit2/install/dynamixel_controller_client:/home/a/ws_moveit2/install/d415_rgb_depth_3d:/opt/ros/humble /usr/bin/cmake --install /home/a/ws_moveit2/build/field_description
