[0.070s] Invoking command in '/home/a/ws_moveit2/build/dynamixel_sdk_examples': AMENT_PREFIX_PATH=/home/a/ws_moveit2/install/dynamixel_sdk_custom_interfaces:/home/a/ws_moveit2/install/dynamixel_sdk:${AMENT_PREFIX_PATH} CMAKE_PREFIX_PATH=/home/a/ws_moveit2/install/dynamixel_sdk_custom_interfaces:/home/a/ws_moveit2/install/dynamixel_sdk:/opt/ros/humble LD_LIBRARY_PATH=/home/a/ws_moveit2/install/dynamixel_sdk_custom_interfaces/lib:/home/a/ws_moveit2/install/dynamixel_sdk/lib:${LD_LIBRARY_PATH} PYTHONPATH=/home/a/ws_moveit2/install/dynamixel_sdk_custom_interfaces/local/lib/python3.10/dist-packages:${PYTHONPATH} /usr/bin/cmake --build /home/a/ws_moveit2/build/dynamixel_sdk_examples -- -j22 -l22
[0.126s] [ 10%] Built target read_write_current_node
[0.130s] [ 20%] Built target pub_current_node
[0.130s] [ 30%] Built target pub_position_node
[0.130s] [ 40%] Built target pub_velocity_node
[0.130s] [ 50%] Built target read_write_velocity_node
[0.130s] [ 60%] Built target read_write_current_pos_v1_node
[0.133s] [ 70%] Built target read_write_current_pos_v2_node
[0.133s] [ 80%] Built target pub_current_pos_v1_node
[0.134s] [ 90%] Built target read_write_position_node
[0.136s] [100%] Built target pub_current_pos_v2_node
[0.198s] Invoked command in '/home/a/ws_moveit2/build/dynamixel_sdk_examples' returned '0': AMENT_PREFIX_PATH=/home/a/ws_moveit2/install/dynamixel_sdk_custom_interfaces:/home/a/ws_moveit2/install/dynamixel_sdk:${AMENT_PREFIX_PATH} CMAKE_PREFIX_PATH=/home/a/ws_moveit2/install/dynamixel_sdk_custom_interfaces:/home/a/ws_moveit2/install/dynamixel_sdk:/opt/ros/humble LD_LIBRARY_PATH=/home/a/ws_moveit2/install/dynamixel_sdk_custom_interfaces/lib:/home/a/ws_moveit2/install/dynamixel_sdk/lib:${LD_LIBRARY_PATH} PYTHONPATH=/home/a/ws_moveit2/install/dynamixel_sdk_custom_interfaces/local/lib/python3.10/dist-packages:${PYTHONPATH} /usr/bin/cmake --build /home/a/ws_moveit2/build/dynamixel_sdk_examples -- -j22 -l22
[0.201s] Invoking command in '/home/a/ws_moveit2/build/dynamixel_sdk_examples': AMENT_PREFIX_PATH=/home/a/ws_moveit2/install/dynamixel_sdk_custom_interfaces:/home/a/ws_moveit2/install/dynamixel_sdk:${AMENT_PREFIX_PATH} CMAKE_PREFIX_PATH=/home/a/ws_moveit2/install/dynamixel_sdk_custom_interfaces:/home/a/ws_moveit2/install/dynamixel_sdk:/opt/ros/humble LD_LIBRARY_PATH=/home/a/ws_moveit2/install/dynamixel_sdk_custom_interfaces/lib:/home/a/ws_moveit2/install/dynamixel_sdk/lib:${LD_LIBRARY_PATH} PYTHONPATH=/home/a/ws_moveit2/install/dynamixel_sdk_custom_interfaces/local/lib/python3.10/dist-packages:${PYTHONPATH} /usr/bin/cmake --install /home/a/ws_moveit2/build/dynamixel_sdk_examples
[0.208s] -- Install configuration: ""
[0.210s] -- Up-to-date: /home/a/ws_moveit2/install/dynamixel_sdk_examples/lib/dynamixel_sdk_examples/read_write_current_node
[0.211s] -- Up-to-date: /home/a/ws_moveit2/install/dynamixel_sdk_examples/lib/dynamixel_sdk_examples/pub_current_node
[0.211s] -- Up-to-date: /home/a/ws_moveit2/install/dynamixel_sdk_examples/lib/dynamixel_sdk_examples/read_write_velocity_node
[0.211s] -- Up-to-date: /home/a/ws_moveit2/install/dynamixel_sdk_examples/lib/dynamixel_sdk_examples/pub_velocity_node
[0.212s] -- Up-to-date: /home/a/ws_moveit2/install/dynamixel_sdk_examples/lib/dynamixel_sdk_examples/read_write_position_node
[0.217s] -- Up-to-date: /home/a/ws_moveit2/install/dynamixel_sdk_examples/lib/dynamixel_sdk_examples/pub_position_node
[0.217s] -- Up-to-date: /home/a/ws_moveit2/install/dynamixel_sdk_examples/lib/dynamixel_sdk_examples/read_write_current_pos_v1_node
[0.217s] -- Up-to-date: /home/a/ws_moveit2/install/dynamixel_sdk_examples/lib/dynamixel_sdk_examples/pub_current_pos_v1_node
[0.218s] -- Up-to-date: /home/a/ws_moveit2/install/dynamixel_sdk_examples/lib/dynamixel_sdk_examples/read_write_current_pos_v2_node
[0.219s] -- Up-to-date: /home/a/ws_moveit2/install/dynamixel_sdk_examples/lib/dynamixel_sdk_examples/pub_current_pos_v2_node
[0.220s] -- Up-to-date: /home/a/ws_moveit2/install/dynamixel_sdk_examples/share/ament_index/resource_index/package_run_dependencies/dynamixel_sdk_examples
[0.220s] -- Up-to-date: /home/a/ws_moveit2/install/dynamixel_sdk_examples/share/ament_index/resource_index/parent_prefix_path/dynamixel_sdk_examples
[0.221s] -- Up-to-date: /home/a/ws_moveit2/install/dynamixel_sdk_examples/share/dynamixel_sdk_examples/environment/ament_prefix_path.sh
[0.221s] -- Up-to-date: /home/a/ws_moveit2/install/dynamixel_sdk_examples/share/dynamixel_sdk_examples/environment/ament_prefix_path.dsv
[0.221s] -- Up-to-date: /home/a/ws_moveit2/install/dynamixel_sdk_examples/share/dynamixel_sdk_examples/environment/path.sh
[0.221s] -- Up-to-date: /home/a/ws_moveit2/install/dynamixel_sdk_examples/share/dynamixel_sdk_examples/environment/path.dsv
[0.221s] -- Up-to-date: /home/a/ws_moveit2/install/dynamixel_sdk_examples/share/dynamixel_sdk_examples/local_setup.bash
[0.221s] -- Up-to-date: /home/a/ws_moveit2/install/dynamixel_sdk_examples/share/dynamixel_sdk_examples/local_setup.sh
[0.221s] -- Up-to-date: /home/a/ws_moveit2/install/dynamixel_sdk_examples/share/dynamixel_sdk_examples/local_setup.zsh
[0.222s] -- Up-to-date: /home/a/ws_moveit2/install/dynamixel_sdk_examples/share/dynamixel_sdk_examples/local_setup.dsv
[0.222s] -- Installing: /home/a/ws_moveit2/install/dynamixel_sdk_examples/share/dynamixel_sdk_examples/package.dsv
[0.222s] -- Up-to-date: /home/a/ws_moveit2/install/dynamixel_sdk_examples/share/ament_index/resource_index/packages/dynamixel_sdk_examples
[0.223s] -- Up-to-date: /home/a/ws_moveit2/install/dynamixel_sdk_examples/share/dynamixel_sdk_examples/cmake/dynamixel_sdk_examplesConfig.cmake
[0.223s] -- Up-to-date: /home/a/ws_moveit2/install/dynamixel_sdk_examples/share/dynamixel_sdk_examples/cmake/dynamixel_sdk_examplesConfig-version.cmake
[0.223s] -- Up-to-date: /home/a/ws_moveit2/install/dynamixel_sdk_examples/share/dynamixel_sdk_examples/package.xml
[0.270s] Invoked command in '/home/a/ws_moveit2/build/dynamixel_sdk_examples' returned '0': AMENT_PREFIX_PATH=/home/a/ws_moveit2/install/dynamixel_sdk_custom_interfaces:/home/a/ws_moveit2/install/dynamixel_sdk:${AMENT_PREFIX_PATH} CMAKE_PREFIX_PATH=/home/a/ws_moveit2/install/dynamixel_sdk_custom_interfaces:/home/a/ws_moveit2/install/dynamixel_sdk:/opt/ros/humble LD_LIBRARY_PATH=/home/a/ws_moveit2/install/dynamixel_sdk_custom_interfaces/lib:/home/a/ws_moveit2/install/dynamixel_sdk/lib:${LD_LIBRARY_PATH} PYTHONPATH=/home/a/ws_moveit2/install/dynamixel_sdk_custom_interfaces/local/lib/python3.10/dist-packages:${PYTHONPATH} /usr/bin/cmake --install /home/a/ws_moveit2/build/dynamixel_sdk_examples
