[1.173s] Invoking command in '/home/a/ws_moveit2/src/launch_param_builder': PYTHONPATH=/home/a/ws_moveit2/build/launch_param_builder/prefix_override:/usr/lib/python3/dist-packages/colcon_core/task/python/colcon_distutils_commands:/home/a/ws_moveit2/install/launch_param_builder/lib/python3.10/site-packages:${PYTHONPATH} /usr/bin/python3 -W ignore:setup.py install is deprecated -W ignore:easy_install command is deprecated setup.py egg_info --egg-base ../../build/launch_param_builder build --build-base /home/a/ws_moveit2/build/launch_param_builder/build install --record /home/a/ws_moveit2/build/launch_param_builder/install.log --single-version-externally-managed install_data
[1.412s] running egg_info
[1.412s] writing ../../build/launch_param_builder/launch_param_builder.egg-info/PKG-INFO
[1.412s] writing dependency_links to ../../build/launch_param_builder/launch_param_builder.egg-info/dependency_links.txt
[1.412s] writing entry points to ../../build/launch_param_builder/launch_param_builder.egg-info/entry_points.txt
[1.413s] writing requirements to ../../build/launch_param_builder/launch_param_builder.egg-info/requires.txt
[1.413s] writing top-level names to ../../build/launch_param_builder/launch_param_builder.egg-info/top_level.txt
[1.414s] reading manifest file '../../build/launch_param_builder/launch_param_builder.egg-info/SOURCES.txt'
[1.415s] adding license file 'LICENSE'
[1.416s] writing manifest file '../../build/launch_param_builder/launch_param_builder.egg-info/SOURCES.txt'
[1.416s] running build
[1.416s] running build_py
[1.416s] running install
[1.416s] running install_lib
[1.417s] running install_data
[1.418s] running install_egg_info
[1.419s] removing '/home/a/ws_moveit2/install/launch_param_builder/lib/python3.10/site-packages/launch_param_builder-0.1.1-py3.10.egg-info' (and everything under it)
[1.419s] Copying ../../build/launch_param_builder/launch_param_builder.egg-info to /home/a/ws_moveit2/install/launch_param_builder/lib/python3.10/site-packages/launch_param_builder-0.1.1-py3.10.egg-info
[1.420s] running install_scripts
[1.439s] writing list of installed files to '/home/a/ws_moveit2/build/launch_param_builder/install.log'
[1.574s] Invoked command in '/home/a/ws_moveit2/src/launch_param_builder' returned '0': PYTHONPATH=/home/a/ws_moveit2/build/launch_param_builder/prefix_override:/usr/lib/python3/dist-packages/colcon_core/task/python/colcon_distutils_commands:/home/a/ws_moveit2/install/launch_param_builder/lib/python3.10/site-packages:${PYTHONPATH} /usr/bin/python3 -W ignore:setup.py install is deprecated -W ignore:easy_install command is deprecated setup.py egg_info --egg-base ../../build/launch_param_builder build --build-base /home/a/ws_moveit2/build/launch_param_builder/build install --record /home/a/ws_moveit2/build/launch_param_builder/install.log --single-version-externally-managed install_data
