[0.000000] (-) TimerEvent: {}
[0.000170] (-) JobUnselected: {'identifier': 'catch_gazebo_ros2_control'}
[0.000206] (-) JobUnselected: {'identifier': 'chomp_motion_planner'}
[0.000232] (-) JobUnselected: {'identifier': 'd415_rgb_depth_3d'}
[0.000254] (-) JobUnselected: {'identifier': 'dynamixel_controller'}
[0.000274] (-) JobUnselected: {'identifier': 'dynamixel_controller_client'}
[0.000295] (-) JobUnselected: {'identifier': 'dynamixel_controller_gui'}
[0.000316] (-) JobUnselected: {'identifier': 'dynamixel_sdk'}
[0.000336] (-) JobUnselected: {'identifier': 'dynamixel_sdk_custom_interfaces'}
[0.000357] (-) JobUnselected: {'identifier': 'dynamixel_sdk_examples'}
[0.000377] (-) JobUnselected: {'identifier': 'field_description'}
[0.000396] (-) JobUnselected: {'identifier': 'hello_moveit'}
[0.000416] (-) JobUnselected: {'identifier': 'launch_param_builder'}
[0.000436] (-) JobUnselected: {'identifier': 'moveit'}
[0.000456] (-) JobUnselected: {'identifier': 'moveit2_tutorials'}
[0.000476] (-) JobUnselected: {'identifier': 'moveit_chomp_optimizer_adapter'}
[0.000495] (-) JobUnselected: {'identifier': 'moveit_common'}
[0.000514] (-) JobUnselected: {'identifier': 'moveit_configs_utils'}
[0.000534] (-) JobUnselected: {'identifier': 'moveit_core'}
[0.000554] (-) JobUnselected: {'identifier': 'moveit_hybrid_planning'}
[0.000574] (-) JobUnselected: {'identifier': 'moveit_kinematics'}
[0.000596] (-) JobUnselected: {'identifier': 'moveit_planners'}
[0.000632] (-) JobUnselected: {'identifier': 'moveit_planners_chomp'}
[0.000659] (-) JobUnselected: {'identifier': 'moveit_planners_ompl'}
[0.000682] (-) JobUnselected: {'identifier': 'moveit_plugins'}
[0.000706] (-) JobUnselected: {'identifier': 'moveit_resources'}
[0.000728] (-) JobUnselected: {'identifier': 'moveit_resources_fanuc_description'}
[0.000751] (-) JobUnselected: {'identifier': 'moveit_resources_fanuc_moveit_config'}
[0.000775] (-) JobUnselected: {'identifier': 'moveit_resources_panda_description'}
[0.000798] (-) JobUnselected: {'identifier': 'moveit_resources_panda_moveit_config'}
[0.000820] (-) JobUnselected: {'identifier': 'moveit_resources_pr2_description'}
[0.000843] (-) JobUnselected: {'identifier': 'moveit_resources_prbt_ikfast_manipulator_plugin'}
[0.000866] (-) JobUnselected: {'identifier': 'moveit_resources_prbt_moveit_config'}
[0.000889] (-) JobUnselected: {'identifier': 'moveit_resources_prbt_pg70_support'}
[0.000912] (-) JobUnselected: {'identifier': 'moveit_resources_prbt_support'}
[0.000935] (-) JobUnselected: {'identifier': 'moveit_ros'}
[0.000958] (-) JobUnselected: {'identifier': 'moveit_ros_benchmarks'}
[0.000980] (-) JobUnselected: {'identifier': 'moveit_ros_control_interface'}
[0.001003] (-) JobUnselected: {'identifier': 'moveit_ros_move_group'}
[0.001026] (-) JobUnselected: {'identifier': 'moveit_ros_occupancy_map_monitor'}
[0.001049] (-) JobUnselected: {'identifier': 'moveit_ros_perception'}
[0.001072] (-) JobUnselected: {'identifier': 'moveit_ros_planning'}
[0.001095] (-) JobUnselected: {'identifier': 'moveit_ros_planning_interface'}
[0.001117] (-) JobUnselected: {'identifier': 'moveit_ros_robot_interaction'}
[0.001140] (-) JobUnselected: {'identifier': 'moveit_ros_visualization'}
[0.001163] (-) JobUnselected: {'identifier': 'moveit_ros_warehouse'}
[0.001185] (-) JobUnselected: {'identifier': 'moveit_runtime'}
[0.001208] (-) JobUnselected: {'identifier': 'moveit_servo'}
[0.001231] (-) JobUnselected: {'identifier': 'moveit_setup_app_plugins'}
[0.001254] (-) JobUnselected: {'identifier': 'moveit_setup_assistant'}
[0.001276] (-) JobUnselected: {'identifier': 'moveit_setup_controllers'}
[0.001299] (-) JobUnselected: {'identifier': 'moveit_setup_core_plugins'}
[0.001322] (-) JobUnselected: {'identifier': 'moveit_setup_framework'}
[0.001344] (-) JobUnselected: {'identifier': 'moveit_setup_srdf_plugins'}
[0.001367] (-) JobUnselected: {'identifier': 'moveit_simple_controller_manager'}
[0.001390] (-) JobUnselected: {'identifier': 'moveit_task_constructor_capabilities'}
[0.001413] (-) JobUnselected: {'identifier': 'moveit_task_constructor_core'}
[0.001435] (-) JobUnselected: {'identifier': 'moveit_task_constructor_demo'}
[0.001468] (-) JobUnselected: {'identifier': 'moveit_task_constructor_msgs'}
[0.001492] (-) JobUnselected: {'identifier': 'moveit_task_constructor_visualization'}
[0.001515] (-) JobUnselected: {'identifier': 'moveit_visual_tools'}
[0.001538] (-) JobUnselected: {'identifier': 'mtc_tutorial'}
[0.001561] (-) JobUnselected: {'identifier': 'object_description'}
[0.001584] (-) JobUnselected: {'identifier': 'pilz_industrial_motion_planner'}
[0.001614] (-) JobUnselected: {'identifier': 'pilz_industrial_motion_planner_testutils'}
[0.001640] (-) JobUnselected: {'identifier': 'realsense2_camera'}
[0.001663] (-) JobUnselected: {'identifier': 'realsense2_camera_msgs'}
[0.001685] (-) JobUnselected: {'identifier': 'realsense2_description'}
[0.001708] (-) JobUnselected: {'identifier': 'realsense2_ros_mqtt_bridge'}
[0.001731] (-) JobUnselected: {'identifier': 'robot_config'}
[0.001754] (-) JobUnselected: {'identifier': 'ros_tcp_endpoint'}
[0.001777] (-) JobUnselected: {'identifier': 'rosparam_shortcuts'}
[0.001800] (-) JobUnselected: {'identifier': 'rviz_marker_tools'}
[0.001823] (-) JobUnselected: {'identifier': 'srdfdom'}
[0.001846] (-) JobUnselected: {'identifier': 'trac_ik'}
[0.001869] (-) JobUnselected: {'identifier': 'trac_ik_kinematics_plugin'}
[0.001892] (-) JobUnselected: {'identifier': 'trac_ik_lib'}
[0.001915] (-) JobUnselected: {'identifier': 'urdf_0816_description'}
[0.001949] (-) EventReactorShutdown: {}
