running egg_info
writing ../../build/d415_rgb_depth_3d/d415_rgb_depth_3d.egg-info/PKG-INFO
writing dependency_links to ../../build/d415_rgb_depth_3d/d415_rgb_depth_3d.egg-info/dependency_links.txt
writing entry points to ../../build/d415_rgb_depth_3d/d415_rgb_depth_3d.egg-info/entry_points.txt
writing requirements to ../../build/d415_rgb_depth_3d/d415_rgb_depth_3d.egg-info/requires.txt
writing top-level names to ../../build/d415_rgb_depth_3d/d415_rgb_depth_3d.egg-info/top_level.txt
reading manifest file '../../build/d415_rgb_depth_3d/d415_rgb_depth_3d.egg-info/SOURCES.txt'
writing manifest file '../../build/d415_rgb_depth_3d/d415_rgb_depth_3d.egg-info/SOURCES.txt'
running build
running build_py
copying d415_rgb_depth_3d/d415_rgb_depth_3d_node.py -> /home/a/ws_moveit2/build/d415_rgb_depth_3d/build/lib/d415_rgb_depth_3d
running install
running install_lib
copying /home/a/ws_moveit2/build/d415_rgb_depth_3d/build/lib/d415_rgb_depth_3d/d415_rgb_depth_3d_node.py -> /home/a/ws_moveit2/install/d415_rgb_depth_3d/lib/python3.10/site-packages/d415_rgb_depth_3d
byte-compiling /home/a/ws_moveit2/install/d415_rgb_depth_3d/lib/python3.10/site-packages/d415_rgb_depth_3d/d415_rgb_depth_3d_node.py to d415_rgb_depth_3d_node.cpython-310.pyc
running install_data
copying launch/d415_rgb_depth_3d.launch.py -> /home/a/ws_moveit2/install/d415_rgb_depth_3d/share/d415_rgb_depth_3d/launch
running install_egg_info
removing '/home/a/ws_moveit2/install/d415_rgb_depth_3d/lib/python3.10/site-packages/d415_rgb_depth_3d-0.0.0-py3.10.egg-info' (and everything under it)
Copying ../../build/d415_rgb_depth_3d/d415_rgb_depth_3d.egg-info to /home/a/ws_moveit2/install/d415_rgb_depth_3d/lib/python3.10/site-packages/d415_rgb_depth_3d-0.0.0-py3.10.egg-info
running install_scripts
Installing d415_rgb_depth_3d_node script to /home/a/ws_moveit2/install/d415_rgb_depth_3d/lib/d415_rgb_depth_3d
writing list of installed files to '/home/a/ws_moveit2/build/d415_rgb_depth_3d/install.log'
