[0.011s] Invoking command in '/home/a/ws_moveit2/build/field_description': CMAKE_PREFIX_PATH=${CMAKE_PREFIX_PATH}:/home/a/ws_moveit2/install/moveit_configs_utils:/home/a/ws_moveit2/install/ros_tcp_endpoint:/home/a/ws_moveit2/install/launch_param_builder:/home/a/ws_moveit2/install/dynamixel_controller_client:/opt/ros/humble /usr/bin/cmake /home/a/ws_moveit2/src/field_description-20250821T110210Z-1-001/field_description -DCMAKE_INSTALL_PREFIX=/home/a/ws_moveit2/install/field_description
[0.058s] -- The C compiler identification is GNU 11.4.0
[0.096s] -- The CXX compiler identification is GNU 11.4.0
[0.102s] -- Detecting C compiler ABI info
[0.163s] -- Detecting C compiler ABI info - done
[0.168s] -- Check for working C compiler: /usr/bin/cc - skipped
[0.168s] -- Detecting C compile features
[0.168s] -- Detecting C compile features - done
[0.170s] -- Detecting CXX compiler ABI info
[0.237s] -- Detecting CXX compiler ABI info - done
[0.244s] -- Check for working CXX compiler: /usr/bin/c++ - skipped
[0.244s] -- Detecting CXX compile features
[0.244s] -- Detecting CXX compile features - done
[0.248s] -- Found ament_cmake: 1.3.12 (/opt/ros/humble/share/ament_cmake/cmake)
[0.364s] -- Found Python3: /usr/bin/python3 (found version "3.10.12") found components: Interpreter 
[0.457s] -- Found urdf: 2.6.1 (/opt/ros/humble/share/urdf/cmake)
[0.548s] -- Configuring done
[0.549s] -- Generating done
[0.550s] -- Build files have been written to: /home/a/ws_moveit2/build/field_description
[0.556s] Invoked command in '/home/a/ws_moveit2/build/field_description' returned '0': CMAKE_PREFIX_PATH=${CMAKE_PREFIX_PATH}:/home/a/ws_moveit2/install/moveit_configs_utils:/home/a/ws_moveit2/install/ros_tcp_endpoint:/home/a/ws_moveit2/install/launch_param_builder:/home/a/ws_moveit2/install/dynamixel_controller_client:/opt/ros/humble /usr/bin/cmake /home/a/ws_moveit2/src/field_description-20250821T110210Z-1-001/field_description -DCMAKE_INSTALL_PREFIX=/home/a/ws_moveit2/install/field_description
[0.557s] Invoking command in '/home/a/ws_moveit2/build/field_description': CMAKE_PREFIX_PATH=${CMAKE_PREFIX_PATH}:/home/a/ws_moveit2/install/moveit_configs_utils:/home/a/ws_moveit2/install/ros_tcp_endpoint:/home/a/ws_moveit2/install/launch_param_builder:/home/a/ws_moveit2/install/dynamixel_controller_client:/opt/ros/humble /usr/bin/cmake --build /home/a/ws_moveit2/build/field_description -- -j22 -l22
[0.592s] Invoked command in '/home/a/ws_moveit2/build/field_description' returned '0': CMAKE_PREFIX_PATH=${CMAKE_PREFIX_PATH}:/home/a/ws_moveit2/install/moveit_configs_utils:/home/a/ws_moveit2/install/ros_tcp_endpoint:/home/a/ws_moveit2/install/launch_param_builder:/home/a/ws_moveit2/install/dynamixel_controller_client:/opt/ros/humble /usr/bin/cmake --build /home/a/ws_moveit2/build/field_description -- -j22 -l22
[0.594s] Invoking command in '/home/a/ws_moveit2/build/field_description': CMAKE_PREFIX_PATH=${CMAKE_PREFIX_PATH}:/home/a/ws_moveit2/install/moveit_configs_utils:/home/a/ws_moveit2/install/ros_tcp_endpoint:/home/a/ws_moveit2/install/launch_param_builder:/home/a/ws_moveit2/install/dynamixel_controller_client:/opt/ros/humble /usr/bin/cmake --install /home/a/ws_moveit2/build/field_description
[0.601s] -- Install configuration: ""
[0.601s] -- Installing: /home/a/ws_moveit2/install/field_description/share/field_description/meshes
[0.601s] -- Installing: /home/a/ws_moveit2/install/field_description/share/field_description/meshes/base_link.stl
[0.743s] -- Installing: /home/a/ws_moveit2/install/field_description/share/field_description/urdf
[0.743s] -- Installing: /home/a/ws_moveit2/install/field_description/share/field_description/urdf/materials.xacro
[0.744s] -- Installing: /home/a/ws_moveit2/install/field_description/share/field_description/urdf/field.xacro
[0.744s] -- Installing: /home/a/ws_moveit2/install/field_description/share/field_description/urdf/field.trans
[0.744s] -- Installing: /home/a/ws_moveit2/install/field_description/share/field_description/launch
[0.744s] -- Installing: /home/a/ws_moveit2/install/field_description/share/field_description/launch/robot_description.launch.py
[0.744s] -- Installing: /home/a/ws_moveit2/install/field_description/share/ament_index/resource_index/package_run_dependencies/field_description
[0.744s] -- Installing: /home/a/ws_moveit2/install/field_description/share/ament_index/resource_index/parent_prefix_path/field_description
[0.744s] -- Installing: /home/a/ws_moveit2/install/field_description/share/field_description/environment/ament_prefix_path.sh
[0.744s] -- Installing: /home/a/ws_moveit2/install/field_description/share/field_description/environment/ament_prefix_path.dsv
[0.744s] -- Installing: /home/a/ws_moveit2/install/field_description/share/field_description/environment/path.sh
[0.744s] -- Installing: /home/a/ws_moveit2/install/field_description/share/field_description/environment/path.dsv
[0.744s] -- Installing: /home/a/ws_moveit2/install/field_description/share/field_description/local_setup.bash
[0.744s] -- Installing: /home/a/ws_moveit2/install/field_description/share/field_description/local_setup.sh
[0.744s] -- Installing: /home/a/ws_moveit2/install/field_description/share/field_description/local_setup.zsh
[0.744s] -- Installing: /home/a/ws_moveit2/install/field_description/share/field_description/local_setup.dsv
[0.745s] -- Installing: /home/a/ws_moveit2/install/field_description/share/field_description/package.dsv
[0.745s] -- Installing: /home/a/ws_moveit2/install/field_description/share/ament_index/resource_index/packages/field_description
[0.745s] -- Installing: /home/a/ws_moveit2/install/field_description/share/field_description/cmake/field_descriptionConfig.cmake
[0.745s] -- Installing: /home/a/ws_moveit2/install/field_description/share/field_description/cmake/field_descriptionConfig-version.cmake
[0.745s] -- Installing: /home/a/ws_moveit2/install/field_description/share/field_description/package.xml
[0.747s] Invoked command in '/home/a/ws_moveit2/build/field_description' returned '0': CMAKE_PREFIX_PATH=${CMAKE_PREFIX_PATH}:/home/a/ws_moveit2/install/moveit_configs_utils:/home/a/ws_moveit2/install/ros_tcp_endpoint:/home/a/ws_moveit2/install/launch_param_builder:/home/a/ws_moveit2/install/dynamixel_controller_client:/opt/ros/humble /usr/bin/cmake --install /home/a/ws_moveit2/build/field_description
