[0.000000] (-) TimerEvent: {}
[0.000481] (-) JobUnselected: {'identifier': '0525_arm_description'}
[0.000638] (-) JobUnselected: {'identifier': 'chomp_motion_planner'}
[0.000712] (-) JobUnselected: {'identifier': 'hello_moveit'}
[0.000750] (-) JobUnselected: {'identifier': 'launch_param_builder'}
[0.000783] (-) JobUnselected: {'identifier': 'moveit'}
[0.000814] (-) JobUnselected: {'identifier': 'moveit2_tutorials'}
[0.000844] (-) JobUnselected: {'identifier': 'moveit_chomp_optimizer_adapter'}
[0.000875] (-) JobUnselected: {'identifier': 'moveit_common'}
[0.000904] (-) JobUnselected: {'identifier': 'moveit_configs_utils'}
[0.000934] (-) JobUnselected: {'identifier': 'moveit_core'}
[0.000963] (-) JobUnselected: {'identifier': 'moveit_hybrid_planning'}
[0.000994] (-) JobUnselected: {'identifier': 'moveit_kinematics'}
[0.001024] (-) JobUnselected: {'identifier': 'moveit_planners'}
[0.001054] (-) JobUnselected: {'identifier': 'moveit_planners_chomp'}
[0.001083] (-) JobUnselected: {'identifier': 'moveit_planners_ompl'}
[0.001113] (-) JobUnselected: {'identifier': 'moveit_plugins'}
[0.001143] (-) JobUnselected: {'identifier': 'moveit_resources'}
[0.001182] (-) JobUnselected: {'identifier': 'moveit_resources_fanuc_description'}
[0.001221] (-) JobUnselected: {'identifier': 'moveit_resources_fanuc_moveit_config'}
[0.001254] (-) JobUnselected: {'identifier': 'moveit_resources_panda_description'}
[0.001283] (-) JobUnselected: {'identifier': 'moveit_resources_panda_moveit_config'}
[0.001312] (-) JobUnselected: {'identifier': 'moveit_resources_pr2_description'}
[0.001342] (-) JobUnselected: {'identifier': 'moveit_resources_prbt_ikfast_manipulator_plugin'}
[0.001372] (-) JobUnselected: {'identifier': 'moveit_resources_prbt_moveit_config'}
[0.001401] (-) JobUnselected: {'identifier': 'moveit_resources_prbt_pg70_support'}
[0.001430] (-) JobUnselected: {'identifier': 'moveit_resources_prbt_support'}
[0.001508] (-) JobUnselected: {'identifier': 'moveit_ros'}
[0.001546] (-) JobUnselected: {'identifier': 'moveit_ros_benchmarks'}
[0.001644] (-) JobUnselected: {'identifier': 'moveit_ros_control_interface'}
[0.001697] (-) JobUnselected: {'identifier': 'moveit_ros_move_group'}
[0.001732] (-) JobUnselected: {'identifier': 'moveit_ros_occupancy_map_monitor'}
[0.001764] (-) JobUnselected: {'identifier': 'moveit_ros_perception'}
[0.001794] (-) JobUnselected: {'identifier': 'moveit_ros_planning'}
[0.001824] (-) JobUnselected: {'identifier': 'moveit_ros_planning_interface'}
[0.001854] (-) JobUnselected: {'identifier': 'moveit_ros_robot_interaction'}
[0.001885] (-) JobUnselected: {'identifier': 'moveit_ros_visualization'}
[0.001915] (-) JobUnselected: {'identifier': 'moveit_ros_warehouse'}
[0.001945] (-) JobUnselected: {'identifier': 'moveit_runtime'}
[0.001974] (-) JobUnselected: {'identifier': 'moveit_servo'}
[0.002004] (-) JobUnselected: {'identifier': 'moveit_setup_app_plugins'}
[0.002034] (-) JobUnselected: {'identifier': 'moveit_setup_assistant'}
[0.002064] (-) JobUnselected: {'identifier': 'moveit_setup_controllers'}
[0.002093] (-) JobUnselected: {'identifier': 'moveit_setup_core_plugins'}
[0.002123] (-) JobUnselected: {'identifier': 'moveit_setup_framework'}
[0.002154] (-) JobUnselected: {'identifier': 'moveit_setup_srdf_plugins'}
[0.002204] (-) JobUnselected: {'identifier': 'moveit_simple_controller_manager'}
[0.002639] (-) JobUnselected: {'identifier': 'moveit_task_constructor_capabilities'}
[0.002837] (-) JobUnselected: {'identifier': 'moveit_task_constructor_core'}
[0.002947] (-) JobUnselected: {'identifier': 'moveit_task_constructor_demo'}
[0.003038] (-) JobUnselected: {'identifier': 'moveit_task_constructor_msgs'}
[0.003131] (-) JobUnselected: {'identifier': 'moveit_task_constructor_visualization'}
[0.003186] (-) JobUnselected: {'identifier': 'moveit_visual_tools'}
[0.003223] (-) JobUnselected: {'identifier': 'mtc_tutorial'}
[0.003341] (-) JobUnselected: {'identifier': 'pilz_industrial_motion_planner'}
[0.003394] (-) JobUnselected: {'identifier': 'pilz_industrial_motion_planner_testutils'}
[0.003429] (-) JobUnselected: {'identifier': 'robot_config'}
[0.003682] (-) JobUnselected: {'identifier': 'rosparam_shortcuts'}
[0.003750] (-) JobUnselected: {'identifier': 'rviz_marker_tools'}
[0.003785] (-) JobUnselected: {'identifier': 'srdfdom'}
[0.003820] (-) EventReactorShutdown: {}
