-- The C compiler identification is GNU 11.4.0
-- The CXX compiler identification is GNU 11.4.0
-- Detecting C compiler ABI info
-- Detecting C compiler ABI info - done
-- Check for working C compiler: /usr/bin/cc - skipped
-- Detecting C compile features
-- Detecting C compile features - done
-- Detecting CXX compiler ABI info
-- Detecting CXX compiler ABI info - done
-- Check for working CXX compiler: /usr/bin/c++ - skipped
-- Detecting CXX compile features
-- Detecting CXX compile features - done
-- Found ament_cmake: 1.3.12 (/opt/ros/humble/share/ament_cmake/cmake)
-- Found Python3: /usr/bin/python3 (found version "3.10.12") found components: Interpreter 
-- Found rclcpp: 16.0.14 (/opt/ros/humble/share/rclcpp/cmake)
-- Found rosidl_generator_c: 3.1.7 (/opt/ros/humble/share/rosidl_generator_c/cmake)
-- Found rosidl_adapter: 3.1.7 (/opt/ros/humble/share/rosidl_adapter/cmake)
-- Found rosidl_generator_cpp: 3.1.7 (/opt/ros/humble/share/rosidl_generator_cpp/cmake)
-- Using all available rosidl_typesupport_c: rosidl_typesupport_fastrtps_c;rosidl_typesupport_introspection_c
-- Using all available rosidl_typesupport_cpp: rosidl_typesupport_fastrtps_cpp;rosidl_typesupport_introspection_cpp
-- Found rmw_implementation_cmake: 6.1.2 (/opt/ros/humble/share/rmw_implementation_cmake/cmake)
-- Found rmw_fastrtps_cpp: 6.2.8 (/opt/ros/humble/share/rmw_fastrtps_cpp/cmake)
-- Found OpenSSL: /usr/lib/x86_64-linux-gnu/libcrypto.so (found version "3.0.2")  
-- Found FastRTPS: /opt/ros/humble/include  
-- Using RMW implementation 'rmw_fastrtps_cpp' as default
-- Looking for pthread.h
-- Looking for pthread.h - found
-- Performing Test CMAKE_HAVE_LIBC_PTHREAD
-- Performing Test CMAKE_HAVE_LIBC_PTHREAD - Success
-- Found Threads: TRUE  
-- Found std_srvs: 4.9.0 (/opt/ros/humble/share/std_srvs/cmake)
-- Found sensor_msgs: 4.9.0 (/opt/ros/humble/share/sensor_msgs/cmake)
-- Found diagnostic_msgs: 4.9.0 (/opt/ros/humble/share/diagnostic_msgs/cmake)
-- Found rosidl_default_generators: 1.2.0 (/opt/ros/humble/share/rosidl_default_generators/cmake)
-- Found ament_cmake_ros: 0.10.0 (/opt/ros/humble/share/ament_cmake_ros/cmake)
-- Using all available rosidl_typesupport_c: rosidl_typesupport_fastrtps_c;rosidl_typesupport_introspection_c
-- Using all available rosidl_typesupport_cpp: rosidl_typesupport_fastrtps_cpp;rosidl_typesupport_introspection_cpp
-- Found PythonInterp: /usr/bin/python3 (found suitable version "3.10.12", minimum required is "3.6") 
-- Found python_cmake_module: 0.10.0 (/opt/ros/humble/share/python_cmake_module/cmake)
-- Found PythonLibs: /usr/lib/x86_64-linux-gnu/libpython3.10.so (found suitable version "3.10.12", minimum required is "3.5") 
-- Using PYTHON_EXECUTABLE: /usr/bin/python3
-- Using PYTHON_INCLUDE_DIRS: /usr/include/python3.10
-- Using PYTHON_LIBRARIES: /usr/lib/x86_64-linux-gnu/libpython3.10.so
-- Found PythonExtra: .so  
-- Found ament_lint_auto: 0.12.14 (/opt/ros/humble/share/ament_lint_auto/cmake)
-- Added test 'copyright' to check source files copyright and LICENSE
-- Added test 'cppcheck' to perform static code analysis on C / C++ code
-- Configured cppcheck include dirs: /home/a/ws_moveit2/src/MAVLink_ros2/include;/home/a/ws_moveit2/src/MAVLink_ros2/include/mavlink/c_library_v2
-- Configured cppcheck exclude dirs and/or files: 
-- Added test 'cpplint' to check C / C++ code against the Google style
-- Configured cpplint exclude dirs and/or files: 
-- Added test 'flake8' to check Python code syntax and style conventions
-- Added test 'lint_cmake' to check CMake code style
-- Added test 'pep257' to check Python code against some of the docstring style conventions in PEP 257
-- Added test 'uncrustify' to check C / C++ code style
-- Configured uncrustify additional arguments: 
-- Added test 'xmllint' to check XML markup files
-- Configuring done
-- Generating done
-- Build files have been written to: /home/a/ws_moveit2/build/stm32_mavlink_interface
[  0%] [34m[1mGenerating C code for ROS interfaces[0m
[  1%] [34m[1mGenerating C++ code for ROS interfaces[0m
[  1%] Built target ament_cmake_python_copy_stm32_mavlink_interface
running egg_info
creating stm32_mavlink_interface.egg-info
writing stm32_mavlink_interface.egg-info/PKG-INFO
writing dependency_links to stm32_mavlink_interface.egg-info/dependency_links.txt
writing top-level names to stm32_mavlink_interface.egg-info/top_level.txt
writing manifest file 'stm32_mavlink_interface.egg-info/SOURCES.txt'
reading manifest file 'stm32_mavlink_interface.egg-info/SOURCES.txt'
writing manifest file 'stm32_mavlink_interface.egg-info/SOURCES.txt'
[  1%] Built target ament_cmake_python_build_stm32_mavlink_interface_egg
[  2%] [32mBuilding C object CMakeFiles/stm32_mavlink_interface__rosidl_generator_c.dir/rosidl_generator_c/stm32_mavlink_interface/msg/detail/robomaster_motor_config__functions.c.o[0m
[  4%] [32mBuilding C object CMakeFiles/stm32_mavlink_interface__rosidl_generator_c.dir/rosidl_generator_c/stm32_mavlink_interface/msg/detail/encoder_state__functions.c.o[0m
[  4%] [32mBuilding C object CMakeFiles/stm32_mavlink_interface__rosidl_generator_c.dir/rosidl_generator_c/stm32_mavlink_interface/msg/detail/encoder_config__functions.c.o[0m
[  4%] [32mBuilding C object CMakeFiles/stm32_mavlink_interface__rosidl_generator_c.dir/rosidl_generator_c/stm32_mavlink_interface/msg/detail/servo_state__functions.c.o[0m
[  5%] [32mBuilding C object CMakeFiles/stm32_mavlink_interface__rosidl_generator_c.dir/rosidl_generator_c/stm32_mavlink_interface/srv/detail/set_robomaster_motor_config__functions.c.o[0m
[  6%] [32mBuilding C object CMakeFiles/stm32_mavlink_interface__rosidl_generator_c.dir/rosidl_generator_c/stm32_mavlink_interface/msg/detail/servo_command__functions.c.o[0m
[  8%] [32mBuilding C object CMakeFiles/stm32_mavlink_interface__rosidl_generator_c.dir/rosidl_generator_c/stm32_mavlink_interface/msg/detail/robomaster_motor_command__functions.c.o[0m
[  8%] [32mBuilding C object CMakeFiles/stm32_mavlink_interface__rosidl_generator_c.dir/rosidl_generator_c/stm32_mavlink_interface/msg/detail/robomaster_motor_state__functions.c.o[0m
[  9%] [32mBuilding C object CMakeFiles/stm32_mavlink_interface__rosidl_generator_c.dir/rosidl_generator_c/stm32_mavlink_interface/srv/detail/set_servo_config__functions.c.o[0m
[ 10%] [32mBuilding C object CMakeFiles/stm32_mavlink_interface__rosidl_generator_c.dir/rosidl_generator_c/stm32_mavlink_interface/srv/detail/set_encoder_config__functions.c.o[0m
[ 11%] [32mBuilding C object CMakeFiles/stm32_mavlink_interface__rosidl_generator_c.dir/rosidl_generator_c/stm32_mavlink_interface/srv/detail/get_robomaster_motor_config__functions.c.o[0m
[ 12%] [32m[1mLinking C shared library libstm32_mavlink_interface__rosidl_generator_c.so[0m
[ 12%] Built target stm32_mavlink_interface__cpp
[ 13%] [34m[1mGenerating C++ introspection for ROS interfaces[0m
[ 14%] [34m[1mGenerating C++ type support dispatch for ROS interfaces[0m
[ 15%] [34m[1mGenerating C++ type support for eProsima Fast-RTPS[0m
[ 15%] Built target stm32_mavlink_interface__rosidl_generator_c
[ 16%] [34m[1mGenerating C type support for eProsima Fast-RTPS[0m
[ 17%] [34m[1mGenerating C type support dispatch for ROS interfaces[0m
[ 18%] [34m[1mGenerating C introspection for ROS interfaces[0m
[ 19%] [32mBuilding CXX object CMakeFiles/stm32_mavlink_interface__rosidl_typesupport_cpp.dir/rosidl_typesupport_cpp/stm32_mavlink_interface/msg/robomaster_motor_config__type_support.cpp.o[0m
[ 20%] [32mBuilding CXX object CMakeFiles/stm32_mavlink_interface__rosidl_typesupport_cpp.dir/rosidl_typesupport_cpp/stm32_mavlink_interface/msg/servo_command__type_support.cpp.o[0m
[ 22%] [32mBuilding CXX object CMakeFiles/stm32_mavlink_interface__rosidl_typesupport_cpp.dir/rosidl_typesupport_cpp/stm32_mavlink_interface/msg/encoder_config__type_support.cpp.o[0m
[ 22%] [32mBuilding CXX object CMakeFiles/stm32_mavlink_interface__rosidl_typesupport_cpp.dir/rosidl_typesupport_cpp/stm32_mavlink_interface/msg/encoder_state__type_support.cpp.o[0m
[ 22%] [32mBuilding CXX object CMakeFiles/stm32_mavlink_interface__rosidl_typesupport_cpp.dir/rosidl_typesupport_cpp/stm32_mavlink_interface/msg/servo_state__type_support.cpp.o[0m
[ 24%] [32mBuilding CXX object CMakeFiles/stm32_mavlink_interface__rosidl_typesupport_cpp.dir/rosidl_typesupport_cpp/stm32_mavlink_interface/srv/set_servo_config__type_support.cpp.o[0m
[ 24%] [32mBuilding CXX object CMakeFiles/stm32_mavlink_interface__rosidl_typesupport_cpp.dir/rosidl_typesupport_cpp/stm32_mavlink_interface/srv/set_robomaster_motor_config__type_support.cpp.o[0m
[ 25%] [32mBuilding CXX object CMakeFiles/stm32_mavlink_interface__rosidl_typesupport_cpp.dir/rosidl_typesupport_cpp/stm32_mavlink_interface/msg/robomaster_motor_state__type_support.cpp.o[0m
[ 25%] [32mBuilding CXX object CMakeFiles/stm32_mavlink_interface__rosidl_typesupport_cpp.dir/rosidl_typesupport_cpp/stm32_mavlink_interface/srv/get_robomaster_motor_config__type_support.cpp.o[0m
[ 26%] [32mBuilding CXX object CMakeFiles/stm32_mavlink_interface__rosidl_typesupport_cpp.dir/rosidl_typesupport_cpp/stm32_mavlink_interface/msg/robomaster_motor_command__type_support.cpp.o[0m
[ 27%] [32mBuilding CXX object CMakeFiles/stm32_mavlink_interface__rosidl_typesupport_cpp.dir/rosidl_typesupport_cpp/stm32_mavlink_interface/srv/set_encoder_config__type_support.cpp.o[0m
[ 29%] [32mBuilding CXX object CMakeFiles/stm32_mavlink_interface__rosidl_typesupport_introspection_cpp.dir/rosidl_typesupport_introspection_cpp/stm32_mavlink_interface/msg/detail/servo_state__type_support.cpp.o[0m
[ 29%] [32mBuilding CXX object CMakeFiles/stm32_mavlink_interface__rosidl_typesupport_introspection_cpp.dir/rosidl_typesupport_introspection_cpp/stm32_mavlink_interface/msg/detail/servo_command__type_support.cpp.o[0m
[ 30%] [32mBuilding CXX object CMakeFiles/stm32_mavlink_interface__rosidl_typesupport_introspection_cpp.dir/rosidl_typesupport_introspection_cpp/stm32_mavlink_interface/msg/detail/encoder_state__type_support.cpp.o[0m
[ 31%] [32mBuilding CXX object CMakeFiles/stm32_mavlink_interface__rosidl_typesupport_introspection_cpp.dir/rosidl_typesupport_introspection_cpp/stm32_mavlink_interface/msg/detail/encoder_config__type_support.cpp.o[0m
[ 32%] [32mBuilding CXX object CMakeFiles/stm32_mavlink_interface__rosidl_typesupport_introspection_cpp.dir/rosidl_typesupport_introspection_cpp/stm32_mavlink_interface/msg/detail/robomaster_motor_state__type_support.cpp.o[0m
[ 32%] [32mBuilding CXX object CMakeFiles/stm32_mavlink_interface__rosidl_typesupport_introspection_cpp.dir/rosidl_typesupport_introspection_cpp/stm32_mavlink_interface/msg/detail/robomaster_motor_command__type_support.cpp.o[0m
[ 33%] [32mBuilding CXX object CMakeFiles/stm32_mavlink_interface__rosidl_typesupport_introspection_cpp.dir/rosidl_typesupport_introspection_cpp/stm32_mavlink_interface/msg/detail/robomaster_motor_config__type_support.cpp.o[0m
[ 34%] [32mBuilding CXX object CMakeFiles/stm32_mavlink_interface__rosidl_typesupport_introspection_cpp.dir/rosidl_typesupport_introspection_cpp/stm32_mavlink_interface/srv/detail/set_servo_config__type_support.cpp.o[0m
[ 35%] [32mBuilding CXX object CMakeFiles/stm32_mavlink_interface__rosidl_typesupport_introspection_cpp.dir/rosidl_typesupport_introspection_cpp/stm32_mavlink_interface/srv/detail/set_robomaster_motor_config__type_support.cpp.o[0m
[ 37%] [32mBuilding CXX object CMakeFiles/stm32_mavlink_interface__rosidl_typesupport_introspection_cpp.dir/rosidl_typesupport_introspection_cpp/stm32_mavlink_interface/srv/detail/get_robomaster_motor_config__type_support.cpp.o[0m
[ 37%] [32mBuilding CXX object CMakeFiles/stm32_mavlink_interface__rosidl_typesupport_introspection_cpp.dir/rosidl_typesupport_introspection_cpp/stm32_mavlink_interface/srv/detail/set_encoder_config__type_support.cpp.o[0m
[ 38%] [32mBuilding CXX object CMakeFiles/stm32_mavlink_interface__rosidl_typesupport_c.dir/rosidl_typesupport_c/stm32_mavlink_interface/msg/servo_command__type_support.cpp.o[0m
[ 39%] [32mBuilding CXX object CMakeFiles/stm32_mavlink_interface__rosidl_typesupport_c.dir/rosidl_typesupport_c/stm32_mavlink_interface/msg/servo_state__type_support.cpp.o[0m
[ 40%] [32mBuilding CXX object CMakeFiles/stm32_mavlink_interface__rosidl_typesupport_c.dir/rosidl_typesupport_c/stm32_mavlink_interface/msg/encoder_state__type_support.cpp.o[0m
[ 40%] [32mBuilding CXX object CMakeFiles/stm32_mavlink_interface__rosidl_typesupport_c.dir/rosidl_typesupport_c/stm32_mavlink_interface/msg/encoder_config__type_support.cpp.o[0m
[ 41%] [32mBuilding CXX object CMakeFiles/stm32_mavlink_interface__rosidl_typesupport_c.dir/rosidl_typesupport_c/stm32_mavlink_interface/msg/robomaster_motor_state__type_support.cpp.o[0m
[ 42%] [32mBuilding CXX object CMakeFiles/stm32_mavlink_interface__rosidl_typesupport_c.dir/rosidl_typesupport_c/stm32_mavlink_interface/msg/robomaster_motor_command__type_support.cpp.o[0m
[ 43%] [32mBuilding CXX object CMakeFiles/stm32_mavlink_interface__rosidl_typesupport_c.dir/rosidl_typesupport_c/stm32_mavlink_interface/msg/robomaster_motor_config__type_support.cpp.o[0m
[ 44%] [32mBuilding CXX object CMakeFiles/stm32_mavlink_interface__rosidl_typesupport_c.dir/rosidl_typesupport_c/stm32_mavlink_interface/srv/set_servo_config__type_support.cpp.o[0m
[ 45%] [32mBuilding CXX object CMakeFiles/stm32_mavlink_interface__rosidl_typesupport_c.dir/rosidl_typesupport_c/stm32_mavlink_interface/srv/set_encoder_config__type_support.cpp.o[0m
[ 46%] [32mBuilding CXX object CMakeFiles/stm32_mavlink_interface__rosidl_typesupport_c.dir/rosidl_typesupport_c/stm32_mavlink_interface/srv/set_robomaster_motor_config__type_support.cpp.o[0m
[ 46%] [32mBuilding CXX object CMakeFiles/stm32_mavlink_interface__rosidl_typesupport_c.dir/rosidl_typesupport_c/stm32_mavlink_interface/srv/get_robomaster_motor_config__type_support.cpp.o[0m
[ 47%] [32m[1mLinking CXX shared library libstm32_mavlink_interface__rosidl_typesupport_c.so[0m
[ 48%] [32m[1mLinking CXX shared library libstm32_mavlink_interface__rosidl_typesupport_cpp.so[0m
[ 48%] Built target stm32_mavlink_interface__rosidl_typesupport_c
[ 48%] Built target stm32_mavlink_interface__rosidl_typesupport_cpp
[ 49%] [32mBuilding C object CMakeFiles/stm32_mavlink_interface__rosidl_typesupport_introspection_c.dir/rosidl_typesupport_introspection_c/stm32_mavlink_interface/msg/detail/servo_state__type_support.c.o[0m
[ 51%] [32mBuilding C object CMakeFiles/stm32_mavlink_interface__rosidl_typesupport_introspection_c.dir/rosidl_typesupport_introspection_c/stm32_mavlink_interface/msg/detail/robomaster_motor_command__type_support.c.o[0m
[ 51%] [32mBuilding C object CMakeFiles/stm32_mavlink_interface__rosidl_typesupport_introspection_c.dir/rosidl_typesupport_introspection_c/stm32_mavlink_interface/msg/detail/robomaster_motor_config__type_support.c.o[0m
[ 53%] [32mBuilding C object CMakeFiles/stm32_mavlink_interface__rosidl_typesupport_introspection_c.dir/rosidl_typesupport_introspection_c/stm32_mavlink_interface/msg/detail/encoder_state__type_support.c.o[0m
[ 54%] [32mBuilding C object CMakeFiles/stm32_mavlink_interface__rosidl_typesupport_introspection_c.dir/rosidl_typesupport_introspection_c/stm32_mavlink_interface/msg/detail/encoder_config__type_support.c.o[0m
[ 54%] [32mBuilding CXX object CMakeFiles/stm32_mavlink_interface__rosidl_typesupport_fastrtps_cpp.dir/rosidl_typesupport_fastrtps_cpp/stm32_mavlink_interface/msg/detail/dds_fastrtps/servo_command__type_support.cpp.o[0m
[ 55%] [32mBuilding C object CMakeFiles/stm32_mavlink_interface__rosidl_typesupport_introspection_c.dir/rosidl_typesupport_introspection_c/stm32_mavlink_interface/srv/detail/set_servo_config__type_support.c.o[0m
[ 56%] [32mBuilding C object CMakeFiles/stm32_mavlink_interface__rosidl_typesupport_introspection_c.dir/rosidl_typesupport_introspection_c/stm32_mavlink_interface/msg/detail/servo_command__type_support.c.o[0m
[ 57%] [32mBuilding C object CMakeFiles/stm32_mavlink_interface__rosidl_typesupport_introspection_c.dir/rosidl_typesupport_introspection_c/stm32_mavlink_interface/srv/detail/set_encoder_config__type_support.c.o[0m
[ 58%] [32mBuilding CXX object CMakeFiles/stm32_mavlink_interface__rosidl_typesupport_fastrtps_cpp.dir/rosidl_typesupport_fastrtps_cpp/stm32_mavlink_interface/msg/detail/dds_fastrtps/servo_state__type_support.cpp.o[0m
[ 58%] [32mBuilding C object CMakeFiles/stm32_mavlink_interface__rosidl_typesupport_introspection_c.dir/rosidl_typesupport_introspection_c/stm32_mavlink_interface/msg/detail/robomaster_motor_state__type_support.c.o[0m
[ 59%] [32mBuilding CXX object CMakeFiles/stm32_mavlink_interface__rosidl_typesupport_fastrtps_cpp.dir/rosidl_typesupport_fastrtps_cpp/stm32_mavlink_interface/msg/detail/dds_fastrtps/encoder_state__type_support.cpp.o[0m
[ 60%] [32mBuilding C object CMakeFiles/stm32_mavlink_interface__rosidl_typesupport_introspection_c.dir/rosidl_typesupport_introspection_c/stm32_mavlink_interface/srv/detail/set_robomaster_motor_config__type_support.c.o[0m
[ 60%] [32mBuilding CXX object CMakeFiles/mavlink_serial_node.dir/src/mavlink_serial_node.cpp.o[0m
[ 61%] [32mBuilding C object CMakeFiles/stm32_mavlink_interface__rosidl_typesupport_introspection_c.dir/rosidl_typesupport_introspection_c/stm32_mavlink_interface/srv/detail/get_robomaster_motor_config__type_support.c.o[0m
[ 64%] [32mBuilding CXX object CMakeFiles/mavlink_serial_node.dir/src/encoder_interface.cpp.o[0m
[ 64%] [32mBuilding CXX object CMakeFiles/stm32_mavlink_interface__rosidl_typesupport_fastrtps_cpp.dir/rosidl_typesupport_fastrtps_cpp/stm32_mavlink_interface/msg/detail/dds_fastrtps/robomaster_motor_command__type_support.cpp.o[0m
[ 64%] [32mBuilding CXX object CMakeFiles/mavlink_serial_node.dir/src/servo_controller.cpp.o[0m
[ 65%] [32mBuilding CXX object CMakeFiles/stm32_mavlink_interface__rosidl_typesupport_fastrtps_cpp.dir/rosidl_typesupport_fastrtps_cpp/stm32_mavlink_interface/msg/detail/dds_fastrtps/robomaster_motor_state__type_support.cpp.o[0m
[ 66%] [32mBuilding CXX object CMakeFiles/stm32_mavlink_interface__rosidl_typesupport_fastrtps_cpp.dir/rosidl_typesupport_fastrtps_cpp/stm32_mavlink_interface/srv/detail/dds_fastrtps/set_servo_config__type_support.cpp.o[0m
[ 66%] [32mBuilding CXX object CMakeFiles/stm32_mavlink_interface__rosidl_typesupport_fastrtps_cpp.dir/rosidl_typesupport_fastrtps_cpp/stm32_mavlink_interface/msg/detail/dds_fastrtps/encoder_config__type_support.cpp.o[0m
[ 67%] [32mBuilding CXX object CMakeFiles/stm32_mavlink_interface__rosidl_typesupport_fastrtps_cpp.dir/rosidl_typesupport_fastrtps_cpp/stm32_mavlink_interface/srv/detail/dds_fastrtps/set_encoder_config__type_support.cpp.o[0m
[ 68%] [32mBuilding CXX object CMakeFiles/stm32_mavlink_interface__rosidl_typesupport_fastrtps_cpp.dir/rosidl_typesupport_fastrtps_cpp/stm32_mavlink_interface/msg/detail/dds_fastrtps/robomaster_motor_config__type_support.cpp.o[0m
[ 69%] [32mBuilding CXX object CMakeFiles/stm32_mavlink_interface__rosidl_typesupport_fastrtps_cpp.dir/rosidl_typesupport_fastrtps_cpp/stm32_mavlink_interface/srv/detail/dds_fastrtps/set_robomaster_motor_config__type_support.cpp.o[0m
[ 70%] [32mBuilding CXX object CMakeFiles/stm32_mavlink_interface__rosidl_typesupport_fastrtps_cpp.dir/rosidl_typesupport_fastrtps_cpp/stm32_mavlink_interface/srv/detail/dds_fastrtps/get_robomaster_motor_config__type_support.cpp.o[0m
[ 71%] [32mBuilding CXX object CMakeFiles/mavlink_serial_node.dir/src/robomaster_controller.cpp.o[0m
[ 72%] [32m[1mLinking C shared library libstm32_mavlink_interface__rosidl_typesupport_introspection_c.so[0m
[ 72%] Built target stm32_mavlink_interface__rosidl_typesupport_introspection_c
[ 74%] [32mBuilding CXX object CMakeFiles/stm32_mavlink_interface__rosidl_typesupport_fastrtps_c.dir/rosidl_typesupport_fastrtps_c/stm32_mavlink_interface/msg/detail/encoder_config__type_support_c.cpp.o[0m
[ 74%] [32mBuilding CXX object CMakeFiles/stm32_mavlink_interface__rosidl_typesupport_fastrtps_c.dir/rosidl_typesupport_fastrtps_c/stm32_mavlink_interface/msg/detail/servo_state__type_support_c.cpp.o[0m
[ 75%] [32mBuilding CXX object CMakeFiles/stm32_mavlink_interface__rosidl_typesupport_fastrtps_c.dir/rosidl_typesupport_fastrtps_c/stm32_mavlink_interface/msg/detail/servo_command__type_support_c.cpp.o[0m
[ 75%] [32mBuilding CXX object CMakeFiles/stm32_mavlink_interface__rosidl_typesupport_fastrtps_c.dir/rosidl_typesupport_fastrtps_c/stm32_mavlink_interface/msg/detail/robomaster_motor_command__type_support_c.cpp.o[0m
[ 76%] [32mBuilding CXX object CMakeFiles/stm32_mavlink_interface__rosidl_typesupport_fastrtps_c.dir/rosidl_typesupport_fastrtps_c/stm32_mavlink_interface/msg/detail/encoder_state__type_support_c.cpp.o[0m
[ 77%] [32mBuilding CXX object CMakeFiles/stm32_mavlink_interface__rosidl_typesupport_fastrtps_c.dir/rosidl_typesupport_fastrtps_c/stm32_mavlink_interface/msg/detail/robomaster_motor_state__type_support_c.cpp.o[0m
[ 78%] [32mBuilding CXX object CMakeFiles/stm32_mavlink_interface__rosidl_typesupport_fastrtps_c.dir/rosidl_typesupport_fastrtps_c/stm32_mavlink_interface/msg/detail/robomaster_motor_config__type_support_c.cpp.o[0m
[ 79%] [32m[1mLinking CXX shared library libstm32_mavlink_interface__rosidl_typesupport_introspection_cpp.so[0m
[ 80%] [32mBuilding CXX object CMakeFiles/stm32_mavlink_interface__rosidl_typesupport_fastrtps_c.dir/rosidl_typesupport_fastrtps_c/stm32_mavlink_interface/srv/detail/set_servo_config__type_support_c.cpp.o[0m
[ 82%] [32mBuilding CXX object CMakeFiles/stm32_mavlink_interface__rosidl_typesupport_fastrtps_c.dir/rosidl_typesupport_fastrtps_c/stm32_mavlink_interface/srv/detail/set_encoder_config__type_support_c.cpp.o[0m
[ 82%] [32mBuilding CXX object CMakeFiles/stm32_mavlink_interface__rosidl_typesupport_fastrtps_c.dir/rosidl_typesupport_fastrtps_c/stm32_mavlink_interface/srv/detail/set_robomaster_motor_config__type_support_c.cpp.o[0m
[ 83%] [32mBuilding CXX object CMakeFiles/stm32_mavlink_interface__rosidl_typesupport_fastrtps_c.dir/rosidl_typesupport_fastrtps_c/stm32_mavlink_interface/srv/detail/get_robomaster_motor_config__type_support_c.cpp.o[0m
[ 83%] Built target stm32_mavlink_interface__rosidl_typesupport_introspection_cpp
[ 83%] [32m[1mLinking CXX shared library libstm32_mavlink_interface__rosidl_typesupport_fastrtps_cpp.so[0m
[ 83%] [32m[1mLinking CXX shared library libstm32_mavlink_interface__rosidl_typesupport_fastrtps_c.so[0m
[ 83%] Built target stm32_mavlink_interface__rosidl_typesupport_fastrtps_cpp
[ 83%] Built target stm32_mavlink_interface__rosidl_typesupport_fastrtps_c
