[0.011s] Invoking command in '/home/a/ws_moveit2/build/stm32_mavlink_interface': CMAKE_PREFIX_PATH=${CMAKE_PREFIX_PATH}:/home/a/ws_moveit2/install/moveit_configs_utils:/home/a/ws_moveit2/install/ros_tcp_endpoint:/home/a/ws_moveit2/install/realsense2_ros_mqtt_bridge:/home/a/ws_moveit2/install/launch_param_builder:/home/a/ws_moveit2/install/dynamixel_controller_gui:/home/a/ws_moveit2/install/dynamixel_controller_client:/home/a/ws_moveit2/install/d415_rgb_depth_3d:/opt/ros/humble /usr/bin/cmake /home/a/ws_moveit2/src/MAVLink_ros2 -DCMAKE_INSTALL_PREFIX=/home/a/ws_moveit2/install/stm32_mavlink_interface
[0.091s] -- The C compiler identification is GNU 11.4.0
[0.133s] -- The CXX compiler identification is GNU 11.4.0
[0.142s] -- Detecting C compiler ABI info
[0.203s] -- Detecting C compiler ABI info - done
[0.207s] -- Check for working C compiler: /usr/bin/cc - skipped
[0.208s] -- Detecting C compile features
[0.208s] -- Detecting C compile features - done
[0.212s] -- Detecting CXX compiler ABI info
[0.280s] -- Detecting CXX compiler ABI info - done
[0.286s] -- Check for working CXX compiler: /usr/bin/c++ - skipped
[0.286s] -- Detecting CXX compile features
[0.286s] -- Detecting CXX compile features - done
[0.292s] -- Found ament_cmake: 1.3.12 (/opt/ros/humble/share/ament_cmake/cmake)
[0.414s] -- Found Python3: /usr/bin/python3 (found version "3.10.12") found components: Interpreter 
[0.525s] -- Found rclcpp: 16.0.14 (/opt/ros/humble/share/rclcpp/cmake)
[0.586s] -- Found rosidl_generator_c: 3.1.7 (/opt/ros/humble/share/rosidl_generator_c/cmake)
[0.595s] -- Found rosidl_adapter: 3.1.7 (/opt/ros/humble/share/rosidl_adapter/cmake)
[0.607s] -- Found rosidl_generator_cpp: 3.1.7 (/opt/ros/humble/share/rosidl_generator_cpp/cmake)
[0.623s] -- Using all available rosidl_typesupport_c: rosidl_typesupport_fastrtps_c;rosidl_typesupport_introspection_c
[0.645s] -- Using all available rosidl_typesupport_cpp: rosidl_typesupport_fastrtps_cpp;rosidl_typesupport_introspection_cpp
[0.705s] -- Found rmw_implementation_cmake: 6.1.2 (/opt/ros/humble/share/rmw_implementation_cmake/cmake)
[0.712s] -- Found rmw_fastrtps_cpp: 6.2.8 (/opt/ros/humble/share/rmw_fastrtps_cpp/cmake)
[0.831s] -- Found OpenSSL: /usr/lib/x86_64-linux-gnu/libcrypto.so (found version "3.0.2")  
[0.852s] -- Found FastRTPS: /opt/ros/humble/include  
[0.889s] -- Using RMW implementation 'rmw_fastrtps_cpp' as default
[0.907s] -- Looking for pthread.h
[0.968s] -- Looking for pthread.h - found
[0.969s] -- Performing Test CMAKE_HAVE_LIBC_PTHREAD
[1.034s] -- Performing Test CMAKE_HAVE_LIBC_PTHREAD - Success
[1.035s] -- Found Threads: TRUE  
[1.084s] -- Found std_srvs: 4.9.0 (/opt/ros/humble/share/std_srvs/cmake)
[1.095s] -- Found sensor_msgs: 4.9.0 (/opt/ros/humble/share/sensor_msgs/cmake)
[1.124s] -- Found diagnostic_msgs: 4.9.0 (/opt/ros/humble/share/diagnostic_msgs/cmake)
[1.138s] -- Found rosidl_default_generators: 1.2.0 (/opt/ros/humble/share/rosidl_default_generators/cmake)
[1.416s] -- Found ament_cmake_ros: 0.10.0 (/opt/ros/humble/share/ament_cmake_ros/cmake)
[1.746s] -- Using all available rosidl_typesupport_c: rosidl_typesupport_fastrtps_c;rosidl_typesupport_introspection_c
[1.873s] -- Using all available rosidl_typesupport_cpp: rosidl_typesupport_fastrtps_cpp;rosidl_typesupport_introspection_cpp
[1.889s] -- Found PythonInterp: /usr/bin/python3 (found suitable version "3.10.12", minimum required is "3.6") 
[1.893s] -- Found python_cmake_module: 0.10.0 (/opt/ros/humble/share/python_cmake_module/cmake)
[1.917s] -- Found PythonLibs: /usr/lib/x86_64-linux-gnu/libpython3.10.so (found suitable version "3.10.12", minimum required is "3.5") 
[1.917s] -- Using PYTHON_EXECUTABLE: /usr/bin/python3
[1.917s] -- Using PYTHON_INCLUDE_DIRS: /usr/include/python3.10
[1.917s] -- Using PYTHON_LIBRARIES: /usr/lib/x86_64-linux-gnu/libpython3.10.so
[1.934s] -- Found PythonExtra: .so  
[2.036s] -- Found ament_lint_auto: 0.12.14 (/opt/ros/humble/share/ament_lint_auto/cmake)
[2.079s] -- Added test 'copyright' to check source files copyright and LICENSE
[2.082s] -- Added test 'cppcheck' to perform static code analysis on C / C++ code
[2.083s] -- Configured cppcheck include dirs: /home/a/ws_moveit2/src/MAVLink_ros2/include;/home/a/ws_moveit2/src/MAVLink_ros2/include/mavlink/c_library_v2
[2.083s] -- Configured cppcheck exclude dirs and/or files: 
[2.085s] -- Added test 'cpplint' to check C / C++ code against the Google style
[2.086s] -- Configured cpplint exclude dirs and/or files: 
[2.087s] -- Added test 'flake8' to check Python code syntax and style conventions
[2.088s] -- Added test 'lint_cmake' to check CMake code style
[2.089s] -- Added test 'pep257' to check Python code against some of the docstring style conventions in PEP 257
[2.092s] -- Added test 'uncrustify' to check C / C++ code style
[2.092s] -- Configured uncrustify additional arguments: 
[2.093s] -- Added test 'xmllint' to check XML markup files
[2.096s] -- Configuring done
[2.129s] -- Generating done
[2.138s] -- Build files have been written to: /home/a/ws_moveit2/build/stm32_mavlink_interface
[2.145s] Invoked command in '/home/a/ws_moveit2/build/stm32_mavlink_interface' returned '0': CMAKE_PREFIX_PATH=${CMAKE_PREFIX_PATH}:/home/a/ws_moveit2/install/moveit_configs_utils:/home/a/ws_moveit2/install/ros_tcp_endpoint:/home/a/ws_moveit2/install/realsense2_ros_mqtt_bridge:/home/a/ws_moveit2/install/launch_param_builder:/home/a/ws_moveit2/install/dynamixel_controller_gui:/home/a/ws_moveit2/install/dynamixel_controller_client:/home/a/ws_moveit2/install/d415_rgb_depth_3d:/opt/ros/humble /usr/bin/cmake /home/a/ws_moveit2/src/MAVLink_ros2 -DCMAKE_INSTALL_PREFIX=/home/a/ws_moveit2/install/stm32_mavlink_interface
[2.147s] Invoking command in '/home/a/ws_moveit2/build/stm32_mavlink_interface': CMAKE_PREFIX_PATH=${CMAKE_PREFIX_PATH}:/home/a/ws_moveit2/install/moveit_configs_utils:/home/a/ws_moveit2/install/ros_tcp_endpoint:/home/a/ws_moveit2/install/realsense2_ros_mqtt_bridge:/home/a/ws_moveit2/install/launch_param_builder:/home/a/ws_moveit2/install/dynamixel_controller_gui:/home/a/ws_moveit2/install/dynamixel_controller_client:/home/a/ws_moveit2/install/d415_rgb_depth_3d:/opt/ros/humble /usr/bin/cmake --build /home/a/ws_moveit2/build/stm32_mavlink_interface -- -j22 -l22
[2.196s] [  0%] [34m[1mGenerating C code for ROS interfaces[0m
[2.209s] [  1%] [34m[1mGenerating C++ code for ROS interfaces[0m
[2.213s] [  1%] Built target ament_cmake_python_copy_stm32_mavlink_interface
[2.375s] running egg_info
[2.376s] creating stm32_mavlink_interface.egg-info
[2.376s] writing stm32_mavlink_interface.egg-info/PKG-INFO
[2.376s] writing dependency_links to stm32_mavlink_interface.egg-info/dependency_links.txt
[2.376s] writing top-level names to stm32_mavlink_interface.egg-info/top_level.txt
[2.376s] writing manifest file 'stm32_mavlink_interface.egg-info/SOURCES.txt'
[2.377s] reading manifest file 'stm32_mavlink_interface.egg-info/SOURCES.txt'
[2.378s] writing manifest file 'stm32_mavlink_interface.egg-info/SOURCES.txt'
[2.398s] [  1%] Built target ament_cmake_python_build_stm32_mavlink_interface_egg
[3.303s] [  2%] [32mBuilding C object CMakeFiles/stm32_mavlink_interface__rosidl_generator_c.dir/rosidl_generator_c/stm32_mavlink_interface/msg/detail/robomaster_motor_config__functions.c.o[0m
[3.303s] [  4%] [32mBuilding C object CMakeFiles/stm32_mavlink_interface__rosidl_generator_c.dir/rosidl_generator_c/stm32_mavlink_interface/msg/detail/encoder_state__functions.c.o[0m
[3.303s] [  4%] [32mBuilding C object CMakeFiles/stm32_mavlink_interface__rosidl_generator_c.dir/rosidl_generator_c/stm32_mavlink_interface/msg/detail/encoder_config__functions.c.o[0m
[3.303s] [  4%] [32mBuilding C object CMakeFiles/stm32_mavlink_interface__rosidl_generator_c.dir/rosidl_generator_c/stm32_mavlink_interface/msg/detail/servo_state__functions.c.o[0m
[3.304s] [  5%] [32mBuilding C object CMakeFiles/stm32_mavlink_interface__rosidl_generator_c.dir/rosidl_generator_c/stm32_mavlink_interface/srv/detail/set_robomaster_motor_config__functions.c.o[0m
[3.304s] [  6%] [32mBuilding C object CMakeFiles/stm32_mavlink_interface__rosidl_generator_c.dir/rosidl_generator_c/stm32_mavlink_interface/msg/detail/servo_command__functions.c.o[0m
[3.306s] [  8%] [32mBuilding C object CMakeFiles/stm32_mavlink_interface__rosidl_generator_c.dir/rosidl_generator_c/stm32_mavlink_interface/msg/detail/robomaster_motor_command__functions.c.o[0m
[3.306s] [  8%] [32mBuilding C object CMakeFiles/stm32_mavlink_interface__rosidl_generator_c.dir/rosidl_generator_c/stm32_mavlink_interface/msg/detail/robomaster_motor_state__functions.c.o[0m
[3.306s] [  9%] [32mBuilding C object CMakeFiles/stm32_mavlink_interface__rosidl_generator_c.dir/rosidl_generator_c/stm32_mavlink_interface/srv/detail/set_servo_config__functions.c.o[0m
[3.307s] [ 10%] [32mBuilding C object CMakeFiles/stm32_mavlink_interface__rosidl_generator_c.dir/rosidl_generator_c/stm32_mavlink_interface/srv/detail/set_encoder_config__functions.c.o[0m
[3.308s] [ 11%] [32mBuilding C object CMakeFiles/stm32_mavlink_interface__rosidl_generator_c.dir/rosidl_generator_c/stm32_mavlink_interface/srv/detail/get_robomaster_motor_config__functions.c.o[0m
[3.377s] [ 12%] [32m[1mLinking C shared library libstm32_mavlink_interface__rosidl_generator_c.so[0m
[3.379s] [ 12%] Built target stm32_mavlink_interface__cpp
[3.390s] [ 13%] [34m[1mGenerating C++ introspection for ROS interfaces[0m
[3.393s] [ 14%] [34m[1mGenerating C++ type support dispatch for ROS interfaces[0m
[3.393s] [ 15%] [34m[1mGenerating C++ type support for eProsima Fast-RTPS[0m
[3.415s] [ 15%] Built target stm32_mavlink_interface__rosidl_generator_c
[3.428s] [ 16%] [34m[1mGenerating C type support for eProsima Fast-RTPS[0m
[3.430s] [ 17%] [34m[1mGenerating C type support dispatch for ROS interfaces[0m
[3.430s] [ 18%] [34m[1mGenerating C introspection for ROS interfaces[0m
[4.344s] [ 19%] [32mBuilding CXX object CMakeFiles/stm32_mavlink_interface__rosidl_typesupport_cpp.dir/rosidl_typesupport_cpp/stm32_mavlink_interface/msg/robomaster_motor_config__type_support.cpp.o[0m
[4.344s] [ 20%] [32mBuilding CXX object CMakeFiles/stm32_mavlink_interface__rosidl_typesupport_cpp.dir/rosidl_typesupport_cpp/stm32_mavlink_interface/msg/servo_command__type_support.cpp.o[0m
[4.346s] [ 22%] [32mBuilding CXX object CMakeFiles/stm32_mavlink_interface__rosidl_typesupport_cpp.dir/rosidl_typesupport_cpp/stm32_mavlink_interface/msg/encoder_config__type_support.cpp.o[0m
[4.346s] [ 22%] [32mBuilding CXX object CMakeFiles/stm32_mavlink_interface__rosidl_typesupport_cpp.dir/rosidl_typesupport_cpp/stm32_mavlink_interface/msg/encoder_state__type_support.cpp.o[0m
[4.346s] [ 22%] [32mBuilding CXX object CMakeFiles/stm32_mavlink_interface__rosidl_typesupport_cpp.dir/rosidl_typesupport_cpp/stm32_mavlink_interface/msg/servo_state__type_support.cpp.o[0m
[4.346s] [ 24%] [32mBuilding CXX object CMakeFiles/stm32_mavlink_interface__rosidl_typesupport_cpp.dir/rosidl_typesupport_cpp/stm32_mavlink_interface/srv/set_servo_config__type_support.cpp.o[0m
[4.346s] [ 24%] [32mBuilding CXX object CMakeFiles/stm32_mavlink_interface__rosidl_typesupport_cpp.dir/rosidl_typesupport_cpp/stm32_mavlink_interface/srv/set_robomaster_motor_config__type_support.cpp.o[0m
[4.348s] [ 25%] [32mBuilding CXX object CMakeFiles/stm32_mavlink_interface__rosidl_typesupport_cpp.dir/rosidl_typesupport_cpp/stm32_mavlink_interface/msg/robomaster_motor_state__type_support.cpp.o[0m
[4.348s] [ 25%] [32mBuilding CXX object CMakeFiles/stm32_mavlink_interface__rosidl_typesupport_cpp.dir/rosidl_typesupport_cpp/stm32_mavlink_interface/srv/get_robomaster_motor_config__type_support.cpp.o[0m
[4.348s] [ 26%] [32mBuilding CXX object CMakeFiles/stm32_mavlink_interface__rosidl_typesupport_cpp.dir/rosidl_typesupport_cpp/stm32_mavlink_interface/msg/robomaster_motor_command__type_support.cpp.o[0m
[4.348s] [ 27%] [32mBuilding CXX object CMakeFiles/stm32_mavlink_interface__rosidl_typesupport_cpp.dir/rosidl_typesupport_cpp/stm32_mavlink_interface/srv/set_encoder_config__type_support.cpp.o[0m
[4.430s] [ 29%] [32mBuilding CXX object CMakeFiles/stm32_mavlink_interface__rosidl_typesupport_introspection_cpp.dir/rosidl_typesupport_introspection_cpp/stm32_mavlink_interface/msg/detail/servo_state__type_support.cpp.o[0m
[4.430s] [ 29%] [32mBuilding CXX object CMakeFiles/stm32_mavlink_interface__rosidl_typesupport_introspection_cpp.dir/rosidl_typesupport_introspection_cpp/stm32_mavlink_interface/msg/detail/servo_command__type_support.cpp.o[0m
[4.430s] [ 30%] [32mBuilding CXX object CMakeFiles/stm32_mavlink_interface__rosidl_typesupport_introspection_cpp.dir/rosidl_typesupport_introspection_cpp/stm32_mavlink_interface/msg/detail/encoder_state__type_support.cpp.o[0m
[4.430s] [ 31%] [32mBuilding CXX object CMakeFiles/stm32_mavlink_interface__rosidl_typesupport_introspection_cpp.dir/rosidl_typesupport_introspection_cpp/stm32_mavlink_interface/msg/detail/encoder_config__type_support.cpp.o[0m
[4.430s] [ 32%] [32mBuilding CXX object CMakeFiles/stm32_mavlink_interface__rosidl_typesupport_introspection_cpp.dir/rosidl_typesupport_introspection_cpp/stm32_mavlink_interface/msg/detail/robomaster_motor_state__type_support.cpp.o[0m
[4.431s] [ 32%] [32mBuilding CXX object CMakeFiles/stm32_mavlink_interface__rosidl_typesupport_introspection_cpp.dir/rosidl_typesupport_introspection_cpp/stm32_mavlink_interface/msg/detail/robomaster_motor_command__type_support.cpp.o[0m
[4.433s] [ 33%] [32mBuilding CXX object CMakeFiles/stm32_mavlink_interface__rosidl_typesupport_introspection_cpp.dir/rosidl_typesupport_introspection_cpp/stm32_mavlink_interface/msg/detail/robomaster_motor_config__type_support.cpp.o[0m
[4.655s] [ 34%] [32mBuilding CXX object CMakeFiles/stm32_mavlink_interface__rosidl_typesupport_introspection_cpp.dir/rosidl_typesupport_introspection_cpp/stm32_mavlink_interface/srv/detail/set_servo_config__type_support.cpp.o[0m
[4.673s] [ 35%] [32mBuilding CXX object CMakeFiles/stm32_mavlink_interface__rosidl_typesupport_introspection_cpp.dir/rosidl_typesupport_introspection_cpp/stm32_mavlink_interface/srv/detail/set_robomaster_motor_config__type_support.cpp.o[0m
[4.683s] [ 37%] [32mBuilding CXX object CMakeFiles/stm32_mavlink_interface__rosidl_typesupport_introspection_cpp.dir/rosidl_typesupport_introspection_cpp/stm32_mavlink_interface/srv/detail/get_robomaster_motor_config__type_support.cpp.o[0m
[4.683s] [ 37%] [32mBuilding CXX object CMakeFiles/stm32_mavlink_interface__rosidl_typesupport_introspection_cpp.dir/rosidl_typesupport_introspection_cpp/stm32_mavlink_interface/srv/detail/set_encoder_config__type_support.cpp.o[0m
[4.691s] [ 38%] [32mBuilding CXX object CMakeFiles/stm32_mavlink_interface__rosidl_typesupport_c.dir/rosidl_typesupport_c/stm32_mavlink_interface/msg/servo_command__type_support.cpp.o[0m
[4.699s] [ 39%] [32mBuilding CXX object CMakeFiles/stm32_mavlink_interface__rosidl_typesupport_c.dir/rosidl_typesupport_c/stm32_mavlink_interface/msg/servo_state__type_support.cpp.o[0m
[4.701s] [ 40%] [32mBuilding CXX object CMakeFiles/stm32_mavlink_interface__rosidl_typesupport_c.dir/rosidl_typesupport_c/stm32_mavlink_interface/msg/encoder_state__type_support.cpp.o[0m
[4.702s] [ 40%] [32mBuilding CXX object CMakeFiles/stm32_mavlink_interface__rosidl_typesupport_c.dir/rosidl_typesupport_c/stm32_mavlink_interface/msg/encoder_config__type_support.cpp.o[0m
[4.706s] [ 41%] [32mBuilding CXX object CMakeFiles/stm32_mavlink_interface__rosidl_typesupport_c.dir/rosidl_typesupport_c/stm32_mavlink_interface/msg/robomaster_motor_state__type_support.cpp.o[0m
[4.707s] [ 42%] [32mBuilding CXX object CMakeFiles/stm32_mavlink_interface__rosidl_typesupport_c.dir/rosidl_typesupport_c/stm32_mavlink_interface/msg/robomaster_motor_command__type_support.cpp.o[0m
[4.732s] [ 43%] [32mBuilding CXX object CMakeFiles/stm32_mavlink_interface__rosidl_typesupport_c.dir/rosidl_typesupport_c/stm32_mavlink_interface/msg/robomaster_motor_config__type_support.cpp.o[0m
[4.735s] [ 44%] [32mBuilding CXX object CMakeFiles/stm32_mavlink_interface__rosidl_typesupport_c.dir/rosidl_typesupport_c/stm32_mavlink_interface/srv/set_servo_config__type_support.cpp.o[0m
[4.757s] [ 45%] [32mBuilding CXX object CMakeFiles/stm32_mavlink_interface__rosidl_typesupport_c.dir/rosidl_typesupport_c/stm32_mavlink_interface/srv/set_encoder_config__type_support.cpp.o[0m
[4.757s] [ 46%] [32mBuilding CXX object CMakeFiles/stm32_mavlink_interface__rosidl_typesupport_c.dir/rosidl_typesupport_c/stm32_mavlink_interface/srv/set_robomaster_motor_config__type_support.cpp.o[0m
[4.768s] [ 46%] [32mBuilding CXX object CMakeFiles/stm32_mavlink_interface__rosidl_typesupport_c.dir/rosidl_typesupport_c/stm32_mavlink_interface/srv/get_robomaster_motor_config__type_support.cpp.o[0m
[4.812s] [ 47%] [32m[1mLinking CXX shared library libstm32_mavlink_interface__rosidl_typesupport_c.so[0m
[4.833s] [ 48%] [32m[1mLinking CXX shared library libstm32_mavlink_interface__rosidl_typesupport_cpp.so[0m
[4.875s] [ 48%] Built target stm32_mavlink_interface__rosidl_typesupport_c
[4.877s] [ 48%] Built target stm32_mavlink_interface__rosidl_typesupport_cpp
[4.884s] [ 49%] [32mBuilding C object CMakeFiles/stm32_mavlink_interface__rosidl_typesupport_introspection_c.dir/rosidl_typesupport_introspection_c/stm32_mavlink_interface/msg/detail/servo_state__type_support.c.o[0m
[4.886s] [ 51%] [32mBuilding C object CMakeFiles/stm32_mavlink_interface__rosidl_typesupport_introspection_c.dir/rosidl_typesupport_introspection_c/stm32_mavlink_interface/msg/detail/robomaster_motor_command__type_support.c.o[0m
[4.886s] [ 51%] [32mBuilding C object CMakeFiles/stm32_mavlink_interface__rosidl_typesupport_introspection_c.dir/rosidl_typesupport_introspection_c/stm32_mavlink_interface/msg/detail/robomaster_motor_config__type_support.c.o[0m
[4.886s] [ 53%] [32mBuilding C object CMakeFiles/stm32_mavlink_interface__rosidl_typesupport_introspection_c.dir/rosidl_typesupport_introspection_c/stm32_mavlink_interface/msg/detail/encoder_state__type_support.c.o[0m
[4.886s] [ 54%] [32mBuilding C object CMakeFiles/stm32_mavlink_interface__rosidl_typesupport_introspection_c.dir/rosidl_typesupport_introspection_c/stm32_mavlink_interface/msg/detail/encoder_config__type_support.c.o[0m
[4.886s] [ 54%] [32mBuilding CXX object CMakeFiles/stm32_mavlink_interface__rosidl_typesupport_fastrtps_cpp.dir/rosidl_typesupport_fastrtps_cpp/stm32_mavlink_interface/msg/detail/dds_fastrtps/servo_command__type_support.cpp.o[0m
[4.886s] [ 55%] [32mBuilding C object CMakeFiles/stm32_mavlink_interface__rosidl_typesupport_introspection_c.dir/rosidl_typesupport_introspection_c/stm32_mavlink_interface/srv/detail/set_servo_config__type_support.c.o[0m
[4.888s] [ 56%] [32mBuilding C object CMakeFiles/stm32_mavlink_interface__rosidl_typesupport_introspection_c.dir/rosidl_typesupport_introspection_c/stm32_mavlink_interface/msg/detail/servo_command__type_support.c.o[0m
[4.891s] [ 57%] [32mBuilding C object CMakeFiles/stm32_mavlink_interface__rosidl_typesupport_introspection_c.dir/rosidl_typesupport_introspection_c/stm32_mavlink_interface/srv/detail/set_encoder_config__type_support.c.o[0m
[4.891s] [ 58%] [32mBuilding CXX object CMakeFiles/stm32_mavlink_interface__rosidl_typesupport_fastrtps_cpp.dir/rosidl_typesupport_fastrtps_cpp/stm32_mavlink_interface/msg/detail/dds_fastrtps/servo_state__type_support.cpp.o[0m
[4.893s] [ 58%] [32mBuilding C object CMakeFiles/stm32_mavlink_interface__rosidl_typesupport_introspection_c.dir/rosidl_typesupport_introspection_c/stm32_mavlink_interface/msg/detail/robomaster_motor_state__type_support.c.o[0m
[4.899s] [ 59%] [32mBuilding CXX object CMakeFiles/stm32_mavlink_interface__rosidl_typesupport_fastrtps_cpp.dir/rosidl_typesupport_fastrtps_cpp/stm32_mavlink_interface/msg/detail/dds_fastrtps/encoder_state__type_support.cpp.o[0m
[4.912s] [ 60%] [32mBuilding C object CMakeFiles/stm32_mavlink_interface__rosidl_typesupport_introspection_c.dir/rosidl_typesupport_introspection_c/stm32_mavlink_interface/srv/detail/set_robomaster_motor_config__type_support.c.o[0m
[4.924s] [ 60%] [32mBuilding CXX object CMakeFiles/mavlink_serial_node.dir/src/mavlink_serial_node.cpp.o[0m
[4.933s] [ 61%] [32mBuilding C object CMakeFiles/stm32_mavlink_interface__rosidl_typesupport_introspection_c.dir/rosidl_typesupport_introspection_c/stm32_mavlink_interface/srv/detail/get_robomaster_motor_config__type_support.c.o[0m
[4.938s] [ 64%] [32mBuilding CXX object CMakeFiles/mavlink_serial_node.dir/src/encoder_interface.cpp.o[0m
[4.938s] [ 64%] [32mBuilding CXX object CMakeFiles/stm32_mavlink_interface__rosidl_typesupport_fastrtps_cpp.dir/rosidl_typesupport_fastrtps_cpp/stm32_mavlink_interface/msg/detail/dds_fastrtps/robomaster_motor_command__type_support.cpp.o[0m
[4.938s] [ 64%] [32mBuilding CXX object CMakeFiles/mavlink_serial_node.dir/src/servo_controller.cpp.o[0m
[4.938s] [ 65%] [32mBuilding CXX object CMakeFiles/stm32_mavlink_interface__rosidl_typesupport_fastrtps_cpp.dir/rosidl_typesupport_fastrtps_cpp/stm32_mavlink_interface/msg/detail/dds_fastrtps/robomaster_motor_state__type_support.cpp.o[0m
[4.946s] [ 66%] [32mBuilding CXX object CMakeFiles/stm32_mavlink_interface__rosidl_typesupport_fastrtps_cpp.dir/rosidl_typesupport_fastrtps_cpp/stm32_mavlink_interface/srv/detail/dds_fastrtps/set_servo_config__type_support.cpp.o[0m
[4.946s] [ 66%] [32mBuilding CXX object CMakeFiles/stm32_mavlink_interface__rosidl_typesupport_fastrtps_cpp.dir/rosidl_typesupport_fastrtps_cpp/stm32_mavlink_interface/msg/detail/dds_fastrtps/encoder_config__type_support.cpp.o[0m
[4.946s] [ 67%] [32mBuilding CXX object CMakeFiles/stm32_mavlink_interface__rosidl_typesupport_fastrtps_cpp.dir/rosidl_typesupport_fastrtps_cpp/stm32_mavlink_interface/srv/detail/dds_fastrtps/set_encoder_config__type_support.cpp.o[0m
[4.950s] [ 68%] [32mBuilding CXX object CMakeFiles/stm32_mavlink_interface__rosidl_typesupport_fastrtps_cpp.dir/rosidl_typesupport_fastrtps_cpp/stm32_mavlink_interface/msg/detail/dds_fastrtps/robomaster_motor_config__type_support.cpp.o[0m
[4.951s] [ 69%] [32mBuilding CXX object CMakeFiles/stm32_mavlink_interface__rosidl_typesupport_fastrtps_cpp.dir/rosidl_typesupport_fastrtps_cpp/stm32_mavlink_interface/srv/detail/dds_fastrtps/set_robomaster_motor_config__type_support.cpp.o[0m
[4.952s] [ 70%] [32mBuilding CXX object CMakeFiles/stm32_mavlink_interface__rosidl_typesupport_fastrtps_cpp.dir/rosidl_typesupport_fastrtps_cpp/stm32_mavlink_interface/srv/detail/dds_fastrtps/get_robomaster_motor_config__type_support.cpp.o[0m
[4.965s] [ 71%] [32mBuilding CXX object CMakeFiles/mavlink_serial_node.dir/src/robomaster_controller.cpp.o[0m
[4.996s] [ 72%] [32m[1mLinking C shared library libstm32_mavlink_interface__rosidl_typesupport_introspection_c.so[0m
[5.050s] [ 72%] Built target stm32_mavlink_interface__rosidl_typesupport_introspection_c
[5.122s] [ 74%] [32mBuilding CXX object CMakeFiles/stm32_mavlink_interface__rosidl_typesupport_fastrtps_c.dir/rosidl_typesupport_fastrtps_c/stm32_mavlink_interface/msg/detail/encoder_config__type_support_c.cpp.o[0m
[5.122s] [ 74%] [32mBuilding CXX object CMakeFiles/stm32_mavlink_interface__rosidl_typesupport_fastrtps_c.dir/rosidl_typesupport_fastrtps_c/stm32_mavlink_interface/msg/detail/servo_state__type_support_c.cpp.o[0m
[5.123s] [ 75%] [32mBuilding CXX object CMakeFiles/stm32_mavlink_interface__rosidl_typesupport_fastrtps_c.dir/rosidl_typesupport_fastrtps_c/stm32_mavlink_interface/msg/detail/servo_command__type_support_c.cpp.o[0m
[5.142s] [ 75%] [32mBuilding CXX object CMakeFiles/stm32_mavlink_interface__rosidl_typesupport_fastrtps_c.dir/rosidl_typesupport_fastrtps_c/stm32_mavlink_interface/msg/detail/robomaster_motor_command__type_support_c.cpp.o[0m
[5.147s] [ 76%] [32mBuilding CXX object CMakeFiles/stm32_mavlink_interface__rosidl_typesupport_fastrtps_c.dir/rosidl_typesupport_fastrtps_c/stm32_mavlink_interface/msg/detail/encoder_state__type_support_c.cpp.o[0m
[5.164s] In file included from [01m[K/home/a/ws_moveit2/src/MAVLink_ros2/src/mavlink_serial_node.cpp:1[m[K:
[5.164s] [01m[K/home/a/ws_moveit2/src/MAVLink_ros2/include/stm32_mavlink_interface/mavlink_serial_node.hpp:14:10:[m[K [01;31m[Kfatal error: [m[Kmavlink/c_library_v2/common/mavlink.h: No such file or directory
[5.164s]    14 | #include [01;31m[K"mavlink/c_library_v2/common/mavlink.h"[m[K
[5.165s]       |          [01;31m[K^~~~~~~~~~~~~~~~~~~~~~~~~~~~~~~~~~~~~~~[m[K
[5.165s] compilation terminated.
[5.165s] gmake[2]: *** [CMakeFiles/mavlink_serial_node.dir/build.make:76: CMakeFiles/mavlink_serial_node.dir/src/mavlink_serial_node.cpp.o] Error 1
[5.165s] gmake[2]: *** Waiting for unfinished jobs....
[5.186s] [ 77%] [32mBuilding CXX object CMakeFiles/stm32_mavlink_interface__rosidl_typesupport_fastrtps_c.dir/rosidl_typesupport_fastrtps_c/stm32_mavlink_interface/msg/detail/robomaster_motor_state__type_support_c.cpp.o[0m
[5.206s] [ 78%] [32mBuilding CXX object CMakeFiles/stm32_mavlink_interface__rosidl_typesupport_fastrtps_c.dir/rosidl_typesupport_fastrtps_c/stm32_mavlink_interface/msg/detail/robomaster_motor_config__type_support_c.cpp.o[0m
[5.208s] [ 79%] [32m[1mLinking CXX shared library libstm32_mavlink_interface__rosidl_typesupport_introspection_cpp.so[0m
[5.213s] In file included from [01m[K/home/a/ws_moveit2/src/MAVLink_ros2/src/robomaster_controller.cpp:1[m[K:
[5.213s] [01m[K/home/a/ws_moveit2/src/MAVLink_ros2/include/stm32_mavlink_interface/robomaster_controller.hpp:13:10:[m[K [01;31m[Kfatal error: [m[Kmavlink/c_library_v2/common/mavlink.h: No such file or directory
[5.213s]    13 | #include [01;31m[K"mavlink/c_library_v2/common/mavlink.h"[m[K
[5.213s]       |          [01;31m[K^~~~~~~~~~~~~~~~~~~~~~~~~~~~~~~~~~~~~~~[m[K
[5.214s] compilation terminated.
[5.216s] gmake[2]: *** [CMakeFiles/mavlink_serial_node.dir/build.make:118: CMakeFiles/mavlink_serial_node.dir/src/robomaster_controller.cpp.o] Error 1
[5.233s] In file included from [01m[K/home/a/ws_moveit2/src/MAVLink_ros2/src/servo_controller.cpp:1[m[K:
[5.233s] [01m[K/home/a/ws_moveit2/src/MAVLink_ros2/include/stm32_mavlink_interface/servo_controller.hpp:10:10:[m[K [01;31m[Kfatal error: [m[Kmavlink/c_library_v2/common/mavlink.h: No such file or directory
[5.233s]    10 | #include [01;31m[K"mavlink/c_library_v2/common/mavlink.h"[m[K
[5.233s]       |          [01;31m[K^~~~~~~~~~~~~~~~~~~~~~~~~~~~~~~~~~~~~~~[m[K
[5.233s] [ 80%] [32mBuilding CXX object CMakeFiles/stm32_mavlink_interface__rosidl_typesupport_fastrtps_c.dir/rosidl_typesupport_fastrtps_c/stm32_mavlink_interface/srv/detail/set_servo_config__type_support_c.cpp.o[0m
[5.233s] compilation terminated.
[5.233s] In file included from [01m[K/home/a/ws_moveit2/src/MAVLink_ros2/src/encoder_interface.cpp:1[m[K:
[5.234s] [01m[K/home/a/ws_moveit2/src/MAVLink_ros2/include/stm32_mavlink_interface/encoder_interface.hpp:11:10:[m[K [01;31m[Kfatal error: [m[Kmavlink/c_library_v2/common/mavlink.h: No such file or directory
[5.234s]    11 | #include [01;31m[K"mavlink/c_library_v2/common/mavlink.h"[m[K
[5.234s]       |          [01;31m[K^~~~~~~~~~~~~~~~~~~~~~~~~~~~~~~~~~~~~~~[m[K
[5.234s] compilation terminated.
[5.237s] gmake[2]: *** [CMakeFiles/mavlink_serial_node.dir/build.make:90: CMakeFiles/mavlink_serial_node.dir/src/servo_controller.cpp.o] Error 1
[5.237s] gmake[2]: *** [CMakeFiles/mavlink_serial_node.dir/build.make:104: CMakeFiles/mavlink_serial_node.dir/src/encoder_interface.cpp.o] Error 1
[5.238s] gmake[1]: *** [CMakeFiles/Makefile2:593: CMakeFiles/mavlink_serial_node.dir/all] Error 2
[5.238s] gmake[1]: *** Waiting for unfinished jobs....
[5.255s] [ 82%] [32mBuilding CXX object CMakeFiles/stm32_mavlink_interface__rosidl_typesupport_fastrtps_c.dir/rosidl_typesupport_fastrtps_c/stm32_mavlink_interface/srv/detail/set_encoder_config__type_support_c.cpp.o[0m
[5.255s] [ 82%] [32mBuilding CXX object CMakeFiles/stm32_mavlink_interface__rosidl_typesupport_fastrtps_c.dir/rosidl_typesupport_fastrtps_c/stm32_mavlink_interface/srv/detail/set_robomaster_motor_config__type_support_c.cpp.o[0m
[5.346s] [ 83%] [32mBuilding CXX object CMakeFiles/stm32_mavlink_interface__rosidl_typesupport_fastrtps_c.dir/rosidl_typesupport_fastrtps_c/stm32_mavlink_interface/srv/detail/get_robomaster_motor_config__type_support_c.cpp.o[0m
[5.410s] [ 83%] Built target stm32_mavlink_interface__rosidl_typesupport_introspection_cpp
[5.611s] [ 83%] [32m[1mLinking CXX shared library libstm32_mavlink_interface__rosidl_typesupport_fastrtps_cpp.so[0m
[5.635s] [ 83%] [32m[1mLinking CXX shared library libstm32_mavlink_interface__rosidl_typesupport_fastrtps_c.so[0m
[5.673s] [ 83%] Built target stm32_mavlink_interface__rosidl_typesupport_fastrtps_cpp
[5.695s] [ 83%] Built target stm32_mavlink_interface__rosidl_typesupport_fastrtps_c
[5.696s] gmake: *** [Makefile:146: all] Error 2
[5.698s] Invoked command in '/home/a/ws_moveit2/build/stm32_mavlink_interface' returned '2': CMAKE_PREFIX_PATH=${CMAKE_PREFIX_PATH}:/home/a/ws_moveit2/install/moveit_configs_utils:/home/a/ws_moveit2/install/ros_tcp_endpoint:/home/a/ws_moveit2/install/realsense2_ros_mqtt_bridge:/home/a/ws_moveit2/install/launch_param_builder:/home/a/ws_moveit2/install/dynamixel_controller_gui:/home/a/ws_moveit2/install/dynamixel_controller_client:/home/a/ws_moveit2/install/d415_rgb_depth_3d:/opt/ros/humble /usr/bin/cmake --build /home/a/ws_moveit2/build/stm32_mavlink_interface -- -j22 -l22
