[0.000000] (-) TimerEvent: {}
[0.000205] (-) JobUnselected: {'identifier': '0525_arm_description'}
[0.000240] (-) JobUnselected: {'identifier': 'chomp_motion_planner'}
[0.000251] (-) JobUnselected: {'identifier': 'dynamixel_controller'}
[0.000259] (-) JobUnselected: {'identifier': 'dynamixel_controller_client'}
[0.000267] (-) JobUnselected: {'identifier': 'dynamixel_sdk'}
[0.000275] (-) JobUnselected: {'identifier': 'dynamixel_sdk_custom_interfaces'}
[0.000283] (-) JobUnselected: {'identifier': 'dynamixel_sdk_examples'}
[0.000290] (-) JobUnselected: {'identifier': 'field_description'}
[0.000297] (-) JobUnselected: {'identifier': 'field_description_test'}
[0.000305] (-) JobUnselected: {'identifier': 'hello_moveit'}
[0.000313] (-) JobUnselected: {'identifier': 'launch_param_builder'}
[0.000320] (-) JobUnselected: {'identifier': 'moveit'}
[0.000328] (-) JobUnselected: {'identifier': 'moveit2_tutorials'}
[0.000335] (-) JobUnselected: {'identifier': 'moveit_chomp_optimizer_adapter'}
[0.000343] (-) JobUnselected: {'identifier': 'moveit_common'}
[0.000350] (-) JobUnselected: {'identifier': 'moveit_configs_utils'}
[0.000359] (-) JobUnselected: {'identifier': 'moveit_core'}
[0.000366] (-) JobUnselected: {'identifier': 'moveit_hybrid_planning'}
[0.000374] (-) JobUnselected: {'identifier': 'moveit_kinematics'}
[0.000382] (-) JobUnselected: {'identifier': 'moveit_planners'}
[0.000389] (-) JobUnselected: {'identifier': 'moveit_planners_chomp'}
[0.000397] (-) JobUnselected: {'identifier': 'moveit_planners_ompl'}
[0.000404] (-) JobUnselected: {'identifier': 'moveit_plugins'}
[0.000412] (-) JobUnselected: {'identifier': 'moveit_resources'}
[0.000419] (-) JobUnselected: {'identifier': 'moveit_resources_fanuc_description'}
[0.000426] (-) JobUnselected: {'identifier': 'moveit_resources_fanuc_moveit_config'}
[0.000434] (-) JobUnselected: {'identifier': 'moveit_resources_panda_description'}
[0.000442] (-) JobUnselected: {'identifier': 'moveit_resources_panda_moveit_config'}
[0.000450] (-) JobUnselected: {'identifier': 'moveit_resources_pr2_description'}
[0.000457] (-) JobUnselected: {'identifier': 'moveit_resources_prbt_ikfast_manipulator_plugin'}
[0.000464] (-) JobUnselected: {'identifier': 'moveit_resources_prbt_moveit_config'}
[0.000471] (-) JobUnselected: {'identifier': 'moveit_resources_prbt_pg70_support'}
[0.000478] (-) JobUnselected: {'identifier': 'moveit_resources_prbt_support'}
[0.000486] (-) JobUnselected: {'identifier': 'moveit_ros'}
[0.000494] (-) JobUnselected: {'identifier': 'moveit_ros_benchmarks'}
[0.000502] (-) JobUnselected: {'identifier': 'moveit_ros_control_interface'}
[0.000509] (-) JobUnselected: {'identifier': 'moveit_ros_move_group'}
[0.000516] (-) JobUnselected: {'identifier': 'moveit_ros_occupancy_map_monitor'}
[0.000524] (-) JobUnselected: {'identifier': 'moveit_ros_perception'}
[0.000532] (-) JobUnselected: {'identifier': 'moveit_ros_planning'}
[0.000539] (-) JobUnselected: {'identifier': 'moveit_ros_planning_interface'}
[0.000547] (-) JobUnselected: {'identifier': 'moveit_ros_robot_interaction'}
[0.000554] (-) JobUnselected: {'identifier': 'moveit_ros_visualization'}
[0.000562] (-) JobUnselected: {'identifier': 'moveit_ros_warehouse'}
[0.000570] (-) JobUnselected: {'identifier': 'moveit_runtime'}
[0.000578] (-) JobUnselected: {'identifier': 'moveit_servo'}
[0.000585] (-) JobUnselected: {'identifier': 'moveit_setup_app_plugins'}
[0.000592] (-) JobUnselected: {'identifier': 'moveit_setup_assistant'}
[0.000600] (-) JobUnselected: {'identifier': 'moveit_setup_controllers'}
[0.000608] (-) JobUnselected: {'identifier': 'moveit_setup_core_plugins'}
[0.000615] (-) JobUnselected: {'identifier': 'moveit_setup_framework'}
[0.000622] (-) JobUnselected: {'identifier': 'moveit_setup_srdf_plugins'}
[0.000629] (-) JobUnselected: {'identifier': 'moveit_simple_controller_manager'}
[0.000637] (-) JobUnselected: {'identifier': 'moveit_task_constructor_capabilities'}
[0.000644] (-) JobUnselected: {'identifier': 'moveit_task_constructor_core'}
[0.000652] (-) JobUnselected: {'identifier': 'moveit_task_constructor_demo'}
[0.000659] (-) JobUnselected: {'identifier': 'moveit_task_constructor_msgs'}
[0.000689] (-) JobUnselected: {'identifier': 'moveit_task_constructor_visualization'}
[0.000697] (-) JobUnselected: {'identifier': 'moveit_visual_tools'}
[0.000705] (-) JobUnselected: {'identifier': 'mtc_tutorial'}
[0.000712] (-) JobUnselected: {'identifier': 'pilz_industrial_motion_planner'}
[0.000720] (-) JobUnselected: {'identifier': 'pilz_industrial_motion_planner_testutils'}
[0.000728] (-) JobUnselected: {'identifier': 'robot_config'}
[0.000735] (-) JobUnselected: {'identifier': 'rosparam_shortcuts'}
[0.000742] (-) JobUnselected: {'identifier': 'rviz_marker_tools'}
[0.000750] (-) JobUnselected: {'identifier': 'srdfdom'}
[0.000758] (-) JobUnselected: {'identifier': 'urdf_0816_description'}
[0.000959] (-) EventReactorShutdown: {}
